==RUN 0==
Bandit Runs:1 Tasks-in-Run:100
Self-Optimizer Rounds:0 Tasks-in-Round:0
Continuous Knob Rounds:Inf Tasks-in-Round:0
STOKE: Start Bat: 0.700000
ETask 1-1: Configuration:0 Energy:32.62936225596 Reward:7.952235474722466 Raw:12.047764525277534 Time:32520 TotalReward:32.62936225596
ETask 2-2: Configuration:1 Energy:40.555673408392 Reward:5.025597510747568 Raw:14.974402489252432 Time:32548 TotalReward:73.185035664352
ETask 3-3: Configuration:2 Energy:34.981044187264 Reward:7.083922146240987 Raw:12.916077853759013 Time:32542 TotalReward:108.16607985161599
ETask 4-4: Configuration:3 Energy:31.950843657379004 Reward:8.202765418813907 Raw:11.797234581186093 Time:32540 TotalReward:140.116923508995
ETask 5-5: Configuration:4 Energy:69.683297010642 Reward:-5.729217357775507 Raw:25.729217357775507 Time:32547 TotalReward:209.80022051963698
ETask 6-6: Configuration:5 Energy:36.418857619607 Reward:6.553037186606645 Raw:13.446962813393355 Time:32546 TotalReward:246.21907813924398
ETask 7-7: Configuration:6 Energy:53.823562164414 Reward:0.12668473929328883 Raw:19.87331526070671 Time:32535 TotalReward:300.042640303658
ETask 8-8: Configuration:7 Energy:59.32349557096 Reward:-1.904059903123695 Raw:21.904059903123695 Time:32542 TotalReward:359.366135874618
ETask 9-9: Configuration:8 Energy:53.074853172811004 Reward:0.40313113619286156 Raw:19.59686886380714 Time:32536 TotalReward:412.440989047429
ETask 10-10: Configuration:9 Energy:111.22991930868 Reward:-21.0695086678203 Raw:41.0695086678203 Time:32528 TotalReward:523.6709083561091
ETask 11-11: Configuration:10 Energy:81.03657121754398 Reward:-9.921195526477778 Raw:29.921195526477778 Time:32539 TotalReward:604.707479573653
ETask 12-12: Configuration:11 Energy:41.947465771961994 Reward:4.511704945737112 Raw:15.488295054262888 Time:32541 TotalReward:646.654945345615
ETask 13-13: Configuration:12 Energy:31.984257802907997 Reward:8.190427888157046 Raw:11.809572111842954 Time:32551 TotalReward:678.639203148523
ETask 14-14: Configuration:13 Energy:39.279737406868 Reward:5.4967123420795065 Raw:14.503287657920493 Time:32549 TotalReward:717.918940555391
ETask 15-15: Configuration:14 Energy:31.858850979647993 Reward:8.236731945976127 Raw:11.763268054023873 Time:32529 TotalReward:749.777791535039
ETask 16-16: Configuration:15 Energy:88.55197173043199 Reward:-12.696112638928732 Raw:32.69611263892873 Time:32557 TotalReward:838.329763265471
ETask 17-17: Configuration:16 Energy:60.70247470771199 Reward:-2.41322143053981 Raw:22.41322143053981 Time:32557 TotalReward:899.032237973183
ETask 18-18: Configuration:17 Energy:54.030976908288 Reward:0.0501008338628921 Raw:19.949899166137108 Time:32533 TotalReward:953.063214881471
ETask 19-19: Configuration:18 Energy:85.779471907584 Reward:-11.672420396646402 Raw:31.6724203966464 Time:32528 TotalReward:1038.842686789055
ETask 20-20: Configuration:19 Energy:81.50507654382 Reward:-10.094182108487388 Raw:30.094182108487388 Time:32537 TotalReward:1120.347763332875
ETask 21-21: Configuration:13 Energy:31.072276188215998 Reward:8.527159561274093 Raw:11.472840438725907 Time:32542 TotalReward:1151.420039521091
ETask 22-22: Configuration:16 Energy:82.58035544154001 Reward:-10.491208163030151 Raw:30.49120816303015 Time:32552 TotalReward:1234.000394962631
ETask 23-23: Configuration:15 Energy:39.22076740518 Reward:5.518485881164306 Raw:14.481514118835694 Time:32526 TotalReward:1273.2211623678108
ETask 24-24: Configuration:13 Energy:33.80216770661001 Reward:7.51919961602092 Raw:12.48080038397908 Time:32529 TotalReward:1307.0233300744208
ETask 25-25: Configuration:19 Energy:80.77048785851 Reward:-9.822949363142158 Raw:29.822949363142158 Time:32537 TotalReward:1387.7938179329308
ETask 26-26: Configuration:4 Energy:59.773238085749995 Reward:-2.0701186778153797 Raw:22.07011867781538 Time:32545 TotalReward:1447.567056018681
ETask 27-27: Configuration:17 Energy:95.07989975030999 Reward:-15.106424523191386 Raw:35.106424523191386 Time:32540 TotalReward:1542.646955768991
ETask 28-28: Configuration:0 Energy:48.7036792879 Reward:2.017103032159998 Raw:17.982896967840002 Time:32583 TotalReward:1591.350635056891
ETask 29-29: Configuration:6 Energy:39.787427963704 Reward:5.309257367247756 Raw:14.690742632752244 Time:32535 TotalReward:1631.138063020595
ETask 30-30: Configuration:4 Energy:32.79096123424 Reward:7.892568159665229 Raw:12.10743184033477 Time:32530 TotalReward:1663.929024254835
ETask 31-31: Configuration:4 Energy:46.640751898047995 Reward:2.7787992991822748 Raw:17.221200700817725 Time:32506 TotalReward:1710.569776152883
ETask 32-32: Configuration:8 Energy:39.314458240540006 Reward:5.4838923419544585 Raw:14.516107658045541 Time:32541 TotalReward:1749.884234393423
ETask 33-33: Configuration:4 Energy:35.3418222978 Reward:6.950711766966155 Raw:13.049288233033845 Time:32528 TotalReward:1785.226056691223
ETask 34-34: Configuration:7 Energy:36.765740818175985 Reward:6.42495723636579 Raw:13.57504276363421 Time:32539 TotalReward:1821.991797509399
ETask 35-35: Configuration:7 Energy:40.40530665776 Reward:5.081117541750155 Raw:14.918882458249845 Time:32504 TotalReward:1862.3971041671591
ETask 36-36: Configuration:2 Energy:32.657310924196 Reward:7.9419159664507095 Raw:12.05808403354929 Time:32538 TotalReward:1895.0544150913552
ETask 37-37: Configuration:3 Energy:31.948722859695998 Reward:8.203548482573785 Raw:11.796451517426215 Time:32552 TotalReward:1927.0031379510513
ETask 38-38: Configuration:4 Energy:86.49883967176001 Reward:-11.938033109572931 Raw:31.93803310957293 Time:32527 TotalReward:2013.5019776228112
ETask 39-39: Configuration:2 Energy:33.60073621264 Reward:7.59357432148677 Raw:12.40642567851323 Time:32559 TotalReward:2047.1027138354511
ETask 40-40: Configuration:4 Energy:77.62833624608001 Reward:-8.662770306244923 Raw:28.662770306244923 Time:32543 TotalReward:2124.731050081531
ETask 41-41: Configuration:4 Energy:78.75332322647999 Reward:-9.078150114392606 Raw:29.078150114392606 Time:32505 TotalReward:2203.484373308011
ETask 42-42: Configuration:4 Energy:44.27925810808 Reward:3.6507354677858466 Raw:16.349264532214153 Time:32518 TotalReward:2247.763631416091
ETask 43-43: Configuration:1 Energy:43.107359081599995 Reward:4.083436646793846 Raw:15.916563353206154 Time:32570 TotalReward:2290.870990497691
ETask 44-44: Configuration:10 Energy:75.04640595144 Reward:-7.70944219745477 Raw:27.70944219745477 Time:32528 TotalReward:2365.917396449131
ETask 45-45: Configuration:16 Energy:52.83088229567999 Reward:0.4932126908258496 Raw:19.50678730917415 Time:32547 TotalReward:2418.748278744811
ETask 46-46: Configuration:14 Energy:49.553296578855004 Reward:1.7033981862689203 Raw:18.29660181373108 Time:32546 TotalReward:2468.3015753236664
ETask 47-47: Configuration:1 Energy:49.512362856515 Reward:1.7185121760560023 Raw:18.281487823943998 Time:32583 TotalReward:2517.8139381801816
ETask 48-48: Configuration:4 Energy:48.933363080056004 Reward:1.932296708902399 Raw:18.0677032910976 Time:32532 TotalReward:2566.7473012602377
ETask 49-49: Configuration:1 Energy:50.580073314055994 Reward:1.3242806225024033 Raw:18.675719377497597 Time:32583 TotalReward:2617.3273745742936
ETask 50-50: Configuration:4 Energy:76.509482481487 Reward:-8.249655070087506 Raw:28.249655070087506 Time:32530 TotalReward:2693.8368570557805
ETask 51-51: Configuration:4 Energy:77.07290319482598 Reward:-8.457687333474205 Raw:28.457687333474205 Time:32511 TotalReward:2770.9097602506063
ETask 52-52: Configuration:6 Energy:46.436070035745 Reward:2.854374140647998 Raw:17.145625859352002 Time:32555 TotalReward:2817.3458302863514
ETask 53-53: Configuration:4 Energy:31.716354195258 Reward:8.289346143289356 Raw:11.710653856710644 Time:32523 TotalReward:2849.0621844816096
ETask 54-54: Configuration:4 Energy:33.544729684896 Reward:7.61425365480763 Raw:12.38574634519237 Time:32507 TotalReward:2882.6069141665057
ETask 55-55: Configuration:4 Energy:31.701568550807995 Reward:8.294805458163202 Raw:11.705194541836798 Time:32511 TotalReward:2914.308482717314
ETask 56-56: Configuration:4 Energy:32.170883397576 Reward:8.121519976279632 Raw:11.878480023720368 Time:32511 TotalReward:2946.4793661148897
ETask 57-57: Configuration:4 Energy:46.203792613919994 Reward:2.940138111783387 Raw:17.059861888216613 Time:32512 TotalReward:2992.6831587288098
ETask 58-58: Configuration:4 Energy:32.841785614007996 Reward:7.873802234827817 Raw:12.126197765172183 Time:32504 TotalReward:3025.524944342818
ETask 59-59: Configuration:15 Energy:38.657822805360006 Reward:5.726342348790151 Raw:14.273657651209849 Time:32552 TotalReward:3064.182767148178
ETask 60-60: Configuration:15 Energy:39.40050420612 Reward:5.452121523894155 Raw:14.547878476105845 Time:32506 TotalReward:3103.5832713542977
ETask 61-61: Configuration:4 Energy:76.8090099972 Reward:-8.360249845119998 Raw:28.36024984512 Time:32526 TotalReward:3180.392281351498
ETask 62-62: Configuration:4 Energy:33.42715719552 Reward:7.657665035500306 Raw:12.342334964499694 Time:32510 TotalReward:3213.819438547018
ETask 63-63: Configuration:4 Energy:32.41830598248 Reward:8.030163944930463 Raw:11.969836055069537 Time:32511 TotalReward:3246.237744529498
ETask 64-64: Configuration:4 Energy:42.407282728511994 Reward:4.341926377164803 Raw:15.658073622835197 Time:32515 TotalReward:3288.64502725801
ETask 65-65: Configuration:15 Energy:56.88369334368 Reward:-1.003209849974155 Raw:21.003209849974155 Time:32539 TotalReward:3345.52872060169
ETask 66-66: Configuration:15 Energy:55.316856485952 Reward:-0.4246854717361259 Raw:20.424685471736126 Time:32506 TotalReward:3400.845577087642
ETask 67-67: Configuration:15 Energy:55.79331163584 Reward:-0.6006073732332311 Raw:20.60060737323323 Time:32514 TotalReward:3456.638888723482
ETask 68-68: Configuration:15 Energy:91.98147843359999 Reward:-13.962392037021537 Raw:33.96239203702154 Time:32509 TotalReward:3548.620367157082
ETask 69-69: Configuration:4 Energy:35.445207910272 Reward:6.912538617745724 Raw:13.087461382254276 Time:32533 TotalReward:3584.065575067354
ETask 70-70: Configuration:4 Energy:32.63940263936 Reward:7.948528256236308 Raw:12.051471743763692 Time:32512 TotalReward:3616.704977706714
ETask 71-71: Configuration:15 Energy:52.750764719904 Reward:0.5227945649585237 Raw:19.477205435041476 Time:32552 TotalReward:3669.455742426618
ETask 72-72: Configuration:15 Energy:51.636600766799994 Reward:0.9341781784123135 Raw:19.065821821587686 Time:32504 TotalReward:3721.092343193418
ETask 73-73: Configuration:15 Energy:38.10761054532 Reward:5.929497644804924 Raw:14.070502355195076 Time:32509 TotalReward:3759.199953738738
ETask 74-74: Configuration:15 Energy:39.08984060448 Reward:5.566828084499688 Raw:14.433171915500312 Time:32511 TotalReward:3798.2897943432176
ETask 75-75: Configuration:15 Energy:39.131121529439994 Reward:5.551585896822155 Raw:14.448414103177845 Time:32514 TotalReward:3837.4209158726576
ETask 76-76: Configuration:15 Energy:39.09335340384 Reward:5.565531050889845 Raw:14.434468949110155 Time:32505 TotalReward:3876.5142692764975
ETask 77-77: Configuration:17 Energy:81.59493755609999 Reward:-10.127361559175384 Raw:30.127361559175384 Time:32533 TotalReward:3958.1092068325975
ETask 78-78: Configuration:15 Energy:84.51214390638 Reward:-11.204483903894157 Raw:31.204483903894157 Time:32538 TotalReward:4042.6213507389775
ETask 79-79: Configuration:15 Energy:43.73336885742 Reward:3.852294575721846 Raw:16.147705424278154 Time:32508 TotalReward:4086.3547195963974
ETask 80-80: Configuration:15 Energy:47.39987344768 Reward:2.4985082654719974 Raw:17.501491734528003 Time:32518 TotalReward:4133.754593044077
ETask 81-81: Configuration:15 Energy:39.692844767029996 Reward:5.344180393712001 Raw:14.655819606287999 Time:32511 TotalReward:4173.447437811107
ETask 82-82: Configuration:15 Energy:39.448245769589995 Reward:5.434493869689849 Raw:14.565506130310151 Time:32513 TotalReward:4212.895683580698
ETask 83-83: Configuration:15 Energy:39.367703948264996 Reward:5.464232388332926 Raw:14.535767611667074 Time:32505 TotalReward:4252.263387528963
ETask 84-84: Configuration:15 Energy:54.227739381396 Reward:-0.02254992543852552 Raw:20.022549925438526 Time:32508 TotalReward:4306.491126910359
ETask 85-85: Configuration:15 Energy:53.00159186817599 Reward:0.4301814640580979 Raw:19.569818535941902 Time:32512 TotalReward:4359.492718778534
ETask 86-86: Configuration:15 Energy:54.287920294972 Reward:-0.04477057045119892 Raw:20.0447705704512 Time:32503 TotalReward:4413.780639073506
ETask 87-87: Configuration:15 Energy:63.561615677168 Reward:-3.4689042500312617 Raw:23.46890425003126 Time:32506 TotalReward:4477.342254750674
ETask 88-88: Configuration:15 Energy:37.96215891719999 Reward:5.983202861341541 Raw:14.01679713865846 Time:32510 TotalReward:4515.3044136678745
ETask 89-89: Configuration:15 Energy:42.92056832578899 Reward:4.152405541247145 Raw:15.847594458752855 Time:32511 TotalReward:4558.224981993663
ETask 90-90: Configuration:15 Energy:44.439966748884 Reward:3.5913968927197573 Raw:16.408603107280243 Time:32504 TotalReward:4602.6649487425475
ETask 91-91: Configuration:15 Energy:39.36612092277599 Reward:5.464816890051944 Raw:14.535183109948056 Time:32517 TotalReward:4642.031069665323
ETask 92-92: Configuration:15 Energy:40.612740322373995 Reward:5.0045266502003685 Raw:14.995473349799632 Time:32509 TotalReward:4682.643809987697
ETask 93-93: Configuration:15 Energy:40.625103071459996 Reward:4.999961942845539 Raw:15.00003805715446 Time:32522 TotalReward:4723.268913059157
ETask 94-94: Configuration:4 Energy:36.691071081028 Reward:6.4525276008512 Raw:13.5474723991488 Time:32538 TotalReward:4759.959984140185
ETask 95-95: Configuration:15 Energy:87.22784611380001 Reward:-12.20720471894154 Raw:32.20720471894154 Time:32547 TotalReward:4847.187830253985
ETask 96-96: Configuration:15 Energy:55.58247361379999 Reward:-0.522759488172305 Raw:20.522759488172305 Time:32515 TotalReward:4902.7703038677855
ETask 97-97: Configuration:15 Energy:41.03421725443499 Reward:4.848904398362464 Raw:15.151095601637536 Time:32519 TotalReward:4943.804521122221
ETask 98-98: Configuration:15 Energy:39.38376846114 Reward:5.458300875886767 Raw:14.541699124113233 Time:32511 TotalReward:4983.1882895833605
ETask 99-99: Configuration:15 Energy:38.98354973651699 Reward:5.606073943439883 Raw:14.393926056560117 Time:32503 TotalReward:5022.171839319877
ETask 100-100: Configuration:15 Energy:39.187450548062 Reward:5.530787489946338 Raw:14.469212510053662 Time:32518 TotalReward:5061.359289867939
ETask 101-101: Configuration:15 Energy:55.480889771819996 Reward:-0.4852516080566147 Raw:20.485251608056615 Time:32509 TotalReward:5116.840179639759
ETask 102-102: Configuration:15 Energy:39.58820335464 Reward:5.382817222902155 Raw:14.617182777097845 Time:32511 TotalReward:5156.4283829944
ETask 103-103: Configuration:15 Energy:56.09943182231999 Reward:-0.7136363651643052 Raw:20.713636365164305 Time:32507 TotalReward:5212.52781481672
ETask 104-104: Configuration:15 Energy:54.00279246502 Reward:0.060507397531079476 Raw:19.93949260246892 Time:32506 TotalReward:5266.53060728174
ETask 105-105: Configuration:15 Energy:58.54078698119999 Reward:-1.6150598084430747 Raw:21.615059808443075 Time:32509 TotalReward:5325.07139426294
ETask 106-106: Configuration:15 Energy:60.119378687499996 Reward:-2.1979244384615413 Raw:22.19792443846154 Time:32512 TotalReward:5385.19077295044
ETask 107-107: Configuration:15 Energy:86.236477114925 Reward:-11.841160780895382 Raw:31.841160780895382 Time:32513 TotalReward:5471.427250065365
ETask 108-108: Configuration:15 Energy:84.76973709048 Reward:-11.299595233407999 Raw:31.299595233408 Time:32516 TotalReward:5556.196987155845
ETask 109-109: Configuration:15 Energy:79.11728719199999 Reward:-9.212536809353846 Raw:29.212536809353846 Time:32509 TotalReward:5635.314274347845
ETask 110-110: Configuration:15 Energy:88.120503864474 Reward:-12.536801426882711 Raw:32.53680142688271 Time:32514 TotalReward:5723.434778212319
ETask 111-111: Configuration:15 Energy:44.409517724104 Reward:3.602639609561603 Raw:16.397360390438397 Time:32515 TotalReward:5767.844295936423
ETask 112-112: Configuration:15 Energy:40.502665814912 Reward:5.0451695452632634 Raw:14.954830454736737 Time:32507 TotalReward:5808.346961751335
ETask 113-113: Configuration:14 Energy:32.215038411996 Reward:8.105216586339937 Raw:11.894783413660063 Time:32563 TotalReward:5840.562000163331
ETask 114-114: Configuration:15 Energy:38.20976526192 Reward:5.891778980214154 Raw:14.108221019785846 Time:32544 TotalReward:5878.771765425251
ETask 115-115: Configuration:5 Energy:42.084916784159994 Reward:4.460953802771696 Raw:15.539046197228304 Time:32539 TotalReward:5920.856682209411
ETask 116-116: Configuration:15 Energy:49.669400023095996 Reward:1.6605292222414825 Raw:18.339470777758518 Time:32533 TotalReward:5970.526082232507
ETask 117-117: Configuration:15 Energy:57.213178174544005 Reward:-1.1248657875239374 Raw:21.124865787523937 Time:32505 TotalReward:6027.739260407051
ETask 118-118: Configuration:15 Energy:37.811638606608 Reward:6.038779591406275 Raw:13.961220408593725 Time:32516 TotalReward:6065.550899013659
ETask 119-119: Configuration:15 Energy:41.577970383632 Reward:4.648134012197415 Raw:15.351865987802585 Time:32504 TotalReward:6107.128869397291
ETask 120-120: Configuration:15 Energy:38.326392046528 Reward:5.84871678282043 Raw:14.15128321717957 Time:32512 TotalReward:6145.455261443819
ETask 121-121: Configuration:15 Energy:46.167737444896005 Reward:2.953450789576859 Raw:17.04654921042314 Time:32506 TotalReward:6191.622998888715
ERun: Time:3940663
==END-RUN 0==
==ROUND-END==
STOKE: Config: 0 - Knobs: {interval:10000 priority:104 sensor-configuration:1 batch:5 }  | -- on:2 reward:4.9847
STOKE: Config: 1 - Knobs: {interval:7750 priority:104 sensor-configuration:1 batch:5 }  | -- on:4 reward:3.0380
STOKE: Config: 2 - Knobs: {interval:5500 priority:104 sensor-configuration:1 batch:5 }  | -- on:3 reward:7.5398
STOKE: Config: 3 - Knobs: {interval:3500 priority:104 sensor-configuration:1 batch:5 }  | -- on:2 reward:8.2032
STOKE: Config: 4 - Knobs: {interval:1000 priority:104 sensor-configuration:1 batch:5 }  | -- on:25 reward:1.8055
STOKE: Config: 5 - Knobs: {interval:10000 priority:100 sensor-configuration:1 batch:5 }  | -- on:2 reward:5.5070
STOKE: Config: 6 - Knobs: {interval:7750 priority:100 sensor-configuration:1 batch:5 }  | -- on:3 reward:2.7634
STOKE: Config: 7 - Knobs: {interval:5500 priority:100 sensor-configuration:1 batch:5 }  | -- on:3 reward:3.2007
STOKE: Config: 8 - Knobs: {interval:3500 priority:100 sensor-configuration:1 batch:5 }  | -- on:2 reward:2.9435
STOKE: Config: 9 - Knobs: {interval:1000 priority:100 sensor-configuration:1 batch:5 }  | -- on:1 reward:-21.0695
STOKE: Config: 10 - Knobs: {interval:10000 priority:104 sensor-configuration:1 batch:1 }  | -- on:2 reward:-8.8153
STOKE: Config: 11 - Knobs: {interval:7750 priority:104 sensor-configuration:1 batch:1 }  | -- on:1 reward:4.5117
STOKE: Config: 12 - Knobs: {interval:5500 priority:104 sensor-configuration:1 batch:1 }  | -- on:1 reward:8.1904
STOKE: Config: 13 - Knobs: {interval:3500 priority:104 sensor-configuration:1 batch:1 }  | -- on:3 reward:7.1810
STOKE: Config: 14 - Knobs: {interval:1000 priority:104 sensor-configuration:1 batch:1 }  | -- on:3 reward:6.0151
STOKE: Config: 15 - Knobs: {interval:10000 priority:100 sensor-configuration:1 batch:1 }  | -- on:55 reward:0.8796
STOKE: Config: 16 - Knobs: {interval:7750 priority:100 sensor-configuration:1 batch:1 }  | -- on:3 reward:-4.1371
STOKE: Config: 17 - Knobs: {interval:5500 priority:100 sensor-configuration:1 batch:1 }  | -- on:3 reward:-8.3946
STOKE: Config: 18 - Knobs: {interval:3500 priority:100 sensor-configuration:1 batch:1 }  | -- on:1 reward:-11.6724
STOKE: Config: 19 - Knobs: {interval:1000 priority:100 sensor-configuration:1 batch:1 }  | -- on:2 reward:-9.9586
