STOKE: Start Bat: 0.810000
ELocation 0: Diff:68534 ms Accuracy:903.60
ELocation 1: Diff:230466 ms Accuracy:386.00
ELocation 2: Diff:0 ms Accuracy:386.00
ELocation 3: Diff:5829 ms Accuracy:471.53
ELocation 4: Diff:13800 ms Accuracy:650.94
ELocation 5: Diff:0 ms Accuracy:650.94
STOKE: Start Bat: 0.810000
ELocation 6: Diff:0 ms Accuracy:650.94
ELocation 7: Diff:7371 ms Accuracy:128.00
ELocation 8: Diff:0 ms Accuracy:128.00
ELocation 9: Diff:14000 ms Accuracy:34.00
ELocation 10: Diff:13764 ms Accuracy:83.68
ELocation 11: Diff:16236 ms Accuracy:5.00
ELocation 12: Diff:10000 ms Accuracy:4.00
ELocation 13: Diff:10000 ms Accuracy:4.00
ELocation 14: Diff:20000 ms Accuracy:3.00
ELocation 15: Diff:10000 ms Accuracy:6.00
ELocation 16: Diff:10000 ms Accuracy:3.00
ELocation 17: Diff:10000 ms Accuracy:5.00
ELocation 18: Diff:20000 ms Accuracy:6.00
ELocation 19: Diff:10000 ms Accuracy:4.00
ELocation 20: Diff:20000 ms Accuracy:6.00
ELocation 21: Diff:20000 ms Accuracy:12.00
ELocation 22: Diff:10000 ms Accuracy:13.00
ELocation 23: Diff:20000 ms Accuracy:7.00
ELocation 24: Diff:10000 ms Accuracy:5.00
ELocation 25: Diff:10000 ms Accuracy:7.00
ELocation 26: Diff:10000 ms Accuracy:5.00
ELocation 27: Diff:20000 ms Accuracy:13.00
ELocation 28: Diff:10000 ms Accuracy:11.00
ELocation 29: Diff:10000 ms Accuracy:8.00
ETask 61: Configuration:0 Energy:0.00 Power:0.00 Reward:1.34 Time:5013
ELocation 30: Diff:20000 ms Accuracy:10.00
ETask 62: Configuration:0 Energy:0.00 Power:0.00 Reward:1.34 Time:5011
ETask 63: Configuration:0 Energy:0.00 Power:0.00 Reward:1.34 Time:5013
ETask 64: Configuration:0 Energy:0.00 Power:0.00 Reward:1.34 Time:5014
ETask 65: Configuration:0 Energy:0.00 Power:0.00 Reward:1.14 Time:5014
ELocation 31: Diff:20000 ms Accuracy:9.00
ETask 66: Configuration:0 Energy:0.00 Power:0.00 Reward:1.14 Time:5010
ETask 67: Configuration:0 Energy:0.00 Power:0.00 Reward:1.14 Time:5014
ETask 68: Configuration:0 Energy:0.00 Power:0.00 Reward:1.14 Time:5013
ETask 69: Configuration:0 Energy:0.00 Power:0.00 Reward:1.14 Time:5010
ELocation 32: Diff:20000 ms Accuracy:6.00
ETask 70: Configuration:0 Energy:0.00 Power:0.00 Reward:1.14 Time:5011
ETask 71: Configuration:0 Energy:0.00 Power:0.00 Reward:1.39 Time:5012
ETask 72: Configuration:0 Energy:0.00 Power:0.00 Reward:1.37 Time:5013
ETask 73: Configuration:0 Energy:0.00 Power:0.00 Reward:1.37 Time:5013
ELocation 33: Diff:20000 ms Accuracy:6.00
ETask 74: Configuration:0 Energy:0.00 Power:0.00 Reward:1.37 Time:5011
ETask 75: Configuration:0 Energy:0.00 Power:0.00 Reward:1.37 Time:5013
ELocation 34: Diff:10000 ms Accuracy:5.00
ETask 76: Configuration:0 Energy:0.00 Power:0.00 Reward:1.37 Time:5011
ETask 77: Configuration:0 Energy:0.00 Power:0.00 Reward:1.12 Time:5015
ETask 78: Configuration:0 Energy:0.00 Power:0.00 Reward:1.12 Time:5012
ETask 79: Configuration:0 Energy:0.00 Power:0.00 Reward:1.12 Time:5015
ELocation 35: Diff:20000 ms Accuracy:6.00
ETask 80: Configuration:0 Energy:0.00 Power:0.00 Reward:1.12 Time:5012
ETask 81: Configuration:0 Energy:0.00 Power:0.00 Reward:1.12 Time:5014
ETask 82: Configuration:0 Energy:0.00 Power:0.00 Reward:1.12 Time:5015
ETask 83: Configuration:0 Energy:0.00 Power:0.00 Reward:1.11 Time:5014
ELocation 36: Diff:20000 ms Accuracy:5.00
ETask 84: Configuration:0 Energy:0.00 Power:0.00 Reward:1.11 Time:5012
ETask 85: Configuration:0 Energy:0.00 Power:0.00 Reward:1.11 Time:5014
ELocation 37: Diff:10000 ms Accuracy:5.00
ETask 86: Configuration:0 Energy:0.00 Power:0.00 Reward:1.11 Time:5011
ETask 87: Configuration:0 Energy:0.00 Power:0.00 Reward:1.11 Time:5011
ETask 88: Configuration:0 Energy:0.00 Power:0.00 Reward:1.11 Time:5013
ETask 89: Configuration:0 Energy:0.00 Power:0.00 Reward:1.13 Time:5013
ELocation 38: Diff:20000 ms Accuracy:7.00
ETask 90: Configuration:0 Energy:0.00 Power:0.00 Reward:1.13 Time:5011
ETask 91: Configuration:0 Energy:0.00 Power:0.00 Reward:1.13 Time:5013
ELocation 39: Diff:10000 ms Accuracy:8.00
ETask 92: Configuration:0 Energy:0.00 Power:0.00 Reward:1.13 Time:5012
ETask 93: Configuration:0 Energy:0.00 Power:0.00 Reward:1.13 Time:5012
ETask 94: Configuration:0 Energy:0.00 Power:0.00 Reward:1.13 Time:5011
ETask 95: Configuration:0 Energy:0.00 Power:0.00 Reward:1.14 Time:5011
ELocation 40: Diff:20000 ms Accuracy:7.00
ETask 96: Configuration:0 Energy:0.00 Power:0.00 Reward:1.14 Time:5010
ETask 97: Configuration:0 Energy:0.00 Power:0.00 Reward:1.14 Time:5014
ELocation 41: Diff:10000 ms Accuracy:5.00
ETask 98: Configuration:0 Energy:0.00 Power:0.00 Reward:1.14 Time:5011
ETask 99: Configuration:0 Energy:0.00 Power:0.00 Reward:1.14 Time:5011
ELocation 42: Diff:10000 ms Accuracy:6.00
ETask 100: Configuration:0 Energy:0.00 Power:0.00 Reward:1.14 Time:5013
ETask 101: Configuration:0 Energy:0.00 Power:0.00 Reward:1.24 Time:5012
ELocation 43: Diff:10000 ms Accuracy:5.00
ETask 102: Configuration:0 Energy:0.00 Power:0.00 Reward:1.24 Time:5012
ETask 103: Configuration:0 Energy:0.00 Power:0.00 Reward:1.24 Time:5007
ETask 104: Configuration:0 Energy:0.00 Power:0.00 Reward:1.24 Time:5014
ETask 105: Configuration:0 Energy:0.00 Power:0.00 Reward:1.24 Time:5011
ELocation 44: Diff:20000 ms Accuracy:4.00
ETask 106: Configuration:0 Energy:0.00 Power:0.00 Reward:1.24 Time:5011
ETask 107: Configuration:0 Energy:0.00 Power:0.00 Reward:1.24 Time:5014
ELocation 45: Diff:10000 ms Accuracy:4.00
ETask 108: Configuration:0 Energy:0.00 Power:0.00 Reward:1.47 Time:5009
ETask 109: Configuration:0 Energy:0.00 Power:0.00 Reward:1.47 Time:5009
ETask 110: Configuration:0 Energy:0.00 Power:0.00 Reward:1.47 Time:5013
ETask 111: Configuration:0 Energy:0.00 Power:0.00 Reward:1.47 Time:5012
ELocation 46: Diff:20000 ms Accuracy:4.00
ETask 112: Configuration:0 Energy:0.00 Power:0.00 Reward:1.47 Time:5014
ETask 113: Configuration:0 Energy:0.00 Power:0.00 Reward:1.47 Time:5011
ELocation 47: Diff:10000 ms Accuracy:6.00
ETask 114: Configuration:0 Energy:0.00 Power:0.00 Reward:2.03 Time:5010
ETask 115: Configuration:0 Energy:0.00 Power:0.00 Reward:2.03 Time:5011
ELocation 48: Diff:10000 ms Accuracy:6.00
ETask 116: Configuration:0 Energy:0.00 Power:0.00 Reward:2.03 Time:5012
ETask 117: Configuration:0 Energy:0.00 Power:0.00 Reward:2.03 Time:5010
ETask 118: Configuration:0 Energy:0.00 Power:0.00 Reward:2.03 Time:5014
ELocation 49: Diff:20000 ms Accuracy:4.00
ETask 119: Configuration:0 Energy:0.00 Power:0.00 Reward:2.03 Time:5102
ETask 120: Configuration:0 Energy:0.00 Power:0.00 Reward:2.42 Time:5014
ECycle 0: Energy:0.00 Power:0.00 Drain:0.02
ELocation 50: Diff:10000 ms Accuracy:4.00
ELocation 51: Diff:0 ms Accuracy:4.00
ELocation 52: Diff:0 ms Accuracy:4.00
ELocation 53: Diff:5000 ms Accuracy:3.00
ELocation 54: Diff:6000 ms Accuracy:3.00
ETask 124: Configuration:1 Energy:0.00 Power:0.00 Reward:2.39 Time:5012
ELocation 55: Diff:5000 ms Accuracy:3.00
ETask 125: Configuration:1 Energy:0.00 Power:0.00 Reward:2.39 Time:5015
ELocation 56: Diff:6000 ms Accuracy:3.00
ETask 126: Configuration:1 Energy:0.00 Power:0.00 Reward:2.23 Time:5010
ELocation 57: Diff:6000 ms Accuracy:3.00
ETask 127: Configuration:1 Energy:0.00 Power:0.00 Reward:2.23 Time:5009
ELocation 58: Diff:6000 ms Accuracy:3.00
ETask 128: Configuration:1 Energy:0.00 Power:0.00 Reward:2.23 Time:5007
ELocation 59: Diff:5000 ms Accuracy:3.00
ETask 129: Configuration:1 Energy:0.00 Power:0.00 Reward:2.23 Time:5007
ELocation 60: Diff:6000 ms Accuracy:3.00
ETask 130: Configuration:1 Energy:0.00 Power:0.00 Reward:2.23 Time:5006
ELocation 61: Diff:5000 ms Accuracy:3.00
ETask 131: Configuration:1 Energy:0.00 Power:0.00 Reward:2.23 Time:5006
ETask 132: Configuration:1 Energy:0.00 Power:0.00 Reward:1.80 Time:5012
ELocation 62: Diff:6000 ms Accuracy:3.00
ETask 133: Configuration:1 Energy:0.00 Power:0.00 Reward:1.80 Time:5012
ELocation 63: Diff:5000 ms Accuracy:3.00
ETask 134: Configuration:1 Energy:0.00 Power:0.00 Reward:1.80 Time:5015
ELocation 64: Diff:6000 ms Accuracy:3.00
ETask 135: Configuration:1 Energy:0.00 Power:0.00 Reward:1.80 Time:5012
ELocation 65: Diff:6000 ms Accuracy:3.00
ETask 136: Configuration:1 Energy:0.00 Power:0.00 Reward:1.80 Time:5007
ELocation 66: Diff:5000 ms Accuracy:3.00
ETask 137: Configuration:1 Energy:0.00 Power:0.00 Reward:1.80 Time:5009
ELocation 67: Diff:6000 ms Accuracy:3.00
ETask 138: Configuration:1 Energy:0.00 Power:0.00 Reward:1.62 Time:5006
ELocation 68: Diff:5000 ms Accuracy:3.00
ETask 139: Configuration:1 Energy:0.00 Power:0.00 Reward:1.62 Time:5006
ELocation 69: Diff:5000 ms Accuracy:3.00
ETask 140: Configuration:1 Energy:0.00 Power:0.00 Reward:1.62 Time:5008
ELocation 70: Diff:6000 ms Accuracy:3.00
ETask 141: Configuration:1 Energy:0.00 Power:0.00 Reward:1.62 Time:5007
ELocation 71: Diff:5000 ms Accuracy:3.00
ETask 142: Configuration:1 Energy:0.00 Power:0.00 Reward:1.62 Time:5007
ETask 143: Configuration:1 Energy:0.00 Power:0.00 Reward:1.62 Time:5016
ELocation 72: Diff:6000 ms Accuracy:3.00
ETask 144: Configuration:1 Energy:0.00 Power:0.00 Reward:1.64 Time:5015
ELocation 73: Diff:5000 ms Accuracy:3.00
ETask 145: Configuration:1 Energy:0.00 Power:0.00 Reward:1.64 Time:5016
ELocation 74: Diff:6000 ms Accuracy:3.00
ETask 146: Configuration:1 Energy:0.00 Power:0.00 Reward:1.64 Time:5012
ELocation 75: Diff:5000 ms Accuracy:3.00
ETask 147: Configuration:1 Energy:0.00 Power:0.00 Reward:1.64 Time:5013
ELocation 76: Diff:6000 ms Accuracy:3.00
ETask 148: Configuration:1 Energy:0.00 Power:0.00 Reward:1.64 Time:5007
ELocation 77: Diff:5000 ms Accuracy:3.00
ETask 149: Configuration:1 Energy:0.00 Power:0.00 Reward:1.64 Time:5009
ELocation 78: Diff:6000 ms Accuracy:3.00
ETask 150: Configuration:1 Energy:0.00 Power:0.00 Reward:2.59 Time:5008
ELocation 79: Diff:5000 ms Accuracy:3.00
ETask 151: Configuration:1 Energy:0.00 Power:0.00 Reward:2.59 Time:5006
ELocation 80: Diff:5000 ms Accuracy:3.00
ETask 152: Configuration:1 Energy:0.00 Power:0.00 Reward:2.59 Time:5010
ELocation 81: Diff:6000 ms Accuracy:3.00
ETask 153: Configuration:1 Energy:0.00 Power:0.00 Reward:2.59 Time:5006
ELocation 82: Diff:5000 ms Accuracy:3.00
ETask 154: Configuration:1 Energy:0.00 Power:0.00 Reward:2.59 Time:5007
ELocation 83: Diff:5000 ms Accuracy:3.00
ETask 155: Configuration:1 Energy:0.00 Power:0.00 Reward:2.59 Time:5006
ELocation 84: Diff:5000 ms Accuracy:3.00
ETask 156: Configuration:1 Energy:0.00 Power:0.00 Reward:2.59 Time:5005
ETask 157: Configuration:1 Energy:0.00 Power:0.00 Reward:2.15 Time:5016
ELocation 85: Diff:6000 ms Accuracy:3.00
ETask 158: Configuration:1 Energy:0.00 Power:0.00 Reward:2.15 Time:5016
ELocation 86: Diff:6000 ms Accuracy:3.00
ETask 159: Configuration:1 Energy:0.00 Power:0.00 Reward:2.15 Time:5014
ELocation 87: Diff:5000 ms Accuracy:3.00
ETask 160: Configuration:1 Energy:0.00 Power:0.00 Reward:2.15 Time:5014
ELocation 88: Diff:5000 ms Accuracy:3.00
ETask 161: Configuration:1 Energy:0.00 Power:0.00 Reward:2.15 Time:5014
ELocation 89: Diff:6000 ms Accuracy:3.00
ETask 162: Configuration:1 Energy:0.00 Power:0.00 Reward:2.15 Time:5012
ELocation 90: Diff:5000 ms Accuracy:3.00
ETask 163: Configuration:1 Energy:0.00 Power:0.00 Reward:1.15 Time:5009
ELocation 91: Diff:6000 ms Accuracy:3.00
ETask 164: Configuration:1 Energy:0.00 Power:0.00 Reward:1.15 Time:5010
ELocation 92: Diff:5000 ms Accuracy:3.00
ETask 165: Configuration:1 Energy:0.00 Power:0.00 Reward:1.15 Time:5009
ELocation 93: Diff:6000 ms Accuracy:3.00
ETask 166: Configuration:1 Energy:0.00 Power:0.00 Reward:1.15 Time:5005
ELocation 94: Diff:5000 ms Accuracy:3.00
ETask 167: Configuration:1 Energy:0.00 Power:0.00 Reward:1.15 Time:5005
ELocation 95: Diff:5000 ms Accuracy:3.00
ETask 168: Configuration:1 Energy:0.00 Power:0.00 Reward:1.15 Time:5005
ELocation 96: Diff:6000 ms Accuracy:3.00
ETask 169: Configuration:1 Energy:0.00 Power:0.00 Reward:2.12 Time:5004
ELocation 97: Diff:5000 ms Accuracy:3.00
ETask 170: Configuration:1 Energy:0.00 Power:0.00 Reward:2.12 Time:5004
ELocation 98: Diff:5000 ms Accuracy:3.00
ETask 171: Configuration:1 Energy:0.00 Power:0.00 Reward:2.12 Time:5007
ELocation 99: Diff:5000 ms Accuracy:3.00
ETask 172: Configuration:1 Energy:0.00 Power:0.00 Reward:2.12 Time:5004
ETask 173: Configuration:1 Energy:0.00 Power:0.00 Reward:2.12 Time:5013
ELocation 100: Diff:6000 ms Accuracy:3.00
ETask 174: Configuration:1 Energy:0.00 Power:0.00 Reward:2.12 Time:5003
ELocation 101: Diff:6000 ms Accuracy:3.00
ETask 175: Configuration:1 Energy:0.00 Power:0.00 Reward:1.78 Time:5011
ELocation 102: Diff:5000 ms Accuracy:3.00
ETask 176: Configuration:1 Energy:0.00 Power:0.00 Reward:1.78 Time:5010
ELocation 103: Diff:5000 ms Accuracy:3.00
ETask 177: Configuration:1 Energy:0.00 Power:0.00 Reward:1.78 Time:5014
ELocation 104: Diff:6000 ms Accuracy:3.00
ETask 178: Configuration:1 Energy:0.00 Power:0.00 Reward:1.78 Time:5009
ELocation 105: Diff:5000 ms Accuracy:3.00
ETask 179: Configuration:1 Energy:0.00 Power:0.00 Reward:1.78 Time:5007
ELocation 106: Diff:6000 ms Accuracy:3.00
ETask 180: Configuration:1 Energy:0.00 Power:0.00 Reward:1.78 Time:5011
ELocation 107: Diff:6000 ms Accuracy:3.00
ETask 181: Configuration:1 Energy:0.00 Power:0.00 Reward:1.25 Time:5006
ELocation 108: Diff:5000 ms Accuracy:3.00
ETask 182: Configuration:1 Energy:0.00 Power:0.00 Reward:1.25 Time:5006
ELocation 109: Diff:5000 ms Accuracy:3.00
ETask 183: Configuration:1 Energy:0.00 Power:0.00 Reward:1.25 Time:5007
ECycle 1: Energy:0.00 Power:0.00 Drain:0.01
ELocation 110: Diff:5000 ms Accuracy:3.00
ELocation 111: Diff:1000 ms Accuracy:3.00
ELocation 112: Diff:1000 ms Accuracy:3.00
ELocation 113: Diff:1000 ms Accuracy:3.00
ELocation 114: Diff:1000 ms Accuracy:3.00
ELocation 115: Diff:1000 ms Accuracy:3.00
ELocation 116: Diff:1000 ms Accuracy:3.00
ELocation 117: Diff:1000 ms Accuracy:3.00
ELocation 118: Diff:1000 ms Accuracy:3.00
ELocation 119: Diff:1000 ms Accuracy:3.00
ELocation 120: Diff:1000 ms Accuracy:3.00
ELocation 121: Diff:1000 ms Accuracy:3.00
ELocation 122: Diff:1000 ms Accuracy:3.00
ELocation 123: Diff:1000 ms Accuracy:3.00
ELocation 124: Diff:1000 ms Accuracy:3.00
ELocation 125: Diff:1000 ms Accuracy:3.00
ETask 187: Configuration:2 Energy:0.00 Power:0.00 Reward:2.54 Time:5005
ELocation 126: Diff:1000 ms Accuracy:3.00
ELocation 127: Diff:1000 ms Accuracy:3.00
ELocation 128: Diff:1000 ms Accuracy:3.00
ELocation 129: Diff:1000 ms Accuracy:3.00
ELocation 130: Diff:1000 ms Accuracy:3.00
ETask 188: Configuration:2 Energy:0.00 Power:0.00 Reward:2.54 Time:5005
ELocation 131: Diff:1000 ms Accuracy:3.00
ELocation 132: Diff:1000 ms Accuracy:3.00
ELocation 133: Diff:1000 ms Accuracy:3.00
ELocation 134: Diff:1000 ms Accuracy:3.00
ELocation 135: Diff:1000 ms Accuracy:3.00
ETask 189: Configuration:2 Energy:0.00 Power:0.00 Reward:2.54 Time:5005
ELocation 136: Diff:1000 ms Accuracy:3.00
ELocation 137: Diff:1000 ms Accuracy:3.00
ELocation 138: Diff:1000 ms Accuracy:3.00
ELocation 139: Diff:1000 ms Accuracy:3.00
ELocation 140: Diff:1000 ms Accuracy:3.00
ETask 190: Configuration:2 Energy:0.00 Power:0.00 Reward:2.54 Time:5006
ELocation 141: Diff:1000 ms Accuracy:3.00
ELocation 142: Diff:1000 ms Accuracy:3.00
ELocation 143: Diff:1000 ms Accuracy:3.00
ELocation 144: Diff:1000 ms Accuracy:3.00
ELocation 145: Diff:1000 ms Accuracy:3.00
ETask 191: Configuration:2 Energy:0.00 Power:0.00 Reward:2.54 Time:5005
ELocation 146: Diff:1000 ms Accuracy:3.00
ELocation 147: Diff:1000 ms Accuracy:3.00
ELocation 148: Diff:1000 ms Accuracy:3.00
ELocation 149: Diff:1000 ms Accuracy:3.00
ELocation 150: Diff:1000 ms Accuracy:3.00
ETask 192: Configuration:2 Energy:0.00 Power:0.00 Reward:2.54 Time:5005
ELocation 151: Diff:1000 ms Accuracy:3.00
ELocation 152: Diff:1000 ms Accuracy:3.00
ELocation 153: Diff:1000 ms Accuracy:3.00
ELocation 154: Diff:1000 ms Accuracy:3.00
ELocation 155: Diff:1000 ms Accuracy:3.00
ETask 193: Configuration:2 Energy:0.00 Power:0.00 Reward:2.22 Time:5006
ELocation 156: Diff:1000 ms Accuracy:3.00
ELocation 157: Diff:1000 ms Accuracy:3.00
ELocation 158: Diff:1000 ms Accuracy:3.00
ELocation 159: Diff:1000 ms Accuracy:3.00
ELocation 160: Diff:1000 ms Accuracy:3.00
ETask 194: Configuration:2 Energy:0.00 Power:0.00 Reward:2.22 Time:5005
ELocation 161: Diff:1000 ms Accuracy:3.00
ELocation 162: Diff:1000 ms Accuracy:3.00
ELocation 163: Diff:1000 ms Accuracy:3.00
ELocation 164: Diff:1000 ms Accuracy:3.00
ELocation 165: Diff:1000 ms Accuracy:3.00
ETask 195: Configuration:2 Energy:0.00 Power:0.00 Reward:2.22 Time:5007
ELocation 166: Diff:1000 ms Accuracy:3.00
ELocation 167: Diff:1000 ms Accuracy:3.00
ELocation 168: Diff:1000 ms Accuracy:3.00
ELocation 169: Diff:1000 ms Accuracy:3.00
ELocation 170: Diff:1000 ms Accuracy:3.00
ETask 196: Configuration:2 Energy:0.00 Power:0.00 Reward:2.22 Time:5006
ELocation 171: Diff:1000 ms Accuracy:3.00
ELocation 172: Diff:1000 ms Accuracy:3.00
ELocation 173: Diff:1000 ms Accuracy:3.00
ELocation 174: Diff:1000 ms Accuracy:3.00
ELocation 175: Diff:1000 ms Accuracy:3.00
ETask 197: Configuration:2 Energy:0.00 Power:0.00 Reward:2.22 Time:5005
ELocation 176: Diff:1000 ms Accuracy:3.00
ELocation 177: Diff:1000 ms Accuracy:3.00
ELocation 178: Diff:1000 ms Accuracy:3.00
ELocation 179: Diff:1000 ms Accuracy:3.00
ELocation 180: Diff:1000 ms Accuracy:3.00
ETask 198: Configuration:2 Energy:0.00 Power:0.00 Reward:2.22 Time:5004
ELocation 181: Diff:1000 ms Accuracy:3.00
ELocation 182: Diff:1000 ms Accuracy:3.00
ELocation 183: Diff:1000 ms Accuracy:3.00
ELocation 184: Diff:1000 ms Accuracy:3.00
ELocation 185: Diff:1000 ms Accuracy:3.00
ETask 199: Configuration:2 Energy:0.00 Power:0.00 Reward:2.44 Time:5006
ELocation 186: Diff:1000 ms Accuracy:3.00
ELocation 187: Diff:1000 ms Accuracy:3.00
ELocation 188: Diff:1000 ms Accuracy:3.00
ELocation 189: Diff:1000 ms Accuracy:3.00
ELocation 190: Diff:1000 ms Accuracy:3.00
ETask 200: Configuration:2 Energy:0.00 Power:0.00 Reward:2.44 Time:5007
ELocation 191: Diff:1000 ms Accuracy:3.00
ELocation 192: Diff:1000 ms Accuracy:3.00
ELocation 193: Diff:1000 ms Accuracy:3.00
ELocation 194: Diff:1000 ms Accuracy:3.00
ELocation 195: Diff:1000 ms Accuracy:3.00
ETask 201: Configuration:2 Energy:0.00 Power:0.00 Reward:2.44 Time:5005
ELocation 196: Diff:1000 ms Accuracy:3.00
ELocation 197: Diff:1000 ms Accuracy:3.00
ELocation 198: Diff:1000 ms Accuracy:3.00
ELocation 199: Diff:1000 ms Accuracy:3.00
ELocation 200: Diff:1000 ms Accuracy:3.00
ETask 202: Configuration:2 Energy:0.00 Power:0.00 Reward:2.44 Time:5007
ELocation 201: Diff:1000 ms Accuracy:3.00
ELocation 202: Diff:1000 ms Accuracy:3.00
ELocation 203: Diff:1000 ms Accuracy:3.00
ELocation 204: Diff:1000 ms Accuracy:3.00
ELocation 205: Diff:1000 ms Accuracy:3.00
ETask 203: Configuration:2 Energy:0.00 Power:0.00 Reward:2.44 Time:5006
ELocation 206: Diff:1000 ms Accuracy:3.00
ELocation 207: Diff:1000 ms Accuracy:3.00
ELocation 208: Diff:1000 ms Accuracy:3.00
ELocation 209: Diff:1000 ms Accuracy:3.00
ELocation 210: Diff:1000 ms Accuracy:3.00
ETask 204: Configuration:2 Energy:0.00 Power:0.00 Reward:2.44 Time:5009
ELocation 211: Diff:1000 ms Accuracy:3.00
ELocation 212: Diff:1000 ms Accuracy:3.00
ELocation 213: Diff:1000 ms Accuracy:3.00
ELocation 214: Diff:1000 ms Accuracy:3.00
ELocation 215: Diff:1000 ms Accuracy:3.00
ETask 205: Configuration:2 Energy:0.00 Power:0.00 Reward:2.44 Time:5005
ELocation 216: Diff:1000 ms Accuracy:3.00
ELocation 217: Diff:1000 ms Accuracy:3.00
ELocation 218: Diff:1000 ms Accuracy:3.00
ELocation 219: Diff:1000 ms Accuracy:3.00
ELocation 220: Diff:1000 ms Accuracy:3.00
ETask 206: Configuration:2 Energy:0.00 Power:0.00 Reward:2.14 Time:5007
ELocation 221: Diff:1000 ms Accuracy:3.00
ELocation 222: Diff:1000 ms Accuracy:3.00
ELocation 223: Diff:1000 ms Accuracy:3.00
ELocation 224: Diff:1000 ms Accuracy:3.00
ELocation 225: Diff:1000 ms Accuracy:3.00
ETask 207: Configuration:2 Energy:0.00 Power:0.00 Reward:2.14 Time:5006
ELocation 226: Diff:1000 ms Accuracy:3.00
ELocation 227: Diff:1000 ms Accuracy:3.00
ELocation 228: Diff:1000 ms Accuracy:3.00
ELocation 229: Diff:1000 ms Accuracy:3.00
ELocation 230: Diff:1000 ms Accuracy:3.00
ETask 208: Configuration:2 Energy:0.00 Power:0.00 Reward:2.14 Time:5007
ELocation 231: Diff:1000 ms Accuracy:3.00
ELocation 232: Diff:1000 ms Accuracy:3.00
ELocation 233: Diff:1000 ms Accuracy:3.00
ELocation 234: Diff:1000 ms Accuracy:3.00
ELocation 235: Diff:1000 ms Accuracy:3.00
ETask 209: Configuration:2 Energy:0.00 Power:0.00 Reward:2.14 Time:5006
ELocation 236: Diff:1000 ms Accuracy:3.00
ELocation 237: Diff:1000 ms Accuracy:3.00
ELocation 238: Diff:1000 ms Accuracy:3.00
ELocation 239: Diff:1000 ms Accuracy:3.00
ELocation 240: Diff:1000 ms Accuracy:3.00
ETask 210: Configuration:2 Energy:0.00 Power:0.00 Reward:2.14 Time:5006
ELocation 241: Diff:1000 ms Accuracy:3.00
ELocation 242: Diff:1000 ms Accuracy:3.00
ELocation 243: Diff:1000 ms Accuracy:3.00
ELocation 244: Diff:1000 ms Accuracy:3.00
ELocation 245: Diff:1000 ms Accuracy:3.00
ETask 211: Configuration:2 Energy:0.00 Power:0.00 Reward:2.14 Time:5005
ELocation 246: Diff:1000 ms Accuracy:3.00
ELocation 247: Diff:1000 ms Accuracy:3.00
ELocation 248: Diff:1000 ms Accuracy:3.00
ELocation 249: Diff:1000 ms Accuracy:3.00
ELocation 250: Diff:1000 ms Accuracy:3.00
ETask 212: Configuration:2 Energy:0.00 Power:0.00 Reward:2.11 Time:5008
ELocation 251: Diff:1000 ms Accuracy:3.00
ELocation 252: Diff:1000 ms Accuracy:3.00
ELocation 253: Diff:1000 ms Accuracy:3.00
ELocation 254: Diff:1000 ms Accuracy:3.00
ELocation 255: Diff:1000 ms Accuracy:3.00
ETask 213: Configuration:2 Energy:0.00 Power:0.00 Reward:2.11 Time:5004
ELocation 256: Diff:1000 ms Accuracy:3.00
ELocation 257: Diff:1000 ms Accuracy:3.00
ELocation 258: Diff:1000 ms Accuracy:3.00
ELocation 259: Diff:1000 ms Accuracy:3.00
ELocation 260: Diff:1000 ms Accuracy:3.00
ETask 214: Configuration:2 Energy:0.00 Power:0.00 Reward:2.11 Time:5005
ELocation 261: Diff:1000 ms Accuracy:3.00
ELocation 262: Diff:1000 ms Accuracy:3.00
ELocation 263: Diff:1000 ms Accuracy:3.00
ELocation 264: Diff:1000 ms Accuracy:3.00
ELocation 265: Diff:1000 ms Accuracy:3.00
ETask 215: Configuration:2 Energy:0.00 Power:0.00 Reward:2.11 Time:5005
ELocation 266: Diff:1000 ms Accuracy:3.00
ELocation 267: Diff:1000 ms Accuracy:3.00
ELocation 268: Diff:1000 ms Accuracy:3.00
ELocation 269: Diff:1000 ms Accuracy:3.00
ELocation 270: Diff:1000 ms Accuracy:3.00
ETask 216: Configuration:2 Energy:0.00 Power:0.00 Reward:2.11 Time:5006
ELocation 271: Diff:1000 ms Accuracy:3.00
ELocation 272: Diff:1000 ms Accuracy:3.00
ELocation 273: Diff:1000 ms Accuracy:3.00
ELocation 274: Diff:1000 ms Accuracy:3.00
ELocation 275: Diff:1000 ms Accuracy:3.00
ETask 217: Configuration:2 Energy:0.00 Power:0.00 Reward:2.11 Time:5006
ELocation 276: Diff:1000 ms Accuracy:3.00
ELocation 277: Diff:1000 ms Accuracy:3.00
ELocation 278: Diff:1000 ms Accuracy:3.00
ELocation 279: Diff:1000 ms Accuracy:3.00
ELocation 280: Diff:1000 ms Accuracy:3.00
ETask 218: Configuration:2 Energy:0.00 Power:0.00 Reward:2.20 Time:5006
ELocation 281: Diff:1000 ms Accuracy:3.00
ELocation 282: Diff:1000 ms Accuracy:3.00
ELocation 283: Diff:1000 ms Accuracy:3.00
ELocation 284: Diff:1000 ms Accuracy:3.00
ELocation 285: Diff:1000 ms Accuracy:3.00
ETask 219: Configuration:2 Energy:0.00 Power:0.00 Reward:2.20 Time:5007
ELocation 286: Diff:1000 ms Accuracy:3.00
ELocation 287: Diff:1000 ms Accuracy:3.00
ELocation 288: Diff:1000 ms Accuracy:3.00
ELocation 289: Diff:1000 ms Accuracy:3.00
ELocation 290: Diff:1000 ms Accuracy:3.00
ETask 220: Configuration:2 Energy:0.00 Power:0.00 Reward:2.20 Time:5006
ELocation 291: Diff:1000 ms Accuracy:3.00
ELocation 292: Diff:1000 ms Accuracy:3.00
ELocation 293: Diff:1000 ms Accuracy:3.00
ELocation 294: Diff:1000 ms Accuracy:3.00
ELocation 295: Diff:1000 ms Accuracy:3.00
ETask 221: Configuration:2 Energy:0.00 Power:0.00 Reward:2.20 Time:5008
ELocation 296: Diff:1000 ms Accuracy:3.00
ELocation 297: Diff:1000 ms Accuracy:3.00
ELocation 298: Diff:1000 ms Accuracy:3.00
ELocation 299: Diff:1000 ms Accuracy:3.00
ELocation 300: Diff:1000 ms Accuracy:3.00
ETask 222: Configuration:2 Energy:0.00 Power:0.00 Reward:2.20 Time:5006
ELocation 301: Diff:1000 ms Accuracy:3.00
ELocation 302: Diff:1000 ms Accuracy:3.00
ELocation 303: Diff:1000 ms Accuracy:3.00
ELocation 304: Diff:1000 ms Accuracy:3.00
ELocation 305: Diff:1000 ms Accuracy:3.00
ETask 223: Configuration:2 Energy:0.00 Power:0.00 Reward:2.20 Time:5008
ELocation 306: Diff:1000 ms Accuracy:3.00
ELocation 307: Diff:1000 ms Accuracy:3.00
ELocation 308: Diff:1000 ms Accuracy:3.00
ELocation 309: Diff:1000 ms Accuracy:3.00
ELocation 310: Diff:1000 ms Accuracy:3.00
ETask 224: Configuration:2 Energy:0.00 Power:0.00 Reward:2.23 Time:5006
ELocation 311: Diff:1000 ms Accuracy:3.00
ELocation 312: Diff:1000 ms Accuracy:3.00
ELocation 313: Diff:1000 ms Accuracy:3.00
ELocation 314: Diff:1000 ms Accuracy:3.00
ELocation 315: Diff:1000 ms Accuracy:3.00
ETask 225: Configuration:2 Energy:0.00 Power:0.00 Reward:2.23 Time:5007
ELocation 316: Diff:1000 ms Accuracy:3.00
ELocation 317: Diff:1000 ms Accuracy:3.00
ELocation 318: Diff:1000 ms Accuracy:3.00
ELocation 319: Diff:1000 ms Accuracy:3.00
ELocation 320: Diff:1000 ms Accuracy:3.00
ETask 226: Configuration:2 Energy:0.00 Power:0.00 Reward:2.23 Time:5006
ELocation 321: Diff:1000 ms Accuracy:3.00
ELocation 322: Diff:1000 ms Accuracy:3.00
ELocation 323: Diff:1000 ms Accuracy:3.00
ELocation 324: Diff:1000 ms Accuracy:3.00
ELocation 325: Diff:1000 ms Accuracy:3.00
ETask 227: Configuration:2 Energy:0.00 Power:0.00 Reward:2.23 Time:5007
ELocation 326: Diff:1000 ms Accuracy:3.00
ELocation 327: Diff:1000 ms Accuracy:3.00
ELocation 328: Diff:1000 ms Accuracy:3.00
ELocation 329: Diff:1000 ms Accuracy:3.00
ELocation 330: Diff:1000 ms Accuracy:3.00
ETask 228: Configuration:2 Energy:0.00 Power:0.00 Reward:2.23 Time:5007
ELocation 331: Diff:1000 ms Accuracy:3.00
ELocation 332: Diff:1000 ms Accuracy:3.00
ELocation 333: Diff:1000 ms Accuracy:3.00
ELocation 334: Diff:1000 ms Accuracy:3.00
ELocation 335: Diff:1000 ms Accuracy:3.00
ETask 229: Configuration:2 Energy:0.00 Power:0.00 Reward:2.23 Time:5007
ELocation 336: Diff:1000 ms Accuracy:3.00
ELocation 337: Diff:1000 ms Accuracy:3.00
ELocation 338: Diff:1000 ms Accuracy:3.00
ELocation 339: Diff:1000 ms Accuracy:3.00
ELocation 340: Diff:1000 ms Accuracy:3.00
ETask 230: Configuration:2 Energy:0.00 Power:0.00 Reward:2.08 Time:5006
ELocation 341: Diff:1000 ms Accuracy:3.00
ELocation 342: Diff:1000 ms Accuracy:3.00
ELocation 343: Diff:1000 ms Accuracy:3.00
ELocation 344: Diff:1000 ms Accuracy:3.00
ELocation 345: Diff:1000 ms Accuracy:3.00
ETask 231: Configuration:2 Energy:0.00 Power:0.00 Reward:2.08 Time:5008
ELocation 346: Diff:1000 ms Accuracy:3.00
ELocation 347: Diff:1000 ms Accuracy:3.00
ELocation 348: Diff:1000 ms Accuracy:3.00
ELocation 349: Diff:1000 ms Accuracy:3.00
ELocation 350: Diff:1000 ms Accuracy:3.00
ETask 232: Configuration:2 Energy:0.00 Power:0.00 Reward:2.08 Time:5007
ELocation 351: Diff:1000 ms Accuracy:3.00
ELocation 352: Diff:1000 ms Accuracy:3.00
ELocation 353: Diff:1000 ms Accuracy:3.00
ELocation 354: Diff:1000 ms Accuracy:3.00
ELocation 355: Diff:1000 ms Accuracy:3.00
ETask 233: Configuration:2 Energy:0.00 Power:0.00 Reward:2.08 Time:5007
ELocation 356: Diff:1000 ms Accuracy:3.00
ELocation 357: Diff:1000 ms Accuracy:3.00
ELocation 358: Diff:1000 ms Accuracy:3.00
ELocation 359: Diff:1000 ms Accuracy:3.00
ELocation 360: Diff:1000 ms Accuracy:3.00
ETask 234: Configuration:2 Energy:0.00 Power:0.00 Reward:2.08 Time:5006
ELocation 361: Diff:1000 ms Accuracy:3.00
ELocation 362: Diff:1000 ms Accuracy:3.00
ELocation 363: Diff:1000 ms Accuracy:3.00
ELocation 364: Diff:1000 ms Accuracy:3.00
ELocation 365: Diff:1000 ms Accuracy:3.00
ETask 235: Configuration:2 Energy:0.00 Power:0.00 Reward:2.08 Time:5008
ELocation 366: Diff:1000 ms Accuracy:3.00
ELocation 367: Diff:1000 ms Accuracy:3.00
ELocation 368: Diff:1000 ms Accuracy:3.00
ELocation 369: Diff:1000 ms Accuracy:3.00
ELocation 370: Diff:1000 ms Accuracy:3.00
ETask 236: Configuration:2 Energy:0.00 Power:0.00 Reward:2.57 Time:5010
ELocation 371: Diff:1000 ms Accuracy:3.00
ELocation 372: Diff:1000 ms Accuracy:3.00
ELocation 373: Diff:1000 ms Accuracy:3.00
ELocation 374: Diff:1000 ms Accuracy:3.00
ELocation 375: Diff:1000 ms Accuracy:3.00
ETask 237: Configuration:2 Energy:0.00 Power:0.00 Reward:2.57 Time:5008
ELocation 376: Diff:1000 ms Accuracy:3.00
ELocation 377: Diff:1000 ms Accuracy:3.00
ELocation 378: Diff:1000 ms Accuracy:3.00
ELocation 379: Diff:1000 ms Accuracy:3.00
ELocation 380: Diff:1000 ms Accuracy:3.00
ETask 238: Configuration:2 Energy:0.00 Power:0.00 Reward:2.57 Time:5005
ELocation 381: Diff:1000 ms Accuracy:3.00
ELocation 382: Diff:1000 ms Accuracy:3.00
ELocation 383: Diff:1000 ms Accuracy:3.00
ELocation 384: Diff:1000 ms Accuracy:3.00
ELocation 385: Diff:1000 ms Accuracy:3.00
ETask 239: Configuration:2 Energy:0.00 Power:0.00 Reward:2.57 Time:5006
ELocation 386: Diff:1000 ms Accuracy:3.00
ELocation 387: Diff:1000 ms Accuracy:3.00
ELocation 388: Diff:1000 ms Accuracy:3.00
ELocation 389: Diff:1000 ms Accuracy:3.00
ELocation 390: Diff:1000 ms Accuracy:3.00
ETask 240: Configuration:2 Energy:0.00 Power:0.00 Reward:2.57 Time:5006
ELocation 391: Diff:1000 ms Accuracy:3.00
ELocation 392: Diff:1000 ms Accuracy:3.00
ELocation 393: Diff:1000 ms Accuracy:3.00
ELocation 394: Diff:1000 ms Accuracy:3.00
ELocation 395: Diff:1000 ms Accuracy:3.00
ETask 241: Configuration:2 Energy:0.00 Power:0.00 Reward:2.55 Time:5007
ELocation 396: Diff:1000 ms Accuracy:3.00
ELocation 397: Diff:1000 ms Accuracy:3.00
ELocation 398: Diff:1000 ms Accuracy:3.00
ELocation 399: Diff:1000 ms Accuracy:3.00
ELocation 400: Diff:1000 ms Accuracy:3.00
ELocation 401: Diff:1000 ms Accuracy:3.00
ETask 242: Configuration:2 Energy:0.00 Power:0.00 Reward:2.15 Time:5014
ELocation 402: Diff:1000 ms Accuracy:3.00
ELocation 403: Diff:1000 ms Accuracy:3.00
ELocation 404: Diff:1000 ms Accuracy:3.00
ELocation 405: Diff:1000 ms Accuracy:3.00
ELocation 406: Diff:1000 ms Accuracy:3.00
ETask 243: Configuration:2 Energy:0.00 Power:0.00 Reward:2.15 Time:5010
ELocation 407: Diff:1000 ms Accuracy:3.00
ELocation 408: Diff:1000 ms Accuracy:3.00
ELocation 409: Diff:1000 ms Accuracy:3.00
ELocation 410: Diff:1000 ms Accuracy:3.00
ELocation 411: Diff:1000 ms Accuracy:3.00
ETask 244: Configuration:2 Energy:0.00 Power:0.00 Reward:2.15 Time:5006
ELocation 412: Diff:1000 ms Accuracy:3.00
ELocation 413: Diff:1000 ms Accuracy:3.00
ELocation 414: Diff:1000 ms Accuracy:3.00
ELocation 415: Diff:1000 ms Accuracy:3.00
ELocation 416: Diff:1000 ms Accuracy:3.00
ETask 245: Configuration:2 Energy:0.00 Power:0.00 Reward:2.15 Time:5005
ELocation 417: Diff:1000 ms Accuracy:3.00
ELocation 418: Diff:1000 ms Accuracy:3.00
ELocation 419: Diff:1000 ms Accuracy:3.00
ELocation 420: Diff:1000 ms Accuracy:3.00
ELocation 421: Diff:1000 ms Accuracy:3.00
ETask 246: Configuration:2 Energy:0.00 Power:0.00 Reward:2.15 Time:5004
ECycle 2: Energy:0.00 Power:0.00 Drain:0.03
ELocation 422: Diff:1000 ms Accuracy:3.00
ELocation 423: Diff:1000 ms Accuracy:3.00
ELocation 424: Diff:1000 ms Accuracy:3.00
ELocation 425: Diff:1000 ms Accuracy:3.00
ELocation 426: Diff:1000 ms Accuracy:3.00
ELocation 427: Diff:0 ms Accuracy:3.00
ELocation 428: Diff:0 ms Accuracy:3.00
ELocation 429: Diff:13000 ms Accuracy:5.00
ETask 250: Configuration:3 Energy:0.00 Power:0.00 Reward:1.41 Time:5011
ETask 251: Configuration:3 Energy:0.00 Power:0.00 Reward:1.41 Time:5007
ELocation 430: Diff:10000 ms Accuracy:3.00
ETask 252: Configuration:3 Energy:0.00 Power:0.00 Reward:1.41 Time:5005
ETask 253: Configuration:3 Energy:0.00 Power:0.00 Reward:1.41 Time:5007
ELocation 431: Diff:10000 ms Accuracy:3.00
ETask 254: Configuration:3 Energy:0.00 Power:0.00 Reward:1.41 Time:5006
ETask 255: Configuration:3 Energy:0.00 Power:0.00 Reward:1.82 Time:5007
ETask 256: Configuration:3 Energy:0.00 Power:0.00 Reward:1.82 Time:5006
ETask 257: Configuration:3 Energy:0.00 Power:0.00 Reward:1.82 Time:5007
ELocation 432: Diff:20000 ms Accuracy:4.00
ETask 258: Configuration:3 Energy:0.00 Power:0.00 Reward:1.82 Time:5007
ETask 259: Configuration:3 Energy:0.00 Power:0.00 Reward:1.82 Time:5007
ELocation 433: Diff:10000 ms Accuracy:8.00
ETask 260: Configuration:3 Energy:0.00 Power:0.00 Reward:1.82 Time:5005
ETask 261: Configuration:3 Energy:0.00 Power:0.00 Reward:1.64 Time:5007
ELocation 434: Diff:10000 ms Accuracy:6.00
ETask 262: Configuration:3 Energy:0.00 Power:0.00 Reward:1.64 Time:5006
ETask 263: Configuration:3 Energy:0.00 Power:0.00 Reward:1.64 Time:5008
ETask 264: Configuration:3 Energy:0.00 Power:0.00 Reward:1.64 Time:5007
ETask 265: Configuration:3 Energy:0.00 Power:0.00 Reward:1.64 Time:5006
ELocation 435: Diff:20000 ms Accuracy:3.00
ETask 266: Configuration:3 Energy:0.00 Power:0.00 Reward:1.64 Time:5007
ETask 267: Configuration:3 Energy:0.00 Power:0.00 Reward:1.70 Time:5006
ELocation 436: Diff:10000 ms Accuracy:5.00
ETask 268: Configuration:3 Energy:0.00 Power:0.00 Reward:1.70 Time:5007
ETask 269: Configuration:3 Energy:0.00 Power:0.00 Reward:1.70 Time:5008
ETask 270: Configuration:3 Energy:0.00 Power:0.00 Reward:1.70 Time:5006
ETask 271: Configuration:3 Energy:0.00 Power:0.00 Reward:1.70 Time:5009
ELocation 437: Diff:20000 ms Accuracy:3.00
ETask 272: Configuration:3 Energy:0.00 Power:0.00 Reward:1.70 Time:5006
ETask 273: Configuration:3 Energy:0.00 Power:0.00 Reward:1.66 Time:5006
ETask 274: Configuration:3 Energy:0.00 Power:0.00 Reward:1.66 Time:5009
ETask 275: Configuration:3 Energy:0.00 Power:0.00 Reward:1.66 Time:5007
ELocation 438: Diff:20000 ms Accuracy:3.00
ETask 276: Configuration:3 Energy:0.00 Power:0.00 Reward:1.66 Time:5007
ETask 277: Configuration:3 Energy:0.00 Power:0.00 Reward:1.66 Time:5006
ELocation 439: Diff:10000 ms Accuracy:4.00
ETask 278: Configuration:3 Energy:0.00 Power:0.00 Reward:1.66 Time:5006
ETask 279: Configuration:3 Energy:0.00 Power:0.00 Reward:1.22 Time:5009
ELocation 440: Diff:10000 ms Accuracy:6.00
ETask 280: Configuration:3 Energy:0.00 Power:0.00 Reward:1.22 Time:5007
ETask 281: Configuration:3 Energy:0.00 Power:0.00 Reward:1.22 Time:5009
ETask 282: Configuration:3 Energy:0.00 Power:0.00 Reward:1.22 Time:5007
ETask 283: Configuration:3 Energy:0.00 Power:0.00 Reward:1.22 Time:5005
ELocation 441: Diff:20000 ms Accuracy:3.00
ETask 284: Configuration:3 Energy:0.00 Power:0.00 Reward:1.22 Time:5005
ETask 285: Configuration:3 Energy:0.00 Power:0.00 Reward:1.62 Time:5006
ETask 286: Configuration:3 Energy:0.00 Power:0.00 Reward:1.62 Time:5007
ETask 287: Configuration:3 Energy:0.00 Power:0.00 Reward:1.62 Time:5007
ELocation 442: Diff:20000 ms Accuracy:6.00
ETask 288: Configuration:3 Energy:0.00 Power:0.00 Reward:1.62 Time:5005
ETask 289: Configuration:3 Energy:0.00 Power:0.00 Reward:1.62 Time:5008
ETask 290: Configuration:3 Energy:0.00 Power:0.00 Reward:1.62 Time:5007
ETask 291: Configuration:3 Energy:0.00 Power:0.00 Reward:1.17 Time:5007
ELocation 443: Diff:20000 ms Accuracy:11.00
ETask 292: Configuration:3 Energy:0.00 Power:0.00 Reward:1.17 Time:5008
ETask 293: Configuration:3 Energy:0.00 Power:0.00 Reward:1.17 Time:5008
ELocation 444: Diff:10000 ms Accuracy:4.00
ETask 294: Configuration:3 Energy:0.00 Power:0.00 Reward:1.17 Time:5006
ETask 295: Configuration:3 Energy:0.00 Power:0.00 Reward:1.17 Time:5008
ETask 296: Configuration:3 Energy:0.00 Power:0.00 Reward:1.17 Time:5007
ETask 297: Configuration:3 Energy:0.00 Power:0.00 Reward:1.17 Time:5006
ELocation 445: Diff:20000 ms Accuracy:4.00
ETask 298: Configuration:3 Energy:0.00 Power:0.00 Reward:1.27 Time:5005
ETask 299: Configuration:3 Energy:0.00 Power:0.00 Reward:1.27 Time:5006
ETask 300: Configuration:3 Energy:0.00 Power:0.00 Reward:1.27 Time:5006
ETask 301: Configuration:3 Energy:0.00 Power:0.00 Reward:1.27 Time:5007
ELocation 446: Diff:20000 ms Accuracy:3.00
ETask 302: Configuration:3 Energy:0.00 Power:0.00 Reward:1.27 Time:5009
ETask 303: Configuration:3 Energy:0.00 Power:0.00 Reward:1.27 Time:5007
ELocation 447: Diff:10000 ms Accuracy:5.00
ETask 304: Configuration:3 Energy:0.00 Power:0.00 Reward:1.30 Time:5006
ETask 305: Configuration:3 Energy:0.00 Power:0.00 Reward:1.30 Time:5006
ELocation 448: Diff:10000 ms Accuracy:4.00
ETask 306: Configuration:3 Energy:0.00 Power:0.00 Reward:1.30 Time:5006
ETask 307: Configuration:3 Energy:0.00 Power:0.00 Reward:1.30 Time:5007
ETask 308: Configuration:3 Energy:0.00 Power:0.00 Reward:1.30 Time:5006
ETask 309: Configuration:3 Energy:0.00 Power:0.00 Reward:1.30 Time:5009
ECycle 3: Energy:0.00 Power:0.00 Drain:0.00
ELocation 449: Diff:20000 ms Accuracy:5.00
ELocation 450: Diff:0 ms Accuracy:5.00
ELocation 451: Diff:3504 ms Accuracy:4.00
ELocation 452: Diff:6496 ms Accuracy:3.00
ELocation 453: Diff:5000 ms Accuracy:3.00
ETask 313: Configuration:4 Energy:0.00 Power:0.00 Reward:1.29 Time:5010
ELocation 454: Diff:6000 ms Accuracy:3.00
ETask 314: Configuration:4 Energy:0.00 Power:0.00 Reward:1.29 Time:5008
ELocation 455: Diff:5000 ms Accuracy:3.00
ETask 315: Configuration:4 Energy:0.00 Power:0.00 Reward:1.29 Time:5005
ELocation 456: Diff:6000 ms Accuracy:3.00
ETask 316: Configuration:4 Energy:0.00 Power:0.00 Reward:1.20 Time:5003
ELocation 457: Diff:5000 ms Accuracy:3.00
ETask 317: Configuration:4 Energy:0.00 Power:0.00 Reward:1.20 Time:5006
ELocation 458: Diff:5000 ms Accuracy:3.00
ETask 318: Configuration:4 Energy:0.00 Power:0.00 Reward:1.20 Time:5005
ELocation 459: Diff:6000 ms Accuracy:3.00
ETask 319: Configuration:4 Energy:0.00 Power:0.00 Reward:1.20 Time:5003
ELocation 460: Diff:5000 ms Accuracy:3.00
ETask 320: Configuration:4 Energy:0.00 Power:0.00 Reward:1.20 Time:5005
ETask 321: Configuration:4 Energy:0.00 Power:0.00 Reward:1.20 Time:5009
ELocation 461: Diff:6000 ms Accuracy:3.00
ETask 322: Configuration:4 Energy:0.00 Power:0.00 Reward:2.17 Time:5006
ELocation 462: Diff:6000 ms Accuracy:3.00
ETask 323: Configuration:4 Energy:0.00 Power:0.00 Reward:2.17 Time:5007
ELocation 463: Diff:5000 ms Accuracy:3.00
ETask 324: Configuration:4 Energy:0.00 Power:0.00 Reward:2.17 Time:5011
ELocation 464: Diff:5000 ms Accuracy:3.00
ETask 325: Configuration:4 Energy:0.00 Power:0.00 Reward:2.17 Time:5021
ELocation 465: Diff:5000 ms Accuracy:3.00
ETask 326: Configuration:4 Energy:0.00 Power:0.00 Reward:2.16 Time:5010
ELocation 466: Diff:5000 ms Accuracy:3.00
ETask 327: Configuration:4 Energy:0.00 Power:0.00 Reward:2.16 Time:5012
ELocation 467: Diff:5000 ms Accuracy:3.00
ETask 328: Configuration:4 Energy:0.00 Power:0.00 Reward:2.12 Time:5010
ELocation 468: Diff:6000 ms Accuracy:3.00
ETask 329: Configuration:4 Energy:0.00 Power:0.00 Reward:2.12 Time:5007
ELocation 469: Diff:5000 ms Accuracy:3.00
ETask 330: Configuration:4 Energy:0.00 Power:0.00 Reward:2.12 Time:5005
ELocation 470: Diff:6000 ms Accuracy:3.00
ETask 331: Configuration:4 Energy:0.00 Power:0.00 Reward:2.12 Time:5005
ELocation 471: Diff:5000 ms Accuracy:3.00
ETask 332: Configuration:4 Energy:0.00 Power:0.00 Reward:2.12 Time:5009
ELocation 472: Diff:6000 ms Accuracy:3.00
ETask 333: Configuration:4 Energy:0.00 Power:0.00 Reward:2.12 Time:5009
ELocation 473: Diff:5000 ms Accuracy:3.00
ETask 334: Configuration:4 Energy:0.00 Power:0.00 Reward:1.20 Time:5006
ETask 335: Configuration:4 Energy:0.00 Power:0.00 Reward:1.20 Time:5009
ELocation 474: Diff:6000 ms Accuracy:3.00
ETask 336: Configuration:4 Energy:0.00 Power:0.00 Reward:1.20 Time:5008
ELocation 475: Diff:6000 ms Accuracy:3.00
ETask 337: Configuration:4 Energy:0.00 Power:0.00 Reward:1.20 Time:5008
ELocation 476: Diff:5000 ms Accuracy:3.00
ETask 338: Configuration:4 Energy:0.00 Power:0.00 Reward:1.20 Time:5010
ELocation 477: Diff:6000 ms Accuracy:3.00
ETask 339: Configuration:4 Energy:0.00 Power:0.00 Reward:1.20 Time:5007
ELocation 478: Diff:5000 ms Accuracy:3.00
ETask 340: Configuration:4 Energy:0.00 Power:0.00 Reward:1.20 Time:5010
ELocation 479: Diff:6000 ms Accuracy:3.00
ETask 341: Configuration:4 Energy:0.00 Power:0.00 Reward:2.60 Time:5004
ELocation 480: Diff:5000 ms Accuracy:3.00
ETask 342: Configuration:4 Energy:0.00 Power:0.00 Reward:2.60 Time:5005
ELocation 481: Diff:5000 ms Accuracy:3.00
ETask 343: Configuration:4 Energy:0.00 Power:0.00 Reward:2.60 Time:5009
ELocation 482: Diff:6000 ms Accuracy:3.00
ETask 344: Configuration:4 Energy:0.00 Power:0.00 Reward:2.60 Time:5010
ELocation 483: Diff:5000 ms Accuracy:3.00
ETask 345: Configuration:4 Energy:0.00 Power:0.00 Reward:2.60 Time:5008
ELocation 484: Diff:5000 ms Accuracy:3.00
ETask 346: Configuration:4 Energy:0.00 Power:0.00 Reward:2.60 Time:5010
ELocation 485: Diff:5000 ms Accuracy:3.00
ETask 347: Configuration:4 Energy:0.00 Power:0.00 Reward:3.04 Time:5007
ELocation 486: Diff:5000 ms Accuracy:3.00
ETask 348: Configuration:4 Energy:0.00 Power:0.00 Reward:3.04 Time:5007
ETask 349: Configuration:4 Energy:0.00 Power:0.00 Reward:3.04 Time:5008
ELocation 487: Diff:6000 ms Accuracy:3.00
ETask 350: Configuration:4 Energy:0.00 Power:0.00 Reward:3.04 Time:5011
ELocation 488: Diff:6000 ms Accuracy:3.00
ETask 351: Configuration:4 Energy:0.00 Power:0.00 Reward:3.04 Time:5009
ELocation 489: Diff:5000 ms Accuracy:3.00
ETask 352: Configuration:4 Energy:0.00 Power:0.00 Reward:3.04 Time:5009
ELocation 490: Diff:6000 ms Accuracy:3.00
ETask 353: Configuration:4 Energy:0.00 Power:0.00 Reward:1.22 Time:5008
ELocation 491: Diff:6000 ms Accuracy:3.00
ETask 354: Configuration:4 Energy:0.00 Power:0.00 Reward:1.22 Time:5006
ELocation 492: Diff:6000 ms Accuracy:3.00
ETask 355: Configuration:4 Energy:0.00 Power:0.00 Reward:1.22 Time:5005
ETask 356: Configuration:4 Energy:0.00 Power:0.00 Reward:1.22 Time:5010
ELocation 493: Diff:6000 ms Accuracy:3.00
ETask 357: Configuration:4 Energy:0.00 Power:0.00 Reward:1.22 Time:5009
ELocation 494: Diff:6000 ms Accuracy:3.00
ETask 358: Configuration:4 Energy:0.00 Power:0.00 Reward:1.22 Time:5009
ELocation 495: Diff:5000 ms Accuracy:3.00
ETask 359: Configuration:4 Energy:0.00 Power:0.00 Reward:2.12 Time:5008
ELocation 496: Diff:6000 ms Accuracy:3.00
ETask 360: Configuration:4 Energy:0.00 Power:0.00 Reward:2.12 Time:5007
ELocation 497: Diff:6000 ms Accuracy:3.00
ETask 361: Configuration:4 Energy:0.00 Power:0.00 Reward:2.11 Time:5010
ELocation 498: Diff:6000 ms Accuracy:3.00
ETask 362: Configuration:4 Energy:0.00 Power:0.00 Reward:2.11 Time:5006
ETask 363: Configuration:4 Energy:0.00 Power:0.00 Reward:2.11 Time:5010
ELocation 499: Diff:6000 ms Accuracy:3.00
ETask 364: Configuration:4 Energy:0.00 Power:0.00 Reward:2.11 Time:5009
ELocation 500: Diff:5000 ms Accuracy:3.00
ETask 365: Configuration:4 Energy:0.00 Power:0.00 Reward:2.16 Time:5008
ELocation 501: Diff:6000 ms Accuracy:3.00
ETask 366: Configuration:4 Energy:0.00 Power:0.00 Reward:2.16 Time:5009
ELocation 502: Diff:6000 ms Accuracy:3.00
ETask 367: Configuration:4 Energy:0.00 Power:0.00 Reward:2.16 Time:5007
ELocation 503: Diff:6000 ms Accuracy:3.00
ETask 368: Configuration:4 Energy:0.00 Power:0.00 Reward:2.16 Time:5005
ELocation 504: Diff:6000 ms Accuracy:3.00
ETask 369: Configuration:4 Energy:0.00 Power:0.00 Reward:2.16 Time:5009
ELocation 505: Diff:5000 ms Accuracy:3.00
ETask 370: Configuration:4 Energy:0.00 Power:0.00 Reward:2.16 Time:5007
ETask 371: Configuration:4 Energy:0.00 Power:0.00 Reward:1.31 Time:5011
ELocation 506: Diff:6000 ms Accuracy:3.00
ETask 372: Configuration:4 Energy:0.00 Power:0.00 Reward:1.31 Time:5009
ECycle 4: Energy:0.00 Power:0.00 Drain:0.03
ELocation 507: Diff:5000 ms Accuracy:3.00
ELocation 508: Diff:4000 ms Accuracy:3.00
ELocation 509: Diff:1000 ms Accuracy:3.00
ELocation 510: Diff:1000 ms Accuracy:3.00
ELocation 511: Diff:1000 ms Accuracy:3.00
ELocation 512: Diff:1000 ms Accuracy:3.00
ELocation 513: Diff:1000 ms Accuracy:3.00
ELocation 514: Diff:1000 ms Accuracy:3.00
ELocation 515: Diff:1000 ms Accuracy:3.00
ELocation 516: Diff:1000 ms Accuracy:3.00
ELocation 517: Diff:1000 ms Accuracy:3.00
ELocation 518: Diff:1000 ms Accuracy:3.00
ELocation 519: Diff:1000 ms Accuracy:3.00
ELocation 520: Diff:1000 ms Accuracy:3.00
ELocation 521: Diff:1000 ms Accuracy:3.00
ELocation 522: Diff:1000 ms Accuracy:3.00
ELocation 523: Diff:1000 ms Accuracy:3.00
ETask 376: Configuration:5 Energy:0.00 Power:0.00 Reward:1.31 Time:5008
ELocation 524: Diff:1000 ms Accuracy:3.00
ELocation 525: Diff:1000 ms Accuracy:3.00
ELocation 526: Diff:1000 ms Accuracy:3.00
ELocation 527: Diff:1000 ms Accuracy:3.00
ELocation 528: Diff:1000 ms Accuracy:3.00
ETask 377: Configuration:5 Energy:0.00 Power:0.00 Reward:2.22 Time:5007
ELocation 529: Diff:1000 ms Accuracy:3.00
ELocation 530: Diff:1000 ms Accuracy:3.00
ELocation 531: Diff:1000 ms Accuracy:3.00
ELocation 532: Diff:1000 ms Accuracy:3.00
ELocation 533: Diff:1000 ms Accuracy:3.00
ETask 378: Configuration:5 Energy:0.00 Power:0.00 Reward:2.22 Time:5008
ELocation 534: Diff:1000 ms Accuracy:3.00
ELocation 535: Diff:1000 ms Accuracy:3.00
ELocation 536: Diff:1000 ms Accuracy:3.00
ELocation 537: Diff:1000 ms Accuracy:3.00
ELocation 538: Diff:1000 ms Accuracy:3.00
ETask 379: Configuration:5 Energy:0.00 Power:0.00 Reward:2.22 Time:5007
ELocation 539: Diff:1000 ms Accuracy:3.00
ELocation 540: Diff:1000 ms Accuracy:3.00
ELocation 541: Diff:1000 ms Accuracy:3.00
ELocation 542: Diff:1000 ms Accuracy:3.00
ELocation 543: Diff:1000 ms Accuracy:3.00
ETask 380: Configuration:5 Energy:0.00 Power:0.00 Reward:2.22 Time:5011
ELocation 544: Diff:1000 ms Accuracy:3.00
ELocation 545: Diff:1000 ms Accuracy:3.00
ELocation 546: Diff:1000 ms Accuracy:3.00
ELocation 547: Diff:1000 ms Accuracy:3.00
ELocation 548: Diff:1000 ms Accuracy:3.00
ELocation 549: Diff:1000 ms Accuracy:3.00
ETask 381: Configuration:5 Energy:0.00 Power:0.00 Reward:2.22 Time:5016
ELocation 550: Diff:1000 ms Accuracy:3.00
ELocation 551: Diff:1000 ms Accuracy:3.00
ELocation 552: Diff:1000 ms Accuracy:3.00
ELocation 553: Diff:1000 ms Accuracy:3.00
ELocation 554: Diff:1000 ms Accuracy:3.00
ETask 382: Configuration:5 Energy:0.00 Power:0.00 Reward:2.22 Time:5003
ELocation 555: Diff:1000 ms Accuracy:3.00
ELocation 556: Diff:1000 ms Accuracy:3.00
ELocation 557: Diff:1000 ms Accuracy:3.00
ELocation 558: Diff:1000 ms Accuracy:3.00
ELocation 559: Diff:1000 ms Accuracy:3.00
ETask 383: Configuration:5 Energy:0.00 Power:0.00 Reward:2.65 Time:5005
ELocation 560: Diff:1000 ms Accuracy:3.00
ELocation 561: Diff:1000 ms Accuracy:3.00
ELocation 562: Diff:1000 ms Accuracy:3.00
ELocation 563: Diff:1000 ms Accuracy:3.00
ELocation 564: Diff:1000 ms Accuracy:3.00
ETask 384: Configuration:5 Energy:0.00 Power:0.00 Reward:2.65 Time:5006
ELocation 565: Diff:1000 ms Accuracy:3.00
ELocation 566: Diff:1000 ms Accuracy:3.00
ELocation 567: Diff:1000 ms Accuracy:3.00
ELocation 568: Diff:1000 ms Accuracy:3.00
ELocation 569: Diff:1000 ms Accuracy:3.00
ETask 385: Configuration:5 Energy:0.00 Power:0.00 Reward:2.65 Time:5004
ELocation 570: Diff:1000 ms Accuracy:3.00
ELocation 571: Diff:1000 ms Accuracy:3.00
ELocation 572: Diff:1000 ms Accuracy:3.00
ELocation 573: Diff:1000 ms Accuracy:3.00
ELocation 574: Diff:1000 ms Accuracy:3.00
ETask 386: Configuration:5 Energy:0.00 Power:0.00 Reward:2.65 Time:5004
ELocation 575: Diff:1000 ms Accuracy:3.00
ELocation 576: Diff:1000 ms Accuracy:3.00
ELocation 577: Diff:1000 ms Accuracy:3.00
ELocation 578: Diff:1000 ms Accuracy:3.00
ELocation 579: Diff:1000 ms Accuracy:3.00
ETask 387: Configuration:5 Energy:0.00 Power:0.00 Reward:2.65 Time:5003
ELocation 580: Diff:1000 ms Accuracy:3.00
ELocation 581: Diff:1000 ms Accuracy:3.00
ELocation 582: Diff:1000 ms Accuracy:3.00
ELocation 583: Diff:1000 ms Accuracy:3.00
ELocation 584: Diff:1000 ms Accuracy:3.00
ETask 388: Configuration:5 Energy:0.00 Power:0.00 Reward:2.65 Time:5004
ELocation 585: Diff:1000 ms Accuracy:3.00
ELocation 586: Diff:1000 ms Accuracy:3.00
ELocation 587: Diff:1000 ms Accuracy:3.00
ELocation 588: Diff:1000 ms Accuracy:3.00
ELocation 589: Diff:1000 ms Accuracy:3.00
ETask 389: Configuration:5 Energy:0.00 Power:0.00 Reward:2.65 Time:5004
ELocation 590: Diff:1000 ms Accuracy:3.00
ELocation 591: Diff:1000 ms Accuracy:3.00
ELocation 592: Diff:1000 ms Accuracy:3.00
ELocation 593: Diff:1000 ms Accuracy:3.00
ELocation 594: Diff:1000 ms Accuracy:3.00
ETask 390: Configuration:5 Energy:0.00 Power:0.00 Reward:3.06 Time:5005
ELocation 595: Diff:1000 ms Accuracy:3.00
ELocation 596: Diff:1000 ms Accuracy:3.00
ELocation 597: Diff:1000 ms Accuracy:3.00
ELocation 598: Diff:1000 ms Accuracy:3.00
ELocation 599: Diff:1000 ms Accuracy:3.00
ETask 391: Configuration:5 Energy:0.00 Power:0.00 Reward:3.06 Time:5006
ELocation 600: Diff:1000 ms Accuracy:3.00
ELocation 601: Diff:1000 ms Accuracy:3.00
ELocation 602: Diff:1000 ms Accuracy:3.00
ELocation 603: Diff:1000 ms Accuracy:3.00
ELocation 604: Diff:1000 ms Accuracy:3.00
ETask 392: Configuration:5 Energy:0.00 Power:0.00 Reward:3.06 Time:5004
ELocation 605: Diff:1000 ms Accuracy:3.00
ELocation 606: Diff:1000 ms Accuracy:3.00
ELocation 607: Diff:1000 ms Accuracy:3.00
ELocation 608: Diff:1000 ms Accuracy:3.00
ELocation 609: Diff:1000 ms Accuracy:3.00
ETask 393: Configuration:5 Energy:0.00 Power:0.00 Reward:3.06 Time:5007
ELocation 610: Diff:1000 ms Accuracy:3.00
ELocation 611: Diff:1000 ms Accuracy:3.00
ELocation 612: Diff:1000 ms Accuracy:3.00
ELocation 613: Diff:1000 ms Accuracy:3.00
ELocation 614: Diff:1000 ms Accuracy:3.00
ETask 394: Configuration:5 Energy:0.00 Power:0.00 Reward:3.06 Time:5005
ELocation 615: Diff:1000 ms Accuracy:3.00
ELocation 616: Diff:1000 ms Accuracy:3.00
ELocation 617: Diff:1000 ms Accuracy:3.00
ELocation 618: Diff:1000 ms Accuracy:3.00
ELocation 619: Diff:1000 ms Accuracy:3.00
ETask 395: Configuration:5 Energy:0.00 Power:0.00 Reward:3.06 Time:5005
ELocation 620: Diff:1000 ms Accuracy:3.00
ELocation 621: Diff:1000 ms Accuracy:3.00
ELocation 622: Diff:1000 ms Accuracy:3.00
ELocation 623: Diff:1000 ms Accuracy:3.00
ELocation 624: Diff:1000 ms Accuracy:3.00
ETask 396: Configuration:5 Energy:0.00 Power:0.00 Reward:2.81 Time:5005
ELocation 625: Diff:1000 ms Accuracy:3.00
ELocation 626: Diff:1000 ms Accuracy:3.00
ELocation 627: Diff:1000 ms Accuracy:3.00
ELocation 628: Diff:1000 ms Accuracy:3.00
ELocation 629: Diff:1000 ms Accuracy:3.00
ETask 397: Configuration:5 Energy:0.00 Power:0.00 Reward:2.81 Time:5007
ELocation 630: Diff:1000 ms Accuracy:3.00
ELocation 631: Diff:1000 ms Accuracy:3.00
ELocation 632: Diff:1000 ms Accuracy:3.00
ELocation 633: Diff:1000 ms Accuracy:3.00
ELocation 634: Diff:1000 ms Accuracy:3.00
ETask 398: Configuration:5 Energy:0.00 Power:0.00 Reward:2.81 Time:5005
ELocation 635: Diff:1000 ms Accuracy:3.00
ELocation 636: Diff:1000 ms Accuracy:3.00
ELocation 637: Diff:1000 ms Accuracy:3.00
ELocation 638: Diff:1000 ms Accuracy:3.00
ELocation 639: Diff:1000 ms Accuracy:3.00
ETask 399: Configuration:5 Energy:0.00 Power:0.00 Reward:2.81 Time:5003
ELocation 640: Diff:1000 ms Accuracy:3.00
ELocation 641: Diff:1000 ms Accuracy:3.00
ELocation 642: Diff:1000 ms Accuracy:3.00
ELocation 643: Diff:1000 ms Accuracy:3.00
ELocation 644: Diff:1000 ms Accuracy:3.00
ETask 400: Configuration:5 Energy:0.00 Power:0.00 Reward:2.81 Time:5006
ELocation 645: Diff:1000 ms Accuracy:3.00
ELocation 646: Diff:1000 ms Accuracy:3.00
ELocation 647: Diff:1000 ms Accuracy:3.00
ELocation 648: Diff:1000 ms Accuracy:3.00
ELocation 649: Diff:1000 ms Accuracy:3.00
ETask 401: Configuration:5 Energy:0.00 Power:0.00 Reward:2.81 Time:5004
ELocation 650: Diff:1000 ms Accuracy:3.00
ELocation 651: Diff:1000 ms Accuracy:3.00
ELocation 652: Diff:1000 ms Accuracy:3.00
ELocation 653: Diff:1000 ms Accuracy:3.00
ELocation 654: Diff:1000 ms Accuracy:3.00
ETask 402: Configuration:5 Energy:0.00 Power:0.00 Reward:2.65 Time:5005
ELocation 655: Diff:1000 ms Accuracy:3.00
ELocation 656: Diff:1000 ms Accuracy:3.00
ELocation 657: Diff:1000 ms Accuracy:3.00
ELocation 658: Diff:1000 ms Accuracy:3.00
ELocation 659: Diff:1000 ms Accuracy:3.00
ETask 403: Configuration:5 Energy:0.00 Power:0.00 Reward:2.65 Time:5007
ELocation 660: Diff:1000 ms Accuracy:3.00
ELocation 661: Diff:1000 ms Accuracy:3.00
ELocation 662: Diff:1000 ms Accuracy:3.00
ELocation 663: Diff:1000 ms Accuracy:3.00
ELocation 664: Diff:1000 ms Accuracy:3.00
ETask 404: Configuration:5 Energy:0.00 Power:0.00 Reward:2.65 Time:5007
ELocation 665: Diff:1000 ms Accuracy:3.00
ELocation 666: Diff:1000 ms Accuracy:3.00
ELocation 667: Diff:1000 ms Accuracy:3.00
ELocation 668: Diff:1000 ms Accuracy:3.00
ELocation 669: Diff:1000 ms Accuracy:3.00
ETask 405: Configuration:5 Energy:0.00 Power:0.00 Reward:2.65 Time:5005
ELocation 670: Diff:1000 ms Accuracy:3.00
ELocation 671: Diff:1000 ms Accuracy:3.00
ELocation 672: Diff:1000 ms Accuracy:3.00
ELocation 673: Diff:1000 ms Accuracy:3.00
ELocation 674: Diff:1000 ms Accuracy:3.00
ETask 406: Configuration:5 Energy:0.00 Power:0.00 Reward:2.65 Time:5003
ELocation 675: Diff:1000 ms Accuracy:3.00
ELocation 676: Diff:1000 ms Accuracy:3.00
ELocation 677: Diff:1000 ms Accuracy:3.00
ELocation 678: Diff:1000 ms Accuracy:3.00
ELocation 679: Diff:1000 ms Accuracy:3.00
ETask 407: Configuration:5 Energy:0.00 Power:0.00 Reward:2.65 Time:5006
ELocation 680: Diff:1000 ms Accuracy:3.00
ELocation 681: Diff:1000 ms Accuracy:3.00
ELocation 682: Diff:1000 ms Accuracy:3.00
ELocation 683: Diff:1000 ms Accuracy:3.00
ELocation 684: Diff:1000 ms Accuracy:3.00
ETask 408: Configuration:5 Energy:0.00 Power:0.00 Reward:2.17 Time:5005
ELocation 685: Diff:1000 ms Accuracy:3.00
ELocation 686: Diff:1000 ms Accuracy:3.00
ELocation 687: Diff:1000 ms Accuracy:3.00
ELocation 688: Diff:1000 ms Accuracy:3.00
ELocation 689: Diff:1000 ms Accuracy:3.00
ETask 409: Configuration:5 Energy:0.00 Power:0.00 Reward:2.17 Time:5006
ELocation 690: Diff:1000 ms Accuracy:3.00
ELocation 691: Diff:1000 ms Accuracy:3.00
ELocation 692: Diff:1000 ms Accuracy:3.00
ELocation 693: Diff:1000 ms Accuracy:3.00
ELocation 694: Diff:1000 ms Accuracy:3.00
ETask 410: Configuration:5 Energy:0.00 Power:0.00 Reward:2.17 Time:5007
ELocation 695: Diff:1000 ms Accuracy:3.00
ELocation 696: Diff:1000 ms Accuracy:3.00
ELocation 697: Diff:1000 ms Accuracy:3.00
ELocation 698: Diff:1000 ms Accuracy:3.00
ELocation 699: Diff:1000 ms Accuracy:3.00
ETask 411: Configuration:5 Energy:0.00 Power:0.00 Reward:2.17 Time:5004
ELocation 700: Diff:1000 ms Accuracy:3.00
ELocation 701: Diff:1000 ms Accuracy:3.00
ELocation 702: Diff:1000 ms Accuracy:3.00
ELocation 703: Diff:1000 ms Accuracy:3.00
ELocation 704: Diff:1000 ms Accuracy:3.00
ETask 412: Configuration:5 Energy:0.00 Power:0.00 Reward:2.17 Time:5004
ELocation 705: Diff:1000 ms Accuracy:3.00
ELocation 706: Diff:1000 ms Accuracy:3.00
ELocation 707: Diff:1000 ms Accuracy:3.00
ELocation 708: Diff:1000 ms Accuracy:3.00
ELocation 709: Diff:1000 ms Accuracy:3.00
ETask 413: Configuration:5 Energy:0.00 Power:0.00 Reward:2.17 Time:5006
ELocation 710: Diff:1000 ms Accuracy:3.00
ELocation 711: Diff:1000 ms Accuracy:3.00
ELocation 712: Diff:1000 ms Accuracy:3.00
ELocation 713: Diff:1000 ms Accuracy:3.00
ELocation 714: Diff:1000 ms Accuracy:3.00
ETask 414: Configuration:5 Energy:0.00 Power:0.00 Reward:2.23 Time:5006
ELocation 715: Diff:1000 ms Accuracy:3.00
ELocation 716: Diff:1000 ms Accuracy:3.00
ELocation 717: Diff:1000 ms Accuracy:3.00
ELocation 718: Diff:1000 ms Accuracy:3.00
ELocation 719: Diff:1000 ms Accuracy:3.00
ETask 415: Configuration:5 Energy:0.00 Power:0.00 Reward:2.23 Time:5005
ELocation 720: Diff:1000 ms Accuracy:3.00
ELocation 721: Diff:1000 ms Accuracy:3.00
ELocation 722: Diff:1000 ms Accuracy:3.00
ELocation 723: Diff:1000 ms Accuracy:3.00
ELocation 724: Diff:1000 ms Accuracy:3.00
ETask 416: Configuration:5 Energy:0.00 Power:0.00 Reward:2.23 Time:5006
ELocation 725: Diff:1000 ms Accuracy:3.00
ELocation 726: Diff:1000 ms Accuracy:3.00
ELocation 727: Diff:1000 ms Accuracy:3.00
ELocation 728: Diff:1000 ms Accuracy:3.00
ELocation 729: Diff:1000 ms Accuracy:3.00
ETask 417: Configuration:5 Energy:0.00 Power:0.00 Reward:2.23 Time:5006
ELocation 730: Diff:1000 ms Accuracy:3.00
ELocation 731: Diff:1000 ms Accuracy:3.00
ELocation 732: Diff:1000 ms Accuracy:3.00
ELocation 733: Diff:1000 ms Accuracy:3.00
ELocation 734: Diff:1000 ms Accuracy:3.00
ETask 418: Configuration:5 Energy:0.00 Power:0.00 Reward:2.23 Time:5005
ELocation 735: Diff:1000 ms Accuracy:3.00
ELocation 736: Diff:1000 ms Accuracy:3.00
ELocation 737: Diff:1000 ms Accuracy:3.00
ELocation 738: Diff:1000 ms Accuracy:3.00
ELocation 739: Diff:1000 ms Accuracy:3.00
ETask 419: Configuration:5 Energy:0.00 Power:0.00 Reward:2.23 Time:5005
ELocation 740: Diff:1000 ms Accuracy:3.00
ELocation 741: Diff:1000 ms Accuracy:3.00
ELocation 742: Diff:1000 ms Accuracy:3.00
ELocation 743: Diff:1000 ms Accuracy:3.00
ELocation 744: Diff:1000 ms Accuracy:3.00
ETask 420: Configuration:5 Energy:0.00 Power:0.00 Reward:2.24 Time:5007
ELocation 745: Diff:1000 ms Accuracy:3.00
ELocation 746: Diff:1000 ms Accuracy:3.00
ELocation 747: Diff:1000 ms Accuracy:3.00
ELocation 748: Diff:1000 ms Accuracy:3.00
ELocation 749: Diff:1000 ms Accuracy:3.00
ETask 421: Configuration:5 Energy:0.00 Power:0.00 Reward:2.24 Time:5005
ELocation 750: Diff:1000 ms Accuracy:3.00
ELocation 751: Diff:1000 ms Accuracy:3.00
ELocation 752: Diff:1000 ms Accuracy:3.00
ELocation 753: Diff:1000 ms Accuracy:3.00
ELocation 754: Diff:1000 ms Accuracy:3.00
ETask 422: Configuration:5 Energy:0.00 Power:0.00 Reward:2.24 Time:5006
ELocation 755: Diff:1000 ms Accuracy:3.00
ELocation 756: Diff:1000 ms Accuracy:3.00
ELocation 757: Diff:1000 ms Accuracy:3.00
ELocation 758: Diff:1000 ms Accuracy:3.00
ELocation 759: Diff:1000 ms Accuracy:3.00
ETask 423: Configuration:5 Energy:0.00 Power:0.00 Reward:2.24 Time:5004
ELocation 760: Diff:1000 ms Accuracy:3.00
ELocation 761: Diff:1000 ms Accuracy:3.00
ELocation 762: Diff:1000 ms Accuracy:3.00
ELocation 763: Diff:1000 ms Accuracy:3.00
ELocation 764: Diff:1000 ms Accuracy:3.00
ETask 424: Configuration:5 Energy:0.00 Power:0.00 Reward:2.24 Time:5003
ELocation 765: Diff:1000 ms Accuracy:3.00
ELocation 766: Diff:1000 ms Accuracy:3.00
ELocation 767: Diff:1000 ms Accuracy:3.00
ELocation 768: Diff:1000 ms Accuracy:3.00
ELocation 769: Diff:1000 ms Accuracy:3.00
ETask 425: Configuration:5 Energy:0.00 Power:0.00 Reward:2.23 Time:5007
ELocation 770: Diff:1000 ms Accuracy:3.00
ELocation 771: Diff:1000 ms Accuracy:3.00
ELocation 772: Diff:1000 ms Accuracy:3.00
ELocation 773: Diff:1000 ms Accuracy:3.00
ELocation 774: Diff:1000 ms Accuracy:3.00
ETask 426: Configuration:5 Energy:0.00 Power:0.00 Reward:2.35 Time:5004
ELocation 775: Diff:1000 ms Accuracy:3.00
ELocation 776: Diff:1000 ms Accuracy:3.00
ELocation 777: Diff:1000 ms Accuracy:3.00
ELocation 778: Diff:1000 ms Accuracy:3.00
ELocation 779: Diff:1000 ms Accuracy:3.00
ETask 427: Configuration:5 Energy:0.00 Power:0.00 Reward:2.35 Time:5004
ELocation 780: Diff:1000 ms Accuracy:3.00
ELocation 781: Diff:1000 ms Accuracy:3.00
ELocation 782: Diff:1000 ms Accuracy:3.00
ELocation 783: Diff:1000 ms Accuracy:3.00
ELocation 784: Diff:1000 ms Accuracy:3.00
ETask 428: Configuration:5 Energy:0.00 Power:0.00 Reward:2.35 Time:5007
ELocation 785: Diff:1000 ms Accuracy:3.00
ELocation 786: Diff:1000 ms Accuracy:3.00
ELocation 787: Diff:1000 ms Accuracy:3.00
ELocation 788: Diff:1000 ms Accuracy:3.00
ELocation 789: Diff:1000 ms Accuracy:3.00
ETask 429: Configuration:5 Energy:0.00 Power:0.00 Reward:2.35 Time:5005
ELocation 790: Diff:1000 ms Accuracy:3.00
ELocation 791: Diff:1000 ms Accuracy:3.00
ELocation 792: Diff:1000 ms Accuracy:3.00
ELocation 793: Diff:1000 ms Accuracy:3.00
ELocation 794: Diff:1000 ms Accuracy:3.00
ETask 430: Configuration:5 Energy:0.00 Power:0.00 Reward:2.35 Time:5003
ELocation 795: Diff:1000 ms Accuracy:3.00
ELocation 796: Diff:1000 ms Accuracy:3.00
ELocation 797: Diff:1000 ms Accuracy:3.00
ELocation 798: Diff:1000 ms Accuracy:3.00
ELocation 799: Diff:1000 ms Accuracy:3.00
ETask 431: Configuration:5 Energy:0.00 Power:0.00 Reward:2.35 Time:5005
ELocation 800: Diff:1000 ms Accuracy:3.00
ELocation 801: Diff:1000 ms Accuracy:3.00
ELocation 802: Diff:1000 ms Accuracy:3.00
ELocation 803: Diff:1000 ms Accuracy:3.00
ELocation 804: Diff:1000 ms Accuracy:3.00
ETask 432: Configuration:5 Energy:0.00 Power:0.00 Reward:2.35 Time:5004
ELocation 805: Diff:1000 ms Accuracy:3.00
ELocation 806: Diff:1000 ms Accuracy:3.00
ELocation 807: Diff:1000 ms Accuracy:3.00
ELocation 808: Diff:1000 ms Accuracy:3.00
ELocation 809: Diff:1000 ms Accuracy:3.00
ETask 433: Configuration:5 Energy:0.00 Power:0.00 Reward:3.20 Time:5006
ELocation 810: Diff:1000 ms Accuracy:3.00
ELocation 811: Diff:1000 ms Accuracy:3.00
ELocation 812: Diff:1000 ms Accuracy:3.00
ELocation 813: Diff:1000 ms Accuracy:3.00
ELocation 814: Diff:1000 ms Accuracy:3.00
ETask 434: Configuration:5 Energy:0.00 Power:0.00 Reward:3.20 Time:5005
ELocation 815: Diff:1000 ms Accuracy:3.00
ELocation 816: Diff:1000 ms Accuracy:3.00
ELocation 817: Diff:1000 ms Accuracy:3.00
ELocation 818: Diff:1000 ms Accuracy:3.00
ELocation 819: Diff:1000 ms Accuracy:3.00
ETask 435: Configuration:5 Energy:0.00 Power:0.00 Reward:3.20 Time:5004
ECycle 5: Energy:0.00 Power:0.00 Drain:0.02
ELocation 820: Diff:1000 ms Accuracy:3.00
ELocation 821: Diff:1000 ms Accuracy:3.00
ELocation 822: Diff:1000 ms Accuracy:3.00
ELocation 823: Diff:1000 ms Accuracy:3.00
ELocation 824: Diff:1000 ms Accuracy:3.00
ELocation 825: Diff:0 ms Accuracy:3.00
ELocation 826: Diff:0 ms Accuracy:3.00
ELocation 827: Diff:13000 ms Accuracy:5.00
ETask 439: Configuration:6 Energy:0.00 Power:0.00 Reward:2.67 Time:5005
ETask 440: Configuration:6 Energy:0.00 Power:0.00 Reward:2.67 Time:5007
ELocation 828: Diff:10000 ms Accuracy:3.00
ETask 441: Configuration:6 Energy:0.00 Power:0.00 Reward:2.67 Time:5005
ETask 442: Configuration:6 Energy:0.00 Power:0.00 Reward:2.67 Time:5005
ELocation 829: Diff:10000 ms Accuracy:3.00
ETask 443: Configuration:6 Energy:0.00 Power:0.00 Reward:2.67 Time:5010
ETask 444: Configuration:6 Energy:0.00 Power:0.00 Reward:2.67 Time:5023
ELocation 830: Diff:10000 ms Accuracy:5.00
ETask 445: Configuration:6 Energy:0.00 Power:0.00 Reward:2.60 Time:5008
ETask 446: Configuration:6 Energy:0.00 Power:0.00 Reward:2.60 Time:5005
ETask 447: Configuration:6 Energy:0.00 Power:0.00 Reward:2.60 Time:5006
ETask 448: Configuration:6 Energy:0.00 Power:0.00 Reward:2.60 Time:5019
ELocation 831: Diff:20000 ms Accuracy:3.00
ETask 449: Configuration:6 Energy:0.00 Power:0.00 Reward:2.60 Time:5012
ETask 450: Configuration:6 Energy:0.00 Power:0.00 Reward:2.60 Time:5005
ELocation 832: Diff:10000 ms Accuracy:3.00
ETask 451: Configuration:6 Energy:0.00 Power:0.00 Reward:2.91 Time:5004
ETask 452: Configuration:6 Energy:0.00 Power:0.00 Reward:2.91 Time:5022
ETask 453: Configuration:6 Energy:0.00 Power:0.00 Reward:2.91 Time:5015
ETask 454: Configuration:6 Energy:0.00 Power:0.00 Reward:2.91 Time:5024
ELocation 833: Diff:20000 ms Accuracy:5.00
ETask 455: Configuration:6 Energy:0.00 Power:0.00 Reward:2.91 Time:5011
ETask 456: Configuration:6 Energy:0.00 Power:0.00 Reward:2.91 Time:5008
ETask 457: Configuration:6 Energy:0.00 Power:0.00 Reward:2.94 Time:5004
ETask 458: Configuration:6 Energy:0.00 Power:0.00 Reward:2.94 Time:5020
ELocation 834: Diff:20000 ms Accuracy:5.00
ETask 459: Configuration:6 Energy:0.00 Power:0.00 Reward:2.94 Time:5007
ETask 460: Configuration:6 Energy:0.00 Power:0.00 Reward:2.94 Time:5007
ETask 461: Configuration:6 Energy:0.00 Power:0.00 Reward:2.94 Time:5006
ETask 462: Configuration:6 Energy:0.00 Power:0.00 Reward:2.94 Time:5005
ELocation 835: Diff:20000 ms Accuracy:9.00
ETask 463: Configuration:6 Energy:0.00 Power:0.00 Reward:2.71 Time:5007
ETask 464: Configuration:6 Energy:0.00 Power:0.00 Reward:2.69 Time:5005
ELocation 836: Diff:10000 ms Accuracy:4.00
ETask 465: Configuration:6 Energy:0.00 Power:0.00 Reward:2.69 Time:5006
ETask 466: Configuration:6 Energy:0.00 Power:0.00 Reward:2.69 Time:5013
ELocation 837: Diff:10000 ms Accuracy:6.00
ETask 467: Configuration:6 Energy:0.00 Power:0.00 Reward:2.69 Time:5004
ETask 468: Configuration:6 Energy:0.00 Power:0.00 Reward:2.69 Time:5006
ETask 469: Configuration:6 Energy:0.00 Power:0.00 Reward:2.46 Time:5010
ETask 470: Configuration:6 Energy:0.00 Power:0.00 Reward:2.46 Time:5006
ELocation 838: Diff:20000 ms Accuracy:5.00
ETask 471: Configuration:6 Energy:0.00 Power:0.00 Reward:2.46 Time:5005
ETask 472: Configuration:6 Energy:0.00 Power:0.00 Reward:2.46 Time:5005
ELocation 839: Diff:10000 ms Accuracy:4.00
ETask 473: Configuration:6 Energy:0.00 Power:0.00 Reward:2.46 Time:5022
ETask 474: Configuration:6 Energy:0.00 Power:0.00 Reward:2.46 Time:5009
ETask 475: Configuration:6 Energy:0.00 Power:0.00 Reward:2.46 Time:5005
ETask 476: Configuration:6 Energy:0.00 Power:0.00 Reward:2.81 Time:5006
ELocation 840: Diff:20000 ms Accuracy:4.00
ETask 477: Configuration:6 Energy:0.00 Power:0.00 Reward:2.81 Time:5018
ETask 478: Configuration:6 Energy:0.00 Power:0.00 Reward:2.81 Time:5013
ELocation 841: Diff:10000 ms Accuracy:4.00
ETask 479: Configuration:6 Energy:0.00 Power:0.00 Reward:2.81 Time:5009
ETask 480: Configuration:6 Energy:0.00 Power:0.00 Reward:2.80 Time:5005
ETask 481: Configuration:6 Energy:0.00 Power:0.00 Reward:2.80 Time:5006
ETask 482: Configuration:6 Energy:0.00 Power:0.00 Reward:3.41 Time:5005
ELocation 842: Diff:20000 ms Accuracy:6.00
ETask 483: Configuration:6 Energy:0.00 Power:0.00 Reward:3.41 Time:5024
ETask 484: Configuration:6 Energy:0.00 Power:0.00 Reward:3.41 Time:5005
ETask 485: Configuration:6 Energy:0.00 Power:0.00 Reward:3.41 Time:5004
ETask 486: Configuration:6 Energy:0.00 Power:0.00 Reward:3.41 Time:5005
ELocation 843: Diff:20000 ms Accuracy:5.00
ETask 487: Configuration:6 Energy:0.00 Power:0.00 Reward:3.41 Time:5004
ETask 488: Configuration:6 Energy:0.00 Power:0.00 Reward:3.43 Time:5007
ETask 489: Configuration:6 Energy:0.00 Power:0.00 Reward:3.43 Time:5004
ETask 490: Configuration:6 Energy:0.00 Power:0.00 Reward:3.43 Time:5005
ELocation 844: Diff:20000 ms Accuracy:9.00
ETask 491: Configuration:6 Energy:0.00 Power:0.00 Reward:3.43 Time:5012
ETask 492: Configuration:6 Energy:0.00 Power:0.00 Reward:3.43 Time:5002
ELocation 845: Diff:10000 ms Accuracy:8.00
ETask 493: Configuration:6 Energy:0.00 Power:0.00 Reward:3.43 Time:5005
ETask 494: Configuration:6 Energy:0.00 Power:0.00 Reward:2.94 Time:5009
ELocation 846: Diff:10000 ms Accuracy:11.00
ETask 495: Configuration:6 Energy:0.00 Power:0.00 Reward:2.94 Time:5008
ETask 496: Configuration:6 Energy:0.00 Power:0.00 Reward:2.94 Time:5004
ELocation 847: Diff:10000 ms Accuracy:6.00
ETask 497: Configuration:6 Energy:0.00 Power:0.00 Reward:2.93 Time:5004
ETask 498: Configuration:6 Energy:0.00 Power:0.00 Reward:2.93 Time:5013
ECycle 6: Energy:0.00 Power:0.00 Drain:0.03
ELocation 848: Diff:10000 ms Accuracy:5.00
ELocation 849: Diff:3984 ms Accuracy:4.00
ELocation 850: Diff:6016 ms Accuracy:3.00
ELocation 851: Diff:6000 ms Accuracy:3.00
ETask 502: Configuration:7 Energy:0.00 Power:0.00 Reward:4.18 Time:5005
ELocation 852: Diff:5000 ms Accuracy:3.00
ETask 503: Configuration:7 Energy:0.00 Power:0.00 Reward:4.18 Time:5004
ELocation 853: Diff:6000 ms Accuracy:3.00
ETask 504: Configuration:7 Energy:0.00 Power:0.00 Reward:4.18 Time:5013
ELocation 854: Diff:5000 ms Accuracy:3.00
ETask 505: Configuration:7 Energy:0.00 Power:0.00 Reward:4.18 Time:5007
ELocation 855: Diff:5000 ms Accuracy:3.00
ETask 506: Configuration:7 Energy:0.00 Power:0.00 Reward:4.14 Time:5006
ELocation 856: Diff:5000 ms Accuracy:3.00
ETask 507: Configuration:7 Energy:0.00 Power:0.00 Reward:4.14 Time:5005
ELocation 857: Diff:6000 ms Accuracy:3.00
ETask 508: Configuration:7 Energy:0.00 Power:0.00 Reward:4.14 Time:5002
ETask 509: Configuration:7 Energy:0.00 Power:0.00 Reward:4.14 Time:5021
ELocation 858: Diff:6000 ms Accuracy:3.00
ETask 510: Configuration:7 Energy:0.00 Power:0.00 Reward:4.14 Time:5009
ELocation 859: Diff:6000 ms Accuracy:3.00
ETask 511: Configuration:7 Energy:0.00 Power:0.00 Reward:4.14 Time:5009
ELocation 860: Diff:5000 ms Accuracy:3.00
ETask 512: Configuration:7 Energy:0.00 Power:0.00 Reward:4.14 Time:5031
ELocation 861: Diff:6000 ms Accuracy:3.00
ETask 513: Configuration:7 Energy:0.00 Power:0.00 Reward:3.48 Time:5008
ELocation 862: Diff:6000 ms Accuracy:3.00
ETask 514: Configuration:7 Energy:0.00 Power:0.00 Reward:3.48 Time:5012
ELocation 863: Diff:6000 ms Accuracy:3.00
ETask 515: Configuration:7 Energy:0.00 Power:0.00 Reward:3.48 Time:5007
ELocation 864: Diff:5000 ms Accuracy:3.00
ETask 516: Configuration:7 Energy:0.00 Power:0.00 Reward:3.48 Time:5014
ETask 517: Configuration:7 Energy:0.00 Power:0.00 Reward:3.48 Time:5004
ELocation 865: Diff:6000 ms Accuracy:3.00
ETask 518: Configuration:7 Energy:0.00 Power:0.00 Reward:3.48 Time:5004
ELocation 866: Diff:6000 ms Accuracy:3.00
ETask 519: Configuration:7 Energy:0.00 Power:0.00 Reward:3.87 Time:5004
ELocation 867: Diff:5000 ms Accuracy:3.00
ETask 520: Configuration:7 Energy:0.00 Power:0.00 Reward:3.87 Time:5009
ELocation 868: Diff:6000 ms Accuracy:3.00
ETask 521: Configuration:7 Energy:0.00 Power:0.00 Reward:3.87 Time:5016
ELocation 869: Diff:5000 ms Accuracy:3.00
ETask 522: Configuration:7 Energy:0.00 Power:0.00 Reward:3.87 Time:5010
ELocation 870: Diff:5000 ms Accuracy:3.00
ETask 523: Configuration:7 Energy:0.00 Power:0.00 Reward:3.87 Time:5009
ELocation 871: Diff:5000 ms Accuracy:3.00
ETask 524: Configuration:7 Energy:0.00 Power:0.00 Reward:3.87 Time:5012
ELocation 872: Diff:6000 ms Accuracy:3.00
ETask 525: Configuration:7 Energy:0.00 Power:0.00 Reward:3.41 Time:5013
ELocation 873: Diff:6000 ms Accuracy:3.00
ETask 526: Configuration:7 Energy:0.00 Power:0.00 Reward:3.41 Time:5013
ELocation 874: Diff:5000 ms Accuracy:3.00
ETask 527: Configuration:7 Energy:0.00 Power:0.00 Reward:3.41 Time:5009
ETask 528: Configuration:7 Energy:0.00 Power:0.00 Reward:3.41 Time:5005
ELocation 875: Diff:6000 ms Accuracy:3.00
ETask 529: Configuration:7 Energy:0.00 Power:0.00 Reward:3.38 Time:5007
ELocation 876: Diff:5000 ms Accuracy:3.00
ETask 530: Configuration:7 Energy:0.00 Power:0.00 Reward:3.38 Time:5004
ELocation 877: Diff:6000 ms Accuracy:3.00
ETask 531: Configuration:7 Energy:0.00 Power:0.00 Reward:2.89 Time:5009
ELocation 878: Diff:5000 ms Accuracy:3.00
ETask 532: Configuration:7 Energy:0.00 Power:0.00 Reward:2.89 Time:5008
ELocation 879: Diff:6000 ms Accuracy:3.00
ETask 533: Configuration:7 Energy:0.00 Power:0.00 Reward:2.89 Time:5008
ELocation 880: Diff:6000 ms Accuracy:3.00
ETask 534: Configuration:7 Energy:0.00 Power:0.00 Reward:2.89 Time:5010
ELocation 881: Diff:6000 ms Accuracy:3.00
ETask 535: Configuration:7 Energy:0.00 Power:0.00 Reward:2.89 Time:5006
ETask 536: Configuration:7 Energy:0.00 Power:0.00 Reward:2.89 Time:5004
ELocation 882: Diff:6000 ms Accuracy:3.00
ETask 537: Configuration:7 Energy:0.00 Power:0.00 Reward:3.04 Time:5015
ELocation 883: Diff:5000 ms Accuracy:3.00
ETask 538: Configuration:7 Energy:0.00 Power:0.00 Reward:3.04 Time:5005
ELocation 884: Diff:6000 ms Accuracy:3.00
ETask 539: Configuration:7 Energy:0.00 Power:0.00 Reward:3.04 Time:5004
ELocation 885: Diff:6000 ms Accuracy:3.00
ETask 540: Configuration:7 Energy:0.00 Power:0.00 Reward:3.04 Time:5014
ELocation 886: Diff:6000 ms Accuracy:3.00
ETask 541: Configuration:7 Energy:0.00 Power:0.00 Reward:3.04 Time:5013
ELocation 887: Diff:5000 ms Accuracy:3.00
ETask 542: Configuration:7 Energy:0.00 Power:0.00 Reward:3.04 Time:5009
ELocation 888: Diff:5000 ms Accuracy:3.00
ETask 543: Configuration:7 Energy:0.00 Power:0.00 Reward:2.92 Time:5009
ELocation 889: Diff:5000 ms Accuracy:3.00
ETask 544: Configuration:7 Energy:0.00 Power:0.00 Reward:2.92 Time:5021
ELocation 890: Diff:6000 ms Accuracy:3.00
ETask 545: Configuration:7 Energy:0.00 Power:0.00 Reward:2.92 Time:5011
ELocation 891: Diff:5000 ms Accuracy:3.00
ETask 546: Configuration:7 Energy:0.00 Power:0.00 Reward:2.92 Time:5010
ELocation 892: Diff:5000 ms Accuracy:3.00
ETask 547: Configuration:7 Energy:0.00 Power:0.00 Reward:2.92 Time:5015
ELocation 893: Diff:6000 ms Accuracy:3.00
ETask 548: Configuration:7 Energy:0.00 Power:0.00 Reward:2.92 Time:5010
ELocation 894: Diff:5000 ms Accuracy:3.00
ETask 549: Configuration:7 Energy:0.00 Power:0.00 Reward:2.92 Time:5020
ETask 550: Configuration:7 Energy:0.00 Power:0.00 Reward:2.86 Time:5021
ELocation 895: Diff:6000 ms Accuracy:3.00
ETask 551: Configuration:7 Energy:0.00 Power:0.00 Reward:2.86 Time:5005
ELocation 896: Diff:6000 ms Accuracy:3.00
ETask 552: Configuration:7 Energy:0.00 Power:0.00 Reward:2.86 Time:5010
ELocation 897: Diff:5000 ms Accuracy:3.00
ETask 553: Configuration:7 Energy:0.00 Power:0.00 Reward:2.86 Time:5008
ELocation 898: Diff:6000 ms Accuracy:3.00
ETask 554: Configuration:7 Energy:0.00 Power:0.00 Reward:2.86 Time:5024
ELocation 899: Diff:5000 ms Accuracy:3.00
ETask 555: Configuration:7 Energy:0.00 Power:0.00 Reward:2.86 Time:5008
ELocation 900: Diff:5000 ms Accuracy:3.00
ETask 556: Configuration:7 Energy:0.00 Power:0.00 Reward:2.75 Time:5009
ELocation 901: Diff:6000 ms Accuracy:3.00
ETask 557: Configuration:7 Energy:0.00 Power:0.00 Reward:2.75 Time:5010
ELocation 902: Diff:5000 ms Accuracy:3.00
ETask 558: Configuration:7 Energy:0.00 Power:0.00 Reward:2.75 Time:5025
ELocation 903: Diff:6000 ms Accuracy:3.00
ETask 559: Configuration:7 Energy:0.00 Power:0.00 Reward:2.75 Time:5007
ETask 560: Configuration:7 Energy:0.00 Power:0.00 Reward:2.75 Time:5011
ELocation 904: Diff:6000 ms Accuracy:3.00
ETask 561: Configuration:7 Energy:0.00 Power:0.00 Reward:2.75 Time:5011
ECycle 7: Energy:0.00 Power:0.00 Drain:0.02
ELocation 905: Diff:5000 ms Accuracy:3.00
ELocation 906: Diff:4000 ms Accuracy:3.00
ELocation 907: Diff:1000 ms Accuracy:3.00
ELocation 908: Diff:1000 ms Accuracy:3.00
ELocation 909: Diff:1000 ms Accuracy:3.00
ELocation 910: Diff:1000 ms Accuracy:3.00
ELocation 911: Diff:1000 ms Accuracy:3.00
ELocation 912: Diff:1000 ms Accuracy:3.00
ELocation 913: Diff:1000 ms Accuracy:3.00
ELocation 914: Diff:1000 ms Accuracy:3.00
ELocation 915: Diff:1000 ms Accuracy:3.00
ELocation 916: Diff:1000 ms Accuracy:3.00
ELocation 917: Diff:1000 ms Accuracy:3.00
ELocation 918: Diff:1000 ms Accuracy:3.00
ELocation 919: Diff:1000 ms Accuracy:3.00
ELocation 920: Diff:1000 ms Accuracy:3.00
ELocation 921: Diff:1000 ms Accuracy:3.00
ETask 565: Configuration:8 Energy:0.00 Power:0.00 Reward:3.18 Time:5011
ELocation 922: Diff:1000 ms Accuracy:3.00
ELocation 923: Diff:1000 ms Accuracy:3.00
ELocation 924: Diff:1000 ms Accuracy:3.00
ELocation 925: Diff:1000 ms Accuracy:3.00
ELocation 926: Diff:1000 ms Accuracy:3.00
ETask 566: Configuration:8 Energy:0.00 Power:0.00 Reward:3.18 Time:5008
ELocation 927: Diff:1000 ms Accuracy:3.00
ELocation 928: Diff:1000 ms Accuracy:3.00
ELocation 929: Diff:1000 ms Accuracy:3.00
ELocation 930: Diff:1000 ms Accuracy:3.00
ELocation 931: Diff:1000 ms Accuracy:3.00
ETask 567: Configuration:8 Energy:0.00 Power:0.00 Reward:3.18 Time:5012
ELocation 932: Diff:1000 ms Accuracy:3.00
ELocation 933: Diff:1000 ms Accuracy:3.00
ELocation 934: Diff:1000 ms Accuracy:3.00
ELocation 935: Diff:1000 ms Accuracy:3.00
ELocation 936: Diff:1000 ms Accuracy:3.00
ETask 568: Configuration:8 Energy:0.00 Power:0.00 Reward:2.92 Time:5027
ELocation 937: Diff:1000 ms Accuracy:3.00
ELocation 938: Diff:1000 ms Accuracy:3.00
ELocation 939: Diff:1000 ms Accuracy:3.00
ELocation 940: Diff:1000 ms Accuracy:3.00
ELocation 941: Diff:1000 ms Accuracy:3.00
ETask 569: Configuration:8 Energy:0.00 Power:0.00 Reward:2.92 Time:5008
ELocation 942: Diff:1000 ms Accuracy:3.00
ELocation 943: Diff:1000 ms Accuracy:3.00
ELocation 944: Diff:1000 ms Accuracy:3.00
ELocation 945: Diff:1000 ms Accuracy:3.00
ELocation 946: Diff:1000 ms Accuracy:3.00
ETask 570: Configuration:8 Energy:0.00 Power:0.00 Reward:2.92 Time:5009
ELocation 947: Diff:1000 ms Accuracy:3.00
ELocation 948: Diff:1000 ms Accuracy:3.00
ELocation 949: Diff:1000 ms Accuracy:3.00
ELocation 950: Diff:1000 ms Accuracy:3.00
ELocation 951: Diff:1000 ms Accuracy:3.00
ETask 571: Configuration:8 Energy:0.00 Power:0.00 Reward:2.92 Time:5014
ELocation 952: Diff:1000 ms Accuracy:3.00
ELocation 953: Diff:1000 ms Accuracy:3.00
ELocation 954: Diff:1000 ms Accuracy:3.00
ELocation 955: Diff:1000 ms Accuracy:3.00
ELocation 956: Diff:1000 ms Accuracy:3.00
ETask 572: Configuration:8 Energy:0.00 Power:0.00 Reward:2.92 Time:5007
ELocation 957: Diff:1000 ms Accuracy:3.00
ELocation 958: Diff:1000 ms Accuracy:3.00
ELocation 959: Diff:1000 ms Accuracy:3.00
ELocation 960: Diff:1000 ms Accuracy:3.00
ELocation 961: Diff:1000 ms Accuracy:3.00
ETask 573: Configuration:8 Energy:0.00 Power:0.00 Reward:2.92 Time:5014
ELocation 962: Diff:1000 ms Accuracy:3.00
ELocation 963: Diff:1000 ms Accuracy:3.00
ELocation 964: Diff:1000 ms Accuracy:3.00
ELocation 965: Diff:1000 ms Accuracy:3.00
ELocation 966: Diff:1000 ms Accuracy:3.00
ETask 574: Configuration:8 Energy:0.00 Power:0.00 Reward:2.91 Time:5010
ELocation 967: Diff:1000 ms Accuracy:3.00
ELocation 968: Diff:1000 ms Accuracy:3.00
ELocation 969: Diff:1000 ms Accuracy:3.00
ELocation 970: Diff:1000 ms Accuracy:3.00
ELocation 971: Diff:1000 ms Accuracy:3.00
ETask 575: Configuration:8 Energy:0.00 Power:0.00 Reward:2.91 Time:5010
ELocation 972: Diff:1000 ms Accuracy:3.00
ELocation 973: Diff:1000 ms Accuracy:3.00
ELocation 974: Diff:1000 ms Accuracy:3.00
ELocation 975: Diff:1000 ms Accuracy:3.00
ELocation 976: Diff:1000 ms Accuracy:3.00
ETask 576: Configuration:8 Energy:0.00 Power:0.00 Reward:2.91 Time:5022
ELocation 977: Diff:1000 ms Accuracy:3.00
ELocation 978: Diff:1000 ms Accuracy:3.00
ELocation 979: Diff:1000 ms Accuracy:3.00
ELocation 980: Diff:1000 ms Accuracy:3.00
ELocation 981: Diff:1000 ms Accuracy:3.00
ETask 577: Configuration:8 Energy:0.00 Power:0.00 Reward:2.91 Time:5009
ELocation 982: Diff:1000 ms Accuracy:3.00
ELocation 983: Diff:1000 ms Accuracy:3.00
ELocation 984: Diff:1000 ms Accuracy:3.00
ELocation 985: Diff:1000 ms Accuracy:3.00
ELocation 986: Diff:1000 ms Accuracy:3.00
ETask 578: Configuration:8 Energy:0.00 Power:0.00 Reward:2.91 Time:5008
ELocation 987: Diff:1000 ms Accuracy:3.00
ELocation 988: Diff:1000 ms Accuracy:3.00
ELocation 989: Diff:1000 ms Accuracy:3.00
ELocation 990: Diff:1000 ms Accuracy:3.00
ELocation 991: Diff:1000 ms Accuracy:3.00
ETask 579: Configuration:8 Energy:0.00 Power:0.00 Reward:2.91 Time:5007
ELocation 992: Diff:1000 ms Accuracy:3.00
ELocation 993: Diff:1000 ms Accuracy:3.00
ELocation 994: Diff:1000 ms Accuracy:3.00
ELocation 995: Diff:1000 ms Accuracy:3.00
ELocation 996: Diff:1000 ms Accuracy:3.00
ETask 580: Configuration:8 Energy:0.00 Power:0.00 Reward:2.91 Time:5013
ELocation 997: Diff:1000 ms Accuracy:3.00
ELocation 998: Diff:1000 ms Accuracy:3.00
ELocation 999: Diff:1000 ms Accuracy:3.00
ELocation 1000: Diff:1000 ms Accuracy:3.00
ELocation 1001: Diff:1000 ms Accuracy:3.00
ETask 581: Configuration:8 Energy:0.00 Power:0.00 Reward:2.91 Time:5010
ELocation 1002: Diff:1000 ms Accuracy:3.00
ELocation 1003: Diff:1000 ms Accuracy:3.00
ELocation 1004: Diff:1000 ms Accuracy:3.00
ELocation 1005: Diff:1000 ms Accuracy:3.00
ELocation 1006: Diff:1000 ms Accuracy:3.00
ETask 582: Configuration:8 Energy:0.00 Power:0.00 Reward:2.91 Time:5025
ELocation 1007: Diff:1000 ms Accuracy:3.00
ELocation 1008: Diff:1000 ms Accuracy:3.00
ELocation 1009: Diff:1000 ms Accuracy:3.00
ELocation 1010: Diff:1000 ms Accuracy:3.00
ELocation 1011: Diff:1000 ms Accuracy:3.00
ETask 583: Configuration:8 Energy:0.00 Power:0.00 Reward:2.91 Time:5016
ELocation 1012: Diff:1000 ms Accuracy:3.00
ELocation 1013: Diff:1000 ms Accuracy:3.00
ELocation 1014: Diff:1000 ms Accuracy:3.00
ELocation 1015: Diff:1000 ms Accuracy:3.00
ELocation 1016: Diff:1000 ms Accuracy:3.00
ETask 584: Configuration:8 Energy:0.00 Power:0.00 Reward:2.91 Time:5005
ELocation 1017: Diff:1000 ms Accuracy:3.00
ELocation 1018: Diff:1000 ms Accuracy:3.00
ELocation 1019: Diff:1000 ms Accuracy:3.00
ELocation 1020: Diff:1000 ms Accuracy:3.00
ELocation 1021: Diff:1000 ms Accuracy:3.00
ETask 585: Configuration:8 Energy:0.00 Power:0.00 Reward:2.91 Time:5006
ELocation 1022: Diff:1000 ms Accuracy:3.00
ELocation 1023: Diff:1000 ms Accuracy:3.00
ELocation 1024: Diff:1000 ms Accuracy:3.00
ELocation 1025: Diff:1000 ms Accuracy:3.00
ELocation 1026: Diff:1000 ms Accuracy:3.00
ETask 586: Configuration:8 Energy:0.00 Power:0.00 Reward:2.89 Time:5004
ELocation 1027: Diff:1000 ms Accuracy:3.00
ELocation 1028: Diff:1000 ms Accuracy:3.00
ELocation 1029: Diff:1000 ms Accuracy:3.00
ELocation 1030: Diff:1000 ms Accuracy:3.00
ELocation 1031: Diff:1000 ms Accuracy:3.00
ETask 587: Configuration:8 Energy:0.00 Power:0.00 Reward:2.89 Time:5013
ELocation 1032: Diff:1000 ms Accuracy:3.00
ELocation 1033: Diff:1000 ms Accuracy:3.00
ELocation 1034: Diff:1000 ms Accuracy:3.00
ELocation 1035: Diff:1000 ms Accuracy:3.00
ELocation 1036: Diff:1000 ms Accuracy:3.00
ETask 588: Configuration:8 Energy:0.00 Power:0.00 Reward:2.89 Time:5021
ELocation 1037: Diff:1000 ms Accuracy:3.00
ELocation 1038: Diff:1000 ms Accuracy:3.00
ELocation 1039: Diff:1000 ms Accuracy:3.00
ELocation 1040: Diff:1000 ms Accuracy:3.00
ELocation 1041: Diff:1000 ms Accuracy:3.00
ETask 589: Configuration:8 Energy:0.00 Power:0.00 Reward:2.89 Time:5007
ELocation 1042: Diff:1000 ms Accuracy:3.00
ELocation 1043: Diff:1000 ms Accuracy:3.00
ELocation 1044: Diff:1000 ms Accuracy:3.00
ELocation 1045: Diff:1000 ms Accuracy:3.00
ELocation 1046: Diff:1000 ms Accuracy:3.00
ETask 590: Configuration:8 Energy:0.00 Power:0.00 Reward:2.89 Time:5005
ELocation 1047: Diff:1000 ms Accuracy:3.00
ELocation 1048: Diff:1000 ms Accuracy:3.00
ELocation 1049: Diff:1000 ms Accuracy:3.00
ELocation 1050: Diff:1000 ms Accuracy:3.00
ELocation 1051: Diff:1000 ms Accuracy:3.00
ETask 591: Configuration:8 Energy:0.00 Power:0.00 Reward:2.89 Time:5003
ELocation 1052: Diff:1000 ms Accuracy:3.00
ELocation 1053: Diff:1000 ms Accuracy:3.00
ELocation 1054: Diff:1000 ms Accuracy:3.00
ELocation 1055: Diff:1000 ms Accuracy:3.00
ELocation 1056: Diff:1000 ms Accuracy:3.00
ETask 592: Configuration:8 Energy:0.00 Power:0.00 Reward:2.89 Time:5009
ELocation 1057: Diff:1000 ms Accuracy:3.00
ELocation 1058: Diff:1000 ms Accuracy:3.00
ELocation 1059: Diff:1000 ms Accuracy:3.00
ELocation 1060: Diff:1000 ms Accuracy:3.00
ELocation 1061: Diff:1000 ms Accuracy:3.00
ETask 593: Configuration:8 Energy:0.00 Power:0.00 Reward:3.25 Time:5007
ELocation 1062: Diff:1000 ms Accuracy:3.00
ELocation 1063: Diff:1000 ms Accuracy:3.00
ELocation 1064: Diff:1000 ms Accuracy:3.00
ELocation 1065: Diff:1000 ms Accuracy:3.00
ELocation 1066: Diff:1000 ms Accuracy:3.00
ETask 594: Configuration:8 Energy:0.00 Power:0.00 Reward:3.25 Time:5018
ELocation 1067: Diff:1000 ms Accuracy:3.00
ELocation 1068: Diff:1000 ms Accuracy:3.00
ELocation 1069: Diff:1000 ms Accuracy:3.00
ELocation 1070: Diff:1000 ms Accuracy:3.00
ELocation 1071: Diff:1000 ms Accuracy:3.00
ETask 595: Configuration:8 Energy:0.00 Power:0.00 Reward:3.25 Time:5028
ELocation 1072: Diff:1000 ms Accuracy:3.00
ELocation 1073: Diff:1000 ms Accuracy:3.00
ELocation 1074: Diff:1000 ms Accuracy:3.00
ELocation 1075: Diff:1000 ms Accuracy:3.00
ELocation 1076: Diff:1000 ms Accuracy:3.00
ETask 596: Configuration:8 Energy:0.00 Power:0.00 Reward:3.25 Time:5006
ELocation 1077: Diff:1000 ms Accuracy:3.00
ELocation 1078: Diff:1000 ms Accuracy:3.00
ELocation 1079: Diff:1000 ms Accuracy:3.00
ELocation 1080: Diff:1000 ms Accuracy:3.00
ELocation 1081: Diff:1000 ms Accuracy:3.00
ETask 597: Configuration:8 Energy:0.00 Power:0.00 Reward:3.24 Time:5015
ELocation 1082: Diff:1000 ms Accuracy:3.00
ELocation 1083: Diff:1000 ms Accuracy:3.00
ELocation 1084: Diff:1000 ms Accuracy:3.00
ELocation 1085: Diff:1000 ms Accuracy:3.00
ELocation 1086: Diff:1000 ms Accuracy:3.00
ETask 598: Configuration:8 Energy:0.00 Power:0.00 Reward:3.24 Time:5003
ELocation 1087: Diff:1000 ms Accuracy:3.00
ELocation 1088: Diff:1000 ms Accuracy:3.00
ELocation 1089: Diff:1000 ms Accuracy:3.00
ELocation 1090: Diff:1000 ms Accuracy:3.00
ELocation 1091: Diff:1000 ms Accuracy:3.00
ETask 599: Configuration:8 Energy:0.00 Power:0.00 Reward:3.17 Time:5018
ELocation 1092: Diff:1000 ms Accuracy:3.00
ELocation 1093: Diff:1000 ms Accuracy:3.00
ELocation 1094: Diff:1000 ms Accuracy:3.00
ELocation 1095: Diff:1000 ms Accuracy:3.00
ELocation 1096: Diff:1000 ms Accuracy:3.00
ETask 600: Configuration:8 Energy:0.00 Power:0.00 Reward:3.17 Time:5004
ELocation 1097: Diff:1000 ms Accuracy:3.00
ELocation 1098: Diff:1000 ms Accuracy:3.00
ELocation 1099: Diff:1000 ms Accuracy:3.00
ELocation 1100: Diff:1000 ms Accuracy:3.00
ELocation 1101: Diff:1000 ms Accuracy:3.00
ETask 601: Configuration:8 Energy:0.00 Power:0.00 Reward:3.17 Time:5005
ELocation 1102: Diff:1000 ms Accuracy:3.00
ELocation 1103: Diff:1000 ms Accuracy:3.00
ELocation 1104: Diff:1000 ms Accuracy:3.00
ELocation 1105: Diff:1000 ms Accuracy:3.00
ELocation 1106: Diff:1000 ms Accuracy:3.00
ETask 602: Configuration:8 Energy:0.00 Power:0.00 Reward:3.17 Time:5006
ELocation 1107: Diff:1000 ms Accuracy:3.00
ELocation 1108: Diff:1000 ms Accuracy:3.00
ELocation 1109: Diff:1000 ms Accuracy:3.00
ELocation 1110: Diff:1000 ms Accuracy:3.00
ELocation 1111: Diff:1000 ms Accuracy:3.00
ETask 603: Configuration:8 Energy:0.00 Power:0.00 Reward:3.17 Time:5005
ELocation 1112: Diff:1000 ms Accuracy:3.00
ELocation 1113: Diff:1000 ms Accuracy:3.00
ELocation 1114: Diff:1000 ms Accuracy:3.00
ELocation 1115: Diff:1000 ms Accuracy:3.00
ELocation 1116: Diff:1000 ms Accuracy:3.00
ETask 604: Configuration:8 Energy:0.00 Power:0.00 Reward:3.17 Time:5011
ELocation 1117: Diff:1000 ms Accuracy:3.00
ELocation 1118: Diff:1000 ms Accuracy:3.00
ELocation 1119: Diff:1000 ms Accuracy:3.00
ELocation 1120: Diff:1000 ms Accuracy:3.00
ELocation 1121: Diff:1000 ms Accuracy:3.00
ETask 605: Configuration:8 Energy:0.00 Power:0.00 Reward:2.67 Time:5011
ELocation 1122: Diff:1000 ms Accuracy:3.00
ELocation 1123: Diff:1000 ms Accuracy:3.00
ELocation 1124: Diff:1000 ms Accuracy:3.00
ELocation 1125: Diff:1000 ms Accuracy:3.00
ELocation 1126: Diff:1000 ms Accuracy:3.00
ELocation 1127: Diff:1000 ms Accuracy:3.00
ETask 606: Configuration:8 Energy:0.00 Power:0.00 Reward:2.67 Time:5011
ELocation 1128: Diff:1000 ms Accuracy:3.00
ELocation 1129: Diff:1000 ms Accuracy:3.00
ELocation 1130: Diff:1000 ms Accuracy:3.00
ELocation 1131: Diff:1000 ms Accuracy:3.00
ELocation 1132: Diff:1000 ms Accuracy:3.00
ETask 607: Configuration:8 Energy:0.00 Power:0.00 Reward:2.67 Time:5011
ELocation 1133: Diff:1000 ms Accuracy:3.00
ELocation 1134: Diff:1000 ms Accuracy:3.00
ELocation 1135: Diff:1000 ms Accuracy:3.00
ELocation 1136: Diff:1000 ms Accuracy:3.00
ELocation 1137: Diff:1000 ms Accuracy:3.00
ETask 608: Configuration:8 Energy:0.00 Power:0.00 Reward:2.67 Time:5010
ELocation 1138: Diff:1000 ms Accuracy:3.00
ELocation 1139: Diff:1000 ms Accuracy:3.00
ELocation 1140: Diff:1000 ms Accuracy:3.00
ELocation 1141: Diff:1000 ms Accuracy:3.00
ELocation 1142: Diff:1000 ms Accuracy:3.00
ETask 609: Configuration:8 Energy:0.00 Power:0.00 Reward:2.67 Time:5012
ELocation 1143: Diff:1000 ms Accuracy:3.00
ELocation 1144: Diff:1000 ms Accuracy:3.00
ELocation 1145: Diff:1000 ms Accuracy:3.00
ELocation 1146: Diff:1000 ms Accuracy:3.00
ELocation 1147: Diff:1000 ms Accuracy:3.00
ETask 610: Configuration:8 Energy:0.00 Power:0.00 Reward:2.67 Time:5007
ELocation 1148: Diff:1000 ms Accuracy:3.00
ELocation 1149: Diff:1000 ms Accuracy:3.00
ELocation 1150: Diff:1000 ms Accuracy:3.00
ELocation 1151: Diff:1000 ms Accuracy:3.00
ELocation 1152: Diff:1000 ms Accuracy:3.00
ETask 611: Configuration:8 Energy:0.00 Power:0.00 Reward:2.92 Time:5005
ELocation 1153: Diff:1000 ms Accuracy:3.00
ELocation 1154: Diff:1000 ms Accuracy:3.00
ELocation 1155: Diff:1000 ms Accuracy:3.00
ELocation 1156: Diff:1000 ms Accuracy:3.00
ELocation 1157: Diff:1000 ms Accuracy:3.00
ETask 612: Configuration:8 Energy:0.00 Power:0.00 Reward:2.92 Time:5003
ELocation 1158: Diff:1000 ms Accuracy:3.00
ELocation 1159: Diff:1000 ms Accuracy:3.00
ELocation 1160: Diff:1000 ms Accuracy:3.00
ELocation 1161: Diff:1000 ms Accuracy:3.00
ELocation 1162: Diff:1000 ms Accuracy:3.00
ETask 613: Configuration:8 Energy:0.00 Power:0.00 Reward:2.92 Time:5006
ELocation 1163: Diff:1000 ms Accuracy:3.00
ELocation 1164: Diff:1000 ms Accuracy:3.00
ELocation 1165: Diff:1000 ms Accuracy:3.00
ELocation 1166: Diff:1000 ms Accuracy:3.00
ELocation 1167: Diff:1000 ms Accuracy:3.00
ETask 614: Configuration:8 Energy:0.00 Power:0.00 Reward:2.92 Time:5003
ELocation 1168: Diff:1000 ms Accuracy:3.00
ELocation 1169: Diff:1000 ms Accuracy:3.00
ELocation 1170: Diff:1000 ms Accuracy:3.00
ELocation 1171: Diff:1000 ms Accuracy:3.00
ELocation 1172: Diff:1000 ms Accuracy:3.00
ETask 615: Configuration:8 Energy:0.00 Power:0.00 Reward:2.92 Time:5013
ELocation 1173: Diff:1000 ms Accuracy:3.00
ELocation 1174: Diff:1000 ms Accuracy:3.00
ELocation 1175: Diff:1000 ms Accuracy:3.00
ELocation 1176: Diff:1000 ms Accuracy:3.00
ELocation 1177: Diff:1000 ms Accuracy:3.00
ETask 616: Configuration:8 Energy:0.00 Power:0.00 Reward:2.92 Time:5010
ELocation 1178: Diff:1000 ms Accuracy:3.00
ELocation 1179: Diff:1000 ms Accuracy:3.00
ELocation 1180: Diff:1000 ms Accuracy:3.00
ELocation 1181: Diff:1000 ms Accuracy:3.00
ELocation 1182: Diff:1000 ms Accuracy:3.00
ETask 617: Configuration:8 Energy:0.00 Power:0.00 Reward:3.25 Time:5012
ELocation 1183: Diff:1000 ms Accuracy:3.00
ELocation 1184: Diff:1000 ms Accuracy:3.00
ELocation 1185: Diff:1000 ms Accuracy:3.00
ELocation 1186: Diff:1000 ms Accuracy:3.00
ELocation 1187: Diff:1000 ms Accuracy:3.00
ETask 618: Configuration:8 Energy:0.00 Power:0.00 Reward:3.25 Time:5007
ELocation 1188: Diff:1000 ms Accuracy:3.00
ELocation 1189: Diff:1000 ms Accuracy:3.00
ELocation 1190: Diff:1000 ms Accuracy:3.00
ELocation 1191: Diff:1000 ms Accuracy:3.00
ELocation 1192: Diff:1000 ms Accuracy:3.00
ETask 619: Configuration:8 Energy:0.00 Power:0.00 Reward:3.25 Time:5004
ELocation 1193: Diff:1000 ms Accuracy:3.00
ELocation 1194: Diff:1000 ms Accuracy:3.00
ELocation 1195: Diff:1000 ms Accuracy:3.00
ELocation 1196: Diff:1000 ms Accuracy:3.00
ELocation 1197: Diff:1000 ms Accuracy:3.00
ETask 620: Configuration:8 Energy:0.00 Power:0.00 Reward:3.25 Time:5004
ELocation 1198: Diff:1000 ms Accuracy:3.00
ELocation 1199: Diff:1000 ms Accuracy:3.00
ELocation 1200: Diff:1000 ms Accuracy:3.00
ELocation 1201: Diff:1000 ms Accuracy:3.00
ELocation 1202: Diff:1000 ms Accuracy:3.00
ETask 621: Configuration:8 Energy:0.00 Power:0.00 Reward:3.25 Time:5008
ELocation 1203: Diff:1000 ms Accuracy:3.00
ELocation 1204: Diff:1000 ms Accuracy:3.00
ELocation 1205: Diff:1000 ms Accuracy:3.00
ELocation 1206: Diff:1000 ms Accuracy:3.00
ELocation 1207: Diff:1000 ms Accuracy:3.00
ETask 622: Configuration:8 Energy:0.00 Power:0.00 Reward:3.25 Time:5013
ELocation 1208: Diff:1000 ms Accuracy:3.00
ELocation 1209: Diff:1000 ms Accuracy:3.00
ELocation 1210: Diff:1000 ms Accuracy:3.00
ELocation 1211: Diff:1000 ms Accuracy:3.00
ELocation 1212: Diff:1000 ms Accuracy:3.00
ETask 623: Configuration:8 Energy:0.00 Power:0.00 Reward:2.99 Time:5011
ELocation 1213: Diff:1000 ms Accuracy:3.00
ELocation 1214: Diff:1000 ms Accuracy:3.00
ELocation 1215: Diff:1000 ms Accuracy:3.00
ELocation 1216: Diff:1000 ms Accuracy:3.00
ELocation 1217: Diff:1000 ms Accuracy:3.00
ETask 624: Configuration:8 Energy:0.00 Power:0.00 Reward:2.99 Time:5014
ECycle 8: Energy:0.00 Power:0.00 Drain:0.03
ELocation 1218: Diff:1000 ms Accuracy:3.00
ELocation 1219: Diff:1000 ms Accuracy:3.00
ELocation 1220: Diff:1000 ms Accuracy:3.00
ELocation 1221: Diff:1000 ms Accuracy:3.00
ELocation 1222: Diff:1000 ms Accuracy:3.00
ELocation 1223: Diff:0 ms Accuracy:3.00
ELocation 1224: Diff:0 ms Accuracy:3.00
STOKE: End Bat: 0.620000
STOKE: Usage Bat: 0.190000
ERun: Reward:1235.29 PostConfigReward:0.00 Time:2835745
