==RUN 0==
Bandit Runs:1 Tasks-in-Run:50
Self-Optimizer Rounds:0 Tasks-in-Round:0
Continuous Knob Rounds:Inf Tasks-in-Round:0
STOKE: Start Bat: 0.560000
MAPSME_GPS_RATE: 10000
MAPSME_GPS_PRIORITY: High Accuracy
MAPSME_GPS_BATCH: 1x

ETask 1: Configuration:0 Energy:0.0 Power:0.0 Reward:35.19338483731 Time:32509 TotalReward:35.19338483731
ETask 2: Configuration:1 Energy:0.0 Power:0.0 Reward:45.45224483406 Time:32559 TotalReward:80.64562967136999
ETask 3: Configuration:2 Energy:0.0 Power:0.0 Reward:78.51079749527 Time:32543 TotalReward:159.15642716664
ETask 4: Configuration:3 Energy:0.0 Power:0.0 Reward:80.13978548433 Time:32538 TotalReward:239.29621265097
ETask 5: Configuration:4 Energy:0.0 Power:0.0 Reward:39.07357259321999 Time:32538 TotalReward:278.36978524419
ETask 6: Configuration:5 Energy:0.0 Power:0.0 Reward:37.9035952082 Time:32540 TotalReward:316.27338045239
ETask 7: Configuration:6 Energy:0.0 Power:0.0 Reward:79.93961509576 Time:32536 TotalReward:396.21299554815
ETask 8: Configuration:2 Energy:0.0 Power:0.0 Reward:34.715395051449995 Time:32555 TotalReward:430.9283905996
ETask 9: Configuration:2 Energy:0.0 Power:0.0 Reward:45.134326649555 Time:32513 TotalReward:476.062717249155
ETask 10: Configuration:2 Energy:0.0 Power:0.0 Reward:40.72611961615999 Time:32516 TotalReward:516.788836865315
ETask 11: Configuration:6 Energy:0.0 Power:0.0 Reward:78.81792983724 Time:32531 TotalReward:595.606766702555
ETask 12: Configuration:6 Energy:0.0 Power:0.0 Reward:79.955992212228 Time:32507 TotalReward:675.562758914783
ETask 13: Configuration:6 Energy:0.0 Power:0.0 Reward:84.43968317769601 Time:32508 TotalReward:760.002442092479
ETask 14: Configuration:3 Energy:0.0 Power:0.0 Reward:37.87762346253601 Time:32554 TotalReward:797.880065555015
ETask 15: Configuration:3 Energy:0.0 Power:0.0 Reward:36.78684658194 Time:32515 TotalReward:834.666912136955
ETask 16: Configuration:3 Energy:0.0 Power:0.0 Reward:36.68412754188 Time:32508 TotalReward:871.351039678835
ETask 17: Configuration:2 Energy:0.0 Power:0.0 Reward:33.79472599939799 Time:32537 TotalReward:905.145765678233
ETask 18: Configuration:6 Energy:0.0 Power:0.0 Reward:77.681741443488 Time:32528 TotalReward:982.827507121721
ETask 19: Configuration:6 Energy:0.0 Power:0.0 Reward:77.634878527548 Time:32509 TotalReward:1060.462385649269
ETask 20: Configuration:6 Energy:0.0 Power:0.0 Reward:79.24480313939999 Time:32509 TotalReward:1139.7071887886689
ETask 21: Configuration:6 Energy:0.0 Power:0.0 Reward:79.87885628889602 Time:32508 TotalReward:1219.586045077565
ETask 22: Configuration:6 Energy:0.0 Power:0.0 Reward:83.922437532024 Time:32508 TotalReward:1303.508482609589
ETask 23: Configuration:2 Energy:0.0 Power:0.0 Reward:80.89807586619 Time:32549 TotalReward:1384.406558475779
ETask 24: Configuration:2 Energy:0.0 Power:0.0 Reward:38.847924869652005 Time:32511 TotalReward:1423.254483345431
ETask 25: Configuration:0 Energy:0.0 Power:0.0 Reward:35.187373468379995 Time:32554 TotalReward:1458.441856813811
ETask 26: Configuration:2 Energy:0.0 Power:0.0 Reward:39.855695070672 Time:32539 TotalReward:1498.297551884483
ETask 27: Configuration:6 Energy:0.0 Power:0.0 Reward:78.10600068505 Time:32537 TotalReward:1576.403552569533
ETask 28: Configuration:6 Energy:0.0 Power:0.0 Reward:78.99253947611 Time:32509 TotalReward:1655.3960920456432
ETask 29: Configuration:6 Energy:0.0 Power:0.0 Reward:85.94646022235 Time:32515 TotalReward:1741.3425522679931
ETask 30: Configuration:6 Energy:0.0 Power:0.0 Reward:78.6510310742 Time:32507 TotalReward:1819.9935833421932
ETask 31: Configuration:6 Energy:0.0 Power:0.0 Reward:93.00959950853999 Time:32506 TotalReward:1913.0031828507333
ETask 32: Configuration:2 Energy:0.0 Power:0.0 Reward:78.1529688342 Time:32580 TotalReward:1991.1561516849333
ETask 33: Configuration:2 Energy:0.0 Power:0.0 Reward:43.06650684429601 Time:32511 TotalReward:2034.2226585292294
ETask 34: Configuration:2 Energy:0.0 Power:0.0 Reward:81.10771344998402 Time:32512 TotalReward:2115.3303719792134
ETask 35: Configuration:2 Energy:0.0 Power:0.0 Reward:57.110953482544005 Time:32509 TotalReward:2172.4413254617575
ETask 36: Configuration:2 Energy:0.0 Power:0.0 Reward:75.404038015384 Time:32513 TotalReward:2247.8453634771413
ETask 37: Configuration:2 Energy:0.0 Power:0.0 Reward:40.62725689464 Time:32518 TotalReward:2288.4726203717814
ETask 38: Configuration:2 Energy:0.0 Power:0.0 Reward:40.324580390016 Time:32517 TotalReward:2328.7972007617973
ETask 39: Configuration:2 Energy:0.0 Power:0.0 Reward:41.315170614900005 Time:32511 TotalReward:2370.1123713766974
ETask 40: Configuration:2 Energy:0.0 Power:0.0 Reward:36.950940162500004 Time:32515 TotalReward:2407.0633115391975
ETask 41: Configuration:2 Energy:0.0 Power:0.0 Reward:76.22095210329601 Time:32508 TotalReward:2483.2842636424934
ETask 42: Configuration:0 Energy:0.0 Power:0.0 Reward:34.948548040536 Time:32562 TotalReward:2518.2328116830295
ETask 43: Configuration:2 Energy:0.0 Power:0.0 Reward:83.01444266325599 Time:32573 TotalReward:2601.2472543462854
ETask 44: Configuration:2 Energy:0.0 Power:0.0 Reward:75.10264796756799 Time:32513 TotalReward:2676.3499023138534
ETask 45: Configuration:2 Energy:0.0 Power:0.0 Reward:87.95169233214001 Time:32515 TotalReward:2764.301594645993
ETask 46: Configuration:2 Energy:0.0 Power:0.0 Reward:80.19395035142401 Time:32508 TotalReward:2844.4955449974173
ETask 47: Configuration:2 Energy:0.0 Power:0.0 Reward:38.687176693464004 Time:32518 TotalReward:2883.1827216908814
ETask 48: Configuration:2 Energy:0.0 Power:0.0 Reward:39.997009649064005 Time:32511 TotalReward:2923.179731339945
ETask 49: Configuration:2 Energy:0.0 Power:0.0 Reward:39.746983792639995 Time:32512 TotalReward:2962.9267151325853
ETask 50: Configuration:6 Energy:0.0 Power:0.0 Reward:78.34863625567999 Time:32536 TotalReward:3041.2753513882653
ETask 51: Configuration:2 Energy:0.0 Power:0.0 Reward:34.472667434639995 Time:32556 TotalReward:3075.748018822905
ETask 52: Configuration:2 Energy:0.0 Power:0.0 Reward:37.187317172956995 Time:32519 TotalReward:3112.9353359958623
ETask 53: Configuration:3 Energy:0.0 Power:0.0 Reward:78.73833174076798 Time:32544 TotalReward:3191.6736677366303
ETask 54: Configuration:2 Energy:0.0 Power:0.0 Reward:42.32517555336 Time:32554 TotalReward:3233.9988432899904
ETask 55: Configuration:2 Energy:0.0 Power:0.0 Reward:79.456620880987 Time:32507 TotalReward:3313.4554641709774
ETask 56: Configuration:2 Energy:0.0 Power:0.0 Reward:74.80228811479199 Time:32517 TotalReward:3388.2577522857696
ETask 57: Configuration:2 Energy:0.0 Power:0.0 Reward:33.704834470670995 Time:32513 TotalReward:3421.9625867564405
ETask 58: Configuration:2 Energy:0.0 Power:0.0 Reward:38.689412761216005 Time:32518 TotalReward:3460.6519995176563
ERun: Time:1887332
==END-RUN 0==
STOKE: Config: 0 - Knobs: {interval:10000 priority:100 sensor-configuration:1 batch:1 }  | -- on:3 joules:35.11 reward:0.75
STOKE: Config: 1 - Knobs: {interval:8000 priority:100 sensor-configuration:1 batch:1 }  | -- on:1 joules:45.45 reward:0.83
STOKE: Config: 2 - Knobs: {interval:5000 priority:100 sensor-configuration:1 batch:1 }  | -- on:32 joules:54.63 reward:0.91
STOKE: Config: 3 - Knobs: {interval:4000 priority:100 sensor-configuration:1 batch:1 }  | -- on:5 joules:54.05 reward:0.91
STOKE: Config: 4 - Knobs: {interval:3000 priority:100 sensor-configuration:1 batch:1 }  | -- on:1 joules:39.07 reward:0.78
STOKE: Config: 5 - Knobs: {interval:2000 priority:100 sensor-configuration:1 batch:1 }  | -- on:1 joules:37.90 reward:0.77
STOKE: Config: 6 - Knobs: {interval:1000 priority:100 sensor-configuration:1 batch:1 }  | -- on:15 joules:80.97 reward:0.86
ERROR: We got 'done' signal before finishing experiment!
STOKE: Config: 0 - Knobs: {interval:10000 priority:100 sensor-configuration:1 batch:1 }  | -- on:3 joules:35.11 reward:0.75
STOKE: Config: 1 - Knobs: {interval:8000 priority:100 sensor-configuration:1 batch:1 }  | -- on:1 joules:45.45 reward:0.83
STOKE: Config: 2 - Knobs: {interval:5000 priority:100 sensor-configuration:1 batch:1 }  | -- on:32 joules:54.63 reward:0.91
STOKE: Config: 3 - Knobs: {interval:4000 priority:100 sensor-configuration:1 batch:1 }  | -- on:5 joules:54.05 reward:0.91
STOKE: Config: 4 - Knobs: {interval:3000 priority:100 sensor-configuration:1 batch:1 }  | -- on:1 joules:39.07 reward:0.78
STOKE: Config: 5 - Knobs: {interval:2000 priority:100 sensor-configuration:1 batch:1 }  | -- on:1 joules:37.90 reward:0.77
STOKE: Config: 6 - Knobs: {interval:1000 priority:100 sensor-configuration:1 batch:1 }  | -- on:15 joules:80.97 reward:0.86
