STOKE: Start Bat: 1.000000
ETask 31: Configuration:0 Energy:12.70 Power:12.70 Reward:12.70 Time:4024
ETask 32: Configuration:0 Energy:12.50 Power:12.50 Reward:12.50 Time:4010
ETask 33: Configuration:0 Energy:13.20 Power:13.20 Reward:13.20 Time:4026
ETask 34: Configuration:0 Energy:13.60 Power:13.60 Reward:13.60 Time:4028
ETask 35: Configuration:0 Energy:13.50 Power:13.50 Reward:13.50 Time:4022
ETask 36: Configuration:0 Energy:15.00 Power:15.00 Reward:15.00 Time:4001
ETask 37: Configuration:0 Energy:15.80 Power:15.80 Reward:15.80 Time:4021
ETask 38: Configuration:0 Energy:15.50 Power:15.50 Reward:15.50 Time:4017
ETask 39: Configuration:0 Energy:15.00 Power:15.00 Reward:15.00 Time:4017
ETask 40: Configuration:0 Energy:14.60 Power:14.60 Reward:14.60 Time:4002
ETask 41: Configuration:0 Energy:14.40 Power:14.40 Reward:14.40 Time:4004
ETask 42: Configuration:0 Energy:14.60 Power:14.60 Reward:14.60 Time:4018
ETask 43: Configuration:0 Energy:14.10 Power:14.10 Reward:14.10 Time:4023
ETask 44: Configuration:0 Energy:14.10 Power:14.10 Reward:14.10 Time:4018
ETask 45: Configuration:0 Energy:13.90 Power:13.90 Reward:13.90 Time:4022
ETask 46: Configuration:0 Energy:13.20 Power:13.20 Reward:13.20 Time:4021
ETask 47: Configuration:0 Energy:13.10 Power:13.10 Reward:13.10 Time:4024
ETask 48: Configuration:0 Energy:13.00 Power:13.00 Reward:13.00 Time:4029
ETask 49: Configuration:0 Energy:13.10 Power:13.10 Reward:13.10 Time:4019
ETask 50: Configuration:0 Energy:12.80 Power:12.80 Reward:12.80 Time:4022
ETask 51: Configuration:0 Energy:12.50 Power:12.50 Reward:12.50 Time:4031
ETask 52: Configuration:0 Energy:12.10 Power:12.10 Reward:12.10 Time:4009
ETask 53: Configuration:0 Energy:13.20 Power:13.20 Reward:13.20 Time:4004
ETask 54: Configuration:0 Energy:13.60 Power:13.60 Reward:13.60 Time:4023
ETask 55: Configuration:0 Energy:13.70 Power:13.70 Reward:13.70 Time:4023
ETask 56: Configuration:0 Energy:14.10 Power:14.10 Reward:14.10 Time:4015
ETask 57: Configuration:0 Energy:14.10 Power:14.10 Reward:14.10 Time:4017
ETask 58: Configuration:0 Energy:14.30 Power:14.30 Reward:14.30 Time:4023
ETask 59: Configuration:0 Energy:13.80 Power:13.80 Reward:13.80 Time:4024
ETask 60: Configuration:0 Energy:17.60 Power:17.60 Reward:17.60 Time:4015
ETask 61: Configuration:0 Energy:14.50 Power:14.50 Reward:14.50 Time:4003
ETask 62: Configuration:0 Energy:14.90 Power:14.90 Reward:14.90 Time:4017
ETask 63: Configuration:0 Energy:14.80 Power:14.80 Reward:14.80 Time:4026
ETask 64: Configuration:0 Energy:14.50 Power:14.50 Reward:14.50 Time:4021
ETask 65: Configuration:0 Energy:14.20 Power:14.20 Reward:14.20 Time:4019
ETask 66: Configuration:0 Energy:14.40 Power:14.40 Reward:14.40 Time:4024
ETask 67: Configuration:0 Energy:14.10 Power:14.10 Reward:14.10 Time:4023
ETask 68: Configuration:0 Energy:13.60 Power:13.60 Reward:13.60 Time:4015
ETask 69: Configuration:0 Energy:14.20 Power:14.20 Reward:14.20 Time:4022
ETask 70: Configuration:0 Energy:14.10 Power:14.10 Reward:14.10 Time:4035
ETask 71: Configuration:0 Energy:13.30 Power:13.30 Reward:13.30 Time:4024
ETask 72: Configuration:0 Energy:13.10 Power:13.10 Reward:13.10 Time:4032
ETask 73: Configuration:0 Energy:13.00 Power:13.00 Reward:13.00 Time:4025
ETask 74: Configuration:0 Energy:12.60 Power:12.60 Reward:12.60 Time:4028
ETask 75: Configuration:0 Energy:13.00 Power:13.00 Reward:13.00 Time:4016
ETask 76: Configuration:0 Energy:13.30 Power:13.30 Reward:13.30 Time:4015
ETask 77: Configuration:0 Energy:13.10 Power:13.10 Reward:13.10 Time:4019
ETask 78: Configuration:0 Energy:12.90 Power:12.90 Reward:12.90 Time:4028
ETask 79: Configuration:0 Energy:12.70 Power:12.70 Reward:12.70 Time:4030
ETask 80: Configuration:0 Energy:12.70 Power:12.70 Reward:12.70 Time:4019
ETask 81: Configuration:0 Energy:12.60 Power:12.60 Reward:12.60 Time:4021
ETask 82: Configuration:0 Energy:12.60 Power:12.60 Reward:12.60 Time:4029
ETask 83: Configuration:0 Energy:12.10 Power:12.10 Reward:12.10 Time:4030
ETask 84: Configuration:0 Energy:12.50 Power:12.50 Reward:12.50 Time:4016
STOKE: End Bat: 1.000000
STOKE: Usage Bat: 0.000000
ERun: Reward:739.50 PostConfigReward:0.00 Time:218099
