==RUN 0==
Bandit Runs:1 Tasks-in-Run:100
Self-Optimizer Rounds:0 Tasks-in-Round:0
Continuous Knob Rounds:Inf Tasks-in-Round:0
STOKE: Start Bat: 0.860000
MAPSME_GPS_RATE: 10000
MAPSME_GPS_PRIORITY: High Accuracy
MAPSME_GPS_BATCH: 1x

MAPSME_GPS_RATE: 10000
MAPSME_GPS_PRIORITY: High Accuracy
MAPSME_GPS_BATCH: 1x

MAPSME_GPS_RATE: 10000
MAPSME_GPS_PRIORITY: High Accuracy
MAPSME_GPS_BATCH: 1x

MAPSME_GPS_RATE: 10000
MAPSME_GPS_PRIORITY: High Accuracy
MAPSME_GPS_BATCH: 1x

ETask 1: Configuration:0 Energy:0.0 Power:0.0 Reward:70.11253614981 Time:32505 TotalReward:70.11253614981
ETask 2: Configuration:1 Energy:0.0 Power:0.0 Reward:40.651639234967995 Time:32622 TotalReward:110.76417538477799
ETask 3: Configuration:2 Energy:0.0 Power:0.0 Reward:84.60112908371998 Time:32610 TotalReward:195.36530446849798
ETask 4: Configuration:3 Energy:0.0 Power:0.0 Reward:37.96116441851999 Time:32620 TotalReward:233.32646888701797
ETask 5: Configuration:4 Energy:0.0 Power:0.0 Reward:45.830363316459994 Time:32614 TotalReward:279.15683220347796
ETask 6: Configuration:5 Energy:0.0 Power:0.0 Reward:86.574231487188 Time:32598 TotalReward:365.73106369066596
ETask 7: Configuration:6 Energy:0.0 Power:0.0 Reward:90.68296126995999 Time:32545 TotalReward:456.41402496062597
ETask 8: Configuration:4 Energy:0.0 Power:0.0 Reward:54.22904514892199 Time:32543 TotalReward:510.643070109548
ETask 9: Configuration:4 Energy:0.0 Power:0.0 Reward:38.218774146959994 Time:32505 TotalReward:548.861844256508
ETask 10: Configuration:4 Energy:0.0 Power:0.0 Reward:44.452906221024 Time:32508 TotalReward:593.314750477532
ETask 11: Configuration:4 Energy:0.0 Power:0.0 Reward:73.115827864064 Time:32512 TotalReward:666.4305783415961
ETask 12: Configuration:4 Energy:0.0 Power:0.0 Reward:37.67601602065599 Time:32513 TotalReward:704.106594362252
ETask 13: Configuration:4 Energy:0.0 Power:0.0 Reward:37.778739516276005 Time:32514 TotalReward:741.8853338785281
ETask 14: Configuration:4 Energy:0.0 Power:0.0 Reward:73.756017919584 Time:32508 TotalReward:815.641351798112
ETask 15: Configuration:4 Energy:0.0 Power:0.0 Reward:83.42341862399999 Time:32512 TotalReward:899.064770422112
ETask 16: Configuration:4 Energy:0.0 Power:0.0 Reward:68.974160961888 Time:32511 TotalReward:968.0389313840001
ETask 17: Configuration:4 Energy:0.0 Power:0.0 Reward:69.97154608922399 Time:32507 TotalReward:1038.010477473224
ETask 18: Configuration:4 Energy:0.0 Power:0.0 Reward:38.27563451712 Time:32516 TotalReward:1076.286111990344
ETask 19: Configuration:4 Energy:0.0 Power:0.0 Reward:72.42590948736 Time:32516 TotalReward:1148.712021477704
ETask 20: Configuration:4 Energy:0.0 Power:0.0 Reward:75.57771329740801 Time:32512 TotalReward:1224.289734775112
ETask 21: Configuration:0 Energy:0.0 Power:0.0 Reward:36.435495110111994 Time:32556 TotalReward:1260.725229885224
ETask 22: Configuration:4 Energy:0.0 Power:0.0 Reward:70.3695472506 Time:32530 TotalReward:1331.094777135824
ETask 23: Configuration:4 Energy:0.0 Power:0.0 Reward:81.42515666784 Time:32510 TotalReward:1412.519933803664
ETask 24: Configuration:4 Energy:0.0 Power:0.0 Reward:84.06354364228801 Time:32508 TotalReward:1496.583477445952
ETask 25: Configuration:4 Energy:0.0 Power:0.0 Reward:84.75222499938002 Time:32509 TotalReward:1581.3357024453321
ETask 26: Configuration:1 Energy:0.0 Power:0.0 Reward:66.774276199764 Time:32559 TotalReward:1648.1099786450961
ETask 27: Configuration:4 Energy:0.0 Power:0.0 Reward:53.809972930907996 Time:32541 TotalReward:1701.9199515760042
ETask 28: Configuration:4 Energy:0.0 Power:0.0 Reward:80.96873632254001 Time:32505 TotalReward:1782.8886878985443
ETask 29: Configuration:4 Energy:0.0 Power:0.0 Reward:92.82675229200001 Time:32510 TotalReward:1875.7154401905443
ETask 30: Configuration:6 Energy:0.0 Power:0.0 Reward:79.53823984002001 Time:32539 TotalReward:1955.2536800305643
ETask 31: Configuration:4 Energy:0.0 Power:0.0 Reward:76.99182239250001 Time:32551 TotalReward:2032.2455024230644
ETask 32: Configuration:4 Energy:0.0 Power:0.0 Reward:37.612208808960006 Time:32512 TotalReward:2069.8577112320245
ETask 33: Configuration:4 Energy:0.0 Power:0.0 Reward:78.4598096832 Time:32505 TotalReward:2148.3175209152246
ETask 34: Configuration:4 Energy:0.0 Power:0.0 Reward:85.927841132544 Time:32512 TotalReward:2234.2453620477686
ETask 35: Configuration:4 Energy:0.0 Power:0.0 Reward:70.000276146336 Time:32517 TotalReward:2304.2456381941047
ETask 36: Configuration:4 Energy:0.0 Power:0.0 Reward:87.31064935264 Time:32515 TotalReward:2391.556287546745
ETask 37: Configuration:4 Energy:0.0 Power:0.0 Reward:77.05976006025601 Time:32511 TotalReward:2468.616047607001
ETask 38: Configuration:4 Energy:0.0 Power:0.0 Reward:47.412377586608 Time:32509 TotalReward:2516.0284251936087
ETask 39: Configuration:4 Energy:0.0 Power:0.0 Reward:81.51993606175999 Time:32510 TotalReward:2597.5483612553685
ETask 40: Configuration:4 Energy:0.0 Power:0.0 Reward:76.996102222818 Time:32514 TotalReward:2674.5444634781866
ETask 41: Configuration:6 Energy:0.0 Power:0.0 Reward:93.17965599572098 Time:32541 TotalReward:2767.7241194739076
ETask 42: Configuration:4 Energy:0.0 Power:0.0 Reward:80.593003809267 Time:32547 TotalReward:2848.3171232831746
ETask 43: Configuration:4 Energy:0.0 Power:0.0 Reward:70.19121459798 Time:32508 TotalReward:2918.5083378811546
ETask 44: Configuration:4 Energy:0.0 Power:0.0 Reward:121.00903147704 Time:32515 TotalReward:3039.5173693581946
ETask 45: Configuration:6 Energy:0.0 Power:0.0 Reward:106.917680356144 Time:32536 TotalReward:3146.4350497143387
ETask 46: Configuration:4 Energy:0.0 Power:0.0 Reward:36.60860775891 Time:32538 TotalReward:3183.0436574732485
ETask 47: Configuration:2 Energy:0.0 Power:0.0 Reward:46.733320554624 Time:32544 TotalReward:3229.7769780278722
ETask 48: Configuration:4 Energy:0.0 Power:0.0 Reward:80.38075459837499 Time:32557 TotalReward:3310.1577326262473
ETask 49: Configuration:4 Energy:0.0 Power:0.0 Reward:35.469620372339996 Time:32508 TotalReward:3345.6273529985874
ETask 50: Configuration:4 Energy:0.0 Power:0.0 Reward:47.03912919804999 Time:32507 TotalReward:3392.6664821966374
ETask 51: Configuration:4 Energy:0.0 Power:0.0 Reward:84.450598962912 Time:32507 TotalReward:3477.1170811595493
ETask 52: Configuration:4 Energy:0.0 Power:0.0 Reward:106.82283170800801 Time:32506 TotalReward:3583.9399128675573
ETask 53: Configuration:5 Energy:0.0 Power:0.0 Reward:91.471776489288 Time:32548 TotalReward:3675.4116893568453
ETask 54: Configuration:4 Energy:0.0 Power:0.0 Reward:35.92675861281 Time:32539 TotalReward:3711.338447969655
ETask 55: Configuration:3 Energy:0.0 Power:0.0 Reward:50.785739440254 Time:32543 TotalReward:3762.124187409909
ETask 56: Configuration:4 Energy:0.0 Power:0.0 Reward:70.8702935031 Time:32550 TotalReward:3832.9944809130093
ETask 57: Configuration:4 Energy:0.0 Power:0.0 Reward:74.18200608805999 Time:32513 TotalReward:3907.1764870010693
ETask 58: Configuration:4 Energy:0.0 Power:0.0 Reward:35.767995123039995 Time:32504 TotalReward:3942.944482124109
ETask 59: Configuration:4 Energy:0.0 Power:0.0 Reward:85.40378814744001 Time:32508 TotalReward:4028.348270271549
ETask 60: Configuration:4 Energy:0.0 Power:0.0 Reward:50.44222639937999 Time:32509 TotalReward:4078.7904966709293
ETask 61: Configuration:4 Energy:0.0 Power:0.0 Reward:50.165858287860004 Time:32509 TotalReward:4128.956354958789
ETask 62: Configuration:4 Energy:0.0 Power:0.0 Reward:50.34350501872 Time:32509 TotalReward:4179.299859977509
ETask 63: Configuration:4 Energy:0.0 Power:0.0 Reward:83.03978584400001 Time:32510 TotalReward:4262.339645821509
ETask 64: Configuration:4 Energy:0.0 Power:0.0 Reward:47.67681989448 Time:32508 TotalReward:4310.016465715989
ETask 65: Configuration:4 Energy:0.0 Power:0.0 Reward:79.93028988384 Time:32514 TotalReward:4389.946755599829
ETask 66: Configuration:4 Energy:0.0 Power:0.0 Reward:69.46511990172 Time:32514 TotalReward:4459.411875501549
ETask 67: Configuration:4 Energy:0.0 Power:0.0 Reward:34.673855391859995 Time:32510 TotalReward:4494.085730893409
ETask 68: Configuration:4 Energy:0.0 Power:0.0 Reward:45.41557414212 Time:32508 TotalReward:4539.501305035529
ETask 69: Configuration:4 Energy:0.0 Power:0.0 Reward:67.370557646525 Time:32515 TotalReward:4606.871862682055
ETask 70: Configuration:6 Energy:0.0 Power:0.0 Reward:69.520992037705 Time:32539 TotalReward:4676.392854719759
ETask 71: Configuration:4 Energy:0.0 Power:0.0 Reward:71.20127892357199 Time:32543 TotalReward:4747.594133643332
ETask 72: Configuration:4 Energy:0.0 Power:0.0 Reward:58.952289419673 Time:32513 TotalReward:4806.546423063005
ETask 73: Configuration:4 Energy:0.0 Power:0.0 Reward:43.27090651202799 Time:32513 TotalReward:4849.817329575033
ETask 74: Configuration:2 Energy:0.0 Power:0.0 Reward:52.2911367468 Time:32550 TotalReward:4902.108466321833
ETask 75: Configuration:1 Energy:0.0 Power:0.0 Reward:33.978523116861005 Time:32553 TotalReward:4936.086989438693
ETask 76: Configuration:4 Energy:0.0 Power:0.0 Reward:68.792876543376 Time:32537 TotalReward:5004.8798659820695
ETask 77: Configuration:4 Energy:0.0 Power:0.0 Reward:68.23537504521599 Time:32507 TotalReward:5073.115241027285
ETask 78: Configuration:4 Energy:0.0 Power:0.0 Reward:66.77515559635201 Time:32508 TotalReward:5139.890396623638
ETask 79: Configuration:4 Energy:0.0 Power:0.0 Reward:51.707997379919995 Time:32515 TotalReward:5191.598394003558
ETask 80: Configuration:2 Energy:0.0 Power:0.0 Reward:82.43563069007998 Time:32535 TotalReward:5274.034024693638
ETask 81: Configuration:2 Energy:0.0 Power:0.0 Reward:56.473429303104 Time:32516 TotalReward:5330.507453996742
ETask 82: Configuration:4 Energy:0.0 Power:0.0 Reward:52.504712333472 Time:32531 TotalReward:5383.012166330213
ETask 83: Configuration:4 Energy:0.0 Power:0.0 Reward:60.76014065088 Time:32504 TotalReward:5443.772306981094
ETask 84: Configuration:4 Energy:0.0 Power:0.0 Reward:75.42850216051198 Time:32507 TotalReward:5519.2008091416055
ETask 85: Configuration:4 Energy:0.0 Power:0.0 Reward:71.38858468176 Time:32510 TotalReward:5590.589393823366
ETask 86: Configuration:4 Energy:0.0 Power:0.0 Reward:69.841059562032 Time:32516 TotalReward:5660.430453385397
ETask 87: Configuration:4 Energy:0.0 Power:0.0 Reward:37.980973930128 Time:32514 TotalReward:5698.4114273155255
ETask 88: Configuration:4 Energy:0.0 Power:0.0 Reward:50.209918345188 Time:32507 TotalReward:5748.621345660714
ETask 89: Configuration:4 Energy:0.0 Power:0.0 Reward:41.29842246684 Time:32506 TotalReward:5789.919768127554
ETask 90: Configuration:2 Energy:0.0 Power:0.0 Reward:74.94489981568798 Time:32559 TotalReward:5864.864667943241
ETask 91: Configuration:2 Energy:0.0 Power:0.0 Reward:68.347589464896 Time:32509 TotalReward:5933.212257408138
ETask 92: Configuration:2 Energy:0.0 Power:0.0 Reward:36.96974481816 Time:32505 TotalReward:5970.182002226297
ETask 93: Configuration:4 Energy:0.0 Power:0.0 Reward:75.41443918259998 Time:32550 TotalReward:6045.596441408898
ETask 94: Configuration:4 Energy:0.0 Power:0.0 Reward:72.6107656008 Time:32515 TotalReward:6118.207207009697
ETask 95: Configuration:4 Energy:0.0 Power:0.0 Reward:72.21414966751999 Time:32507 TotalReward:6190.421356677218
ETask 96: Configuration:4 Energy:0.0 Power:0.0 Reward:73.904436004 Time:32515 TotalReward:6264.3257926812175
ETask 97: Configuration:0 Energy:0.0 Power:0.0 Reward:57.6916101216 Time:32552 TotalReward:6322.017402802818
ETask 98: Configuration:4 Energy:0.0 Power:0.0 Reward:67.59391058112 Time:32548 TotalReward:6389.611313383938
ETask 99: Configuration:4 Energy:0.0 Power:0.0 Reward:90.46345964208001 Time:32511 TotalReward:6480.074773026018
ETask 100: Configuration:4 Energy:0.0 Power:0.0 Reward:86.93036412032 Time:32506 TotalReward:6567.005137146338
ETask 101: Configuration:4 Energy:0.0 Power:0.0 Reward:37.56535445712 Time:32507 TotalReward:6604.570491603457
ETask 102: Configuration:4 Energy:0.0 Power:0.0 Reward:72.9484855176 Time:32505 TotalReward:6677.518977121057
ETask 103: Configuration:2 Energy:0.0 Power:0.0 Reward:41.51144320959999 Time:32552 TotalReward:6719.030420330657
ETask 104: Configuration:4 Energy:0.0 Power:0.0 Reward:39.587907040192 Time:32536 TotalReward:6758.618327370848
ETask 105: Configuration:4 Energy:0.0 Power:0.0 Reward:90.38657822015999 Time:32510 TotalReward:6849.0049055910085
ETask 106: Configuration:4 Energy:0.0 Power:0.0 Reward:70.21830725715999 Time:32510 TotalReward:6919.223212848168
ETask 107: Configuration:4 Energy:0.0 Power:0.0 Reward:70.30678984290002 Time:32511 TotalReward:6989.530002691068
ETask 108: Configuration:4 Energy:0.0 Power:0.0 Reward:56.6812121148 Time:32508 TotalReward:7046.211214805868
ERun: Time:3514323
==END-RUN 0==
STOKE: Config: 0 - Knobs: {interval:10000 priority:100 sensor-configuration:1 batch:1 }  | -- on:3 joules:54.75 reward:0.9160
STOKE: Config: 1 - Knobs: {interval:8000 priority:100 sensor-configuration:1 batch:1 }  | -- on:3 joules:47.13 reward:0.8740
STOKE: Config: 2 - Knobs: {interval:5000 priority:100 sensor-configuration:1 batch:1 }  | -- on:9 joules:60.48 reward:0.9475
STOKE: Config: 3 - Knobs: {interval:4000 priority:100 sensor-configuration:1 batch:1 }  | -- on:2 joules:44.37 reward:0.8588
STOKE: Config: 4 - Knobs: {interval:3000 priority:100 sensor-configuration:1 batch:1 }  | -- on:84 joules:65.35 reward:0.9744
STOKE: Config: 5 - Knobs: {interval:2000 priority:100 sensor-configuration:1 batch:1 }  | -- on:2 joules:89.02 reward:0.4476
STOKE: Config: 6 - Knobs: {interval:1000 priority:100 sensor-configuration:1 batch:1 }  | -- on:5 joules:87.97 reward:0.4505
ERROR: We got 'done' signal before finishing experiment!
STOKE: Config: 0 - Knobs: {interval:10000 priority:100 sensor-configuration:1 batch:1 }  | -- on:3 joules:54.75 reward:0.9160
STOKE: Config: 1 - Knobs: {interval:8000 priority:100 sensor-configuration:1 batch:1 }  | -- on:3 joules:47.13 reward:0.8740
STOKE: Config: 2 - Knobs: {interval:5000 priority:100 sensor-configuration:1 batch:1 }  | -- on:9 joules:60.48 reward:0.9475
STOKE: Config: 3 - Knobs: {interval:4000 priority:100 sensor-configuration:1 batch:1 }  | -- on:2 joules:44.37 reward:0.8588
STOKE: Config: 4 - Knobs: {interval:3000 priority:100 sensor-configuration:1 batch:1 }  | -- on:84 joules:65.35 reward:0.9744
STOKE: Config: 5 - Knobs: {interval:2000 priority:100 sensor-configuration:1 batch:1 }  | -- on:2 joules:89.02 reward:0.4476
STOKE: Config: 6 - Knobs: {interval:1000 priority:100 sensor-configuration:1 batch:1 }  | -- on:5 joules:87.97 reward:0.4505
