==RUN 0==
Bandit Runs:1 Tasks-in-Run:60
Self-Optimizer Rounds:0 Tasks-in-Round:0
Continuous Knob Rounds:Inf Tasks-in-Round:0
STOKE: Start Bat: 0.850000
ETask 1-1: Configuration:0 Energy:89.938233596575 Reward:-3.207963174120003 Raw:33.20796317412 Time:32513 TotalReward:89.938233596575
ETask 2-2: Configuration:0 Energy:38.796908588928 Reward:15.674987597934276 Raw:14.325012402065724 Time:32504 TotalReward:128.735142185503
ETask 3-3: Configuration:0 Energy:35.94079917378 Reward:16.729551074296616 Raw:13.270448925703384 Time:32520 TotalReward:164.675941359283
ETask 4-4: Configuration:1 Energy:35.59382025336 Reward:16.857666367990152 Raw:13.142333632009848 Time:32526 TotalReward:200.269761612643
ETask 5-5: Configuration:1 Energy:46.951009879515 Reward:12.664242506025232 Raw:17.335757493974768 Time:32503 TotalReward:247.220771492158
ETask 6-6: Configuration:1 Energy:37.683556246035 Reward:16.08607153992554 Raw:13.91392846007446 Time:32507 TotalReward:284.904327738193
ETask 7-7: Configuration:2 Energy:41.648939506439994 Reward:14.621930028391384 Raw:15.378069971608616 Time:32532 TotalReward:326.553267244633
ETask 8-8: Configuration:2 Energy:37.689346411710005 Reward:16.083933632599383 Raw:13.916066367400617 Time:32511 TotalReward:364.242613656343
ETask 9-9: Configuration:2 Energy:37.51871644323 Reward:16.146935467115078 Raw:13.853064532884924 Time:32507 TotalReward:401.761330099573
ETask 10-10: Configuration:3 Energy:39.85988527521 Reward:15.282503898384002 Raw:14.717496101615998 Time:32532 TotalReward:441.621215374783
ETask 11-11: Configuration:3 Energy:53.312641912826 Reward:10.315332216802705 Raw:19.684667783197295 Time:32508 TotalReward:494.933857287609
ETask 12-12: Configuration:3 Energy:86.82147865419597 Reward:-2.057161349241589 Raw:32.05716134924159 Time:32503 TotalReward:581.755335941805
ETask 13-13: Configuration:4 Energy:82.213495003584 Reward:-0.35575200132332085 Raw:30.35575200132332 Time:32525 TotalReward:663.9688309453891
ETask 14-14: Configuration:4 Energy:92.545034085504 Reward:-4.1704741238783996 Raw:34.1704741238784 Time:32505 TotalReward:756.513865030893
ETask 15-15: Configuration:4 Energy:82.56584148019199 Reward:-0.4858491619170415 Raw:30.48584916191704 Time:32503 TotalReward:839.0797065110851
ETask 16-16: Configuration:5 Energy:35.011052246016 Reward:17.072842247624862 Raw:12.927157752375138 Time:32571 TotalReward:874.0907587571011
ETask 17-17: Configuration:5 Energy:35.787008968704 Reward:16.78633515001698 Raw:13.213664849983017 Time:32511 TotalReward:909.877767725805
ETask 18-18: Configuration:5 Energy:36.41445216864 Reward:16.554663814656003 Raw:13.445336185343997 Time:32506 TotalReward:946.292219894445
ETask 19-19: Configuration:6 Energy:48.687549507072 Reward:12.023058643542647 Raw:17.976941356457353 Time:32568 TotalReward:994.979769401517
ETask 20-20: Configuration:6 Energy:51.29642765721599 Reward:11.059780557335635 Raw:18.940219442664365 Time:32503 TotalReward:1046.276197058733
ETask 21-21: Configuration:6 Energy:49.24135881907199 Reward:11.818575205265727 Raw:18.181424794734273 Time:32535 TotalReward:1095.517555877805
ETask 22-22: Configuration:7 Energy:49.667973022080005 Reward:11.661056114924307 Raw:18.338943885075693 Time:32542 TotalReward:1145.1855288998852
ETask 23-23: Configuration:7 Energy:52.75593900864 Reward:10.520884058348308 Raw:19.479115941651692 Time:32512 TotalReward:1197.9414679085253
ETask 24-24: Configuration:7 Energy:45.347948319744 Reward:13.256142158863756 Raw:16.743857841136244 Time:32511 TotalReward:1243.2894162282694
ETask 25-25: Configuration:8 Energy:36.00490888512 Reward:16.705879796263382 Raw:13.294120203736616 Time:32542 TotalReward:1279.2943251133893
ETask 26-26: Configuration:8 Energy:49.099806508060006 Reward:11.870840673947079 Raw:18.12915932605292 Time:32504 TotalReward:1328.3941316214493
ETask 27-27: Configuration:8 Energy:36.8467438808 Reward:16.395048413243078 Raw:13.604951586756922 Time:32512 TotalReward:1365.2408755022493
ETask 28-28: Configuration:9 Energy:36.62384419680001 Reward:16.477349835027688 Raw:13.522650164972312 Time:32545 TotalReward:1401.8647196990494
ETask 29-29: Configuration:9 Energy:37.390703070559994 Reward:16.19420194317785 Raw:13.805798056822152 Time:32507 TotalReward:1439.2554227696094
ETask 30-30: Configuration:9 Energy:36.689164100232006 Reward:16.453231716837415 Raw:13.546768283162587 Time:32506 TotalReward:1475.9445868698413
ETask 31-31: Configuration:10 Energy:34.39540394496 Reward:17.300158543399384 Raw:12.699841456600614 Time:32575 TotalReward:1510.3399908148012
ETask 32-32: Configuration:10 Energy:37.99731509476801 Reward:15.970222118854887 Raw:14.029777881145113 Time:32510 TotalReward:1548.3373059095693
ETask 33-33: Configuration:10 Energy:30.427203956656008 Reward:18.765340077542398 Raw:11.234659922457602 Time:32515 TotalReward:1578.7645098662254
ETask 34-34: Configuration:11 Energy:35.205676995800005 Reward:17.000980801550767 Raw:12.999019198449233 Time:32542 TotalReward:1613.9701868620255
ETask 35-35: Configuration:11 Energy:31.060557692056 Reward:18.531486390625474 Raw:11.468513609374526 Time:32517 TotalReward:1645.0307445540814
ETask 36-36: Configuration:11 Energy:41.514117444984 Reward:14.67171048185206 Raw:15.32828951814794 Time:32511 TotalReward:1686.5448619990655
ETask 37-37: Configuration:12 Energy:41.596605702720005 Reward:14.641253278995693 Raw:15.358746721004307 Time:32535 TotalReward:1728.1414677017854
ETask 38-38: Configuration:12 Energy:40.39372016556801 Reward:15.085395631174888 Raw:14.914604368825112 Time:32502 TotalReward:1768.5351878673534
ETask 39-39: Configuration:12 Energy:78.16252185742 Reward:1.1399919295679943 Raw:28.860008070432006 Time:32514 TotalReward:1846.6977097247734
ETask 40-40: Configuration:13 Energy:84.016428299804 Reward:-1.0214504491584009 Raw:31.0214504491584 Time:32541 TotalReward:1930.7141380245773
ETask 41-41: Configuration:13 Energy:56.12115255546801 Reward:9.278343671827201 Raw:20.7216563281728 Time:32503 TotalReward:1986.8352905800452
ETask 42-42: Configuration:13 Energy:80.96614538012001 Reward:0.10480785964799466 Raw:29.895192140352005 Time:32504 TotalReward:2067.8014359601652
ETask 43-43: Configuration:14 Energy:95.85951888312802 Reward:-5.39428389530881 Raw:35.39428389530881 Time:32544 TotalReward:2163.6609548432934
ETask 44-44: Configuration:14 Energy:98.88593186472 Reward:-6.511728688512001 Raw:36.511728688512 Time:32505 TotalReward:2262.5468867080135
ETask 45-45: Configuration:14 Energy:98.39973657514001 Reward:-6.332210427744002 Raw:36.332210427744 Time:32502 TotalReward:2360.9466232831537
ETask 46-46: Configuration:15 Energy:51.14013048144 Reward:11.117490283776 Raw:18.882509716224 Time:32532 TotalReward:2412.0867537645936
ETask 47-47: Configuration:15 Energy:37.362372523356 Reward:16.204662452914707 Raw:13.795337547085293 Time:32515 TotalReward:2449.4491262879496
ETask 48-48: Configuration:15 Energy:41.25287757263399 Reward:14.768168280873601 Raw:15.231831719126399 Time:32505 TotalReward:2490.7020038605838
ETask 49-49: Configuration:16 Energy:84.963226654194 Reward:-1.3710375338562528 Raw:31.371037533856253 Time:32533 TotalReward:2575.6652305147777
ETask 50-50: Configuration:16 Energy:36.729976685080004 Reward:16.43816245473969 Raw:13.56183754526031 Time:32502 TotalReward:2612.395207199858
ETask 51-51: Configuration:16 Energy:36.08193020808599 Reward:16.67744115393748 Raw:13.32255884606252 Time:32517 TotalReward:2648.4771374079437
ETask 52-52: Configuration:17 Energy:54.27434459479199 Reward:9.960241995769113 Raw:20.039758004230887 Time:32554 TotalReward:2702.751482002736
ETask 53-53: Configuration:17 Energy:50.516713630599995 Reward:11.34767496716308 Raw:18.65232503283692 Time:32511 TotalReward:2753.268195633336
ETask 54-54: Configuration:17 Energy:96.22886478659998 Reward:-5.5306577673599975 Raw:35.53065776736 Time:32513 TotalReward:2849.4970604199357
ETask 55-55: Configuration:18 Energy:82.931227883364 Reward:-0.6207610646267057 Raw:30.620761064626706 Time:32531 TotalReward:2932.4282883032997
ETask 56-56: Configuration:18 Energy:37.620892317203996 Reward:16.10920899057083 Raw:13.890791009429169 Time:32504 TotalReward:2970.0491806205036
ETask 57-57: Configuration:18 Energy:47.218127921602 Reward:12.565614305870032 Raw:17.43438569412997 Time:32508 TotalReward:3017.2673085421056
ETask 58-58: Configuration:19 Energy:117.82544598591 Reward:-13.504780056335996 Raw:43.504780056335996 Time:32527 TotalReward:3135.0927545280156
ETask 59-59: Configuration:19 Energy:127.9502462733 Reward:-17.24316785475692 Raw:47.24316785475692 Time:32502 TotalReward:3263.0430008013154
ETask 60-60: Configuration:19 Energy:83.505891303432 Reward:-0.832944481267198 Raw:30.832944481267198 Time:32504 TotalReward:3346.548892104747
ETask 61-61: Configuration:4 Energy:34.77942401278801 Reward:17.158366518355194 Raw:12.841633481644806 Time:32542 TotalReward:3381.328316117535
ETask 62-62: Configuration:4 Energy:33.314281854336 Reward:17.69934208455286 Raw:12.300657915447138 Time:32524 TotalReward:3414.642597971871
ETask 63-63: Configuration:4 Energy:30.628717340320005 Reward:18.690935135881844 Raw:11.309064864118158 Time:32516 TotalReward:3445.271315312191
ETask 64-64: Configuration:4 Energy:33.339650435699994 Reward:17.68997522374154 Raw:12.31002477625846 Time:32516 TotalReward:3478.610965747891
ETask 65-65: Configuration:4 Energy:49.961364053384 Reward:11.552727118750525 Raw:18.447272881249475 Time:32506 TotalReward:3528.572329801275
ETask 66-66: Configuration:4 Energy:50.027800630808 Reward:11.528196690163199 Raw:18.4718033098368 Time:32509 TotalReward:3578.600130432083
ETask 67-67: Configuration:4 Energy:59.27986701483 Reward:8.112049102216616 Raw:21.887950897783384 Time:32507 TotalReward:3637.879997446913
ETask 68-68: Configuration:4 Energy:45.831412056386 Reward:13.077632471488247 Raw:16.922367528511753 Time:32511 TotalReward:3683.711409503299
ETask 69-69: Configuration:4 Energy:37.447845452732 Reward:16.173103217452798 Raw:13.826896782547202 Time:32515 TotalReward:3721.159254956031
ETask 70-70: Configuration:4 Energy:30.682271238871998 Reward:18.671161388724187 Raw:11.328838611275815 Time:32519 TotalReward:3751.841526194903
ETask 71-71: Configuration:4 Energy:33.252907047052005 Reward:17.72200355185772 Raw:12.277996448142279 Time:32516 TotalReward:3785.094433241955
ETask 72-72: Configuration:4 Energy:30.629552792255996 Reward:18.690626661320863 Raw:11.309373338679139 Time:32509 TotalReward:3815.723986034211
ETask 73-73: Configuration:4 Energy:85.10106543109599 Reward:-1.4219318514815953 Raw:31.421931851481595 Time:32503 TotalReward:3900.825051465307
ETask 74-74: Configuration:4 Energy:83.05871599608 Reward:-0.6678335985526189 Raw:30.66783359855262 Time:32503 TotalReward:3983.883767461387
ETask 75-75: Configuration:4 Energy:86.23029742152801 Reward:-1.8388790479488009 Raw:31.8388790479488 Time:32505 TotalReward:4070.114064882915
ETask 76-76: Configuration:4 Energy:81.09450473412599 Reward:0.05741363663040744 Raw:29.942586363369593 Time:32505 TotalReward:4151.208569617041
ETask 77-77: Configuration:4 Energy:85.19355266148999 Reward:-1.4560809827039947 Raw:31.456080982703995 Time:32505 TotalReward:4236.40212227853
ETask 78-78: Configuration:4 Energy:87.79501909461399 Reward:-2.4166224349343963 Raw:32.416622434934396 Time:32503 TotalReward:4324.197141373144
ETask 79-79: Configuration:4 Energy:77.94684362119202 Reward:1.2196269706367993 Raw:28.7803730293632 Time:32503 TotalReward:4402.143984994336
ETask 80-80: Configuration:4 Energy:86.065489371186 Reward:-1.7780268447456038 Raw:31.778026844745604 Time:32506 TotalReward:4488.2094743655225
ETask 81-81: Configuration:4 Energy:100.040212074418 Reward:-6.937924458246641 Raw:36.93792445824664 Time:32504 TotalReward:4588.249686439941
ETask 82-82: Configuration:4 Energy:84.528759015855 Reward:-1.210618713546463 Raw:31.210618713546463 Time:32502 TotalReward:4672.778445455796
ETask 83-83: Configuration:4 Energy:86.506439747973 Reward:-1.9408392915592643 Raw:31.940839291559264 Time:32503 TotalReward:4759.284885203769
ETask 84-84: Configuration:4 Energy:132.347810119672 Reward:-18.86688373649428 Raw:48.86688373649428 Time:32505 TotalReward:4891.632695323441
ETask 85-85: Configuration:4 Energy:97.08264693269999 Reward:-5.845900405919991 Raw:35.84590040591999 Time:32503 TotalReward:4988.715342256141
ETask 86-86: Configuration:4 Energy:93.57437884637697 Reward:-4.550539881739191 Raw:34.55053988173919 Time:32506 TotalReward:5082.289721102518
ETask 87-87: Configuration:4 Energy:93.38872017341998 Reward:-4.481988987108913 Raw:34.48198898710891 Time:32504 TotalReward:5175.678441275938
ETask 88-88: Configuration:4 Energy:77.25133300499999 Reward:1.4764308904615469 Raw:28.523569109538453 Time:32503 TotalReward:5252.929774280938
ETask 89-89: Configuration:4 Energy:86.8574558498 Reward:-2.070445236849224 Raw:32.070445236849224 Time:32505 TotalReward:5339.787230130738
ETask 90-90: Configuration:4 Energy:78.80566937259 Reward:0.9025220778129217 Raw:29.09747792218708 Time:32504 TotalReward:5418.592899503328
ETask 91-91: Configuration:4 Energy:88.58489653664002 Reward:-2.7082694904516984 Raw:32.7082694904517 Time:32505 TotalReward:5507.177796039969
ETask 92-92: Configuration:4 Energy:83.56625004999 Reward:-0.8552307876886118 Raw:30.855230787688612 Time:32502 TotalReward:5590.744046089959
ETask 93-93: Configuration:4 Energy:82.24746052867499 Reward:-0.36829311828000044 Raw:30.36829311828 Time:32502 TotalReward:5672.991506618634
ETask 94-94: Configuration:4 Energy:93.62661255334399 Reward:-4.5698261735423955 Raw:34.569826173542396 Time:32503 TotalReward:5766.618119171978
ETask 95-95: Configuration:4 Energy:96.332013498448 Reward:-5.568743445580807 Raw:35.56874344558081 Time:32502 TotalReward:5862.950132670426
ETask 96-96: Configuration:4 Energy:82.10397244842 Reward:-0.3153129040319982 Raw:30.315312904031998 Time:32503 TotalReward:5945.054105118846
ETask 97-97: Configuration:4 Energy:77.54595614012 Reward:1.3676469636479958 Raw:28.632353036352004 Time:32505 TotalReward:6022.600061258966
ETask 98-98: Configuration:4 Energy:78.00930530655599 Reward:1.1965641945024075 Raw:28.803435805497593 Time:32504 TotalReward:6100.609366565522
ETask 99-99: Configuration:4 Energy:90.435049709264 Reward:-3.3914029695744006 Raw:33.3914029695744 Time:32503 TotalReward:6191.044416274785
ETask 100-100: Configuration:4 Energy:89.28541161471999 Reward:-2.966921211588918 Raw:32.96692121158892 Time:32506 TotalReward:6280.329827889505
ETask 101-101: Configuration:4 Energy:76.54289697532799 Reward:1.7380072706481293 Raw:28.26199272935187 Time:32503 TotalReward:6356.872724864834
ETask 102-102: Configuration:4 Energy:93.21192142729599 Reward:-4.416709450078521 Raw:34.41670945007852 Time:32503 TotalReward:6450.08464629213
ETask 103-103: Configuration:4 Energy:98.78629032899201 Reward:-6.474937967627824 Raw:36.474937967627824 Time:32504 TotalReward:6548.870936621122
ETask 104-104: Configuration:4 Energy:125.98058816632799 Reward:-16.515909476798022 Raw:46.51590947679802 Time:32503 TotalReward:6674.85152478745
ETask 105-105: Configuration:4 Energy:95.86710658355199 Reward:-5.397085507773042 Raw:35.39708550777304 Time:32503 TotalReward:6770.718631371003
ETask 106-106: Configuration:4 Energy:85.80677684032 Reward:-1.682502217964302 Raw:31.682502217964302 Time:32503 TotalReward:6856.525408211322
ETask 107-107: Configuration:4 Energy:92.74409049376 Reward:-4.243971874619078 Raw:34.24397187461908 Time:32503 TotalReward:6949.269498705083
ETask 108-108: Configuration:4 Energy:79.2554006928 Reward:0.736467436504622 Raw:29.263532563495378 Time:32505 TotalReward:7028.524899397883
ETask 109-109: Configuration:4 Energy:91.180371174976 Reward:-3.6665985876834526 Raw:33.66659858768345 Time:32506 TotalReward:7119.705270572859
ETask 110-110: Configuration:4 Energy:79.53039589008 Reward:0.6349307482781512 Raw:29.36506925172185 Time:32502 TotalReward:7199.23566646294
ETask 111-111: Configuration:4 Energy:82.31090875239599 Reward:-0.39172015473083377 Raw:30.391720154730834 Time:32503 TotalReward:7281.546575215336
ETask 112-112: Configuration:4 Energy:95.70226249241999 Reward:-5.336219997201226 Raw:35.336219997201226 Time:32503 TotalReward:7377.248837707756
ETask 113-113: Configuration:4 Energy:88.00367837284799 Reward:-2.4936658607438673 Raw:32.49366586074387 Time:32503 TotalReward:7465.252516080604
ETask 114-114: Configuration:4 Energy:95.58782843831999 Reward:-5.293967423379691 Raw:35.29396742337969 Time:32503 TotalReward:7560.840344518924
ETask 115-115: Configuration:4 Energy:81.209011022412 Reward:0.015134391724796359 Raw:29.984865608275204 Time:32507 TotalReward:7642.049355541336
ETask 116-116: Configuration:4 Energy:83.47251550735999 Reward:-0.8206211104098386 Raw:30.82062111040984 Time:32502 TotalReward:7725.521871048696
ETask 117-117: Configuration:4 Energy:86.596166553092 Reward:-1.9739691888339692 Raw:31.97396918883397 Time:32503 TotalReward:7812.118037601788
ETask 118-118: Configuration:4 Energy:79.20796831227199 Reward:0.7539809308534196 Raw:29.24601906914658 Time:32502 TotalReward:7891.32600591406
ETask 119-119: Configuration:4 Energy:85.765891451923 Reward:-1.6674060745561832 Raw:31.667406074556183 Time:32505 TotalReward:7977.091897365984
ETask 120-120: Configuration:4 Energy:92.13376580984398 Reward:-4.018621222096243 Raw:34.01862122209624 Time:32504 TotalReward:8069.225663175827
ETask 121-121: Configuration:4 Energy:100.53196550806199 Reward:-7.119494956822891 Raw:37.11949495682289 Time:32503 TotalReward:8169.757628683889
ERun: Time:3938357
==END-RUN 0==
==ROUND-END==
STOKE: Config: 0 - Knobs: {interval:10000 priority:104 sensor-configuration:1 batch:5 }  | -- on:3 reward:9.7322
STOKE: Config: 1 - Knobs: {interval:7750 priority:104 sensor-configuration:1 batch:5 }  | -- on:3 reward:15.2027
STOKE: Config: 2 - Knobs: {interval:5500 priority:104 sensor-configuration:1 batch:5 }  | -- on:3 reward:15.6176
STOKE: Config: 3 - Knobs: {interval:3500 priority:104 sensor-configuration:1 batch:5 }  | -- on:3 reward:7.8469
STOKE: Config: 4 - Knobs: {interval:1000 priority:104 sensor-configuration:1 batch:5 }  | -- on:3 reward:-1.6707
STOKE: Config: 5 - Knobs: {interval:10000 priority:100 sensor-configuration:1 batch:5 }  | -- on:3 reward:16.8046
STOKE: Config: 6 - Knobs: {interval:7750 priority:100 sensor-configuration:1 batch:5 }  | -- on:3 reward:11.6338
STOKE: Config: 7 - Knobs: {interval:5500 priority:100 sensor-configuration:1 batch:5 }  | -- on:3 reward:11.8127
STOKE: Config: 8 - Knobs: {interval:3500 priority:100 sensor-configuration:1 batch:5 }  | -- on:3 reward:14.9906
STOKE: Config: 9 - Knobs: {interval:1000 priority:100 sensor-configuration:1 batch:5 }  | -- on:3 reward:16.3749
STOKE: Config: 10 - Knobs: {interval:10000 priority:104 sensor-configuration:1 batch:1 }  | -- on:3 reward:17.3452
STOKE: Config: 11 - Knobs: {interval:7750 priority:104 sensor-configuration:1 batch:1 }  | -- on:3 reward:16.7347
STOKE: Config: 12 - Knobs: {interval:5500 priority:104 sensor-configuration:1 batch:1 }  | -- on:3 reward:10.2889
STOKE: Config: 13 - Knobs: {interval:3500 priority:104 sensor-configuration:1 batch:1 }  | -- on:3 reward:2.7872
STOKE: Config: 14 - Knobs: {interval:1000 priority:104 sensor-configuration:1 batch:1 }  | -- on:3 reward:-6.0794
STOKE: Config: 15 - Knobs: {interval:10000 priority:100 sensor-configuration:1 batch:1 }  | -- on:3 reward:14.0301
STOKE: Config: 16 - Knobs: {interval:7750 priority:100 sensor-configuration:1 batch:1 }  | -- on:3 reward:10.5815
STOKE: Config: 17 - Knobs: {interval:5500 priority:100 sensor-configuration:1 batch:1 }  | -- on:3 reward:5.2591
STOKE: Config: 18 - Knobs: {interval:3500 priority:100 sensor-configuration:1 batch:1 }  | -- on:3 reward:9.3514
STOKE: Config: 19 - Knobs: {interval:1000 priority:100 sensor-configuration:1 batch:1 }  | -- on:3 reward:-10.5270
