==RUN 0==
STOKE: Start Bat: 0.980000
ELocation 0: Diff:72850 ms Accuracy:39.60
ELocation 1: Diff:13505 ms Accuracy:15.00
ELocation 2: Diff:0 ms Accuracy:15.00
ELocation 3: Diff:0 ms Accuracy:15.00
ELocation 4: Diff:16791 ms Accuracy:17.00
ELocation 5: Diff:0 ms Accuracy:17.00
ELocation 6: Diff:0 ms Accuracy:17.00
ELocation 7: Diff:-295 ms Accuracy:25.27
ELocation 8: Diff:21302 ms Accuracy:13.00
ELocation 9: Diff:0 ms Accuracy:13.00
ELocation 10: Diff:0 ms Accuracy:13.00
ELocation 11: Diff:9991 ms Accuracy:14.00
ELocation 12: Diff:0 ms Accuracy:14.00
ELocation 13: Diff:15017 ms Accuracy:6.00
ELocation 14: Diff:9995 ms Accuracy:7.00
ELocation 15: Diff:9989 ms Accuracy:9.00
ELocation 16: Diff:20004 ms Accuracy:12.00
ELocation 17: Diff:9993 ms Accuracy:9.00
ELocation 18: Diff:20008 ms Accuracy:22.00
ELocation 19: Diff:9980 ms Accuracy:16.00
ELocation 20: Diff:20023 ms Accuracy:16.00
ELocation 21: Diff:19993 ms Accuracy:10.00
ELocation 22: Diff:20003 ms Accuracy:11.00
ELocation 23: Diff:9995 ms Accuracy:8.00
ELocation 24: Diff:10011 ms Accuracy:17.00
ELocation 25: Diff:19988 ms Accuracy:6.00
ELocation 26: Diff:20003 ms Accuracy:8.00
ELocation 27: Diff:19991 ms Accuracy:8.00
ELocation 28: Diff:10001 ms Accuracy:7.00
ELocation 29: Diff:19995 ms Accuracy:18.00
ELocation 30: Diff:20013 ms Accuracy:9.00
ELocation 31: Diff:19001 ms Accuracy:132.01
ELocation 32: Diff:10996 ms Accuracy:14.00
ETask 11: Configuration:0 Energy:0.00 Power:0.00 Reward:56.10 Time:30007 -- SAMPLE
ELocation 33: Diff:19986 ms Accuracy:13.00
ELocation 34: Diff:9999 ms Accuracy:13.00
ETask 12: Configuration:0 Energy:0.00 Power:0.00 Reward:39.18 Time:30003 -- SAMPLE
ELocation 35: Diff:20009 ms Accuracy:9.00
ELocation 36: Diff:10004 ms Accuracy:6.00
ETask 13: Configuration:1 Energy:0.00 Power:0.00 Reward:39.74 Time:30007 -- SAMPLE
ELocation 37: Diff:9994 ms Accuracy:16.00
ELocation 38: Diff:8994 ms Accuracy:133.01
ELocation 39: Diff:5022 ms Accuracy:7.00
ELocation 40: Diff:5073 ms Accuracy:3.00
ELocation 41: Diff:5000 ms Accuracy:3.00
ELocation 42: Diff:5000 ms Accuracy:3.00
ELocation 43: Diff:6000 ms Accuracy:3.00
ETask 14: Configuration:1 Energy:0.00 Power:0.00 Reward:84.73 Time:30004 -- SAMPLE
ELocation 44: Diff:5000 ms Accuracy:3.00
ELocation 45: Diff:5000 ms Accuracy:3.00
ELocation 46: Diff:6000 ms Accuracy:3.00
ELocation 47: Diff:5000 ms Accuracy:3.00
ELocation 48: Diff:5000 ms Accuracy:3.00
ELocation 49: Diff:6000 ms Accuracy:3.00
ETask 15: Configuration:2 Energy:0.00 Power:0.00 Reward:37.90 Time:30005 -- SAMPLE
ELocation 50: Diff:0 ms Accuracy:3.00
ELocation 51: Diff:0 ms Accuracy:3.00
ELocation 52: Diff:3000 ms Accuracy:3.00
ELocation 53: Diff:3000 ms Accuracy:3.00
ELocation 54: Diff:2000 ms Accuracy:3.00
ELocation 55: Diff:3000 ms Accuracy:3.00
ELocation 56: Diff:2000 ms Accuracy:3.00
ELocation 57: Diff:3000 ms Accuracy:3.00
ELocation 58: Diff:2000 ms Accuracy:3.00
ELocation 59: Diff:2000 ms Accuracy:3.00
ELocation 60: Diff:3000 ms Accuracy:3.00
ELocation 61: Diff:3000 ms Accuracy:3.00
ELocation 62: Diff:2000 ms Accuracy:3.00
ETask 16: Configuration:2 Energy:0.00 Power:0.00 Reward:109.73 Time:30006 -- SAMPLE
ELocation 63: Diff:3000 ms Accuracy:3.00
ELocation 64: Diff:2000 ms Accuracy:3.00
ELocation 65: Diff:2000 ms Accuracy:3.00
ELocation 66: Diff:3000 ms Accuracy:3.00
ELocation 67: Diff:3000 ms Accuracy:3.00
ELocation 68: Diff:3000 ms Accuracy:3.00
ELocation 69: Diff:3000 ms Accuracy:3.00
ELocation 70: Diff:3000 ms Accuracy:3.00
ELocation 71: Diff:2000 ms Accuracy:3.00
ELocation 72: Diff:2000 ms Accuracy:3.00
ELocation 73: Diff:3000 ms Accuracy:3.00
ELocation 74: Diff:2000 ms Accuracy:3.00
ETask 17: Configuration:3 Energy:0.00 Power:0.00 Reward:87.17 Time:30005 -- SAMPLE
ELocation 75: Diff:1000 ms Accuracy:3.00
ELocation 76: Diff:1000 ms Accuracy:3.00
ELocation 77: Diff:1000 ms Accuracy:3.00
ELocation 78: Diff:1000 ms Accuracy:3.00
ELocation 79: Diff:1000 ms Accuracy:3.00
ELocation 80: Diff:1000 ms Accuracy:3.00
ELocation 81: Diff:1000 ms Accuracy:3.00
ELocation 82: Diff:1000 ms Accuracy:3.00
ELocation 83: Diff:1000 ms Accuracy:3.00
ELocation 84: Diff:1000 ms Accuracy:3.00
ELocation 85: Diff:1000 ms Accuracy:3.00
ELocation 86: Diff:1000 ms Accuracy:3.00
ELocation 87: Diff:1000 ms Accuracy:3.00
ELocation 88: Diff:1000 ms Accuracy:3.00
ELocation 89: Diff:1000 ms Accuracy:3.00
ELocation 90: Diff:1000 ms Accuracy:3.00
ELocation 91: Diff:1000 ms Accuracy:3.00
ELocation 92: Diff:1000 ms Accuracy:3.00
ELocation 93: Diff:1000 ms Accuracy:3.00
ELocation 94: Diff:1000 ms Accuracy:3.00
ELocation 95: Diff:1000 ms Accuracy:3.00
ELocation 96: Diff:1000 ms Accuracy:3.00
ELocation 97: Diff:1000 ms Accuracy:3.00
ELocation 98: Diff:1000 ms Accuracy:3.00
ELocation 99: Diff:1000 ms Accuracy:3.00
ELocation 100: Diff:1000 ms Accuracy:3.00
ELocation 101: Diff:1000 ms Accuracy:3.00
ELocation 102: Diff:1000 ms Accuracy:3.00
ELocation 103: Diff:1000 ms Accuracy:3.00
ELocation 104: Diff:1000 ms Accuracy:3.00
ELocation 105: Diff:1000 ms Accuracy:3.00
ETask 18: Configuration:3 Energy:0.00 Power:0.00 Reward:96.82 Time:30003 -- SAMPLE
ELocation 106: Diff:1000 ms Accuracy:3.00
ELocation 107: Diff:1000 ms Accuracy:3.00
ELocation 108: Diff:1000 ms Accuracy:3.00
ELocation 109: Diff:1000 ms Accuracy:3.00
ELocation 110: Diff:1000 ms Accuracy:3.00
ELocation 111: Diff:1000 ms Accuracy:3.00
ELocation 112: Diff:1000 ms Accuracy:3.00
ELocation 113: Diff:1000 ms Accuracy:3.00
ELocation 114: Diff:1000 ms Accuracy:3.00
ELocation 115: Diff:1000 ms Accuracy:3.00
ELocation 116: Diff:1000 ms Accuracy:3.00
ELocation 117: Diff:1000 ms Accuracy:3.00
ELocation 118: Diff:1000 ms Accuracy:3.00
ELocation 119: Diff:1000 ms Accuracy:3.00
ELocation 120: Diff:1000 ms Accuracy:3.00
ELocation 121: Diff:1000 ms Accuracy:3.00
ELocation 122: Diff:1000 ms Accuracy:3.00
ELocation 123: Diff:1000 ms Accuracy:3.00
ELocation 124: Diff:1000 ms Accuracy:3.00
ELocation 125: Diff:1000 ms Accuracy:3.00
ELocation 126: Diff:1000 ms Accuracy:3.00
ELocation 127: Diff:1000 ms Accuracy:3.00
ELocation 128: Diff:1000 ms Accuracy:3.00
ELocation 129: Diff:1000 ms Accuracy:3.00
ELocation 130: Diff:1000 ms Accuracy:3.00
ELocation 131: Diff:1000 ms Accuracy:3.00
ELocation 132: Diff:1000 ms Accuracy:3.00
ELocation 133: Diff:1000 ms Accuracy:3.00
ELocation 134: Diff:1000 ms Accuracy:3.00
ELocation 135: Diff:1000 ms Accuracy:3.00
ETask 19: Configuration:0 Energy:0.00 Power:0.00 Reward:96.63 Time:30010
ELocation 136: Diff:0 ms Accuracy:3.00
ELocation 137: Diff:0 ms Accuracy:3.00
ELocation 138: Diff:13000 ms Accuracy:4.00
ETask 20: Configuration:2 Energy:0.00 Power:0.00 Reward:34.77 Time:30005
ELocation 139: Diff:10000 ms Accuracy:4.00
ELocation 140: Diff:8177 ms Accuracy:9.00
ELocation 141: Diff:2823 ms Accuracy:5.00
ELocation 142: Diff:3000 ms Accuracy:4.00
ELocation 143: Diff:3000 ms Accuracy:3.00
ELocation 144: Diff:3000 ms Accuracy:3.00
ELocation 145: Diff:2000 ms Accuracy:3.00
ELocation 146: Diff:2000 ms Accuracy:3.00
ELocation 147: Diff:3000 ms Accuracy:3.00
ELocation 148: Diff:2000 ms Accuracy:3.00
ELocation 149: Diff:2000 ms Accuracy:3.00
ELocation 150: Diff:3000 ms Accuracy:3.00
ELocation 151: Diff:3000 ms Accuracy:3.00
ETask 21: Configuration:2 Energy:0.00 Power:0.00 Reward:84.88 Time:30003
ELocation 152: Diff:3000 ms Accuracy:3.00
ELocation 153: Diff:3000 ms Accuracy:3.00
ELocation 154: Diff:3000 ms Accuracy:3.00
ELocation 155: Diff:3000 ms Accuracy:3.00
ELocation 156: Diff:2000 ms Accuracy:3.00
ELocation 157: Diff:3000 ms Accuracy:3.00
ELocation 158: Diff:2000 ms Accuracy:3.00
ELocation 159: Diff:3000 ms Accuracy:3.00
ELocation 160: Diff:2000 ms Accuracy:3.00
ELocation 161: Diff:3000 ms Accuracy:3.00
ELocation 162: Diff:3000 ms Accuracy:3.00
ETask 22: Configuration:1 Energy:0.00 Power:0.00 Reward:76.17 Time:30009
ELocation 163: Diff:0 ms Accuracy:3.00
ELocation 164: Diff:0 ms Accuracy:3.00
ELocation 165: Diff:5000 ms Accuracy:3.00
ELocation 166: Diff:5000 ms Accuracy:3.00
ELocation 167: Diff:6000 ms Accuracy:3.00
ELocation 168: Diff:6000 ms Accuracy:3.00
ELocation 169: Diff:5000 ms Accuracy:3.00
ETask 23: Configuration:0 Energy:0.00 Power:0.00 Reward:68.42 Time:30012
ELocation 170: Diff:3000 ms Accuracy:3.00
ELocation 171: Diff:0 ms Accuracy:3.00
ELocation 172: Diff:13000 ms Accuracy:4.00
ELocation 173: Diff:10000 ms Accuracy:4.00
ETask 24: Configuration:1 Energy:0.00 Power:0.00 Reward:45.39 Time:30006
ELocation 174: Diff:0 ms Accuracy:4.00
ELocation 175: Diff:8317 ms Accuracy:14.00
ELocation 176: Diff:5683 ms Accuracy:3.00
ELocation 177: Diff:5000 ms Accuracy:3.00
ELocation 178: Diff:6000 ms Accuracy:3.00
ELocation 179: Diff:6000 ms Accuracy:3.00
ELocation 180: Diff:5000 ms Accuracy:3.00
ETask 25: Configuration:1 Energy:0.00 Power:0.00 Reward:79.85 Time:30012
ELocation 181: Diff:5000 ms Accuracy:3.00
ELocation 182: Diff:6000 ms Accuracy:3.00
ELocation 183: Diff:5000 ms Accuracy:3.00
ELocation 184: Diff:6000 ms Accuracy:3.00
ELocation 185: Diff:6000 ms Accuracy:3.00
ETask 26: Configuration:0 Energy:0.00 Power:0.00 Reward:79.86 Time:30013
ELocation 186: Diff:3000 ms Accuracy:3.00
ELocation 187: Diff:0 ms Accuracy:3.00
ELocation 188: Diff:13000 ms Accuracy:4.00
ELocation 189: Diff:10000 ms Accuracy:6.00
ETask 27: Configuration:1 Energy:0.00 Power:0.00 Reward:93.03 Time:30013
ELocation 190: Diff:0 ms Accuracy:6.00
ELocation 191: Diff:8457 ms Accuracy:6.00
ELocation 192: Diff:5543 ms Accuracy:3.00
ELocation 193: Diff:5000 ms Accuracy:3.00
ELocation 194: Diff:6000 ms Accuracy:3.00
ELocation 195: Diff:5000 ms Accuracy:3.00
ELocation 196: Diff:6000 ms Accuracy:3.00
ETask 28: Configuration:2 Energy:0.00 Power:0.00 Reward:91.98 Time:30009
ELocation 197: Diff:1000 ms Accuracy:3.00
ELocation 198: Diff:1000 ms Accuracy:3.00
ELocation 199: Diff:2000 ms Accuracy:3.00
ELocation 200: Diff:3000 ms Accuracy:3.00
ELocation 201: Diff:3000 ms Accuracy:3.00
ELocation 202: Diff:3000 ms Accuracy:3.00
ELocation 203: Diff:3000 ms Accuracy:3.00
ELocation 204: Diff:2000 ms Accuracy:3.00
ELocation 205: Diff:2000 ms Accuracy:3.00
ELocation 206: Diff:3000 ms Accuracy:3.00
ELocation 207: Diff:3000 ms Accuracy:3.00
ELocation 208: Diff:2000 ms Accuracy:3.00
ELocation 209: Diff:3000 ms Accuracy:3.00
ETask 29: Configuration:0 Energy:0.00 Power:0.00 Reward:93.51 Time:30014
ELocation 210: Diff:0 ms Accuracy:3.00
ELocation 211: Diff:0 ms Accuracy:3.00
ELocation 212: Diff:14000 ms Accuracy:4.00
ELocation 213: Diff:10000 ms Accuracy:5.00
ETask 30: Configuration:1 Energy:0.00 Power:0.00 Reward:36.86 Time:30015
ELocation 214: Diff:0 ms Accuracy:5.00
ELocation 215: Diff:7657 ms Accuracy:9.00
ELocation 216: Diff:6343 ms Accuracy:3.00
ELocation 217: Diff:5000 ms Accuracy:3.00
ELocation 218: Diff:5000 ms Accuracy:4.00
ELocation 219: Diff:6000 ms Accuracy:3.00
ELocation 220: Diff:5000 ms Accuracy:3.00
ETask 31: Configuration:2 Energy:0.00 Power:0.00 Reward:66.17 Time:30004
ELocation 221: Diff:2000 ms Accuracy:3.00
ELocation 222: Diff:0 ms Accuracy:3.00
ELocation 223: Diff:2000 ms Accuracy:3.00
ELocation 224: Diff:2000 ms Accuracy:3.00
ELocation 225: Diff:2000 ms Accuracy:3.00
ELocation 226: Diff:3000 ms Accuracy:3.00
ELocation 227: Diff:2000 ms Accuracy:3.00
ELocation 228: Diff:3000 ms Accuracy:3.00
ELocation 229: Diff:3000 ms Accuracy:3.00
ELocation 230: Diff:3000 ms Accuracy:3.00
ELocation 231: Diff:3000 ms Accuracy:3.00
ELocation 232: Diff:2000 ms Accuracy:3.00
ELocation 233: Diff:2000 ms Accuracy:3.00
ELocation 234: Diff:3000 ms Accuracy:3.00
ETask 32: Configuration:3 Energy:0.00 Power:0.00 Reward:64.97 Time:30005
ELocation 235: Diff:0 ms Accuracy:3.00
ELocation 236: Diff:0 ms Accuracy:3.00
ELocation 237: Diff:1000 ms Accuracy:3.00
ELocation 238: Diff:1000 ms Accuracy:3.00
ELocation 239: Diff:1000 ms Accuracy:3.00
ELocation 240: Diff:1000 ms Accuracy:3.00
ELocation 241: Diff:1000 ms Accuracy:3.00
ELocation 242: Diff:1000 ms Accuracy:3.00
ELocation 243: Diff:1000 ms Accuracy:3.00
ELocation 244: Diff:1000 ms Accuracy:3.00
ELocation 245: Diff:1000 ms Accuracy:3.00
ELocation 246: Diff:1000 ms Accuracy:3.00
ELocation 247: Diff:1000 ms Accuracy:3.00
ELocation 248: Diff:1000 ms Accuracy:3.00
ELocation 249: Diff:1000 ms Accuracy:3.00
ELocation 250: Diff:1000 ms Accuracy:3.00
ELocation 251: Diff:1000 ms Accuracy:3.00
ELocation 252: Diff:1000 ms Accuracy:3.00
ELocation 253: Diff:1000 ms Accuracy:3.00
ELocation 254: Diff:1000 ms Accuracy:3.00
ELocation 255: Diff:1000 ms Accuracy:3.00
ELocation 256: Diff:1000 ms Accuracy:3.00
ELocation 257: Diff:1000 ms Accuracy:3.00
ELocation 258: Diff:1000 ms Accuracy:3.00
ELocation 259: Diff:1000 ms Accuracy:3.00
ELocation 260: Diff:1000 ms Accuracy:3.00
ELocation 261: Diff:1000 ms Accuracy:3.00
ELocation 262: Diff:1000 ms Accuracy:3.00
ELocation 263: Diff:1000 ms Accuracy:3.00
ELocation 264: Diff:1000 ms Accuracy:3.00
ELocation 265: Diff:1000 ms Accuracy:3.00
ELocation 266: Diff:1000 ms Accuracy:3.00
ETask 33: Configuration:1 Energy:0.00 Power:0.00 Reward:71.77 Time:30009
ELocation 267: Diff:0 ms Accuracy:3.00
ELocation 268: Diff:0 ms Accuracy:3.00
ELocation 269: Diff:5000 ms Accuracy:3.00
ELocation 270: Diff:5000 ms Accuracy:3.00
ELocation 271: Diff:6000 ms Accuracy:3.00
ELocation 272: Diff:5000 ms Accuracy:3.00
ELocation 273: Diff:6000 ms Accuracy:3.00
ETask 34: Configuration:0 Energy:0.00 Power:0.00 Reward:46.74 Time:30008
ELocation 274: Diff:3000 ms Accuracy:3.00
ELocation 275: Diff:0 ms Accuracy:3.00
ELocation 276: Diff:13000 ms Accuracy:4.00
ETask 35: Configuration:1 Energy:0.00 Power:0.00 Reward:33.79 Time:30012
ELocation 277: Diff:10000 ms Accuracy:15.00
ELocation 278: Diff:7877 ms Accuracy:13.00
ELocation 279: Diff:6123 ms Accuracy:3.00
ELocation 280: Diff:5000 ms Accuracy:3.00
ELocation 281: Diff:6000 ms Accuracy:3.00
ELocation 282: Diff:5000 ms Accuracy:3.00
ELocation 283: Diff:6000 ms Accuracy:3.00
ETask 36: Configuration:1 Energy:0.00 Power:0.00 Reward:36.62 Time:30014
ELocation 284: Diff:5000 ms Accuracy:3.00
ELocation 285: Diff:5000 ms Accuracy:3.00
ELocation 286: Diff:6000 ms Accuracy:3.00
ELocation 287: Diff:6000 ms Accuracy:3.00
ELocation 288: Diff:5000 ms Accuracy:3.00
ETask 37: Configuration:1 Energy:0.00 Power:0.00 Reward:39.16 Time:30039
ELocation 289: Diff:5000 ms Accuracy:3.00
ELocation 290: Diff:5000 ms Accuracy:3.00
ELocation 291: Diff:6000 ms Accuracy:3.00
ELocation 292: Diff:5000 ms Accuracy:3.00
ELocation 293: Diff:5000 ms Accuracy:3.00
ELocation 294: Diff:5000 ms Accuracy:3.00
ETask 38: Configuration:1 Energy:0.00 Power:0.00 Reward:64.71 Time:30020
ELocation 295: Diff:6000 ms Accuracy:3.00
ELocation 296: Diff:6000 ms Accuracy:3.00
ELocation 297: Diff:5000 ms Accuracy:3.00
ELocation 298: Diff:6000 ms Accuracy:3.00
ELocation 299: Diff:5000 ms Accuracy:3.00
ELocation 300: Diff:5000 ms Accuracy:3.00
ETask 39: Configuration:1 Energy:0.00 Power:0.00 Reward:35.87 Time:30015
ERun: Reward:1892.50 PostConfigReward:1341.13 Time:871296
==END-RUN 0==
STOKE: Config:0 | interval:0:10000 priority:0:100 sensor-configuration:0:2 | -- timeOn:7 reward:480.43 scaled:0.66 (location_accuracy,836.48,8.36)
STOKE: Config:1 | interval:1:5000 priority:0:100 sensor-configuration:0:2 | -- timeOn:13 reward:737.69 scaled:0.72 (location_accuracy,496.01,5.11)
STOKE: Config:2 | interval:2:2000 priority:0:100 sensor-configuration:0:2 | -- timeOn:6 reward:425.43 scaled:0.65 (location_accuracy,165.00,3.44)
STOKE: Config:3 | interval:3:500 priority:0:100 sensor-configuration:0:2 | -- timeOn:3 reward:248.95 scaled:0.59 (location_accuracy,171.00,3.00)

==RUN 1==
ELocation 301: Diff:0 ms Accuracy:3.00
ELocation 302: Diff:0 ms Accuracy:3.00
ELocation 303: Diff:13000 ms Accuracy:4.00
ELocation 304: Diff:10000 ms Accuracy:5.00
ELocation 305: Diff:20000 ms Accuracy:4.00
ELocation 306: Diff:10000 ms Accuracy:4.00
ELocation 307: Diff:20000 ms Accuracy:4.00
ELocation 308: Diff:10000 ms Accuracy:4.00
ELocation 309: Diff:20000 ms Accuracy:5.00
ELocation 310: Diff:10000 ms Accuracy:6.00
ELocation 311: Diff:20000 ms Accuracy:9.00
ELocation 312: Diff:20000 ms Accuracy:13.00
ELocation 313: Diff:10000 ms Accuracy:10.00
ELocation 314: Diff:10000 ms Accuracy:7.00
ELocation 315: Diff:10000 ms Accuracy:5.00
ELocation 316: Diff:20000 ms Accuracy:5.00
ELocation 317: Diff:10000 ms Accuracy:7.00
ELocation 318: Diff:20000 ms Accuracy:5.00
ELocation 319: Diff:10000 ms Accuracy:7.00
ELocation 320: Diff:20000 ms Accuracy:5.00
ELocation 321: Diff:10000 ms Accuracy:5.00
ELocation 322: Diff:10000 ms Accuracy:4.00
ELocation 323: Diff:10000 ms Accuracy:5.00
ELocation 324: Diff:10000 ms Accuracy:4.00
ELocation 325: Diff:10000 ms Accuracy:4.00
ELocation 326: Diff:10000 ms Accuracy:4.00
ETask 11: Configuration:0 Energy:0.00 Power:0.00 Reward:49.89 Time:30009 -- SAMPLE
ELocation 327: Diff:10000 ms Accuracy:7.00
ELocation 328: Diff:20000 ms Accuracy:6.00
ETask 12: Configuration:0 Energy:0.00 Power:0.00 Reward:51.01 Time:30005 -- SAMPLE
ELocation 329: Diff:10000 ms Accuracy:5.00
ELocation 330: Diff:10000 ms Accuracy:4.00
ELocation 331: Diff:10000 ms Accuracy:5.00
ETask 13: Configuration:1 Energy:0.00 Power:0.00 Reward:49.72 Time:30006 -- SAMPLE
ELocation 332: Diff:0 ms Accuracy:5.00
ELocation 333: Diff:8217 ms Accuracy:10.00
ELocation 334: Diff:5783 ms Accuracy:3.00
ELocation 335: Diff:5000 ms Accuracy:3.00
ELocation 336: Diff:5000 ms Accuracy:3.00
ELocation 337: Diff:5000 ms Accuracy:3.00
ELocation 338: Diff:5000 ms Accuracy:3.00
ETask 14: Configuration:1 Energy:0.00 Power:0.00 Reward:69.71 Time:30009 -- SAMPLE
ELocation 339: Diff:6000 ms Accuracy:3.00
ELocation 340: Diff:5000 ms Accuracy:3.00
ELocation 341: Diff:6000 ms Accuracy:3.00
ELocation 342: Diff:5000 ms Accuracy:3.00
ELocation 343: Diff:5000 ms Accuracy:3.00
ELocation 344: Diff:6000 ms Accuracy:3.00
ETask 15: Configuration:2 Energy:0.00 Power:0.00 Reward:36.69 Time:30007 -- SAMPLE
ELocation 345: Diff:0 ms Accuracy:3.00
ELocation 346: Diff:0 ms Accuracy:3.00
ELocation 347: Diff:3000 ms Accuracy:3.00
ELocation 348: Diff:3000 ms Accuracy:3.00
ELocation 349: Diff:3000 ms Accuracy:3.00
ELocation 350: Diff:2000 ms Accuracy:3.00
ELocation 351: Diff:3000 ms Accuracy:3.00
ELocation 352: Diff:2000 ms Accuracy:3.00
ELocation 353: Diff:3000 ms Accuracy:3.00
ELocation 354: Diff:2000 ms Accuracy:3.00
ELocation 355: Diff:2000 ms Accuracy:3.00
ELocation 356: Diff:2000 ms Accuracy:3.00
ELocation 357: Diff:3000 ms Accuracy:3.00
ETask 16: Configuration:2 Energy:0.00 Power:0.00 Reward:67.85 Time:30003 -- SAMPLE
ELocation 358: Diff:3000 ms Accuracy:3.00
ELocation 359: Diff:3000 ms Accuracy:3.00
ELocation 360: Diff:2000 ms Accuracy:3.00
ELocation 361: Diff:3000 ms Accuracy:3.00
ELocation 362: Diff:2000 ms Accuracy:3.00
ELocation 363: Diff:2000 ms Accuracy:3.00
ELocation 364: Diff:3000 ms Accuracy:3.00
ELocation 365: Diff:3000 ms Accuracy:3.00
ELocation 366: Diff:3000 ms Accuracy:3.00
ELocation 367: Diff:2000 ms Accuracy:3.00
ELocation 368: Diff:3000 ms Accuracy:3.00
ELocation 369: Diff:3000 ms Accuracy:3.00
ETask 17: Configuration:3 Energy:0.00 Power:0.00 Reward:83.01 Time:30005 -- SAMPLE
ELocation 370: Diff:0 ms Accuracy:3.00
ELocation 371: Diff:1000 ms Accuracy:3.00
ELocation 372: Diff:1000 ms Accuracy:3.00
ELocation 373: Diff:1000 ms Accuracy:3.00
ELocation 374: Diff:1000 ms Accuracy:3.00
ELocation 375: Diff:1000 ms Accuracy:3.00
ELocation 376: Diff:1000 ms Accuracy:3.00
ELocation 377: Diff:1000 ms Accuracy:3.00
ELocation 378: Diff:1000 ms Accuracy:3.00
ELocation 379: Diff:1000 ms Accuracy:3.00
ELocation 380: Diff:1000 ms Accuracy:3.00
ELocation 381: Diff:1000 ms Accuracy:3.00
ELocation 382: Diff:1000 ms Accuracy:3.00
ELocation 383: Diff:1000 ms Accuracy:3.00
ELocation 384: Diff:1000 ms Accuracy:3.00
ELocation 385: Diff:1000 ms Accuracy:3.00
ELocation 386: Diff:1000 ms Accuracy:3.00
ELocation 387: Diff:1000 ms Accuracy:3.00
ELocation 388: Diff:1000 ms Accuracy:3.00
ELocation 389: Diff:1000 ms Accuracy:3.00
ELocation 390: Diff:1000 ms Accuracy:3.00
ELocation 391: Diff:1000 ms Accuracy:3.00
ELocation 392: Diff:1000 ms Accuracy:3.00
ELocation 393: Diff:1000 ms Accuracy:3.00
ELocation 394: Diff:1000 ms Accuracy:3.00
ELocation 395: Diff:1000 ms Accuracy:3.00
ELocation 396: Diff:1000 ms Accuracy:3.00
ELocation 397: Diff:1000 ms Accuracy:3.00
ELocation 398: Diff:1000 ms Accuracy:3.00
ELocation 399: Diff:1000 ms Accuracy:3.00
ELocation 400: Diff:1000 ms Accuracy:3.00
ETask 18: Configuration:3 Energy:0.00 Power:0.00 Reward:78.20 Time:30006 -- SAMPLE
ELocation 401: Diff:1000 ms Accuracy:3.00
ELocation 402: Diff:1000 ms Accuracy:3.00
ELocation 403: Diff:1000 ms Accuracy:3.00
ELocation 404: Diff:1000 ms Accuracy:3.00
ELocation 405: Diff:1000 ms Accuracy:3.00
ELocation 406: Diff:1000 ms Accuracy:3.00
ELocation 407: Diff:1000 ms Accuracy:3.00
ELocation 408: Diff:1000 ms Accuracy:3.00
ELocation 409: Diff:1000 ms Accuracy:3.00
ELocation 410: Diff:1000 ms Accuracy:3.00
ELocation 411: Diff:1000 ms Accuracy:3.00
ELocation 412: Diff:1000 ms Accuracy:3.00
ELocation 413: Diff:1000 ms Accuracy:3.00
ELocation 414: Diff:1000 ms Accuracy:3.00
ELocation 415: Diff:1000 ms Accuracy:3.00
ELocation 416: Diff:1000 ms Accuracy:3.00
ELocation 417: Diff:1000 ms Accuracy:3.00
ELocation 418: Diff:1000 ms Accuracy:3.00
ELocation 419: Diff:1000 ms Accuracy:3.00
ELocation 420: Diff:1000 ms Accuracy:3.00
ELocation 421: Diff:1000 ms Accuracy:3.00
ELocation 422: Diff:1000 ms Accuracy:3.00
ELocation 423: Diff:1000 ms Accuracy:3.00
ELocation 424: Diff:1000 ms Accuracy:3.00
ELocation 425: Diff:1000 ms Accuracy:3.00
ELocation 426: Diff:1000 ms Accuracy:3.00
ELocation 427: Diff:1000 ms Accuracy:3.00
ELocation 428: Diff:1000 ms Accuracy:3.00
ELocation 429: Diff:1000 ms Accuracy:3.00
ELocation 430: Diff:1000 ms Accuracy:3.00
ETask 19: Configuration:0 Energy:0.00 Power:0.00 Reward:68.53 Time:30019
ELocation 431: Diff:0 ms Accuracy:3.00
ELocation 432: Diff:0 ms Accuracy:3.00
ELocation 433: Diff:13000 ms Accuracy:4.00
ELocation 434: Diff:10000 ms Accuracy:4.00
ETask 20: Configuration:2 Energy:0.00 Power:0.00 Reward:38.86 Time:30011
ELocation 435: Diff:0 ms Accuracy:4.00
ELocation 436: Diff:8497 ms Accuracy:12.00
ELocation 437: Diff:2503 ms Accuracy:5.00
ELocation 438: Diff:2000 ms Accuracy:4.00
ELocation 439: Diff:3000 ms Accuracy:3.00
ELocation 440: Diff:3000 ms Accuracy:3.00
ELocation 441: Diff:3000 ms Accuracy:3.00
ELocation 442: Diff:2000 ms Accuracy:3.00
ELocation 443: Diff:2000 ms Accuracy:3.00
ELocation 444: Diff:3000 ms Accuracy:3.00
ELocation 445: Diff:2000 ms Accuracy:3.00
ELocation 446: Diff:3000 ms Accuracy:3.00
ELocation 447: Diff:2000 ms Accuracy:3.00
ETask 21: Configuration:2 Energy:0.00 Power:0.00 Reward:67.84 Time:30011
ELocation 448: Diff:3000 ms Accuracy:3.00
ELocation 449: Diff:3000 ms Accuracy:3.00
ELocation 450: Diff:3000 ms Accuracy:3.00
ELocation 451: Diff:2000 ms Accuracy:3.00
ELocation 452: Diff:3000 ms Accuracy:3.00
ELocation 453: Diff:2000 ms Accuracy:3.00
ELocation 454: Diff:3000 ms Accuracy:3.00
ELocation 455: Diff:3000 ms Accuracy:3.00
ELocation 456: Diff:2000 ms Accuracy:3.00
ELocation 457: Diff:3000 ms Accuracy:3.00
ELocation 458: Diff:3000 ms Accuracy:3.00
ETask 22: Configuration:2 Energy:0.00 Power:0.00 Reward:65.21 Time:30017
ELocation 459: Diff:3000 ms Accuracy:3.00
ELocation 460: Diff:3000 ms Accuracy:3.00
ELocation 461: Diff:2000 ms Accuracy:3.00
ELocation 462: Diff:2000 ms Accuracy:3.00
ELocation 463: Diff:3000 ms Accuracy:3.00
ELocation 464: Diff:2000 ms Accuracy:3.00
ELocation 465: Diff:3000 ms Accuracy:3.00
ELocation 466: Diff:3000 ms Accuracy:3.00
ELocation 467: Diff:2000 ms Accuracy:3.00
ELocation 468: Diff:2000 ms Accuracy:3.00
ELocation 469: Diff:3000 ms Accuracy:3.00
ELocation 470: Diff:2000 ms Accuracy:3.00
ETask 23: Configuration:2 Energy:0.00 Power:0.00 Reward:67.69 Time:30019
ELocation 471: Diff:3000 ms Accuracy:3.00
ELocation 472: Diff:3000 ms Accuracy:3.00
ELocation 473: Diff:2000 ms Accuracy:3.00
ELocation 474: Diff:3000 ms Accuracy:3.00
ELocation 475: Diff:3000 ms Accuracy:3.00
ELocation 476: Diff:3000 ms Accuracy:3.00
ELocation 477: Diff:2000 ms Accuracy:3.00
ELocation 478: Diff:2000 ms Accuracy:3.00
ELocation 479: Diff:3000 ms Accuracy:3.00
ELocation 480: Diff:3000 ms Accuracy:3.00
ELocation 481: Diff:2000 ms Accuracy:3.00
ELocation 482: Diff:3000 ms Accuracy:3.00
ETask 24: Configuration:0 Energy:0.00 Power:0.00 Reward:66.08 Time:30030
ELocation 483: Diff:0 ms Accuracy:3.00
ELocation 484: Diff:0 ms Accuracy:3.00
ELocation 485: Diff:12000 ms Accuracy:8.00
ELocation 486: Diff:10000 ms Accuracy:7.00
ETask 25: Configuration:2 Energy:0.00 Power:0.00 Reward:35.68 Time:30012
ELocation 487: Diff:0 ms Accuracy:7.00
ELocation 488: Diff:10000 ms Accuracy:11.00
ELocation 489: Diff:3000 ms Accuracy:8.00
ELocation 490: Diff:2000 ms Accuracy:5.00
ELocation 491: Diff:3000 ms Accuracy:3.00
ELocation 492: Diff:3000 ms Accuracy:3.00
ELocation 493: Diff:3000 ms Accuracy:3.00
ELocation 494: Diff:3000 ms Accuracy:3.00
ELocation 495: Diff:2000 ms Accuracy:3.00
ELocation 496: Diff:3000 ms Accuracy:3.00
ELocation 497: Diff:3000 ms Accuracy:3.00
ELocation 498: Diff:3000 ms Accuracy:3.00
ETask 26: Configuration:2 Energy:0.00 Power:0.00 Reward:69.03 Time:30015
ELocation 499: Diff:3000 ms Accuracy:3.00
ELocation 500: Diff:3000 ms Accuracy:3.00
ELocation 501: Diff:2000 ms Accuracy:3.00
ELocation 502: Diff:3000 ms Accuracy:3.00
ELocation 503: Diff:3000 ms Accuracy:3.00
ELocation 504: Diff:2000 ms Accuracy:3.00
ELocation 505: Diff:2000 ms Accuracy:3.00
ELocation 506: Diff:2000 ms Accuracy:3.00
ELocation 507: Diff:3000 ms Accuracy:3.00
ELocation 508: Diff:2000 ms Accuracy:3.00
ELocation 509: Diff:3000 ms Accuracy:3.00
ETask 27: Configuration:2 Energy:0.00 Power:0.00 Reward:65.29 Time:30014
ELocation 510: Diff:3000 ms Accuracy:3.00
ELocation 511: Diff:3000 ms Accuracy:3.00
ELocation 512: Diff:3000 ms Accuracy:3.00
ELocation 513: Diff:3000 ms Accuracy:3.00
ELocation 514: Diff:2000 ms Accuracy:3.00
ELocation 515: Diff:3000 ms Accuracy:3.00
ELocation 516: Diff:2000 ms Accuracy:3.00
ELocation 517: Diff:2000 ms Accuracy:3.00
ELocation 518: Diff:3000 ms Accuracy:3.00
ELocation 519: Diff:2000 ms Accuracy:3.00
ELocation 520: Diff:2000 ms Accuracy:3.00
ELocation 521: Diff:3000 ms Accuracy:3.00
ETask 28: Configuration:2 Energy:0.00 Power:0.00 Reward:68.50 Time:30013
ELocation 522: Diff:2000 ms Accuracy:3.00
ELocation 523: Diff:2000 ms Accuracy:3.00
ELocation 524: Diff:3000 ms Accuracy:3.00
ELocation 525: Diff:3000 ms Accuracy:3.00
ELocation 526: Diff:2000 ms Accuracy:3.00
ELocation 527: Diff:2000 ms Accuracy:3.00
ELocation 528: Diff:3000 ms Accuracy:3.00
ELocation 529: Diff:3000 ms Accuracy:3.00
ELocation 530: Diff:2000 ms Accuracy:3.00
ELocation 531: Diff:2000 ms Accuracy:3.00
ELocation 532: Diff:3000 ms Accuracy:3.00
ELocation 533: Diff:2000 ms Accuracy:3.00
ETask 29: Configuration:2 Energy:0.00 Power:0.00 Reward:68.04 Time:30015
ELocation 534: Diff:3000 ms Accuracy:3.00
ELocation 535: Diff:2000 ms Accuracy:3.00
ELocation 536: Diff:3000 ms Accuracy:3.00
ELocation 537: Diff:3000 ms Accuracy:3.00
ELocation 538: Diff:3000 ms Accuracy:3.00
ELocation 539: Diff:3000 ms Accuracy:3.00
ELocation 540: Diff:3000 ms Accuracy:3.00
ELocation 541: Diff:3000 ms Accuracy:3.00
ELocation 542: Diff:3000 ms Accuracy:3.00
ELocation 543: Diff:3000 ms Accuracy:3.00
ELocation 544: Diff:3000 ms Accuracy:3.00
ETask 30: Configuration:0 Energy:0.00 Power:0.00 Reward:75.29 Time:30017
ELocation 545: Diff:0 ms Accuracy:3.00
ELocation 546: Diff:0 ms Accuracy:3.00
ELocation 547: Diff:13000 ms Accuracy:5.00
ELocation 548: Diff:10000 ms Accuracy:5.00
ETask 31: Configuration:2 Energy:0.00 Power:0.00 Reward:51.90 Time:30011
ELocation 549: Diff:0 ms Accuracy:5.00
ELocation 550: Diff:7877 ms Accuracy:10.00
ELocation 551: Diff:3123 ms Accuracy:4.00
ELocation 552: Diff:2000 ms Accuracy:3.00
ELocation 553: Diff:2000 ms Accuracy:3.00
ELocation 554: Diff:2000 ms Accuracy:4.00
ELocation 555: Diff:3000 ms Accuracy:3.00
ELocation 556: Diff:3000 ms Accuracy:3.00
ELocation 557: Diff:3000 ms Accuracy:3.00
ELocation 558: Diff:3000 ms Accuracy:3.00
ELocation 559: Diff:3000 ms Accuracy:3.00
ELocation 560: Diff:3000 ms Accuracy:3.00
ETask 32: Configuration:2 Energy:0.00 Power:0.00 Reward:82.93 Time:30012
ELocation 561: Diff:3000 ms Accuracy:3.00
ELocation 562: Diff:3000 ms Accuracy:3.00
ELocation 563: Diff:3000 ms Accuracy:3.00
ELocation 564: Diff:2000 ms Accuracy:3.00
ELocation 565: Diff:3000 ms Accuracy:3.00
ELocation 566: Diff:2000 ms Accuracy:3.00
ELocation 567: Diff:3000 ms Accuracy:3.00
ELocation 568: Diff:2000 ms Accuracy:3.00
ELocation 569: Diff:3000 ms Accuracy:3.00
ELocation 570: Diff:3000 ms Accuracy:3.00
ELocation 571: Diff:3000 ms Accuracy:3.00
ETask 33: Configuration:1 Energy:0.00 Power:0.00 Reward:82.95 Time:30019
ELocation 572: Diff:2000 ms Accuracy:3.00
ELocation 573: Diff:0 ms Accuracy:3.00
ELocation 574: Diff:5000 ms Accuracy:3.00
ELocation 575: Diff:5000 ms Accuracy:3.00
ELocation 576: Diff:6000 ms Accuracy:3.00
ELocation 577: Diff:5000 ms Accuracy:3.00
ELocation 578: Diff:6000 ms Accuracy:3.00
ETask 34: Configuration:2 Energy:0.00 Power:0.00 Reward:81.16 Time:30014
ELocation 579: Diff:3000 ms Accuracy:3.00
ELocation 580: Diff:0 ms Accuracy:3.00
ELocation 581: Diff:3000 ms Accuracy:3.00
ELocation 582: Diff:2000 ms Accuracy:3.00
ELocation 583: Diff:3000 ms Accuracy:3.00
ELocation 584: Diff:3000 ms Accuracy:3.00
ELocation 585: Diff:2000 ms Accuracy:3.00
ELocation 586: Diff:2000 ms Accuracy:3.00
ELocation 587: Diff:3000 ms Accuracy:3.00
ELocation 588: Diff:3000 ms Accuracy:3.00
ELocation 589: Diff:3000 ms Accuracy:3.00
ELocation 590: Diff:2000 ms Accuracy:3.00
ELocation 591: Diff:2000 ms Accuracy:3.00
ELocation 592: Diff:2000 ms Accuracy:3.00
ETask 35: Configuration:2 Energy:0.00 Power:0.00 Reward:81.37 Time:30009
ELocation 593: Diff:3000 ms Accuracy:3.00
ELocation 594: Diff:2000 ms Accuracy:3.00
ELocation 595: Diff:2000 ms Accuracy:3.00
ELocation 596: Diff:3000 ms Accuracy:3.00
ELocation 597: Diff:3000 ms Accuracy:3.00
ELocation 598: Diff:2000 ms Accuracy:3.00
ELocation 599: Diff:2000 ms Accuracy:3.00
ELocation 600: Diff:3000 ms Accuracy:3.00
ELocation 601: Diff:2000 ms Accuracy:3.00
ELocation 602: Diff:3000 ms Accuracy:3.00
ELocation 603: Diff:2000 ms Accuracy:3.00
ELocation 604: Diff:2000 ms Accuracy:3.00
ETask 36: Configuration:0 Energy:0.00 Power:0.00 Reward:66.74 Time:30016
ELocation 605: Diff:1000 ms Accuracy:3.00
ELocation 606: Diff:0 ms Accuracy:3.00
ELocation 607: Diff:13000 ms Accuracy:7.00
ELocation 608: Diff:10000 ms Accuracy:3.00
ETask 37: Configuration:0 Energy:0.00 Power:0.00 Reward:65.01 Time:30010
ELocation 609: Diff:10000 ms Accuracy:4.00
ELocation 610: Diff:20000 ms Accuracy:5.00
ETask 38: Configuration:2 Energy:0.00 Power:0.00 Reward:63.52 Time:30018
ELocation 611: Diff:0 ms Accuracy:5.00
ELocation 612: Diff:8177 ms Accuracy:7.00
ELocation 613: Diff:2823 ms Accuracy:3.00
ELocation 614: Diff:3000 ms Accuracy:3.00
ELocation 615: Diff:3000 ms Accuracy:3.00
ELocation 616: Diff:3000 ms Accuracy:3.00
ELocation 617: Diff:3000 ms Accuracy:3.00
ELocation 618: Diff:3000 ms Accuracy:3.00
ELocation 619: Diff:2000 ms Accuracy:3.00
ELocation 620: Diff:2000 ms Accuracy:3.00
ELocation 621: Diff:3000 ms Accuracy:3.00
ELocation 622: Diff:3000 ms Accuracy:3.00
ETask 39: Configuration:0 Energy:0.00 Power:0.00 Reward:65.09 Time:30010
ERun: Reward:1882.80 PostConfigReward:2737.85 Time:1742345
==END-RUN 1==
STOKE: Config:0 | interval:0:10000 priority:0:100 sensor-configuration:0:2 | -- timeOn:8 reward:507.64 scaled:0.68 (location_accuracy,411.00,3.70)
STOKE: Config:1 | interval:1:5000 priority:0:100 sensor-configuration:0:2 | -- timeOn:3 reward:202.38 scaled:0.66 (location_accuracy,80.00,3.64)
STOKE: Config:2 | interval:2:2000 priority:0:100 sensor-configuration:0:2 | -- timeOn:16 reward:1011.57 scaled:0.68 (location_accuracy,501.00,3.43)
STOKE: Config:3 | interval:3:500 priority:0:100 sensor-configuration:0:2 | -- timeOn:2 reward:161.21 scaled:0.60 (location_accuracy,129.00,3.00)

==RUN 2==
ELocation 623: Diff:1000 ms Accuracy:3.00
ELocation 624: Diff:0 ms Accuracy:3.00
ELocation 625: Diff:13000 ms Accuracy:5.00
ELocation 626: Diff:10000 ms Accuracy:6.00
ELocation 627: Diff:20000 ms Accuracy:4.00
ELocation 628: Diff:10000 ms Accuracy:5.00
ELocation 629: Diff:20000 ms Accuracy:3.00
ELocation 630: Diff:20000 ms Accuracy:3.00
ELocation 631: Diff:10000 ms Accuracy:3.00
ELocation 632: Diff:20000 ms Accuracy:10.00
ELocation 633: Diff:10000 ms Accuracy:8.00
ELocation 634: Diff:20000 ms Accuracy:16.00
ELocation 635: Diff:10000 ms Accuracy:12.00
ELocation 636: Diff:10000 ms Accuracy:10.00
ELocation 637: Diff:20000 ms Accuracy:8.00
ELocation 638: Diff:10000 ms Accuracy:6.00
ELocation 639: Diff:20000 ms Accuracy:5.00
ELocation 640: Diff:10000 ms Accuracy:5.00
ELocation 641: Diff:10000 ms Accuracy:5.00
ELocation 642: Diff:20000 ms Accuracy:10.00
ELocation 643: Diff:10000 ms Accuracy:12.00
ELocation 644: Diff:10000 ms Accuracy:5.00
ELocation 645: Diff:20000 ms Accuracy:9.00
ELocation 646: Diff:10000 ms Accuracy:5.00
ELocation 647: Diff:10000 ms Accuracy:8.00
ETask 11: Configuration:0 Energy:0.00 Power:0.00 Reward:38.67 Time:30005 -- SAMPLE
ELocation 648: Diff:20000 ms Accuracy:3.00
ELocation 649: Diff:10000 ms Accuracy:4.00
ETask 12: Configuration:0 Energy:0.00 Power:0.00 Reward:43.64 Time:30009 -- SAMPLE
ELocation 650: Diff:20000 ms Accuracy:5.00
ELocation 651: Diff:10000 ms Accuracy:12.00
ETask 13: Configuration:1 Energy:0.00 Power:0.00 Reward:67.03 Time:30005 -- SAMPLE
ELocation 652: Diff:0 ms Accuracy:12.00
ELocation 653: Diff:8437 ms Accuracy:15.00
ELocation 654: Diff:5563 ms Accuracy:4.00
ELocation 655: Diff:6000 ms Accuracy:3.00
ELocation 656: Diff:5000 ms Accuracy:3.00
ELocation 657: Diff:6000 ms Accuracy:3.00
ELocation 658: Diff:6000 ms Accuracy:3.00
ETask 14: Configuration:1 Energy:0.00 Power:0.00 Reward:64.42 Time:30005 -- SAMPLE
ELocation 659: Diff:5000 ms Accuracy:3.00
ELocation 660: Diff:6000 ms Accuracy:3.00
ELocation 661: Diff:5000 ms Accuracy:3.00
ELocation 662: Diff:5000 ms Accuracy:3.00
ELocation 663: Diff:5000 ms Accuracy:3.00
ETask 15: Configuration:2 Energy:0.00 Power:0.00 Reward:54.06 Time:30009 -- SAMPLE
ELocation 664: Diff:4000 ms Accuracy:3.00
ELocation 665: Diff:1000 ms Accuracy:3.00
ELocation 666: Diff:2000 ms Accuracy:3.00
ELocation 667: Diff:2000 ms Accuracy:3.00
ELocation 668: Diff:3000 ms Accuracy:3.00
ELocation 669: Diff:3000 ms Accuracy:3.00
ELocation 670: Diff:3000 ms Accuracy:3.00
ELocation 671: Diff:2000 ms Accuracy:3.00
ELocation 672: Diff:3000 ms Accuracy:3.00
ELocation 673: Diff:2000 ms Accuracy:3.00
ELocation 674: Diff:2000 ms Accuracy:3.00
ELocation 675: Diff:3000 ms Accuracy:3.00
ELocation 676: Diff:3000 ms Accuracy:3.00
ETask 16: Configuration:2 Energy:0.00 Power:0.00 Reward:90.65 Time:30007 -- SAMPLE
ELocation 677: Diff:3000 ms Accuracy:3.00
ELocation 678: Diff:2000 ms Accuracy:3.00
ELocation 679: Diff:3000 ms Accuracy:3.00
ELocation 680: Diff:2000 ms Accuracy:3.00
ELocation 681: Diff:3000 ms Accuracy:3.00
ELocation 682: Diff:3000 ms Accuracy:3.00
ELocation 683: Diff:2000 ms Accuracy:3.00
ELocation 684: Diff:3000 ms Accuracy:3.00
ELocation 685: Diff:2000 ms Accuracy:3.00
ELocation 686: Diff:3000 ms Accuracy:3.00
ELocation 687: Diff:3000 ms Accuracy:3.00
ELocation 688: Diff:2000 ms Accuracy:3.00
ETask 17: Configuration:3 Energy:0.00 Power:0.00 Reward:94.54 Time:30005 -- SAMPLE
ELocation 689: Diff:0 ms Accuracy:3.00
ELocation 690: Diff:1000 ms Accuracy:3.00
ELocation 691: Diff:1000 ms Accuracy:3.00
ELocation 692: Diff:1000 ms Accuracy:3.00
ELocation 693: Diff:1000 ms Accuracy:3.00
ELocation 694: Diff:1000 ms Accuracy:3.00
ELocation 695: Diff:1000 ms Accuracy:3.00
ELocation 696: Diff:1000 ms Accuracy:3.00
ELocation 697: Diff:1000 ms Accuracy:3.00
ELocation 698: Diff:1000 ms Accuracy:3.00
ELocation 699: Diff:1000 ms Accuracy:3.00
ELocation 700: Diff:1000 ms Accuracy:3.00
ELocation 701: Diff:1000 ms Accuracy:3.00
ELocation 702: Diff:1000 ms Accuracy:3.00
ELocation 703: Diff:1000 ms Accuracy:3.00
ELocation 704: Diff:1000 ms Accuracy:3.00
ELocation 705: Diff:1000 ms Accuracy:3.00
ELocation 706: Diff:1000 ms Accuracy:3.00
ELocation 707: Diff:1000 ms Accuracy:3.00
ELocation 708: Diff:1000 ms Accuracy:3.00
ELocation 709: Diff:1000 ms Accuracy:3.00
ELocation 710: Diff:1000 ms Accuracy:3.00
ELocation 711: Diff:1000 ms Accuracy:3.00
ELocation 712: Diff:1000 ms Accuracy:3.00
ELocation 713: Diff:1000 ms Accuracy:3.00
ELocation 714: Diff:1000 ms Accuracy:3.00
ELocation 715: Diff:1000 ms Accuracy:3.00
ELocation 716: Diff:1000 ms Accuracy:3.00
ELocation 717: Diff:1000 ms Accuracy:3.00
ELocation 718: Diff:1000 ms Accuracy:3.00
ELocation 719: Diff:1000 ms Accuracy:3.00
ETask 18: Configuration:3 Energy:0.00 Power:0.00 Reward:81.55 Time:30003 -- SAMPLE
ELocation 720: Diff:1000 ms Accuracy:3.00
ELocation 721: Diff:1000 ms Accuracy:3.00
ELocation 722: Diff:1000 ms Accuracy:3.00
ELocation 723: Diff:1000 ms Accuracy:3.00
ELocation 724: Diff:1000 ms Accuracy:3.00
ELocation 725: Diff:1000 ms Accuracy:3.00
ELocation 726: Diff:1000 ms Accuracy:3.00
ELocation 727: Diff:1000 ms Accuracy:3.00
ELocation 728: Diff:1000 ms Accuracy:3.00
ELocation 729: Diff:1000 ms Accuracy:3.00
ELocation 730: Diff:1000 ms Accuracy:3.00
ELocation 731: Diff:1000 ms Accuracy:3.00
ELocation 732: Diff:1000 ms Accuracy:3.00
ELocation 733: Diff:1000 ms Accuracy:3.00
ELocation 734: Diff:1000 ms Accuracy:3.00
ELocation 735: Diff:1000 ms Accuracy:3.00
ELocation 736: Diff:1000 ms Accuracy:3.00
ELocation 737: Diff:1000 ms Accuracy:4.00
ELocation 738: Diff:1000 ms Accuracy:3.00
ELocation 739: Diff:1000 ms Accuracy:3.00
ELocation 740: Diff:1000 ms Accuracy:3.00
ELocation 741: Diff:1000 ms Accuracy:3.00
ELocation 742: Diff:1000 ms Accuracy:3.00
ELocation 743: Diff:1000 ms Accuracy:3.00
ELocation 744: Diff:1000 ms Accuracy:3.00
ELocation 745: Diff:1000 ms Accuracy:3.00
ELocation 746: Diff:1000 ms Accuracy:3.00
ELocation 747: Diff:1000 ms Accuracy:3.00
ELocation 748: Diff:1000 ms Accuracy:3.00
ELocation 749: Diff:1000 ms Accuracy:3.00
ELocation 750: Diff:1000 ms Accuracy:3.00
ETask 19: Configuration:2 Energy:0.00 Power:0.00 Reward:66.85 Time:30020
ELocation 751: Diff:0 ms Accuracy:3.00
ELocation 752: Diff:0 ms Accuracy:3.00
ELocation 753: Diff:2000 ms Accuracy:3.00
ELocation 754: Diff:3000 ms Accuracy:3.00
ELocation 755: Diff:3000 ms Accuracy:3.00
ELocation 756: Diff:3000 ms Accuracy:3.00
ELocation 757: Diff:2000 ms Accuracy:3.00
ELocation 758: Diff:2000 ms Accuracy:3.00
ELocation 759: Diff:2000 ms Accuracy:3.00
ELocation 760: Diff:2000 ms Accuracy:3.00
ELocation 761: Diff:3000 ms Accuracy:3.00
ELocation 762: Diff:3000 ms Accuracy:3.00
ELocation 763: Diff:2000 ms Accuracy:3.00
ELocation 764: Diff:2000 ms Accuracy:3.00
ETask 20: Configuration:0 Energy:0.00 Power:0.00 Reward:66.56 Time:30009
ELocation 765: Diff:1000 ms Accuracy:3.00
ELocation 766: Diff:0 ms Accuracy:3.00
ELocation 767: Diff:13000 ms Accuracy:6.00
ETask 21: Configuration:0 Energy:0.00 Power:0.00 Reward:37.60 Time:30014
ELocation 768: Diff:20000 ms Accuracy:8.00
ELocation 769: Diff:20000 ms Accuracy:10.00
ETask 22: Configuration:0 Energy:0.00 Power:0.00 Reward:34.90 Time:30018
ELocation 770: Diff:20000 ms Accuracy:10.00
ELocation 771: Diff:10000 ms Accuracy:14.00
ETask 23: Configuration:0 Energy:0.00 Power:0.00 Reward:35.31 Time:30019
ELocation 772: Diff:10000 ms Accuracy:6.00
ELocation 773: Diff:10000 ms Accuracy:6.00
ELocation 774: Diff:10000 ms Accuracy:7.00
ETask 24: Configuration:0 Energy:0.00 Power:0.00 Reward:34.91 Time:30012
ELocation 775: Diff:20000 ms Accuracy:5.00
ETask 25: Configuration:0 Energy:0.00 Power:0.00 Reward:40.26 Time:30019
ELocation 776: Diff:20000 ms Accuracy:7.00
ELocation 777: Diff:20000 ms Accuracy:25.00
ETask 26: Configuration:3 Energy:0.00 Power:0.00 Reward:44.31 Time:30006
ELocation 778: Diff:0 ms Accuracy:25.00
ELocation 779: Diff:7857 ms Accuracy:26.00
ELocation 780: Diff:1143 ms Accuracy:12.00
ELocation 781: Diff:1000 ms Accuracy:8.00
ELocation 782: Diff:1000 ms Accuracy:7.00
ELocation 783: Diff:1000 ms Accuracy:4.00
ELocation 784: Diff:1000 ms Accuracy:3.00
ELocation 785: Diff:1000 ms Accuracy:3.00
ELocation 786: Diff:1000 ms Accuracy:3.00
ELocation 787: Diff:1000 ms Accuracy:3.00
ELocation 788: Diff:1000 ms Accuracy:3.00
ELocation 789: Diff:1000 ms Accuracy:3.00
ELocation 790: Diff:1000 ms Accuracy:3.00
ELocation 791: Diff:1000 ms Accuracy:3.00
ELocation 792: Diff:1000 ms Accuracy:3.00
ELocation 793: Diff:1000 ms Accuracy:3.00
ELocation 794: Diff:1000 ms Accuracy:3.00
ELocation 795: Diff:1000 ms Accuracy:3.00
ELocation 796: Diff:1000 ms Accuracy:3.00
ELocation 797: Diff:1000 ms Accuracy:3.00
ELocation 798: Diff:1000 ms Accuracy:3.00
ELocation 799: Diff:1000 ms Accuracy:3.00
ELocation 800: Diff:1000 ms Accuracy:3.00
ELocation 801: Diff:1000 ms Accuracy:3.00
ELocation 802: Diff:1000 ms Accuracy:3.00
ELocation 803: Diff:1000 ms Accuracy:3.00
ELocation 804: Diff:1000 ms Accuracy:3.00
ELocation 805: Diff:1000 ms Accuracy:3.00
ELocation 806: Diff:1000 ms Accuracy:3.00
ELocation 807: Diff:1000 ms Accuracy:3.00
ELocation 808: Diff:1000 ms Accuracy:3.00
ETask 27: Configuration:0 Energy:0.00 Power:0.00 Reward:78.43 Time:30009
ELocation 809: Diff:0 ms Accuracy:3.00
ELocation 810: Diff:0 ms Accuracy:3.00
ELocation 811: Diff:13000 ms Accuracy:6.00
ELocation 812: Diff:10000 ms Accuracy:10.00
ETask 28: Configuration:0 Energy:0.00 Power:0.00 Reward:66.21 Time:30013
ELocation 813: Diff:10000 ms Accuracy:6.00
ELocation 814: Diff:20000 ms Accuracy:5.00
ETask 29: Configuration:0 Energy:0.00 Power:0.00 Reward:62.02 Time:30016
ELocation 815: Diff:20000 ms Accuracy:14.00
ELocation 816: Diff:10000 ms Accuracy:7.00
ETask 30: Configuration:0 Energy:0.00 Power:0.00 Reward:65.47 Time:30016
ELocation 817: Diff:10000 ms Accuracy:5.00
ELocation 818: Diff:20000 ms Accuracy:12.00
ETask 31: Configuration:0 Energy:0.00 Power:0.00 Reward:61.70 Time:30014
ELocation 819: Diff:20000 ms Accuracy:16.00
ELocation 820: Diff:10000 ms Accuracy:11.00
ETask 32: Configuration:0 Energy:0.00 Power:0.00 Reward:34.91 Time:30013
ELocation 821: Diff:10000 ms Accuracy:9.00
ELocation 822: Diff:10000 ms Accuracy:3.00
ELocation 823: Diff:10000 ms Accuracy:4.00
ETask 33: Configuration:0 Energy:0.00 Power:0.00 Reward:35.19 Time:30016
ELocation 824: Diff:10000 ms Accuracy:5.00
ELocation 825: Diff:20000 ms Accuracy:4.00
ETask 34: Configuration:0 Energy:0.00 Power:0.00 Reward:35.23 Time:30016
ELocation 826: Diff:10000 ms Accuracy:7.00
ELocation 827: Diff:10000 ms Accuracy:14.00
ETask 35: Configuration:0 Energy:0.00 Power:0.00 Reward:34.97 Time:30017
ELocation 828: Diff:20000 ms Accuracy:18.00
ELocation 829: Diff:10000 ms Accuracy:8.00
ETask 36: Configuration:2 Energy:0.00 Power:0.00 Reward:35.01 Time:30009
ELocation 830: Diff:10000 ms Accuracy:6.00
ELocation 831: Diff:8137 ms Accuracy:17.00
ELocation 832: Diff:2863 ms Accuracy:7.00
ELocation 833: Diff:3000 ms Accuracy:4.00
ELocation 834: Diff:2000 ms Accuracy:3.00
ELocation 835: Diff:2000 ms Accuracy:3.00
ELocation 836: Diff:3000 ms Accuracy:3.00
ELocation 837: Diff:3000 ms Accuracy:3.00
ELocation 838: Diff:2000 ms Accuracy:3.00
ELocation 839: Diff:3000 ms Accuracy:3.00
ELocation 840: Diff:3000 ms Accuracy:3.00
ELocation 841: Diff:3000 ms Accuracy:3.00
ETask 37: Configuration:0 Energy:0.00 Power:0.00 Reward:78.38 Time:30011
ELocation 842: Diff:2000 ms Accuracy:3.00
ELocation 843: Diff:0 ms Accuracy:3.00
ELocation 844: Diff:13000 ms Accuracy:6.00
ELocation 845: Diff:10000 ms Accuracy:4.00
ETask 38: Configuration:0 Energy:0.00 Power:0.00 Reward:62.42 Time:30014
ELocation 846: Diff:20000 ms Accuracy:3.00
ELocation 847: Diff:10000 ms Accuracy:4.00
ETask 39: Configuration:2 Energy:0.00 Power:0.00 Reward:62.40 Time:30006
ELocation 848: Diff:0 ms Accuracy:4.00
ELocation 849: Diff:8277 ms Accuracy:10.00
STOKE: End Bat: 0.810000
STOKE: Usage Bat: 0.170000
ERun: Reward:1607.61 PostConfigReward:3810.89 Time:2614656
==END-RUN 2==
STOKE: Config:0 | interval:0:10000 priority:0:100 sensor-configuration:0:2 | -- timeOn:19 reward:946.77 scaled:0.75 (location_accuracy,647.00,5.58)
STOKE: Config:1 | interval:1:5000 priority:0:100 sensor-configuration:0:2 | -- timeOn:2 reward:131.45 scaled:0.67 (location_accuracy,60.00,6.67)
STOKE: Config:2 | interval:2:2000 priority:0:100 sensor-configuration:0:2 | -- timeOn:5 reward:308.98 scaled:0.69 (location_accuracy,194.00,3.46)
STOKE: Config:3 | interval:3:500 priority:0:100 sensor-configuration:0:2 | -- timeOn:3 reward:220.41 scaled:0.63 (location_accuracy,186.00,4.04)

