==RUN 0==
Bandit Runs:1 Tasks-in-Run:100
Self-Optimizer Rounds:0 Tasks-in-Round:0
Continuous Knob Rounds:Inf Tasks-in-Round:0
STOKE: Start Bat: 0.710000
ETask 1-1: Configuration:0 Energy:59.73178546367999 Reward:-59.73178546367999 Raw:59.73178546367999 Time:32544 TotalReward:59.73178546367999
ETask 2-2: Configuration:0 Energy:37.0303029558 Reward:-37.0303029558 Raw:37.0303029558 Time:32512 TotalReward:96.76208841948
ETask 3-3: Configuration:1 Energy:85.801732388361 Reward:-85.801732388361 Raw:85.801732388361 Time:32548 TotalReward:182.563820807841
ETask 4-4: Configuration:1 Energy:32.210245903164996 Reward:-32.210245903164996 Raw:32.210245903164996 Time:32527 TotalReward:214.77406671100601
ETask 5-5: Configuration:2 Energy:64.522945183598 Reward:-64.522945183598 Raw:64.522945183598 Time:32538 TotalReward:279.297011894604
ETask 6-6: Configuration:2 Energy:31.984674896459996 Reward:-31.984674896459996 Raw:31.984674896459996 Time:32513 TotalReward:311.281686791064
ETask 7-7: Configuration:3 Energy:39.914578883256 Reward:-39.914578883256 Raw:39.914578883256 Time:32565 TotalReward:351.19626567432
ETask 8-8: Configuration:3 Energy:37.642922209244 Reward:-37.642922209244 Raw:37.642922209244 Time:32526 TotalReward:388.83918788356397
ETask 9-9: Configuration:4 Energy:88.20135439338301 Reward:-88.20135439338301 Raw:88.20135439338301 Time:32529 TotalReward:477.040542276947
ETask 10-10: Configuration:4 Energy:41.564498607786 Reward:-41.564498607786 Raw:41.564498607786 Time:32509 TotalReward:518.6050408847331
ETask 11-11: Configuration:5 Energy:104.59026299128001 Reward:-104.59026299128001 Raw:104.59026299128001 Time:32546 TotalReward:623.1953038760131
ETask 12-12: Configuration:5 Energy:99.52167690959999 Reward:-99.52167690959999 Raw:99.52167690959999 Time:32509 TotalReward:722.716980785613
ETask 13-13: Configuration:6 Energy:33.3067176369 Reward:-33.3067176369 Raw:33.3067176369 Time:32572 TotalReward:756.023698422513
ETask 14-14: Configuration:6 Energy:38.469367663999996 Reward:-38.469367663999996 Raw:38.469367663999996 Time:32524 TotalReward:794.493066086513
ETask 15-15: Configuration:7 Energy:31.910715838518 Reward:-31.910715838518 Raw:31.910715838518 Time:32534 TotalReward:826.4037819250309
ETask 16-16: Configuration:7 Energy:38.053678760216 Reward:-38.053678760216 Raw:38.053678760216 Time:32514 TotalReward:864.4574606852469
ETask 17-17: Configuration:8 Energy:33.46406418528 Reward:-33.46406418528 Raw:33.46406418528 Time:32552 TotalReward:897.9215248705269
ETask 18-18: Configuration:8 Energy:49.378330009896004 Reward:-49.378330009896004 Raw:49.378330009896004 Time:32516 TotalReward:947.2998548804229
ETask 19-19: Configuration:9 Energy:104.110591804428 Reward:-104.110591804428 Raw:104.110591804428 Time:32533 TotalReward:1051.410446684851
ETask 20-20: Configuration:9 Energy:115.098667997028 Reward:-115.098667997028 Raw:115.098667997028 Time:32506 TotalReward:1166.509114681879
ETask 21-21: Configuration:10 Energy:105.62400893721599 Reward:-105.62400893721599 Raw:105.62400893721599 Time:32535 TotalReward:1272.133123619095
ETask 22-22: Configuration:10 Energy:98.47752922444799 Reward:-98.47752922444799 Raw:98.47752922444799 Time:32502 TotalReward:1370.610652843543
ETask 23-23: Configuration:11 Energy:99.69167739484799 Reward:-99.69167739484799 Raw:99.69167739484799 Time:32526 TotalReward:1470.302330238391
ETask 24-24: Configuration:11 Energy:116.597335163232 Reward:-116.597335163232 Raw:116.597335163232 Time:32501 TotalReward:1586.899665401623
ETask 25-25: Configuration:7 Energy:34.636090334208006 Reward:-34.636090334208006 Raw:34.636090334208006 Time:32548 TotalReward:1621.5357557358311
ETask 26-26: Configuration:7 Energy:29.145261636479997 Reward:-29.145261636479997 Raw:29.145261636479997 Time:32510 TotalReward:1650.681017372311
ETask 27-27: Configuration:7 Energy:87.94702684944 Reward:-87.94702684944 Raw:87.94702684944 Time:32504 TotalReward:1738.628044221751
ETask 28-28: Configuration:7 Energy:32.467282926848 Reward:-32.467282926848 Raw:32.467282926848 Time:32515 TotalReward:1771.095327148599
ETask 29-29: Configuration:7 Energy:36.16437319862399 Reward:-36.16437319862399 Raw:36.16437319862399 Time:32529 TotalReward:1807.2597003472229
ETask 30-30: Configuration:7 Energy:37.09217108607999 Reward:-37.09217108607999 Raw:37.09217108607999 Time:32517 TotalReward:1844.351871433303
ETask 31-31: Configuration:7 Energy:37.108455232424994 Reward:-37.108455232424994 Raw:37.108455232424994 Time:32524 TotalReward:1881.460326665728
ETask 32-32: Configuration:7 Energy:95.738094313194 Reward:-95.738094313194 Raw:95.738094313194 Time:32504 TotalReward:1977.198420978922
ETask 33-33: Configuration:7 Energy:86.253143687775 Reward:-86.253143687775 Raw:86.253143687775 Time:32508 TotalReward:2063.451564666697
ETask 34-34: Configuration:7 Energy:80.852781338784 Reward:-80.852781338784 Raw:80.852781338784 Time:32510 TotalReward:2144.304346005481
ETask 35-35: Configuration:7 Energy:83.824298167815 Reward:-83.824298167815 Raw:83.824298167815 Time:32520 TotalReward:2228.128644173296
ETask 36-36: Configuration:7 Energy:88.04581064989199 Reward:-88.04581064989199 Raw:88.04581064989199 Time:32526 TotalReward:2316.1744548231877
ETask 37-37: Configuration:7 Energy:50.91981416535 Reward:-50.91981416535 Raw:50.91981416535 Time:32509 TotalReward:2367.094268988538
ETask 38-38: Configuration:7 Energy:50.506064422005004 Reward:-50.506064422005004 Raw:50.506064422005004 Time:32509 TotalReward:2417.6003334105426
ETask 39-39: Configuration:7 Energy:49.686014081484004 Reward:-49.686014081484004 Raw:49.686014081484004 Time:32508 TotalReward:2467.2863474920264
ETask 40-40: Configuration:7 Energy:34.601409823632 Reward:-34.601409823632 Raw:34.601409823632 Time:32519 TotalReward:2501.8877573156583
ETask 41-41: Configuration:7 Energy:39.090008797056 Reward:-39.090008797056 Raw:39.090008797056 Time:32535 TotalReward:2540.977766112714
ETask 42-42: Configuration:7 Energy:31.914099133842 Reward:-31.914099133842 Raw:31.914099133842 Time:32516 TotalReward:2572.8918652465563
ETask 43-43: Configuration:7 Energy:32.298787287215994 Reward:-32.298787287215994 Raw:32.298787287215994 Time:32529 TotalReward:2605.190652533772
ETask 44-44: Configuration:7 Energy:31.643197279667998 Reward:-31.643197279667998 Raw:31.643197279667998 Time:32515 TotalReward:2636.8338498134403
ETask 45-45: Configuration:7 Energy:36.971637706475995 Reward:-36.971637706475995 Raw:36.971637706475995 Time:32506 TotalReward:2673.8054875199164
ETask 46-46: Configuration:7 Energy:32.413210706508 Reward:-32.413210706508 Raw:32.413210706508 Time:32503 TotalReward:2706.2186982264243
ETask 47-47: Configuration:7 Energy:54.044293431828 Reward:-54.044293431828 Raw:54.044293431828 Time:32525 TotalReward:2760.2629916582523
ETask 48-48: Configuration:7 Energy:32.645714617859994 Reward:-32.645714617859994 Raw:32.645714617859994 Time:32510 TotalReward:2792.9087062761123
ETask 49-49: Configuration:7 Energy:31.68492154695 Reward:-31.68492154695 Raw:31.68492154695 Time:32521 TotalReward:2824.5936278230624
ETask 50-50: Configuration:7 Energy:32.546661355295996 Reward:-32.546661355295996 Raw:32.546661355295996 Time:32508 TotalReward:2857.140289178358
ETask 51-51: Configuration:7 Energy:31.615114163688 Reward:-31.615114163688 Raw:31.615114163688 Time:32511 TotalReward:2888.755403342046
ETask 52-52: Configuration:7 Energy:32.407112295999994 Reward:-32.407112295999994 Raw:32.407112295999994 Time:32510 TotalReward:2921.162515638046
ETask 53-53: Configuration:7 Energy:33.437099507559005 Reward:-33.437099507559005 Raw:33.437099507559005 Time:32502 TotalReward:2954.599615145605
ETask 54-54: Configuration:7 Energy:37.258219050441 Reward:-37.258219050441 Raw:37.258219050441 Time:32508 TotalReward:2991.857834196046
ETask 55-55: Configuration:7 Energy:106.84951631622499 Reward:-106.84951631622499 Raw:106.84951631622499 Time:32502 TotalReward:3098.707350512271
ETask 56-56: Configuration:7 Energy:98.05828113369999 Reward:-98.05828113369999 Raw:98.05828113369999 Time:32509 TotalReward:3196.765631645971
ETask 57-57: Configuration:7 Energy:51.383441951625 Reward:-51.383441951625 Raw:51.383441951625 Time:32542 TotalReward:3248.1490735975963
ETask 58-58: Configuration:7 Energy:51.850912899343996 Reward:-51.850912899343996 Raw:51.850912899343996 Time:32520 TotalReward:3299.9999864969404
ETask 59-59: Configuration:7 Energy:46.227085522874994 Reward:-46.227085522874994 Raw:46.227085522874994 Time:32507 TotalReward:3346.2270720198153
ETask 60-60: Configuration:7 Energy:80.405940909494 Reward:-80.405940909494 Raw:80.405940909494 Time:32504 TotalReward:3426.633012929309
ETask 61-61: Configuration:7 Energy:32.206948855872 Reward:-32.206948855872 Raw:32.206948855872 Time:32508 TotalReward:3458.839961785181
ETask 62-62: Configuration:7 Energy:33.177224784396 Reward:-33.177224784396 Raw:33.177224784396 Time:32524 TotalReward:3492.017186569577
ETask 63-63: Configuration:7 Energy:32.40933362106399 Reward:-32.40933362106399 Raw:32.40933362106399 Time:32517 TotalReward:3524.426520190641
ETask 64-64: Configuration:7 Energy:32.20497388105199 Reward:-32.20497388105199 Raw:32.20497388105199 Time:32531 TotalReward:3556.631494071693
ETask 65-65: Configuration:7 Energy:31.635672716471994 Reward:-31.635672716471994 Raw:31.635672716471994 Time:32520 TotalReward:3588.267166788165
ETask 66-66: Configuration:7 Energy:31.660943154599998 Reward:-31.660943154599998 Raw:31.660943154599998 Time:32533 TotalReward:3619.928109942765
ETask 67-67: Configuration:7 Energy:46.361232844828 Reward:-46.361232844828 Raw:46.361232844828 Time:32503 TotalReward:3666.289342787593
ETask 68-68: Configuration:7 Energy:38.46599982901599 Reward:-38.46599982901599 Raw:38.46599982901599 Time:32513 TotalReward:3704.7553426166087
ETask 69-69: Configuration:7 Energy:32.84792338372 Reward:-32.84792338372 Raw:32.84792338372 Time:32515 TotalReward:3737.603266000329
ETask 70-70: Configuration:7 Energy:31.579038447515995 Reward:-31.579038447515995 Raw:31.579038447515995 Time:32514 TotalReward:3769.1823044478447
ETask 71-71: Configuration:7 Energy:34.53130498545 Reward:-34.53130498545 Raw:34.53130498545 Time:32536 TotalReward:3803.7136094332946
ETask 72-72: Configuration:7 Energy:48.181832274520005 Reward:-48.181832274520005 Raw:48.181832274520005 Time:32528 TotalReward:3851.8954417078144
ETask 73-73: Configuration:7 Energy:36.514265908134 Reward:-36.514265908134 Raw:36.514265908134 Time:32505 TotalReward:3888.4097076159483
ETask 74-74: Configuration:7 Energy:49.081183454394 Reward:-49.081183454394 Raw:49.081183454394 Time:32524 TotalReward:3937.490891070342
ETask 75-75: Configuration:7 Energy:49.526190667799995 Reward:-49.526190667799995 Raw:49.526190667799995 Time:32525 TotalReward:3987.017081738142
ETask 76-76: Configuration:7 Energy:49.92182031819199 Reward:-49.92182031819199 Raw:49.92182031819199 Time:32527 TotalReward:4036.9389020563344
ETask 77-77: Configuration:7 Energy:50.23159626408 Reward:-50.23159626408 Raw:50.23159626408 Time:32529 TotalReward:4087.1704983204145
ETask 78-78: Configuration:7 Energy:49.448573064917994 Reward:-49.448573064917994 Raw:49.448573064917994 Time:32532 TotalReward:4136.619071385332
ETask 79-79: Configuration:7 Energy:82.15826407829302 Reward:-82.15826407829302 Raw:82.15826407829302 Time:32506 TotalReward:4218.777335463625
ETask 80-80: Configuration:7 Energy:42.675355151793 Reward:-42.675355151793 Raw:42.675355151793 Time:32502 TotalReward:4261.452690615418
ETask 81-81: Configuration:7 Energy:31.892605976389998 Reward:-31.892605976389998 Raw:31.892605976389998 Time:32507 TotalReward:4293.345296591808
ETask 82-82: Configuration:7 Energy:31.620805484751997 Reward:-31.620805484751997 Raw:31.620805484751997 Time:32515 TotalReward:4324.96610207656
ETask 83-83: Configuration:7 Energy:31.648411717244997 Reward:-31.648411717244997 Raw:31.648411717244997 Time:32504 TotalReward:4356.614513793805
ETask 84-84: Configuration:7 Energy:31.921037749316994 Reward:-31.921037749316994 Raw:31.921037749316994 Time:32529 TotalReward:4388.535551543122
ETask 85-85: Configuration:7 Energy:39.84419877143999 Reward:-39.84419877143999 Raw:39.84419877143999 Time:32504 TotalReward:4428.3797503145615
ETask 86-86: Configuration:7 Energy:32.028339602699994 Reward:-32.028339602699994 Raw:32.028339602699994 Time:32511 TotalReward:4460.408089917261
ETask 87-87: Configuration:7 Energy:51.840472641012 Reward:-51.840472641012 Raw:51.840472641012 Time:32510 TotalReward:4512.248562558273
ETask 88-88: Configuration:7 Energy:35.138649236069995 Reward:-35.138649236069995 Raw:35.138649236069995 Time:32515 TotalReward:4547.387211794343
ETask 89-89: Configuration:7 Energy:36.45480408349199 Reward:-36.45480408349199 Raw:36.45480408349199 Time:32511 TotalReward:4583.8420158778345
ETask 90-90: Configuration:7 Energy:35.460741508923995 Reward:-35.460741508923995 Raw:35.460741508923995 Time:32508 TotalReward:4619.3027573867585
ETask 91-91: Configuration:7 Energy:41.712131601121996 Reward:-41.712131601121996 Raw:41.712131601121996 Time:32510 TotalReward:4661.01488898788
ETask 92-92: Configuration:7 Energy:33.68418116179 Reward:-33.68418116179 Raw:33.68418116179 Time:32515 TotalReward:4694.69907014967
ETask 93-93: Configuration:7 Energy:32.321316555066 Reward:-32.321316555066 Raw:32.321316555066 Time:32513 TotalReward:4727.020386704736
ETask 94-94: Configuration:7 Energy:33.537214833928005 Reward:-33.537214833928005 Raw:33.537214833928005 Time:32516 TotalReward:4760.557601538664
ETask 95-95: Configuration:7 Energy:51.29669976424 Reward:-51.29669976424 Raw:51.29669976424 Time:32506 TotalReward:4811.854301302904
ETask 96-96: Configuration:7 Energy:112.751274714408 Reward:-112.751274714408 Raw:112.751274714408 Time:32508 TotalReward:4924.605576017312
ETask 97-97: Configuration:7 Energy:49.88944555056 Reward:-49.88944555056 Raw:49.88944555056 Time:32520 TotalReward:4974.495021567872
ETask 98-98: Configuration:7 Energy:127.55008516021202 Reward:-127.55008516021202 Raw:127.55008516021202 Time:32508 TotalReward:5102.045106728084
ETask 99-99: Configuration:7 Energy:36.339675203832 Reward:-36.339675203832 Raw:36.339675203832 Time:32530 TotalReward:5138.384781931915
ETask 100-100: Configuration:7 Energy:101.96758983576001 Reward:-101.96758983576001 Raw:101.96758983576001 Time:32518 TotalReward:5240.352371767675
ETask 101-101: Configuration:7 Energy:47.15683307148001 Reward:-47.15683307148001 Raw:47.15683307148001 Time:32526 TotalReward:5287.509204839155
ETask 102-102: Configuration:7 Energy:32.58344703042 Reward:-32.58344703042 Raw:32.58344703042 Time:32534 TotalReward:5320.092651869575
ETask 103-103: Configuration:7 Energy:41.439645042048 Reward:-41.439645042048 Raw:41.439645042048 Time:32511 TotalReward:5361.532296911623
ETask 104-104: Configuration:7 Energy:94.036053573 Reward:-94.036053573 Raw:94.036053573 Time:32521 TotalReward:5455.568350484623
ETask 105-105: Configuration:7 Energy:99.268897911612 Reward:-99.268897911612 Raw:99.268897911612 Time:32512 TotalReward:5554.837248396235
ETask 106-106: Configuration:7 Energy:71.027635672448 Reward:-71.027635672448 Raw:71.027635672448 Time:32511 TotalReward:5625.864884068683
ETask 107-107: Configuration:7 Energy:31.89929432326 Reward:-31.89929432326 Raw:31.89929432326 Time:32511 TotalReward:5657.764178391943
ETask 108-108: Configuration:7 Energy:33.56951395429 Reward:-33.56951395429 Raw:33.56951395429 Time:32520 TotalReward:5691.333692346233
ETask 109-109: Configuration:7 Energy:35.833602374117994 Reward:-35.833602374117994 Raw:35.833602374117994 Time:32520 TotalReward:5727.167294720351
ETask 110-110: Configuration:7 Energy:43.161270061338 Reward:-43.161270061338 Raw:43.161270061338 Time:32513 TotalReward:5770.328564781688
ETask 111-111: Configuration:7 Energy:42.796598726259994 Reward:-42.796598726259994 Raw:42.796598726259994 Time:32509 TotalReward:5813.125163507948
ETask 112-112: Configuration:7 Energy:35.996075057952 Reward:-35.996075057952 Raw:35.996075057952 Time:32526 TotalReward:5849.1212385659
ETask 113-113: Configuration:7 Energy:45.21137514729599 Reward:-45.21137514729599 Raw:45.21137514729599 Time:32516 TotalReward:5894.332613713196
ETask 114-114: Configuration:7 Energy:37.883568670319995 Reward:-37.883568670319995 Raw:37.883568670319995 Time:32524 TotalReward:5932.216182383516
ETask 115-115: Configuration:7 Energy:50.829130910687994 Reward:-50.829130910687994 Raw:50.829130910687994 Time:32522 TotalReward:5983.045313294204
ETask 116-116: Configuration:7 Energy:60.095695212087996 Reward:-60.095695212087996 Raw:60.095695212087996 Time:32516 TotalReward:6043.141008506292
ETask 117-117: Configuration:7 Energy:65.89477803389 Reward:-65.89477803389 Raw:65.89477803389 Time:32507 TotalReward:6109.035786540182
ETask 118-118: Configuration:7 Energy:50.25767349889 Reward:-50.25767349889 Raw:50.25767349889 Time:32511 TotalReward:6159.293460039072
ETask 119-119: Configuration:7 Energy:35.138744070647995 Reward:-35.138744070647995 Raw:35.138744070647995 Time:32506 TotalReward:6194.432204109719
ETask 120-120: Configuration:7 Energy:31.832075241351994 Reward:-31.832075241351994 Raw:31.832075241351994 Time:32531 TotalReward:6226.264279351071
ETask 121-121: Configuration:7 Energy:32.631754458813994 Reward:-32.631754458813994 Raw:32.631754458813994 Time:32511 TotalReward:6258.896033809885
ETask 122-122: Configuration:7 Energy:31.967852512407998 Reward:-31.967852512407998 Raw:31.967852512407998 Time:32513 TotalReward:6290.863886322293
ETask 123-123: Configuration:7 Energy:79.69811830302399 Reward:-79.69811830302399 Raw:79.69811830302399 Time:32522 TotalReward:6370.562004625317
ETask 124-124: Configuration:7 Energy:39.062520006944006 Reward:-39.062520006944006 Raw:39.062520006944006 Time:32510 TotalReward:6409.6245246322615
ETask 125-125: Configuration:7 Energy:105.60354987664999 Reward:-105.60354987664999 Raw:105.60354987664999 Time:32511 TotalReward:6515.228074508911
ERun: Time:4068455
==END-RUN 0==
==ROUND-END==
STOKE: Config: 0 - Knobs: {interval:10000 priority:104 sensor-configuration:1 batch:5 }  | -- on:2 reward:-48.3810
STOKE: Config: 1 - Knobs: {interval:1000 priority:104 sensor-configuration:1 batch:5 }  | -- on:2 reward:-59.0060
STOKE: Config: 2 - Knobs: {interval:500 priority:104 sensor-configuration:1 batch:5 }  | -- on:2 reward:-48.2538
STOKE: Config: 3 - Knobs: {interval:10000 priority:100 sensor-configuration:1 batch:5 }  | -- on:2 reward:-38.7788
STOKE: Config: 4 - Knobs: {interval:1000 priority:100 sensor-configuration:1 batch:5 }  | -- on:2 reward:-64.8829
STOKE: Config: 5 - Knobs: {interval:500 priority:100 sensor-configuration:1 batch:5 }  | -- on:2 reward:-102.0560
STOKE: Config: 6 - Knobs: {interval:10000 priority:104 sensor-configuration:1 batch:1 }  | -- on:2 reward:-35.8880
STOKE: Config: 7 - Knobs: {interval:1000 priority:104 sensor-configuration:1 batch:1 }  | -- on:2 reward:-34.9822
STOKE: Config: 8 - Knobs: {interval:500 priority:104 sensor-configuration:1 batch:1 }  | -- on:2 reward:-41.4212
STOKE: Config: 9 - Knobs: {interval:10000 priority:100 sensor-configuration:1 batch:1 }  | -- on:2 reward:-109.6046
STOKE: Config: 10 - Knobs: {interval:1000 priority:100 sensor-configuration:1 batch:1 }  | -- on:2 reward:-102.0508
STOKE: Config: 11 - Knobs: {interval:500 priority:100 sensor-configuration:1 batch:1 }  | -- on:2 reward:-108.1445
