==RUN 0==
Bandit Runs:1 Tasks-in-Run:100
Self-Optimizer Rounds:0 Tasks-in-Round:0
Continuous Knob Rounds:Inf Tasks-in-Round:0
STOKE: Start Bat: 0.780000
ETask 1-1: Configuration:0 Energy:36.37120837095901 Reward:-36.37120837095901 Raw:36.37120837095901 Time:32517 TotalReward:36.37120837095901
ETask 2-2: Configuration:0 Energy:37.133653037436 Reward:-37.133653037436 Raw:37.133653037436 Time:32506 TotalReward:73.50486140839502
ETask 3-3: Configuration:1 Energy:113.74628277378598 Reward:-113.74628277378598 Raw:113.74628277378598 Time:32521 TotalReward:187.251144182181
ETask 4-4: Configuration:1 Energy:81.28836338524201 Reward:-81.28836338524201 Raw:81.28836338524201 Time:32503 TotalReward:268.539507567423
ETask 5-5: Configuration:2 Energy:86.374484730184 Reward:-86.374484730184 Raw:86.374484730184 Time:32534 TotalReward:354.913992297607
ETask 6-6: Configuration:2 Energy:91.71850560474799 Reward:-91.71850560474799 Raw:91.71850560474799 Time:32502 TotalReward:446.632497902355
ETask 7-7: Configuration:3 Energy:37.145299849944 Reward:-37.145299849944 Raw:37.145299849944 Time:32578 TotalReward:483.777797752299
ETask 8-8: Configuration:3 Energy:49.746999062585004 Reward:-49.746999062585004 Raw:49.746999062585004 Time:32505 TotalReward:533.524796814884
ETask 9-9: Configuration:4 Energy:51.91736708235 Reward:-51.91736708235 Raw:51.91736708235 Time:32526 TotalReward:585.442163897234
ETask 10-10: Configuration:4 Energy:64.216879374948 Reward:-64.216879374948 Raw:64.216879374948 Time:32510 TotalReward:649.659043272182
ETask 11-11: Configuration:5 Energy:64.986570509206 Reward:-64.986570509206 Raw:64.986570509206 Time:32532 TotalReward:714.645613781388
ETask 12-12: Configuration:5 Energy:41.264005995474 Reward:-41.264005995474 Raw:41.264005995474 Time:32512 TotalReward:755.909619776862
ETask 13-13: Configuration:6 Energy:30.811297491570002 Reward:-30.811297491570002 Raw:30.811297491570002 Time:32564 TotalReward:786.720917268432
ETask 14-14: Configuration:6 Energy:35.442545158655996 Reward:-35.442545158655996 Raw:35.442545158655996 Time:32510 TotalReward:822.163462427088
ETask 15-15: Configuration:7 Energy:86.550634189488 Reward:-86.550634189488 Raw:86.550634189488 Time:32531 TotalReward:908.714096616576
ETask 16-16: Configuration:7 Energy:33.463781833056 Reward:-33.463781833056 Raw:33.463781833056 Time:32508 TotalReward:942.177878449632
ETask 17-17: Configuration:8 Energy:41.183138564028 Reward:-41.183138564028 Raw:41.183138564028 Time:32546 TotalReward:983.36101701366
ETask 18-18: Configuration:8 Energy:30.394789404306 Reward:-30.394789404306 Raw:30.394789404306 Time:32515 TotalReward:1013.755806417966
ETask 19-19: Configuration:9 Energy:38.240081075484 Reward:-38.240081075484 Raw:38.240081075484 Time:32553 TotalReward:1051.99588749345
ETask 20-20: Configuration:9 Energy:36.02807914314 Reward:-36.02807914314 Raw:36.02807914314 Time:32504 TotalReward:1088.02396663659
ETask 21-21: Configuration:10 Energy:98.6048877759 Reward:-98.6048877759 Raw:98.6048877759 Time:32524 TotalReward:1186.62885441249
ETask 22-22: Configuration:10 Energy:85.14141361053302 Reward:-85.14141361053302 Raw:85.14141361053302 Time:32506 TotalReward:1271.770268023023
ETask 23-23: Configuration:11 Energy:91.29733603488403 Reward:-91.29733603488403 Raw:91.29733603488403 Time:32528 TotalReward:1363.067604057907
ETask 24-24: Configuration:11 Energy:83.390959914597 Reward:-83.390959914597 Raw:83.390959914597 Time:32504 TotalReward:1446.458563972504
ETask 25-25: Configuration:6 Energy:30.815341345572 Reward:-30.815341345572 Raw:30.815341345572 Time:32543 TotalReward:1477.273905318076
ETask 26-26: Configuration:6 Energy:30.583269329402004 Reward:-30.583269329402004 Raw:30.583269329402004 Time:32520 TotalReward:1507.857174647478
ETask 27-27: Configuration:6 Energy:30.270319002548003 Reward:-30.270319002548003 Raw:30.270319002548003 Time:32525 TotalReward:1538.1274936500258
ETask 28-28: Configuration:6 Energy:30.99387246095 Reward:-30.99387246095 Raw:30.99387246095 Time:32524 TotalReward:1569.121366110976
ETask 29-29: Configuration:6 Energy:58.615685016427 Reward:-58.615685016427 Raw:58.615685016427 Time:32525 TotalReward:1627.737051127403
ETask 30-30: Configuration:6 Energy:54.324592043512 Reward:-54.324592043512 Raw:54.324592043512 Time:32534 TotalReward:1682.061643170915
ETask 31-31: Configuration:6 Energy:49.50609909784 Reward:-49.50609909784 Raw:49.50609909784 Time:32531 TotalReward:1731.567742268755
ETask 32-32: Configuration:6 Energy:105.51631668348 Reward:-105.51631668348 Raw:105.51631668348 Time:32512 TotalReward:1837.084058952235
ETask 33-33: Configuration:6 Energy:36.480572950205996 Reward:-36.480572950205996 Raw:36.480572950205996 Time:32508 TotalReward:1873.5646319024409
ETask 34-34: Configuration:6 Energy:43.134763862511996 Reward:-43.134763862511996 Raw:43.134763862511996 Time:32515 TotalReward:1916.699395764953
ETask 35-35: Configuration:6 Energy:40.5611023531 Reward:-40.5611023531 Raw:40.5611023531 Time:32515 TotalReward:1957.260498118053
ETask 36-36: Configuration:6 Energy:43.335219203136 Reward:-43.335219203136 Raw:43.335219203136 Time:32520 TotalReward:2000.5957173211889
ETask 37-37: Configuration:6 Energy:83.349459663134 Reward:-83.349459663134 Raw:83.349459663134 Time:32513 TotalReward:2083.945176984323
ETask 38-38: Configuration:6 Energy:40.470845561684996 Reward:-40.470845561684996 Raw:40.470845561684996 Time:32504 TotalReward:2124.416022546008
ETask 39-39: Configuration:6 Energy:80.88271972552799 Reward:-80.88271972552799 Raw:80.88271972552799 Time:32521 TotalReward:2205.2987422715364
ETask 40-40: Configuration:6 Energy:36.386174249039996 Reward:-36.386174249039996 Raw:36.386174249039996 Time:32510 TotalReward:2241.6849165205763
ETask 41-41: Configuration:6 Energy:36.142374500399995 Reward:-36.142374500399995 Raw:36.142374500399995 Time:32524 TotalReward:2277.827291020976
ETask 42-42: Configuration:6 Energy:39.180383780706 Reward:-39.180383780706 Raw:39.180383780706 Time:32516 TotalReward:2317.0076748016822
ETask 43-43: Configuration:6 Energy:36.32346864531 Reward:-36.32346864531 Raw:36.32346864531 Time:32507 TotalReward:2353.3311434469924
ETask 44-44: Configuration:6 Energy:36.38170118072 Reward:-36.38170118072 Raw:36.38170118072 Time:32505 TotalReward:2389.7128446277125
ETask 45-45: Configuration:6 Energy:36.769790023365 Reward:-36.769790023365 Raw:36.769790023365 Time:32519 TotalReward:2426.4826346510777
ETask 46-46: Configuration:6 Energy:36.8301627516 Reward:-36.8301627516 Raw:36.8301627516 Time:32504 TotalReward:2463.3127974026775
ETask 47-47: Configuration:6 Energy:36.555088345445995 Reward:-36.555088345445995 Raw:36.555088345445995 Time:32510 TotalReward:2499.8678857481236
ETask 48-48: Configuration:6 Energy:39.015798610446 Reward:-39.015798610446 Raw:39.015798610446 Time:32511 TotalReward:2538.8836843585696
ETask 49-49: Configuration:6 Energy:49.59346696305 Reward:-49.59346696305 Raw:49.59346696305 Time:32501 TotalReward:2588.4771513216197
ETask 50-50: Configuration:6 Energy:138.16886005712496 Reward:-138.16886005712496 Raw:138.16886005712496 Time:32508 TotalReward:2726.646011378745
ETask 51-51: Configuration:6 Energy:52.143929881055996 Reward:-52.143929881055996 Raw:52.143929881055996 Time:32519 TotalReward:2778.789941259801
ETask 52-52: Configuration:6 Energy:98.87413953032998 Reward:-98.87413953032998 Raw:98.87413953032998 Time:32511 TotalReward:2877.664080790131
ETask 53-53: Configuration:6 Energy:63.2414054705 Reward:-63.2414054705 Raw:63.2414054705 Time:32503 TotalReward:2940.905486260631
ETask 54-54: Configuration:6 Energy:38.769200803504 Reward:-38.769200803504 Raw:38.769200803504 Time:32506 TotalReward:2979.674687064135
ETask 55-55: Configuration:6 Energy:37.090193653097 Reward:-37.090193653097 Raw:37.090193653097 Time:32504 TotalReward:3016.764880717232
ETask 56-56: Configuration:6 Energy:36.388205071568 Reward:-36.388205071568 Raw:36.388205071568 Time:32512 TotalReward:3053.1530857887997
ETask 57-57: Configuration:6 Energy:49.718656481284995 Reward:-49.718656481284995 Raw:49.718656481284995 Time:32503 TotalReward:3102.8717422700847
ETask 58-58: Configuration:6 Energy:47.773977147287994 Reward:-47.773977147287994 Raw:47.773977147287994 Time:32509 TotalReward:3150.6457194173727
ETask 59-59: Configuration:6 Energy:38.68305747167399 Reward:-38.68305747167399 Raw:38.68305747167399 Time:32511 TotalReward:3189.328776889047
ETask 60-60: Configuration:6 Energy:36.490584330948 Reward:-36.490584330948 Raw:36.490584330948 Time:32511 TotalReward:3225.819361219995
ETask 61-61: Configuration:6 Energy:36.25232914345499 Reward:-36.25232914345499 Raw:36.25232914345499 Time:32511 TotalReward:3262.0716903634498
ETask 62-62: Configuration:6 Energy:39.53610877181 Reward:-39.53610877181 Raw:39.53610877181 Time:32506 TotalReward:3301.60779913526
ETask 63-63: Configuration:6 Energy:51.112600147963995 Reward:-51.112600147963995 Raw:51.112600147963995 Time:32510 TotalReward:3352.7203992832237
ETask 64-64: Configuration:6 Energy:40.276238080032 Reward:-40.276238080032 Raw:40.276238080032 Time:32514 TotalReward:3392.9966373632556
ETask 65-65: Configuration:6 Energy:36.256786168706995 Reward:-36.256786168706995 Raw:36.256786168706995 Time:32514 TotalReward:3429.2534235319627
ETask 66-66: Configuration:6 Energy:76.395351162593 Reward:-76.395351162593 Raw:76.395351162593 Time:32507 TotalReward:3505.648774694556
ETask 67-67: Configuration:6 Energy:47.287353572695 Reward:-47.287353572695 Raw:47.287353572695 Time:32518 TotalReward:3552.9361282672508
ETask 68-68: Configuration:6 Energy:36.034722508528006 Reward:-36.034722508528006 Raw:36.034722508528006 Time:32507 TotalReward:3588.9708507757787
ETask 69-69: Configuration:6 Energy:36.282532551056 Reward:-36.282532551056 Raw:36.282532551056 Time:32503 TotalReward:3625.253383326835
ETask 70-70: Configuration:6 Energy:37.04583385958399 Reward:-37.04583385958399 Raw:37.04583385958399 Time:32508 TotalReward:3662.299217186419
ETask 71-71: Configuration:6 Energy:37.947433005328 Reward:-37.947433005328 Raw:37.947433005328 Time:32512 TotalReward:3700.246650191747
ETask 72-72: Configuration:6 Energy:62.42464263728 Reward:-62.42464263728 Raw:62.42464263728 Time:32512 TotalReward:3762.671292829027
ETask 73-73: Configuration:6 Energy:52.027022041896 Reward:-52.027022041896 Raw:52.027022041896 Time:32512 TotalReward:3814.6983148709232
ETask 74-74: Configuration:6 Energy:51.448827381423996 Reward:-51.448827381423996 Raw:51.448827381423996 Time:32506 TotalReward:3866.1471422523473
ETask 75-75: Configuration:6 Energy:52.230792985536 Reward:-52.230792985536 Raw:52.230792985536 Time:32508 TotalReward:3918.3779352378833
ETask 76-76: Configuration:6 Energy:41.154430256367995 Reward:-41.154430256367995 Raw:41.154430256367995 Time:32525 TotalReward:3959.5323654942513
ETask 77-77: Configuration:6 Energy:45.310961060288 Reward:-45.310961060288 Raw:45.310961060288 Time:32503 TotalReward:4004.843326554539
ETask 78-78: Configuration:6 Energy:40.418250447211996 Reward:-40.418250447211996 Raw:40.418250447211996 Time:32516 TotalReward:4045.261577001751
ETask 79-79: Configuration:6 Energy:77.83559596714 Reward:-77.83559596714 Raw:77.83559596714 Time:32504 TotalReward:4123.097172968891
ETask 80-80: Configuration:6 Energy:87.17821040181 Reward:-87.17821040181 Raw:87.17821040181 Time:32513 TotalReward:4210.275383370701
ETask 81-81: Configuration:6 Energy:37.491945554558 Reward:-37.491945554558 Raw:37.491945554558 Time:32504 TotalReward:4247.767328925259
ETask 82-82: Configuration:6 Energy:40.69851898834799 Reward:-40.69851898834799 Raw:40.69851898834799 Time:32507 TotalReward:4288.465847913607
ETask 83-83: Configuration:6 Energy:37.258013808456006 Reward:-37.258013808456006 Raw:37.258013808456006 Time:32509 TotalReward:4325.723861722063
ETask 84-84: Configuration:6 Energy:36.65909675814 Reward:-36.65909675814 Raw:36.65909675814 Time:32512 TotalReward:4362.382958480202
ETask 85-85: Configuration:6 Energy:36.120103503888 Reward:-36.120103503888 Raw:36.120103503888 Time:32502 TotalReward:4398.50306198409
ETask 86-86: Configuration:6 Energy:36.962589239466 Reward:-36.962589239466 Raw:36.962589239466 Time:32508 TotalReward:4435.465651223556
ETask 87-87: Configuration:6 Energy:36.283639168170005 Reward:-36.283639168170005 Raw:36.283639168170005 Time:32508 TotalReward:4471.749290391726
ETask 88-88: Configuration:6 Energy:36.877724330976 Reward:-36.877724330976 Raw:36.877724330976 Time:32523 TotalReward:4508.627014722702
ETask 89-89: Configuration:6 Energy:36.47060935245 Reward:-36.47060935245 Raw:36.47060935245 Time:32503 TotalReward:4545.097624075152
ETask 90-90: Configuration:6 Energy:40.3934842575 Reward:-40.3934842575 Raw:40.3934842575 Time:32518 TotalReward:4585.491108332652
ETask 91-91: Configuration:6 Energy:40.546540195919995 Reward:-40.546540195919995 Raw:40.546540195919995 Time:32510 TotalReward:4626.037648528572
ETask 92-92: Configuration:6 Energy:50.871416092733995 Reward:-50.871416092733995 Raw:50.871416092733995 Time:32508 TotalReward:4676.909064621306
ETask 93-93: Configuration:6 Energy:101.18553073632 Reward:-101.18553073632 Raw:101.18553073632 Time:32503 TotalReward:4778.0945953576265
ETask 94-94: Configuration:6 Energy:52.09853897476801 Reward:-52.09853897476801 Raw:52.09853897476801 Time:32508 TotalReward:4830.193134332395
ETask 95-95: Configuration:6 Energy:54.146551885664 Reward:-54.146551885664 Raw:54.146551885664 Time:32508 TotalReward:4884.339686218059
ETask 96-96: Configuration:6 Energy:51.824253304656 Reward:-51.824253304656 Raw:51.824253304656 Time:32512 TotalReward:4936.163939522715
ETask 97-97: Configuration:6 Energy:52.088874398303986 Reward:-52.088874398303986 Raw:52.088874398303986 Time:32504 TotalReward:4988.252813921019
ETask 98-98: Configuration:6 Energy:36.922258211232 Reward:-36.922258211232 Raw:36.922258211232 Time:32506 TotalReward:5025.1750721322505
ETask 99-99: Configuration:6 Energy:45.07470669325001 Reward:-45.07470669325001 Raw:45.07470669325001 Time:32511 TotalReward:5070.2497788255005
ETask 100-100: Configuration:6 Energy:36.54083959728 Reward:-36.54083959728 Raw:36.54083959728 Time:32513 TotalReward:5106.79061842278
ETask 101-101: Configuration:6 Energy:39.68086133551999 Reward:-39.68086133551999 Raw:39.68086133551999 Time:32503 TotalReward:5146.4714797583
ETask 102-102: Configuration:6 Energy:36.262321029795 Reward:-36.262321029795 Raw:36.262321029795 Time:32507 TotalReward:5182.733800788095
ETask 103-103: Configuration:6 Energy:39.268892844264 Reward:-39.268892844264 Raw:39.268892844264 Time:32505 TotalReward:5222.002693632359
ETask 104-104: Configuration:6 Energy:50.529476855898004 Reward:-50.529476855898004 Raw:50.529476855898004 Time:32526 TotalReward:5272.532170488257
ETask 105-105: Configuration:6 Energy:40.138605048387 Reward:-40.138605048387 Raw:40.138605048387 Time:32510 TotalReward:5312.670775536644
ETask 106-106: Configuration:6 Energy:93.205867663263 Reward:-93.205867663263 Raw:93.205867663263 Time:32508 TotalReward:5405.876643199907
ETask 107-107: Configuration:6 Energy:89.10208967039998 Reward:-89.10208967039998 Raw:89.10208967039998 Time:32511 TotalReward:5494.978732870308
ETask 108-108: Configuration:6 Energy:79.95901655807998 Reward:-79.95901655807998 Raw:79.95901655807998 Time:32514 TotalReward:5574.937749428388
ETask 109-109: Configuration:6 Energy:62.82117063936 Reward:-62.82117063936 Raw:62.82117063936 Time:32504 TotalReward:5637.7589200677485
ETask 110-110: Configuration:6 Energy:36.767632469759995 Reward:-36.767632469759995 Raw:36.767632469759995 Time:32519 TotalReward:5674.526552537509
ETask 111-111: Configuration:6 Energy:38.01229067519999 Reward:-38.01229067519999 Raw:38.01229067519999 Time:32511 TotalReward:5712.538843212709
ETask 112-112: Configuration:6 Energy:36.2292627648 Reward:-36.2292627648 Raw:36.2292627648 Time:32515 TotalReward:5748.76810597751
ETask 113-113: Configuration:6 Energy:37.632984615926 Reward:-37.632984615926 Raw:37.632984615926 Time:32506 TotalReward:5786.401090593436
ETask 114-114: Configuration:6 Energy:36.540305115299994 Reward:-36.540305115299994 Raw:36.540305115299994 Time:32508 TotalReward:5822.941395708735
ETask 115-115: Configuration:6 Energy:49.65083184032999 Reward:-49.65083184032999 Raw:49.65083184032999 Time:32511 TotalReward:5872.592227549066
ETask 116-116: Configuration:6 Energy:51.441320669759996 Reward:-51.441320669759996 Raw:51.441320669759996 Time:32507 TotalReward:5924.033548218826
ETask 117-117: Configuration:6 Energy:77.63854942904202 Reward:-77.63854942904202 Raw:77.63854942904202 Time:32508 TotalReward:6001.672097647867
ETask 118-118: Configuration:6 Energy:58.088555996855995 Reward:-58.088555996855995 Raw:58.088555996855995 Time:32509 TotalReward:6059.760653644723
ETask 119-119: Configuration:6 Energy:40.280162681304006 Reward:-40.280162681304006 Raw:40.280162681304006 Time:32512 TotalReward:6100.040816326027
ETask 120-120: Configuration:6 Energy:96.81076161993602 Reward:-96.81076161993602 Raw:96.81076161993602 Time:32501 TotalReward:6196.851577945963
ETask 121-121: Configuration:6 Energy:77.799812293504 Reward:-77.799812293504 Raw:77.799812293504 Time:32517 TotalReward:6274.651390239467
ETask 122-122: Configuration:6 Energy:36.170789854275995 Reward:-36.170789854275995 Raw:36.170789854275995 Time:32510 TotalReward:6310.822180093744
ETask 123-123: Configuration:6 Energy:80.77399200948 Reward:-80.77399200948 Raw:80.77399200948 Time:32504 TotalReward:6391.596172103224
ETask 124-124: Configuration:6 Energy:42.758420699904 Reward:-42.758420699904 Raw:42.758420699904 Time:32502 TotalReward:6434.354592803127
ETask 125-125: Configuration:6 Energy:40.322867546444 Reward:-40.322867546444 Raw:40.322867546444 Time:32507 TotalReward:6474.677460349571
ERun: Time:4067429
==END-RUN 0==
==ROUND-END==
STOKE: Config: 0 - Knobs: {interval:10000 priority:104 sensor-configuration:1 batch:5 }  | -- on:2 reward:-36.7524
STOKE: Config: 1 - Knobs: {interval:1000 priority:104 sensor-configuration:1 batch:5 }  | -- on:2 reward:-97.5173
STOKE: Config: 2 - Knobs: {interval:500 priority:104 sensor-configuration:1 batch:5 }  | -- on:2 reward:-89.0465
STOKE: Config: 3 - Knobs: {interval:10000 priority:100 sensor-configuration:1 batch:5 }  | -- on:2 reward:-43.4461
STOKE: Config: 4 - Knobs: {interval:1000 priority:100 sensor-configuration:1 batch:5 }  | -- on:2 reward:-58.0671
STOKE: Config: 5 - Knobs: {interval:500 priority:100 sensor-configuration:1 batch:5 }  | -- on:2 reward:-53.1253
STOKE: Config: 6 - Knobs: {interval:10000 priority:104 sensor-configuration:1 batch:1 }  | -- on:2 reward:-33.1269
STOKE: Config: 7 - Knobs: {interval:1000 priority:104 sensor-configuration:1 batch:1 }  | -- on:2 reward:-60.0072
STOKE: Config: 8 - Knobs: {interval:500 priority:104 sensor-configuration:1 batch:1 }  | -- on:2 reward:-35.7890
STOKE: Config: 9 - Knobs: {interval:10000 priority:100 sensor-configuration:1 batch:1 }  | -- on:2 reward:-37.1341
STOKE: Config: 10 - Knobs: {interval:1000 priority:100 sensor-configuration:1 batch:1 }  | -- on:2 reward:-91.8732
STOKE: Config: 11 - Knobs: {interval:500 priority:100 sensor-configuration:1 batch:1 }  | -- on:2 reward:-87.3441
