==RUN 0==
Bandit Runs:1 Tasks-in-Run:100
Self-Optimizer Rounds:0 Tasks-in-Round:0
Continuous Knob Rounds:Inf Tasks-in-Round:0
STOKE: Start Bat: 0.750000
ETask 1-1: Configuration:0 Energy:41.682232419168 Reward:-41.682232419168 Raw:41.682232419168 Time:32510 TotalReward:41.682232419168
ETask 2-2: Configuration:0 Energy:37.829983331624 Reward:-37.829983331624 Raw:37.829983331624 Time:32518 TotalReward:79.512215750792
ETask 3-3: Configuration:1 Energy:38.96332800448 Reward:-38.96332800448 Raw:38.96332800448 Time:32531 TotalReward:118.47554375527199
ETask 4-4: Configuration:1 Energy:40.001561394773 Reward:-40.001561394773 Raw:40.001561394773 Time:32506 TotalReward:158.477105150045
ETask 5-5: Configuration:2 Energy:41.290623713801 Reward:-41.290623713801 Raw:41.290623713801 Time:32522 TotalReward:199.767728863846
ETask 6-6: Configuration:2 Energy:93.194467768732 Reward:-93.194467768732 Raw:93.194467768732 Time:32505 TotalReward:292.962196632578
ETask 7-7: Configuration:3 Energy:42.464662892652 Reward:-42.464662892652 Raw:42.464662892652 Time:32589 TotalReward:335.42685952523004
ETask 8-8: Configuration:3 Energy:40.087767134877005 Reward:-40.087767134877005 Raw:40.087767134877005 Time:32514 TotalReward:375.51462666010707
ETask 9-9: Configuration:4 Energy:57.532777078985994 Reward:-57.532777078985994 Raw:57.532777078985994 Time:32534 TotalReward:433.04740373909306
ETask 10-10: Configuration:4 Energy:54.590550065051 Reward:-54.590550065051 Raw:54.590550065051 Time:32510 TotalReward:487.63795380414405
ETask 11-11: Configuration:5 Energy:44.077428511841994 Reward:-44.077428511841994 Raw:44.077428511841994 Time:32546 TotalReward:531.7153823159861
ETask 12-12: Configuration:5 Energy:38.627334702594005 Reward:-38.627334702594005 Raw:38.627334702594005 Time:32512 TotalReward:570.3427170185801
ETask 13-13: Configuration:6 Energy:57.90538682599 Reward:-57.90538682599 Raw:57.90538682599 Time:32557 TotalReward:628.2481038445701
ETask 14-14: Configuration:6 Energy:49.961918318832 Reward:-49.961918318832 Raw:49.961918318832 Time:32518 TotalReward:678.2100221634021
ETask 15-15: Configuration:7 Energy:51.362870428799994 Reward:-51.362870428799994 Raw:51.362870428799994 Time:32545 TotalReward:729.572892592202
ETask 16-16: Configuration:7 Energy:120.06894016109999 Reward:-120.06894016109999 Raw:120.06894016109999 Time:32502 TotalReward:849.641832753302
ETask 17-17: Configuration:8 Energy:98.73665401370398 Reward:-98.73665401370398 Raw:98.73665401370398 Time:32536 TotalReward:948.3784867670059
ETask 18-18: Configuration:8 Energy:99.85872880115998 Reward:-99.85872880115998 Raw:99.85872880115998 Time:32502 TotalReward:1048.237215568166
ETask 19-19: Configuration:9 Energy:42.753139322459994 Reward:-42.753139322459994 Raw:42.753139322459994 Time:32538 TotalReward:1090.990354890626
ETask 20-20: Configuration:9 Energy:93.144550291296 Reward:-93.144550291296 Raw:93.144550291296 Time:32504 TotalReward:1184.1349051819218
ETask 21-21: Configuration:10 Energy:106.34169889244698 Reward:-106.34169889244698 Raw:106.34169889244698 Time:32528 TotalReward:1290.4766040743689
ETask 22-22: Configuration:10 Energy:99.048022511536 Reward:-99.048022511536 Raw:99.048022511536 Time:32502 TotalReward:1389.5246265859048
ETask 23-23: Configuration:11 Energy:99.364001599252 Reward:-99.364001599252 Raw:99.364001599252 Time:32524 TotalReward:1488.888628185157
ETask 24-24: Configuration:11 Energy:104.323331261448 Reward:-104.323331261448 Raw:104.323331261448 Time:32504 TotalReward:1593.2119594466049
ETask 25-25: Configuration:1 Energy:39.84710413782901 Reward:-39.84710413782901 Raw:39.84710413782901 Time:32562 TotalReward:1633.059063584434
ETask 26-26: Configuration:1 Energy:45.16777858220001 Reward:-45.16777858220001 Raw:45.16777858220001 Time:32522 TotalReward:1678.226842166634
ETask 27-27: Configuration:1 Energy:31.21373608444 Reward:-31.21373608444 Raw:31.21373608444 Time:32540 TotalReward:1709.440578251074
ETask 28-28: Configuration:1 Energy:32.844129966054 Reward:-32.844129966054 Raw:32.844129966054 Time:32504 TotalReward:1742.284708217128
ETask 29-29: Configuration:1 Energy:50.897088326664 Reward:-50.897088326664 Raw:50.897088326664 Time:32509 TotalReward:1793.181796543792
ETask 30-30: Configuration:1 Energy:95.759621570844 Reward:-95.759621570844 Raw:95.759621570844 Time:32505 TotalReward:1888.941418114636
ETask 31-31: Configuration:1 Energy:53.3894823108 Reward:-53.3894823108 Raw:53.3894823108 Time:32510 TotalReward:1942.330900425436
ETask 32-32: Configuration:1 Energy:56.915525302605 Reward:-56.915525302605 Raw:56.915525302605 Time:32508 TotalReward:1999.246425728041
ETask 33-33: Configuration:1 Energy:39.324623434848 Reward:-39.324623434848 Raw:39.324623434848 Time:32504 TotalReward:2038.571049162889
ETask 34-34: Configuration:1 Energy:83.188402803504 Reward:-83.188402803504 Raw:83.188402803504 Time:32511 TotalReward:2121.759451966393
ETask 35-35: Configuration:1 Energy:39.001679079792 Reward:-39.001679079792 Raw:39.001679079792 Time:32508 TotalReward:2160.7611310461853
ETask 36-36: Configuration:1 Energy:39.612289248719996 Reward:-39.612289248719996 Raw:39.612289248719996 Time:32504 TotalReward:2200.3734202949054
ETask 37-37: Configuration:1 Energy:82.58717822206398 Reward:-82.58717822206398 Raw:82.58717822206398 Time:32511 TotalReward:2282.960598516969
ETask 38-38: Configuration:1 Energy:39.529352458036 Reward:-39.529352458036 Raw:39.529352458036 Time:32510 TotalReward:2322.4899509750053
ETask 39-39: Configuration:1 Energy:82.86142937921998 Reward:-82.86142937921998 Raw:82.86142937921998 Time:32503 TotalReward:2405.351380354225
ETask 40-40: Configuration:1 Energy:40.047172091255995 Reward:-40.047172091255995 Raw:40.047172091255995 Time:32510 TotalReward:2445.398552445481
ETask 41-41: Configuration:1 Energy:39.307490839008 Reward:-39.307490839008 Raw:39.307490839008 Time:32505 TotalReward:2484.706043284489
ETask 42-42: Configuration:1 Energy:86.31561432908799 Reward:-86.31561432908799 Raw:86.31561432908799 Time:32509 TotalReward:2571.021657613577
ETask 43-43: Configuration:1 Energy:46.432083117679994 Reward:-46.432083117679994 Raw:46.432083117679994 Time:32510 TotalReward:2617.4537407312573
ETask 44-44: Configuration:1 Energy:103.458823399144 Reward:-103.458823399144 Raw:103.458823399144 Time:32504 TotalReward:2720.9125641304013
ETask 45-45: Configuration:1 Energy:47.98501848428 Reward:-47.98501848428 Raw:47.98501848428 Time:32509 TotalReward:2768.897582614681
ETask 46-46: Configuration:1 Energy:51.48711562394399 Reward:-51.48711562394399 Raw:51.48711562394399 Time:32506 TotalReward:2820.3846982386253
ETask 47-47: Configuration:1 Energy:85.440154444288 Reward:-85.440154444288 Raw:85.440154444288 Time:32505 TotalReward:2905.8248526829134
ETask 48-48: Configuration:1 Energy:58.108171748387996 Reward:-58.108171748387996 Raw:58.108171748387996 Time:32511 TotalReward:2963.9330244313014
ETask 49-49: Configuration:1 Energy:100.62932132300799 Reward:-100.62932132300799 Raw:100.62932132300799 Time:32504 TotalReward:3064.5623457543093
ETask 50-50: Configuration:1 Energy:45.178602148063995 Reward:-45.178602148063995 Raw:45.178602148063995 Time:32511 TotalReward:3109.740947902373
ETask 51-51: Configuration:1 Energy:81.764770764768 Reward:-81.764770764768 Raw:81.764770764768 Time:32508 TotalReward:3191.505718667141
ETask 52-52: Configuration:1 Energy:38.87486913024 Reward:-38.87486913024 Raw:38.87486913024 Time:32505 TotalReward:3230.380587797381
ETask 53-53: Configuration:1 Energy:87.30250707446801 Reward:-87.30250707446801 Raw:87.30250707446801 Time:32512 TotalReward:3317.683094871849
ETask 54-54: Configuration:1 Energy:39.663995261618 Reward:-39.663995261618 Raw:39.663995261618 Time:32509 TotalReward:3357.3470901334667
ETask 55-55: Configuration:1 Energy:40.00066574735 Reward:-40.00066574735 Raw:40.00066574735 Time:32503 TotalReward:3397.3477558808167
ETask 56-56: Configuration:1 Energy:82.673153455088 Reward:-82.673153455088 Raw:82.673153455088 Time:32511 TotalReward:3480.020909335905
ETask 57-57: Configuration:1 Energy:39.52315422437201 Reward:-39.52315422437201 Raw:39.52315422437201 Time:32505 TotalReward:3519.5440635602768
ETask 58-58: Configuration:1 Energy:39.87696125084 Reward:-39.87696125084 Raw:39.87696125084 Time:32512 TotalReward:3559.4210248111167
ETask 59-59: Configuration:1 Energy:39.021324717382 Reward:-39.021324717382 Raw:39.021324717382 Time:32509 TotalReward:3598.4423495284987
ETask 60-60: Configuration:1 Energy:38.85287940912 Reward:-38.85287940912 Raw:38.85287940912 Time:32506 TotalReward:3637.2952289376185
ETask 61-61: Configuration:1 Energy:96.96733630976699 Reward:-96.96733630976699 Raw:96.96733630976699 Time:32512 TotalReward:3734.2625652473853
ETask 62-62: Configuration:1 Energy:54.64077556885199 Reward:-54.64077556885199 Raw:54.64077556885199 Time:32506 TotalReward:3788.9033408162372
ETask 63-63: Configuration:1 Energy:39.018680208981 Reward:-39.018680208981 Raw:39.018680208981 Time:32503 TotalReward:3827.9220210252183
ETask 64-64: Configuration:1 Energy:57.59221374004499 Reward:-57.59221374004499 Raw:57.59221374004499 Time:32509 TotalReward:3885.514234765263
ETask 65-65: Configuration:1 Energy:55.777001267699994 Reward:-55.777001267699994 Raw:55.777001267699994 Time:32508 TotalReward:3941.2912360329633
ETask 66-66: Configuration:1 Energy:97.55932207982399 Reward:-97.55932207982399 Raw:97.55932207982399 Time:32501 TotalReward:4038.8505581127874
ETask 67-67: Configuration:1 Energy:54.864414642953996 Reward:-54.864414642953996 Raw:54.864414642953996 Time:32510 TotalReward:4093.7149727557417
ETask 68-68: Configuration:1 Energy:40.988947482567 Reward:-40.988947482567 Raw:40.988947482567 Time:32505 TotalReward:4134.7039202383085
ETask 69-69: Configuration:1 Energy:38.43128857952999 Reward:-38.43128857952999 Raw:38.43128857952999 Time:32512 TotalReward:4173.135208817838
ETask 70-70: Configuration:1 Energy:80.73256664035199 Reward:-80.73256664035199 Raw:80.73256664035199 Time:32508 TotalReward:4253.86777545819
ETask 71-71: Configuration:1 Energy:38.743817154944 Reward:-38.743817154944 Raw:38.743817154944 Time:32503 TotalReward:4292.611592613134
ETask 72-72: Configuration:1 Energy:38.624154585599996 Reward:-38.624154585599996 Raw:38.624154585599996 Time:32510 TotalReward:4331.235747198734
ETask 73-73: Configuration:1 Energy:82.05347824713598 Reward:-82.05347824713598 Raw:82.05347824713598 Time:32506 TotalReward:4413.28922544587
ETask 74-74: Configuration:1 Energy:39.011780713087994 Reward:-39.011780713087994 Raw:39.011780713087994 Time:32504 TotalReward:4452.301006158958
ETask 75-75: Configuration:1 Energy:83.87997404836798 Reward:-83.87997404836798 Raw:83.87997404836798 Time:32510 TotalReward:4536.180980207327
ETask 76-76: Configuration:1 Energy:42.76364688041599 Reward:-42.76364688041599 Raw:42.76364688041599 Time:32506 TotalReward:4578.944627087742
ETask 77-77: Configuration:1 Energy:52.296639039839995 Reward:-52.296639039839995 Raw:52.296639039839995 Time:32512 TotalReward:4631.241266127582
ETask 78-78: Configuration:1 Energy:87.2289638909 Reward:-87.2289638909 Raw:87.2289638909 Time:32509 TotalReward:4718.470230018482
ETask 79-79: Configuration:1 Energy:39.75361819156 Reward:-39.75361819156 Raw:39.75361819156 Time:32504 TotalReward:4758.223848210042
ETask 80-80: Configuration:1 Energy:61.058421183760004 Reward:-61.058421183760004 Raw:61.058421183760004 Time:32511 TotalReward:4819.282269393802
ETask 81-81: Configuration:1 Energy:39.14554224061 Reward:-39.14554224061 Raw:39.14554224061 Time:32509 TotalReward:4858.427811634412
ETask 82-82: Configuration:1 Energy:56.198221877980004 Reward:-56.198221877980004 Raw:56.198221877980004 Time:32505 TotalReward:4914.6260335123925
ETask 83-83: Configuration:1 Energy:98.93034509058998 Reward:-98.93034509058998 Raw:98.93034509058998 Time:32510 TotalReward:5013.5563786029825
ETask 84-84: Configuration:1 Energy:58.242404748385 Reward:-58.242404748385 Raw:58.242404748385 Time:32506 TotalReward:5071.798783351367
ETask 85-85: Configuration:1 Energy:42.279315094575 Reward:-42.279315094575 Raw:42.279315094575 Time:32504 TotalReward:5114.0780984459425
ETask 86-86: Configuration:1 Energy:43.625092323834 Reward:-43.625092323834 Raw:43.625092323834 Time:32509 TotalReward:5157.7031907697765
ETask 87-87: Configuration:1 Energy:99.652917332592 Reward:-99.652917332592 Raw:99.652917332592 Time:32505 TotalReward:5257.356108102368
ETask 88-88: Configuration:1 Energy:43.62491217950999 Reward:-43.62491217950999 Raw:43.62491217950999 Time:32512 TotalReward:5300.981020281878
ETask 89-89: Configuration:1 Energy:38.81162605584 Reward:-38.81162605584 Raw:38.81162605584 Time:32509 TotalReward:5339.792646337718
ETask 90-90: Configuration:1 Energy:91.544008905888 Reward:-91.544008905888 Raw:91.544008905888 Time:32504 TotalReward:5431.336655243606
ETask 91-91: Configuration:1 Energy:49.2137295936 Reward:-49.2137295936 Raw:49.2137295936 Time:32510 TotalReward:5480.550384837206
ETask 92-92: Configuration:1 Energy:110.605428181248 Reward:-110.605428181248 Raw:110.605428181248 Time:32508 TotalReward:5591.155813018454
ETask 93-93: Configuration:1 Energy:42.047590638144 Reward:-42.047590638144 Raw:42.047590638144 Time:32503 TotalReward:5633.203403656598
ETask 94-94: Configuration:1 Energy:41.52504520819199 Reward:-41.52504520819199 Raw:41.52504520819199 Time:32508 TotalReward:5674.72844886479
ETask 95-95: Configuration:1 Energy:110.11077077691601 Reward:-110.11077077691601 Raw:110.11077077691601 Time:32507 TotalReward:5784.839219641706
ETask 96-96: Configuration:1 Energy:57.160239265583996 Reward:-57.160239265583996 Raw:57.160239265583996 Time:32513 TotalReward:5841.99945890729
ETask 97-97: Configuration:1 Energy:96.82429410926999 Reward:-96.82429410926999 Raw:96.82429410926999 Time:32508 TotalReward:5938.823753016561
ETask 98-98: Configuration:1 Energy:41.969155538856 Reward:-41.969155538856 Raw:41.969155538856 Time:32504 TotalReward:5980.792908555417
ETask 99-99: Configuration:1 Energy:57.801283542911996 Reward:-57.801283542911996 Raw:57.801283542911996 Time:32510 TotalReward:6038.594192098329
ETask 100-100: Configuration:1 Energy:116.07104356083599 Reward:-116.07104356083599 Raw:116.07104356083599 Time:32508 TotalReward:6154.665235659165
ETask 101-101: Configuration:1 Energy:70.54955013396 Reward:-70.54955013396 Raw:70.54955013396 Time:32504 TotalReward:6225.214785793125
ETask 102-102: Configuration:1 Energy:102.155468977884 Reward:-102.155468977884 Raw:102.155468977884 Time:32509 TotalReward:6327.370254771009
ETask 103-103: Configuration:1 Energy:42.66917458689599 Reward:-42.66917458689599 Raw:42.66917458689599 Time:32506 TotalReward:6370.039429357905
ETask 104-104: Configuration:1 Energy:42.516147495695996 Reward:-42.516147495695996 Raw:42.516147495695996 Time:32503 TotalReward:6412.5555768536005
ETask 105-105: Configuration:1 Energy:41.505942987599994 Reward:-41.505942987599994 Raw:41.505942987599994 Time:32507 TotalReward:6454.061519841201
ETask 106-106: Configuration:1 Energy:104.59568990645998 Reward:-104.59568990645998 Raw:104.59568990645998 Time:32505 TotalReward:6558.657209747661
ETask 107-107: Configuration:1 Energy:51.980550260049995 Reward:-51.980550260049995 Raw:51.980550260049995 Time:32511 TotalReward:6610.637760007711
ETask 108-108: Configuration:1 Energy:38.219003258527 Reward:-38.219003258527 Raw:38.219003258527 Time:32510 TotalReward:6648.856763266238
ETask 109-109: Configuration:1 Energy:91.29439294727 Reward:-91.29439294727 Raw:91.29439294727 Time:32503 TotalReward:6740.151156213508
ETask 110-110: Configuration:1 Energy:38.635891791404 Reward:-38.635891791404 Raw:38.635891791404 Time:32511 TotalReward:6778.787048004912
ETask 111-111: Configuration:1 Energy:50.95969313877 Reward:-50.95969313877 Raw:50.95969313877 Time:32507 TotalReward:6829.746741143682
ETask 112-112: Configuration:1 Energy:48.139071638788 Reward:-48.139071638788 Raw:48.139071638788 Time:32506 TotalReward:6877.88581278247
ETask 113-113: Configuration:1 Energy:40.599776984315994 Reward:-40.599776984315994 Raw:40.599776984315994 Time:32510 TotalReward:6918.485589766786
ETask 114-114: Configuration:1 Energy:84.57973150322398 Reward:-84.57973150322398 Raw:84.57973150322398 Time:32504 TotalReward:7003.06532127001
ETask 115-115: Configuration:1 Energy:50.63771064128401 Reward:-50.63771064128401 Raw:50.63771064128401 Time:32509 TotalReward:7053.703031911294
ETask 116-116: Configuration:1 Energy:56.13526271191 Reward:-56.13526271191 Raw:56.13526271191 Time:32509 TotalReward:7109.838294623204
ETask 117-117: Configuration:1 Energy:58.617997944839985 Reward:-58.617997944839985 Raw:58.617997944839985 Time:32503 TotalReward:7168.456292568044
ETask 118-118: Configuration:1 Energy:61.916373509424005 Reward:-61.916373509424005 Raw:61.916373509424005 Time:32512 TotalReward:7230.372666077468
ETask 119-119: Configuration:1 Energy:89.87988571907398 Reward:-89.87988571907398 Raw:89.87988571907398 Time:32506 TotalReward:7320.252551796542
ETask 120-120: Configuration:1 Energy:54.463787481554995 Reward:-54.463787481554995 Raw:54.463787481554995 Time:32504 TotalReward:7374.716339278098
ETask 121-121: Configuration:1 Energy:42.1822898892 Reward:-42.1822898892 Raw:42.1822898892 Time:32507 TotalReward:7416.898629167297
ETask 122-122: Configuration:1 Energy:82.85286748182 Reward:-82.85286748182 Raw:82.85286748182 Time:32506 TotalReward:7499.751496649117
ETask 123-123: Configuration:1 Energy:41.287496924327996 Reward:-41.287496924327996 Raw:41.287496924327996 Time:32502 TotalReward:7541.038993573445
ETask 124-124: Configuration:1 Energy:42.696792625242 Reward:-42.696792625242 Raw:42.696792625242 Time:32505 TotalReward:7583.735786198687
ETask 125-125: Configuration:1 Energy:42.269052145593 Reward:-42.269052145593 Raw:42.269052145593 Time:32505 TotalReward:7626.00483834428
ERun: Time:4067381
==END-RUN 0==
==ROUND-END==
STOKE: Config: 0 - Knobs: {interval:10000 priority:104 sensor-configuration:1 batch:5 }  | -- on:2 reward:-39.7561
STOKE: Config: 1 - Knobs: {interval:1000 priority:104 sensor-configuration:1 batch:5 }  | -- on:2 reward:-39.4824
STOKE: Config: 2 - Knobs: {interval:500 priority:104 sensor-configuration:1 batch:5 }  | -- on:2 reward:-67.2425
STOKE: Config: 3 - Knobs: {interval:10000 priority:100 sensor-configuration:1 batch:5 }  | -- on:2 reward:-41.2762
STOKE: Config: 4 - Knobs: {interval:1000 priority:100 sensor-configuration:1 batch:5 }  | -- on:2 reward:-56.0617
STOKE: Config: 5 - Knobs: {interval:500 priority:100 sensor-configuration:1 batch:5 }  | -- on:2 reward:-41.3524
STOKE: Config: 6 - Knobs: {interval:10000 priority:104 sensor-configuration:1 batch:1 }  | -- on:2 reward:-53.9337
STOKE: Config: 7 - Knobs: {interval:1000 priority:104 sensor-configuration:1 batch:1 }  | -- on:2 reward:-85.7159
STOKE: Config: 8 - Knobs: {interval:500 priority:104 sensor-configuration:1 batch:1 }  | -- on:2 reward:-99.2977
STOKE: Config: 9 - Knobs: {interval:10000 priority:100 sensor-configuration:1 batch:1 }  | -- on:2 reward:-67.9488
STOKE: Config: 10 - Knobs: {interval:1000 priority:100 sensor-configuration:1 batch:1 }  | -- on:2 reward:-102.6949
STOKE: Config: 11 - Knobs: {interval:500 priority:100 sensor-configuration:1 batch:1 }  | -- on:2 reward:-101.8437
