==RUN 0==
Bandit Runs:1 Tasks-in-Run:100
Self-Optimizer Rounds:0 Tasks-in-Round:0
Continuous Knob Rounds:Inf Tasks-in-Round:0
STOKE: Start Bat: 1.000000
ETask 1-1: Configuration:0 Energy:42.594987207810995 Reward:-42.594987207810995 Raw:42.594987207810995 Time:32537 TotalReward:42.594987207810995
ETask 2-2: Configuration:0 Energy:80.18260895519 Reward:-80.18260895519 Raw:80.18260895519 Time:32504 TotalReward:122.777596163001
ETask 3-3: Configuration:1 Energy:74.734048112892 Reward:-74.734048112892 Raw:74.734048112892 Time:32530 TotalReward:197.511644275893
ETask 4-4: Configuration:1 Energy:82.48926565303198 Reward:-82.48926565303198 Raw:82.48926565303198 Time:32502 TotalReward:280.00090992892495
ETask 5-5: Configuration:2 Energy:85.99597167242202 Reward:-85.99597167242202 Raw:85.99597167242202 Time:32537 TotalReward:365.99688160134696
ETask 6-6: Configuration:2 Energy:86.93207681249 Reward:-86.93207681249 Raw:86.93207681249 Time:32505 TotalReward:452.92895841383694
ETask 7-7: Configuration:3 Energy:34.176910411853996 Reward:-34.176910411853996 Raw:34.176910411853996 Time:32573 TotalReward:487.10586882569095
ETask 8-8: Configuration:3 Energy:35.81600269406599 Reward:-35.81600269406599 Raw:35.81600269406599 Time:32507 TotalReward:522.9218715197569
ETask 9-9: Configuration:4 Energy:38.175133585848 Reward:-38.175133585848 Raw:38.175133585848 Time:32537 TotalReward:561.0970051056049
ETask 10-10: Configuration:4 Energy:36.379891977785995 Reward:-36.379891977785995 Raw:36.379891977785995 Time:32509 TotalReward:597.4768970833909
ETask 11-11: Configuration:5 Energy:81.80623372544 Reward:-81.80623372544 Raw:81.80623372544 Time:32545 TotalReward:679.283130808831
ETask 12-12: Configuration:5 Energy:81.387601241688 Reward:-81.387601241688 Raw:81.387601241688 Time:32509 TotalReward:760.670732050519
ETask 13-13: Configuration:6 Energy:31.24796127023 Reward:-31.24796127023 Raw:31.24796127023 Time:32542 TotalReward:791.918693320749
ETask 14-14: Configuration:6 Energy:29.952819522934 Reward:-29.952819522934 Raw:29.952819522934 Time:32545 TotalReward:821.8715128436829
ETask 15-15: Configuration:7 Energy:42.444061786702 Reward:-42.444061786702 Raw:42.444061786702 Time:32549 TotalReward:864.315574630385
ETask 16-16: Configuration:7 Energy:29.790863729956 Reward:-29.790863729956 Raw:29.790863729956 Time:32537 TotalReward:894.1064383603409
ETask 17-17: Configuration:8 Energy:29.991140963430002 Reward:-29.991140963430002 Raw:29.991140963430002 Time:32571 TotalReward:924.0975793237709
ETask 18-18: Configuration:8 Energy:29.998186818077997 Reward:-29.998186818077997 Raw:29.998186818077997 Time:32549 TotalReward:954.0957661418489
ETask 19-19: Configuration:9 Energy:34.485277681743 Reward:-34.485277681743 Raw:34.485277681743 Time:32549 TotalReward:988.5810438235919
ETask 20-20: Configuration:9 Energy:33.791058931185 Reward:-33.791058931185 Raw:33.791058931185 Time:32506 TotalReward:1022.372102754777
ETask 21-21: Configuration:10 Energy:84.31742090045998 Reward:-84.31742090045998 Raw:84.31742090045998 Time:32521 TotalReward:1106.6895236552368
ETask 22-22: Configuration:10 Energy:96.70756807571999 Reward:-96.70756807571999 Raw:96.70756807571999 Time:32503 TotalReward:1203.3970917309568
ETask 23-23: Configuration:11 Energy:122.40294487273499 Reward:-122.40294487273499 Raw:122.40294487273499 Time:32540 TotalReward:1325.8000366036918
ETask 24-24: Configuration:11 Energy:97.48124456545 Reward:-97.48124456545 Raw:97.48124456545 Time:32503 TotalReward:1423.2812811691417
ETask 25-25: Configuration:8 Energy:53.909430319125 Reward:-53.909430319125 Raw:53.909430319125 Time:32573 TotalReward:1477.1907114882667
ETask 26-26: Configuration:8 Energy:49.729742476270005 Reward:-49.729742476270005 Raw:49.729742476270005 Time:32532 TotalReward:1526.9204539645368
ETask 27-27: Configuration:8 Energy:58.091705139380004 Reward:-58.091705139380004 Raw:58.091705139380004 Time:32549 TotalReward:1585.012159103917
ETask 28-28: Configuration:8 Energy:41.745118470570006 Reward:-41.745118470570006 Raw:41.745118470570006 Time:32529 TotalReward:1626.757277574487
ETask 29-29: Configuration:8 Energy:33.080907895440006 Reward:-33.080907895440006 Raw:33.080907895440006 Time:32539 TotalReward:1659.838185469927
ETask 30-30: Configuration:8 Energy:30.803808407400002 Reward:-30.803808407400002 Raw:30.803808407400002 Time:32531 TotalReward:1690.6419938773272
ETask 31-31: Configuration:8 Energy:32.08131053876 Reward:-32.08131053876 Raw:32.08131053876 Time:32503 TotalReward:1722.723304416087
ETask 32-32: Configuration:8 Energy:83.12542139813999 Reward:-83.12542139813999 Raw:83.12542139813999 Time:32505 TotalReward:1805.848725814227
ETask 33-33: Configuration:8 Energy:82.28728215396 Reward:-82.28728215396 Raw:82.28728215396 Time:32502 TotalReward:1888.136007968187
ETask 34-34: Configuration:8 Energy:85.99237392259799 Reward:-85.99237392259799 Raw:85.99237392259799 Time:32503 TotalReward:1974.128381890785
ETask 35-35: Configuration:8 Energy:83.94637446046801 Reward:-83.94637446046801 Raw:83.94637446046801 Time:32502 TotalReward:2058.074756351253
ETask 36-36: Configuration:8 Energy:96.990077249385 Reward:-96.990077249385 Raw:96.990077249385 Time:32503 TotalReward:2155.0648336006384
ETask 37-37: Configuration:8 Energy:83.19599879562298 Reward:-83.19599879562298 Raw:83.19599879562298 Time:32502 TotalReward:2238.2608323962613
ETask 38-38: Configuration:8 Energy:83.075096804304 Reward:-83.075096804304 Raw:83.075096804304 Time:32503 TotalReward:2321.3359292005653
ETask 39-39: Configuration:8 Energy:87.11911876128998 Reward:-87.11911876128998 Raw:87.11911876128998 Time:32503 TotalReward:2408.455047961855
ETask 40-40: Configuration:8 Energy:85.467679007508 Reward:-85.467679007508 Raw:85.467679007508 Time:32504 TotalReward:2493.9227269693633
ETask 41-41: Configuration:8 Energy:84.79968969472 Reward:-84.79968969472 Raw:84.79968969472 Time:32502 TotalReward:2578.7224166640835
ETask 42-42: Configuration:8 Energy:85.10349525035402 Reward:-85.10349525035402 Raw:85.10349525035402 Time:32504 TotalReward:2663.8259119144377
ETask 43-43: Configuration:8 Energy:83.326370187214 Reward:-83.326370187214 Raw:83.326370187214 Time:32503 TotalReward:2747.1522821016515
ETask 44-44: Configuration:8 Energy:79.87547234093 Reward:-79.87547234093 Raw:79.87547234093 Time:32503 TotalReward:2827.0277544425817
ETask 45-45: Configuration:8 Energy:95.56045980553802 Reward:-95.56045980553802 Raw:95.56045980553802 Time:32504 TotalReward:2922.5882142481196
ETask 46-46: Configuration:8 Energy:114.34517537788801 Reward:-114.34517537788801 Raw:114.34517537788801 Time:32502 TotalReward:3036.9333896260077
ETask 47-47: Configuration:8 Energy:100.58876440956001 Reward:-100.58876440956001 Raw:100.58876440956001 Time:32504 TotalReward:3137.522154035568
ETask 48-48: Configuration:8 Energy:112.27712811180001 Reward:-112.27712811180001 Raw:112.27712811180001 Time:32502 TotalReward:3249.7992821473676
ETask 49-49: Configuration:8 Energy:104.54033428167 Reward:-104.54033428167 Raw:104.54033428167 Time:32502 TotalReward:3354.3396164290375
ETask 50-50: Configuration:8 Energy:92.97692193033998 Reward:-92.97692193033998 Raw:92.97692193033998 Time:32503 TotalReward:3447.3165383593773
ETask 51-51: Configuration:8 Energy:90.39075976244999 Reward:-90.39075976244999 Raw:90.39075976244999 Time:32503 TotalReward:3537.707298121827
ETask 52-52: Configuration:8 Energy:89.56514296966 Reward:-89.56514296966 Raw:89.56514296966 Time:32502 TotalReward:3627.272441091487
ETask 53-53: Configuration:8 Energy:87.58404482192 Reward:-87.58404482192 Raw:87.58404482192 Time:32503 TotalReward:3714.856485913407
ETask 54-54: Configuration:8 Energy:104.01761390959999 Reward:-104.01761390959999 Raw:104.01761390959999 Time:32506 TotalReward:3818.8740998230073
ETask 55-55: Configuration:8 Energy:91.69047224148 Reward:-91.69047224148 Raw:91.69047224148 Time:32502 TotalReward:3910.5645720644875
ETask 56-56: Configuration:8 Energy:93.90243287178002 Reward:-93.90243287178002 Raw:93.90243287178002 Time:32502 TotalReward:4004.4670049362676
ETask 57-57: Configuration:8 Energy:111.19020177235998 Reward:-111.19020177235998 Raw:111.19020177235998 Time:32503 TotalReward:4115.657206708627
ETask 58-58: Configuration:8 Energy:85.85725793049998 Reward:-85.85725793049998 Raw:85.85725793049998 Time:32502 TotalReward:4201.514464639127
ETask 59-59: Configuration:8 Energy:84.26947888728 Reward:-84.26947888728 Raw:84.26947888728 Time:32502 TotalReward:4285.783943526407
ETask 60-60: Configuration:8 Energy:85.84520815152 Reward:-85.84520815152 Raw:85.84520815152 Time:32501 TotalReward:4371.6291516779265
ETask 61-61: Configuration:8 Energy:86.75987687640001 Reward:-86.75987687640001 Raw:86.75987687640001 Time:32504 TotalReward:4458.389028554327
ETask 62-62: Configuration:8 Energy:85.14008317152 Reward:-85.14008317152 Raw:85.14008317152 Time:32502 TotalReward:4543.529111725847
ETask 63-63: Configuration:8 Energy:84.91278298104001 Reward:-84.91278298104001 Raw:84.91278298104001 Time:32506 TotalReward:4628.441894706887
ETask 64-64: Configuration:8 Energy:86.23613187456 Reward:-86.23613187456 Raw:86.23613187456 Time:32505 TotalReward:4714.678026581447
ETask 65-65: Configuration:8 Energy:100.96921413667201 Reward:-100.96921413667201 Raw:100.96921413667201 Time:32502 TotalReward:4815.647240718119
ETask 66-66: Configuration:8 Energy:93.12471367735202 Reward:-93.12471367735202 Raw:93.12471367735202 Time:32503 TotalReward:4908.771954395471
ETask 67-67: Configuration:8 Energy:102.37898964482 Reward:-102.37898964482 Raw:102.37898964482 Time:32503 TotalReward:5011.150944040291
ETask 68-68: Configuration:8 Energy:93.97855136296799 Reward:-93.97855136296799 Raw:93.97855136296799 Time:32504 TotalReward:5105.129495403258
ETask 69-69: Configuration:8 Energy:87.06258534329402 Reward:-87.06258534329402 Raw:87.06258534329402 Time:32503 TotalReward:5192.192080746552
ETask 70-70: Configuration:8 Energy:87.833806980472 Reward:-87.833806980472 Raw:87.833806980472 Time:32503 TotalReward:5280.025887727024
ETask 71-71: Configuration:8 Energy:82.33179021194401 Reward:-82.33179021194401 Raw:82.33179021194401 Time:32503 TotalReward:5362.357677938969
ETask 72-72: Configuration:8 Energy:82.565662536525 Reward:-82.565662536525 Raw:82.565662536525 Time:32502 TotalReward:5444.923340475494
ETask 73-73: Configuration:8 Energy:82.07276701926499 Reward:-82.07276701926499 Raw:82.07276701926499 Time:32503 TotalReward:5526.996107494759
ETask 74-74: Configuration:8 Energy:86.53687493524 Reward:-86.53687493524 Raw:86.53687493524 Time:32501 TotalReward:5613.532982429999
ETask 75-75: Configuration:8 Energy:79.07895112383 Reward:-79.07895112383 Raw:79.07895112383 Time:32503 TotalReward:5692.611933553829
ETask 76-76: Configuration:8 Energy:88.719797985732 Reward:-88.719797985732 Raw:88.719797985732 Time:32503 TotalReward:5781.331731539561
ETask 77-77: Configuration:8 Energy:79.199808394356 Reward:-79.199808394356 Raw:79.199808394356 Time:32502 TotalReward:5860.531539933917
ETask 78-78: Configuration:8 Energy:79.257438546075 Reward:-79.257438546075 Raw:79.257438546075 Time:32504 TotalReward:5939.788978479992
ETask 79-79: Configuration:8 Energy:79.10472612756 Reward:-79.10472612756 Raw:79.10472612756 Time:32504 TotalReward:6018.893704607552
ETask 80-80: Configuration:8 Energy:81.12515159268 Reward:-81.12515159268 Raw:81.12515159268 Time:32503 TotalReward:6100.018856200231
ETask 81-81: Configuration:8 Energy:82.97209854414 Reward:-82.97209854414 Raw:82.97209854414 Time:32503 TotalReward:6182.990954744371
ETask 82-82: Configuration:8 Energy:80.315021383275 Reward:-80.315021383275 Raw:80.315021383275 Time:32504 TotalReward:6263.305976127646
ETask 83-83: Configuration:8 Energy:81.76997886848999 Reward:-81.76997886848999 Raw:81.76997886848999 Time:32503 TotalReward:6345.075954996137
ETask 84-84: Configuration:8 Energy:96.62342841567 Reward:-96.62342841567 Raw:96.62342841567 Time:32504 TotalReward:6441.699383411807
ETask 85-85: Configuration:8 Energy:92.773898357866 Reward:-92.773898357866 Raw:92.773898357866 Time:32506 TotalReward:6534.473281769672
ETask 86-86: Configuration:8 Energy:93.10731066728398 Reward:-93.10731066728398 Raw:93.10731066728398 Time:32504 TotalReward:6627.580592436956
ETask 87-87: Configuration:8 Energy:85.88416693628399 Reward:-85.88416693628399 Raw:85.88416693628399 Time:32502 TotalReward:6713.46475937324
ETask 88-88: Configuration:8 Energy:85.56087622115 Reward:-85.56087622115 Raw:85.56087622115 Time:32501 TotalReward:6799.025635594389
ETask 89-89: Configuration:8 Energy:90.323638534334 Reward:-90.323638534334 Raw:90.323638534334 Time:32502 TotalReward:6889.349274128724
ETask 90-90: Configuration:8 Energy:75.31551421980001 Reward:-75.31551421980001 Raw:75.31551421980001 Time:32502 TotalReward:6964.664788348524
ETask 91-91: Configuration:8 Energy:80.50623309252 Reward:-80.50623309252 Raw:80.50623309252 Time:32503 TotalReward:7045.171021441044
ETask 92-92: Configuration:8 Energy:80.520705447925 Reward:-80.520705447925 Raw:80.520705447925 Time:32503 TotalReward:7125.691726888969
ETask 93-93: Configuration:8 Energy:82.59657193870999 Reward:-82.59657193870999 Raw:82.59657193870999 Time:32504 TotalReward:7208.28829882768
ETask 94-94: Configuration:8 Energy:94.982683163706 Reward:-94.982683163706 Raw:94.982683163706 Time:32504 TotalReward:7303.270981991385
ETask 95-95: Configuration:8 Energy:73.69688869264802 Reward:-73.69688869264802 Raw:73.69688869264802 Time:32505 TotalReward:7376.967870684033
ETask 96-96: Configuration:8 Energy:75.96946108540799 Reward:-75.96946108540799 Raw:75.96946108540799 Time:32502 TotalReward:7452.937331769441
ETask 97-97: Configuration:8 Energy:76.67969799754799 Reward:-76.67969799754799 Raw:76.67969799754799 Time:32503 TotalReward:7529.617029766989
ETask 98-98: Configuration:8 Energy:75.05934131620798 Reward:-75.05934131620798 Raw:75.05934131620798 Time:32503 TotalReward:7604.6763710831965
ETask 99-99: Configuration:8 Energy:88.52517322292799 Reward:-88.52517322292799 Raw:88.52517322292799 Time:32503 TotalReward:7693.201544306125
ETask 100-100: Configuration:8 Energy:87.14064735909001 Reward:-87.14064735909001 Raw:87.14064735909001 Time:32503 TotalReward:7780.342191665214
ETask 101-101: Configuration:8 Energy:94.450353926474 Reward:-94.450353926474 Raw:94.450353926474 Time:32504 TotalReward:7874.792545591688
ETask 102-102: Configuration:8 Energy:98.236128720483 Reward:-98.236128720483 Raw:98.236128720483 Time:32502 TotalReward:7973.0286743121715
ETask 103-103: Configuration:8 Energy:104.121574457316 Reward:-104.121574457316 Raw:104.121574457316 Time:32504 TotalReward:8077.150248769487
ETask 104-104: Configuration:8 Energy:82.83999889526399 Reward:-82.83999889526399 Raw:82.83999889526399 Time:32502 TotalReward:8159.990247664751
ETask 105-105: Configuration:8 Energy:83.96142238639999 Reward:-83.96142238639999 Raw:83.96142238639999 Time:32503 TotalReward:8243.95167005115
ETask 106-106: Configuration:8 Energy:85.498973565876 Reward:-85.498973565876 Raw:85.498973565876 Time:32503 TotalReward:8329.450643617027
ETask 107-107: Configuration:8 Energy:87.08990353128002 Reward:-87.08990353128002 Raw:87.08990353128002 Time:32502 TotalReward:8416.540547148306
ETask 108-108: Configuration:8 Energy:97.668466710516 Reward:-97.668466710516 Raw:97.668466710516 Time:32502 TotalReward:8514.209013858823
ETask 109-109: Configuration:8 Energy:85.027811154624 Reward:-85.027811154624 Raw:85.027811154624 Time:32503 TotalReward:8599.236825013446
ETask 110-110: Configuration:8 Energy:83.105184494358 Reward:-83.105184494358 Raw:83.105184494358 Time:32503 TotalReward:8682.342009507804
ETask 111-111: Configuration:8 Energy:89.80531446369602 Reward:-89.80531446369602 Raw:89.80531446369602 Time:32502 TotalReward:8772.1473239715
ETask 112-112: Configuration:8 Energy:89.66008917876002 Reward:-89.66008917876002 Raw:89.66008917876002 Time:32502 TotalReward:8861.80741315026
ETask 113-113: Configuration:8 Energy:99.51657802752 Reward:-99.51657802752 Raw:99.51657802752 Time:32502 TotalReward:8961.32399117778
ETask 114-114: Configuration:8 Energy:88.10692458048001 Reward:-88.10692458048001 Raw:88.10692458048001 Time:32502 TotalReward:9049.43091575826
ETask 115-115: Configuration:8 Energy:84.89737436736002 Reward:-84.89737436736002 Raw:84.89737436736002 Time:32503 TotalReward:9134.328290125619
ETask 116-116: Configuration:8 Energy:85.501409594272 Reward:-85.501409594272 Raw:85.501409594272 Time:32502 TotalReward:9219.82969971989
ETask 117-117: Configuration:8 Energy:90.99714134139398 Reward:-90.99714134139398 Raw:90.99714134139398 Time:32502 TotalReward:9310.826841061284
ETask 118-118: Configuration:8 Energy:101.062819849306 Reward:-101.062819849306 Raw:101.062819849306 Time:32504 TotalReward:9411.88966091059
ETask 119-119: Configuration:8 Energy:100.799232231376 Reward:-100.799232231376 Raw:100.799232231376 Time:32503 TotalReward:9512.688893141967
ETask 120-120: Configuration:8 Energy:109.79916368060599 Reward:-109.79916368060599 Raw:109.79916368060599 Time:32502 TotalReward:9622.488056822573
ETask 121-121: Configuration:8 Energy:99.0713681037 Reward:-99.0713681037 Raw:99.0713681037 Time:32501 TotalReward:9721.559424926272
ETask 122-122: Configuration:8 Energy:91.21229855712 Reward:-91.21229855712 Raw:91.21229855712 Time:32503 TotalReward:9812.771723483393
ETask 123-123: Configuration:8 Energy:89.24175114254699 Reward:-89.24175114254699 Raw:89.24175114254699 Time:32504 TotalReward:9902.01347462594
ETask 124-124: Configuration:8 Energy:84.68678366968 Reward:-84.68678366968 Raw:84.68678366968 Time:32502 TotalReward:9986.70025829562
ETask 125-125: Configuration:8 Energy:85.58072125633599 Reward:-85.58072125633599 Raw:85.58072125633599 Time:32502 TotalReward:10072.280979551955
ERun: Time:4066650
==END-RUN 0==
==ROUND-END==
STOKE: Config: 0 - Knobs: {interval:10000 priority:104 sensor-configuration:1 batch:5 }  | -- on:2 reward:-61.3888
STOKE: Config: 1 - Knobs: {interval:1000 priority:104 sensor-configuration:1 batch:5 }  | -- on:2 reward:-78.6117
STOKE: Config: 2 - Knobs: {interval:500 priority:104 sensor-configuration:1 batch:5 }  | -- on:2 reward:-86.4640
STOKE: Config: 3 - Knobs: {interval:10000 priority:100 sensor-configuration:1 batch:5 }  | -- on:2 reward:-34.9965
STOKE: Config: 4 - Knobs: {interval:1000 priority:100 sensor-configuration:1 batch:5 }  | -- on:2 reward:-37.2775
STOKE: Config: 5 - Knobs: {interval:500 priority:100 sensor-configuration:1 batch:5 }  | -- on:2 reward:-81.5969
STOKE: Config: 6 - Knobs: {interval:10000 priority:104 sensor-configuration:1 batch:1 }  | -- on:2 reward:-30.6004
STOKE: Config: 7 - Knobs: {interval:1000 priority:104 sensor-configuration:1 batch:1 }  | -- on:2 reward:-36.1175
STOKE: Config: 8 - Knobs: {interval:500 priority:104 sensor-configuration:1 batch:1 }  | -- on:2 reward:-29.9947
STOKE: Config: 9 - Knobs: {interval:10000 priority:100 sensor-configuration:1 batch:1 }  | -- on:2 reward:-34.1382
STOKE: Config: 10 - Knobs: {interval:1000 priority:100 sensor-configuration:1 batch:1 }  | -- on:2 reward:-90.5125
STOKE: Config: 11 - Knobs: {interval:500 priority:100 sensor-configuration:1 batch:1 }  | -- on:2 reward:-109.9421
