==RUN 0==
Bandit Runs:1 Tasks-in-Run:100
Self-Optimizer Rounds:0 Tasks-in-Round:0
Continuous Knob Rounds:Inf Tasks-in-Round:0
STOKE: Start Bat: 0.800000
ETask 1-1: Configuration:0 Energy:51.581169159549994 Reward:-51.581169159549994 Raw:51.581169159549994 Time:32509 TotalReward:51.581169159549994
ETask 2-2: Configuration:0 Energy:37.741892612175995 Reward:-37.741892612175995 Raw:37.741892612175995 Time:32521 TotalReward:89.32306177172599
ETask 3-3: Configuration:1 Energy:39.010621909896 Reward:-39.010621909896 Raw:39.010621909896 Time:32524 TotalReward:128.333683681622
ETask 4-4: Configuration:1 Energy:110.97069873003 Reward:-110.97069873003 Raw:110.97069873003 Time:32503 TotalReward:239.304382411652
ETask 5-5: Configuration:2 Energy:101.116651794552 Reward:-101.116651794552 Raw:101.116651794552 Time:32535 TotalReward:340.421034206204
ETask 6-6: Configuration:2 Energy:54.373618025023 Reward:-54.373618025023 Raw:54.373618025023 Time:32507 TotalReward:394.794652231227
ETask 7-7: Configuration:3 Energy:51.29289865943599 Reward:-51.29289865943599 Raw:51.29289865943599 Time:32579 TotalReward:446.087550890663
ETask 8-8: Configuration:3 Energy:47.73605921329499 Reward:-47.73605921329499 Raw:47.73605921329499 Time:32506 TotalReward:493.823610103958
ETask 9-9: Configuration:4 Energy:79.28939479318602 Reward:-79.28939479318602 Raw:79.28939479318602 Time:32536 TotalReward:573.113004897144
ETask 10-10: Configuration:4 Energy:76.818404789828 Reward:-76.818404789828 Raw:76.818404789828 Time:32509 TotalReward:649.9314096869721
ETask 11-11: Configuration:5 Energy:83.08902133224 Reward:-83.08902133224 Raw:83.08902133224 Time:32534 TotalReward:733.0204310192121
ETask 12-12: Configuration:5 Energy:78.66711474639999 Reward:-78.66711474639999 Raw:78.66711474639999 Time:32511 TotalReward:811.6875457656121
ETask 13-13: Configuration:6 Energy:31.356322411007994 Reward:-31.356322411007994 Raw:31.356322411007994 Time:32539 TotalReward:843.0438681766201
ETask 14-14: Configuration:6 Energy:31.984389824051995 Reward:-31.984389824051995 Raw:31.984389824051995 Time:32519 TotalReward:875.028258000672
ETask 15-15: Configuration:7 Energy:46.70229765564 Reward:-46.70229765564 Raw:46.70229765564 Time:32553 TotalReward:921.730555656312
ETask 16-16: Configuration:7 Energy:34.797650031192 Reward:-34.797650031192 Raw:34.797650031192 Time:32539 TotalReward:956.528205687504
ETask 17-17: Configuration:8 Energy:81.17755385452 Reward:-81.17755385452 Raw:81.17755385452 Time:32536 TotalReward:1037.705759542024
ETask 18-18: Configuration:8 Energy:46.960741521592006 Reward:-46.960741521592006 Raw:46.960741521592006 Time:32528 TotalReward:1084.666501063616
ETask 19-19: Configuration:9 Energy:75.840929910111 Reward:-75.840929910111 Raw:75.840929910111 Time:32533 TotalReward:1160.507430973727
ETask 20-20: Configuration:9 Energy:36.944521825584 Reward:-36.944521825584 Raw:36.944521825584 Time:32505 TotalReward:1197.451952799311
ETask 21-21: Configuration:10 Energy:82.11962171809498 Reward:-82.11962171809498 Raw:82.11962171809498 Time:32534 TotalReward:1279.571574517406
ETask 22-22: Configuration:10 Energy:79.08364981168799 Reward:-79.08364981168799 Raw:79.08364981168799 Time:32505 TotalReward:1358.655224329094
ETask 23-23: Configuration:11 Energy:87.43814315191999 Reward:-87.43814315191999 Raw:87.43814315191999 Time:32537 TotalReward:1446.093367481014
ETask 24-24: Configuration:11 Energy:93.86358696701198 Reward:-93.86358696701198 Raw:93.86358696701198 Time:32503 TotalReward:1539.956954448026
ETask 25-25: Configuration:6 Energy:49.39763199227999 Reward:-49.39763199227999 Raw:49.39763199227999 Time:32554 TotalReward:1589.3545864403059
ETask 26-26: Configuration:6 Energy:35.416062980864 Reward:-35.416062980864 Raw:35.416062980864 Time:32520 TotalReward:1624.7706494211698
ETask 27-27: Configuration:6 Energy:33.763700389632 Reward:-33.763700389632 Raw:33.763700389632 Time:32520 TotalReward:1658.5343498108018
ETask 28-28: Configuration:6 Energy:31.6629543447 Reward:-31.6629543447 Raw:31.6629543447 Time:32515 TotalReward:1690.1973041555018
ETask 29-29: Configuration:6 Energy:31.615445438640002 Reward:-31.615445438640002 Raw:31.615445438640002 Time:32507 TotalReward:1721.812749594142
ETask 30-30: Configuration:6 Energy:45.1604329974 Reward:-45.1604329974 Raw:45.1604329974 Time:32514 TotalReward:1766.973182591542
ETask 31-31: Configuration:6 Energy:31.361862221549995 Reward:-31.361862221549995 Raw:31.361862221549995 Time:32512 TotalReward:1798.3350448130918
ETask 32-32: Configuration:6 Energy:31.391241397530003 Reward:-31.391241397530003 Raw:31.391241397530003 Time:32523 TotalReward:1829.7262862106218
ETask 33-33: Configuration:6 Energy:35.80071552792 Reward:-35.80071552792 Raw:35.80071552792 Time:32511 TotalReward:1865.5270017385417
ETask 34-34: Configuration:6 Energy:36.204921811590005 Reward:-36.204921811590005 Raw:36.204921811590005 Time:32540 TotalReward:1901.7319235501318
ETask 35-35: Configuration:6 Energy:31.783724354969998 Reward:-31.783724354969998 Raw:31.783724354969998 Time:32521 TotalReward:1933.5156479051018
ETask 36-36: Configuration:6 Energy:32.37825013542 Reward:-32.37825013542 Raw:32.37825013542 Time:32538 TotalReward:1965.893898040522
ETask 37-37: Configuration:6 Energy:77.31137727768001 Reward:-77.31137727768001 Raw:77.31137727768001 Time:32521 TotalReward:2043.205275318202
ETask 38-38: Configuration:6 Energy:33.18045724329 Reward:-33.18045724329 Raw:33.18045724329 Time:32511 TotalReward:2076.385732561492
ETask 39-39: Configuration:6 Energy:44.97355640063999 Reward:-44.97355640063999 Raw:44.97355640063999 Time:32525 TotalReward:2121.3592889621323
ETask 40-40: Configuration:6 Energy:32.452270642399995 Reward:-32.452270642399995 Raw:32.452270642399995 Time:32525 TotalReward:2153.8115596045322
ETask 41-41: Configuration:6 Energy:31.995099276111993 Reward:-31.995099276111993 Raw:31.995099276111993 Time:32505 TotalReward:2185.806658880644
ETask 42-42: Configuration:6 Energy:46.370240146048 Reward:-46.370240146048 Raw:46.370240146048 Time:32531 TotalReward:2232.1768990266924
ETask 43-43: Configuration:6 Energy:49.803362676423994 Reward:-49.803362676423994 Raw:49.803362676423994 Time:32510 TotalReward:2281.9802617031164
ETask 44-44: Configuration:6 Energy:48.68860013337599 Reward:-48.68860013337599 Raw:48.68860013337599 Time:32511 TotalReward:2330.6688618364924
ETask 45-45: Configuration:6 Energy:41.617714137776 Reward:-41.617714137776 Raw:41.617714137776 Time:32514 TotalReward:2372.2865759742685
ETask 46-46: Configuration:6 Energy:31.408702645599995 Reward:-31.408702645599995 Raw:31.408702645599995 Time:32511 TotalReward:2403.6952786198685
ETask 47-47: Configuration:6 Energy:55.95177302822399 Reward:-55.95177302822399 Raw:55.95177302822399 Time:32514 TotalReward:2459.6470516480927
ETask 48-48: Configuration:6 Energy:32.568967900128 Reward:-32.568967900128 Raw:32.568967900128 Time:32521 TotalReward:2492.2160195482206
ETask 49-49: Configuration:6 Energy:91.01357196672 Reward:-91.01357196672 Raw:91.01357196672 Time:32514 TotalReward:2583.2295915149407
ETask 50-50: Configuration:6 Energy:76.12194975839999 Reward:-76.12194975839999 Raw:76.12194975839999 Time:32514 TotalReward:2659.351541273341
ETask 51-51: Configuration:6 Energy:45.49107432239999 Reward:-45.49107432239999 Raw:45.49107432239999 Time:32523 TotalReward:2704.842615595741
ETask 52-52: Configuration:6 Energy:31.578397102512 Reward:-31.578397102512 Raw:31.578397102512 Time:32525 TotalReward:2736.421012698253
ETask 53-53: Configuration:6 Energy:33.22604667283199 Reward:-33.22604667283199 Raw:33.22604667283199 Time:32514 TotalReward:2769.647059371085
ETask 54-54: Configuration:6 Energy:33.264509811623995 Reward:-33.264509811623995 Raw:33.264509811623995 Time:32513 TotalReward:2802.911569182709
ETask 55-55: Configuration:6 Energy:31.732800865271994 Reward:-31.732800865271994 Raw:31.732800865271994 Time:32505 TotalReward:2834.6443700479813
ETask 56-56: Configuration:6 Energy:31.871013197399996 Reward:-31.871013197399996 Raw:31.871013197399996 Time:32503 TotalReward:2866.515383245381
ETask 57-57: Configuration:6 Energy:36.3427311312 Reward:-36.3427311312 Raw:36.3427311312 Time:32517 TotalReward:2902.858114376581
ETask 58-58: Configuration:6 Energy:31.528111427280002 Reward:-31.528111427280002 Raw:31.528111427280002 Time:32514 TotalReward:2934.3862258038607
ETask 59-59: Configuration:6 Energy:78.31459870884 Reward:-78.31459870884 Raw:78.31459870884 Time:32515 TotalReward:3012.700824512701
ETask 60-60: Configuration:6 Energy:31.593229401708 Reward:-31.593229401708 Raw:31.593229401708 Time:32524 TotalReward:3044.294053914409
ETask 61-61: Configuration:6 Energy:50.346814796694 Reward:-50.346814796694 Raw:50.346814796694 Time:32521 TotalReward:3094.640868711103
ETask 62-62: Configuration:6 Energy:49.5078362064 Reward:-49.5078362064 Raw:49.5078362064 Time:32533 TotalReward:3144.148704917503
ETask 63-63: Configuration:6 Energy:34.854416436528 Reward:-34.854416436528 Raw:34.854416436528 Time:32520 TotalReward:3179.003121354031
ETask 64-64: Configuration:6 Energy:45.680889701538 Reward:-45.680889701538 Raw:45.680889701538 Time:32511 TotalReward:3224.684011055569
ETask 65-65: Configuration:6 Energy:36.18645687415201 Reward:-36.18645687415201 Raw:36.18645687415201 Time:32536 TotalReward:3260.870467929721
ETask 66-66: Configuration:6 Energy:32.772030887372 Reward:-32.772030887372 Raw:32.772030887372 Time:32529 TotalReward:3293.642498817093
ETask 67-67: Configuration:6 Energy:31.713009476147995 Reward:-31.713009476147995 Raw:31.713009476147995 Time:32535 TotalReward:3325.3555082932407
ETask 68-68: Configuration:6 Energy:31.769378981704 Reward:-31.769378981704 Raw:31.769378981704 Time:32508 TotalReward:3357.1248872749447
ETask 69-69: Configuration:6 Energy:31.762338935600003 Reward:-31.762338935600003 Raw:31.762338935600003 Time:32515 TotalReward:3388.8872262105447
ETask 70-70: Configuration:6 Energy:32.112532476864 Reward:-32.112532476864 Raw:32.112532476864 Time:32516 TotalReward:3420.9997586874088
ETask 71-71: Configuration:6 Energy:31.421563543776003 Reward:-31.421563543776003 Raw:31.421563543776003 Time:32536 TotalReward:3452.4213222311846
ETask 72-72: Configuration:6 Energy:44.8800910586 Reward:-44.8800910586 Raw:44.8800910586 Time:32519 TotalReward:3497.3014132897847
ETask 73-73: Configuration:6 Energy:34.455673001232 Reward:-34.455673001232 Raw:34.455673001232 Time:32537 TotalReward:3531.7570862910165
ETask 74-74: Configuration:6 Energy:31.65226142176 Reward:-31.65226142176 Raw:31.65226142176 Time:32513 TotalReward:3563.4093477127767
ETask 75-75: Configuration:6 Energy:54.152618876412 Reward:-54.152618876412 Raw:54.152618876412 Time:32536 TotalReward:3617.5619665891886
ETask 76-76: Configuration:6 Energy:34.409976988968005 Reward:-34.409976988968005 Raw:34.409976988968005 Time:32535 TotalReward:3651.9719435781567
ETask 77-77: Configuration:6 Energy:32.449829169295995 Reward:-32.449829169295995 Raw:32.449829169295995 Time:32503 TotalReward:3684.421772747453
ETask 78-78: Configuration:6 Energy:46.95375009507 Reward:-46.95375009507 Raw:46.95375009507 Time:32539 TotalReward:3731.375522842523
ETask 79-79: Configuration:6 Energy:49.43279886375599 Reward:-49.43279886375599 Raw:49.43279886375599 Time:32505 TotalReward:3780.808321706279
ETask 80-80: Configuration:6 Energy:49.373637866699994 Reward:-49.373637866699994 Raw:49.373637866699994 Time:32516 TotalReward:3830.181959572979
ETask 81-81: Configuration:6 Energy:35.661758156656 Reward:-35.661758156656 Raw:35.661758156656 Time:32501 TotalReward:3865.843717729635
ETask 82-82: Configuration:6 Energy:31.358963455176 Reward:-31.358963455176 Raw:31.358963455176 Time:32509 TotalReward:3897.202681184811
ETask 83-83: Configuration:6 Energy:31.512180164489997 Reward:-31.512180164489997 Raw:31.512180164489997 Time:32513 TotalReward:3928.714861349301
ETask 84-84: Configuration:6 Energy:31.530515388966 Reward:-31.530515388966 Raw:31.530515388966 Time:32532 TotalReward:3960.2453767382667
ETask 85-85: Configuration:6 Energy:41.872272176196006 Reward:-41.872272176196006 Raw:41.872272176196006 Time:32520 TotalReward:4002.1176489144627
ETask 86-86: Configuration:6 Energy:32.498528348836004 Reward:-32.498528348836004 Raw:32.498528348836004 Time:32516 TotalReward:4034.6161772632986
ETask 87-87: Configuration:6 Energy:32.968923609072 Reward:-32.968923609072 Raw:32.968923609072 Time:32527 TotalReward:4067.5851008723707
ETask 88-88: Configuration:6 Energy:80.95927331426 Reward:-80.95927331426 Raw:80.95927331426 Time:32512 TotalReward:4148.544374186631
ETask 89-89: Configuration:6 Energy:31.535526823976998 Reward:-31.535526823976998 Raw:31.535526823976998 Time:32520 TotalReward:4180.079901010608
ETask 90-90: Configuration:6 Energy:32.60261009230499 Reward:-32.60261009230499 Raw:32.60261009230499 Time:32528 TotalReward:4212.682511102914
ETask 91-91: Configuration:6 Energy:51.90160227252 Reward:-51.90160227252 Raw:51.90160227252 Time:32538 TotalReward:4264.584113375434
ETask 92-92: Configuration:6 Energy:35.4220111014 Reward:-35.4220111014 Raw:35.4220111014 Time:32515 TotalReward:4300.006124476834
ETask 93-93: Configuration:6 Energy:31.839378472439996 Reward:-31.839378472439996 Raw:31.839378472439996 Time:32544 TotalReward:4331.845502949274
ETask 94-94: Configuration:6 Energy:37.7056311513 Reward:-37.7056311513 Raw:37.7056311513 Time:32518 TotalReward:4369.551134100574
ETask 95-95: Configuration:6 Energy:34.881283698599994 Reward:-34.881283698599994 Raw:34.881283698599994 Time:32532 TotalReward:4404.432417799174
ETask 96-96: Configuration:6 Energy:63.704314385279986 Reward:-63.704314385279986 Raw:63.704314385279986 Time:32518 TotalReward:4468.136732184454
ETask 97-97: Configuration:6 Energy:50.346823228199995 Reward:-50.346823228199995 Raw:50.346823228199995 Time:32512 TotalReward:4518.483555412654
ETask 98-98: Configuration:6 Energy:39.04459503436 Reward:-39.04459503436 Raw:39.04459503436 Time:32523 TotalReward:4557.528150447014
ETask 99-99: Configuration:6 Energy:55.53705629004 Reward:-55.53705629004 Raw:55.53705629004 Time:32509 TotalReward:4613.065206737054
ETask 100-100: Configuration:6 Energy:77.58849554639998 Reward:-77.58849554639998 Raw:77.58849554639998 Time:32513 TotalReward:4690.653702283454
ETask 101-101: Configuration:6 Energy:31.742569780479997 Reward:-31.742569780479997 Raw:31.742569780479997 Time:32522 TotalReward:4722.396272063934
ETask 102-102: Configuration:6 Energy:79.34146437770399 Reward:-79.34146437770399 Raw:79.34146437770399 Time:32516 TotalReward:4801.737736441638
ETask 103-103: Configuration:6 Energy:31.587346194239995 Reward:-31.587346194239995 Raw:31.587346194239995 Time:32506 TotalReward:4833.325082635878
ETask 104-104: Configuration:6 Energy:31.798688782968 Reward:-31.798688782968 Raw:31.798688782968 Time:32511 TotalReward:4865.123771418846
ETask 105-105: Configuration:6 Energy:34.78519561107599 Reward:-34.78519561107599 Raw:34.78519561107599 Time:32512 TotalReward:4899.908967029923
ETask 106-106: Configuration:6 Energy:45.108031619448006 Reward:-45.108031619448006 Raw:45.108031619448006 Time:32528 TotalReward:4945.016998649371
ETask 107-107: Configuration:6 Energy:31.965405589223995 Reward:-31.965405589223995 Raw:31.965405589223995 Time:32522 TotalReward:4976.982404238595
ETask 108-108: Configuration:6 Energy:31.853257182647994 Reward:-31.853257182647994 Raw:31.853257182647994 Time:32511 TotalReward:5008.8356614212435
ETask 109-109: Configuration:6 Energy:31.908791957579997 Reward:-31.908791957579997 Raw:31.908791957579997 Time:32512 TotalReward:5040.744453378824
ETask 110-110: Configuration:6 Energy:34.34654067235199 Reward:-34.34654067235199 Raw:34.34654067235199 Time:32523 TotalReward:5075.090994051176
ETask 111-111: Configuration:6 Energy:39.448888520832 Reward:-39.448888520832 Raw:39.448888520832 Time:32504 TotalReward:5114.539882572008
ETask 112-112: Configuration:6 Energy:35.469285801839995 Reward:-35.469285801839995 Raw:35.469285801839995 Time:32511 TotalReward:5150.009168373847
ETask 113-113: Configuration:6 Energy:51.26227152710399 Reward:-51.26227152710399 Raw:51.26227152710399 Time:32512 TotalReward:5201.271439900951
ETask 114-114: Configuration:6 Energy:51.01520292576 Reward:-51.01520292576 Raw:51.01520292576 Time:32512 TotalReward:5252.286642826711
ETask 115-115: Configuration:6 Energy:50.21766403238 Reward:-50.21766403238 Raw:50.21766403238 Time:32514 TotalReward:5302.50430685909
ETask 116-116: Configuration:6 Energy:32.472956926787 Reward:-32.472956926787 Raw:32.472956926787 Time:32516 TotalReward:5334.977263785878
ETask 117-117: Configuration:6 Energy:32.826446257423 Reward:-32.826446257423 Raw:32.826446257423 Time:32522 TotalReward:5367.803710043301
ETask 118-118: Configuration:6 Energy:32.608086413902996 Reward:-32.608086413902996 Raw:32.608086413902996 Time:32521 TotalReward:5400.411796457204
ETask 119-119: Configuration:6 Energy:35.500448323600004 Reward:-35.500448323600004 Raw:35.500448323600004 Time:32502 TotalReward:5435.912244780804
ETask 120-120: Configuration:6 Energy:32.06117115532499 Reward:-32.06117115532499 Raw:32.06117115532499 Time:32512 TotalReward:5467.973415936129
ETask 121-121: Configuration:6 Energy:31.779078467399994 Reward:-31.779078467399994 Raw:31.779078467399994 Time:32532 TotalReward:5499.7524944035285
ETask 122-122: Configuration:6 Energy:31.731640902719995 Reward:-31.731640902719995 Raw:31.731640902719995 Time:32514 TotalReward:5531.484135306248
ETask 123-123: Configuration:6 Energy:124.97731260746399 Reward:-124.97731260746399 Raw:124.97731260746399 Time:32504 TotalReward:5656.461447913713
ETask 124-124: Configuration:6 Energy:111.38411674288798 Reward:-111.38411674288798 Raw:111.38411674288798 Time:32510 TotalReward:5767.845564656601
ETask 125-125: Configuration:6 Energy:109.589156230428 Reward:-109.589156230428 Raw:109.589156230428 Time:32511 TotalReward:5877.434720887029
ERun: Time:4068599
==END-RUN 0==
==ROUND-END==
STOKE: Config: 0 - Knobs: {interval:10000 priority:104 sensor-configuration:1 batch:5 }  | -- on:2 reward:-44.6615
STOKE: Config: 1 - Knobs: {interval:1000 priority:104 sensor-configuration:1 batch:5 }  | -- on:2 reward:-74.9907
STOKE: Config: 2 - Knobs: {interval:500 priority:104 sensor-configuration:1 batch:5 }  | -- on:2 reward:-77.7451
STOKE: Config: 3 - Knobs: {interval:10000 priority:100 sensor-configuration:1 batch:5 }  | -- on:2 reward:-49.5145
STOKE: Config: 4 - Knobs: {interval:1000 priority:100 sensor-configuration:1 batch:5 }  | -- on:2 reward:-78.0539
STOKE: Config: 5 - Knobs: {interval:500 priority:100 sensor-configuration:1 batch:5 }  | -- on:2 reward:-80.8781
STOKE: Config: 6 - Knobs: {interval:10000 priority:104 sensor-configuration:1 batch:1 }  | -- on:2 reward:-31.6704
STOKE: Config: 7 - Knobs: {interval:1000 priority:104 sensor-configuration:1 batch:1 }  | -- on:2 reward:-40.7500
STOKE: Config: 8 - Knobs: {interval:500 priority:104 sensor-configuration:1 batch:1 }  | -- on:2 reward:-64.0691
STOKE: Config: 9 - Knobs: {interval:10000 priority:100 sensor-configuration:1 batch:1 }  | -- on:2 reward:-56.3927
STOKE: Config: 10 - Knobs: {interval:1000 priority:100 sensor-configuration:1 batch:1 }  | -- on:2 reward:-80.6016
STOKE: Config: 11 - Knobs: {interval:500 priority:100 sensor-configuration:1 batch:1 }  | -- on:2 reward:-90.6509
