STOKE: Range:9000 Partition:2250 Middle:5500
STOKE: Generated seeds: [10000, 7750, 5500, 3250, 1000]
==RUN 0==
==ROUND-START==
Bandit Runs:1 Tasks-in-Run:10
Self-Optimizer Rounds:0 Tasks-in-Round:0
Continuous Knob Rounds:Inf Tasks-in-Round:0
STOKE: Start Bat: 0.480000
ETask 1: Configuration:0 Energy:0.0 Power:0.0 Reward:-14.442040151159404 Time:32515 TotalReward:14.442040151159404
ETask 2: Configuration:0 Energy:0.0 Power:0.0 Reward:6.943934261852657 Time:32505 TotalReward:21.38597441301206
ETask 3: Configuration:1 Energy:0.0 Power:0.0 Reward:-3.6383905930966023 Time:32513 TotalReward:25.024365006108663
ETask 4: Configuration:1 Energy:0.0 Power:0.0 Reward:-3.861815399718207 Time:32556 TotalReward:28.88618040582687
ETask 5: Configuration:2 Energy:0.0 Power:0.0 Reward:-6.878997036811466 Time:32504 TotalReward:35.76517744263833
ETask 6: Configuration:2 Energy:0.0 Power:0.0 Reward:9.87550314244967 Time:32556 TotalReward:45.640680585088006
ETask 7: Configuration:3 Energy:0.0 Power:0.0 Reward:8.682897840983877 Time:32511 TotalReward:54.32357842607188
ETask 8: Configuration:3 Energy:0.0 Power:0.0 Reward:-4.462843930524659 Time:32543 TotalReward:58.786422356596546
ETask 9: Configuration:4 Energy:0.0 Power:0.0 Reward:-9.26456105714626 Time:32511 TotalReward:68.05098341374281
ETask 10: Configuration:4 Energy:0.0 Power:0.0 Reward:-4.909589287229132 Time:32537 TotalReward:72.96057270097194
ETask 11: Configuration:2 Energy:0.0 Power:0.0 Reward:-4.6033156455780215 Time:32507 TotalReward:77.56388834654996
ETask 12: Configuration:1 Energy:0.0 Power:0.0 Reward:8.886317393149135 Time:32566 TotalReward:86.4502057396991
ETask 13: Configuration:1 Energy:0.0 Power:0.0 Reward:-4.139567205427102 Time:32544 TotalReward:90.5897729451262
ETask 14: Configuration:4 Energy:0.0 Power:0.0 Reward:11.874536519415999 Time:32508 TotalReward:102.4643094645422
ETask 15: Configuration:2 Energy:0.0 Power:0.0 Reward:-4.951372117760712 Time:32555 TotalReward:107.41568158230291
ETask 16: Configuration:3 Energy:0.0 Power:0.0 Reward:6.965971839270686 Time:32554 TotalReward:114.38165342157359
STOKE: 0 convergence rate 0.12
STOKE: 1 convergence rate 0.25
STOKE: 2 convergence rate 0.25
STOKE: 3 convergence rate 0.19
STOKE: 4 convergence rate 0.19
STOKE: minQ:0.69 minInd:1
STOKE: minId:1
ETask 17: Configuration:0 Energy:0.0 Power:0.0 Reward:8.775024417184 Time:32526 TotalReward:123.15667783875759
STOKE: 0 convergence rate 0.18
STOKE: 1 convergence rate 0.24
STOKE: 2 convergence rate 0.24
STOKE: 3 convergence rate 0.18
STOKE: 4 convergence rate 0.18
STOKE: minQ:0.43 minInd:0
STOKE: minId:0
ETask 18: Configuration:0 Energy:0.0 Power:0.0 Reward:-5.679249109491334 Time:32547 TotalReward:128.83592694824893
STOKE: 0 convergence rate 0.22
STOKE: 1 convergence rate 0.22
STOKE: 2 convergence rate 0.22
STOKE: 3 convergence rate 0.17
STOKE: 4 convergence rate 0.17
STOKE: minQ:0.69 minInd:1
STOKE: minId:1
ETask 19: Configuration:0 Energy:0.0 Power:0.0 Reward:-3.447050918268655 Time:32510 TotalReward:132.28297786651757
STOKE: 0 convergence rate 0.26
STOKE: 1 convergence rate 0.21
STOKE: 2 convergence rate 0.21
STOKE: 3 convergence rate 0.16
STOKE: 4 convergence rate 0.16
STOKE: minQ:0.69 minInd:1
STOKE: minId:1
ETask 20: Configuration:0 Energy:0.0 Power:0.0 Reward:-8.969877342280597 Time:32515 TotalReward:141.25285520879817
STOKE: 0 convergence rate 0.30
STOKE: 1 convergence rate 0.20
STOKE: 2 convergence rate 0.20
STOKE: 3 convergence rate 0.15
STOKE: 4 convergence rate 0.15
STOKE: minQ:0.69 minInd:1
STOKE: minId:1
ETask 21: Configuration:1 Energy:0.0 Power:0.0 Reward:10.220932278854926 Time:32513 TotalReward:151.47378748765308
STOKE: 0 convergence rate 0.29
STOKE: 1 convergence rate 0.24
STOKE: 2 convergence rate 0.19
STOKE: 3 convergence rate 0.14
STOKE: 4 convergence rate 0.14
STOKE: minQ:0.77 minInd:4
STOKE: minId:4
ETask 22: Configuration:4 Energy:0.0 Power:0.0 Reward:9.700470641457908 Time:32532 TotalReward:161.174258129111
STOKE: 0 convergence rate 0.27
STOKE: 1 convergence rate 0.23
STOKE: 2 convergence rate 0.18
STOKE: 3 convergence rate 0.14
STOKE: 4 convergence rate 0.18
STOKE: minQ:1.49 minInd:1
STOKE: minId:1
ETask 23: Configuration:1 Energy:0.0 Power:0.0 Reward:-9.73879631474626 Time:32544 TotalReward:170.91305444385725
STOKE: 0 convergence rate 0.26
STOKE: 1 convergence rate 0.26
STOKE: 2 convergence rate 0.17
STOKE: 3 convergence rate 0.13
STOKE: 4 convergence rate 0.17
STOKE: minQ:0.38 minInd:1
STOKE: minId:1
ETask 24: Configuration:1 Energy:0.0 Power:0.0 Reward:9.636170346181494 Time:32545 TotalReward:180.54922479003875
STOKE: 0 convergence rate 0.25
STOKE: 1 convergence rate 0.29
STOKE: 2 convergence rate 0.17
STOKE: 3 convergence rate 0.12
STOKE: 4 convergence rate 0.17
STOKE: minQ:1.05 minInd:1
STOKE: minId:1
ETask 25: Configuration:3 Energy:0.0 Power:0.0 Reward:11.18852839554866 Time:32512 TotalReward:191.73775318558742
STOKE: 0 convergence rate 0.24
STOKE: 1 convergence rate 0.28
STOKE: 2 convergence rate 0.16
STOKE: 3 convergence rate 0.16
STOKE: 4 convergence rate 0.16
STOKE: minQ:1.05 minInd:1
STOKE: minId:1
ETask 26: Configuration:1 Energy:0.0 Power:0.0 Reward:-4.4478988370325965 Time:32531 TotalReward:196.18565202262002
STOKE: 0 convergence rate 0.23
STOKE: 1 convergence rate 0.31
STOKE: 2 convergence rate 0.15
STOKE: 3 convergence rate 0.15
STOKE: 4 convergence rate 0.15
STOKE: minQ:0.36 minInd:1
STOKE: minId:1
ETask 27: Configuration:1 Energy:0.0 Power:0.0 Reward:8.660395607853374 Time:32552 TotalReward:204.84604763047338
STOKE: 0 convergence rate 0.22
STOKE: 1 convergence rate 0.33
STOKE: 2 convergence rate 0.15
STOKE: 3 convergence rate 0.15
STOKE: 4 convergence rate 0.15
STOKE: minQ:1.29 minInd:1
STOKE: minId:1
ETask 28: Configuration:1 Energy:0.0 Power:0.0 Reward:10.488333951151763 Time:32504 TotalReward:215.33438158162514
STOKE: 0 convergence rate 0.21
STOKE: 1 convergence rate 0.36
STOKE: 2 convergence rate 0.14
STOKE: 3 convergence rate 0.14
STOKE: 4 convergence rate 0.14
STOKE: minQ:1.64 minInd:2
STOKE: minId:2
ETask 29: Configuration:2 Energy:0.0 Power:0.0 Reward:9.405875806089552 Time:32509 TotalReward:224.74025738771468
STOKE: 0 convergence rate 0.21
STOKE: 1 convergence rate 0.34
STOKE: 2 convergence rate 0.17
STOKE: 3 convergence rate 0.14
STOKE: 4 convergence rate 0.14
STOKE: minQ:0.57 minInd:2
STOKE: minId:2
ETask 30: Configuration:1 Energy:0.0 Power:0.0 Reward:-1.7848312253392251 Time:32560 TotalReward:226.5250886130539
STOKE: 0 convergence rate 0.20
STOKE: 1 convergence rate 0.37
STOKE: 2 convergence rate 0.17
STOKE: 3 convergence rate 0.13
STOKE: 4 convergence rate 0.13
STOKE: minQ:0.57 minInd:2
STOKE: minId:2
ETask 31: Configuration:2 Energy:0.0 Power:0.0 Reward:10.20367968504597 Time:32541 TotalReward:236.72876829809985
STOKE: 0 convergence rate 0.19
STOKE: 1 convergence rate 0.35
STOKE: 2 convergence rate 0.19
STOKE: 3 convergence rate 0.13
STOKE: 4 convergence rate 0.13
STOKE: minQ:1.84 minInd:1
STOKE: minId:1
STOKE: shouldConverge:false tickUp:true
STOKE: At threshold 1.84
ETask 32: Configuration:3 Energy:0.0 Power:0.0 Reward:12.12229479021445 Time:32537 TotalReward:248.8510630883143
STOKE: 0 convergence rate 0.19
STOKE: 1 convergence rate 0.34
STOKE: 2 convergence rate 0.19
STOKE: 3 convergence rate 0.16
STOKE: 4 convergence rate 0.12
STOKE: minQ:1.84 minInd:1
STOKE: minId:1
STOKE: shouldConverge:false tickUp:true
STOKE: At threshold 1.84
ETask 33: Configuration:4 Energy:0.0 Power:0.0 Reward:10.965127912593912 Time:32535 TotalReward:259.8161910009082
STOKE: 0 convergence rate 0.18
STOKE: 1 convergence rate 0.33
STOKE: 2 convergence rate 0.18
STOKE: 3 convergence rate 0.15
STOKE: 4 convergence rate 0.15
STOKE: minQ:1.84 minInd:1
STOKE: minId:1
STOKE: shouldConverge:false tickUp:true
STOKE: At threshold 1.84
ETask 34: Configuration:3 Energy:0.0 Power:0.0 Reward:-3.999826132475228 Time:32538 TotalReward:263.8160171333834
STOKE: 0 convergence rate 0.18
STOKE: 1 convergence rate 0.32
STOKE: 2 convergence rate 0.18
STOKE: 3 convergence rate 0.18
STOKE: 4 convergence rate 0.15
STOKE: minQ:1.84 minInd:1
STOKE: minId:1
STOKE: shouldConverge:false tickUp:true
STOKE: At threshold 1.84
ETask 35: Configuration:1 Energy:0.0 Power:0.0 Reward:11.182748976869256 Time:32550 TotalReward:274.9987661102527
STOKE: 0 convergence rate 0.17
STOKE: 1 convergence rate 0.34
STOKE: 2 convergence rate 0.17
STOKE: 3 convergence rate 0.17
STOKE: 4 convergence rate 0.14
STOKE: minQ:2.18 minInd:2
STOKE: minId:2
STOKE: shouldConverge:false tickUp:true
STOKE: Tightening intervals (empty round)
STOKE: Config: 0 - Knobs: {interval:10000 priority:100 sensor-configuration:1 batch:1 }  | -- on:6 reward:-2.8032
STOKE: Config: 1 - Knobs: {interval:7750 priority:100 sensor-configuration:1 batch:1 }  | -- on:12 reward:2.6220
STOKE: Config: 2 - Knobs: {interval:5500 priority:100 sensor-configuration:1 batch:1 }  | -- on:6 reward:2.1752
STOKE: Config: 3 - Knobs: {interval:3250 priority:100 sensor-configuration:1 batch:1 }  | -- on:6 reward:5.0828
STOKE: Config: 4 - Knobs: {interval:1000 priority:100 sensor-configuration:1 batch:1 }  | -- on:5 reward:3.6732
==ROUND-END==
STOKE: Range:4500 Partition:1125 Middle:5500
STOKE: Generated seeds: [7750, 6625, 5500, 4375, 3250]
STOKE: Config: 0 - Knobs: {interval:7750 priority:100 sensor-configuration:1 batch:1 }  | -- on:12 reward:2.6220
STOKE: Config: 1 - Knobs: {interval:6625 priority:100 sensor-configuration:1 batch:1 }  | -- on:0 reward:0.0000
STOKE: Config: 2 - Knobs: {interval:5500 priority:100 sensor-configuration:1 batch:1 }  | -- on:6 reward:2.1752
STOKE: Config: 3 - Knobs: {interval:4375 priority:100 sensor-configuration:1 batch:1 }  | -- on:0 reward:0.0000
STOKE: Config: 4 - Knobs: {interval:3250 priority:100 sensor-configuration:1 batch:1 }  | -- on:6 reward:5.0828
==ROUND-START==
ETask 1: Configuration:0 Energy:0.0 Power:0.0 Reward:11.063729291844778 Time:32539 TotalReward:11.063729291844778
ETask 2: Configuration:0 Energy:0.0 Power:0.0 Reward:7.893657286608956 Time:32508 TotalReward:18.957386578453736
ETask 3: Configuration:1 Energy:0.0 Power:0.0 Reward:9.073005926692538 Time:32513 TotalReward:28.030392505146274
ETask 4: Configuration:1 Energy:0.0 Power:0.0 Reward:6.877287838594626 Time:32559 TotalReward:34.9076803437409
ETask 5: Configuration:2 Energy:0.0 Power:0.0 Reward:11.100573422094326 Time:32513 TotalReward:46.00825376583523
ETask 6: Configuration:2 Energy:0.0 Power:0.0 Reward:11.081180941329192 Time:32570 TotalReward:57.08943470716442
ETask 7: Configuration:3 Energy:0.0 Power:0.0 Reward:-8.864467791658505 Time:32509 TotalReward:65.95390249882293
ETask 8: Configuration:3 Energy:0.0 Power:0.0 Reward:10.725243614080002 Time:32548 TotalReward:76.67914611290293
ETask 9: Configuration:4 Energy:0.0 Power:0.0 Reward:6.52022483307033 Time:32518 TotalReward:83.19937094597326
ETask 10: Configuration:4 Energy:0.0 Power:0.0 Reward:-4.6933504742716465 Time:32555 TotalReward:87.8927214202449
ETask 11: Configuration:3 Energy:0.0 Power:0.0 Reward:-4.734947647120954 Time:32515 TotalReward:92.62766906736584
ETask 12: Configuration:4 Energy:0.0 Power:0.0 Reward:-4.820213030697069 Time:32548 TotalReward:97.4478820980629
ETask 13: Configuration:1 Energy:0.0 Power:0.0 Reward:8.673836674394746 Time:32549 TotalReward:106.12171877245765
ETask 14: Configuration:3 Energy:0.0 Power:0.0 Reward:11.006367427051938 Time:32556 TotalReward:117.1280861995096
ETask 15: Configuration:0 Energy:0.0 Power:0.0 Reward:10.981031484631048 Time:32530 TotalReward:128.10911768414064
ETask 16: Configuration:1 Energy:0.0 Power:0.0 Reward:-7.690665649598444 Time:32550 TotalReward:135.79978333373907
STOKE: 0 convergence rate 0.19
STOKE: 1 convergence rate 0.25
STOKE: 2 convergence rate 0.12
STOKE: 3 convergence rate 0.25
STOKE: 4 convergence rate 0.19
STOKE: minQ:2.03 minInd:3
STOKE: minId:3
ETask 17: Configuration:3 Energy:0.0 Power:0.0 Reward:-3.12539522147868 Time:32534 TotalReward:138.92517855521774
STOKE: 0 convergence rate 0.18
STOKE: 1 convergence rate 0.24
STOKE: 2 convergence rate 0.12
STOKE: 3 convergence rate 0.29
STOKE: 4 convergence rate 0.18
STOKE: minQ:1.00 minInd:3
STOKE: minId:3
ETask 18: Configuration:1 Energy:0.0 Power:0.0 Reward:10.630348982009075 Time:32546 TotalReward:149.55552753722682
STOKE: 0 convergence rate 0.17
STOKE: 1 convergence rate 0.28
STOKE: 2 convergence rate 0.11
STOKE: 3 convergence rate 0.28
STOKE: 4 convergence rate 0.17
STOKE: minQ:1.00 minInd:3
STOKE: minId:3
ETask 19: Configuration:3 Energy:0.0 Power:0.0 Reward:9.677889844759406 Time:32574 TotalReward:159.23341738198621
STOKE: 0 convergence rate 0.16
STOKE: 1 convergence rate 0.26
STOKE: 2 convergence rate 0.11
STOKE: 3 convergence rate 0.32
STOKE: 4 convergence rate 0.16
STOKE: minQ:2.45 minInd:3
STOKE: minId:3
ETask 20: Configuration:1 Energy:0.0 Power:0.0 Reward:8.55732071669254 Time:32539 TotalReward:167.79073809867876
STOKE: 0 convergence rate 0.15
STOKE: 1 convergence rate 0.30
STOKE: 2 convergence rate 0.10
STOKE: 3 convergence rate 0.30
STOKE: 4 convergence rate 0.15
STOKE: minQ:2.45 minInd:3
STOKE: minId:3
ETask 21: Configuration:0 Energy:0.0 Power:0.0 Reward:-3.4770842345886486 Time:32540 TotalReward:171.26782233326742
STOKE: 0 convergence rate 0.19
STOKE: 1 convergence rate 0.29
STOKE: 2 convergence rate 0.10
STOKE: 3 convergence rate 0.29
STOKE: 4 convergence rate 0.14
STOKE: minQ:2.45 minInd:3
STOKE: minId:3
ETask 22: Configuration:4 Energy:0.0 Power:0.0 Reward:9.826001806340297 Time:32546 TotalReward:181.0938241396077
STOKE: 0 convergence rate 0.18
STOKE: 1 convergence rate 0.27
STOKE: 2 convergence rate 0.09
STOKE: 3 convergence rate 0.27
STOKE: 4 convergence rate 0.18
STOKE: minQ:2.45 minInd:3
STOKE: minId:3
ETask 23: Configuration:3 Energy:0.0 Power:0.0 Reward:3.328928062017912 Time:32540 TotalReward:184.42275220162563
STOKE: 0 convergence rate 0.17
STOKE: 1 convergence rate 0.26
STOKE: 2 convergence rate 0.09
STOKE: 3 convergence rate 0.30
STOKE: 4 convergence rate 0.17
STOKE: minQ:2.57 minInd:3
STOKE: minId:3
ETask 24: Configuration:3 Energy:0.0 Power:0.0 Reward:-5.359221026705672 Time:32541 TotalReward:189.7819732283313
STOKE: 0 convergence rate 0.17
STOKE: 1 convergence rate 0.25
STOKE: 2 convergence rate 0.08
STOKE: 3 convergence rate 0.33
STOKE: 4 convergence rate 0.17
STOKE: minQ:1.58 minInd:3
STOKE: minId:3
ETask 25: Configuration:3 Energy:0.0 Power:0.0 Reward:-4.768437833449546 Time:32506 TotalReward:194.55041106178086
STOKE: 0 convergence rate 0.16
STOKE: 1 convergence rate 0.24
STOKE: 2 convergence rate 0.08
STOKE: 3 convergence rate 0.36
STOKE: 4 convergence rate 0.16
STOKE: minQ:0.88 minInd:3
STOKE: minId:3
ETask 26: Configuration:3 Energy:0.0 Power:0.0 Reward:9.888859961332537 Time:32508 TotalReward:204.4392710231134
STOKE: 0 convergence rate 0.15
STOKE: 1 convergence rate 0.23
STOKE: 2 convergence rate 0.08
STOKE: 3 convergence rate 0.38
STOKE: 4 convergence rate 0.15
STOKE: minQ:1.78 minInd:3
STOKE: minId:3
ETask 27: Configuration:3 Energy:0.0 Power:0.0 Reward:10.94765705693612 Time:32506 TotalReward:215.38692808004953
STOKE: 0 convergence rate 0.15
STOKE: 1 convergence rate 0.22
STOKE: 2 convergence rate 0.07
STOKE: 3 convergence rate 0.41
STOKE: 4 convergence rate 0.15
STOKE: minQ:2.61 minInd:3
STOKE: minId:3
ETask 28: Configuration:3 Energy:0.0 Power:0.0 Reward:11.12141005597851 Time:32511 TotalReward:226.50833813602804
STOKE: 0 convergence rate 0.14
STOKE: 1 convergence rate 0.21
STOKE: 2 convergence rate 0.07
STOKE: 3 convergence rate 0.43
STOKE: 4 convergence rate 0.14
STOKE: minQ:3.32 minInd:3
STOKE: minId:3
ETask 29: Configuration:3 Energy:0.0 Power:0.0 Reward:9.075458394220897 Time:32509 TotalReward:235.58379653024895
STOKE: 0 convergence rate 0.14
STOKE: 1 convergence rate 0.21
STOKE: 2 convergence rate 0.07
STOKE: 3 convergence rate 0.45
STOKE: 4 convergence rate 0.14
STOKE: minQ:3.62 minInd:0
STOKE: minId:0
ETask 30: Configuration:0 Energy:0.0 Power:0.0 Reward:5.589136399027581 Time:32509 TotalReward:241.17293292927653
STOKE: 0 convergence rate 0.17
STOKE: 1 convergence rate 0.20
STOKE: 2 convergence rate 0.07
STOKE: 3 convergence rate 0.43
STOKE: 4 convergence rate 0.13
STOKE: minQ:3.73 minInd:4
STOKE: minId:4
ETask 31: Configuration:2 Energy:0.0 Power:0.0 Reward:11.570949342634986 Time:32534 TotalReward:252.7438822719115
STOKE: 0 convergence rate 0.16
STOKE: 1 convergence rate 0.19
STOKE: 2 convergence rate 0.10
STOKE: 3 convergence rate 0.42
STOKE: 4 convergence rate 0.13
STOKE: minQ:3.73 minInd:4
STOKE: minId:4
STOKE: shouldConverge:false tickUp:true
STOKE: Last/Min -- 2.1752 -- 3.7330
STOKE: Round diff: -1.5577
STOKE: Widening intervals
STOKE: Config: 0 - Knobs: {interval:7750 priority:100 sensor-configuration:1 batch:1 }  | -- on:17 reward:3.7361
STOKE: Config: 1 - Knobs: {interval:6625 priority:100 sensor-configuration:1 batch:1 }  | -- on:6 reward:6.0202
STOKE: Config: 2 - Knobs: {interval:5500 priority:100 sensor-configuration:1 batch:1 }  | -- on:9 reward:5.2005
STOKE: Config: 3 - Knobs: {interval:4375 priority:100 sensor-configuration:1 batch:1 }  | -- on:13 reward:3.7630
STOKE: Config: 4 - Knobs: {interval:3250 priority:100 sensor-configuration:1 batch:1 }  | -- on:10 reward:3.7330
==ROUND-END==
STOKE: Config: 0 - Knobs: {interval:10000 priority:100 sensor-configuration:1 batch:1 }  | -- on:6 reward:-2.8032
STOKE: Config: 1 - Knobs: {interval:7750 priority:100 sensor-configuration:1 batch:1 }  | -- on:17 reward:3.7361
STOKE: Config: 2 - Knobs: {interval:5500 priority:100 sensor-configuration:1 batch:1 }  | -- on:9 reward:5.2005
STOKE: Config: 3 - Knobs: {interval:3250 priority:100 sensor-configuration:1 batch:1 }  | -- on:10 reward:3.7330
STOKE: Config: 4 - Knobs: {interval:1000 priority:100 sensor-configuration:1 batch:1 }  | -- on:5 reward:3.6732
==ROUND-START==
ETask 1: Configuration:0 Energy:0.0 Power:0.0 Reward:10.426278055268297 Time:32530 TotalReward:10.426278055268297
ETask 2: Configuration:0 Energy:0.0 Power:0.0 Reward:3.9919822075653713 Time:32563 TotalReward:14.418260262833668
ETask 3: Configuration:1 Energy:0.0 Power:0.0 Reward:8.17532252101493 Time:32505 TotalReward:22.593582783848596
ETask 4: Configuration:1 Energy:0.0 Power:0.0 Reward:11.303978768812897 Time:32555 TotalReward:33.89756155266149
ETask 5: Configuration:2 Energy:0.0 Power:0.0 Reward:6.586146148901253 Time:32505 TotalReward:40.48370770156275
ETask 6: Configuration:2 Energy:0.0 Power:0.0 Reward:11.480156375978032 Time:32561 TotalReward:51.963864077540784
ETask 7: Configuration:3 Energy:0.0 Power:0.0 Reward:9.453633207546506 Time:32515 TotalReward:61.41749728508729
ETask 8: Configuration:3 Energy:0.0 Power:0.0 Reward:10.939094547479883 Time:32542 TotalReward:72.35659183256718
ETask 9: Configuration:4 Energy:0.0 Power:0.0 Reward:7.132431923471522 Time:32515 TotalReward:79.4890237560387
ETask 10: Configuration:4 Energy:0.0 Power:0.0 Reward:-7.781518024060418 Time:32544 TotalReward:87.27054178009912
ETask 11: Configuration:4 Energy:0.0 Power:0.0 Reward:-5.67004886688477 Time:32504 TotalReward:92.94059064698389
ETask 12: Configuration:4 Energy:0.0 Power:0.0 Reward:-13.028262446260058 Time:32504 TotalReward:105.96885309324395
ETask 13: Configuration:4 Energy:0.0 Power:0.0 Reward:-11.220788433977312 Time:32505 TotalReward:117.18964152722126
ETask 14: Configuration:3 Energy:0.0 Power:0.0 Reward:-4.916305679331348 Time:32506 TotalReward:122.1059472065526
ETask 15: Configuration:0 Energy:0.0 Power:0.0 Reward:11.063710838696117 Time:32558 TotalReward:133.16965804524872
ETask 16: Configuration:4 Energy:0.0 Power:0.0 Reward:12.2014812561194 Time:32552 TotalReward:145.37113930136812
STOKE: 0 convergence rate 0.19
STOKE: 1 convergence rate 0.12
STOKE: 2 convergence rate 0.12
STOKE: 3 convergence rate 0.19
STOKE: 4 convergence rate 0.38
STOKE: minQ:0.00 minInd:4
STOKE: minId:4
ETask 17: Configuration:4 Energy:0.0 Power:0.0 Reward:-9.50314584357254 Time:32539 TotalReward:154.87428514494064
STOKE: 0 convergence rate 0.18
STOKE: 1 convergence rate 0.12
STOKE: 2 convergence rate 0.12
STOKE: 3 convergence rate 0.18
STOKE: 4 convergence rate 0.41
STOKE: minQ:0.79 minInd:4
STOKE: minId:4
ETask 18: Configuration:1 Energy:0.0 Power:0.0 Reward:-9.168933063751638 Time:32507 TotalReward:164.04321820869228
STOKE: 0 convergence rate 0.17
STOKE: 1 convergence rate 0.17
STOKE: 2 convergence rate 0.11
STOKE: 3 convergence rate 0.17
STOKE: 4 convergence rate 0.39
STOKE: minQ:0.79 minInd:4
STOKE: minId:4
ETask 19: Configuration:4 Energy:0.0 Power:0.0 Reward:10.203759897494932 Time:32558 TotalReward:174.2469781061872
STOKE: 0 convergence rate 0.16
STOKE: 1 convergence rate 0.16
STOKE: 2 convergence rate 0.11
STOKE: 3 convergence rate 0.16
STOKE: 4 convergence rate 0.42
STOKE: minQ:0.05 minInd:4
STOKE: minId:4
ETask 20: Configuration:4 Energy:0.0 Power:0.0 Reward:-8.612689650343633 Time:32527 TotalReward:182.85966775653085
STOKE: 0 convergence rate 0.15
STOKE: 1 convergence rate 0.15
STOKE: 2 convergence rate 0.10
STOKE: 3 convergence rate 0.15
STOKE: 4 convergence rate 0.45
STOKE: minQ:0.57 minInd:4
STOKE: minId:4
ETask 21: Configuration:2 Energy:0.0 Power:0.0 Reward:-6.9663632298244735 Time:32504 TotalReward:189.82603098635533
STOKE: 0 convergence rate 0.14
STOKE: 1 convergence rate 0.14
STOKE: 2 convergence rate 0.14
STOKE: 3 convergence rate 0.14
STOKE: 4 convergence rate 0.43
STOKE: minQ:0.57 minInd:4
STOKE: minId:4
ETask 22: Configuration:4 Energy:0.0 Power:0.0 Reward:10.561686797663523 Time:32554 TotalReward:200.38771778401886
STOKE: 0 convergence rate 0.14
STOKE: 1 convergence rate 0.14
STOKE: 2 convergence rate 0.14
STOKE: 3 convergence rate 0.14
STOKE: 4 convergence rate 0.45
STOKE: minQ:0.18 minInd:4
STOKE: minId:4
ETask 23: Configuration:4 Energy:0.0 Power:0.0 Reward:-6.113984951345667 Time:32530 TotalReward:206.50170273536452
STOKE: 0 convergence rate 0.13
STOKE: 1 convergence rate 0.13
STOKE: 2 convergence rate 0.13
STOKE: 3 convergence rate 0.13
STOKE: 4 convergence rate 0.48
STOKE: minQ:0.22 minInd:4
STOKE: minId:4
ETask 24: Configuration:4 Energy:0.0 Power:0.0 Reward:-6.74649762483773 Time:32506 TotalReward:213.24820036020225
STOKE: 0 convergence rate 0.12
STOKE: 1 convergence rate 0.12
STOKE: 2 convergence rate 0.12
STOKE: 3 convergence rate 0.12
STOKE: 4 convergence rate 0.50
STOKE: minQ:0.60 minInd:4
STOKE: minId:4
ETask 25: Configuration:4 Energy:0.0 Power:0.0 Reward:-13.499587668401674 Time:32506 TotalReward:226.7477880286039
STOKE: 0 convergence rate 0.12
STOKE: 1 convergence rate 0.12
STOKE: 2 convergence rate 0.12
STOKE: 3 convergence rate 0.12
STOKE: 4 convergence rate 0.52
STOKE: minQ:0.96 minInd:0
STOKE: minId:0
ETask 26: Configuration:3 Energy:0.0 Power:0.0 Reward:-4.966385739862684 Time:32506 TotalReward:231.7141737684666
STOKE: 0 convergence rate 0.12
STOKE: 1 convergence rate 0.12
STOKE: 2 convergence rate 0.12
STOKE: 3 convergence rate 0.15
STOKE: 4 convergence rate 0.50
STOKE: minQ:0.96 minInd:0
STOKE: minId:0
ETask 27: Configuration:0 Energy:0.0 Power:0.0 Reward:-4.423664398967759 Time:32569 TotalReward:236.13783816743435
STOKE: 0 convergence rate 0.15
STOKE: 1 convergence rate 0.11
STOKE: 2 convergence rate 0.11
STOKE: 3 convergence rate 0.15
STOKE: 4 convergence rate 0.48
STOKE: minQ:0.42 minInd:0
STOKE: minId:0
ETask 28: Configuration:4 Energy:0.0 Power:0.0 Reward:9.798899509402988 Time:32544 TotalReward:245.93673767683734
STOKE: 0 convergence rate 0.14
STOKE: 1 convergence rate 0.11
STOKE: 2 convergence rate 0.11
STOKE: 3 convergence rate 0.14
STOKE: 4 convergence rate 0.50
STOKE: minQ:0.42 minInd:0
STOKE: minId:0
ETask 29: Configuration:0 Energy:0.0 Power:0.0 Reward:-10.39200771347582 Time:32535 TotalReward:256.32874539031314
STOKE: 0 convergence rate 0.17
STOKE: 1 convergence rate 0.10
STOKE: 2 convergence rate 0.10
STOKE: 3 convergence rate 0.14
STOKE: 4 convergence rate 0.48
STOKE: minQ:0.56 minInd:0
STOKE: minId:0
ETask 30: Configuration:0 Energy:0.0 Power:0.0 Reward:-22.878065546034037 Time:32552 TotalReward:279.2068109363472
STOKE: 0 convergence rate 0.20
STOKE: 1 convergence rate 0.10
STOKE: 2 convergence rate 0.10
STOKE: 3 convergence rate 0.13
STOKE: 4 convergence rate 0.47
STOKE: minQ:0.73 minInd:4
STOKE: minId:4
ETask 31: Configuration:4 Energy:0.0 Power:0.0 Reward:9.747748453560597 Time:32511 TotalReward:288.9545593899078
STOKE: 0 convergence rate 0.19
STOKE: 1 convergence rate 0.10
STOKE: 2 convergence rate 0.10
STOKE: 3 convergence rate 0.13
STOKE: 4 convergence rate 0.48
STOKE: minQ:0.21 minInd:4
STOKE: minId:4
STOKE: shouldConverge:false tickUp:true
STOKE: At threshold 0.21
ETask 32: Configuration:4 Energy:0.0 Power:0.0 Reward:-8.058496359103295 Time:32535 TotalReward:297.0130557490111
STOKE: 0 convergence rate 0.19
STOKE: 1 convergence rate 0.09
STOKE: 2 convergence rate 0.09
STOKE: 3 convergence rate 0.12
STOKE: 4 convergence rate 0.50
STOKE: minQ:0.58 minInd:4
STOKE: minId:4
STOKE: shouldConverge:false tickUp:true
STOKE: At threshold 0.58
ETask 33: Configuration:2 Energy:0.0 Power:0.0 Reward:-6.132398261728966 Time:32506 TotalReward:303.14545401074
STOKE: 0 convergence rate 0.18
STOKE: 1 convergence rate 0.09
STOKE: 2 convergence rate 0.12
STOKE: 3 convergence rate 0.12
STOKE: 4 convergence rate 0.48
STOKE: minQ:0.58 minInd:4
STOKE: minId:4
STOKE: shouldConverge:false tickUp:true
STOKE: At threshold 0.58
ETask 34: Configuration:4 Energy:0.0 Power:0.0 Reward:10.713858555921195 Time:32562 TotalReward:313.85931256666123
STOKE: 0 convergence rate 0.18
STOKE: 1 convergence rate 0.09
STOKE: 2 convergence rate 0.12
STOKE: 3 convergence rate 0.12
STOKE: 4 convergence rate 0.50
STOKE: minQ:0.07 minInd:4
STOKE: minId:4
STOKE: shouldConverge:false tickUp:true
STOKE: At threshold 0.07
ETask 35: Configuration:0 Energy:0.0 Power:0.0 Reward:-5.93009191774328 Time:32528 TotalReward:319.7894044844045
STOKE: 0 convergence rate 0.20
STOKE: 1 convergence rate 0.09
STOKE: 2 convergence rate 0.11
STOKE: 3 convergence rate 0.11
STOKE: 4 convergence rate 0.49
STOKE: minQ:0.07 minInd:4
STOKE: minId:4
STOKE: shouldConverge:false tickUp:true
STOKE: At threshold 0.07
ETask 36: Configuration:4 Energy:0.0 Power:0.0 Reward:-3.4514055116179136 Time:32560 TotalReward:323.2408099960224
STOKE: 0 convergence rate 0.19
STOKE: 1 convergence rate 0.08
STOKE: 2 convergence rate 0.11
STOKE: 3 convergence rate 0.11
STOKE: 4 convergence rate 0.50
STOKE: minQ:0.22 minInd:4
STOKE: minId:4
STOKE: shouldConverge:false tickUp:true
STOKE: At threshold 0.22
ETask 37: Configuration:4 Energy:0.0 Power:0.0 Reward:-7.479140981793435 Time:32537 TotalReward:330.7199509778158
STOKE: 0 convergence rate 0.19
STOKE: 1 convergence rate 0.08
STOKE: 2 convergence rate 0.11
STOKE: 3 convergence rate 0.11
STOKE: 4 convergence rate 0.51
STOKE: minQ:0.52 minInd:4
STOKE: minId:4
STOKE: shouldConverge:false tickUp:true
STOKE: At threshold 0.52
ETask 38: Configuration:0 Energy:0.0 Power:0.0 Reward:-7.616108853638451 Time:32506 TotalReward:338.33605983145424
STOKE: 0 convergence rate 0.21
STOKE: 1 convergence rate 0.08
STOKE: 2 convergence rate 0.11
STOKE: 3 convergence rate 0.11
STOKE: 4 convergence rate 0.50
STOKE: minQ:0.52 minInd:4
STOKE: minId:4
STOKE: shouldConverge:false tickUp:true
STOKE: At threshold 0.52
ETask 39: Configuration:4 Energy:0.0 Power:0.0 Reward:12.89078982686997 Time:32542 TotalReward:351.2268496583242
STOKE: 0 convergence rate 0.21
STOKE: 1 convergence rate 0.08
STOKE: 2 convergence rate 0.10
STOKE: 3 convergence rate 0.10
STOKE: 4 convergence rate 0.51
STOKE: minQ:0.02 minInd:4
STOKE: minId:4
STOKE: shouldConverge:false tickUp:true
STOKE: At threshold 0.02
ETask 40: Configuration:4 Energy:0.0 Power:0.0 Reward:-5.020584939242987 Time:32526 TotalReward:356.24743459756723
STOKE: 0 convergence rate 0.20
STOKE: 1 convergence rate 0.08
STOKE: 2 convergence rate 0.10
STOKE: 3 convergence rate 0.10
STOKE: 4 convergence rate 0.52
STOKE: minQ:0.18 minInd:4
STOKE: minId:4
STOKE: shouldConverge:false tickUp:true
STOKE: At threshold 0.18
ETask 41: Configuration:1 Energy:0.0 Power:0.0 Reward:-5.833185073185078 Time:32504 TotalReward:362.0806196707523
STOKE: 0 convergence rate 0.20
STOKE: 1 convergence rate 0.10
STOKE: 2 convergence rate 0.10
STOKE: 3 convergence rate 0.10
STOKE: 4 convergence rate 0.51
STOKE: minQ:0.18 minInd:4
STOKE: minId:4
STOKE: shouldConverge:false tickUp:true
STOKE: At threshold 0.18
ETask 42: Configuration:4 Energy:0.0 Power:0.0 Reward:12.36888752197851 Time:32588 TotalReward:374.44950719273083
STOKE: 0 convergence rate 0.19
STOKE: 1 convergence rate 0.10
STOKE: 2 convergence rate 0.10
STOKE: 3 convergence rate 0.10
STOKE: 4 convergence rate 0.52
STOKE: minQ:0.29 minInd:4
STOKE: minId:4
STOKE: shouldConverge:false tickUp:true
STOKE: At threshold 0.29
ETask 43: Configuration:4 Energy:0.0 Power:0.0 Reward:-5.468904686719998 Time:32532 TotalReward:379.91841187945084
STOKE: 0 convergence rate 0.19
STOKE: 1 convergence rate 0.09
STOKE: 2 convergence rate 0.09
STOKE: 3 convergence rate 0.09
STOKE: 4 convergence rate 0.53
STOKE: minQ:0.08 minInd:4
STOKE: minId:4
STOKE: shouldConverge:false tickUp:true
STOKE: At threshold 0.08
ETask 44: Configuration:4 Energy:0.0 Power:0.0 Reward:-9.279698794079764 Time:32510 TotalReward:389.1981106735306
STOKE: 0 convergence rate 0.18
STOKE: 1 convergence rate 0.09
STOKE: 2 convergence rate 0.09
STOKE: 3 convergence rate 0.09
STOKE: 4 convergence rate 0.55
STOKE: minQ:0.24 minInd:4
STOKE: minId:4
STOKE: shouldConverge:false tickUp:true
STOKE: At threshold 0.24
ETask 45: Configuration:4 Energy:0.0 Power:0.0 Reward:-5.287176076028185 Time:32506 TotalReward:394.4852867495588
STOKE: 0 convergence rate 0.18
STOKE: 1 convergence rate 0.09
STOKE: 2 convergence rate 0.09
STOKE: 3 convergence rate 0.09
STOKE: 4 convergence rate 0.56
STOKE: minQ:0.41 minInd:4
STOKE: minId:4
STOKE: shouldConverge:false tickUp:true
STOKE: At threshold 0.41
ETask 46: Configuration:4 Energy:0.0 Power:0.0 Reward:-9.391393866888123 Time:32507 TotalReward:403.8766806164469
STOKE: 0 convergence rate 0.17
STOKE: 1 convergence rate 0.09
STOKE: 2 convergence rate 0.09
STOKE: 3 convergence rate 0.09
STOKE: 4 convergence rate 0.57
STOKE: minQ:0.70 minInd:4
STOKE: minId:4
STOKE: shouldConverge:false tickUp:true
STOKE: At threshold 0.70
ETask 47: Configuration:4 Energy:0.0 Power:0.0 Reward:-7.8372504327880534 Time:32507 TotalReward:411.71393104923493
STOKE: 0 convergence rate 0.17
STOKE: 1 convergence rate 0.09
STOKE: 2 convergence rate 0.09
STOKE: 3 convergence rate 0.09
STOKE: 4 convergence rate 0.57
STOKE: minQ:0.92 minInd:4
STOKE: minId:4
STOKE: shouldConverge:false tickUp:true
STOKE: At threshold 0.92
ETask 48: Configuration:3 Energy:0.0 Power:0.0 Reward:-9.179544778954508 Time:32508 TotalReward:420.8934758281894
STOKE: 0 convergence rate 0.17
STOKE: 1 convergence rate 0.08
STOKE: 2 convergence rate 0.08
STOKE: 3 convergence rate 0.10
STOKE: 4 convergence rate 0.56
STOKE: minQ:0.92 minInd:4
STOKE: minId:4
STOKE: shouldConverge:false tickUp:true
STOKE: At threshold 0.92
ETask 49: Configuration:2 Energy:0.0 Power:0.0 Reward:9.004419717157493 Time:32558 TotalReward:429.8978955453469
STOKE: 0 convergence rate 0.16
STOKE: 1 convergence rate 0.08
STOKE: 2 convergence rate 0.10
STOKE: 3 convergence rate 0.10
STOKE: 4 convergence rate 0.55
STOKE: minQ:0.92 minInd:4
STOKE: minId:4
STOKE: shouldConverge:false tickUp:true
STOKE: At threshold 0.92
ETask 50: Configuration:0 Energy:0.0 Power:0.0 Reward:8.941553778507462 Time:32563 TotalReward:438.83944932385435
STOKE: 0 convergence rate 0.18
STOKE: 1 convergence rate 0.08
STOKE: 2 convergence rate 0.10
STOKE: 3 convergence rate 0.10
STOKE: 4 convergence rate 0.54
STOKE: minQ:0.92 minInd:4
STOKE: minId:4
STOKE: shouldConverge:false tickUp:true
STOKE: At threshold 0.92
ETask 51: Configuration:4 Energy:0.0 Power:0.0 Reward:12.096551625952719 Time:32557 TotalReward:450.93600094980707
STOKE: 0 convergence rate 0.18
STOKE: 1 convergence rate 0.08
STOKE: 2 convergence rate 0.10
STOKE: 3 convergence rate 0.10
STOKE: 4 convergence rate 0.55
STOKE: minQ:0.53 minInd:4
STOKE: minId:4
STOKE: shouldConverge:false tickUp:true
STOKE: At threshold 0.53
ETask 52: Configuration:4 Energy:0.0 Power:0.0 Reward:-6.854935605808944 Time:32525 TotalReward:457.790936555616
STOKE: 0 convergence rate 0.17
STOKE: 1 convergence rate 0.08
STOKE: 2 convergence rate 0.10
STOKE: 3 convergence rate 0.10
STOKE: 4 convergence rate 0.56
STOKE: minQ:0.71 minInd:4
STOKE: minId:4
STOKE: shouldConverge:false tickUp:true
STOKE: At threshold 0.71
ETask 53: Configuration:4 Energy:0.0 Power:0.0 Reward:-7.315188216728359 Time:32506 TotalReward:465.10612477234434
STOKE: 0 convergence rate 0.17
STOKE: 1 convergence rate 0.08
STOKE: 2 convergence rate 0.09
STOKE: 3 convergence rate 0.09
STOKE: 4 convergence rate 0.57
STOKE: minQ:0.90 minInd:4
STOKE: minId:4
STOKE: shouldConverge:false tickUp:true
STOKE: At threshold 0.90
ETask 54: Configuration:4 Energy:0.0 Power:0.0 Reward:-4.380901032405973 Time:32508 TotalReward:469.4870258047503
Hit safety!
