==RUN 0==
STOKE: Start Bat: 0.910000
ELocation 0: Diff:0 ms Accuracy:13.00
STOKE: Level:0.91 Watts:6.1143
STOKE: Level:0.91 Watts:6.1143
STOKE: Level:0.91 Watts:6.1143
STOKE: Level:0.91 Watts:6.1143
STOKE: Level:0.91 Watts:6.1143
STOKE: Level:0.91 Watts:6.1143
STOKE: Level:0.91 Watts:1.3232
ETask 7: Configuration:0 Energy:0.00 Power:0.00 Reward:1.32 Time:5018 -- SAMPLE
STOKE: Level:0.91 Watts:1.3232
ETask 8: Configuration:6 Energy:0.00 Power:0.00 Reward:1.32 Time:5015 -- SAMPLE
ELocation 1: Diff:39877 ms Accuracy:13.00
STOKE: Level:0.91 Watts:1.3232
ETask 9: Configuration:12 Energy:0.00 Power:0.00 Reward:1.32 Time:5008 -- SAMPLE
ELocation 2: Diff:5060 ms Accuracy:13.00
ELocation 3: Diff:2770 ms Accuracy:19.00
STOKE: Level:0.91 Watts:1.3232
ETask 10: Configuration:0 Energy:0.00 Power:0.00 Reward:1.32 Time:5039
ELocation 4: Diff:2322 ms Accuracy:19.00
ELocation 5: Diff:-12 ms Accuracy:19.00
STOKE: Level:0.91 Watts:1.3232
ETask 11: Configuration:1 Energy:0.00 Power:0.00 Reward:1.32 Time:5008
ELocation 6: Diff:5070 ms Accuracy:19.00
ELocation 7: Diff:-7 ms Accuracy:19.00
STOKE: Level:0.91 Watts:1.3232
ETask 12: Configuration:0 Energy:0.00 Power:0.00 Reward:1.32 Time:5039
ELocation 8: Diff:5089 ms Accuracy:19.00
ELocation 9: Diff:-8 ms Accuracy:19.00
STOKE: Level:0.91 Watts:2.3071
ETask 13: Configuration:0 Energy:0.00 Power:0.00 Reward:2.31 Time:5041
STOKE: Level:0.91 Watts:2.3071
ETask 14: Configuration:1 Energy:0.00 Power:0.00 Reward:2.31 Time:5042
ELocation 10: Diff:10143 ms Accuracy:19.00
STOKE: Level:0.91 Watts:2.3071
ETask 15: Configuration:2 Energy:0.00 Power:0.00 Reward:2.31 Time:5009
ELocation 11: Diff:5050 ms Accuracy:19.00
ELocation 12: Diff:0 ms Accuracy:19.00
STOKE: Level:0.91 Watts:2.3071
ETask 16: Configuration:2 Energy:0.00 Power:0.00 Reward:2.31 Time:5007
ELocation 13: Diff:10011 ms Accuracy:19.00
STOKE: Level:0.91 Watts:2.3071
ETask 17: Configuration:8 Energy:0.00 Power:0.00 Reward:2.31 Time:5012
ELocation 14: Diff:65 ms Accuracy:19.00
ELocation 15: Diff:-13 ms Accuracy:19.00
STOKE: Level:0.91 Watts:2.3071
ETask 18: Configuration:3 Energy:0.00 Power:0.00 Reward:2.31 Time:5045
ELocation 16: Diff:5101 ms Accuracy:19.00
ELocation 17: Diff:1 ms Accuracy:19.00
ELocation 18: Diff:5017 ms Accuracy:19.00
STOKE: Level:0.91 Watts:2.4802
ETask 19: Configuration:4 Energy:0.00 Power:0.00 Reward:2.48 Time:5038
ELocation 19: Diff:62 ms Accuracy:19.00
ELocation 20: Diff:-8 ms Accuracy:19.00
ELocation 21: Diff:4963 ms Accuracy:19.00
STOKE: Level:0.91 Watts:2.4802
ETask 20: Configuration:2 Energy:0.00 Power:0.00 Reward:2.48 Time:5004
ELocation 22: Diff:95 ms Accuracy:19.00
ELocation 23: Diff:-13 ms Accuracy:19.00
STOKE: Level:0.91 Watts:2.4802
ETask 21: Configuration:4 Energy:0.00 Power:0.00 Reward:2.48 Time:5007
ELocation 24: Diff:5058 ms Accuracy:19.00
ELocation 25: Diff:-8 ms Accuracy:19.00
STOKE: Level:0.91 Watts:2.4802
ETask 22: Configuration:5 Energy:0.00 Power:0.00 Reward:2.48 Time:5035
ERun: Reward:31.70 PostConfigReward:27.73 Time:80953
==END-RUN 0==
STOKE: Config:6 | interval:0:60000 priority:1:102 sensor-configuration:0:2 | -- timeOn:1 reward:1.32 scaled:0.87 (location_accuracy,13.00,13.00)
STOKE: Config:7 | interval:1:30000 priority:1:102 sensor-configuration:0:2 | -- timeOn:1 reward:1.32 scaled:0.87 (location_accuracy,0.00,0.00)
STOKE: Config:9 | interval:3:5000 priority:1:102 sensor-configuration:0:2 | -- timeOn:1 reward:1.32 scaled:0.87 (location_accuracy,0.00,0.00)
STOKE: Config:10 | interval:4:2500 priority:1:102 sensor-configuration:0:2 | -- timeOn:1 reward:1.32 scaled:0.87 (location_accuracy,0.00,0.00)
STOKE: Config:11 | interval:5:1000 priority:1:102 sensor-configuration:0:2 | -- timeOn:1 reward:1.32 scaled:0.87 (location_accuracy,0.00,0.00)
STOKE: Config:12 | interval:0:60000 priority:2:100 sensor-configuration:0:2 | -- timeOn:1 reward:1.32 scaled:0.87 (location_accuracy,13.00,13.00)
STOKE: Config:13 | interval:1:30000 priority:2:100 sensor-configuration:0:2 | -- timeOn:1 reward:1.32 scaled:0.87 (location_accuracy,0.00,0.00)
STOKE: Config:14 | interval:2:10000 priority:2:100 sensor-configuration:0:2 | -- timeOn:1 reward:1.32 scaled:0.87 (location_accuracy,0.00,0.00)
STOKE: Config:15 | interval:3:5000 priority:2:100 sensor-configuration:0:2 | -- timeOn:1 reward:1.32 scaled:0.87 (location_accuracy,0.00,0.00)
STOKE: Config:16 | interval:4:2500 priority:2:100 sensor-configuration:0:2 | -- timeOn:1 reward:1.32 scaled:0.87 (location_accuracy,0.00,0.00)
STOKE: Config:17 | interval:5:1000 priority:2:100 sensor-configuration:0:2 | -- timeOn:1 reward:1.32 scaled:0.87 (location_accuracy,0.00,0.00)
STOKE: Config:0 | interval:0:60000 priority:0:104 sensor-configuration:0:2 | -- timeOn:4 reward:6.28 scaled:0.84 (location_accuracy,121.01,30.25)
STOKE: Config:1 | interval:1:30000 priority:0:104 sensor-configuration:0:2 | -- timeOn:3 reward:4.95 scaled:0.83 (location_accuracy,57.00,19.00)
STOKE: Config:3 | interval:3:5000 priority:0:104 sensor-configuration:0:2 | -- timeOn:2 reward:3.63 scaled:0.82 (location_accuracy,38.00,19.00)
STOKE: Config:8 | interval:2:10000 priority:1:102 sensor-configuration:0:2 | -- timeOn:2 reward:3.63 scaled:0.82 (location_accuracy,38.00,19.00)
STOKE: Config:5 | interval:5:1000 priority:0:104 sensor-configuration:0:2 | -- timeOn:2 reward:3.80 scaled:0.81 (location_accuracy,19.00,9.50)
STOKE: Config:4 | interval:4:2500 priority:0:104 sensor-configuration:0:2 | -- timeOn:3 reward:6.28 scaled:0.79 (location_accuracy,95.00,31.67)
STOKE: Config:2 | interval:2:10000 priority:0:104 sensor-configuration:0:2 | -- timeOn:4 reward:8.42 scaled:0.79 (location_accuracy,95.00,23.75)

==RUN 1==
ELocation 26: Diff:5127 ms Accuracy:21.60
ELocation 27: Diff:-6 ms Accuracy:21.60
STOKE: Level:0.91 Watts:2.4802
STOKE: Level:0.91 Watts:2.4802
STOKE: Level:0.91 Watts:1.1322
STOKE: Level:0.91 Watts:1.1322
STOKE: Level:0.91 Watts:1.1322
STOKE: Level:0.91 Watts:1.1322
STOKE: Level:0.91 Watts:1.1322
ETask 7: Configuration:0 Energy:0.00 Power:0.00 Reward:1.13 Time:5010 -- SAMPLE
STOKE: Level:0.91 Watts:1.1322
ETask 8: Configuration:6 Energy:0.00 Power:0.00 Reward:1.13 Time:5007 -- SAMPLE
ELocation 28: Diff:40146 ms Accuracy:21.60
STOKE: Level:0.91 Watts:1.8597
ETask 9: Configuration:12 Energy:0.00 Power:0.00 Reward:1.86 Time:5013 -- SAMPLE
ELocation 29: Diff:5056 ms Accuracy:21.60
ELocation 30: Diff:2699 ms Accuracy:46.00
STOKE: Level:0.91 Watts:1.8597
ETask 10: Configuration:0 Energy:0.00 Power:0.00 Reward:1.86 Time:5032
ELocation 31: Diff:2383 ms Accuracy:46.00
ELocation 32: Diff:-11 ms Accuracy:46.00
STOKE: Level:0.91 Watts:1.8597
ETask 11: Configuration:1 Energy:0.00 Power:0.00 Reward:1.86 Time:5043
ELocation 33: Diff:5108 ms Accuracy:46.00
ELocation 34: Diff:-9 ms Accuracy:46.00
STOKE: Level:0.91 Watts:1.8597
ETask 12: Configuration:2 Energy:0.00 Power:0.00 Reward:1.86 Time:5043
ELocation 35: Diff:5090 ms Accuracy:46.00
ELocation 36: Diff:0 ms Accuracy:46.00
STOKE: Level:0.91 Watts:1.8597
ETask 13: Configuration:3 Energy:0.00 Power:0.00 Reward:1.86 Time:5042
ELocation 37: Diff:5077 ms Accuracy:46.00
ELocation 38: Diff:1 ms Accuracy:46.00
ELocation 39: Diff:5015 ms Accuracy:46.00
STOKE: Level:0.91 Watts:1.8597
ETask 14: Configuration:4 Energy:0.00 Power:0.00 Reward:1.86 Time:5041
ELocation 40: Diff:69 ms Accuracy:46.00
ELocation 41: Diff:-8 ms Accuracy:46.00
ELocation 42: Diff:4957 ms Accuracy:46.00
STOKE: Level:0.91 Watts:1.1507
ETask 15: Configuration:0 Energy:0.00 Power:0.00 Reward:1.15 Time:5005
ELocation 43: Diff:107 ms Accuracy:46.00
ELocation 44: Diff:-16 ms Accuracy:46.00
STOKE: Level:0.91 Watts:1.1507
ETask 16: Configuration:16 Energy:0.00 Power:0.00 Reward:1.15 Time:5005
ELocation 45: Diff:5070 ms Accuracy:46.00
ELocation 46: Diff:-15 ms Accuracy:46.00
ELocation 47: Diff:4182 ms Accuracy:61.00
STOKE: Level:0.91 Watts:1.1507
ETask 17: Configuration:11 Energy:0.00 Power:0.00 Reward:1.15 Time:5007
ELocation 48: Diff:881 ms Accuracy:61.00
ELocation 49: Diff:163 ms Accuracy:73.15
STOKE: Level:0.91 Watts:1.1488
ETask 18: Configuration:5 Energy:0.00 Power:0.00 Reward:1.15 Time:5036
ELocation 50: Diff:4917 ms Accuracy:73.15
ELocation 51: Diff:0 ms Accuracy:73.15
ELocation 52: Diff:5014 ms Accuracy:73.15
STOKE: Level:0.91 Watts:1.1488
ETask 19: Configuration:6 Energy:0.00 Power:0.00 Reward:1.15 Time:5045
ELocation 53: Diff:72 ms Accuracy:73.15
ELocation 54: Diff:-11 ms Accuracy:73.15
STOKE: Level:0.91 Watts:1.1488
ETask 20: Configuration:7 Energy:0.00 Power:0.00 Reward:1.15 Time:5032
ELocation 55: Diff:5092 ms Accuracy:73.15
ELocation 56: Diff:-17 ms Accuracy:73.15
STOKE: Level:0.91 Watts:1.2943
ETask 21: Configuration:15 Energy:0.00 Power:0.00 Reward:1.29 Time:5008
ELocation 57: Diff:5065 ms Accuracy:73.15
ELocation 58: Diff:1 ms Accuracy:73.15
STOKE: Level:0.91 Watts:1.2943
ETask 22: Configuration:0 Energy:0.00 Power:0.00 Reward:1.29 Time:5003
ERun: Reward:22.91 PostConfigReward:46.52 Time:161961
==END-RUN 1==
STOKE: Config:8 | interval:2:10000 priority:1:102 sensor-configuration:0:2 | -- timeOn:1 reward:1.13 scaled:0.89 (location_accuracy,0.00,0.00)
STOKE: Config:9 | interval:3:5000 priority:1:102 sensor-configuration:0:2 | -- timeOn:1 reward:1.13 scaled:0.89 (location_accuracy,0.00,0.00)
STOKE: Config:10 | interval:4:2500 priority:1:102 sensor-configuration:0:2 | -- timeOn:1 reward:1.13 scaled:0.89 (location_accuracy,0.00,0.00)
STOKE: Config:5 | interval:5:1000 priority:0:104 sensor-configuration:0:2 | -- timeOn:2 reward:2.28 scaled:0.89 (location_accuracy,146.31,73.15)
STOKE: Config:6 | interval:0:60000 priority:1:102 sensor-configuration:0:2 | -- timeOn:2 reward:2.28 scaled:0.89 (location_accuracy,241.06,120.53)
STOKE: Config:7 | interval:1:30000 priority:1:102 sensor-configuration:0:2 | -- timeOn:2 reward:2.28 scaled:0.89 (location_accuracy,146.31,73.15)
STOKE: Config:11 | interval:5:1000 priority:1:102 sensor-configuration:0:2 | -- timeOn:2 reward:2.28 scaled:0.89 (location_accuracy,168.00,84.00)
STOKE: Config:0 | interval:0:60000 priority:0:104 sensor-configuration:0:2 | -- timeOn:4 reward:5.44 scaled:0.86 (location_accuracy,346.35,86.59)
STOKE: Config:1 | interval:1:30000 priority:0:104 sensor-configuration:0:2 | -- timeOn:2 reward:2.99 scaled:0.85 (location_accuracy,92.00,46.00)
STOKE: Config:2 | interval:2:10000 priority:0:104 sensor-configuration:0:2 | -- timeOn:2 reward:2.99 scaled:0.85 (location_accuracy,92.00,46.00)
STOKE: Config:3 | interval:3:5000 priority:0:104 sensor-configuration:0:2 | -- timeOn:2 reward:2.99 scaled:0.85 (location_accuracy,92.00,46.00)
STOKE: Config:4 | interval:4:2500 priority:0:104 sensor-configuration:0:2 | -- timeOn:2 reward:2.99 scaled:0.85 (location_accuracy,138.00,69.00)
STOKE: Config:16 | interval:4:2500 priority:2:100 sensor-configuration:0:2 | -- timeOn:2 reward:3.01 scaled:0.85 (location_accuracy,92.00,46.00)
STOKE: Config:15 | interval:3:5000 priority:2:100 sensor-configuration:0:2 | -- timeOn:2 reward:3.15 scaled:0.84 (location_accuracy,146.31,73.15)
STOKE: Config:12 | interval:0:60000 priority:2:100 sensor-configuration:0:2 | -- timeOn:1 reward:1.86 scaled:0.81 (location_accuracy,21.60,21.60)
STOKE: Config:13 | interval:1:30000 priority:2:100 sensor-configuration:0:2 | -- timeOn:1 reward:1.86 scaled:0.81 (location_accuracy,0.00,0.00)
STOKE: Config:14 | interval:2:10000 priority:2:100 sensor-configuration:0:2 | -- timeOn:1 reward:1.86 scaled:0.81 (location_accuracy,0.00,0.00)
STOKE: Config:17 | interval:5:1000 priority:2:100 sensor-configuration:0:2 | -- timeOn:1 reward:1.86 scaled:0.81 (location_accuracy,0.00,0.00)

==RUN 2==
ELocation 59: Diff:5054 ms Accuracy:25.00
ELocation 60: Diff:-7 ms Accuracy:25.00
STOKE: Level:0.91 Watts:1.2943
STOKE: Level:0.91 Watts:1.2943
STOKE: Level:0.91 Watts:1.2943
STOKE: Level:0.91 Watts:1.2943
STOKE: Level:0.91 Watts:1.4417
STOKE: Level:0.91 Watts:1.4417
STOKE: Level:0.91 Watts:1.4417
ETask 7: Configuration:0 Energy:0.00 Power:0.00 Reward:1.44 Time:5010 -- SAMPLE
STOKE: Level:0.91 Watts:1.4417
ETask 8: Configuration:6 Energy:0.00 Power:0.00 Reward:1.44 Time:5010 -- SAMPLE
ELocation 61: Diff:40150 ms Accuracy:28.55
STOKE: Level:0.91 Watts:1.4417
ETask 9: Configuration:12 Energy:0.00 Power:0.00 Reward:1.44 Time:5010 -- SAMPLE
ELocation 62: Diff:5062 ms Accuracy:28.55
ELocation 63: Diff:3564 ms Accuracy:88.00
STOKE: Level:0.91 Watts:1.4417
ETask 10: Configuration:0 Energy:0.00 Power:0.00 Reward:1.44 Time:5041
ELocation 64: Diff:1525 ms Accuracy:88.00
ELocation 65: Diff:-12 ms Accuracy:88.00
STOKE: Level:0.91 Watts:1.1729
ETask 11: Configuration:7 Energy:0.00 Power:0.00 Reward:1.17 Time:5009
ELocation 66: Diff:5068 ms Accuracy:88.00
ELocation 67: Diff:-8 ms Accuracy:88.00
STOKE: Level:0.91 Watts:1.1729
ETask 12: Configuration:6 Energy:0.00 Power:0.00 Reward:1.17 Time:5012
ELocation 68: Diff:5063 ms Accuracy:88.00
ELocation 69: Diff:-10 ms Accuracy:88.00
STOKE: Level:0.91 Watts:1.1729
ETask 13: Configuration:6 Energy:0.00 Power:0.00 Reward:1.17 Time:5031
STOKE: Level:0.91 Watts:1.1729
ETask 14: Configuration:6 Energy:0.00 Power:0.00 Reward:1.17 Time:5035
STOKE: Level:0.91 Watts:1.1729
ETask 15: Configuration:6 Energy:0.00 Power:0.00 Reward:1.17 Time:5058
STOKE: Level:0.91 Watts:1.1729
ETask 16: Configuration:8 Energy:0.00 Power:0.00 Reward:1.17 Time:5009
ELocation 70: Diff:20212 ms Accuracy:88.00
ELocation 71: Diff:1 ms Accuracy:88.00
STOKE: Level:0.91 Watts:1.2199
ETask 17: Configuration:6 Energy:0.00 Power:0.00 Reward:1.22 Time:5051
ELocation 72: Diff:5099 ms Accuracy:88.00
ELocation 73: Diff:-8 ms Accuracy:88.00
STOKE: Level:0.91 Watts:1.2199
ETask 18: Configuration:14 Energy:0.00 Power:0.00 Reward:1.22 Time:5006
ELocation 74: Diff:5057 ms Accuracy:88.00
ELocation 75: Diff:-11 ms Accuracy:88.00
STOKE: Level:0.91 Watts:1.2199
ETask 19: Configuration:2 Energy:0.00 Power:0.00 Reward:1.22 Time:5006
ELocation 76: Diff:5061 ms Accuracy:53.00
ELocation 77: Diff:-12 ms Accuracy:53.00
STOKE: Level:0.91 Watts:1.2179
ETask 20: Configuration:6 Energy:0.00 Power:0.00 Reward:1.22 Time:5038
ELocation 78: Diff:5099 ms Accuracy:53.00
ELocation 79: Diff:-8 ms Accuracy:53.00
STOKE: Level:0.91 Watts:1.2179
ETask 21: Configuration:6 Energy:0.00 Power:0.00 Reward:1.22 Time:5034
STOKE: Level:0.91 Watts:1.2179
ETask 22: Configuration:4 Energy:0.00 Power:0.00 Reward:1.22 Time:5010
ERun: Reward:20.12 PostConfigReward:62.31 Time:242841
==END-RUN 2==
STOKE: Config:6 | interval:0:60000 priority:1:102 sensor-configuration:0:2 | -- timeOn:8 reward:9.79 scaled:0.88 (location_accuracy,627.55,78.44)
STOKE: Config:7 | interval:1:30000 priority:1:102 sensor-configuration:0:2 | -- timeOn:2 reward:2.61 scaled:0.87 (location_accuracy,176.00,88.00)
STOKE: Config:8 | interval:2:10000 priority:1:102 sensor-configuration:0:2 | -- timeOn:2 reward:2.61 scaled:0.87 (location_accuracy,88.00,44.00)
STOKE: Config:4 | interval:4:2500 priority:0:104 sensor-configuration:0:2 | -- timeOn:2 reward:2.66 scaled:0.87 (location_accuracy,0.00,0.00)
STOKE: Config:2 | interval:2:10000 priority:0:104 sensor-configuration:0:2 | -- timeOn:2 reward:2.66 scaled:0.87 (location_accuracy,141.00,70.50)
STOKE: Config:14 | interval:2:10000 priority:2:100 sensor-configuration:0:2 | -- timeOn:2 reward:2.66 scaled:0.87 (location_accuracy,176.00,88.00)
STOKE: Config:0 | interval:0:60000 priority:0:104 sensor-configuration:0:2 | -- timeOn:2 reward:2.88 scaled:0.86 (location_accuracy,226.00,113.00)
STOKE: Config:1 | interval:1:30000 priority:0:104 sensor-configuration:0:2 | -- timeOn:1 reward:1.44 scaled:0.86 (location_accuracy,0.00,0.00)
STOKE: Config:3 | interval:3:5000 priority:0:104 sensor-configuration:0:2 | -- timeOn:1 reward:1.44 scaled:0.86 (location_accuracy,0.00,0.00)
STOKE: Config:5 | interval:5:1000 priority:0:104 sensor-configuration:0:2 | -- timeOn:1 reward:1.44 scaled:0.86 (location_accuracy,0.00,0.00)
STOKE: Config:9 | interval:3:5000 priority:1:102 sensor-configuration:0:2 | -- timeOn:1 reward:1.44 scaled:0.86 (location_accuracy,0.00,0.00)
STOKE: Config:10 | interval:4:2500 priority:1:102 sensor-configuration:0:2 | -- timeOn:1 reward:1.44 scaled:0.86 (location_accuracy,0.00,0.00)
STOKE: Config:11 | interval:5:1000 priority:1:102 sensor-configuration:0:2 | -- timeOn:1 reward:1.44 scaled:0.86 (location_accuracy,0.00,0.00)
STOKE: Config:12 | interval:0:60000 priority:2:100 sensor-configuration:0:2 | -- timeOn:1 reward:1.44 scaled:0.86 (location_accuracy,28.55,28.55)
STOKE: Config:13 | interval:1:30000 priority:2:100 sensor-configuration:0:2 | -- timeOn:1 reward:1.44 scaled:0.86 (location_accuracy,0.00,0.00)
STOKE: Config:15 | interval:3:5000 priority:2:100 sensor-configuration:0:2 | -- timeOn:1 reward:1.44 scaled:0.86 (location_accuracy,0.00,0.00)
STOKE: Config:16 | interval:4:2500 priority:2:100 sensor-configuration:0:2 | -- timeOn:1 reward:1.44 scaled:0.86 (location_accuracy,0.00,0.00)
STOKE: Config:17 | interval:5:1000 priority:2:100 sensor-configuration:0:2 | -- timeOn:1 reward:1.44 scaled:0.86 (location_accuracy,0.00,0.00)

==RUN 3==
ELocation 80: Diff:10148 ms Accuracy:145.26
ELocation 81: Diff:-6 ms Accuracy:145.26
STOKE: Level:0.91 Watts:1.1341
STOKE: Level:0.91 Watts:1.1341
STOKE: Level:0.91 Watts:1.1341
STOKE: Level:0.91 Watts:1.1341
STOKE: Level:0.91 Watts:1.1341
STOKE: Level:0.91 Watts:1.1341
STOKE: Level:0.91 Watts:1.1291
ETask 7: Configuration:0 Energy:0.00 Power:0.00 Reward:1.13 Time:5008 -- SAMPLE
STOKE: Level:0.91 Watts:1.1291
ETask 8: Configuration:6 Energy:0.00 Power:0.00 Reward:1.13 Time:5012 -- SAMPLE
ELocation 82: Diff:40149 ms Accuracy:145.26
STOKE: Level:0.91 Watts:1.1291
ETask 9: Configuration:12 Energy:0.00 Power:0.00 Reward:1.13 Time:5009 -- SAMPLE
ELocation 83: Diff:5058 ms Accuracy:145.26
ELocation 84: Diff:3535 ms Accuracy:21.00
STOKE: Level:0.91 Watts:1.1291
ETask 10: Configuration:0 Energy:0.00 Power:0.00 Reward:1.13 Time:5036
ELocation 85: Diff:1549 ms Accuracy:21.00
ELocation 86: Diff:-11 ms Accuracy:21.00
STOKE: Level:0.91 Watts:1.1291
ETask 11: Configuration:0 Energy:0.00 Power:0.00 Reward:1.13 Time:5041
STOKE: Level:0.91 Watts:1.1291
ETask 12: Configuration:0 Energy:0.00 Power:0.00 Reward:1.13 Time:5038
STOKE: Level:0.91 Watts:1.1291
ETask 13: Configuration:17 Energy:0.00 Power:0.00 Reward:1.13 Time:5012
ELocation 87: Diff:15166 ms Accuracy:21.00
ELocation 88: Diff:1 ms Accuracy:21.00
ELocation 89: Diff:1697 ms Accuracy:20.00
ELocation 90: Diff:1598 ms Accuracy:10.00
ELocation 91: Diff:1000 ms Accuracy:6.00
STOKE: Level:0.91 Watts:3.4639
ETask 14: Configuration:0 Energy:0.00 Power:0.00 Reward:3.46 Time:5040
ELocation 92: Diff:803 ms Accuracy:6.00
ELocation 93: Diff:-11 ms Accuracy:6.00
STOKE: Level:0.91 Watts:3.4639
ETask 15: Configuration:8 Energy:0.00 Power:0.00 Reward:3.46 Time:5010
ELocation 94: Diff:5063 ms Accuracy:16.23
ELocation 95: Diff:-8 ms Accuracy:16.23
STOKE: Level:0.91 Watts:3.4639
ETask 16: Configuration:17 Energy:0.00 Power:0.00 Reward:3.46 Time:5009
ELocation 96: Diff:5059 ms Accuracy:16.23
ELocation 97: Diff:1 ms Accuracy:16.23
ELocation 98: Diff:2499 ms Accuracy:29.00
ELocation 99: Diff:1594 ms Accuracy:20.00
STOKE: Level:0.91 Watts:3.4639
ETask 17: Configuration:14 Energy:0.00 Power:0.00 Reward:3.46 Time:5008
ELocation 100: Diff:972 ms Accuracy:20.00
ELocation 101: Diff:-10 ms Accuracy:20.00
STOKE: Level:0.91 Watts:3.4639
ETask 18: Configuration:9 Energy:0.00 Power:0.00 Reward:3.46 Time:5008
ELocation 102: Diff:5062 ms Accuracy:9.00
STOKE: Level:0.91 Watts:3.4639
ETask 19: Configuration:10 Energy:0.00 Power:0.00 Reward:3.46 Time:5011
ELocation 103: Diff:5052 ms Accuracy:9.00
ELocation 104: Diff:1 ms Accuracy:9.00
STOKE: Level:0.91 Watts:2.3723
ETask 20: Configuration:16 Energy:0.00 Power:0.00 Reward:2.37 Time:5015
ELocation 105: Diff:5061 ms Accuracy:9.00
ELocation 106: Diff:-40 ms Accuracy:9.00
ELocation 107: Diff:32 ms Accuracy:9.00
ELocation 108: Diff:3267 ms Accuracy:21.00
STOKE: Level:0.91 Watts:2.3723
ETask 21: Configuration:1 Energy:0.00 Power:0.00 Reward:2.37 Time:5030
ELocation 109: Diff:1805 ms Accuracy:13.00
ELocation 110: Diff:-10 ms Accuracy:13.00
STOKE: Level:0.91 Watts:2.3723
ETask 22: Configuration:2 Energy:0.00 Power:0.00 Reward:2.37 Time:5037
ERun: Reward:35.80 PostConfigReward:94.73 Time:323746
==END-RUN 3==
STOKE: Config:3 | interval:3:5000 priority:0:104 sensor-configuration:0:2 | -- timeOn:1 reward:1.13 scaled:0.89 (location_accuracy,0.00,0.00)
STOKE: Config:4 | interval:4:2500 priority:0:104 sensor-configuration:0:2 | -- timeOn:1 reward:1.13 scaled:0.89 (location_accuracy,0.00,0.00)
STOKE: Config:5 | interval:5:1000 priority:0:104 sensor-configuration:0:2 | -- timeOn:1 reward:1.13 scaled:0.89 (location_accuracy,0.00,0.00)
STOKE: Config:6 | interval:0:60000 priority:1:102 sensor-configuration:0:2 | -- timeOn:1 reward:1.13 scaled:0.89 (location_accuracy,145.26,145.26)
STOKE: Config:7 | interval:1:30000 priority:1:102 sensor-configuration:0:2 | -- timeOn:1 reward:1.13 scaled:0.89 (location_accuracy,0.00,0.00)
STOKE: Config:11 | interval:5:1000 priority:1:102 sensor-configuration:0:2 | -- timeOn:1 reward:1.13 scaled:0.89 (location_accuracy,0.00,0.00)
STOKE: Config:12 | interval:0:60000 priority:2:100 sensor-configuration:0:2 | -- timeOn:1 reward:1.13 scaled:0.89 (location_accuracy,145.26,145.26)
STOKE: Config:13 | interval:1:30000 priority:2:100 sensor-configuration:0:2 | -- timeOn:1 reward:1.13 scaled:0.89 (location_accuracy,0.00,0.00)
STOKE: Config:15 | interval:3:5000 priority:2:100 sensor-configuration:0:2 | -- timeOn:1 reward:1.13 scaled:0.89 (location_accuracy,0.00,0.00)
STOKE: Config:0 | interval:0:60000 priority:0:104 sensor-configuration:0:2 | -- timeOn:5 reward:7.98 scaled:0.84 (location_accuracy,416.52,83.30)
STOKE: Config:1 | interval:1:30000 priority:0:104 sensor-configuration:0:2 | -- timeOn:2 reward:3.50 scaled:0.82 (location_accuracy,52.00,26.00)
STOKE: Config:2 | interval:2:10000 priority:0:104 sensor-configuration:0:2 | -- timeOn:2 reward:3.50 scaled:0.82 (location_accuracy,13.00,6.50)
STOKE: Config:16 | interval:4:2500 priority:2:100 sensor-configuration:0:2 | -- timeOn:2 reward:3.50 scaled:0.82 (location_accuracy,18.00,9.00)
STOKE: Config:17 | interval:5:1000 priority:2:100 sensor-configuration:0:2 | -- timeOn:3 reward:5.72 scaled:0.81 (location_accuracy,53.46,17.82)
STOKE: Config:8 | interval:2:10000 priority:1:102 sensor-configuration:0:2 | -- timeOn:2 reward:4.59 scaled:0.77 (location_accuracy,22.23,11.12)
STOKE: Config:9 | interval:3:5000 priority:1:102 sensor-configuration:0:2 | -- timeOn:2 reward:4.59 scaled:0.77 (location_accuracy,29.00,14.50)
STOKE: Config:10 | interval:4:2500 priority:1:102 sensor-configuration:0:2 | -- timeOn:2 reward:4.59 scaled:0.77 (location_accuracy,9.00,4.50)
STOKE: Config:14 | interval:2:10000 priority:2:100 sensor-configuration:0:2 | -- timeOn:2 reward:4.59 scaled:0.77 (location_accuracy,85.23,42.62)

==RUN 4==
ELocation 111: Diff:5130 ms Accuracy:16.11
ELocation 112: Diff:-6 ms Accuracy:16.11
STOKE: Level:0.91 Watts:2.3723
STOKE: Level:0.91 Watts:2.3723
STOKE: Level:0.91 Watts:2.3723
STOKE: Level:0.91 Watts:1.1995
STOKE: Level:0.91 Watts:1.1995
STOKE: Level:0.91 Watts:1.1995
STOKE: Level:0.91 Watts:1.1995
ETask 7: Configuration:0 Energy:0.00 Power:0.00 Reward:1.20 Time:5008 -- SAMPLE
STOKE: Level:0.91 Watts:1.1995
ETask 8: Configuration:6 Energy:0.00 Power:0.00 Reward:1.20 Time:5008 -- SAMPLE
ELocation 113: Diff:40141 ms Accuracy:16.11
ELocation 114: Diff:-9 ms Accuracy:16.11
STOKE: Level:0.91 Watts:1.1995
ETask 9: Configuration:12 Energy:0.00 Power:0.00 Reward:1.20 Time:5010 -- SAMPLE
ELocation 115: Diff:5071 ms Accuracy:16.11
ELocation 116: Diff:-8 ms Accuracy:16.11
STOKE: Level:0.91 Watts:2.6051
ETask 10: Configuration:0 Energy:0.00 Power:0.00 Reward:2.61 Time:5048
ELocation 117: Diff:5110 ms Accuracy:27.00
ELocation 118: Diff:-12 ms Accuracy:27.00
STOKE: Level:0.91 Watts:2.6051
ETask 11: Configuration:0 Energy:0.00 Power:0.00 Reward:2.61 Time:5011
STOKE: Level:0.91 Watts:2.6051
ETask 12: Configuration:14 Energy:0.00 Power:0.00 Reward:2.61 Time:5010
ELocation 119: Diff:10087 ms Accuracy:27.00
ELocation 120: Diff:1 ms Accuracy:27.00
STOKE: Level:0.91 Watts:2.6051
ETask 13: Configuration:1 Energy:0.00 Power:0.00 Reward:2.61 Time:5044
ELocation 121: Diff:5081 ms Accuracy:25.00
ELocation 122: Diff:-8 ms Accuracy:25.00
STOKE: Level:0.91 Watts:2.6051
ETask 14: Configuration:2 Energy:0.00 Power:0.00 Reward:2.61 Time:5037
ELocation 123: Diff:5091 ms Accuracy:25.00
ELocation 124: Diff:96 ms Accuracy:127.08
STOKE: Level:0.91 Watts:2.6051
ETask 15: Configuration:3 Energy:0.00 Power:0.00 Reward:2.61 Time:5039
ELocation 125: Diff:4988 ms Accuracy:127.08
STOKE: Level:0.91 Watts:2.3425
ETask 16: Configuration:2 Energy:0.00 Power:0.00 Reward:2.34 Time:5010
ELocation 126: Diff:5050 ms Accuracy:127.08
ELocation 127: Diff:1803 ms Accuracy:127.08
STOKE: Level:0.91 Watts:2.3425
ETask 17: Configuration:4 Energy:0.00 Power:0.00 Reward:2.34 Time:5032
ELocation 128: Diff:3278 ms Accuracy:127.08
ELocation 129: Diff:0 ms Accuracy:127.08
ELocation 130: Diff:5028 ms Accuracy:127.08
STOKE: Level:0.91 Watts:2.3425
ETask 18: Configuration:5 Energy:0.00 Power:0.00 Reward:2.34 Time:5054
ELocation 131: Diff:62 ms Accuracy:127.08
ELocation 132: Diff:-7 ms Accuracy:127.08
ELocation 133: Diff:4964 ms Accuracy:127.08
STOKE: Level:0.91 Watts:2.3425
ETask 19: Configuration:6 Energy:0.00 Power:0.00 Reward:2.34 Time:5030
ELocation 134: Diff:129 ms Accuracy:127.08
ELocation 135: Diff:-13 ms Accuracy:127.08
STOKE: Level:0.91 Watts:2.3425
ETask 20: Configuration:7 Energy:0.00 Power:0.00 Reward:2.34 Time:5041
ELocation 136: Diff:5096 ms Accuracy:127.08
ELocation 137: Diff:-8 ms Accuracy:127.08
STOKE: Level:0.91 Watts:2.3425
ETask 21: Configuration:12 Energy:0.00 Power:0.00 Reward:2.34 Time:5010
ELocation 138: Diff:5068 ms Accuracy:127.08
ELocation 139: Diff:-6 ms Accuracy:127.08
STOKE: Level:0.91 Watts:2.6013
ETask 22: Configuration:8 Energy:0.00 Power:0.00 Reward:2.60 Time:5034
ERun: Reward:35.89 PostConfigReward:127.01 Time:404791
==END-RUN 4==
STOKE: Config:9 | interval:3:5000 priority:1:102 sensor-configuration:0:2 | -- timeOn:1 reward:1.20 scaled:0.88 (location_accuracy,0.00,0.00)
STOKE: Config:10 | interval:4:2500 priority:1:102 sensor-configuration:0:2 | -- timeOn:1 reward:1.20 scaled:0.88 (location_accuracy,0.00,0.00)
STOKE: Config:11 | interval:5:1000 priority:1:102 sensor-configuration:0:2 | -- timeOn:1 reward:1.20 scaled:0.88 (location_accuracy,0.00,0.00)
STOKE: Config:13 | interval:1:30000 priority:2:100 sensor-configuration:0:2 | -- timeOn:1 reward:1.20 scaled:0.88 (location_accuracy,0.00,0.00)
STOKE: Config:15 | interval:3:5000 priority:2:100 sensor-configuration:0:2 | -- timeOn:1 reward:1.20 scaled:0.88 (location_accuracy,0.00,0.00)
STOKE: Config:16 | interval:4:2500 priority:2:100 sensor-configuration:0:2 | -- timeOn:1 reward:1.20 scaled:0.88 (location_accuracy,0.00,0.00)
STOKE: Config:17 | interval:5:1000 priority:2:100 sensor-configuration:0:2 | -- timeOn:1 reward:1.20 scaled:0.88 (location_accuracy,0.00,0.00)
STOKE: Config:4 | interval:4:2500 priority:0:104 sensor-configuration:0:2 | -- timeOn:2 reward:3.54 scaled:0.82 (location_accuracy,254.15,127.08)
STOKE: Config:5 | interval:5:1000 priority:0:104 sensor-configuration:0:2 | -- timeOn:2 reward:3.54 scaled:0.82 (location_accuracy,381.23,190.61)
STOKE: Config:6 | interval:0:60000 priority:1:102 sensor-configuration:0:2 | -- timeOn:2 reward:3.54 scaled:0.82 (location_accuracy,397.33,198.67)
STOKE: Config:7 | interval:1:30000 priority:1:102 sensor-configuration:0:2 | -- timeOn:2 reward:3.54 scaled:0.82 (location_accuracy,254.15,127.08)
STOKE: Config:12 | interval:0:60000 priority:2:100 sensor-configuration:0:2 | -- timeOn:2 reward:3.54 scaled:0.82 (location_accuracy,286.36,143.18)
STOKE: Config:8 | interval:2:10000 priority:1:102 sensor-configuration:0:2 | -- timeOn:2 reward:3.80 scaled:0.81 (location_accuracy,127.08,63.54)
STOKE: Config:1 | interval:1:30000 priority:0:104 sensor-configuration:0:2 | -- timeOn:2 reward:3.80 scaled:0.81 (location_accuracy,52.00,26.00)
STOKE: Config:3 | interval:3:5000 priority:0:104 sensor-configuration:0:2 | -- timeOn:2 reward:3.80 scaled:0.81 (location_accuracy,254.15,127.08)
STOKE: Config:14 | interval:2:10000 priority:2:100 sensor-configuration:0:2 | -- timeOn:2 reward:3.80 scaled:0.81 (location_accuracy,27.00,13.50)
STOKE: Config:2 | interval:2:10000 priority:0:104 sensor-configuration:0:2 | -- timeOn:3 reward:6.15 scaled:0.80 (location_accuracy,177.08,59.03)
STOKE: Config:0 | interval:0:60000 priority:0:104 sensor-configuration:0:2 | -- timeOn:3 reward:6.41 scaled:0.79 (location_accuracy,102.32,34.11)

==RUN 5==
ELocation 140: Diff:5136 ms Accuracy:30.00
ELocation 141: Diff:-9 ms Accuracy:30.00
STOKE: Level:0.91 Watts:2.6013
STOKE: Level:0.91 Watts:2.6013
STOKE: Level:0.91 Watts:2.6013
STOKE: Level:0.91 Watts:2.6013
STOKE: Level:0.91 Watts:2.6013
STOKE: Level:0.91 Watts:1.1202
STOKE: Level:0.91 Watts:1.1202
ETask 7: Configuration:0 Energy:0.00 Power:0.00 Reward:1.12 Time:5010 -- SAMPLE
STOKE: Level:0.91 Watts:1.1202
ETask 8: Configuration:6 Energy:0.00 Power:0.00 Reward:1.12 Time:5009 -- SAMPLE
ELocation 142: Diff:40152 ms Accuracy:30.00
STOKE: Level:0.91 Watts:1.1202
ETask 9: Configuration:12 Energy:0.00 Power:0.00 Reward:1.12 Time:5011 -- SAMPLE
ELocation 143: Diff:5053 ms Accuracy:30.00
ELocation 144: Diff:3279 ms Accuracy:141.00
STOKE: Level:0.91 Watts:1.1202
ETask 10: Configuration:0 Energy:0.00 Power:0.00 Reward:1.12 Time:5031
ELocation 145: Diff:1813 ms Accuracy:141.00
ELocation 146: Diff:-11 ms Accuracy:141.00
STOKE: Level:0.91 Watts:1.1202
ETask 11: Configuration:1 Energy:0.00 Power:0.00 Reward:1.12 Time:5009
ELocation 147: Diff:5067 ms Accuracy:141.00
ELocation 148: Diff:-7 ms Accuracy:141.00
STOKE: Level:0.91 Watts:1.1322
ETask 12: Configuration:0 Energy:0.00 Power:0.00 Reward:1.13 Time:5036
ELocation 149: Diff:5093 ms Accuracy:20.00
ELocation 150: Diff:-6 ms Accuracy:20.00
STOKE: Level:0.91 Watts:1.1322
ETask 13: Configuration:1 Energy:0.00 Power:0.00 Reward:1.13 Time:5035
ELocation 151: Diff:5087 ms Accuracy:20.00
ELocation 152: Diff:-11 ms Accuracy:20.00
STOKE: Level:0.91 Watts:1.1322
ETask 14: Configuration:2 Energy:0.00 Power:0.00 Reward:1.13 Time:5031
ELocation 153: Diff:5077 ms Accuracy:20.00
ELocation 154: Diff:1 ms Accuracy:20.00
STOKE: Level:0.91 Watts:1.1322
ETask 15: Configuration:15 Energy:0.00 Power:0.00 Reward:1.13 Time:5008
ELocation 155: Diff:5054 ms Accuracy:20.00
ELocation 156: Diff:0 ms Accuracy:20.00
STOKE: Level:0.91 Watts:1.1322
ETask 16: Configuration:3 Energy:0.00 Power:0.00 Reward:1.13 Time:5037
ELocation 157: Diff:5087 ms Accuracy:37.00
ELocation 158: Diff:-12 ms Accuracy:37.00
STOKE: Level:0.91 Watts:1.1322
ETask 17: Configuration:4 Energy:0.00 Power:0.00 Reward:1.13 Time:5035
ELocation 159: Diff:5082 ms Accuracy:39.74
ELocation 160: Diff:1 ms Accuracy:39.74
STOKE: Level:0.91 Watts:1.1335
ETask 18: Configuration:8 Energy:0.00 Power:0.00 Reward:1.13 Time:5014
ELocation 161: Diff:5061 ms Accuracy:39.74
ELocation 162: Diff:-44 ms Accuracy:39.74
ELocation 163: Diff:36 ms Accuracy:39.74
STOKE: Level:0.91 Watts:1.1335
ETask 19: Configuration:5 Energy:0.00 Power:0.00 Reward:1.13 Time:5033
ELocation 164: Diff:5091 ms Accuracy:39.74
ELocation 165: Diff:-13 ms Accuracy:39.74
STOKE: Level:0.91 Watts:1.1335
ETask 20: Configuration:11 Energy:0.00 Power:0.00 Reward:1.13 Time:5009
ELocation 166: Diff:5070 ms Accuracy:39.74
ELocation 167: Diff:0 ms Accuracy:39.74
ELocation 168: Diff:5014 ms Accuracy:39.74
STOKE: Level:0.91 Watts:1.1335
ETask 21: Configuration:6 Energy:0.00 Power:0.00 Reward:1.13 Time:5036
ELocation 169: Diff:66 ms Accuracy:39.74
ELocation 170: Diff:-7 ms Accuracy:39.74
STOKE: Level:0.91 Watts:1.1335
ETask 22: Configuration:7 Energy:0.00 Power:0.00 Reward:1.13 Time:5031
ERun: Reward:18.06 PostConfigReward:141.72 Time:485818
==END-RUN 5==
STOKE: Config:9 | interval:3:5000 priority:1:102 sensor-configuration:0:2 | -- timeOn:1 reward:1.12 scaled:0.89 (location_accuracy,0.00,0.00)
STOKE: Config:10 | interval:4:2500 priority:1:102 sensor-configuration:0:2 | -- timeOn:1 reward:1.12 scaled:0.89 (location_accuracy,0.00,0.00)
STOKE: Config:12 | interval:0:60000 priority:2:100 sensor-configuration:0:2 | -- timeOn:1 reward:1.12 scaled:0.89 (location_accuracy,30.00,30.00)
STOKE: Config:13 | interval:1:30000 priority:2:100 sensor-configuration:0:2 | -- timeOn:1 reward:1.12 scaled:0.89 (location_accuracy,0.00,0.00)
STOKE: Config:14 | interval:2:10000 priority:2:100 sensor-configuration:0:2 | -- timeOn:1 reward:1.12 scaled:0.89 (location_accuracy,0.00,0.00)
STOKE: Config:16 | interval:4:2500 priority:2:100 sensor-configuration:0:2 | -- timeOn:1 reward:1.12 scaled:0.89 (location_accuracy,0.00,0.00)
STOKE: Config:17 | interval:5:1000 priority:2:100 sensor-configuration:0:2 | -- timeOn:1 reward:1.12 scaled:0.89 (location_accuracy,0.00,0.00)
STOKE: Config:0 | interval:0:60000 priority:0:104 sensor-configuration:0:2 | -- timeOn:3 reward:3.37 scaled:0.89 (location_accuracy,503.00,167.67)
STOKE: Config:1 | interval:1:30000 priority:0:104 sensor-configuration:0:2 | -- timeOn:3 reward:3.37 scaled:0.89 (location_accuracy,322.00,107.33)
STOKE: Config:2 | interval:2:10000 priority:0:104 sensor-configuration:0:2 | -- timeOn:2 reward:2.25 scaled:0.89 (location_accuracy,40.00,20.00)
STOKE: Config:3 | interval:3:5000 priority:0:104 sensor-configuration:0:2 | -- timeOn:2 reward:2.25 scaled:0.89 (location_accuracy,57.00,28.50)
STOKE: Config:4 | interval:4:2500 priority:0:104 sensor-configuration:0:2 | -- timeOn:2 reward:2.25 scaled:0.89 (location_accuracy,76.74,38.37)
STOKE: Config:15 | interval:3:5000 priority:2:100 sensor-configuration:0:2 | -- timeOn:2 reward:2.25 scaled:0.89 (location_accuracy,40.00,20.00)
STOKE: Config:5 | interval:5:1000 priority:0:104 sensor-configuration:0:2 | -- timeOn:2 reward:2.25 scaled:0.89 (location_accuracy,119.23,59.61)
STOKE: Config:6 | interval:0:60000 priority:1:102 sensor-configuration:0:2 | -- timeOn:2 reward:2.25 scaled:0.89 (location_accuracy,149.23,74.61)
STOKE: Config:7 | interval:1:30000 priority:1:102 sensor-configuration:0:2 | -- timeOn:2 reward:2.25 scaled:0.89 (location_accuracy,39.74,19.87)
STOKE: Config:8 | interval:2:10000 priority:1:102 sensor-configuration:0:2 | -- timeOn:2 reward:2.25 scaled:0.89 (location_accuracy,79.49,39.74)
STOKE: Config:11 | interval:5:1000 priority:1:102 sensor-configuration:0:2 | -- timeOn:2 reward:2.25 scaled:0.89 (location_accuracy,79.49,39.74)

==RUN 6==
ELocation 171: Diff:5096 ms Accuracy:39.74
ELocation 172: Diff:-6 ms Accuracy:39.74
STOKE: Level:0.91 Watts:1.1335
STOKE: Level:0.91 Watts:1.5528
STOKE: Level:0.91 Watts:1.5528
STOKE: Level:0.89 Watts:1.5419
STOKE: Level:0.89 Watts:1.5419
STOKE: Level:0.89 Watts:1.5419
STOKE: Level:0.89 Watts:1.5419
ETask 7: Configuration:0 Energy:0.00 Power:0.00 Reward:1.54 Time:5012 -- SAMPLE
STOKE: Level:0.89 Watts:1.5797
ETask 8: Configuration:6 Energy:0.00 Power:0.00 Reward:1.58 Time:5010 -- SAMPLE
ELocation 173: Diff:40151 ms Accuracy:39.74
STOKE: Level:0.89 Watts:1.5797
ETask 9: Configuration:12 Energy:0.00 Power:0.00 Reward:1.58 Time:5009 -- SAMPLE
ELocation 174: Diff:5053 ms Accuracy:39.74
ELocation 175: Diff:3117 ms Accuracy:32.00
STOKE: Level:0.89 Watts:1.5797
ETask 10: Configuration:0 Energy:0.00 Power:0.00 Reward:1.58 Time:5033
ELocation 176: Diff:1984 ms Accuracy:32.00
ELocation 177: Diff:-13 ms Accuracy:32.00
STOKE: Level:0.89 Watts:1.5797
ETask 11: Configuration:1 Energy:0.00 Power:0.00 Reward:1.58 Time:5036
ELocation 178: Diff:5097 ms Accuracy:32.00
ELocation 179: Diff:-9 ms Accuracy:32.00
STOKE: Level:0.89 Watts:1.5797
ETask 12: Configuration:2 Energy:0.00 Power:0.00 Reward:1.58 Time:5029
ELocation 180: Diff:5077 ms Accuracy:32.00
ELocation 181: Diff:0 ms Accuracy:32.00
STOKE: Level:0.89 Watts:1.5797
ETask 13: Configuration:13 Energy:0.00 Power:0.00 Reward:1.58 Time:5010
ELocation 182: Diff:5063 ms Accuracy:32.00
ELocation 183: Diff:-7 ms Accuracy:32.00
STOKE: Level:0.89 Watts:1.5741
ETask 14: Configuration:3 Energy:0.00 Power:0.00 Reward:1.57 Time:5035
ELocation 184: Diff:5088 ms Accuracy:38.00
STOKE: Level:0.89 Watts:1.5741
ETask 15: Configuration:4 Energy:0.00 Power:0.00 Reward:1.57 Time:5042
ELocation 185: Diff:5083 ms Accuracy:38.00
ELocation 186: Diff:1 ms Accuracy:38.00
STOKE: Level:0.89 Watts:1.5741
ETask 16: Configuration:10 Energy:0.00 Power:0.00 Reward:1.57 Time:5013
ELocation 187: Diff:5055 ms Accuracy:38.00
ELocation 188: Diff:-41 ms Accuracy:38.00
ELocation 189: Diff:33 ms Accuracy:38.00
ELocation 190: Diff:4985 ms Accuracy:38.00
STOKE: Level:0.89 Watts:1.5741
ETask 17: Configuration:4 Energy:0.00 Power:0.00 Reward:1.57 Time:5006
ELocation 191: Diff:68 ms Accuracy:38.00
ELocation 192: Diff:-9 ms Accuracy:38.00
ELocation 193: Diff:4957 ms Accuracy:38.00
STOKE: Level:0.89 Watts:1.5741
ETask 18: Configuration:5 Energy:0.00 Power:0.00 Reward:1.57 Time:5033
ELocation 194: Diff:136 ms Accuracy:38.00
ELocation 195: Diff:-13 ms Accuracy:38.00
ELocation 196: Diff:4893 ms Accuracy:38.00
STOKE: Level:0.89 Watts:1.5741
ETask 19: Configuration:3 Energy:0.00 Power:0.00 Reward:1.57 Time:5031
ELocation 197: Diff:191 ms Accuracy:38.00
ELocation 198: Diff:-11 ms Accuracy:38.00
STOKE: Level:0.89 Watts:1.5722
ETask 20: Configuration:8 Energy:0.00 Power:0.00 Reward:1.57 Time:5008
ELocation 199: Diff:5062 ms Accuracy:20.00
ELocation 200: Diff:-6 ms Accuracy:20.00
STOKE: Level:0.89 Watts:1.5722
ETask 21: Configuration:1 Energy:0.00 Power:0.00 Reward:1.57 Time:5007
ELocation 201: Diff:5056 ms Accuracy:20.00
ELocation 202: Diff:-7 ms Accuracy:20.00
STOKE: Level:0.89 Watts:1.5722
ETask 22: Configuration:5 Energy:0.00 Power:0.00 Reward:1.57 Time:5033
ERun: Reward:25.18 PostConfigReward:162.19 Time:566813
==END-RUN 6==
STOKE: Config:0 | interval:0:60000 priority:0:104 sensor-configuration:0:2 | -- timeOn:2 reward:3.12 scaled:0.84 (location_accuracy,143.49,71.74)
STOKE: Config:2 | interval:2:10000 priority:0:104 sensor-configuration:0:2 | -- timeOn:2 reward:3.12 scaled:0.84 (location_accuracy,64.00,32.00)
STOKE: Config:5 | interval:5:1000 priority:0:104 sensor-configuration:0:2 | -- timeOn:3 reward:4.69 scaled:0.84 (location_accuracy,134.00,44.67)
STOKE: Config:3 | interval:3:5000 priority:0:104 sensor-configuration:0:2 | -- timeOn:3 reward:4.69 scaled:0.84 (location_accuracy,184.00,61.33)
STOKE: Config:4 | interval:4:2500 priority:0:104 sensor-configuration:0:2 | -- timeOn:3 reward:4.69 scaled:0.84 (location_accuracy,190.00,63.33)
STOKE: Config:1 | interval:1:30000 priority:0:104 sensor-configuration:0:2 | -- timeOn:3 reward:4.69 scaled:0.84 (location_accuracy,104.00,34.67)
STOKE: Config:8 | interval:2:10000 priority:1:102 sensor-configuration:0:2 | -- timeOn:2 reward:3.15 scaled:0.84 (location_accuracy,58.00,29.00)
STOKE: Config:10 | interval:4:2500 priority:1:102 sensor-configuration:0:2 | -- timeOn:2 reward:3.15 scaled:0.84 (location_accuracy,76.00,38.00)
STOKE: Config:6 | interval:0:60000 priority:1:102 sensor-configuration:0:2 | -- timeOn:1 reward:1.58 scaled:0.84 (location_accuracy,39.74,39.74)
STOKE: Config:7 | interval:1:30000 priority:1:102 sensor-configuration:0:2 | -- timeOn:1 reward:1.58 scaled:0.84 (location_accuracy,0.00,0.00)
STOKE: Config:9 | interval:3:5000 priority:1:102 sensor-configuration:0:2 | -- timeOn:1 reward:1.58 scaled:0.84 (location_accuracy,0.00,0.00)
STOKE: Config:11 | interval:5:1000 priority:1:102 sensor-configuration:0:2 | -- timeOn:1 reward:1.58 scaled:0.84 (location_accuracy,0.00,0.00)
STOKE: Config:12 | interval:0:60000 priority:2:100 sensor-configuration:0:2 | -- timeOn:1 reward:1.58 scaled:0.84 (location_accuracy,39.74,39.74)
STOKE: Config:13 | interval:1:30000 priority:2:100 sensor-configuration:0:2 | -- timeOn:2 reward:3.16 scaled:0.84 (location_accuracy,64.00,32.00)
STOKE: Config:14 | interval:2:10000 priority:2:100 sensor-configuration:0:2 | -- timeOn:1 reward:1.58 scaled:0.84 (location_accuracy,0.00,0.00)
STOKE: Config:15 | interval:3:5000 priority:2:100 sensor-configuration:0:2 | -- timeOn:1 reward:1.58 scaled:0.84 (location_accuracy,0.00,0.00)
STOKE: Config:16 | interval:4:2500 priority:2:100 sensor-configuration:0:2 | -- timeOn:1 reward:1.58 scaled:0.84 (location_accuracy,0.00,0.00)
STOKE: Config:17 | interval:5:1000 priority:2:100 sensor-configuration:0:2 | -- timeOn:1 reward:1.58 scaled:0.84 (location_accuracy,0.00,0.00)

==RUN 7==
ELocation 203: Diff:5132 ms Accuracy:20.00
ELocation 204: Diff:-6 ms Accuracy:20.00
STOKE: Level:0.89 Watts:1.5722
STOKE: Level:0.89 Watts:1.5722
STOKE: Level:0.89 Watts:1.5722
STOKE: Level:0.89 Watts:1.5722
STOKE: Level:0.89 Watts:1.3990
STOKE: Level:0.89 Watts:1.3990
STOKE: Level:0.89 Watts:1.3990
ETask 7: Configuration:0 Energy:0.00 Power:0.00 Reward:1.40 Time:5010 -- SAMPLE
STOKE: Level:0.89 Watts:1.3990
ETask 8: Configuration:6 Energy:0.00 Power:0.00 Reward:1.40 Time:5009 -- SAMPLE
ELocation 205: Diff:40147 ms Accuracy:20.00
STOKE: Level:0.89 Watts:1.3990
ETask 9: Configuration:12 Energy:0.00 Power:0.00 Reward:1.40 Time:5009 -- SAMPLE
ELocation 206: Diff:5052 ms Accuracy:20.00
ELocation 207: Diff:3962 ms Accuracy:6.00
STOKE: Level:0.89 Watts:1.3990
ETask 10: Configuration:0 Energy:0.00 Power:0.00 Reward:1.40 Time:5039
ELocation 208: Diff:1127 ms Accuracy:6.00
ELocation 209: Diff:-10 ms Accuracy:6.00
STOKE: Level:0.89 Watts:2.4049
ETask 11: Configuration:0 Energy:0.00 Power:0.00 Reward:2.40 Time:5031
STOKE: Level:0.89 Watts:2.4049
ETask 12: Configuration:11 Energy:0.00 Power:0.00 Reward:2.40 Time:5009
ELocation 210: Diff:10103 ms Accuracy:6.00
ELocation 211: Diff:1 ms Accuracy:6.00
STOKE: Level:0.89 Watts:2.4049
ETask 13: Configuration:7 Energy:0.00 Power:0.00 Reward:2.40 Time:5012
ELocation 212: Diff:5068 ms Accuracy:6.00
ELocation 213: Diff:-52 ms Accuracy:6.00
ELocation 214: Diff:41 ms Accuracy:6.00
STOKE: Level:0.89 Watts:2.4049
ETask 14: Configuration:1 Energy:0.00 Power:0.00 Reward:2.40 Time:5032
ELocation 215: Diff:5090 ms Accuracy:6.00
ELocation 216: Diff:-9 ms Accuracy:6.00
STOKE: Level:0.89 Watts:2.4049
ETask 15: Configuration:2 Energy:0.00 Power:0.00 Reward:2.40 Time:5037
ELocation 217: Diff:5090 ms Accuracy:6.00
STOKE: Level:0.89 Watts:2.4049
ETask 16: Configuration:3 Energy:0.00 Power:0.00 Reward:2.40 Time:5048
ELocation 218: Diff:5090 ms Accuracy:6.00
ELocation 219: Diff:0 ms Accuracy:6.00
ELocation 220: Diff:5015 ms Accuracy:6.00
STOKE: Level:0.89 Watts:2.3274
ETask 17: Configuration:4 Energy:0.00 Power:0.00 Reward:2.33 Time:5043
ELocation 221: Diff:71 ms Accuracy:6.00
ELocation 222: Diff:-7 ms Accuracy:6.00
ELocation 223: Diff:4954 ms Accuracy:6.00
STOKE: Level:0.89 Watts:2.3274
ETask 18: Configuration:1 Energy:0.00 Power:0.00 Reward:2.33 Time:5007
ELocation 224: Diff:101 ms Accuracy:6.00
ELocation 225: Diff:-11 ms Accuracy:6.00
STOKE: Level:0.89 Watts:2.3274
ETask 19: Configuration:5 Energy:0.00 Power:0.00 Reward:2.33 Time:5008
ELocation 226: Diff:5068 ms Accuracy:6.00
ELocation 227: Diff:-9 ms Accuracy:6.00
STOKE: Level:0.89 Watts:2.3274
ETask 20: Configuration:1 Energy:0.00 Power:0.00 Reward:2.33 Time:5008
ELocation 228: Diff:5070 ms Accuracy:6.00
ELocation 229: Diff:-9 ms Accuracy:6.00
STOKE: Level:0.89 Watts:2.3274
ETask 21: Configuration:6 Energy:0.00 Power:0.00 Reward:2.33 Time:5007
ELocation 230: Diff:5060 ms Accuracy:6.00
ELocation 231: Diff:-10 ms Accuracy:6.00
STOKE: Level:0.89 Watts:2.3274
ETask 22: Configuration:8 Energy:0.00 Power:0.00 Reward:2.33 Time:5034
ERun: Reward:33.99 PostConfigReward:191.99 Time:647779
==END-RUN 7==
STOKE: Config:9 | interval:3:5000 priority:1:102 sensor-configuration:0:2 | -- timeOn:1 reward:1.40 scaled:0.86 (location_accuracy,0.00,0.00)
STOKE: Config:10 | interval:4:2500 priority:1:102 sensor-configuration:0:2 | -- timeOn:1 reward:1.40 scaled:0.86 (location_accuracy,0.00,0.00)
STOKE: Config:12 | interval:0:60000 priority:2:100 sensor-configuration:0:2 | -- timeOn:1 reward:1.40 scaled:0.86 (location_accuracy,20.00,20.00)
STOKE: Config:13 | interval:1:30000 priority:2:100 sensor-configuration:0:2 | -- timeOn:1 reward:1.40 scaled:0.86 (location_accuracy,0.00,0.00)
STOKE: Config:14 | interval:2:10000 priority:2:100 sensor-configuration:0:2 | -- timeOn:1 reward:1.40 scaled:0.86 (location_accuracy,0.00,0.00)
STOKE: Config:15 | interval:3:5000 priority:2:100 sensor-configuration:0:2 | -- timeOn:1 reward:1.40 scaled:0.86 (location_accuracy,0.00,0.00)
STOKE: Config:16 | interval:4:2500 priority:2:100 sensor-configuration:0:2 | -- timeOn:1 reward:1.40 scaled:0.86 (location_accuracy,0.00,0.00)
STOKE: Config:17 | interval:5:1000 priority:2:100 sensor-configuration:0:2 | -- timeOn:1 reward:1.40 scaled:0.86 (location_accuracy,0.00,0.00)
STOKE: Config:0 | interval:0:60000 priority:0:104 sensor-configuration:0:2 | -- timeOn:3 reward:5.20 scaled:0.83 (location_accuracy,58.00,19.33)
STOKE: Config:4 | interval:4:2500 priority:0:104 sensor-configuration:0:2 | -- timeOn:2 reward:3.73 scaled:0.81 (location_accuracy,18.00,9.00)
STOKE: Config:5 | interval:5:1000 priority:0:104 sensor-configuration:0:2 | -- timeOn:2 reward:3.73 scaled:0.81 (location_accuracy,12.00,6.00)
STOKE: Config:6 | interval:0:60000 priority:1:102 sensor-configuration:0:2 | -- timeOn:2 reward:3.73 scaled:0.81 (location_accuracy,32.00,16.00)
STOKE: Config:8 | interval:2:10000 priority:1:102 sensor-configuration:0:2 | -- timeOn:2 reward:3.73 scaled:0.81 (location_accuracy,6.00,3.00)
STOKE: Config:2 | interval:2:10000 priority:0:104 sensor-configuration:0:2 | -- timeOn:2 reward:3.80 scaled:0.81 (location_accuracy,12.00,6.00)
STOKE: Config:3 | interval:3:5000 priority:0:104 sensor-configuration:0:2 | -- timeOn:2 reward:3.80 scaled:0.81 (location_accuracy,6.00,3.00)
STOKE: Config:7 | interval:1:30000 priority:1:102 sensor-configuration:0:2 | -- timeOn:2 reward:3.80 scaled:0.81 (location_accuracy,12.00,6.00)
STOKE: Config:11 | interval:5:1000 priority:1:102 sensor-configuration:0:2 | -- timeOn:2 reward:3.80 scaled:0.81 (location_accuracy,6.00,3.00)
STOKE: Config:1 | interval:1:30000 priority:0:104 sensor-configuration:0:2 | -- timeOn:4 reward:8.46 scaled:0.79 (location_accuracy,48.00,12.00)

==RUN 8==
ELocation 232: Diff:5158 ms Accuracy:20.90
ELocation 233: Diff:-7 ms Accuracy:20.90
STOKE: Level:0.89 Watts:2.3942
STOKE: Level:0.89 Watts:2.3942
STOKE: Level:0.89 Watts:2.3942
STOKE: Level:0.89 Watts:2.3942
STOKE: Level:0.89 Watts:2.3942
STOKE: Level:0.89 Watts:2.3942
STOKE: Level:0.88 Watts:1.1148
ETask 7: Configuration:0 Energy:0.00 Power:0.00 Reward:1.11 Time:5010 -- SAMPLE
STOKE: Level:0.88 Watts:1.1148
ETask 8: Configuration:6 Energy:0.00 Power:0.00 Reward:1.11 Time:5010 -- SAMPLE
ELocation 234: Diff:40147 ms Accuracy:20.90
STOKE: Level:0.88 Watts:1.1148
ETask 9: Configuration:12 Energy:0.00 Power:0.00 Reward:1.11 Time:5009 -- SAMPLE
ELocation 235: Diff:5048 ms Accuracy:20.90
ELocation 236: Diff:2822 ms Accuracy:88.00
STOKE: Level:0.88 Watts:1.1148
ETask 10: Configuration:16 Energy:0.00 Power:0.00 Reward:1.11 Time:5007
ELocation 237: Diff:2230 ms Accuracy:88.00
ELocation 238: Diff:1268 ms Accuracy:89.00
ELocation 239: Diff:3502 ms Accuracy:9.00
STOKE: Level:0.88 Watts:1.1148
ETask 11: Configuration:6 Energy:0.00 Power:0.00 Reward:1.11 Time:5002
ELocation 240: Diff:265 ms Accuracy:9.00
ELocation 241: Diff:-5 ms Accuracy:9.00
STOKE: Level:0.88 Watts:1.1148
ETask 12: Configuration:13 Energy:0.00 Power:0.00 Reward:1.11 Time:5010
ELocation 242: Diff:5064 ms Accuracy:9.00
ELocation 243: Diff:-8 ms Accuracy:9.00
STOKE: Level:0.88 Watts:1.8268
ETask 13: Configuration:0 Energy:0.00 Power:0.00 Reward:1.83 Time:5034
ELocation 244: Diff:5096 ms Accuracy:20.00
ELocation 245: Diff:-10 ms Accuracy:20.00
STOKE: Level:0.88 Watts:1.8268
ETask 14: Configuration:12 Energy:0.00 Power:0.00 Reward:1.83 Time:5009
ELocation 246: Diff:5068 ms Accuracy:20.00
ELocation 247: Diff:-7 ms Accuracy:20.00
STOKE: Level:0.88 Watts:1.8268
ETask 15: Configuration:11 Energy:0.00 Power:0.00 Reward:1.83 Time:5008
ELocation 248: Diff:5061 ms Accuracy:28.00
ELocation 249: Diff:1 ms Accuracy:28.00
STOKE: Level:0.88 Watts:1.8268
ETask 16: Configuration:11 Energy:0.00 Power:0.00 Reward:1.83 Time:5011
ELocation 250: Diff:5011 ms Accuracy:28.00
ELocation 251: Diff:5018 ms Accuracy:28.00
STOKE: Level:0.88 Watts:1.8268
ETask 17: Configuration:1 Energy:0.00 Power:0.00 Reward:1.83 Time:5041
ELocation 252: Diff:79 ms Accuracy:28.00
ELocation 253: Diff:-10 ms Accuracy:28.00
STOKE: Level:0.88 Watts:1.8268
ETask 18: Configuration:4 Energy:0.00 Power:0.00 Reward:1.83 Time:5005
ELocation 254: Diff:5059 ms Accuracy:28.00
ELocation 255: Diff:-11 ms Accuracy:28.00
STOKE: Level:0.88 Watts:1.1835
ETask 19: Configuration:2 Energy:0.00 Power:0.00 Reward:1.18 Time:5037
ELocation 256: Diff:5088 ms Accuracy:20.90
ELocation 257: Diff:-7 ms Accuracy:20.90
STOKE: Level:0.88 Watts:1.1835
ETask 20: Configuration:7 Energy:0.00 Power:0.00 Reward:1.18 Time:5008
ELocation 258: Diff:5064 ms Accuracy:20.90
ELocation 259: Diff:-11 ms Accuracy:20.90
STOKE: Level:0.88 Watts:1.1835
ETask 21: Configuration:3 Energy:0.00 Power:0.00 Reward:1.18 Time:5036
ELocation 260: Diff:5092 ms Accuracy:20.90
ELocation 261: Diff:1 ms Accuracy:20.90
STOKE: Level:0.88 Watts:1.1835
ETask 22: Configuration:8 Energy:0.00 Power:0.00 Reward:1.18 Time:5010
ERun: Reward:22.38 PostConfigReward:211.03 Time:728635
==END-RUN 8==
STOKE: Config:5 | interval:5:1000 priority:0:104 sensor-configuration:0:2 | -- timeOn:1 reward:1.11 scaled:0.89 (location_accuracy,0.00,0.00)
STOKE: Config:6 | interval:0:60000 priority:1:102 sensor-configuration:0:2 | -- timeOn:2 reward:2.23 scaled:0.89 (location_accuracy,127.90,63.95)
STOKE: Config:9 | interval:3:5000 priority:1:102 sensor-configuration:0:2 | -- timeOn:1 reward:1.11 scaled:0.89 (location_accuracy,0.00,0.00)
STOKE: Config:10 | interval:4:2500 priority:1:102 sensor-configuration:0:2 | -- timeOn:1 reward:1.11 scaled:0.89 (location_accuracy,0.00,0.00)
STOKE: Config:13 | interval:1:30000 priority:2:100 sensor-configuration:0:2 | -- timeOn:2 reward:2.23 scaled:0.89 (location_accuracy,18.00,9.00)
STOKE: Config:14 | interval:2:10000 priority:2:100 sensor-configuration:0:2 | -- timeOn:1 reward:1.11 scaled:0.89 (location_accuracy,0.00,0.00)
STOKE: Config:15 | interval:3:5000 priority:2:100 sensor-configuration:0:2 | -- timeOn:1 reward:1.11 scaled:0.89 (location_accuracy,0.00,0.00)
STOKE: Config:16 | interval:4:2500 priority:2:100 sensor-configuration:0:2 | -- timeOn:2 reward:2.23 scaled:0.89 (location_accuracy,176.00,88.00)
STOKE: Config:17 | interval:5:1000 priority:2:100 sensor-configuration:0:2 | -- timeOn:1 reward:1.11 scaled:0.89 (location_accuracy,0.00,0.00)
STOKE: Config:2 | interval:2:10000 priority:0:104 sensor-configuration:0:2 | -- timeOn:2 reward:2.30 scaled:0.89 (location_accuracy,48.90,24.45)
STOKE: Config:3 | interval:3:5000 priority:0:104 sensor-configuration:0:2 | -- timeOn:2 reward:2.30 scaled:0.89 (location_accuracy,41.80,20.90)
STOKE: Config:7 | interval:1:30000 priority:1:102 sensor-configuration:0:2 | -- timeOn:2 reward:2.30 scaled:0.89 (location_accuracy,41.80,20.90)
STOKE: Config:8 | interval:2:10000 priority:1:102 sensor-configuration:0:2 | -- timeOn:2 reward:2.30 scaled:0.89 (location_accuracy,20.90,10.45)
STOKE: Config:0 | interval:0:60000 priority:0:104 sensor-configuration:0:2 | -- timeOn:2 reward:2.94 scaled:0.85 (location_accuracy,70.80,35.40)
STOKE: Config:1 | interval:1:30000 priority:0:104 sensor-configuration:0:2 | -- timeOn:2 reward:2.94 scaled:0.85 (location_accuracy,84.00,42.00)
STOKE: Config:4 | interval:4:2500 priority:0:104 sensor-configuration:0:2 | -- timeOn:2 reward:2.94 scaled:0.85 (location_accuracy,56.00,28.00)
STOKE: Config:12 | interval:0:60000 priority:2:100 sensor-configuration:0:2 | -- timeOn:2 reward:2.94 scaled:0.85 (location_accuracy,60.90,30.45)
STOKE: Config:11 | interval:5:1000 priority:1:102 sensor-configuration:0:2 | -- timeOn:3 reward:4.77 scaled:0.84 (location_accuracy,76.00,25.33)

==RUN 9==
ELocation 262: Diff:5097 ms Accuracy:20.90
ELocation 263: Diff:-85 ms Accuracy:20.90
ELocation 264: Diff:78 ms Accuracy:20.90
STOKE: Level:0.88 Watts:1.1835
STOKE: Level:0.88 Watts:1.1835
STOKE: Level:0.88 Watts:1.3371
STOKE: Level:0.88 Watts:1.3371
STOKE: Level:0.88 Watts:1.3371
STOKE: Level:0.88 Watts:1.3371
STOKE: Level:0.88 Watts:1.3371
ETask 7: Configuration:0 Energy:0.00 Power:0.00 Reward:1.34 Time:5010 -- SAMPLE
STOKE: Level:0.88 Watts:1.3371
ETask 8: Configuration:6 Energy:0.00 Power:0.00 Reward:1.34 Time:5013 -- SAMPLE
ELocation 265: Diff:40140 ms Accuracy:20.90
STOKE: Level:0.88 Watts:1.2834
ETask 9: Configuration:12 Energy:0.00 Power:0.00 Reward:1.28 Time:5011 -- SAMPLE
ELocation 266: Diff:5063 ms Accuracy:20.90
ELocation 267: Diff:2809 ms Accuracy:45.00
STOKE: Level:0.88 Watts:1.2834
ETask 10: Configuration:12 Energy:0.00 Power:0.00 Reward:1.28 Time:5049
STOKE: Level:0.88 Watts:1.2834
ETask 11: Configuration:17 Energy:0.00 Power:0.00 Reward:1.28 Time:5008
ELocation 268: Diff:7300 ms Accuracy:45.00
ELocation 269: Diff:0 ms Accuracy:45.00
ELocation 270: Diff:1093 ms Accuracy:101.00
ELocation 271: Diff:1607 ms Accuracy:30.00
ELocation 272: Diff:1000 ms Accuracy:19.00
ELocation 273: Diff:1000 ms Accuracy:16.00
STOKE: Level:0.88 Watts:1.2834
ETask 12: Configuration:3 Energy:0.00 Power:0.00 Reward:1.28 Time:5007
ELocation 274: Diff:356 ms Accuracy:16.00
ELocation 275: Diff:-10 ms Accuracy:16.00
STOKE: Level:0.88 Watts:1.2834
ETask 13: Configuration:8 Energy:0.00 Power:0.00 Reward:1.28 Time:5007
ELocation 276: Diff:5070 ms Accuracy:16.00
ELocation 277: Diff:-8 ms Accuracy:16.00
STOKE: Level:0.88 Watts:1.2834
ETask 14: Configuration:12 Energy:0.00 Power:0.00 Reward:1.28 Time:5029
ELocation 278: Diff:5079 ms Accuracy:86.26
ELocation 279: Diff:-8 ms Accuracy:86.26
STOKE: Level:0.88 Watts:1.2816
ETask 15: Configuration:12 Energy:0.00 Power:0.00 Reward:1.28 Time:5042
STOKE: Level:0.88 Watts:1.2816
ETask 16: Configuration:12 Energy:0.00 Power:0.00 Reward:1.28 Time:5009
STOKE: Level:0.88 Watts:1.2816
ETask 17: Configuration:12 Energy:0.00 Power:0.00 Reward:1.28 Time:5045
STOKE: Level:0.88 Watts:1.2816
ETask 18: Configuration:12 Energy:0.00 Power:0.00 Reward:1.28 Time:5043
STOKE: Level:0.88 Watts:1.2816
ETask 19: Configuration:6 Energy:0.00 Power:0.00 Reward:1.28 Time:5013
ELocation 280: Diff:25247 ms Accuracy:18.00
ELocation 281: Diff:-12 ms Accuracy:18.00
STOKE: Level:0.88 Watts:1.2884
ETask 20: Configuration:12 Energy:0.00 Power:0.00 Reward:1.29 Time:5042
ELocation 282: Diff:5099 ms Accuracy:18.00
ELocation 283: Diff:2187 ms Accuracy:91.00
STOKE: Level:0.88 Watts:2.3464
ETask 21: Configuration:10 Energy:0.00 Power:0.00 Reward:2.35 Time:5006
ELocation 284: Diff:2869 ms Accuracy:91.00
ELocation 285: Diff:1 ms Accuracy:91.00
STOKE: Level:0.88 Watts:2.3464
ETask 22: Configuration:7 Energy:0.00 Power:0.00 Reward:2.35 Time:5011
ELocation 286: Diff:5061 ms Accuracy:91.00
ELocation 287: Diff:-47 ms Accuracy:91.00
ELocation 288: Diff:38 ms Accuracy:91.00
STOKE: Level:0.88 Watts:2.3464
ELocation 289: Diff:5042 ms Accuracy:91.00
ELocation 290: Diff:-8 ms Accuracy:91.00
STOKE: Level:0.88 Watts:2.3464
ELocation 291: Diff:5094 ms Accuracy:91.00
ELocation 292: Diff:-12 ms Accuracy:91.00
STOKE: Level:0.88 Watts:2.3464
STOKE: Level:0.88 Watts:2.3464
STOKE: Level:0.88 Watts:1.1767
STOKE: Level:0.88 Watts:1.1767
ELocation 293: Diff:20223 ms Accuracy:20.00
ELocation 294: Diff:0 ms Accuracy:20.00
ELocation 295: Diff:5012 ms Accuracy:20.00
STOKE: Level:0.88 Watts:1.1767
ELocation 296: Diff:74 ms Accuracy:20.00
ELocation 297: Diff:-11 ms Accuracy:20.00
STOKE: Level:0.88 Watts:1.1767
ELocation 298: Diff:5064 ms Accuracy:15.00
ELocation 299: Diff:-11 ms Accuracy:15.00
STOKE: Level:0.88 Watts:1.1767
ELocation 300: Diff:5063 ms Accuracy:15.00
ELocation 301: Diff:-8 ms Accuracy:15.00
STOKE: End Bat: 0.880000
STOKE: Usage Bat: 0.030000
ERun: Reward:22.76 PostConfigReward:229.83 Time:857862
==END-RUN 9==
STOKE: Config:12 | interval:0:60000 priority:2:100 sensor-configuration:0:2 | -- timeOn:8 reward:10.26 scaled:0.87 (location_accuracy,638.43,79.80)
STOKE: Config:13 | interval:1:30000 priority:2:100 sensor-configuration:0:2 | -- timeOn:1 reward:1.28 scaled:0.87 (location_accuracy,0.00,0.00)
STOKE: Config:14 | interval:2:10000 priority:2:100 sensor-configuration:0:2 | -- timeOn:1 reward:1.28 scaled:0.87 (location_accuracy,0.00,0.00)
STOKE: Config:15 | interval:3:5000 priority:2:100 sensor-configuration:0:2 | -- timeOn:1 reward:1.28 scaled:0.87 (location_accuracy,0.00,0.00)
STOKE: Config:16 | interval:4:2500 priority:2:100 sensor-configuration:0:2 | -- timeOn:1 reward:1.28 scaled:0.87 (location_accuracy,0.00,0.00)
STOKE: Config:17 | interval:5:1000 priority:2:100 sensor-configuration:0:2 | -- timeOn:2 reward:2.57 scaled:0.87 (location_accuracy,45.00,22.50)
STOKE: Config:6 | interval:0:60000 priority:1:102 sensor-configuration:0:2 | -- timeOn:2 reward:2.62 scaled:0.87 (location_accuracy,68.90,34.45)
STOKE: Config:3 | interval:3:5000 priority:0:104 sensor-configuration:0:2 | -- timeOn:2 reward:2.62 scaled:0.87 (location_accuracy,227.00,113.50)
STOKE: Config:8 | interval:2:10000 priority:1:102 sensor-configuration:0:2 | -- timeOn:2 reward:2.62 scaled:0.87 (location_accuracy,67.00,33.50)
STOKE: Config:0 | interval:0:60000 priority:0:104 sensor-configuration:0:2 | -- timeOn:1 reward:1.34 scaled:0.87 (location_accuracy,62.70,62.70)
STOKE: Config:1 | interval:1:30000 priority:0:104 sensor-configuration:0:2 | -- timeOn:1 reward:1.34 scaled:0.87 (location_accuracy,0.00,0.00)
STOKE: Config:2 | interval:2:10000 priority:0:104 sensor-configuration:0:2 | -- timeOn:1 reward:1.34 scaled:0.87 (location_accuracy,0.00,0.00)
STOKE: Config:4 | interval:4:2500 priority:0:104 sensor-configuration:0:2 | -- timeOn:1 reward:1.34 scaled:0.87 (location_accuracy,0.00,0.00)
STOKE: Config:5 | interval:5:1000 priority:0:104 sensor-configuration:0:2 | -- timeOn:1 reward:1.34 scaled:0.87 (location_accuracy,0.00,0.00)
STOKE: Config:9 | interval:3:5000 priority:1:102 sensor-configuration:0:2 | -- timeOn:1 reward:1.34 scaled:0.87 (location_accuracy,0.00,0.00)
STOKE: Config:11 | interval:5:1000 priority:1:102 sensor-configuration:0:2 | -- timeOn:1 reward:1.34 scaled:0.87 (location_accuracy,273.00,273.00)
STOKE: Config:7 | interval:1:30000 priority:1:102 sensor-configuration:0:2 | -- timeOn:2 reward:3.68 scaled:0.82 (location_accuracy,182.00,91.00)
STOKE: Config:10 | interval:4:2500 priority:1:102 sensor-configuration:0:2 | -- timeOn:2 reward:3.68 scaled:0.82 (location_accuracy,202.00,101.00)

