==RUN 0==
Bandit Runs:1 Tasks-in-Run:100
Self-Optimizer Rounds:0 Tasks-in-Round:0
Continuous Knob Rounds:Inf Tasks-in-Round:0
STOKE: Start Bat: 0.450000
MAPSME_GPS_RATE: 10000
MAPSME_GPS_PRIORITY: High Accuracy
MAPSME_GPS_BATCH: 1x

MAPSME_GPS_RATE: 10000
MAPSME_GPS_PRIORITY: High Accuracy
MAPSME_GPS_BATCH: 1x

MAPSME_GPS_RATE: 10000
MAPSME_GPS_PRIORITY: High Accuracy
MAPSME_GPS_BATCH: 1x

ETask 1: Configuration:0 Energy:0.0 Power:0.0 Reward:39.0124952008 Time:32516 TotalReward:39.0124952008
ETask 2: Configuration:0 Energy:0.0 Power:0.0 Reward:46.86072313356 Time:32508 TotalReward:85.87321833435999
ETask 3: Configuration:0 Energy:0.0 Power:0.0 Reward:37.121598932219996 Time:32514 TotalReward:122.99481726657999
ETask 4: Configuration:0 Energy:0.0 Power:0.0 Reward:39.107888528059995 Time:32516 TotalReward:162.10270579463997
ETask 5: Configuration:0 Energy:0.0 Power:0.0 Reward:47.240624325155 Time:32507 TotalReward:209.34333011979498
ETask 6: Configuration:0 Energy:0.0 Power:0.0 Reward:39.19845921024 Time:32512 TotalReward:248.541789330035
ETask 7: Configuration:0 Energy:0.0 Power:0.0 Reward:44.542068215700006 Time:32514 TotalReward:293.083857545735
ETask 8: Configuration:0 Energy:0.0 Power:0.0 Reward:38.744352136863995 Time:32516 TotalReward:331.828209682599
ETask 9: Configuration:0 Energy:0.0 Power:0.0 Reward:64.44404254636798 Time:32507 TotalReward:396.272252228967
ETask 10: Configuration:0 Energy:0.0 Power:0.0 Reward:82.328023767528 Time:32508 TotalReward:478.600275996495
ETask 11: Configuration:0 Energy:0.0 Power:0.0 Reward:66.556922823378 Time:32526 TotalReward:545.157198819873
ETask 12: Configuration:0 Energy:0.0 Power:0.0 Reward:70.27454196624399 Time:32516 TotalReward:615.431740786117
ETask 13: Configuration:0 Energy:0.0 Power:0.0 Reward:77.546968990108 Time:32509 TotalReward:692.978709776225
ETask 14: Configuration:0 Energy:0.0 Power:0.0 Reward:73.333477370505 Time:32505 TotalReward:766.3121871467299
ETask 15: Configuration:0 Energy:0.0 Power:0.0 Reward:40.198015034865 Time:32519 TotalReward:806.5102021815949
ETask 16: Configuration:0 Energy:0.0 Power:0.0 Reward:44.566251812775 Time:32515 TotalReward:851.0764539943699
ETask 17: Configuration:0 Energy:0.0 Power:0.0 Reward:45.276426457019994 Time:32506 TotalReward:896.3528804513899
ETask 18: Configuration:0 Energy:0.0 Power:0.0 Reward:54.97407894081601 Time:32508 TotalReward:951.3269593922058
ETask 19: Configuration:0 Energy:0.0 Power:0.0 Reward:50.879595208248006 Time:32517 TotalReward:1002.2065546004538
ETask 20: Configuration:0 Energy:0.0 Power:0.0 Reward:64.91581993582 Time:32515 TotalReward:1067.1223745362738
ETask 21: Configuration:0 Energy:0.0 Power:0.0 Reward:47.965233861216 Time:32508 TotalReward:1115.0876083974897
ETask 22: Configuration:0 Energy:0.0 Power:0.0 Reward:40.00435026144001 Time:32520 TotalReward:1155.0919586589298
ETask 23: Configuration:0 Energy:0.0 Power:0.0 Reward:67.16990668096801 Time:32526 TotalReward:1222.261865339898
ETask 24: Configuration:0 Energy:0.0 Power:0.0 Reward:73.42900871440001 Time:32530 TotalReward:1295.6908740542979
ETask 25: Configuration:0 Energy:0.0 Power:0.0 Reward:74.548303230028 Time:32507 TotalReward:1370.239177284326
ETask 26: Configuration:0 Energy:0.0 Power:0.0 Reward:65.91379361792 Time:32512 TotalReward:1436.152970902246
ETask 27: Configuration:0 Energy:0.0 Power:0.0 Reward:37.838839824136 Time:32513 TotalReward:1473.9918107263818
ETask 28: Configuration:0 Energy:0.0 Power:0.0 Reward:40.671362879048 Time:32518 TotalReward:1514.6631736054298
ETask 29: Configuration:0 Energy:0.0 Power:0.0 Reward:35.510259097812 Time:32509 TotalReward:1550.1734327032418
ETask 30: Configuration:0 Energy:0.0 Power:0.0 Reward:36.213655661544 Time:32523 TotalReward:1586.3870883647858
ETask 31: Configuration:0 Energy:0.0 Power:0.0 Reward:35.284834231614006 Time:32523 TotalReward:1621.6719225963998
ETask 32: Configuration:0 Energy:0.0 Power:0.0 Reward:35.762503832351996 Time:32516 TotalReward:1657.4344264287517
ETask 33: Configuration:0 Energy:0.0 Power:0.0 Reward:39.342485885976 Time:32508 TotalReward:1696.7769123147277
ETask 34: Configuration:0 Energy:0.0 Power:0.0 Reward:39.71139029676001 Time:32520 TotalReward:1736.4883026114878
ETask 35: Configuration:0 Energy:0.0 Power:0.0 Reward:41.3092286523 Time:32515 TotalReward:1777.7975312637877
ETask 36: Configuration:0 Energy:0.0 Power:0.0 Reward:66.71426645160899 Time:32517 TotalReward:1844.5117977153968
ETask 37: Configuration:0 Energy:0.0 Power:0.0 Reward:169.67483956033797 Time:32522 TotalReward:2014.1866372757347
ETask 38: Configuration:0 Energy:0.0 Power:0.0 Reward:39.38217891866999 Time:32510 TotalReward:2053.568816194405
ETask 39: Configuration:0 Energy:0.0 Power:0.0 Reward:79.65318363061499 Time:32515 TotalReward:2133.22199982502
ETask 40: Configuration:0 Energy:0.0 Power:0.0 Reward:50.93409266945999 Time:32516 TotalReward:2184.1560924944797
ETask 41: Configuration:0 Energy:0.0 Power:0.0 Reward:50.753661752052 Time:32508 TotalReward:2234.9097542465315
ETask 42: Configuration:0 Energy:0.0 Power:0.0 Reward:62.53521260031001 Time:32517 TotalReward:2297.4449668468415
ETask 43: Configuration:0 Energy:0.0 Power:0.0 Reward:35.53240884556 Time:32516 TotalReward:2332.9773756924014
ETask 44: Configuration:0 Energy:0.0 Power:0.0 Reward:36.2956302108 Time:32520 TotalReward:2369.2730059032015
ETask 45: Configuration:0 Energy:0.0 Power:0.0 Reward:36.133073282219996 Time:32507 TotalReward:2405.4060791854213
ETask 46: Configuration:0 Energy:0.0 Power:0.0 Reward:46.03553452279999 Time:32510 TotalReward:2451.441613708221
ETask 47: Configuration:0 Energy:0.0 Power:0.0 Reward:48.1337408741 Time:32515 TotalReward:2499.5753545823213
ETask 48: Configuration:0 Energy:0.0 Power:0.0 Reward:42.35450612174999 Time:32525 TotalReward:2541.9298607040714
ETask 49: Configuration:0 Energy:0.0 Power:0.0 Reward:71.23224705156 Time:32508 TotalReward:2613.1621077556315
ETask 50: Configuration:0 Energy:0.0 Power:0.0 Reward:35.35711209825 Time:32525 TotalReward:2648.5192198538816
ETask 51: Configuration:0 Energy:0.0 Power:0.0 Reward:35.588204160000004 Time:32512 TotalReward:2684.1074240138814
ETask 52: Configuration:0 Energy:0.0 Power:0.0 Reward:35.3266278 Time:32528 TotalReward:2719.4340518138815
ETask 53: Configuration:0 Energy:0.0 Power:0.0 Reward:36.759090453750005 Time:32511 TotalReward:2756.1931422676316
ETask 54: Configuration:0 Energy:0.0 Power:0.0 Reward:35.542309754406 Time:32513 TotalReward:2791.7354520220374
ETask 55: Configuration:0 Energy:0.0 Power:0.0 Reward:33.768060414057004 Time:32523 TotalReward:2825.5035124360943
ETask 56: Configuration:0 Energy:0.0 Power:0.0 Reward:37.847360017782 Time:32529 TotalReward:2863.3508724538765
ETask 57: Configuration:0 Energy:0.0 Power:0.0 Reward:35.40893184965999 Time:32510 TotalReward:2898.7598043035364
ETask 58: Configuration:0 Energy:0.0 Power:0.0 Reward:45.674782233947994 Time:32514 TotalReward:2944.4345865374844
ETask 59: Configuration:0 Energy:0.0 Power:0.0 Reward:35.388098698274995 Time:32525 TotalReward:2979.8226852357593
ETask 60: Configuration:0 Energy:0.0 Power:0.0 Reward:36.616467190445995 Time:32526 TotalReward:3016.4391524262055
ETask 61: Configuration:0 Energy:0.0 Power:0.0 Reward:54.535152361418994 Time:32521 TotalReward:3070.9743047876245
ETask 62: Configuration:0 Energy:0.0 Power:0.0 Reward:54.876598961688 Time:32514 TotalReward:3125.8509037493127
ETask 63: Configuration:0 Energy:0.0 Power:0.0 Reward:58.59820988920799 Time:32516 TotalReward:3184.449113638521
ETask 64: Configuration:0 Energy:0.0 Power:0.0 Reward:52.182716022255 Time:32515 TotalReward:3236.631829660776
ETask 65: Configuration:0 Energy:0.0 Power:0.0 Reward:38.880873753260005 Time:32521 TotalReward:3275.512703414036
ETask 66: Configuration:0 Energy:0.0 Power:0.0 Reward:35.449723304820004 Time:32523 TotalReward:3310.962426718856
ETask 67: Configuration:0 Energy:0.0 Power:0.0 Reward:37.78132605786001 Time:32517 TotalReward:3348.743752776716
ETask 68: Configuration:0 Energy:0.0 Power:0.0 Reward:46.16447884334 Time:32527 TotalReward:3394.908231620056
ETask 69: Configuration:0 Energy:0.0 Power:0.0 Reward:35.557740028800005 Time:32520 TotalReward:3430.465971648856
ETask 70: Configuration:0 Energy:0.0 Power:0.0 Reward:40.207313294719995 Time:32513 TotalReward:3470.6732849435757
ETask 71: Configuration:0 Energy:0.0 Power:0.0 Reward:37.89260248356 Time:32517 TotalReward:3508.5658874271357
ETask 72: Configuration:0 Energy:0.0 Power:0.0 Reward:46.427301505200006 Time:32529 TotalReward:3554.9931889323357
ETask 73: Configuration:0 Energy:0.0 Power:0.0 Reward:35.7858336528 Time:32508 TotalReward:3590.779022585136
ETask 74: Configuration:0 Energy:0.0 Power:0.0 Reward:38.462665895715006 Time:32523 TotalReward:3629.241688480851
ETask 75: Configuration:0 Energy:0.0 Power:0.0 Reward:39.618829490318 Time:32513 TotalReward:3668.860517971169
ETask 76: Configuration:0 Energy:0.0 Power:0.0 Reward:46.09904947644 Time:32520 TotalReward:3714.959567447609
ETask 77: Configuration:0 Energy:0.0 Power:0.0 Reward:87.94628504952 Time:32518 TotalReward:3802.905852497129
ETask 78: Configuration:0 Energy:0.0 Power:0.0 Reward:83.928208212641 Time:32513 TotalReward:3886.8340607097703
ETask 79: Configuration:0 Energy:0.0 Power:0.0 Reward:88.58430261108 Time:32514 TotalReward:3975.4183633208504
ETask 80: Configuration:0 Energy:0.0 Power:0.0 Reward:79.980386680539 Time:32521 TotalReward:4055.3987500013895
ETask 81: Configuration:0 Energy:0.0 Power:0.0 Reward:58.188213123009994 Time:32509 TotalReward:4113.5869631243995
ETask 82: Configuration:0 Energy:0.0 Power:0.0 Reward:52.89469241994001 Time:32514 TotalReward:4166.481655544339
ETask 83: Configuration:0 Energy:0.0 Power:0.0 Reward:99.04763977902 Time:32514 TotalReward:4265.529295323359
ETask 84: Configuration:0 Energy:0.0 Power:0.0 Reward:51.48272870517 Time:32529 TotalReward:4317.01202402853
ETask 85: Configuration:0 Energy:0.0 Power:0.0 Reward:39.214926449174996 Time:32509 TotalReward:4356.226950477705
ETask 86: Configuration:0 Energy:0.0 Power:0.0 Reward:37.98366930048 Time:32512 TotalReward:4394.210619778185
ETask 87: Configuration:0 Energy:0.0 Power:0.0 Reward:36.79027843721999 Time:32516 TotalReward:4431.000898215405
ETask 88: Configuration:0 Energy:0.0 Power:0.0 Reward:49.571893600067995 Time:32518 TotalReward:4480.572791815473
ETask 89: Configuration:0 Energy:0.0 Power:0.0 Reward:40.570123960584 Time:32511 TotalReward:4521.142915776057
ETask 90: Configuration:0 Energy:0.0 Power:0.0 Reward:46.376626238202 Time:32513 TotalReward:4567.519542014259
ETask 91: Configuration:0 Energy:0.0 Power:0.0 Reward:127.79170583255998 Time:32516 TotalReward:4695.311247846819
ETask 92: Configuration:0 Energy:0.0 Power:0.0 Reward:77.85201452279999 Time:32515 TotalReward:4773.16326236962
ETask 93: Configuration:0 Energy:0.0 Power:0.0 Reward:74.116127969082 Time:32509 TotalReward:4847.279390338702
ETask 94: Configuration:0 Energy:0.0 Power:0.0 Reward:68.64889653918401 Time:32513 TotalReward:4915.9282868778855
ETask 95: Configuration:0 Energy:0.0 Power:0.0 Reward:37.00932728297 Time:32515 TotalReward:4952.937614160855
ETask 96: Configuration:0 Energy:0.0 Power:0.0 Reward:36.019313466012 Time:32514 TotalReward:4988.956927626868
ETask 97: Configuration:0 Energy:0.0 Power:0.0 Reward:35.806182975240006 Time:32520 TotalReward:5024.763110602107
ETask 98: Configuration:0 Energy:0.0 Power:0.0 Reward:38.841798134172 Time:32516 TotalReward:5063.604908736279
ETask 99: Configuration:0 Energy:0.0 Power:0.0 Reward:35.179132878164 Time:32516 TotalReward:5098.784041614443
ETask 100: Configuration:0 Energy:0.0 Power:0.0 Reward:35.161971702849 Time:32517 TotalReward:5133.9460133172915
ETask 101: Configuration:0 Energy:0.0 Power:0.0 Reward:38.831047236669 Time:32507 TotalReward:5172.777060553961
ERun: Time:3284507
==END-RUN 0==
STOKE: Config: 0 - Knobs: {interval:30000 priority:100 sensor-configuration:1 batch:1 }  | -- on:0 joules:NaN reward:NaN
ERROR: We got 'done' signal before finishing experiment!
STOKE: Config: 0 - Knobs: {interval:30000 priority:100 sensor-configuration:1 batch:1 }  | -- on:0 joules:NaN reward:NaN
