==RUN 0==
Bandit Runs:1 Tasks-in-Run:50
Self-Optimizer Rounds:0 Tasks-in-Round:0
Continuous Knob Rounds:Inf Tasks-in-Round:0
STOKE: Start Bat: 0.720000
MAPSME_GPS_RATE: 10000
MAPSME_GPS_PRIORITY: High Accuracy
MAPSME_GPS_BATCH: 1x

MAPSME_GPS_RATE: 10000
MAPSME_GPS_PRIORITY: High Accuracy
MAPSME_GPS_BATCH: 1x

MAPSME_GPS_RATE: 10000
MAPSME_GPS_PRIORITY: High Accuracy
MAPSME_GPS_BATCH: 1x

MAPSME_GPS_RATE: 10000
MAPSME_GPS_PRIORITY: High Accuracy
MAPSME_GPS_BATCH: 1x

ETask 1: Configuration:0 Energy:0.0 Power:0.0 Reward:39.230343188607996 Time:32527 TotalReward:39.230343188607996
ETask 2: Configuration:1 Energy:0.0 Power:0.0 Reward:109.575256988672 Time:32632 TotalReward:148.80560017727998
ETask 3: Configuration:2 Energy:0.0 Power:0.0 Reward:39.883120721664 Time:32626 TotalReward:188.68872089894398
ETask 4: Configuration:3 Energy:0.0 Power:0.0 Reward:36.927962272639995 Time:32633 TotalReward:225.616683171584
ETask 5: Configuration:4 Energy:0.0 Power:0.0 Reward:65.27932144689899 Time:32641 TotalReward:290.89600461848295
ETask 6: Configuration:5 Energy:0.0 Power:0.0 Reward:78.791632852806 Time:32589 TotalReward:369.68763747128895
ETask 7: Configuration:6 Energy:0.0 Power:0.0 Reward:83.88424271836799 Time:32544 TotalReward:453.57188018965695
ETask 8: Configuration:2 Energy:0.0 Power:0.0 Reward:43.283635962767995 Time:32542 TotalReward:496.85551615242497
ETask 9: Configuration:2 Energy:0.0 Power:0.0 Reward:37.671893679088 Time:32507 TotalReward:534.527409831513
ETask 10: Configuration:2 Energy:0.0 Power:0.0 Reward:41.271795803157005 Time:32507 TotalReward:575.79920563467
ETask 11: Configuration:2 Energy:0.0 Power:0.0 Reward:38.31398185772299 Time:32507 TotalReward:614.113187492393
ETask 12: Configuration:2 Energy:0.0 Power:0.0 Reward:72.86314770226801 Time:32514 TotalReward:686.976335194661
ETask 13: Configuration:2 Energy:0.0 Power:0.0 Reward:33.867714604878 Time:32527 TotalReward:720.844049799539
ETask 14: Configuration:2 Energy:0.0 Power:0.0 Reward:73.132169706414 Time:32513 TotalReward:793.9762195059529
ETask 15: Configuration:2 Energy:0.0 Power:0.0 Reward:38.573010856799996 Time:32506 TotalReward:832.549230362753
ETask 16: Configuration:2 Energy:0.0 Power:0.0 Reward:37.750420088009996 Time:32515 TotalReward:870.2996504507629
ETask 17: Configuration:2 Energy:0.0 Power:0.0 Reward:38.32501792896 Time:32508 TotalReward:908.624668379723
ETask 18: Configuration:2 Energy:0.0 Power:0.0 Reward:37.46882110678 Time:32510 TotalReward:946.0934894865029
ETask 19: Configuration:2 Energy:0.0 Power:0.0 Reward:74.07989422698199 Time:32519 TotalReward:1020.1733837134849
ETask 20: Configuration:2 Energy:0.0 Power:0.0 Reward:72.84727049044201 Time:32509 TotalReward:1093.0206542039268
ETask 21: Configuration:2 Energy:0.0 Power:0.0 Reward:36.12777715638 Time:32515 TotalReward:1129.1484313603069
ETask 22: Configuration:2 Energy:0.0 Power:0.0 Reward:38.912876099719995 Time:32510 TotalReward:1168.061307460027
ETask 23: Configuration:2 Energy:0.0 Power:0.0 Reward:47.18435327676001 Time:32508 TotalReward:1215.245660736787
ETask 24: Configuration:2 Energy:0.0 Power:0.0 Reward:38.24583063966 Time:32507 TotalReward:1253.491491376447
ETask 25: Configuration:2 Energy:0.0 Power:0.0 Reward:37.660384380695994 Time:32507 TotalReward:1291.151875757143
ETask 26: Configuration:2 Energy:0.0 Power:0.0 Reward:37.515905004816005 Time:32517 TotalReward:1328.667780761959
ETask 27: Configuration:2 Energy:0.0 Power:0.0 Reward:33.935463451288 Time:32509 TotalReward:1362.6032442132469
ETask 28: Configuration:2 Energy:0.0 Power:0.0 Reward:74.00536866867199 Time:32512 TotalReward:1436.6086128819188
ETask 29: Configuration:2 Energy:0.0 Power:0.0 Reward:69.21393664694399 Time:32507 TotalReward:1505.8225495288627
ETask 30: Configuration:2 Energy:0.0 Power:0.0 Reward:47.70409000518 Time:32515 TotalReward:1553.5266395340427
ETask 31: Configuration:2 Energy:0.0 Power:0.0 Reward:39.983038004019996 Time:32510 TotalReward:1593.5096775380628
ETask 32: Configuration:2 Energy:0.0 Power:0.0 Reward:37.758923501322 Time:32514 TotalReward:1631.2686010393847
ETask 33: Configuration:2 Energy:0.0 Power:0.0 Reward:37.218531195603994 Time:32516 TotalReward:1668.4871322349888
ETask 34: Configuration:2 Energy:0.0 Power:0.0 Reward:45.870722327877 Time:32507 TotalReward:1714.357854562866
ETask 35: Configuration:2 Energy:0.0 Power:0.0 Reward:71.65402936237801 Time:32511 TotalReward:1786.0118839252439
ETask 36: Configuration:2 Energy:0.0 Power:0.0 Reward:34.926751649024 Time:32512 TotalReward:1820.938635574268
ETask 37: Configuration:2 Energy:0.0 Power:0.0 Reward:39.887478269448 Time:32511 TotalReward:1860.8261138437158
ETask 38: Configuration:2 Energy:0.0 Power:0.0 Reward:39.92130718132099 Time:32507 TotalReward:1900.7474210250368
ETask 39: Configuration:2 Energy:0.0 Power:0.0 Reward:61.86617577104 Time:32510 TotalReward:1962.6135967960768
ETask 40: Configuration:2 Energy:0.0 Power:0.0 Reward:37.84839367104001 Time:32517 TotalReward:2000.4619904671167
ETask 41: Configuration:2 Energy:0.0 Power:0.0 Reward:37.117270738384 Time:32518 TotalReward:2037.5792612055006
ETask 42: Configuration:2 Energy:0.0 Power:0.0 Reward:33.686965128464 Time:32518 TotalReward:2071.266226333965
ETask 43: Configuration:2 Energy:0.0 Power:0.0 Reward:34.026458390832 Time:32511 TotalReward:2105.292684724797
ETask 44: Configuration:2 Energy:0.0 Power:0.0 Reward:84.031188762752 Time:32528 TotalReward:2189.323873487549
ETask 45: Configuration:2 Energy:0.0 Power:0.0 Reward:39.596050864127996 Time:32512 TotalReward:2228.919924351677
ETask 46: Configuration:2 Energy:0.0 Power:0.0 Reward:41.267295033551996 Time:32508 TotalReward:2270.1872193852287
ETask 47: Configuration:2 Energy:0.0 Power:0.0 Reward:44.378578581819994 Time:32515 TotalReward:2314.5657979670486
ETask 48: Configuration:2 Energy:0.0 Power:0.0 Reward:50.4524244675 Time:32505 TotalReward:2365.0182224345485
ETask 49: Configuration:2 Energy:0.0 Power:0.0 Reward:70.205676496956 Time:32508 TotalReward:2435.2238989315047
ETask 50: Configuration:2 Energy:0.0 Power:0.0 Reward:33.645516814635 Time:32505 TotalReward:2468.8694157461396
ETask 51: Configuration:2 Energy:0.0 Power:0.0 Reward:33.511030108439996 Time:32509 TotalReward:2502.3804458545796
ETask 52: Configuration:2 Energy:0.0 Power:0.0 Reward:38.43563139912 Time:32506 TotalReward:2540.8160772537
ETask 53: Configuration:2 Energy:0.0 Power:0.0 Reward:51.757862858711995 Time:32511 TotalReward:2592.573940112412
ETask 54: Configuration:2 Energy:0.0 Power:0.0 Reward:40.25083904424 Time:32505 TotalReward:2632.824779156652
ETask 55: Configuration:2 Energy:0.0 Power:0.0 Reward:38.770106930184 Time:32511 TotalReward:2671.5948860868357
ETask 56: Configuration:2 Energy:0.0 Power:0.0 Reward:49.41168615366399 Time:32506 TotalReward:2721.0065722404997
ETask 57: Configuration:2 Energy:0.0 Power:0.0 Reward:72.49363573288 Time:32510 TotalReward:2793.50020797338
ETask 58: Configuration:3 Energy:0.0 Power:0.0 Reward:42.795875953999996 Time:32530 TotalReward:2836.29608392738
ERun: Time:1887087
==END-RUN 0==
STOKE: Config: 0 - Knobs: {interval:10000 priority:100 sensor-configuration:1 batch:1 }  | -- on:1 joules:39.23 reward:0.8736
STOKE: Config: 1 - Knobs: {interval:8000 priority:100 sensor-configuration:1 batch:1 }  | -- on:1 joules:109.58 reward:0.3492
STOKE: Config: 2 - Knobs: {interval:5000 priority:100 sensor-configuration:1 batch:1 }  | -- on:51 joules:46.66 reward:0.9189
STOKE: Config: 3 - Knobs: {interval:4000 priority:100 sensor-configuration:1 batch:1 }  | -- on:2 joules:39.86 reward:0.8775
STOKE: Config: 4 - Knobs: {interval:3000 priority:100 sensor-configuration:1 batch:1 }  | -- on:1 joules:65.28 reward:0.4839
STOKE: Config: 5 - Knobs: {interval:2000 priority:100 sensor-configuration:1 batch:1 }  | -- on:1 joules:78.79 reward:0.4428
STOKE: Config: 6 - Knobs: {interval:1000 priority:100 sensor-configuration:1 batch:1 }  | -- on:1 joules:83.88 reward:0.4273
ERROR: We got 'done' signal before finishing experiment!
STOKE: Config: 0 - Knobs: {interval:10000 priority:100 sensor-configuration:1 batch:1 }  | -- on:1 joules:39.23 reward:0.8736
STOKE: Config: 1 - Knobs: {interval:8000 priority:100 sensor-configuration:1 batch:1 }  | -- on:1 joules:109.58 reward:0.3492
STOKE: Config: 2 - Knobs: {interval:5000 priority:100 sensor-configuration:1 batch:1 }  | -- on:51 joules:46.66 reward:0.9189
STOKE: Config: 3 - Knobs: {interval:4000 priority:100 sensor-configuration:1 batch:1 }  | -- on:2 joules:39.86 reward:0.8775
STOKE: Config: 4 - Knobs: {interval:3000 priority:100 sensor-configuration:1 batch:1 }  | -- on:1 joules:65.28 reward:0.4839
STOKE: Config: 5 - Knobs: {interval:2000 priority:100 sensor-configuration:1 batch:1 }  | -- on:1 joules:78.79 reward:0.4428
STOKE: Config: 6 - Knobs: {interval:1000 priority:100 sensor-configuration:1 batch:1 }  | -- on:1 joules:83.88 reward:0.4273
