==RUN 0==
Bandit Runs:1 Tasks-in-Run:100
Self-Optimizer Rounds:0 Tasks-in-Round:0
Continuous Knob Rounds:Inf Tasks-in-Round:0
STOKE: Start Bat: 0.990000
ETask 1-1: Configuration:0 Energy:32.631776696045996 Reward:18.311005362610388 Raw:11.68899463738961 Time:32538 TotalReward:32.631776696045996
ETask 2-2: Configuration:1 Energy:36.996095801136995 Reward:16.74766717571212 Raw:13.25233282428788 Time:32563 TotalReward:69.62787249718299
ETask 3-3: Configuration:2 Energy:31.738758955331996 Reward:18.630892314507943 Raw:11.369107685492057 Time:32523 TotalReward:101.36663145251498
ETask 4-4: Configuration:3 Energy:45.293208949493994 Reward:13.775566943464838 Raw:16.22443305653516 Time:32524 TotalReward:146.65984040200897
ETask 5-5: Configuration:4 Energy:46.60590098879 Reward:13.305348899537911 Raw:16.69465110046209 Time:32559 TotalReward:193.26574139079895
ETask 6-6: Configuration:5 Energy:57.032216689415 Reward:9.570549245582686 Raw:20.429450754417314 Time:32549 TotalReward:250.29795808021396
ETask 7-7: Configuration:6 Energy:98.520668890556 Reward:-5.29098587124394 Raw:35.29098587124394 Time:32528 TotalReward:348.81862697076997
ETask 8-8: Configuration:7 Energy:99.7686950216 Reward:-5.738040007737311 Raw:35.73804000773731 Time:32527 TotalReward:448.58732199237
ETask 9-9: Configuration:8 Energy:42.529448630515 Reward:14.765570639815525 Raw:15.234429360184475 Time:32548 TotalReward:491.116770622885
ETask 10-10: Configuration:9 Energy:42.878086437087 Reward:14.640685455371823 Raw:15.359314544628177 Time:32527 TotalReward:533.994857059972
ETask 11-11: Configuration:10 Energy:31.996105554929997 Reward:18.538708457935524 Raw:11.461291542064476 Time:32555 TotalReward:565.990962614902
ETask 12-12: Configuration:11 Energy:31.637506878207994 Reward:18.66716171526878 Raw:11.33283828473122 Time:32565 TotalReward:597.62846949311
ETask 13-13: Configuration:12 Energy:34.534084836856 Reward:17.62958155097695 Raw:12.370418449023047 Time:32564 TotalReward:632.1625543299659
ETask 14-14: Configuration:13 Energy:32.00101549348 Reward:18.536949673977315 Raw:11.463050326022685 Time:32539 TotalReward:664.1635698234459
ETask 15-15: Configuration:14 Energy:45.239367193776 Reward:13.794853542528 Raw:16.205146457472 Time:32555 TotalReward:709.4029370172219
ETask 16-16: Configuration:15 Energy:42.696620990351995 Reward:14.705688003455998 Raw:15.294311996544002 Time:32546 TotalReward:752.0995580075739
ETask 17-17: Configuration:16 Energy:37.38048709059 Reward:16.60997477352 Raw:13.39002522648 Time:32528 TotalReward:789.4800450981639
ETask 18-18: Configuration:17 Energy:45.545972031378 Reward:13.685024943984 Raw:16.314975056016 Time:32543 TotalReward:835.026017129542
ETask 19-19: Configuration:18 Energy:42.30976238527499 Reward:14.844264220200003 Raw:15.155735779799997 Time:32546 TotalReward:877.335779514817
ETask 20-20: Configuration:19 Energy:89.19226508322 Reward:-1.9494680895116367 Raw:31.949468089511637 Time:32539 TotalReward:966.528044598037
ETask 21-21: Configuration:0 Energy:34.236093505103995 Reward:17.736324714589614 Raw:12.263675285410386 Time:32572 TotalReward:1000.764138103141
ETask 22-22: Configuration:3 Energy:32.830692964559994 Reward:18.239751773888955 Raw:11.760248226111043 Time:32537 TotalReward:1033.594831067701
ETask 23-23: Configuration:9 Energy:49.85712083425999 Reward:12.140732835488961 Raw:17.85926716451104 Time:32519 TotalReward:1083.4519519019611
ETask 24-24: Configuration:12 Energy:33.161355969671995 Reward:18.1213053242966 Raw:11.878694675703402 Time:32546 TotalReward:1116.6133078716332
ETask 25-25: Configuration:15 Energy:51.003295512899996 Reward:11.730162801349252 Raw:18.269837198650748 Time:32537 TotalReward:1167.6166033845332
ETask 26-26: Configuration:12 Energy:50.55812974968 Reward:11.889625164293733 Raw:18.110374835706267 Time:32555 TotalReward:1218.174733134213
ETask 27-27: Configuration:4 Energy:59.501986158212 Reward:8.685855704521071 Raw:21.31414429547893 Time:32535 TotalReward:1277.676719292425
ETask 28-28: Configuration:8 Energy:58.8962320064 Reward:8.902842266364175 Raw:21.097157733635825 Time:32537 TotalReward:1336.572951298825
ETask 29-29: Configuration:4 Energy:34.471917612591994 Reward:17.651850407429734 Raw:12.348149592570266 Time:32517 TotalReward:1371.044868911417
ETask 30-30: Configuration:9 Energy:46.081424314248 Reward:13.493221141164895 Raw:16.506778858835105 Time:32526 TotalReward:1417.126293225665
ETask 31-31: Configuration:19 Energy:125.052504056512 Reward:-14.794926826213256 Raw:44.794926826213256 Time:32533 TotalReward:1542.178797282177
ETask 32-32: Configuration:12 Energy:53.18089682867501 Reward:10.95012650913134 Raw:19.04987349086866 Time:32559 TotalReward:1595.359694110852
ETask 33-33: Configuration:17 Energy:37.806274011072006 Reward:16.45745408558615 Raw:13.542545914413852 Time:32542 TotalReward:1633.165968121924
ETask 34-34: Configuration:6 Energy:37.607714184236 Reward:16.528579993706508 Raw:13.471420006293492 Time:32532 TotalReward:1670.77368230616
ETask 35-35: Configuration:6 Energy:87.64887028964 Reward:-1.396610253005374 Raw:31.396610253005374 Time:32517 TotalReward:1758.4225525958
ETask 36-36: Configuration:6 Energy:38.473556978927995 Reward:16.21842735083176 Raw:13.78157264916824 Time:32506 TotalReward:1796.896109574728
ETask 37-37: Configuration:7 Energy:37.665502026880006 Reward:16.507879870968353 Raw:13.492120129031646 Time:32558 TotalReward:1834.5616116016079
ETask 38-38: Configuration:7 Energy:41.59907338399201 Reward:15.098839384838685 Raw:14.901160615161315 Time:32536 TotalReward:1876.1606849855998
ETask 39-39: Configuration:0 Energy:33.209035514508 Reward:18.10422608435534 Raw:11.895773915644659 Time:32562 TotalReward:1909.3697205001079
ETask 40-40: Configuration:9 Energy:46.16077820004 Reward:13.464795868642387 Raw:16.535204131357613 Time:32540 TotalReward:1955.5304987001477
ETask 41-41: Configuration:6 Energy:37.46865773118999 Reward:16.57839126046926 Raw:13.421608739530742 Time:32540 TotalReward:1992.9991564313377
ETask 42-42: Configuration:13 Energy:38.66160140444 Reward:16.15106815363343 Raw:13.848931846366568 Time:32542 TotalReward:2031.6607578357778
ETask 43-43: Configuration:19 Energy:84.69013431542999 Reward:-0.3367645309002967 Raw:30.336764530900297 Time:32536 TotalReward:2116.3508921512075
ETask 44-44: Configuration:19 Energy:88.94062534283499 Reward:-1.859328481015524 Raw:31.859328481015524 Time:32504 TotalReward:2205.2915174940426
ETask 45-45: Configuration:19 Energy:107.128784672 Reward:-8.37449003176119 Raw:38.37449003176119 Time:32504 TotalReward:2312.420302166043
ETask 46-46: Configuration:19 Energy:107.981532982015 Reward:-8.6799521129606 Raw:38.6799521129606 Time:32504 TotalReward:2420.4018351480577
ETask 47-47: Configuration:19 Energy:101.85949642915202 Reward:-6.4869837955171334 Raw:36.48698379551713 Time:32503 TotalReward:2522.2613315772096
ETask 48-48: Configuration:16 Energy:80.17838427060002 Reward:1.2793847388895472 Raw:28.720615261110453 Time:32540 TotalReward:2602.4397158478096
ETask 49-49: Configuration:19 Energy:93.78188726702399 Reward:-3.5935118568444153 Raw:33.593511856844415 Time:32534 TotalReward:2696.2216031148337
ETask 50-50: Configuration:7 Energy:34.91405714676 Reward:17.49347206683224 Raw:12.50652793316776 Time:32568 TotalReward:2731.135660261594
ETask 51-51: Configuration:19 Energy:90.41487017244 Reward:-2.387416181172533 Raw:32.38741618117253 Time:32530 TotalReward:2821.5505304340336
ETask 52-52: Configuration:11 Energy:32.89565741979999 Reward:18.21648092425075 Raw:11.78351907574925 Time:32574 TotalReward:2854.4461878538336
ETask 53-53: Configuration:19 Energy:95.31321935519999 Reward:-4.142048724250735 Raw:34.142048724250735 Time:32536 TotalReward:2949.7594072090337
ETask 54-54: Configuration:19 Energy:85.29939463589999 Reward:-0.5550070337552171 Raw:30.555007033755217 Time:32503 TotalReward:3035.058801844934
ETask 55-55: Configuration:19 Energy:84.28719189464 Reward:-0.19242694733373256 Raw:30.192426947333733 Time:32503 TotalReward:3119.3459937395737
ETask 56-56: Configuration:19 Energy:83.58377108392999 Reward:0.05954468635343346 Raw:29.940455313646567 Time:32503 TotalReward:3202.929764823504
ETask 57-57: Configuration:19 Energy:86.20349187013798 Reward:-0.8788627594524101 Raw:30.87886275945241 Time:32505 TotalReward:3289.1332566936417
ETask 58-58: Configuration:19 Energy:82.58543019784199 Reward:0.41715933211630585 Raw:29.582840667883694 Time:32502 TotalReward:3371.7186868914837
ETask 59-59: Configuration:19 Energy:76.968219853154 Reward:2.4292943809597602 Raw:27.57070561904024 Time:32506 TotalReward:3448.686906744638
ETask 60-60: Configuration:19 Energy:78.03113994589398 Reward:2.048546885052904 Raw:27.951453114947096 Time:32501 TotalReward:3526.718046690532
ETask 61-61: Configuration:0 Energy:29.502409070514 Reward:19.431972870263643 Raw:10.56802712973636 Time:32564 TotalReward:3556.220455761046
ETask 62-62: Configuration:19 Energy:116.27466061049999 Reward:-11.6506246962985 Raw:41.6506246962985 Time:32531 TotalReward:3672.4951163715464
ETask 63-63: Configuration:19 Energy:104.62250191959998 Reward:-7.476717105528351 Raw:37.47671710552835 Time:32505 TotalReward:3777.1176182911463
ETask 64-64: Configuration:19 Energy:100.3797024923 Reward:-5.95690835545075 Raw:35.95690835545075 Time:32503 TotalReward:3877.4973207834464
ETask 65-65: Configuration:19 Energy:85.22274387872 Reward:-0.5275500461086544 Raw:30.527550046108654 Time:32501 TotalReward:3962.7200646621664
ETask 66-66: Configuration:19 Energy:84.14966904477 Reward:-0.1431650309623791 Raw:30.14316503096238 Time:32503 TotalReward:4046.869733706936
ETask 67-67: Configuration:19 Energy:88.76044401741999 Reward:-1.7947859166877507 Raw:31.79478591668775 Time:32502 TotalReward:4135.630177724356
ETask 68-68: Configuration:19 Energy:85.98614600576 Reward:-0.8010075244513395 Raw:30.80100752445134 Time:32504 TotalReward:4221.616323730116
ETask 69-69: Configuration:19 Energy:88.54215192424 Reward:-1.7165917340561236 Raw:31.716591734056124 Time:32504 TotalReward:4310.158475654356
ETask 70-70: Configuration:1 Energy:32.90558967310999 Reward:18.212923102169555 Raw:11.787076897830447 Time:32547 TotalReward:4343.064065327466
ETask 71-71: Configuration:19 Energy:96.554208514764 Reward:-4.586582154542334 Raw:34.586582154542334 Time:32533 TotalReward:4439.618273842229
ETask 72-72: Configuration:19 Energy:90.441134487088 Reward:-2.3968242938822684 Raw:32.39682429388227 Time:32503 TotalReward:4530.059408329317
ETask 73-73: Configuration:19 Energy:83.955804603737 Reward:-0.07372105208488478 Raw:30.073721052084885 Time:32507 TotalReward:4614.0152129330545
ETask 74-74: Configuration:19 Energy:82.99092877554597 Reward:0.2719061102521927 Raw:29.728093889747807 Time:32504 TotalReward:4697.006141708601
ETask 75-75: Configuration:19 Energy:80.16953871959998 Reward:1.2825532944716436 Raw:28.717446705528356 Time:32504 TotalReward:4777.1756804282
ETask 76-76: Configuration:19 Energy:81.85603309785 Reward:0.6784359052477633 Raw:29.321564094752237 Time:32502 TotalReward:4859.03171352605
ETask 77-77: Configuration:19 Energy:74.74267683674998 Reward:3.226503819671649 Raw:26.77349618032835 Time:32504 TotalReward:4933.7743903628
ETask 78-78: Configuration:19 Energy:88.09087119975001 Reward:-1.5549389372238878 Raw:31.554938937223888 Time:32504 TotalReward:5021.86526156255
ETask 79-79: Configuration:19 Energy:90.91260301499999 Reward:-2.565708542686565 Raw:32.565708542686565 Time:32505 TotalReward:5112.77786457755
ETask 80-80: Configuration:10 Energy:44.27558032679999 Reward:14.140090629205979 Raw:15.859909370794021 Time:32565 TotalReward:5157.05344490435
ETask 81-81: Configuration:19 Energy:93.6820102599 Reward:-3.5577350184716394 Raw:33.55773501847164 Time:32534 TotalReward:5250.73545516425
ETask 82-82: Configuration:19 Energy:81.69056125296001 Reward:0.7377094019247714 Raw:29.26229059807523 Time:32504 TotalReward:5332.42601641721
ETask 83-83: Configuration:19 Energy:74.71084480325999 Reward:3.237906339130749 Raw:26.76209366086925 Time:32502 TotalReward:5407.13686122047
ETask 84-84: Configuration:19 Energy:75.02456931354 Reward:3.1255274100752253 Raw:26.874472589924775 Time:32504 TotalReward:5482.16143053401
ETask 85-85: Configuration:19 Energy:75.61619056034999 Reward:2.9136033813671673 Raw:27.086396618632833 Time:32503 TotalReward:5557.77762109436
ETask 86-86: Configuration:19 Energy:74.88036898927501 Reward:3.177181257573128 Raw:26.822818742426872 Time:32503 TotalReward:5632.657990083635
ETask 87-87: Configuration:19 Energy:75.02687506587002 Reward:3.124701468942085 Raw:26.875298531057915 Time:32504 TotalReward:5707.684865149505
ETask 88-88: Configuration:11 Energy:25.467286184507998 Reward:20.877390023459824 Raw:9.122609976540177 Time:32542 TotalReward:5733.152151334013
ETask 89-89: Configuration:19 Energy:76.51731300084 Reward:2.590813253430447 Raw:27.409186746569553 Time:32538 TotalReward:5809.669464334853
ETask 90-90: Configuration:4 Energy:76.45593749740301 Reward:2.612798508392949 Raw:27.38720149160705 Time:32559 TotalReward:5886.125401832256
ETask 91-91: Configuration:19 Energy:87.391632626144 Reward:-1.304465418320241 Raw:31.30446541832024 Time:32529 TotalReward:5973.5170344584
ETask 92-92: Configuration:19 Energy:81.06209856976 Reward:0.9628303630710455 Raw:29.037169636928954 Time:32503 TotalReward:6054.57913302816
ETask 93-93: Configuration:19 Energy:75.43125898531999 Reward:2.9798475276465695 Raw:27.02015247235343 Time:32504 TotalReward:6130.01039201348
ETask 94-94: Configuration:19 Energy:76.00513701950399 Reward:2.7742792765955855 Raw:27.225720723404415 Time:32504 TotalReward:6206.015529032984
ETask 95-95: Configuration:19 Energy:80.30918371112 Reward:1.2325312079570203 Raw:28.76746879204298 Time:32502 TotalReward:6286.324712744104
ETask 96-96: Configuration:19 Energy:92.86763895023998 Reward:-3.2660199224740225 Raw:33.26601992247402 Time:32504 TotalReward:6379.192351694343
ETask 97-97: Configuration:19 Energy:87.716943787005 Reward:-1.4209947893749266 Raw:31.420994789374927 Time:32502 TotalReward:6466.909295481349
ETask 98-98: Configuration:19 Energy:76.38327842772 Reward:2.6388256378316406 Raw:27.36117436216836 Time:32503 TotalReward:6543.292573909069
ETask 99-99: Configuration:19 Energy:76.78236550452 Reward:2.4958690730077606 Raw:27.50413092699224 Time:32506 TotalReward:6620.074939413589
ETask 100-100: Configuration:19 Energy:94.69882818466 Reward:-3.921968304952834 Raw:33.921968304952834 Time:32502 TotalReward:6714.773767598249
ETask 101-101: Configuration:19 Energy:75.86761083495 Reward:2.8235423874806003 Raw:27.1764576125194 Time:32502 TotalReward:6790.641378433199
ETask 102-102: Configuration:19 Energy:91.54572997030999 Reward:-2.7925002878722367 Raw:32.79250028787224 Time:32504 TotalReward:6882.187108403509
ETask 103-103: Configuration:19 Energy:119.242418671195 Reward:-12.71370221057731 Raw:42.71370221057731 Time:32503 TotalReward:7001.429527074704
ETask 104-104: Configuration:19 Energy:71.616928516854 Reward:4.346174859634388 Raw:25.653825140365612 Time:32504 TotalReward:7073.046455591559
ETask 105-105: Configuration:19 Energy:70.06476174767998 Reward:4.90217489635344 Raw:25.09782510364656 Time:32501 TotalReward:7143.1112173392385
ETask 106-106: Configuration:19 Energy:77.868417600939 Reward:2.106835486230807 Raw:27.893164513769193 Time:32503 TotalReward:7220.979634940178
ETask 107-107: Configuration:19 Energy:77.87371911028 Reward:2.1049364381086555 Raw:27.895063561891345 Time:32502 TotalReward:7298.853354050458
ETask 108-108: Configuration:19 Energy:76.80946896379199 Reward:2.4861603711789932 Raw:27.513839628821007 Time:32503 TotalReward:7375.66282301425
ETask 109-109: Configuration:19 Energy:89.620440120644 Reward:-2.102844222320236 Raw:32.102844222320236 Time:32502 TotalReward:7465.283263134894
ETask 110-110: Configuration:19 Energy:82.97568404761599 Reward:0.2773669083166581 Raw:29.722633091683342 Time:32502 TotalReward:7548.2589471825095
ETask 111-111: Configuration:19 Energy:96.33954406748 Reward:-4.5096874271570115 Raw:34.50968742715701 Time:32502 TotalReward:7644.59849124999
ETask 112-112: Configuration:19 Energy:99.97519333607998 Reward:-5.81200955322268 Raw:35.81200955322268 Time:32504 TotalReward:7744.57368458607
ETask 113-113: Configuration:19 Energy:97.494407856626 Reward:-4.923369978492893 Raw:34.92336997849289 Time:32501 TotalReward:7842.068092442696
ETask 114-114: Configuration:19 Energy:81.328885095705 Reward:0.8672650403444777 Raw:29.132734959655522 Time:32503 TotalReward:7923.396977538401
ETask 115-115: Configuration:19 Energy:83.66534308274102 Reward:0.030324865883816443 Raw:29.969675134116184 Time:32502 TotalReward:8007.062320621142
ETask 116-116: Configuration:19 Energy:76.38072034320001 Reward:2.6397419666149204 Raw:27.36025803338508 Time:32502 TotalReward:8083.443040964342
ETask 117-117: Configuration:19 Energy:74.459551970576 Reward:3.327921682181728 Raw:26.672078317818272 Time:32502 TotalReward:8157.902592934918
ETask 118-118: Configuration:19 Energy:74.87144325086399 Reward:3.180378537003943 Raw:26.819621462996057 Time:32503 TotalReward:8232.774036185781
ETask 119-119: Configuration:19 Energy:72.886329647784 Reward:3.891464006763943 Raw:26.108535993236057 Time:32502 TotalReward:8305.660365833566
ETask 120-120: Configuration:19 Energy:73.94429169616399 Reward:3.5124925267472307 Raw:26.48750747325277 Time:32502 TotalReward:8379.60465752973
ETask 121-121: Configuration:19 Energy:74.41893367123198 Reward:3.3424715207527242 Raw:26.657528479247276 Time:32503 TotalReward:8454.023591200961
ERun: Time:3939451
==END-RUN 0==
==ROUND-END==
STOKE: Config: 0 - Knobs: {interval:10000 priority:104 sensor-configuration:1 batch:5 }  | -- on:4 reward:18.3959
STOKE: Config: 1 - Knobs: {interval:7750 priority:104 sensor-configuration:1 batch:5 }  | -- on:2 reward:17.4803
STOKE: Config: 2 - Knobs: {interval:5500 priority:104 sensor-configuration:1 batch:5 }  | -- on:1 reward:18.6309
STOKE: Config: 3 - Knobs: {interval:3500 priority:104 sensor-configuration:1 batch:5 }  | -- on:2 reward:16.0077
STOKE: Config: 4 - Knobs: {interval:1000 priority:104 sensor-configuration:1 batch:5 }  | -- on:4 reward:10.5640
STOKE: Config: 5 - Knobs: {interval:10000 priority:100 sensor-configuration:1 batch:5 }  | -- on:1 reward:9.5705
STOKE: Config: 6 - Knobs: {interval:7750 priority:100 sensor-configuration:1 batch:5 }  | -- on:5 reward:8.5276
STOKE: Config: 7 - Knobs: {interval:5500 priority:100 sensor-configuration:1 batch:5 }  | -- on:4 reward:10.8405
STOKE: Config: 8 - Knobs: {interval:3500 priority:100 sensor-configuration:1 batch:5 }  | -- on:2 reward:11.8342
STOKE: Config: 9 - Knobs: {interval:1000 priority:100 sensor-configuration:1 batch:5 }  | -- on:4 reward:13.4349
STOKE: Config: 10 - Knobs: {interval:10000 priority:104 sensor-configuration:1 batch:1 }  | -- on:2 reward:16.3394
STOKE: Config: 11 - Knobs: {interval:7750 priority:104 sensor-configuration:1 batch:1 }  | -- on:3 reward:19.2537
STOKE: Config: 12 - Knobs: {interval:5500 priority:104 sensor-configuration:1 batch:1 }  | -- on:4 reward:14.6477
STOKE: Config: 13 - Knobs: {interval:3500 priority:104 sensor-configuration:1 batch:1 }  | -- on:2 reward:17.3440
STOKE: Config: 14 - Knobs: {interval:1000 priority:104 sensor-configuration:1 batch:1 }  | -- on:1 reward:13.7949
STOKE: Config: 15 - Knobs: {interval:10000 priority:100 sensor-configuration:1 batch:1 }  | -- on:2 reward:13.2179
STOKE: Config: 16 - Knobs: {interval:7750 priority:100 sensor-configuration:1 batch:1 }  | -- on:2 reward:8.9447
STOKE: Config: 17 - Knobs: {interval:5500 priority:100 sensor-configuration:1 batch:1 }  | -- on:2 reward:15.0712
STOKE: Config: 18 - Knobs: {interval:3500 priority:100 sensor-configuration:1 batch:1 }  | -- on:1 reward:14.8443
STOKE: Config: 19 - Knobs: {interval:1000 priority:100 sensor-configuration:1 batch:1 }  | -- on:73 reward:-0.8158
