==RUN 0==
Bandit Runs:1 Tasks-in-Run:100
Self-Optimizer Rounds:0 Tasks-in-Round:0
Continuous Knob Rounds:Inf Tasks-in-Round:0
STOKE: Start Bat: 0.760000
ETask 1-1: Configuration:0 Energy:37.31168331814 Reward:11.634620900964777 Raw:13.365379099035223 Time:32527 TotalReward:37.31168331814
ETask 2-2: Configuration:1 Energy:35.190330153859996 Reward:12.394508601602391 Raw:12.605491398397609 Time:32546 TotalReward:72.50201347199999
ETask 3-3: Configuration:2 Energy:93.857548370768 Reward:-8.620614341767642 Raw:33.62061434176764 Time:32530 TotalReward:166.359561842768
ETask 4-4: Configuration:3 Energy:103.04677877127199 Reward:-11.912278962843693 Raw:36.91227896284369 Time:32528 TotalReward:269.40634061404
ETask 5-5: Configuration:4 Energy:86.04417335122 Reward:-5.821793439242985 Raw:30.821793439242985 Time:32533 TotalReward:355.45051396526003
ETask 6-6: Configuration:5 Energy:55.437958744839996 Reward:5.14162671826627 Raw:19.85837328173373 Time:32548 TotalReward:410.8884727101
ETask 7-7: Configuration:6 Energy:37.97883987324 Reward:11.395639448391643 Raw:13.604360551608357 Time:32533 TotalReward:448.86731258334004
ETask 8-8: Configuration:7 Energy:37.649125596211995 Reward:11.513746055088243 Raw:13.486253944911757 Time:32566 TotalReward:486.51643817955204
ETask 9-9: Configuration:8 Energy:47.105183470077996 Reward:8.126501443554151 Raw:16.87349855644585 Time:32527 TotalReward:533.62162164963
ETask 10-10: Configuration:9 Energy:63.027145214724 Reward:2.423112161889911 Raw:22.57688783811009 Time:32532 TotalReward:596.648766864354
ETask 11-11: Configuration:10 Energy:60.29096082917599 Reward:3.4032379119369622 Raw:21.596762088063038 Time:32531 TotalReward:656.93972769353
ETask 12-12: Configuration:11 Energy:67.005982300348 Reward:0.9978570864425116 Raw:24.00214291355749 Time:32547 TotalReward:723.945709993878
ETask 13-13: Configuration:12 Energy:70.041044143686 Reward:-0.08932924549946009 Raw:25.08932924549946 Time:32545 TotalReward:793.986754137564
ETask 14-14: Configuration:13 Energy:38.18203432836 Reward:11.322853374915823 Raw:13.677146625084177 Time:32539 TotalReward:832.1687884659241
ETask 15-15: Configuration:14 Energy:78.710347582421 Reward:-3.1947513728075165 Raw:28.194751372807517 Time:32539 TotalReward:910.8791360483451
ETask 16-16: Configuration:15 Energy:42.1177750214 Reward:9.913035813229849 Raw:15.086964186770151 Time:32550 TotalReward:952.9969110697451
ETask 17-17: Configuration:16 Energy:80.392842093798 Reward:-3.797435973897791 Raw:28.79743597389779 Time:32568 TotalReward:1033.3897531635432
ETask 18-18: Configuration:17 Energy:80.804435445 Reward:-3.9448723982089575 Raw:28.944872398208958 Time:32536 TotalReward:1114.1941886085433
ETask 19-19: Configuration:18 Energy:40.405562716800006 Reward:10.52636559398209 Raw:14.47363440601791 Time:32527 TotalReward:1154.5997513253433
ETask 20-20: Configuration:19 Energy:84.11991826799999 Reward:-5.1325080362985105 Raw:30.13250803629851 Time:32523 TotalReward:1238.7196695933433
ETask 21-21: Configuration:10 Energy:75.52009940265 Reward:-2.0519759054268647 Raw:27.051975905426865 Time:32573 TotalReward:1314.2397689959932
ETask 22-22: Configuration:10 Energy:34.171142200199995 Reward:12.759590853659702 Raw:12.240409146340298 Time:32508 TotalReward:1348.4109111961932
ETask 23-23: Configuration:4 Energy:45.131652223 Reward:8.833438009671639 Raw:16.16656199032836 Time:32534 TotalReward:1393.5425634191931
ETask 24-24: Configuration:14 Energy:36.896996609999995 Reward:11.783165393432837 Raw:13.216834606567163 Time:32536 TotalReward:1430.4395600291932
ETask 25-25: Configuration:19 Energy:84.20825620625 Reward:-5.164151476865673 Raw:30.164151476865673 Time:32529 TotalReward:1514.6478162354433
ETask 26-26: Configuration:5 Energy:37.671005572199995 Reward:11.505908451749258 Raw:13.494091548250742 Time:32558 TotalReward:1552.3188218076434
ETask 27-27: Configuration:2 Energy:37.648964619599994 Reward:11.513803718352241 Raw:13.486196281647759 Time:32534 TotalReward:1589.9677864272435
ETask 28-28: Configuration:2 Energy:38.350541819549996 Reward:11.262492482549254 Raw:13.737507517450746 Time:32512 TotalReward:1628.3183282467935
ETask 29-29: Configuration:1 Energy:38.031568590554 Reward:11.376751549652298 Raw:13.623248450347702 Time:32554 TotalReward:1666.3498968373474
ETask 30-30: Configuration:12 Energy:40.542865142000004 Reward:10.477182635701489 Raw:14.522817364298511 Time:32555 TotalReward:1706.8927619793474
ETask 31-31: Configuration:11 Energy:65.769929613 Reward:1.4406222281791052 Raw:23.559377771820895 Time:32531 TotalReward:1772.6626915923473
ETask 32-32: Configuration:13 Energy:60.1479175712 Reward:3.454477287928359 Raw:21.54552271207164 Time:32538 TotalReward:1832.8106091635473
ETask 33-33: Configuration:11 Energy:62.17220770046 Reward:2.729358435656117 Raw:22.270641564343883 Time:32544 TotalReward:1894.9828168640072
ETask 34-34: Configuration:1 Energy:49.4932029872 Reward:7.271091467271646 Raw:17.728908532728354 Time:32527 TotalReward:1944.4760198512072
ETask 35-35: Configuration:5 Energy:38.2286281986 Reward:11.306163033337315 Raw:13.693836966662685 Time:32538 TotalReward:1982.7046480498072
ETask 36-36: Configuration:11 Energy:48.264293616 Reward:7.711297809194029 Raw:17.28870219080597 Time:32523 TotalReward:2030.9689416658073
ETask 37-37: Configuration:3 Energy:37.269539432760006 Reward:11.64971721811582 Raw:13.35028278188418 Time:32551 TotalReward:2068.2384810985673
ETask 38-38: Configuration:1 Energy:68.99629898403 Reward:0.28490782661612 Raw:24.71509217338388 Time:32548 TotalReward:2137.2347800825974
ETask 39-39: Configuration:3 Energy:37.31930154068 Reward:11.631891985428059 Raw:13.368108014571941 Time:32546 TotalReward:2174.5540816232774
ETask 40-40: Configuration:16 Energy:52.441769512912 Reward:6.214888532688235 Raw:18.785111467311765 Time:32538 TotalReward:2226.9958511361892
ETask 41-41: Configuration:9 Energy:41.384452429179994 Reward:10.175718532831048 Raw:14.824281467168952 Time:32540 TotalReward:2268.380303565369
ETask 42-42: Configuration:16 Energy:43.1307545333 Reward:9.550177480608955 Raw:15.449822519391045 Time:32539 TotalReward:2311.5110580986693
ETask 43-43: Configuration:4 Energy:39.64984839508 Reward:10.797069231613136 Raw:14.202930768386864 Time:32541 TotalReward:2351.1609064937493
ETask 44-44: Configuration:4 Energy:37.280756727844 Reward:11.645699082563343 Raw:13.354300917436657 Time:32508 TotalReward:2388.4416632215934
ETask 45-45: Configuration:11 Energy:52.01435901625601 Reward:6.367990800147101 Raw:18.6320091998529 Time:32530 TotalReward:2440.4560222378495
ETask 46-46: Configuration:3 Energy:37.044295380716 Reward:11.730401654668896 Raw:13.269598345331104 Time:32548 TotalReward:2477.5003176185655
ETask 47-47: Configuration:11 Energy:40.06651482694 Reward:10.6478155843797 Raw:14.3521844156203 Time:32542 TotalReward:2517.5668324455055
ETask 48-48: Configuration:5 Energy:42.375395184 Reward:9.820753963940298 Raw:15.179246036059702 Time:32545 TotalReward:2559.9422276295054
ETask 49-49: Configuration:17 Energy:42.3571915776 Reward:9.827274658770147 Raw:15.172725341229853 Time:32537 TotalReward:2602.2994192071055
ETask 50-50: Configuration:17 Energy:85.633378218048 Reward:-5.674642943778384 Raw:30.674642943778384 Time:32503 TotalReward:2687.9327974251537
ETask 51-51: Configuration:17 Energy:56.49418291968 Reward:4.763277760114626 Raw:20.236722239885374 Time:32504 TotalReward:2744.4269803448337
ETask 52-52: Configuration:17 Energy:55.001524492415996 Reward:5.297961375850985 Raw:19.702038624149015 Time:32504 TotalReward:2799.42850483725
ETask 53-53: Configuration:17 Energy:56.03469096556799 Reward:4.927871892930874 Raw:20.072128107069126 Time:32504 TotalReward:2855.463195802818
ETask 54-54: Configuration:17 Energy:64.54070913504 Reward:1.8809400113289527 Raw:23.119059988671047 Time:32506 TotalReward:2920.003904937858
ETask 55-55: Configuration:15 Energy:44.92322697676799 Reward:8.908097799366686 Raw:16.091902200633314 Time:32531 TotalReward:2964.927131914626
ETask 56-56: Configuration:17 Energy:44.133577761408 Reward:9.190957219794148 Raw:15.809042780205852 Time:32540 TotalReward:3009.060709676034
ETask 57-57: Configuration:17 Energy:40.122899927136 Reward:10.627617936548301 Raw:14.372382063451699 Time:32505 TotalReward:3049.18360960317
ETask 58-58: Configuration:16 Energy:73.58678712403201 Reward:-1.359446133981617 Raw:26.359446133981617 Time:32535 TotalReward:3122.7703967272023
ETask 59-59: Configuration:0 Energy:37.14733076947199 Reward:11.693493455711527 Raw:13.306506544288473 Time:32541 TotalReward:3159.917727496674
ETask 60-60: Configuration:4 Energy:102.83181390405 Reward:-11.83527662234627 Raw:36.83527662234627 Time:32553 TotalReward:3262.749541400724
ETask 61-61: Configuration:16 Energy:84.03359406911699 Reward:-5.1015859352060815 Raw:30.10158593520608 Time:32557 TotalReward:3346.783135469841
ETask 62-62: Configuration:16 Energy:91.08468376461299 Reward:-7.62734940821958 Raw:32.62734940821958 Time:32503 TotalReward:3437.867819234454
ETask 63-63: Configuration:16 Energy:87.825478058934 Reward:-6.459872737528599 Raw:31.4598727375286 Time:32508 TotalReward:3525.6932972933882
ETask 64-64: Configuration:16 Energy:81.41517347039999 Reward:-4.16364422820299 Raw:29.16364422820299 Time:32507 TotalReward:3607.1084707637883
ETask 65-65: Configuration:16 Energy:82.86419526046201 Reward:-4.682696809717733 Raw:29.682696809717733 Time:32509 TotalReward:3689.9726660242504
ETask 66-66: Configuration:12 Energy:37.491771732722995 Reward:11.570111618129074 Raw:13.429888381870926 Time:32531 TotalReward:3727.4644377569734
ETask 67-67: Configuration:16 Energy:139.05815326425 Reward:-24.811875796149252 Raw:49.81187579614925 Time:32531 TotalReward:3866.5225910212234
ETask 68-68: Configuration:4 Energy:40.98438811133999 Reward:10.319025154146871 Raw:14.680974845853129 Time:32538 TotalReward:3907.5069791325636
ETask 69-69: Configuration:4 Energy:37.13802280632 Reward:11.696827651467462 Raw:13.303172348532538 Time:32519 TotalReward:3944.6450019388835
ETask 70-70: Configuration:19 Energy:86.66298800812798 Reward:-6.043458390971214 Raw:31.043458390971214 Time:32527 TotalReward:4031.3079899470117
ETask 71-71: Configuration:17 Energy:51.5100136368 Reward:6.548651831594032 Raw:18.451348168405968 Time:32552 TotalReward:4082.818003583812
ETask 72-72: Configuration:16 Energy:55.880574971159994 Reward:4.983077622271043 Raw:20.016922377728957 Time:32530 TotalReward:4138.698578554971
ETask 73-73: Configuration:16 Energy:60.53827894807199 Reward:3.3146463469592895 Raw:21.68535365304071 Time:32504 TotalReward:4199.236857503043
ETask 74-74: Configuration:16 Energy:55.67247961675199 Reward:5.057619241760481 Raw:19.94238075823952 Time:32504 TotalReward:4254.909337119795
ETask 75-75: Configuration:16 Energy:142.38940188379198 Reward:-26.005158883746375 Raw:51.005158883746375 Time:32508 TotalReward:4397.298739003587
ETask 76-76: Configuration:16 Energy:38.573967636599996 Reward:11.182459354053732 Raw:13.817540645946268 Time:32516 TotalReward:4435.872706640187
ETask 77-77: Configuration:16 Energy:38.40832385851999 Reward:11.241794438739108 Raw:13.758205561260892 Time:32507 TotalReward:4474.281030498707
ETask 78-78: Configuration:16 Energy:38.08726445742399 Reward:11.35680079137051 Raw:13.64319920862949 Time:32504 TotalReward:4512.368294956131
ETask 79-79: Configuration:6 Energy:39.687896830848 Reward:10.783439941188776 Raw:14.216560058811224 Time:32543 TotalReward:4552.056191786979
ETask 80-80: Configuration:9 Energy:44.07559100364 Reward:9.211728595711044 Raw:15.788271404288956 Time:32528 TotalReward:4596.131782790619
ETask 81-81: Configuration:16 Energy:38.012946779695994 Reward:11.383422049064123 Raw:13.616577950935877 Time:32537 TotalReward:4634.144729570315
ETask 82-82: Configuration:16 Energy:46.052972658896 Reward:8.503412778902923 Raw:16.496587221097077 Time:32503 TotalReward:4680.19770222921
ETask 83-83: Configuration:16 Energy:38.59215098155199 Reward:11.175945917056003 Raw:13.824054082943997 Time:32504 TotalReward:4718.789853210762
ETask 84-84: Configuration:16 Energy:37.756434828615994 Reward:11.475306927062928 Raw:13.524693072937072 Time:32507 TotalReward:4756.546288039378
ETask 85-85: Configuration:16 Energy:37.940043595632 Reward:11.409536622460179 Raw:13.590463377539821 Time:32507 TotalReward:4794.48633163501
ETask 86-86: Configuration:16 Energy:51.46545366476799 Reward:6.564613612620416 Raw:18.435386387379584 Time:32509 TotalReward:4845.951785299778
ETask 87-87: Configuration:16 Energy:40.890198098112 Reward:10.352764860377787 Raw:14.647235139622213 Time:32510 TotalReward:4886.84198339789
ETask 88-88: Configuration:16 Energy:84.81617778796799 Reward:-5.381914431510925 Raw:30.381914431510925 Time:32503 TotalReward:4971.658161185857
ETask 89-89: Configuration:16 Energy:71.98498658982399 Reward:-0.7856668381459073 Raw:25.785666838145907 Time:32506 TotalReward:5043.643147775681
ETask 90-90: Configuration:16 Energy:38.551107944448 Reward:11.190647900496238 Raw:13.809352099503762 Time:32504 TotalReward:5082.194255720129
ETask 91-91: Configuration:16 Energy:96.436501805248 Reward:-9.54441855710376 Raw:34.54441855710376 Time:32509 TotalReward:5178.630757525377
ETask 92-92: Configuration:16 Energy:53.62065889487999 Reward:5.792599798848958 Raw:19.207400201151042 Time:32503 TotalReward:5232.251416420257
ETask 93-93: Configuration:16 Energy:99.38409553811198 Reward:-10.60027302857742 Raw:35.60027302857742 Time:32510 TotalReward:5331.635511958369
ETask 94-94: Configuration:16 Energy:83.102587256832 Reward:-4.768090957671159 Raw:29.76809095767116 Time:32508 TotalReward:5414.7380992152
ETask 95-95: Configuration:16 Energy:40.36976178048 Reward:10.539189809977312 Raw:14.460810190022688 Time:32508 TotalReward:5455.10786099568
ETask 96-96: Configuration:16 Energy:37.787233735415995 Reward:11.464274482836062 Raw:13.535725517163938 Time:32510 TotalReward:5492.895094731096
ETask 97-97: Configuration:8 Energy:38.371434307248 Reward:11.255008606358924 Raw:13.744991393641076 Time:32533 TotalReward:5531.266529038344
ETask 98-98: Configuration:16 Energy:44.646828809128 Reward:9.007106098222803 Raw:15.992893901777197 Time:32537 TotalReward:5575.913357847472
ETask 99-99: Configuration:16 Energy:37.734765081279996 Reward:11.483069224616122 Raw:13.516930775383878 Time:32511 TotalReward:5613.648122928752
ETask 100-100: Configuration:16 Energy:38.70337559270399 Reward:11.136104265300062 Raw:13.863895734699938 Time:32508 TotalReward:5652.351498521456
ETask 101-101: Configuration:16 Energy:36.015429566 Reward:12.09895060322388 Raw:12.90104939677612 Time:32507 TotalReward:5688.3669280874565
ETask 102-102: Configuration:11 Energy:45.85620964124801 Reward:8.573895053881312 Raw:16.426104946118688 Time:32531 TotalReward:5734.223137728704
ETask 103-103: Configuration:16 Energy:43.17087711383999 Reward:9.53580521295284 Raw:15.46419478704716 Time:32548 TotalReward:5777.3940148425445
ETask 104-104: Configuration:15 Energy:61.82480636384 Reward:2.8538007054901513 Raw:22.14619929450985 Time:32538 TotalReward:5839.218821206385
ETask 105-105: Configuration:16 Energy:44.886423006909 Reward:8.92128131095797 Raw:16.07871868904203 Time:32542 TotalReward:5884.105244213294
ETask 106-106: Configuration:16 Energy:38.43425569787399 Reward:11.232505421657077 Raw:13.767494578342923 Time:32509 TotalReward:5922.539499911168
ETask 107-107: Configuration:16 Energy:39.756309727994996 Reward:10.758933828777913 Raw:14.241066171222087 Time:32502 TotalReward:5962.295809639163
ETask 108-108: Configuration:16 Energy:50.65874311145999 Reward:6.853584557088961 Raw:18.14641544291104 Time:32505 TotalReward:6012.954552750623
ETask 109-109: Configuration:16 Energy:40.29941797963199 Reward:10.564387589385555 Raw:14.435612410614445 Time:32506 TotalReward:6053.253970730256
ETask 110-110: Configuration:17 Energy:43.78858243257599 Reward:9.314537636092178 Raw:15.685462363907822 Time:32530 TotalReward:6097.042553162832
ETask 111-111: Configuration:16 Energy:84.16602703097699 Reward:-5.149024608111159 Raw:30.14902460811116 Time:32558 TotalReward:6181.208580193808
ETask 112-112: Configuration:16 Energy:50.53279803477199 Reward:6.898699211424958 Raw:18.101300788575042 Time:32503 TotalReward:6231.74137822858
ETask 113-113: Configuration:16 Energy:40.7926596866 Reward:10.387703992859702 Raw:14.612296007140298 Time:32504 TotalReward:6272.53403791518
ETask 114-114: Configuration:16 Energy:48.564039126667 Reward:7.603926282984954 Raw:17.396073717015046 Time:32505 TotalReward:6321.098077041847
ETask 115-115: Configuration:16 Energy:50.59865159924 Reward:6.875109874899106 Raw:18.124890125100894 Time:32508 TotalReward:6371.696728641087
ETask 116-116: Configuration:16 Energy:43.383933923823996 Reward:9.459486355645137 Raw:15.540513644354863 Time:32505 TotalReward:6415.080662564911
ETask 117-117: Configuration:16 Energy:50.150641615068 Reward:7.035591063259222 Raw:17.964408936740778 Time:32505 TotalReward:6465.231304179979
ETask 118-118: Configuration:16 Energy:63.562903849071 Reward:2.2311986212283017 Raw:22.7688013787717 Time:32505 TotalReward:6528.7942080290495
ETask 119-119: Configuration:16 Energy:39.04359476687999 Reward:11.014234710371346 Raw:13.985765289628654 Time:32507 TotalReward:6567.83780279593
ETask 120-120: Configuration:16 Energy:40.331397011776 Reward:10.55293241369218 Raw:14.44706758630782 Time:32508 TotalReward:6608.169199807706
ETask 121-121: Configuration:16 Energy:40.655730621584 Reward:10.436753210178864 Raw:14.563246789821136 Time:32508 TotalReward:6648.824930429289
ERun: Time:3940421
==END-RUN 0==
==ROUND-END==
STOKE: Config: 0 - Knobs: {interval:10000 priority:104 sensor-configuration:1 batch:5 }  | -- on:2 reward:11.6641
STOKE: Config: 1 - Knobs: {interval:7750 priority:104 sensor-configuration:1 batch:5 }  | -- on:4 reward:7.8318
STOKE: Config: 2 - Knobs: {interval:5500 priority:104 sensor-configuration:1 batch:5 }  | -- on:3 reward:4.7186
STOKE: Config: 3 - Knobs: {interval:3500 priority:104 sensor-configuration:1 batch:5 }  | -- on:4 reward:5.7749
STOKE: Config: 4 - Knobs: {interval:1000 priority:104 sensor-configuration:1 batch:5 }  | -- on:7 reward:5.0907
STOKE: Config: 5 - Knobs: {interval:10000 priority:100 sensor-configuration:1 batch:5 }  | -- on:4 reward:9.4436
STOKE: Config: 6 - Knobs: {interval:7750 priority:100 sensor-configuration:1 batch:5 }  | -- on:2 reward:11.0895
STOKE: Config: 7 - Knobs: {interval:5500 priority:100 sensor-configuration:1 batch:5 }  | -- on:1 reward:11.5137
STOKE: Config: 8 - Knobs: {interval:3500 priority:100 sensor-configuration:1 batch:5 }  | -- on:2 reward:9.6908
STOKE: Config: 9 - Knobs: {interval:1000 priority:100 sensor-configuration:1 batch:5 }  | -- on:3 reward:7.2702
STOKE: Config: 10 - Knobs: {interval:10000 priority:104 sensor-configuration:1 batch:1 }  | -- on:3 reward:4.7036
STOKE: Config: 11 - Knobs: {interval:7750 priority:104 sensor-configuration:1 batch:1 }  | -- on:7 reward:5.4955
STOKE: Config: 12 - Knobs: {interval:5500 priority:104 sensor-configuration:1 batch:1 }  | -- on:3 reward:7.3193
STOKE: Config: 13 - Knobs: {interval:3500 priority:104 sensor-configuration:1 batch:1 }  | -- on:2 reward:7.3887
STOKE: Config: 14 - Knobs: {interval:1000 priority:104 sensor-configuration:1 batch:1 }  | -- on:2 reward:4.2942
STOKE: Config: 15 - Knobs: {interval:10000 priority:100 sensor-configuration:1 batch:1 }  | -- on:3 reward:7.2250
STOKE: Config: 16 - Knobs: {interval:7750 priority:100 sensor-configuration:1 batch:1 }  | -- on:54 reward:4.3815
STOKE: Config: 17 - Knobs: {interval:5500 priority:100 sensor-configuration:1 batch:1 }  | -- on:11 reward:4.7963
STOKE: Config: 18 - Knobs: {interval:3500 priority:100 sensor-configuration:1 batch:1 }  | -- on:1 reward:10.5264
STOKE: Config: 19 - Knobs: {interval:1000 priority:100 sensor-configuration:1 batch:1 }  | -- on:3 reward:-5.4467
