STOKE: Start Bat: 1.000000
ETask 13: Configuration:0 Energy:47.10 Power:47.10 Reward:47.10 Time:10013
ETask 14: Configuration:0 Energy:47.10 Power:47.10 Reward:47.10 Time:10009
ETask 15: Configuration:0 Energy:47.30 Power:47.30 Reward:47.30 Time:10015
ETask 16: Configuration:0 Energy:47.90 Power:47.90 Reward:47.90 Time:10014
ETask 17: Configuration:0 Energy:47.70 Power:47.70 Reward:47.70 Time:10013
ETask 18: Configuration:0 Energy:46.50 Power:46.50 Reward:46.50 Time:10013
ETask 19: Configuration:0 Energy:44.80 Power:44.80 Reward:44.80 Time:10017
ETask 20: Configuration:0 Energy:44.20 Power:44.20 Reward:44.20 Time:10015
ETask 21: Configuration:0 Energy:46.80 Power:46.80 Reward:46.80 Time:10018
ETask 22: Configuration:0 Energy:48.10 Power:48.10 Reward:48.10 Time:10015
ETask 23: Configuration:0 Energy:46.90 Power:46.90 Reward:46.90 Time:10028
ETask 24: Configuration:0 Energy:43.70 Power:43.70 Reward:43.70 Time:10019
ETask 25: Configuration:0 Energy:43.00 Power:43.00 Reward:43.00 Time:10018
ETask 26: Configuration:0 Energy:45.80 Power:45.80 Reward:45.80 Time:10016
ETask 27: Configuration:0 Energy:46.70 Power:46.70 Reward:46.70 Time:10019
ETask 28: Configuration:0 Energy:46.60 Power:46.60 Reward:46.60 Time:10019
ETask 29: Configuration:0 Energy:44.40 Power:44.40 Reward:44.40 Time:10015
ETask 30: Configuration:0 Energy:43.00 Power:43.00 Reward:43.00 Time:10015
ETask 31: Configuration:0 Energy:43.40 Power:43.40 Reward:43.40 Time:10018
ETask 32: Configuration:0 Energy:41.90 Power:41.90 Reward:41.90 Time:10023
ETask 33: Configuration:0 Energy:40.80 Power:40.80 Reward:40.80 Time:10024
ETask 34: Configuration:0 Energy:38.60 Power:38.60 Reward:38.60 Time:10020
ETask 35: Configuration:0 Energy:41.60 Power:41.60 Reward:41.60 Time:10025
ETask 36: Configuration:0 Energy:37.50 Power:37.50 Reward:37.50 Time:10022
ETask 37: Configuration:0 Energy:37.50 Power:37.50 Reward:37.50 Time:10023
ETask 38: Configuration:0 Energy:38.00 Power:38.00 Reward:38.00 Time:10027
ETask 39: Configuration:0 Energy:43.20 Power:43.20 Reward:43.20 Time:10021
ETask 40: Configuration:0 Energy:45.20 Power:45.20 Reward:45.20 Time:10011
ETask 41: Configuration:0 Energy:42.80 Power:42.80 Reward:42.80 Time:10018
ETask 42: Configuration:0 Energy:43.20 Power:43.20 Reward:43.20 Time:10013
ETask 43: Configuration:0 Energy:44.20 Power:44.20 Reward:44.20 Time:10017
ETask 44: Configuration:0 Energy:43.00 Power:43.00 Reward:43.00 Time:10009
ETask 45: Configuration:0 Energy:42.70 Power:42.70 Reward:42.70 Time:10014
ETask 46: Configuration:0 Energy:42.50 Power:42.50 Reward:42.50 Time:10013
ETask 47: Configuration:0 Energy:42.60 Power:42.60 Reward:42.60 Time:10016
ETask 48: Configuration:0 Energy:40.30 Power:40.30 Reward:40.30 Time:10019
ETask 49: Configuration:0 Energy:38.40 Power:38.40 Reward:38.40 Time:10023
ETask 50: Configuration:0 Energy:38.10 Power:38.10 Reward:38.10 Time:10009
ETask 51: Configuration:0 Energy:38.30 Power:38.30 Reward:38.30 Time:10016
ETask 52: Configuration:0 Energy:38.40 Power:38.40 Reward:38.40 Time:10018
ETask 53: Configuration:0 Energy:37.70 Power:37.70 Reward:37.70 Time:10016
ETask 54: Configuration:0 Energy:40.50 Power:40.50 Reward:40.50 Time:10016
ETask 55: Configuration:0 Energy:41.00 Power:41.00 Reward:41.00 Time:10016
ETask 56: Configuration:0 Energy:41.20 Power:41.20 Reward:41.20 Time:10022
ETask 57: Configuration:0 Energy:41.30 Power:41.30 Reward:41.30 Time:10016
ETask 58: Configuration:0 Energy:41.90 Power:41.90 Reward:41.90 Time:10020
ETask 59: Configuration:0 Energy:41.90 Power:41.90 Reward:41.90 Time:10018
ETask 60: Configuration:0 Energy:42.70 Power:42.70 Reward:42.70 Time:10017
ETask 61: Configuration:0 Energy:41.70 Power:41.70 Reward:41.70 Time:10024
ETask 62: Configuration:0 Energy:38.80 Power:38.80 Reward:38.80 Time:10023
ETask 63: Configuration:0 Energy:37.70 Power:37.70 Reward:37.70 Time:10024
ETask 64: Configuration:0 Energy:37.60 Power:37.60 Reward:37.60 Time:10018
ETask 65: Configuration:0 Energy:37.00 Power:37.00 Reward:37.00 Time:10017
ETask 66: Configuration:0 Energy:37.40 Power:37.40 Reward:37.40 Time:10021
STOKE: End Bat: 1.000000
STOKE: Usage Bat: 0.000000
ERun: Reward:2288.20 PostConfigReward:0.00 Time:548533
