STOKE: Start Bat: 1.000000
ETask 41: Configuration:0 Energy:14.90 Power:14.90 Reward:14.90 Time:3019
ETask 42: Configuration:0 Energy:15.00 Power:15.00 Reward:15.00 Time:3018
ETask 43: Configuration:0 Energy:15.00 Power:15.00 Reward:15.00 Time:3021
ETask 44: Configuration:0 Energy:15.00 Power:15.00 Reward:15.00 Time:3017
ETask 45: Configuration:0 Energy:14.90 Power:14.90 Reward:14.90 Time:3017
ETask 46: Configuration:0 Energy:14.90 Power:14.90 Reward:14.90 Time:3014
ETask 47: Configuration:0 Energy:14.80 Power:14.80 Reward:14.80 Time:3014
ETask 48: Configuration:0 Energy:14.70 Power:14.70 Reward:14.70 Time:3015
ETask 49: Configuration:0 Energy:14.70 Power:14.70 Reward:14.70 Time:3018
ETask 50: Configuration:0 Energy:14.70 Power:14.70 Reward:14.70 Time:3016
ETask 51: Configuration:0 Energy:14.70 Power:14.70 Reward:14.70 Time:3013
ETask 52: Configuration:0 Energy:14.60 Power:14.60 Reward:14.60 Time:3018
ETask 53: Configuration:0 Energy:14.50 Power:14.50 Reward:14.50 Time:3017
ETask 54: Configuration:0 Energy:14.60 Power:14.60 Reward:14.60 Time:3014
ETask 55: Configuration:0 Energy:14.50 Power:14.50 Reward:14.50 Time:3019
ETask 56: Configuration:0 Energy:14.40 Power:14.40 Reward:14.40 Time:3015
ETask 57: Configuration:0 Energy:14.40 Power:14.40 Reward:14.40 Time:3016
ETask 58: Configuration:0 Energy:14.30 Power:14.30 Reward:14.30 Time:3017
ETask 59: Configuration:0 Energy:14.10 Power:14.10 Reward:14.10 Time:3014
ETask 60: Configuration:0 Energy:14.10 Power:14.10 Reward:14.10 Time:3014
ETask 61: Configuration:0 Energy:14.10 Power:14.10 Reward:14.10 Time:3012
ETask 62: Configuration:0 Energy:14.10 Power:14.10 Reward:14.10 Time:3014
ETask 63: Configuration:0 Energy:14.10 Power:14.10 Reward:14.10 Time:3018
ETask 64: Configuration:0 Energy:14.30 Power:14.30 Reward:14.30 Time:3017
ETask 65: Configuration:0 Energy:14.20 Power:14.20 Reward:14.20 Time:3015
ETask 66: Configuration:0 Energy:14.20 Power:14.20 Reward:14.20 Time:3015
ETask 67: Configuration:0 Energy:14.30 Power:14.30 Reward:14.30 Time:3011
ETask 68: Configuration:0 Energy:14.40 Power:14.40 Reward:14.40 Time:3013
ETask 69: Configuration:0 Energy:14.20 Power:14.20 Reward:14.20 Time:3018
ETask 70: Configuration:0 Energy:14.10 Power:14.10 Reward:14.10 Time:3014
ETask 71: Configuration:0 Energy:14.10 Power:14.10 Reward:14.10 Time:3016
ETask 72: Configuration:0 Energy:14.10 Power:14.10 Reward:14.10 Time:3016
ETask 73: Configuration:0 Energy:14.00 Power:14.00 Reward:14.00 Time:3016
ETask 74: Configuration:0 Energy:14.00 Power:14.00 Reward:14.00 Time:3023
ETask 75: Configuration:0 Energy:13.50 Power:13.50 Reward:13.50 Time:3019
ETask 76: Configuration:0 Energy:13.00 Power:13.00 Reward:13.00 Time:3019
ETask 77: Configuration:0 Energy:12.50 Power:12.50 Reward:12.50 Time:3018
ETask 78: Configuration:0 Energy:12.30 Power:12.30 Reward:12.30 Time:3021
ETask 79: Configuration:0 Energy:12.10 Power:12.10 Reward:12.10 Time:3017
ETask 80: Configuration:0 Energy:12.10 Power:12.10 Reward:12.10 Time:3021
ETask 81: Configuration:0 Energy:12.00 Power:12.00 Reward:12.00 Time:3009
ETask 82: Configuration:0 Energy:12.20 Power:12.20 Reward:12.20 Time:3026
ETask 83: Configuration:0 Energy:12.20 Power:12.20 Reward:12.20 Time:3019
ETask 84: Configuration:0 Energy:12.00 Power:12.00 Reward:12.00 Time:3022
ETask 85: Configuration:0 Energy:11.90 Power:11.90 Reward:11.90 Time:3021
ETask 86: Configuration:0 Energy:11.90 Power:11.90 Reward:11.90 Time:3020
ETask 87: Configuration:0 Energy:12.00 Power:12.00 Reward:12.00 Time:3020
ETask 88: Configuration:0 Energy:11.80 Power:11.80 Reward:11.80 Time:3019
ETask 89: Configuration:0 Energy:11.80 Power:11.80 Reward:11.80 Time:3017
ETask 90: Configuration:0 Energy:11.90 Power:11.90 Reward:11.90 Time:3020
ETask 91: Configuration:0 Energy:11.90 Power:11.90 Reward:11.90 Time:3022
ETask 92: Configuration:0 Energy:12.10 Power:12.10 Reward:12.10 Time:3014
ETask 93: Configuration:0 Energy:12.70 Power:12.70 Reward:12.70 Time:3017
STOKE: End Bat: 1.000000
STOKE: Usage Bat: 0.000000
ERun: Reward:722.90 PostConfigReward:0.00 Time:162980
