STOKE: Start Bat: 1.000000
ETask 61: Configuration:0 Energy:8.60 Power:8.60 Reward:8.60 Time:2018
ETask 62: Configuration:0 Energy:8.60 Power:8.60 Reward:8.60 Time:2018
ETask 63: Configuration:0 Energy:8.60 Power:8.60 Reward:8.60 Time:2014
ETask 64: Configuration:0 Energy:8.60 Power:8.60 Reward:8.60 Time:2020
ETask 65: Configuration:0 Energy:8.60 Power:8.60 Reward:8.60 Time:2025
ETask 66: Configuration:0 Energy:8.20 Power:8.20 Reward:8.20 Time:2027
ETask 67: Configuration:0 Energy:7.60 Power:7.60 Reward:7.60 Time:2022
ETask 68: Configuration:0 Energy:7.60 Power:7.60 Reward:7.60 Time:2022
ETask 69: Configuration:0 Energy:7.80 Power:7.80 Reward:7.80 Time:2022
ETask 70: Configuration:0 Energy:7.90 Power:7.90 Reward:7.90 Time:2022
ETask 71: Configuration:0 Energy:8.50 Power:8.50 Reward:8.50 Time:2021
ETask 72: Configuration:0 Energy:8.00 Power:8.00 Reward:8.00 Time:2021
ETask 73: Configuration:0 Energy:7.40 Power:7.40 Reward:7.40 Time:2015
ETask 74: Configuration:0 Energy:7.70 Power:7.70 Reward:7.70 Time:2021
ETask 75: Configuration:0 Energy:7.30 Power:7.30 Reward:7.30 Time:2016
ETask 76: Configuration:0 Energy:7.30 Power:7.30 Reward:7.30 Time:2021
ETask 77: Configuration:0 Energy:7.50 Power:7.50 Reward:7.50 Time:2022
ETask 78: Configuration:0 Energy:7.10 Power:7.10 Reward:7.10 Time:2015
ETask 79: Configuration:0 Energy:7.40 Power:7.40 Reward:7.40 Time:2021
ETask 80: Configuration:0 Energy:7.10 Power:7.10 Reward:7.10 Time:2013
ETask 81: Configuration:0 Energy:7.10 Power:7.10 Reward:7.10 Time:2020
ETask 82: Configuration:0 Energy:7.30 Power:7.30 Reward:7.30 Time:2012
ETask 83: Configuration:0 Energy:7.00 Power:7.00 Reward:7.00 Time:2017
ETask 84: Configuration:0 Energy:10.90 Power:10.90 Reward:10.90 Time:2025
ETask 85: Configuration:0 Energy:6.90 Power:6.90 Reward:6.90 Time:2017
ETask 86: Configuration:0 Energy:7.30 Power:7.30 Reward:7.30 Time:2023
ETask 87: Configuration:0 Energy:7.10 Power:7.10 Reward:7.10 Time:2007
ETask 88: Configuration:0 Energy:7.00 Power:7.00 Reward:7.00 Time:2020
ETask 89: Configuration:0 Energy:7.70 Power:7.70 Reward:7.70 Time:2012
ETask 90: Configuration:0 Energy:8.20 Power:8.20 Reward:8.20 Time:2008
ETask 91: Configuration:0 Energy:8.60 Power:8.60 Reward:8.60 Time:2010
ETask 92: Configuration:0 Energy:8.90 Power:8.90 Reward:8.90 Time:2015
ETask 93: Configuration:0 Energy:9.20 Power:9.20 Reward:9.20 Time:2011
ETask 94: Configuration:0 Energy:9.30 Power:9.30 Reward:9.30 Time:2009
ETask 95: Configuration:0 Energy:9.40 Power:9.40 Reward:9.40 Time:2017
ETask 96: Configuration:0 Energy:9.40 Power:9.40 Reward:9.40 Time:2012
ETask 97: Configuration:0 Energy:9.40 Power:9.40 Reward:9.40 Time:2013
ETask 98: Configuration:0 Energy:9.70 Power:9.70 Reward:9.70 Time:2017
ETask 99: Configuration:0 Energy:9.80 Power:9.80 Reward:9.80 Time:2014
ETask 100: Configuration:0 Energy:9.70 Power:9.70 Reward:9.70 Time:2014
ETask 101: Configuration:0 Energy:9.80 Power:9.80 Reward:9.80 Time:2010
ETask 102: Configuration:0 Energy:9.80 Power:9.80 Reward:9.80 Time:2012
ETask 103: Configuration:0 Energy:9.80 Power:9.80 Reward:9.80 Time:2014
ETask 104: Configuration:0 Energy:9.90 Power:9.90 Reward:9.90 Time:2015
ETask 105: Configuration:0 Energy:9.80 Power:9.80 Reward:9.80 Time:2015
ETask 106: Configuration:0 Energy:9.70 Power:9.70 Reward:9.70 Time:2018
ETask 107: Configuration:0 Energy:9.50 Power:9.50 Reward:9.50 Time:2022
ETask 108: Configuration:0 Energy:9.20 Power:9.20 Reward:9.20 Time:2019
ETask 109: Configuration:0 Energy:9.00 Power:9.00 Reward:9.00 Time:2020
ETask 110: Configuration:0 Energy:8.80 Power:8.80 Reward:8.80 Time:2023
ETask 111: Configuration:0 Energy:8.90 Power:8.90 Reward:8.90 Time:2020
ETask 112: Configuration:0 Energy:8.80 Power:8.80 Reward:8.80 Time:2018
ETask 113: Configuration:0 Energy:8.70 Power:8.70 Reward:8.70 Time:2015
STOKE: End Bat: 1.000000
STOKE: Usage Bat: 0.000000
ERun: Reward:449.00 PostConfigReward:0.00 Time:107480
