STOKE: Start Bat: 1.000000
ETask 121: Configuration:0 Energy:4.70 Power:4.70 Reward:4.70 Time:1006
ETask 122: Configuration:0 Energy:4.80 Power:4.80 Reward:4.80 Time:1015
ETask 123: Configuration:0 Energy:4.80 Power:4.80 Reward:4.80 Time:1004
ETask 124: Configuration:0 Energy:4.80 Power:4.80 Reward:4.80 Time:1013
ETask 125: Configuration:0 Energy:4.80 Power:4.80 Reward:4.80 Time:1003
ETask 126: Configuration:0 Energy:4.80 Power:4.80 Reward:4.80 Time:1013
ETask 127: Configuration:0 Energy:4.80 Power:4.80 Reward:4.80 Time:1006
ETask 128: Configuration:0 Energy:4.80 Power:4.80 Reward:4.80 Time:1017
ETask 129: Configuration:0 Energy:4.80 Power:4.80 Reward:4.80 Time:1004
ETask 130: Configuration:0 Energy:4.80 Power:4.80 Reward:4.80 Time:1015
ETask 131: Configuration:0 Energy:4.80 Power:4.80 Reward:4.80 Time:1005
ETask 132: Configuration:0 Energy:4.80 Power:4.80 Reward:4.80 Time:1017
ETask 133: Configuration:0 Energy:4.80 Power:4.80 Reward:4.80 Time:1008
ETask 134: Configuration:0 Energy:4.80 Power:4.80 Reward:4.80 Time:1014
ETask 135: Configuration:0 Energy:4.80 Power:4.80 Reward:4.80 Time:1004
ETask 136: Configuration:0 Energy:4.70 Power:4.70 Reward:4.70 Time:1015
ETask 137: Configuration:0 Energy:4.70 Power:4.70 Reward:4.70 Time:1005
ETask 138: Configuration:0 Energy:4.80 Power:4.80 Reward:4.80 Time:1012
ETask 139: Configuration:0 Energy:4.70 Power:4.70 Reward:4.70 Time:1004
ETask 140: Configuration:0 Energy:4.70 Power:4.70 Reward:4.70 Time:1013
ETask 141: Configuration:0 Energy:4.70 Power:4.70 Reward:4.70 Time:1008
ETask 142: Configuration:0 Energy:4.80 Power:4.80 Reward:4.80 Time:1016
ETask 143: Configuration:0 Energy:4.80 Power:4.80 Reward:4.80 Time:1006
ETask 144: Configuration:0 Energy:4.70 Power:4.70 Reward:4.70 Time:1013
ETask 145: Configuration:0 Energy:4.80 Power:4.80 Reward:4.80 Time:1006
ETask 146: Configuration:0 Energy:4.70 Power:4.70 Reward:4.70 Time:1015
ETask 147: Configuration:0 Energy:9.50 Power:9.50 Reward:9.50 Time:1007
ETask 148: Configuration:0 Energy:4.80 Power:4.80 Reward:4.80 Time:1019
ETask 149: Configuration:0 Energy:4.70 Power:4.70 Reward:4.70 Time:1010
ETask 150: Configuration:0 Energy:4.70 Power:4.70 Reward:4.70 Time:1011
ETask 151: Configuration:0 Energy:4.80 Power:4.80 Reward:4.80 Time:1003
ETask 152: Configuration:0 Energy:4.80 Power:4.80 Reward:4.80 Time:1009
ETask 153: Configuration:0 Energy:4.80 Power:4.80 Reward:4.80 Time:1004
ETask 154: Configuration:0 Energy:4.80 Power:4.80 Reward:4.80 Time:1008
ETask 155: Configuration:0 Energy:4.70 Power:4.70 Reward:4.70 Time:1003
ETask 156: Configuration:0 Energy:4.80 Power:4.80 Reward:4.80 Time:1017
ETask 157: Configuration:0 Energy:4.70 Power:4.70 Reward:4.70 Time:1001
ETask 158: Configuration:0 Energy:4.70 Power:4.70 Reward:4.70 Time:1013
ETask 159: Configuration:0 Energy:4.70 Power:4.70 Reward:4.70 Time:1005
ETask 160: Configuration:0 Energy:4.70 Power:4.70 Reward:4.70 Time:1015
ETask 161: Configuration:0 Energy:4.70 Power:4.70 Reward:4.70 Time:1002
ETask 162: Configuration:0 Energy:4.70 Power:4.70 Reward:4.70 Time:1014
ETask 163: Configuration:0 Energy:4.70 Power:4.70 Reward:4.70 Time:1005
ETask 164: Configuration:0 Energy:4.70 Power:4.70 Reward:4.70 Time:1018
ETask 165: Configuration:0 Energy:4.70 Power:4.70 Reward:4.70 Time:1004
ETask 166: Configuration:0 Energy:4.70 Power:4.70 Reward:4.70 Time:1015
ETask 167: Configuration:0 Energy:4.70 Power:4.70 Reward:4.70 Time:1005
ETask 168: Configuration:0 Energy:4.70 Power:4.70 Reward:4.70 Time:1016
ETask 169: Configuration:0 Energy:4.70 Power:4.70 Reward:4.70 Time:1007
ETask 170: Configuration:0 Energy:4.70 Power:4.70 Reward:4.70 Time:1019
ETask 171: Configuration:0 Energy:4.60 Power:4.60 Reward:4.60 Time:1009
STOKE: End Bat: 1.000000
STOKE: Usage Bat: 0.000000
ERun: Reward:246.80 PostConfigReward:0.00 Time:52937
