==RUN 0==
STOKE: Start Bat: 1.000000
ETask 1-1: Configuration:0 Energy:86.20506538135699 Reward:-31.829562602347195 Raw:31.829562602347195 Time:32512 TotalReward:86.20506538135699
STOKE: Battery:1.000000 Level:100
ETask 2-2: Configuration:0 Energy:87.664596278637 Reward:-32.36846631826597 Raw:32.36846631826597 Time:32516 TotalReward:173.869661659994
STOKE: Battery:1.000000 Level:100
ETask 3-3: Configuration:0 Energy:89.64888067296 Reward:-33.10112517155446 Raw:33.10112517155446 Time:32512 TotalReward:263.518542332954
STOKE: Battery:1.000000 Level:100
ETask 4-4: Configuration:0 Energy:93.59034270105002 Reward:-34.55643422808001 Raw:34.55643422808001 Time:32515 TotalReward:357.108885034004
STOKE: Battery:1.000000 Level:100
ETask 5-5: Configuration:0 Energy:90.307221445719 Reward:-33.344204841496236 Raw:33.344204841496236 Time:32512 TotalReward:447.416106479723
STOKE: Battery:1.000000 Level:100
ETask 6-6: Configuration:0 Energy:88.68656480895199 Reward:-32.74580854484382 Raw:32.74580854484382 Time:32508 TotalReward:536.102671288675
STOKE: Battery:1.000000 Level:100
ETask 7-7: Configuration:0 Energy:90.62984741546101 Reward:-33.46332827647792 Raw:33.46332827647792 Time:32512 TotalReward:626.7325187041359
STOKE: Battery:1.000000 Level:100
ETask 8-8: Configuration:0 Energy:90.67374869747998 Reward:-33.479537980607994 Raw:33.479537980607994 Time:32506 TotalReward:717.4062674016159
STOKE: Battery:0.990000 Level:99
ETask 9-9: Configuration:0 Energy:100.16504933924999 Reward:-36.98401821756923 Raw:36.98401821756923 Time:32510 TotalReward:817.5713167408659
STOKE: Battery:0.990000 Level:99
ETask 10-10: Configuration:0 Energy:114.60632311074 Reward:-42.31618084088861 Raw:42.31618084088861 Time:32512 TotalReward:932.1776398516058
STOKE: Battery:0.990000 Level:99
ETask 11-11: Configuration:0 Energy:102.42255294015 Reward:-37.81755800867076 Raw:37.81755800867076 Time:32510 TotalReward:1034.6001927917557
STOKE: Battery:0.990000 Level:99
ETask 12-12: Configuration:0 Energy:105.33228530697002 Reward:-38.89192072872739 Raw:38.89192072872739 Time:32512 TotalReward:1139.9324780987258
STOKE: Battery:0.990000 Level:99
ETask 13-13: Configuration:0 Energy:114.73447900349998 Reward:-42.363499939753844 Raw:42.363499939753844 Time:32514 TotalReward:1254.6669571022258
STOKE: Battery:0.990000 Level:99
ETask 14-14: Configuration:0 Energy:104.04611224517998 Reward:-38.41702605975877 Raw:38.41702605975877 Time:32512 TotalReward:1358.7130693474057
STOKE: Battery:0.990000 Level:99
ETask 15-15: Configuration:0 Energy:101.12214795066001 Reward:-37.33740847408985 Raw:37.33740847408985 Time:32517 TotalReward:1459.8352172980658
STOKE: Battery:0.970000 Level:97
ETask 16-16: Configuration:0 Energy:101.71157251038 Reward:-37.55504215767877 Raw:37.55504215767877 Time:32514 TotalReward:1561.5467898084457
STOKE: Battery:0.970000 Level:97
ETask 17-17: Configuration:0 Energy:103.79892464650801 Reward:-38.32575679255681 Raw:38.32575679255681 Time:32515 TotalReward:1665.3457144549538
STOKE: Battery:0.970000 Level:97
ETask 18-18: Configuration:0 Energy:96.201217540692 Reward:-35.52044955348627 Raw:35.52044955348627 Time:32516 TotalReward:1761.5469319956458
STOKE: Battery:0.970000 Level:97
ETask 19-19: Configuration:0 Energy:92.70499285698 Reward:-34.2295358241157 Raw:34.2295358241157 Time:32512 TotalReward:1854.2519248526257
STOKE: Battery:0.960000 Level:96
ETask 20-20: Configuration:0 Energy:90.679065382005 Reward:-33.48150106412493 Raw:33.48150106412493 Time:32512 TotalReward:1944.9309902346308
STOKE: Battery:0.960000 Level:96
ETask 21-21: Configuration:0 Energy:90.25903847376001 Reward:-33.326414205696004 Raw:33.326414205696004 Time:32513 TotalReward:2035.1900287083909
STOKE: Battery:0.950000 Level:95
ETask 22-22: Configuration:0 Energy:88.56045329859 Reward:-32.699244294864 Raw:32.699244294864 Time:32516 TotalReward:2123.7504820069807
STOKE: Battery:0.950000 Level:95
ETask 23-23: Configuration:0 Energy:90.185350403304 Reward:-33.2992063027584 Raw:33.2992063027584 Time:32512 TotalReward:2213.9358324102845
STOKE: Battery:0.950000 Level:95
ETask 24-24: Configuration:0 Energy:91.44881194176001 Reward:-33.765715178496 Raw:33.765715178496 Time:32509 TotalReward:2305.3846443520447
STOKE: Battery:0.950000 Level:95
ETask 25-25: Configuration:0 Energy:90.75693052171201 Reward:-33.510251269555205 Raw:33.510251269555205 Time:32513 TotalReward:2396.141574873757
STOKE: Battery:0.950000 Level:95
ETask 26-26: Configuration:0 Energy:98.98413961199401 Reward:-36.5479900105824 Raw:36.5479900105824 Time:32517 TotalReward:2495.125714485751
STOKE: Battery:0.950000 Level:95
ETask 27-27: Configuration:0 Energy:105.76831677736503 Reward:-39.05291696395016 Raw:39.05291696395016 Time:32509 TotalReward:2600.8940312631157
STOKE: Battery:0.940000 Level:94
ETask 28-28: Configuration:0 Energy:89.64078290865001 Reward:-33.09813522780924 Raw:33.09813522780924 Time:32511 TotalReward:2690.534814171766
STOKE: Battery:0.940000 Level:94
ETask 29-29: Configuration:0 Energy:87.62845584256 Reward:-32.35512215725292 Raw:32.35512215725292 Time:32508 TotalReward:2778.163270014326
STOKE: Battery:0.940000 Level:94
ETask 30-30: Configuration:0 Energy:97.01164384138002 Reward:-35.81968387989416 Raw:35.81968387989416 Time:32516 TotalReward:2875.174913855706
STOKE: Battery:0.940000 Level:94
ETask 31-31: Configuration:0 Energy:88.73090983516501 Reward:-32.762182092984006 Raw:32.762182092984006 Time:32506 TotalReward:2963.9058236908713
STOKE: Battery:0.940000 Level:94
ETask 32-32: Configuration:0 Energy:88.53689833586 Reward:-32.690547077856 Raw:32.690547077856 Time:32512 TotalReward:3052.442722026731
STOKE: Battery:0.940000 Level:94
ETask 33-33: Configuration:0 Energy:99.25608922322103 Reward:-36.648402174727764 Raw:36.648402174727764 Time:32513 TotalReward:3151.698811249952
STOKE: Battery:0.920000 Level:92
ETask 34-34: Configuration:0 Energy:96.306400007392 Reward:-35.55928615657551 Raw:35.55928615657551 Time:32513 TotalReward:3248.005211257344
STOKE: Battery:0.920000 Level:92
ETask 35-35: Configuration:0 Energy:87.51200885309301 Reward:-32.31212634575742 Raw:32.31212634575742 Time:32514 TotalReward:3335.517220110437
STOKE: Battery:0.920000 Level:92
ETask 36-36: Configuration:0 Energy:89.76957809472901 Reward:-33.1456903734384 Raw:33.1456903734384 Time:32513 TotalReward:3425.2867982051657
STOKE: Battery:0.920000 Level:92
ETask 37-37: Configuration:0 Energy:96.57332761171199 Reward:-35.6578440412475 Raw:35.6578440412475 Time:32513 TotalReward:3521.860125816878
STOKE: Battery:0.920000 Level:92
ETask 38-38: Configuration:0 Energy:92.64088035313999 Reward:-34.20586351500554 Raw:34.20586351500554 Time:32514 TotalReward:3614.5010061700177
STOKE: Battery:0.910000 Level:91
ETask 39-39: Configuration:0 Energy:93.70699355050199 Reward:-34.59950531095458 Raw:34.59950531095458 Time:32512 TotalReward:3708.2079997205196
STOKE: Battery:0.910000 Level:91
ETask 40-40: Configuration:0 Energy:89.75064104892 Reward:-33.13869823344738 Raw:33.13869823344738 Time:32510 TotalReward:3797.9586407694396
STOKE: Battery:0.910000 Level:91
ETask 41-41: Configuration:0 Energy:92.34671076756001 Reward:-34.09724705263754 Raw:34.09724705263754 Time:32513 TotalReward:3890.3053515369998
STOKE: Battery:0.910000 Level:91
ETask 42-42: Configuration:0 Energy:92.79815720044799 Reward:-34.263934966319255 Raw:34.263934966319255 Time:32511 TotalReward:3983.1035087374476
STOKE: Battery:0.910000 Level:91
ETask 43-43: Configuration:0 Energy:93.81407625609302 Reward:-34.63904354071127 Raw:34.63904354071127 Time:32514 TotalReward:4076.9175849935405
STOKE: Battery:0.910000 Level:91
ETask 44-44: Configuration:0 Energy:100.89492309234002 Reward:-37.253510064864 Raw:37.253510064864 Time:32514 TotalReward:4177.812508085881
STOKE: Battery:0.910000 Level:91
ETask 45-45: Configuration:0 Energy:91.54268252431898 Reward:-33.8003750859024 Raw:33.8003750859024 Time:32511 TotalReward:4269.3551906102
STOKE: Battery:0.890000 Level:89
ETask 46-46: Configuration:0 Energy:88.67843606855999 Reward:-32.74280716377599 Raw:32.74280716377599 Time:32508 TotalReward:4358.03362667876
STOKE: Battery:0.890000 Level:89
ETask 47-47: Configuration:0 Energy:89.65584623728199 Reward:-33.10369707222719 Raw:33.10369707222719 Time:32513 TotalReward:4447.689472916042
STOKE: Battery:0.890000 Level:89
ETask 48-48: Configuration:0 Energy:86.624274318764 Reward:-31.9843474407744 Raw:31.9843474407744 Time:32514 TotalReward:4534.313747234806
STOKE: Battery:0.890000 Level:89
ETask 49-49: Configuration:0 Energy:86.69008088858 Reward:-32.008645251168005 Raw:32.008645251168005 Time:32515 TotalReward:4621.0038281233865
STOKE: Battery:0.890000 Level:89
ETask 50-50: Configuration:0 Energy:86.707662891096 Reward:-32.015137067481604 Raw:32.015137067481604 Time:32510 TotalReward:4707.711491014483
STOKE: Battery:0.890000 Level:89
ETask 51-51: Configuration:0 Energy:96.36236955898 Reward:-35.57995183716185 Raw:35.57995183716185 Time:32514 TotalReward:4804.073860573463
STOKE: Battery:0.880000 Level:88
ETask 52-52: Configuration:0 Energy:103.12016815170001 Reward:-38.07513900985847 Raw:38.07513900985847 Time:32505 TotalReward:4907.194028725164
STOKE: Battery:0.880000 Level:88
ETask 53-53: Configuration:0 Energy:93.45841695120002 Reward:-34.50772318198154 Raw:34.50772318198154 Time:32513 TotalReward:5000.652445676364
STOKE: Battery:0.880000 Level:88
ETask 54-54: Configuration:0 Energy:87.30435338296 Reward:-32.23545355678523 Raw:32.23545355678523 Time:32515 TotalReward:5087.956799059323
STOKE: Battery:0.880000 Level:88
ETask 55-55: Configuration:0 Energy:84.41788680948 Reward:-31.169681283500307 Raw:31.169681283500307 Time:32512 TotalReward:5172.374685868803
STOKE: Battery:0.880000 Level:88
ETask 56-56: Configuration:0 Energy:90.661951674 Reward:-33.47518215655384 Raw:33.47518215655384 Time:32510 TotalReward:5263.036637542803
STOKE: Battery:0.870000 Level:87
ETask 57-57: Configuration:0 Energy:86.58946008 Reward:-31.971492952615385 Raw:31.971492952615385 Time:32514 TotalReward:5349.626097622803
STOKE: Battery:0.870000 Level:87
ETask 58-58: Configuration:0 Energy:83.35189077545199 Reward:-30.7760827478592 Raw:30.7760827478592 Time:32513 TotalReward:5432.977988398256
STOKE: Battery:0.860000 Level:86
ETask 59-59: Configuration:0 Energy:95.377072171394 Reward:-35.2161497248224 Raw:35.2161497248224 Time:32511 TotalReward:5528.355060569649
STOKE: Battery:0.860000 Level:86
ETask 60-60: Configuration:0 Energy:111.583631395782 Reward:-41.200110053827196 Raw:41.200110053827196 Time:32506 TotalReward:5639.938691965431
STOKE: Battery:0.860000 Level:86
ETask 61-61: Configuration:0 Energy:86.54960659878 Reward:-31.956777821088004 Raw:31.956777821088004 Time:32513 TotalReward:5726.488298564211
STOKE: Battery:0.860000 Level:86
ETask 62-62: Configuration:0 Energy:88.20556214989999 Reward:-32.56820756304 Raw:32.56820756304 Time:32513 TotalReward:5814.693860714111
STOKE: Battery:0.860000 Level:86
ETask 63-63: Configuration:0 Energy:91.011836411288 Reward:-33.604370367244805 Raw:33.604370367244805 Time:32517 TotalReward:5905.705697125399
STOKE: Battery:0.860000 Level:86
ETask 64-64: Configuration:0 Energy:88.66159556060799 Reward:-32.73658913007065 Raw:32.73658913007065 Time:32515 TotalReward:5994.367292686006
STOKE: Battery:0.840000 Level:84
ETask 65-65: Configuration:0 Energy:89.26962274931199 Reward:-32.96109147666904 Raw:32.96109147666904 Time:32507 TotalReward:6083.636915435318
STOKE: Battery:0.840000 Level:84
ETask 66-66: Configuration:0 Energy:87.87739243680001 Reward:-32.44703720743385 Raw:32.44703720743385 Time:32513 TotalReward:6171.514307872118
STOKE: Battery:0.840000 Level:84
ETask 67-67: Configuration:0 Energy:117.93044922422402 Reward:-43.54355048279041 Raw:43.54355048279041 Time:32516 TotalReward:6289.444757096341
STOKE: Battery:0.840000 Level:84
ETask 68-68: Configuration:0 Energy:113.00965607734399 Reward:-41.72664224394239 Raw:41.72664224394239 Time:32508 TotalReward:6402.454413173685
STOKE: Battery:0.840000 Level:84
ETask 69-69: Configuration:0 Energy:98.9147148978 Reward:-36.52235626995692 Raw:36.52235626995692 Time:32513 TotalReward:6501.369128071485
STOKE: Battery:0.840000 Level:84
ETask 70-70: Configuration:0 Energy:91.04774423499701 Reward:-33.617628640614285 Raw:33.617628640614285 Time:32514 TotalReward:6592.416872306481
STOKE: Battery:0.830000 Level:83
ETask 71-71: Configuration:0 Energy:84.563763512964 Reward:-31.223543450940554 Raw:31.223543450940554 Time:32515 TotalReward:6676.9806358194455
STOKE: Battery:0.830000 Level:83
ETask 72-72: Configuration:0 Energy:86.20635889117202 Reward:-31.830040205971205 Raw:31.830040205971205 Time:32512 TotalReward:6763.186994710618
STOKE: Battery:0.830000 Level:83
ETask 73-73: Configuration:0 Energy:98.01662379144001 Reward:-36.19075339991632 Raw:36.19075339991632 Time:32510 TotalReward:6861.203618502058
STOKE: Battery:0.830000 Level:83
ETask 74-74: Configuration:0 Energy:87.30691136667 Reward:-32.236398043078154 Raw:32.236398043078154 Time:32512 TotalReward:6948.510529868728
STOKE: Battery:0.820000 Level:82
ETask 75-75: Configuration:0 Energy:84.69509784271202 Reward:-31.27203612653982 Raw:31.27203612653982 Time:32509 TotalReward:7033.20562771144
STOKE: Battery:0.820000 Level:82
ETask 76-76: Configuration:0 Energy:83.77825983504002 Reward:-30.933511323707087 Raw:30.933511323707087 Time:32510 TotalReward:7116.98388754648
STOKE: Battery:0.810000 Level:81
ETask 77-77: Configuration:0 Energy:86.01746264555399 Reward:-31.76029389989686 Raw:31.76029389989686 Time:32512 TotalReward:7203.001350192034
STOKE: Battery:0.810000 Level:81
ETask 78-78: Configuration:0 Energy:85.45792886039999 Reward:-31.55369680999384 Raw:31.55369680999384 Time:32511 TotalReward:7288.459279052434
STOKE: Battery:0.810000 Level:81
ETask 79-79: Configuration:0 Energy:86.72505365306401 Reward:-32.02155827190056 Raw:32.02155827190056 Time:32513 TotalReward:7375.184332705498
STOKE: Battery:0.810000 Level:81
ETask 80-80: Configuration:0 Energy:86.75404223952002 Reward:-32.03226174997662 Raw:32.03226174997662 Time:32510 TotalReward:7461.938374945018
STOKE: Battery:0.810000 Level:81
ETask 81-81: Configuration:0 Energy:89.913994624944 Reward:-33.19901339997933 Raw:33.19901339997933 Time:32512 TotalReward:7551.852369569962
STOKE: Battery:0.810000 Level:81
ETask 82-82: Configuration:0 Energy:86.885556080472 Reward:-32.08082070663581 Raw:32.08082070663581 Time:32511 TotalReward:7638.737925650435
STOKE: Battery:0.800000 Level:80
ETask 83-83: Configuration:0 Energy:86.79326914397198 Reward:-32.046745530081964 Raw:32.046745530081964 Time:32509 TotalReward:7725.5311947944065
STOKE: Battery:0.800000 Level:80
ETask 84-84: Configuration:0 Energy:103.299041286835 Reward:-38.14118447513908 Raw:38.14118447513908 Time:32510 TotalReward:7828.830236081241
STOKE: Battery:0.800000 Level:80
ETask 85-85: Configuration:0 Energy:88.5253148406 Reward:-32.68627009499077 Raw:32.68627009499077 Time:32509 TotalReward:7917.355550921841
STOKE: Battery:0.800000 Level:80
ETask 86-86: Configuration:0 Energy:88.772443304736 Reward:-32.77751752790252 Raw:32.77751752790252 Time:32517 TotalReward:8006.127994226577
STOKE: Battery:0.800000 Level:80
ETask 87-87: Configuration:0 Energy:95.95233360449998 Reward:-35.42855394627692 Raw:35.42855394627692 Time:32515 TotalReward:8102.080327831078
STOKE: Battery:0.800000 Level:80
ETask 88-88: Configuration:0 Energy:105.490801929371 Reward:-38.950449943152364 Raw:38.950449943152364 Time:32510 TotalReward:8207.571129760448
STOKE: Battery:0.780000 Level:78
ETask 89-89: Configuration:0 Energy:85.12390954176199 Reward:-31.4303666000352 Raw:31.4303666000352 Time:32510 TotalReward:8292.69503930221
STOKE: Battery:0.780000 Level:78
ETask 90-90: Configuration:0 Energy:89.58682161968402 Reward:-33.07821105957564 Raw:33.07821105957564 Time:32511 TotalReward:8382.281860921894
STOKE: Battery:0.780000 Level:78
ETask 91-91: Configuration:0 Energy:98.06772074916101 Reward:-36.20961996892099 Raw:36.20961996892099 Time:32512 TotalReward:8480.349581671055
STOKE: Battery:0.780000 Level:78
ETask 92-92: Configuration:0 Energy:94.09162940144901 Reward:-34.741524702073484 Raw:34.741524702073484 Time:32513 TotalReward:8574.441211072504
STOKE: Battery:0.780000 Level:78
ETask 93-93: Configuration:0 Energy:89.12488703724001 Reward:-32.90765059836554 Raw:32.90765059836554 Time:32510 TotalReward:8663.566098109744
STOKE: Battery:0.770000 Level:77
ETask 94-94: Configuration:0 Energy:87.67347794141199 Reward:-32.371745701444425 Raw:32.371745701444425 Time:32508 TotalReward:8751.239576051157
STOKE: Battery:0.770000 Level:77
ETask 95-95: Configuration:0 Energy:88.230017098172 Reward:-32.57723708240196 Raw:32.57723708240196 Time:32510 TotalReward:8839.46959314933
STOKE: Battery:0.770000 Level:77
ETask 96-96: Configuration:0 Energy:90.073358268516 Reward:-33.25785536068283 Raw:33.25785536068283 Time:32517 TotalReward:8929.542951417845
STOKE: Battery:0.770000 Level:77
ETask 97-97: Configuration:0 Energy:88.17936578396399 Reward:-32.55853505869439 Raw:32.55853505869439 Time:32512 TotalReward:9017.72231720181
STOKE: Battery:0.770000 Level:77
ETask 98-98: Configuration:0 Energy:86.070326636781 Reward:-31.779812912042217 Raw:31.779812912042217 Time:32511 TotalReward:9103.792643838591
STOKE: Battery:0.770000 Level:77
ETask 99-99: Configuration:0 Energy:87.938337054447 Reward:-32.46953983548813 Raw:32.46953983548813 Time:32517 TotalReward:9191.730980893039
STOKE: Battery:0.770000 Level:77
ETask 100-100: Configuration:0 Energy:101.168040591324 Reward:-37.354353449104245 Raw:37.354353449104245 Time:32509 TotalReward:9292.899021484363
STOKE: Battery:0.750000 Level:75
ETask 101-101: Configuration:0 Energy:87.62103957096 Reward:-32.35238384158523 Raw:32.35238384158523 Time:32511 TotalReward:9380.520061055324
STOKE: Battery:0.750000 Level:75
ETask 102-102: Configuration:0 Energy:96.63623920015802 Reward:-35.68107293544296 Raw:35.68107293544296 Time:32515 TotalReward:9477.156300255481
STOKE: Battery:0.750000 Level:75
ETask 103-103: Configuration:0 Energy:86.461135104498 Reward:-31.92411142319926 Raw:31.92411142319926 Time:32513 TotalReward:9563.61743535998
STOKE: Battery:0.750000 Level:75
ETask 104-104: Configuration:0 Energy:90.797813667736 Reward:-33.52534658501022 Raw:33.52534658501022 Time:32512 TotalReward:9654.415249027716
STOKE: Battery:0.750000 Level:75
ETask 105-105: Configuration:0 Energy:88.81199273508801 Reward:-32.792120394494034 Raw:32.792120394494034 Time:32512 TotalReward:9743.227241762803
STOKE: Battery:0.750000 Level:75
ETask 106-106: Configuration:0 Energy:102.02984980155 Reward:-37.67255992672616 Raw:37.67255992672616 Time:32515 TotalReward:9845.257091564354
STOKE: Battery:0.730000 Level:73
ETask 107-107: Configuration:0 Energy:89.62180010157 Reward:-33.09112619134892 Raw:33.09112619134892 Time:32511 TotalReward:9934.878891665923
STOKE: Battery:0.730000 Level:73
ETask 108-108: Configuration:0 Energy:90.635075097435 Reward:-33.46525849751446 Raw:33.46525849751446 Time:32514 TotalReward:10025.513966763358
STOKE: Battery:0.730000 Level:73
ETask 109-109: Configuration:0 Energy:101.62605903252 Reward:-37.523467950468934 Raw:37.523467950468934 Time:32513 TotalReward:10127.140025795878
STOKE: Battery:0.730000 Level:73
ETask 110-110: Configuration:0 Energy:104.97224581624 Reward:-38.75898307061169 Raw:38.75898307061169 Time:32515 TotalReward:10232.112271612117
STOKE: Battery:0.730000 Level:73
ETask 111-111: Configuration:0 Energy:89.973407970798 Reward:-33.22095063537157 Raw:33.22095063537157 Time:32512 TotalReward:10322.085679582915
STOKE: Battery:0.720000 Level:72
ETask 112-112: Configuration:0 Energy:88.612440562224 Reward:-32.718439592205776 Raw:32.718439592205776 Time:32513 TotalReward:10410.698120145138
STOKE: Battery:0.720000 Level:72
ETask 113-113: Configuration:0 Energy:87.735563417124 Reward:-32.39466956939963 Raw:32.39466956939963 Time:32513 TotalReward:10498.433683562262
STOKE: Battery:0.720000 Level:72
ETask 114-114: Configuration:0 Energy:87.0465259689 Reward:-32.140255742363074 Raw:32.140255742363074 Time:32514 TotalReward:10585.480209531162
STOKE: Battery:0.720000 Level:72
ETask 115-115: Configuration:0 Energy:92.20289383176001 Reward:-34.044145414803694 Raw:34.044145414803694 Time:32512 TotalReward:10677.683103362922
STOKE: Battery:0.720000 Level:72
ETask 116-116: Configuration:0 Energy:86.51300538403599 Reward:-31.943263526413283 Raw:31.943263526413283 Time:32509 TotalReward:10764.196108746959
STOKE: Battery:0.720000 Level:72
ETask 117-117: Configuration:0 Energy:88.04051558063999 Reward:-32.50726729131323 Raw:32.50726729131323 Time:32518 TotalReward:10852.2366243276
STOKE: Battery:0.700000 Level:70
ETask 118-118: Configuration:0 Energy:85.9430951784 Reward:-31.73283514279385 Raw:31.73283514279385 Time:32512 TotalReward:10938.179719505999
STOKE: Battery:0.700000 Level:70
ETask 119-119: Configuration:0 Energy:90.84923540409599 Reward:-33.544333072281596 Raw:33.544333072281596 Time:32506 TotalReward:11029.028954910094
STOKE: Battery:0.700000 Level:70
ETask 120-120: Configuration:0 Energy:87.067594956672 Reward:-32.14803506092505 Raw:32.14803506092505 Time:32512 TotalReward:11116.096549866767
STOKE: Battery:0.700000 Level:70
ETask 121-121: Configuration:0 Energy:89.460489167712 Reward:-33.03156523115519 Raw:33.03156523115519 Time:32506 TotalReward:11205.557039034478
STOKE: Battery:0.700000 Level:70
ETask 122-122: Configuration:0 Energy:87.89235485702399 Reward:-32.452561793362705 Raw:32.452561793362705 Time:32508 TotalReward:11293.449393891502
STOKE: Battery:0.700000 Level:70
ETask 123-123: Configuration:0 Energy:85.25032419868799 Reward:-31.47704278105403 Raw:31.47704278105403 Time:32507 TotalReward:11378.69971809019
STOKE: Battery:0.690000 Level:69
ETask 124-124: Configuration:0 Energy:87.694568686596 Reward:-32.37953305351237 Raw:32.37953305351237 Time:32515 TotalReward:11466.394286776787
STOKE: Battery:0.690000 Level:69
ETask 125-125: Configuration:0 Energy:86.557379441868 Reward:-31.95964779392049 Raw:31.95964779392049 Time:32511 TotalReward:11552.951666218656
STOKE: Battery:0.690000 Level:69
ETask 126-126: Configuration:0 Energy:89.107294689864 Reward:-32.901154962411326 Raw:32.901154962411326 Time:32515 TotalReward:11642.05896090852
STOKE: Battery:0.690000 Level:69
ETask 127-127: Configuration:0 Energy:88.01116826975999 Reward:-32.49643136114214 Raw:32.49643136114214 Time:32513 TotalReward:11730.07012917828
STOKE: Battery:0.690000 Level:69
ETask 128-128: Configuration:0 Energy:90.508857576696 Reward:-33.418655105241605 Raw:33.418655105241605 Time:32513 TotalReward:11820.578986754977
STOKE: Battery:0.690000 Level:69
ETask 129-129: Configuration:0 Energy:93.775956762775 Reward:-34.62496865087077 Raw:34.62496865087077 Time:32515 TotalReward:11914.354943517752
STOKE: Battery:0.670000 Level:67
ETask 130-130: Configuration:0 Energy:90.446400105974 Reward:-33.39559388528271 Raw:33.39559388528271 Time:32513 TotalReward:12004.801343623725
STOKE: Battery:0.670000 Level:67
ETask 131-131: Configuration:0 Energy:102.40274603999698 Reward:-37.81024469169119 Raw:37.81024469169119 Time:32512 TotalReward:12107.204089663723
STOKE: Battery:0.670000 Level:67
ETask 132-132: Configuration:0 Energy:90.1298453104 Reward:-33.278712114609235 Raw:33.278712114609235 Time:32511 TotalReward:12197.333934974122
STOKE: Battery:0.670000 Level:67
ETask 133-133: Configuration:0 Energy:89.18241377969001 Reward:-32.9288912417317 Raw:32.9288912417317 Time:32515 TotalReward:12286.516348753812
STOKE: Battery:0.670000 Level:67
ETask 134-134: Configuration:0 Energy:93.530374512828 Reward:-34.534292127813416 Raw:34.534292127813416 Time:32509 TotalReward:12380.04672326664
STOKE: Battery:0.660000 Level:66
ETask 135-135: Configuration:0 Energy:100.446664702848 Reward:-37.087999274897726 Raw:37.087999274897726 Time:32513 TotalReward:12480.493387969487
STOKE: Battery:0.660000 Level:66
ETask 136-136: Configuration:0 Energy:104.397764842818 Reward:-38.54686701888665 Raw:38.54686701888665 Time:32513 TotalReward:12584.891152812304
STOKE: Battery:0.660000 Level:66
ETask 137-137: Configuration:0 Energy:98.40309198606599 Reward:-36.33344934870129 Raw:36.33344934870129 Time:32513 TotalReward:12683.29424479837
STOKE: Battery:0.660000 Level:66
ETask 138-138: Configuration:0 Energy:96.68344720464002 Reward:-35.6985035832517 Raw:35.6985035832517 Time:32513 TotalReward:12779.977692003009
STOKE: Battery:0.660000 Level:66
ETask 139-139: Configuration:0 Energy:91.81496686143599 Reward:-33.900910841145595 Raw:33.900910841145595 Time:32511 TotalReward:12871.792658864444
STOKE: Battery:0.660000 Level:66
ETask 140-140: Configuration:0 Energy:91.34217147972002 Reward:-33.726340238665856 Raw:33.726340238665856 Time:32507 TotalReward:12963.134830344165
STOKE: Battery:0.640000 Level:64
ETask 141-141: Configuration:0 Energy:89.226225521844 Reward:-32.94506788498856 Raw:32.94506788498856 Time:32512 TotalReward:13052.36105586601
STOKE: Battery:0.640000 Level:64
ETask 142-142: Configuration:0 Energy:88.55066736252 Reward:-32.69563102616124 Raw:32.69563102616124 Time:32515 TotalReward:13140.91172322853
STOKE: Battery:0.640000 Level:64
ETask 143-143: Configuration:0 Energy:89.68728610228399 Reward:-33.1153056377664 Raw:33.1153056377664 Time:32509 TotalReward:13230.599009330814
STOKE: Battery:0.640000 Level:64
ETask 144-144: Configuration:0 Energy:90.24075322572 Reward:-33.31966272949661 Raw:33.31966272949661 Time:32508 TotalReward:13320.839762556534
STOKE: Battery:0.640000 Level:64
ETask 145-145: Configuration:0 Energy:84.54598511352 Reward:-31.216979118838154 Raw:31.216979118838154 Time:32511 TotalReward:13405.385747670054
STOKE: Battery:0.620000 Level:62
ETask 146-146: Configuration:0 Energy:85.2989395224 Reward:-31.494993054424615 Raw:31.494993054424615 Time:32509 TotalReward:13490.684687192454
STOKE: Battery:0.620000 Level:62
ETask 147-147: Configuration:0 Energy:87.01029153095999 Reward:-32.12687687296984 Raw:32.12687687296984 Time:32514 TotalReward:13577.694978723413
STOKE: Battery:0.620000 Level:62
ETask 148-148: Configuration:0 Energy:90.25096798536 Reward:-33.323434333056 Raw:33.323434333056 Time:32513 TotalReward:13667.945946708773
STOKE: Battery:0.620000 Level:62
ETask 149-149: Configuration:0 Energy:98.525801601175 Reward:-36.378757514280004 Raw:36.378757514280004 Time:32514 TotalReward:13766.471748309948
STOKE: Battery:0.620000 Level:62
ETask 150-150: Configuration:0 Energy:86.816473679936 Reward:-32.0553133587456 Raw:32.0553133587456 Time:32512 TotalReward:13853.288221989884
STOKE: Battery:0.620000 Level:62
ETask 151-151: Configuration:0 Energy:90.79263488493001 Reward:-33.523434419051085 Raw:33.523434419051085 Time:32511 TotalReward:13944.080856874814
STOKE: Battery:0.610000 Level:61
ETask 152-152: Configuration:0 Energy:87.95138655864001 Reward:-32.47435811395939 Raw:32.47435811395939 Time:32510 TotalReward:14032.032243433454
STOKE: Battery:0.610000 Level:61
ETask 153-153: Configuration:0 Energy:101.55862112748001 Reward:-37.498567800915694 Raw:37.498567800915694 Time:32514 TotalReward:14133.590864560934
STOKE: Battery:0.610000 Level:61
ETask 154-154: Configuration:0 Energy:86.36200614241201 Reward:-31.887509960275214 Raw:31.887509960275214 Time:32512 TotalReward:14219.952870703346
STOKE: Battery:0.610000 Level:61
ETask 155-155: Configuration:0 Energy:90.79542652884 Reward:-33.524465179879385 Raw:33.524465179879385 Time:32513 TotalReward:14310.748297232187
STOKE: Battery:0.610000 Level:61
ETask 156-156: Configuration:0 Energy:87.67150186158001 Reward:-32.37101607196801 Raw:32.37101607196801 Time:32515 TotalReward:14398.419799093766
STOKE: Battery:0.590000 Level:59
ETask 157-157: Configuration:0 Energy:86.791987693124 Reward:-32.04627237899964 Raw:32.04627237899964 Time:32510 TotalReward:14485.211786786891
STOKE: Battery:0.590000 Level:59
ETask 158-158: Configuration:0 Energy:107.80942340880601 Reward:-39.806556335559144 Raw:39.806556335559144 Time:32509 TotalReward:14593.021210195697
STOKE: Battery:0.590000 Level:59
ETask 159-159: Configuration:0 Energy:85.963582991888 Reward:-31.740399873927878 Raw:31.740399873927878 Time:32514 TotalReward:14678.984793187585
STOKE: Battery:0.590000 Level:59
ETask 160-160: Configuration:0 Energy:97.039746781446 Reward:-35.83006035007237 Raw:35.83006035007237 Time:32513 TotalReward:14776.02453996903
STOKE: Battery:0.590000 Level:59
ETask 161-161: Configuration:0 Energy:91.01474941251001 Reward:-33.60544593692677 Raw:33.60544593692677 Time:32511 TotalReward:14867.03928938154
STOKE: Battery:0.590000 Level:59
ETask 162-162: Configuration:0 Energy:87.78814222725799 Reward:-32.414083283910635 Raw:32.414083283910635 Time:32508 TotalReward:14954.827431608799
STOKE: Battery:0.580000 Level:58
ETask 163-163: Configuration:0 Energy:93.66640754287201 Reward:-34.58451970813736 Raw:34.58451970813736 Time:32507 TotalReward:15048.493839151672
STOKE: Battery:0.580000 Level:58
ETask 164-164: Configuration:0 Energy:91.21482876199201 Reward:-33.67932138904321 Raw:33.67932138904321 Time:32510 TotalReward:15139.708667913663
STOKE: Battery:0.580000 Level:58
ETask 165-165: Configuration:0 Energy:98.629024850118 Reward:-36.41687071388972 Raw:36.41687071388972 Time:32510 TotalReward:15238.33769276378
STOKE: Battery:0.580000 Level:58
ETask 166-166: Configuration:0 Energy:92.49394123606399 Reward:-34.15160907177747 Raw:34.15160907177747 Time:32512 TotalReward:15330.831633999844
STOKE: Battery:0.580000 Level:58
ETask 167-167: Configuration:0 Energy:112.08414843473399 Reward:-41.38491634513255 Raw:41.38491634513255 Time:32512 TotalReward:15442.915782434578
STOKE: Battery:0.560000 Level:56
ETask 168-168: Configuration:0 Energy:86.644163733048 Reward:-31.99169122451003 Raw:31.99169122451003 Time:32513 TotalReward:15529.559946167627
STOKE: Battery:0.560000 Level:56
ETask 169-169: Configuration:0 Energy:87.61511760773399 Reward:-32.35019727054794 Raw:32.35019727054794 Time:32511 TotalReward:15617.175063775361
STOKE: Battery:0.560000 Level:56
ETask 170-170: Configuration:0 Energy:87.05125118142901 Reward:-32.142000436219945 Raw:32.142000436219945 Time:32513 TotalReward:15704.22631495679
STOKE: Battery:0.560000 Level:56
ETask 171-171: Configuration:0 Energy:87.96388497109201 Reward:-32.47897291240321 Raw:32.47897291240321 Time:32512 TotalReward:15792.190199927882
STOKE: Battery:0.560000 Level:56
ETask 172-172: Configuration:0 Energy:86.697402665148 Reward:-32.01134867636233 Raw:32.01134867636233 Time:32513 TotalReward:15878.88760259303
STOKE: Battery:0.560000 Level:56
ETask 173-173: Configuration:0 Energy:86.84553554376 Reward:-32.06604389308062 Raw:32.06604389308062 Time:32508 TotalReward:15965.73313813679
STOKE: Battery:0.550000 Level:55
ETask 174-174: Configuration:0 Energy:87.92671829520599 Reward:-32.465249832076054 Raw:32.465249832076054 Time:32511 TotalReward:16053.659856431996
STOKE: Battery:0.550000 Level:55
ETask 175-175: Configuration:0 Energy:99.905476415514 Reward:-36.888175907266714 Raw:36.888175907266714 Time:32515 TotalReward:16153.56533284751
STOKE: Battery:0.550000 Level:55
ETask 176-176: Configuration:0 Energy:86.84282263410601 Reward:-32.06504220336222 Raw:32.06504220336222 Time:32513 TotalReward:16240.408155481615
STOKE: Battery:0.550000 Level:55
ETask 177-177: Configuration:0 Energy:86.973624957954 Reward:-32.113338446013785 Raw:32.113338446013785 Time:32511 TotalReward:16327.38178043957
STOKE: Battery:0.550000 Level:55
ETask 178-178: Configuration:0 Energy:84.51125868384 Reward:-31.204157052494764 Raw:31.204157052494764 Time:32513 TotalReward:16411.89303912341
STOKE: Battery:0.530000 Level:53
ETask 179-179: Configuration:0 Energy:86.3892217389 Reward:-31.897558795901542 Raw:31.897558795901542 Time:32513 TotalReward:16498.28226086231
STOKE: Battery:0.530000 Level:53
ETask 180-180: Configuration:0 Energy:86.74368569389999 Reward:-32.02843779467076 Raw:32.02843779467076 Time:32513 TotalReward:16585.02594655621
STOKE: Battery:0.530000 Level:53
ETask 181-181: Configuration:0 Energy:88.25159985687199 Reward:-32.58520610099889 Raw:32.58520610099889 Time:32514 TotalReward:16673.27754641308
STOKE: Battery:0.530000 Level:53
ETask 182-182: Configuration:0 Energy:88.77113861427601 Reward:-32.77703579604038 Raw:32.77703579604038 Time:32514 TotalReward:16762.048685027356
STOKE: Battery:0.530000 Level:53
ETask 183-183: Configuration:0 Energy:86.83160667813002 Reward:-32.06090092730955 Raw:32.06090092730955 Time:32511 TotalReward:16848.880291705485
STOKE: Battery:0.530000 Level:53
ETask 184-184: Configuration:0 Energy:84.856175626923 Reward:-31.331511000710034 Raw:31.331511000710034 Time:32511 TotalReward:16933.73646733241
STOKE: Battery:0.510000 Level:51
ETask 185-185: Configuration:0 Energy:86.217015817576 Reward:-31.833975071104984 Raw:31.833975071104984 Time:32512 TotalReward:17019.953483149984
STOKE: Battery:0.510000 Level:51
ETask 186-186: Configuration:0 Energy:88.251033274724 Reward:-32.584996901436554 Raw:32.584996901436554 Time:32512 TotalReward:17108.204516424707
STOKE: Battery:0.510000 Level:51
ETask 187-187: Configuration:0 Energy:91.50648266619 Reward:-33.787008984439375 Raw:33.787008984439375 Time:32510 TotalReward:17199.710999090898
STOKE: Battery:0.510000 Level:51
ETask 188-188: Configuration:0 Energy:86.65248878208 Reward:-31.994765088768 Raw:31.994765088768 Time:32512 TotalReward:17286.36348787298
STOKE: Battery:0.510000 Level:51
ETask 189-189: Configuration:0 Energy:84.99793188355 Reward:-31.383851772387697 Raw:31.383851772387697 Time:32512 TotalReward:17371.36141975653
STOKE: Battery:0.510000 Level:51
ETask 190-190: Configuration:0 Energy:100.05840880428 Reward:-36.94464325081108 Raw:36.94464325081108 Time:32511 TotalReward:17471.41982856081
STOKE: Battery:0.500000 Level:50
ETask 191-191: Configuration:0 Energy:99.58806283227 Reward:-36.77097704576123 Raw:36.77097704576123 Time:32518 TotalReward:17571.00789139308
STOKE: Battery:0.500000 Level:50
ETask 192-192: Configuration:0 Energy:95.28723734212599 Reward:-35.18297994170806 Raw:35.18297994170806 Time:32510 TotalReward:17666.295128735208
STOKE: Battery:0.500000 Level:50
ETask 193-193: Configuration:0 Energy:91.83489260417498 Reward:-33.90826803846461 Raw:33.90826803846461 Time:32513 TotalReward:17758.130021339384
STOKE: Battery:0.500000 Level:50
ETask 194-194: Configuration:0 Energy:95.397607727775 Reward:-35.223732084101535 Raw:35.223732084101535 Time:32516 TotalReward:17853.52762906716
STOKE: Battery:0.500000 Level:50
ETask 195-195: Configuration:0 Energy:87.71895931219201 Reward:-32.388538822963206 Raw:32.388538822963206 Time:32515 TotalReward:17941.246588379352
STOKE: Battery:0.480000 Level:48
ETask 196-196: Configuration:0 Energy:92.203704473888 Reward:-34.04444472882018 Raw:34.04444472882018 Time:32513 TotalReward:18033.45029285324
STOKE: Battery:0.480000 Level:48
ETask 197-197: Configuration:0 Energy:94.52888988864001 Reward:-34.902974728113236 Raw:34.902974728113236 Time:32510 TotalReward:18127.979182741878
STOKE: Battery:0.480000 Level:48
ETask 198-198: Configuration:0 Energy:104.01633010079999 Reward:-38.406029575679995 Raw:38.406029575679995 Time:32514 TotalReward:18231.995512842677
STOKE: Battery:0.480000 Level:48
ETask 199-199: Configuration:0 Energy:97.00711874006402 Reward:-35.818013073254406 Raw:35.818013073254406 Time:32515 TotalReward:18329.00263158274
STOKE: Battery:0.480000 Level:48
ETask 200-200: Configuration:0 Energy:112.09340116684801 Reward:-41.388332738528504 Raw:41.388332738528504 Time:32516 TotalReward:18441.09603274959
STOKE: Battery:0.480000 Level:48
ETask 201-201: Configuration:0 Energy:96.34013033329799 Reward:-35.57174043075618 Raw:35.57174043075618 Time:32513 TotalReward:18537.436163082886
STOKE: Battery:0.470000 Level:47
ETask 202-202: Configuration:0 Energy:93.00603545874 Reward:-34.34069001553477 Raw:34.34069001553477 Time:32511 TotalReward:18630.442198541627
STOKE: Battery:0.470000 Level:47
ETask 203-203: Configuration:0 Energy:93.40116568632001 Reward:-34.48658425341046 Raw:34.48658425341046 Time:32511 TotalReward:18723.843364227945
STOKE: Battery:0.470000 Level:47
ETask 204-204: Configuration:0 Energy:91.00088887966999 Reward:-33.6003282017243 Raw:33.6003282017243 Time:32513 TotalReward:18814.844253107614
STOKE: Battery:0.460000 Level:46
ETask 205-205: Configuration:0 Energy:87.93768577943999 Reward:-32.469299364716306 Raw:32.469299364716306 Time:32517 TotalReward:18902.781938887056
STOKE: Battery:0.460000 Level:46
ETask 206-206: Configuration:0 Energy:90.54701832383999 Reward:-33.432745227264 Raw:33.432745227264 Time:32510 TotalReward:18993.328957210895
STOKE: Battery:0.450000 Level:45
ETask 207-207: Configuration:0 Energy:87.339682925568 Reward:-32.24849831097895 Raw:32.24849831097895 Time:32505 TotalReward:19080.668640136464
STOKE: Battery:0.450000 Level:45
ETask 208-208: Configuration:0 Energy:89.65640898809998 Reward:-33.103904857144606 Raw:33.103904857144606 Time:32513 TotalReward:19170.325049124564
STOKE: Battery:0.450000 Level:45
ETask 209-209: Configuration:0 Energy:87.20812775023202 Reward:-32.199924092393374 Raw:32.199924092393374 Time:32505 TotalReward:19257.533176874796
STOKE: Battery:0.450000 Level:45
ETask 210-210: Configuration:0 Energy:87.36421113792 Reward:-32.25755488169354 Raw:32.25755488169354 Time:32514 TotalReward:19344.897388012716
STOKE: Battery:0.450000 Level:45
ETask 211-211: Configuration:0 Energy:85.33716886368 Reward:-31.509108503512614 Raw:31.509108503512614 Time:32511 TotalReward:19430.234556876396
STOKE: Battery:0.450000 Level:45
ETask 212-212: Configuration:0 Energy:100.842795704496 Reward:-37.23426302935237 Raw:37.23426302935237 Time:32512 TotalReward:19531.07735258089
STOKE: Battery:0.440000 Level:44
ETask 213-213: Configuration:0 Energy:89.46280985169 Reward:-33.03242209908554 Raw:33.03242209908554 Time:32509 TotalReward:19620.540162432582
STOKE: Battery:0.440000 Level:44
ETask 214-214: Configuration:0 Energy:89.09237753707198 Reward:-32.89564709061119 Raw:32.89564709061119 Time:32511 TotalReward:19709.632539969654
STOKE: Battery:0.440000 Level:44
ETask 215-215: Configuration:0 Energy:87.151140186034 Reward:-32.17888253022794 Raw:32.17888253022794 Time:32510 TotalReward:19796.783680155688
STOKE: Battery:0.440000 Level:44
ETask 216-216: Configuration:0 Energy:97.74088580088001 Reward:-36.088942449555695 Raw:36.088942449555695 Time:32510 TotalReward:19894.524565956566
STOKE: Battery:0.440000 Level:44
ETask 217-217: Configuration:0 Energy:88.31785788306001 Reward:-32.609670602976 Raw:32.609670602976 Time:32515 TotalReward:19982.842423839626
STOKE: Battery:0.420000 Level:42
ETask 218-218: Configuration:0 Energy:89.26328065060501 Reward:-32.95874977868493 Raw:32.95874977868493 Time:32514 TotalReward:20072.10570449023
STOKE: Battery:0.420000 Level:42
ETask 219-219: Configuration:0 Energy:87.17556061964001 Reward:-32.18789930571323 Raw:32.18789930571323 Time:32513 TotalReward:20159.28126510987
STOKE: Battery:0.420000 Level:42
ETask 220-220: Configuration:0 Energy:88.81301419146001 Reward:-32.792497547616 Raw:32.792497547616 Time:32513 TotalReward:20248.094279301327
STOKE: Battery:0.420000 Level:42
ETask 221-221: Configuration:0 Energy:85.94940751127 Reward:-31.735165850315077 Raw:31.735165850315077 Time:32511 TotalReward:20334.043686812598
STOKE: Battery:0.420000 Level:42
ETask 222-222: Configuration:0 Energy:86.29638869907001 Reward:-31.863281981195083 Raw:31.863281981195083 Time:32514 TotalReward:20420.340075511667
STOKE: Battery:0.410000 Level:41
ETask 223-223: Configuration:0 Energy:88.72683264899999 Reward:-32.760676670399995 Raw:32.760676670399995 Time:32514 TotalReward:20509.06690816067
STOKE: Battery:0.400000 Level:40
ETask 224-224: Configuration:0 Energy:100.75534406748001 Reward:-37.20197319414647 Raw:37.20197319414647 Time:32514 TotalReward:20609.822252228147
STOKE: Battery:0.400000 Level:40
ETask 225-225: Configuration:0 Energy:85.76791645247998 Reward:-31.668153767069533 Raw:31.668153767069533 Time:32512 TotalReward:20695.59016868063
STOKE: Battery:0.400000 Level:40
ETask 226-226: Configuration:0 Energy:85.6552634388 Reward:-31.62655880817231 Raw:31.62655880817231 Time:32512 TotalReward:20781.245432119427
STOKE: Battery:0.400000 Level:40
ETask 227-227: Configuration:0 Energy:88.21399893975 Reward:-32.571322685446155 Raw:32.571322685446155 Time:32514 TotalReward:20869.45943105918
STOKE: Battery:0.400000 Level:40
ETask 228-228: Configuration:0 Energy:89.62424300799199 Reward:-33.09202818756627 Raw:33.09202818756627 Time:32509 TotalReward:20959.08367406717
STOKE: Battery:0.390000 Level:39
ETask 229-229: Configuration:0 Energy:89.30921215209 Reward:-32.975709102310155 Raw:32.975709102310155 Time:32513 TotalReward:21048.39288621926
STOKE: Battery:0.390000 Level:39
ETask 230-230: Configuration:0 Energy:88.51813869007199 Reward:-32.68362043941119 Raw:32.68362043941119 Time:32512 TotalReward:21136.911024909332
STOKE: Battery:0.390000 Level:39
ETask 231-231: Configuration:0 Energy:85.461871319832 Reward:-31.55515248732259 Raw:31.55515248732259 Time:32510 TotalReward:21222.372896229164
STOKE: Battery:0.390000 Level:39
ETask 232-232: Configuration:0 Energy:87.69805424561999 Reward:-32.38082002915199 Raw:32.38082002915199 Time:32506 TotalReward:21310.070950474783
STOKE: Battery:0.390000 Level:39
ETask 233-233: Configuration:0 Energy:91.68258872802001 Reward:-33.85203276111508 Raw:33.85203276111508 Time:32509 TotalReward:21401.753539202804
STOKE: Battery:0.370000 Level:37
ETask 234-234: Configuration:0 Energy:87.42836885609998 Reward:-32.281243885329225 Raw:32.281243885329225 Time:32508 TotalReward:21489.181908058905
STOKE: Battery:0.370000 Level:37
ETask 235-235: Configuration:0 Energy:89.89059975544 Reward:-33.1903752943163 Raw:33.1903752943163 Time:32515 TotalReward:21579.072507814344
STOKE: Battery:0.370000 Level:37
ETask 236-236: Configuration:0 Energy:95.21001068868 Reward:-35.154465485051084 Raw:35.154465485051084 Time:32509 TotalReward:21674.282518503023
STOKE: Battery:0.370000 Level:37
ETask 237-237: Configuration:0 Energy:113.93157638888 Reward:-42.06704358974031 Raw:42.06704358974031 Time:32510 TotalReward:21788.214094891904
STOKE: Battery:0.370000 Level:37
ETask 238-238: Configuration:0 Energy:94.8669260455 Reward:-35.02778807833846 Raw:35.02778807833846 Time:32511 TotalReward:21883.081020937403
STOKE: Battery:0.370000 Level:37
ETask 239-239: Configuration:0 Energy:98.427936774968 Reward:-36.34262280921896 Raw:36.34262280921896 Time:32513 TotalReward:21981.508957712373
STOKE: Battery:0.360000 Level:36
ETask 240-240: Configuration:0 Energy:98.47333257853 Reward:-36.35938433668801 Raw:36.35938433668801 Time:32511 TotalReward:22079.982290290904
STOKE: Battery:0.360000 Level:36
ETask 241-241: Configuration:0 Energy:99.645521826208 Reward:-36.79219267429219 Raw:36.79219267429219 Time:32512 TotalReward:22179.627812117113
STOKE: Battery:0.350000 Level:35
ETask 242-242: Configuration:0 Energy:95.115515607216 Reward:-35.1195749934336 Raw:35.1195749934336 Time:32515 TotalReward:22274.74332772433
STOKE: Battery:0.350000 Level:35
ETask 243-243: Configuration:0 Energy:94.97324015168 Reward:-35.06704251754338 Raw:35.06704251754338 Time:32515 TotalReward:22369.71656787601
STOKE: Battery:0.350000 Level:35
ETask 244-244: Configuration:0 Energy:89.7926729154 Reward:-33.15421769184 Raw:33.15421769184 Time:32514 TotalReward:22459.50924079141
STOKE: Battery:0.340000 Level:34
ETask 245-245: Configuration:0 Energy:90.05522094384 Reward:-33.25115850234092 Raw:33.25115850234092 Time:32512 TotalReward:22549.56446173525
STOKE: Battery:0.340000 Level:34
ETask 246-246: Configuration:0 Energy:85.0316023584 Reward:-31.396283947716924 Raw:31.396283947716924 Time:32510 TotalReward:22634.596064093646
STOKE: Battery:0.340000 Level:34
ETask 247-247: Configuration:0 Energy:89.694675171 Reward:-33.11803390929231 Raw:33.11803390929231 Time:32516 TotalReward:22724.290739264645
STOKE: Battery:0.340000 Level:34
ETask 248-248: Configuration:0 Energy:86.12655626483999 Reward:-31.800574620863994 Raw:31.800574620863994 Time:32514 TotalReward:22810.417295529485
STOKE: Battery:0.340000 Level:34
ETask 249-249: Configuration:0 Energy:90.03091678956399 Reward:-33.242184660762085 Raw:33.242184660762085 Time:32516 TotalReward:22900.44821231905
STOKE: Battery:0.330000 Level:33
ETask 250-250: Configuration:0 Energy:87.399882266598 Reward:-32.270725759974646 Raw:32.270725759974646 Time:32515 TotalReward:22987.848094585646
STOKE: Battery:0.330000 Level:33
ETask 251-251: Configuration:0 Energy:85.767994814712 Reward:-31.66818270081674 Raw:31.66818270081674 Time:32507 TotalReward:23073.61608940036
STOKE: Battery:0.330000 Level:33
ETask 252-252: Configuration:0 Energy:87.7394210054 Reward:-32.39609390968616 Raw:32.39609390968616 Time:32514 TotalReward:23161.35551040576
STOKE: Battery:0.330000 Level:33
ETask 253-253: Configuration:0 Energy:92.657473638864 Reward:-34.21199026665748 Raw:34.21199026665748 Time:32508 TotalReward:23254.012984044624
STOKE: Battery:0.330000 Level:33
ETask 254-254: Configuration:0 Energy:86.62909383521999 Reward:-31.986126954542765 Raw:31.986126954542765 Time:32513 TotalReward:23340.642077879846
STOKE: Battery:0.310000 Level:31
ETask 255-255: Configuration:0 Energy:85.95976064814 Reward:-31.73898854700554 Raw:31.73898854700554 Time:32515 TotalReward:23426.601838527986
STOKE: Battery:0.310000 Level:31
ETask 256-256: Configuration:0 Energy:87.78943352699999 Reward:-32.41456007150769 Raw:32.41456007150769 Time:32514 TotalReward:23514.391272054985
STOKE: Battery:0.310000 Level:31
ETask 257-257: Configuration:0 Energy:82.54343562074999 Reward:-30.477576229199997 Raw:30.477576229199997 Time:32515 TotalReward:23596.934707675737
STOKE: Battery:0.310000 Level:31
ETask 258-258: Configuration:0 Energy:84.95966446568998 Reward:-31.36972226425476 Raw:31.36972226425476 Time:32510 TotalReward:23681.894372141425
STOKE: Battery:0.310000 Level:31
ETask 259-259: Configuration:0 Energy:86.31325373816401 Reward:-31.86950907255286 Raw:31.86950907255286 Time:32515 TotalReward:23768.20762587959
STOKE: Battery:0.300000 Level:30
ETask 260-260: Configuration:0 Energy:85.03200805158401 Reward:-31.39643374212333 Raw:31.39643374212333 Time:32513 TotalReward:23853.239633931174
STOKE: Battery:0.300000 Level:30
ETask 261-261: Configuration:0 Energy:88.71399549804799 Reward:-32.755936799279255 Raw:32.755936799279255 Time:32515 TotalReward:23941.953629429223
STOKE: Battery:0.300000 Level:30
ETask 262-262: Configuration:0 Energy:96.171819293392 Reward:-35.50959481602166 Raw:35.50959481602166 Time:32514 TotalReward:24038.125448722614
STOKE: Battery:0.300000 Level:30
ETask 263-263: Configuration:0 Energy:83.657429296296 Reward:-30.888896970940067 Raw:30.888896970940067 Time:32518 TotalReward:24121.782878018912
STOKE: Battery:0.300000 Level:30
ETask 264-264: Configuration:0 Energy:83.895869438524 Reward:-30.976936408070397 Raw:30.976936408070397 Time:32513 TotalReward:24205.678747457438
STOKE: Battery:0.280000 Level:28
ETask 265-265: Configuration:0 Energy:84.05587543366201 Reward:-31.03601554473674 Raw:31.03601554473674 Time:32510 TotalReward:24289.7346228911
STOKE: Battery:0.280000 Level:28
ETask 266-266: Configuration:0 Energy:100.67605199682798 Reward:-37.17269612190571 Raw:37.17269612190571 Time:32510 TotalReward:24390.410674887928
STOKE: Battery:0.280000 Level:28
ETask 267-267: Configuration:0 Energy:110.23302653946 Reward:-40.701425183800616 Raw:40.701425183800616 Time:32515 TotalReward:24500.643701427387
STOKE: Battery:0.280000 Level:28
ETask 268-268: Configuration:0 Energy:88.753803042201 Reward:-32.77063496942806 Raw:32.77063496942806 Time:32514 TotalReward:24589.397504469587
STOKE: Battery:0.280000 Level:28
ETask 269-269: Configuration:0 Energy:86.3653322565 Reward:-31.888738063938458 Raw:31.888738063938458 Time:32515 TotalReward:24675.762836726088
STOKE: Battery:0.260000 Level:26
ETask 270-270: Configuration:0 Energy:85.4570530044 Reward:-31.55337341700923 Raw:31.55337341700923 Time:32516 TotalReward:24761.219889730488
STOKE: Battery:0.260000 Level:26
ETask 271-271: Configuration:0 Energy:92.77022424977999 Reward:-34.253621261457226 Raw:34.253621261457226 Time:32511 TotalReward:24853.990113980268
STOKE: Battery:0.260000 Level:26
ETask 272-272: Configuration:0 Energy:88.21721398941001 Reward:-32.57250978070524 Raw:32.57250978070524 Time:32511 TotalReward:24942.207327969678
STOKE: Battery:0.260000 Level:26
ETask 273-273: Configuration:0 Energy:86.07701569499999 Reward:-31.782282718153844 Raw:31.782282718153844 Time:32513 TotalReward:25028.284343664676
STOKE: Battery:0.260000 Level:26
ETask 274-274: Configuration:0 Energy:93.990019518252 Reward:-34.7040072067392 Raw:34.7040072067392 Time:32509 TotalReward:25122.27436318293
STOKE: Battery:0.250000 Level:25
ETask 275-275: Configuration:0 Energy:104.357902068576 Reward:-38.5321484560896 Raw:38.5321484560896 Time:32517 TotalReward:25226.632265251505
STOKE: Battery:0.250000 Level:25
ETask 276-276: Configuration:0 Energy:110.315335883922 Reward:-40.7318163263712 Raw:40.7318163263712 Time:32511 TotalReward:25336.947601135427
STOKE: Battery:0.250000 Level:25
ETask 277-277: Configuration:0 Energy:91.440600702688 Reward:-33.76268333637711 Raw:33.76268333637711 Time:32513 TotalReward:25428.388201838115
STOKE: Battery:0.240000 Level:24
ETask 278-278: Configuration:0 Energy:96.19559237484799 Reward:-35.51837256917464 Raw:35.51837256917464 Time:32511 TotalReward:25524.583794212962
STOKE: Battery:0.240000 Level:24
ETask 279-279: Configuration:0 Energy:103.84003046013999 Reward:-38.340934323743994 Raw:38.340934323743994 Time:32507 TotalReward:25628.4238246731
STOKE: Battery:0.230000 Level:23
ETask 280-280: Configuration:0 Energy:114.74862659315998 Reward:-42.36872366516676 Raw:42.36872366516676 Time:32511 TotalReward:25743.17245126626
STOKE: Battery:0.230000 Level:23
ETask 281-281: Configuration:0 Energy:102.29106641781999 Reward:-37.769009138887384 Raw:37.769009138887384 Time:32513 TotalReward:25845.46351768408
STOKE: Battery:0.230000 Level:23
ETask 282-282: Configuration:0 Energy:101.33226859055999 Reward:-37.414991479591386 Raw:37.414991479591386 Time:32512 TotalReward:25946.795786274637
STOKE: Battery:0.230000 Level:23
ETask 283-283: Configuration:0 Energy:98.6939901 Reward:-36.44085788307692 Raw:36.44085788307692 Time:32512 TotalReward:26045.489776374638
STOKE: Battery:0.220000 Level:22
ETask 284-284: Configuration:0 Energy:110.82533373 Reward:-40.920123223384614 Raw:40.920123223384614 Time:32515 TotalReward:26156.31511010464
STOKE: Battery:0.220000 Level:22
ETask 285-285: Configuration:0 Energy:94.1028578352 Reward:-34.745670585304616 Raw:34.745670585304616 Time:32511 TotalReward:26250.41796793984
STOKE: Battery:0.220000 Level:22
ETask 286-286: Configuration:0 Energy:94.9245609348 Reward:-35.04906865284923 Raw:35.04906865284923 Time:32510 TotalReward:26345.34252887464
STOKE: Battery:0.220000 Level:22
ETask 287-287: Configuration:0 Energy:101.20073401799999 Reward:-37.366424868184616 Raw:37.366424868184616 Time:32513 TotalReward:26446.54326289264
STOKE: Battery:0.220000 Level:22
ETask 288-288: Configuration:0 Energy:99.0120518208 Reward:-36.55829605691077 Raw:36.55829605691077 Time:32509 TotalReward:26545.555314713438
STOKE: Battery:0.200000 Level:20
ETask 289-289: Configuration:0 Energy:94.0537136602 Reward:-34.72752504376616 Raw:34.72752504376616 Time:32515 TotalReward:26639.609028373638
STOKE: Battery:0.200000 Level:20
ETask 290-290: Configuration:0 Energy:107.03151833359999 Reward:-39.519329846252305 Raw:39.519329846252305 Time:32512 TotalReward:26746.640546707236
STOKE: Battery:0.200000 Level:20
ETask 291-291: Configuration:0 Energy:92.45213242387202 Reward:-34.1361719718912 Raw:34.1361719718912 Time:32515 TotalReward:26839.092679131107
STOKE: Battery:0.200000 Level:20
ETask 292-292: Configuration:0 Energy:89.72574416448 Reward:-33.12950553765416 Raw:33.12950553765416 Time:32514 TotalReward:26928.818423295586
STOKE: Battery:0.200000 Level:20
ETask 293-293: Configuration:0 Energy:88.75924678324 Reward:-32.77264496611939 Raw:32.77264496611939 Time:32507 TotalReward:27017.577670078826
STOKE: Battery:0.190000 Level:19
ETask 294-294: Configuration:0 Energy:90.097882982058 Reward:-33.26691063952911 Raw:33.26691063952911 Time:32515 TotalReward:27107.675553060886
STOKE: Battery:0.190000 Level:19
ETask 295-295: Configuration:0 Energy:85.80198268179 Reward:-31.680732067122456 Raw:31.680732067122456 Time:32506 TotalReward:27193.477535742677
STOKE: Battery:0.190000 Level:19
ETask 296-296: Configuration:0 Energy:88.000699785344 Reward:-32.49256607458855 Raw:32.49256607458855 Time:32514 TotalReward:27281.478235528022
STOKE: Battery:0.180000 Level:18
ETask 297-297: Configuration:0 Energy:91.87598523606401 Reward:-33.92344070254671 Raw:33.92344070254671 Time:32514 TotalReward:27373.354220764086
STOKE: Battery:0.180000 Level:18
ETask 298-298: Configuration:0 Energy:86.43171571957998 Reward:-31.913248881075685 Raw:31.913248881075685 Time:32511 TotalReward:27459.785936483666
STOKE: Battery:0.170000 Level:17
ETask 299-299: Configuration:0 Energy:84.59873800901599 Reward:-31.236457111021284 Raw:31.236457111021284 Time:32511 TotalReward:27544.38467449268
STOKE: Battery:0.170000 Level:17
ETask 300-300: Configuration:0 Energy:82.83445339171199 Reward:-30.58502894463212 Raw:30.58502894463212 Time:32515 TotalReward:27627.219127884393
STOKE: Battery:0.170000 Level:17
ETask 301-301: Configuration:0 Energy:84.9416130189 Reward:-31.36305711467077 Raw:31.36305711467077 Time:32511 TotalReward:27712.16074090329
STOKE: Battery:0.170000 Level:17
ETask 302-302: Configuration:0 Energy:100.609109779464 Reward:-37.147978995494405 Raw:37.147978995494405 Time:32515 TotalReward:27812.769850682755
STOKE: Battery:0.170000 Level:17
STOKE: End Bat: 0.150000
STOKE: Usage Bat: 0.850000
==END-RUN 0==
