==RUN 0==
STOKE: Start Bat: 1.000000
ETask 1-1: Configuration:0 Energy:96.83657175354499 Reward:-35.75504187823199 Raw:35.75504187823199 Time:32513 TotalReward:96.83657175354499
STOKE: Battery:1.000000 Level:100
ETask 2-2: Configuration:0 Energy:91.345621897845 Reward:-33.72761423920431 Raw:33.72761423920431 Time:32510 TotalReward:188.18219365138998
STOKE: Battery:1.000000 Level:100
ETask 3-3: Configuration:0 Energy:89.10825204423999 Reward:-32.90150844710399 Raw:32.90150844710399 Time:32511 TotalReward:277.29044569562996
STOKE: Battery:1.000000 Level:100
ETask 4-4: Configuration:0 Energy:100.53029037537001 Reward:-37.118876446290464 Raw:37.118876446290464 Time:32510 TotalReward:377.82073607099994
STOKE: Battery:1.000000 Level:100
ETask 5-5: Configuration:0 Energy:95.44484694354502 Reward:-35.24117425607816 Raw:35.24117425607816 Time:32511 TotalReward:473.265583014545
STOKE: Battery:1.000000 Level:100
ETask 6-6: Configuration:0 Energy:95.29621402020001 Reward:-35.18629440745847 Raw:35.18629440745847 Time:32511 TotalReward:568.561797034745
STOKE: Battery:1.000000 Level:100
ETask 7-7: Configuration:0 Energy:95.48058445478 Reward:-35.254369644841844 Raw:35.254369644841844 Time:32512 TotalReward:664.042381489525
STOKE: Battery:1.000000 Level:100
ETask 8-8: Configuration:0 Energy:86.64947105548502 Reward:-31.993650851256003 Raw:31.993650851256003 Time:32510 TotalReward:750.6918525450101
STOKE: Battery:1.000000 Level:100
ETask 9-9: Configuration:0 Energy:99.605020810077 Reward:-36.77723845295151 Raw:36.77723845295151 Time:32513 TotalReward:850.2968733550871
STOKE: Battery:0.980000 Level:98
ETask 10-10: Configuration:0 Energy:86.500618383411 Reward:-31.93868986464406 Raw:31.93868986464406 Time:32511 TotalReward:936.7974917384981
STOKE: Battery:0.980000 Level:98
ETask 11-11: Configuration:0 Energy:89.13775137884099 Reward:-32.91240050911051 Raw:32.91240050911051 Time:32517 TotalReward:1025.935243117339
STOKE: Battery:0.980000 Level:98
ETask 12-12: Configuration:0 Energy:99.19447908186598 Reward:-36.62565381484283 Raw:36.62565381484283 Time:32513 TotalReward:1125.129722199205
STOKE: Battery:0.980000 Level:98
ETask 13-13: Configuration:0 Energy:100.298819438694 Reward:-37.03341025428701 Raw:37.03341025428701 Time:32509 TotalReward:1225.428541637899
STOKE: Battery:0.980000 Level:98
ETask 14-14: Configuration:0 Energy:93.66133251554999 Reward:-34.58264585189538 Raw:34.58264585189538 Time:32512 TotalReward:1319.0898741534488
STOKE: Battery:0.980000 Level:98
ETask 15-15: Configuration:0 Energy:96.47383008311999 Reward:-35.621106492228925 Raw:35.621106492228925 Time:32510 TotalReward:1415.5637042365688
STOKE: Battery:0.970000 Level:97
ETask 16-16: Configuration:0 Energy:99.2852276256 Reward:-36.65916096945231 Raw:36.65916096945231 Time:32511 TotalReward:1514.848931862169
STOKE: Battery:0.970000 Level:97
ETask 17-17: Configuration:0 Energy:100.76133966173998 Reward:-37.20418695202707 Raw:37.20418695202707 Time:32510 TotalReward:1615.610271523909
STOKE: Battery:0.970000 Level:97
ETask 18-18: Configuration:0 Energy:112.3336577043 Reward:-41.47704284466461 Raw:41.47704284466461 Time:32510 TotalReward:1727.943929228209
STOKE: Battery:0.970000 Level:97
ETask 19-19: Configuration:0 Energy:99.91180165248002 Reward:-36.890511379377244 Raw:36.890511379377244 Time:32509 TotalReward:1827.8557308806892
STOKE: Battery:0.960000 Level:96
ETask 20-20: Configuration:0 Energy:99.16033342101599 Reward:-36.61304618622128 Raw:36.61304618622128 Time:32513 TotalReward:1927.0160643017052
STOKE: Battery:0.960000 Level:96
ETask 21-21: Configuration:0 Energy:98.37443218371999 Reward:-36.32286726783508 Raw:36.32286726783508 Time:32509 TotalReward:2025.3904964854253
STOKE: Battery:0.950000 Level:95
ETask 22-22: Configuration:0 Energy:96.367048240904 Reward:-35.58167935048763 Raw:35.58167935048763 Time:32513 TotalReward:2121.7575447263293
STOKE: Battery:0.950000 Level:95
ETask 23-23: Configuration:0 Energy:90.84370642711 Reward:-33.542291603856 Raw:33.542291603856 Time:32509 TotalReward:2212.6012511534395
STOKE: Battery:0.950000 Level:95
ETask 24-24: Configuration:0 Energy:94.905715296287 Reward:-35.04211026324443 Raw:35.04211026324443 Time:32508 TotalReward:2307.5069664497264
STOKE: Battery:0.950000 Level:95
ETask 25-25: Configuration:0 Energy:88.844581541835 Reward:-32.80415318467754 Raw:32.80415318467754 Time:32506 TotalReward:2396.3515479915613
STOKE: Battery:0.950000 Level:95
ETask 26-26: Configuration:0 Energy:88.91418691428001 Reward:-32.829853629888 Raw:32.829853629888 Time:32509 TotalReward:2485.2657349058413
STOKE: Battery:0.950000 Level:95
ETask 27-27: Configuration:0 Energy:87.85459970267199 Reward:-32.438621428678886 Raw:32.438621428678886 Time:32509 TotalReward:2573.1203346085135
STOKE: Battery:0.930000 Level:93
ETask 28-28: Configuration:0 Energy:98.7949622844 Reward:-36.47813992039384 Raw:36.47813992039384 Time:32513 TotalReward:2671.9152968929134
STOKE: Battery:0.930000 Level:93
ETask 29-29: Configuration:0 Energy:93.722861685814 Reward:-34.60536431476209 Raw:34.60536431476209 Time:32511 TotalReward:2765.6381585787276
STOKE: Battery:0.930000 Level:93
ETask 30-30: Configuration:0 Energy:102.42510882902599 Reward:-37.81850172148652 Raw:37.81850172148652 Time:32512 TotalReward:2868.0632674077538
STOKE: Battery:0.930000 Level:93
ETask 31-31: Configuration:0 Energy:96.276290192052 Reward:-35.54816868629613 Raw:35.54816868629613 Time:32510 TotalReward:2964.3395575998056
STOKE: Battery:0.930000 Level:93
ETask 32-32: Configuration:0 Energy:86.9869888206 Reward:-32.118272795298466 Raw:32.118272795298466 Time:32512 TotalReward:3051.3265464204055
STOKE: Battery:0.930000 Level:93
ETask 33-33: Configuration:0 Energy:90.763340738 Reward:-33.51261811864615 Raw:33.51261811864615 Time:32514 TotalReward:3142.0898871584054
STOKE: Battery:0.920000 Level:92
ETask 34-34: Configuration:0 Energy:86.7188648568 Reward:-32.019273177895386 Raw:32.019273177895386 Time:32510 TotalReward:3228.8087520152053
STOKE: Battery:0.920000 Level:92
ETask 35-35: Configuration:0 Energy:89.8099195917 Reward:-33.160585695396925 Raw:33.160585695396925 Time:32514 TotalReward:3318.618671606905
STOKE: Battery:0.920000 Level:92
ETask 36-36: Configuration:0 Energy:86.4119067948 Reward:-31.905934816541546 Raw:31.905934816541546 Time:32514 TotalReward:3405.030578401705
STOKE: Battery:0.920000 Level:92
ETask 37-37: Configuration:0 Energy:86.86658859479998 Reward:-32.07381732731076 Raw:32.07381732731076 Time:32510 TotalReward:3491.897166996505
STOKE: Battery:0.920000 Level:92
ETask 38-38: Configuration:0 Energy:88.26331248000001 Reward:-32.58953076184616 Raw:32.58953076184616 Time:32512 TotalReward:3580.160479476505
STOKE: Battery:0.910000 Level:91
ETask 39-39: Configuration:0 Energy:90.75692621998999 Reward:-33.51024968122707 Raw:33.51024968122707 Time:32509 TotalReward:3670.917405696495
STOKE: Battery:0.910000 Level:91
ETask 40-40: Configuration:0 Energy:98.81374928352001 Reward:-36.48507665853047 Raw:36.48507665853047 Time:32512 TotalReward:3769.7311549800147
STOKE: Battery:0.900000 Level:90
ETask 41-41: Configuration:0 Energy:84.495951047728 Reward:-31.19850500223803 Raw:31.19850500223803 Time:32508 TotalReward:3854.2271060277426
STOKE: Battery:0.900000 Level:90
ETask 42-42: Configuration:0 Energy:86.21667838086 Reward:-31.833850479086774 Raw:31.833850479086774 Time:32511 TotalReward:3940.4437844086024
STOKE: Battery:0.900000 Level:90
ETask 43-43: Configuration:0 Energy:89.37828643425601 Reward:-33.00121345264838 Raw:33.00121345264838 Time:32515 TotalReward:4029.8220708428585
STOKE: Battery:0.900000 Level:90
ETask 44-44: Configuration:0 Energy:104.91997636881601 Reward:-38.73968358233207 Raw:38.73968358233207 Time:32511 TotalReward:4134.742047211675
STOKE: Battery:0.900000 Level:90
ETask 45-45: Configuration:0 Energy:89.07425245390802 Reward:-32.888954752212186 Raw:32.888954752212186 Time:32512 TotalReward:4223.816299665583
STOKE: Battery:0.900000 Level:90
ETask 46-46: Configuration:0 Energy:95.84871402607801 Reward:-35.39029440962881 Raw:35.39029440962881 Time:32506 TotalReward:4319.6650136916605
STOKE: Battery:0.890000 Level:89
ETask 47-47: Configuration:0 Energy:101.76209202744 Reward:-37.573695517824 Raw:37.573695517824 Time:32510 TotalReward:4421.427105719101
STOKE: Battery:0.890000 Level:89
ETask 48-48: Configuration:0 Energy:98.37508727046 Reward:-36.323109146016 Raw:36.323109146016 Time:32510 TotalReward:4519.802192989561
STOKE: Battery:0.890000 Level:89
ETask 49-49: Configuration:0 Energy:96.76898559595799 Reward:-35.73008698927679 Raw:35.73008698927679 Time:32510 TotalReward:4616.571178585519
STOKE: Battery:0.890000 Level:89
ETask 50-50: Configuration:0 Energy:92.38467780126 Reward:-34.111265649696 Raw:34.111265649696 Time:32515 TotalReward:4708.9558563867795
STOKE: Battery:0.890000 Level:89
ETask 51-51: Configuration:0 Energy:96.93054311694 Reward:-35.789738997024 Raw:35.789738997024 Time:32510 TotalReward:4805.886399503719
STOKE: Battery:0.890000 Level:89
ETask 52-52: Configuration:0 Energy:95.13060302592001 Reward:-35.12514573264739 Raw:35.12514573264739 Time:32511 TotalReward:4901.017002529639
STOKE: Battery:0.870000 Level:87
ETask 53-53: Configuration:0 Energy:98.79234790163198 Reward:-36.47717460983335 Raw:36.47717460983335 Time:32512 TotalReward:4999.809350431271
STOKE: Battery:0.870000 Level:87
ETask 54-54: Configuration:0 Energy:89.664219334976 Reward:-33.10678867752959 Raw:33.10678867752959 Time:32513 TotalReward:5089.473569766247
STOKE: Battery:0.870000 Level:87
ETask 55-55: Configuration:0 Energy:91.44308636390402 Reward:-33.76360111897994 Raw:33.76360111897994 Time:32512 TotalReward:5180.916656130151
STOKE: Battery:0.870000 Level:87
ETask 56-56: Configuration:0 Energy:99.42230788761599 Reward:-36.70977522004282 Raw:36.70977522004282 Time:32511 TotalReward:5280.338964017767
STOKE: Battery:0.860000 Level:86
ETask 57-57: Configuration:0 Energy:87.11438046393599 Reward:-32.165309709760976 Raw:32.165309709760976 Time:32513 TotalReward:5367.4533444817025
STOKE: Battery:0.860000 Level:86
ETask 58-58: Configuration:0 Energy:90.404761384 Reward:-33.38021958793846 Raw:33.38021958793846 Time:32516 TotalReward:5457.858105865703
STOKE: Battery:0.860000 Level:86
ETask 59-59: Configuration:0 Energy:94.820094142944 Reward:-35.01049629893317 Raw:35.01049629893317 Time:32514 TotalReward:5552.678200008647
STOKE: Battery:0.860000 Level:86
ETask 60-60: Configuration:0 Energy:91.89885822520802 Reward:-33.93188611392296 Raw:33.93188611392296 Time:32511 TotalReward:5644.577058233855
STOKE: Battery:0.860000 Level:86
ETask 61-61: Configuration:0 Energy:82.60203697555201 Reward:-30.499213652511507 Raw:30.499213652511507 Time:32512 TotalReward:5727.179095209407
STOKE: Battery:0.860000 Level:86
ETask 62-62: Configuration:0 Energy:92.84869561110801 Reward:-34.28259530256296 Raw:34.28259530256296 Time:32510 TotalReward:5820.027790820515
STOKE: Battery:0.860000 Level:86
ETask 63-63: Configuration:0 Energy:100.76897715256001 Reward:-37.20700694863754 Raw:37.20700694863754 Time:32512 TotalReward:5920.7967679730755
STOKE: Battery:0.860000 Level:86
ETask 64-64: Configuration:0 Energy:94.543728978944 Reward:-34.90845377684086 Raw:34.90845377684086 Time:32512 TotalReward:6015.34049695202
STOKE: Battery:0.840000 Level:84
ETask 65-65: Configuration:0 Energy:84.3945797856 Reward:-31.161075613144618 Raw:31.161075613144618 Time:32511 TotalReward:6099.73507673762
STOKE: Battery:0.840000 Level:84
ETask 66-66: Configuration:0 Energy:86.452541572544 Reward:-31.920938426785483 Raw:31.920938426785483 Time:32513 TotalReward:6186.187618310164
STOKE: Battery:0.840000 Level:84
ETask 67-67: Configuration:0 Energy:97.091655195408 Reward:-35.849226533689105 Raw:35.849226533689105 Time:32512 TotalReward:6283.279273505572
STOKE: Battery:0.840000 Level:84
ETask 68-68: Configuration:0 Energy:83.7370071744 Reward:-30.918279572086153 Raw:30.918279572086153 Time:32509 TotalReward:6367.016280679972
STOKE: Battery:0.840000 Level:84
ETask 69-69: Configuration:0 Energy:91.06804971519999 Reward:-33.625126048689225 Raw:33.625126048689225 Time:32506 TotalReward:6458.0843303951715
STOKE: Battery:0.840000 Level:84
ETask 70-70: Configuration:0 Energy:85.301903131648 Reward:-31.49608731014696 Raw:31.49608731014696 Time:32514 TotalReward:6543.3862335268195
STOKE: Battery:0.840000 Level:84
ETask 71-71: Configuration:0 Energy:86.55418106606999 Reward:-31.958466855164303 Raw:31.958466855164303 Time:32511 TotalReward:6629.940414592889
STOKE: Battery:0.820000 Level:82
ETask 72-72: Configuration:0 Energy:85.26086206365 Reward:-31.48093368504 Raw:31.48093368504 Time:32510 TotalReward:6715.201276656539
STOKE: Battery:0.820000 Level:82
ETask 73-73: Configuration:0 Energy:89.84882315111999 Reward:-33.17495008656738 Raw:33.17495008656738 Time:32507 TotalReward:6805.0500998076595
STOKE: Battery:0.820000 Level:82
ETask 74-74: Configuration:0 Energy:85.4278318271 Reward:-31.542584059236923 Raw:31.542584059236923 Time:32512 TotalReward:6890.477931634759
STOKE: Battery:0.820000 Level:82
ETask 75-75: Configuration:0 Energy:84.09815088 Reward:-31.051624940307693 Raw:31.051624940307693 Time:32510 TotalReward:6974.576082514759
STOKE: Battery:0.820000 Level:82
ETask 76-76: Configuration:0 Energy:85.88705041200001 Reward:-31.712141690584616 Raw:31.712141690584616 Time:32512 TotalReward:7060.4631329267595
STOKE: Battery:0.820000 Level:82
ETask 77-77: Configuration:0 Energy:83.71982275761 Reward:-30.911934556656004 Raw:30.911934556656004 Time:32507 TotalReward:7144.1829556843695
STOKE: Battery:0.810000 Level:81
ETask 78-78: Configuration:0 Energy:87.81086432340001 Reward:-32.422472980947695 Raw:32.422472980947695 Time:32508 TotalReward:7231.9938200077695
STOKE: Battery:0.810000 Level:81
ETask 79-79: Configuration:0 Energy:82.80859694345 Reward:-30.575481948350763 Raw:30.575481948350763 Time:32513 TotalReward:7314.802416951219
STOKE: Battery:0.810000 Level:81
ETask 80-80: Configuration:0 Energy:83.281822858715 Reward:-30.75021151706401 Raw:30.75021151706401 Time:32509 TotalReward:7398.084239809934
STOKE: Battery:0.810000 Level:81
ETask 81-81: Configuration:0 Energy:84.65757400548 Reward:-31.258181171254154 Raw:31.258181171254154 Time:32514 TotalReward:7482.7418138154135
STOKE: Battery:0.810000 Level:81
ETask 82-82: Configuration:0 Energy:88.252384544385 Reward:-32.585495831772924 Raw:32.585495831772924 Time:32509 TotalReward:7570.994198359798
STOKE: Battery:0.810000 Level:81
ETask 83-83: Configuration:0 Energy:88.694604382272 Reward:-32.74877700268505 Raw:32.74877700268505 Time:32513 TotalReward:7659.68880274207
STOKE: Battery:0.790000 Level:79
ETask 84-84: Configuration:0 Energy:85.37172810952801 Reward:-31.521868840441112 Raw:31.521868840441112 Time:32509 TotalReward:7745.060530851598
STOKE: Battery:0.790000 Level:79
ETask 85-85: Configuration:0 Energy:84.740468442056 Reward:-31.288788347836057 Raw:31.288788347836057 Time:32511 TotalReward:7829.800999293654
STOKE: Battery:0.790000 Level:79
ETask 86-86: Configuration:0 Energy:83.17915701312 Reward:-30.71230412792123 Raw:30.71230412792123 Time:32511 TotalReward:7912.980156306774
STOKE: Battery:0.790000 Level:79
ETask 87-87: Configuration:0 Energy:89.396687333016 Reward:-33.00800763065207 Raw:33.00800763065207 Time:32513 TotalReward:8002.37684363979
STOKE: Battery:0.790000 Level:79
ETask 88-88: Configuration:0 Energy:84.34583417226399 Reward:-31.143077232835935 Raw:31.143077232835935 Time:32513 TotalReward:8086.722677812055
STOKE: Battery:0.790000 Level:79
ETask 89-89: Configuration:0 Energy:81.07503572857 Reward:-29.935397807472 Raw:29.935397807472 Time:32510 TotalReward:8167.7977135406245
STOKE: Battery:0.780000 Level:78
ETask 90-90: Configuration:0 Energy:85.28911435616001 Reward:-31.491365300736003 Raw:31.491365300736003 Time:32517 TotalReward:8253.086827896785
STOKE: Battery:0.780000 Level:78
ETask 91-91: Configuration:0 Energy:94.61696639109002 Reward:-34.935495282864004 Raw:34.935495282864004 Time:32517 TotalReward:8347.703794287874
STOKE: Battery:0.780000 Level:78
ETask 92-92: Configuration:0 Energy:93.3906700571 Reward:-34.48270894416 Raw:34.48270894416 Time:32511 TotalReward:8441.094464344975
STOKE: Battery:0.780000 Level:78
ETask 93-93: Configuration:0 Energy:88.06188612864999 Reward:-32.51515795519385 Raw:32.51515795519385 Time:32511 TotalReward:8529.156350473624
STOKE: Battery:0.770000 Level:77
ETask 94-94: Configuration:0 Energy:94.35336957765 Reward:-34.83816722867077 Raw:34.83816722867077 Time:32510 TotalReward:8623.509720051274
STOKE: Battery:0.770000 Level:77
ETask 95-95: Configuration:0 Energy:84.797984601792 Reward:-31.31002508373858 Raw:31.31002508373858 Time:32513 TotalReward:8708.307704653065
STOKE: Battery:0.760000 Level:76
ETask 96-96: Configuration:0 Energy:103.22275126917602 Reward:-38.113015853234224 Raw:38.113015853234224 Time:32506 TotalReward:8811.53045592224
STOKE: Battery:0.760000 Level:76
ETask 97-97: Configuration:0 Energy:87.35123638962 Reward:-32.25276420539815 Raw:32.25276420539815 Time:32512 TotalReward:8898.881692311861
STOKE: Battery:0.760000 Level:76
ETask 98-98: Configuration:0 Energy:84.78894420687598 Reward:-31.30668709176959 Raw:31.30668709176959 Time:32509 TotalReward:8983.670636518737
STOKE: Battery:0.760000 Level:76
ETask 99-99: Configuration:0 Energy:95.57891826865199 Reward:-35.290677514579194 Raw:35.290677514579194 Time:32508 TotalReward:9079.249554787388
STOKE: Battery:0.760000 Level:76
ETask 100-100: Configuration:0 Energy:89.74677108490799 Reward:-33.13726932365834 Raw:33.13726932365834 Time:32511 TotalReward:9168.996325872296
STOKE: Battery:0.760000 Level:76
ETask 101-101: Configuration:0 Energy:89.1090554463 Reward:-32.90180508786462 Raw:32.90180508786462 Time:32511 TotalReward:9258.105381318597
STOKE: Battery:0.750000 Level:75
ETask 102-102: Configuration:0 Energy:85.98857051484002 Reward:-31.74962603624863 Raw:31.74962603624863 Time:32512 TotalReward:9344.093951833438
STOKE: Battery:0.750000 Level:75
ETask 103-103: Configuration:0 Energy:84.771488862 Reward:-31.300242041353844 Raw:31.300242041353844 Time:32510 TotalReward:9428.865440695437
STOKE: Battery:0.750000 Level:75
ETask 104-104: Configuration:0 Energy:84.51805432320002 Reward:-31.206666211643086 Raw:31.206666211643086 Time:32510 TotalReward:9513.383495018637
STOKE: Battery:0.750000 Level:75
ETask 105-105: Configuration:0 Energy:100.87326704568 Reward:-37.24551398609723 Raw:37.24551398609723 Time:32510 TotalReward:9614.256762064317
STOKE: Battery:0.750000 Level:75
ETask 106-106: Configuration:0 Energy:86.01432856014002 Reward:-31.759136699128618 Raw:31.759136699128618 Time:32507 TotalReward:9700.271090624457
STOKE: Battery:0.750000 Level:75
ETask 107-107: Configuration:0 Energy:86.0435291496 Reward:-31.769918455236922 Raw:31.769918455236922 Time:32512 TotalReward:9786.314619774057
STOKE: Battery:0.730000 Level:73
ETask 108-108: Configuration:0 Energy:84.14692428766801 Reward:-31.069633583138955 Raw:31.069633583138955 Time:32512 TotalReward:9870.461544061725
STOKE: Battery:0.730000 Level:73
ETask 109-109: Configuration:0 Energy:86.1988941 Reward:-31.82728397538462 Raw:31.82728397538462 Time:32512 TotalReward:9956.660438161725
STOKE: Battery:0.730000 Level:73
ETask 110-110: Configuration:0 Energy:81.01819685718 Reward:-29.914411147266463 Raw:29.914411147266463 Time:32514 TotalReward:10037.678635018905
STOKE: Battery:0.730000 Level:73
ETask 111-111: Configuration:0 Energy:89.6680257472 Reward:-33.10819412204308 Raw:33.10819412204308 Time:32515 TotalReward:10127.346660766105
STOKE: Battery:0.720000 Level:72
ETask 112-112: Configuration:0 Energy:86.631477104128 Reward:-31.98700693075495 Raw:31.98700693075495 Time:32515 TotalReward:10213.978137870234
STOKE: Battery:0.720000 Level:72
ETask 113-113: Configuration:0 Energy:82.217914636736 Reward:-30.357383865871757 Raw:30.357383865871757 Time:32512 TotalReward:10296.19605250697
STOKE: Battery:0.720000 Level:72
ETask 114-114: Configuration:0 Energy:87.43780408330801 Reward:-32.28472766152911 Raw:32.28472766152911 Time:32512 TotalReward:10383.633856590277
STOKE: Battery:0.710000 Level:71
ETask 115-115: Configuration:0 Energy:85.24133121735 Reward:-31.473722295636918 Raw:31.473722295636918 Time:32517 TotalReward:10468.875187807627
STOKE: Battery:0.710000 Level:71
ETask 116-116: Configuration:0 Energy:83.755050333696 Reward:-30.924941661672378 Raw:30.924941661672378 Time:32510 TotalReward:10552.630238141322
STOKE: Battery:0.710000 Level:71
ETask 117-117: Configuration:0 Energy:83.64011924834999 Reward:-30.882505568621536 Raw:30.882505568621536 Time:32510 TotalReward:10636.270357389672
STOKE: Battery:0.710000 Level:71
ETask 118-118: Configuration:0 Energy:99.52279819965 Reward:-36.74687933525538 Raw:36.74687933525538 Time:32511 TotalReward:10735.793155589323
STOKE: Battery:0.710000 Level:71
ETask 119-119: Configuration:0 Energy:85.505726974626 Reward:-31.571345344477294 Raw:31.571345344477294 Time:32511 TotalReward:10821.29888256395
STOKE: Battery:0.710000 Level:71
ETask 120-120: Configuration:0 Energy:88.453592449244 Reward:-32.65978798125932 Raw:32.65978798125932 Time:32508 TotalReward:10909.752475013194
STOKE: Battery:0.700000 Level:70
ETask 121-121: Configuration:0 Energy:85.027797293824 Reward:-31.394879000796557 Raw:31.394879000796557 Time:32506 TotalReward:10994.780272307018
STOKE: Battery:0.700000 Level:70
ETask 122-122: Configuration:0 Energy:87.372076868802 Reward:-32.26045915155766 Raw:32.26045915155766 Time:32507 TotalReward:11082.15234917582
STOKE: Battery:0.700000 Level:70
ETask 123-123: Configuration:0 Energy:91.299932574213 Reward:-33.710744335094034 Raw:33.710744335094034 Time:32512 TotalReward:11173.452281750033
STOKE: Battery:0.700000 Level:70
ETask 124-124: Configuration:0 Energy:95.95729803196899 Reward:-35.43038696565009 Raw:35.43038696565009 Time:32512 TotalReward:11269.409579782001
STOKE: Battery:0.700000 Level:70
ETask 125-125: Configuration:0 Energy:107.273983999644 Reward:-39.608855630637784 Raw:39.608855630637784 Time:32510 TotalReward:11376.683563781646
STOKE: Battery:0.700000 Level:70
ETask 126-126: Configuration:0 Energy:103.96643497405 Reward:-38.38760675964922 Raw:38.38760675964922 Time:32511 TotalReward:11480.649998755696
STOKE: Battery:0.680000 Level:68
ETask 127-127: Configuration:0 Energy:87.99202947524998 Reward:-32.48936472932308 Raw:32.48936472932308 Time:32516 TotalReward:11568.642028230946
STOKE: Battery:0.680000 Level:68
ETask 128-128: Configuration:0 Energy:90.71390926643 Reward:-33.494366498374156 Raw:33.494366498374156 Time:32509 TotalReward:11659.355937497376
STOKE: Battery:0.680000 Level:68
ETask 129-129: Configuration:0 Energy:83.856054982322 Reward:-30.96223568578043 Raw:30.96223568578043 Time:32514 TotalReward:11743.211992479697
STOKE: Battery:0.680000 Level:68
ETask 130-130: Configuration:0 Energy:86.93200548317598 Reward:-32.09797125532652 Raw:32.09797125532652 Time:32511 TotalReward:11830.143997962872
STOKE: Battery:0.680000 Level:68
ETask 131-131: Configuration:0 Energy:84.476314993506 Reward:-31.191254766832984 Raw:31.191254766832984 Time:32512 TotalReward:11914.620312956378
STOKE: Battery:0.680000 Level:68
ETask 132-132: Configuration:0 Energy:82.64672444492399 Reward:-30.5157136412027 Raw:30.5157136412027 Time:32511 TotalReward:11997.267037401301
STOKE: Battery:0.670000 Level:67
ETask 133-133: Configuration:0 Energy:88.39277482274399 Reward:-32.637332242243936 Raw:32.637332242243936 Time:32513 TotalReward:12085.659812224045
STOKE: Battery:0.670000 Level:67
ETask 134-134: Configuration:0 Energy:94.401384739308 Reward:-34.85589590374449 Raw:34.85589590374449 Time:32511 TotalReward:12180.061196963352
STOKE: Battery:0.670000 Level:67
ETask 135-135: Configuration:0 Energy:95.156810236344 Reward:-35.134822241111635 Raw:35.134822241111635 Time:32514 TotalReward:12275.218007199695
STOKE: Battery:0.670000 Level:67
ETask 136-136: Configuration:0 Energy:87.361589192436 Reward:-32.25658677874561 Raw:32.25658677874561 Time:32514 TotalReward:12362.579596392132
STOKE: Battery:0.670000 Level:67
ETask 137-137: Configuration:0 Energy:83.81041053781198 Reward:-30.94538235242288 Raw:30.94538235242288 Time:32512 TotalReward:12446.390006929943
STOKE: Battery:0.650000 Level:65
ETask 138-138: Configuration:0 Energy:86.27362323888 Reward:-31.85487627281723 Raw:31.85487627281723 Time:32512 TotalReward:12532.663630168823
STOKE: Battery:0.650000 Level:65
ETask 139-139: Configuration:0 Energy:90.81604062138399 Reward:-33.53207653712639 Raw:33.53207653712639 Time:32513 TotalReward:12623.479670790208
STOKE: Battery:0.650000 Level:65
ETask 140-140: Configuration:0 Energy:93.06881133984 Reward:-34.36386880240246 Raw:34.36386880240246 Time:32508 TotalReward:12716.548482130047
STOKE: Battery:0.650000 Level:65
ETask 141-141: Configuration:0 Energy:84.90278335473599 Reward:-31.348720007902518 Raw:31.348720007902518 Time:32513 TotalReward:12801.451265484782
STOKE: Battery:0.650000 Level:65
ETask 142-142: Configuration:0 Energy:83.41863909889999 Reward:-30.80072828267076 Raw:30.80072828267076 Time:32509 TotalReward:12884.869904583682
STOKE: Battery:0.650000 Level:65
ETask 143-143: Configuration:0 Energy:85.82131648075999 Reward:-31.68787070058831 Raw:31.68787070058831 Time:32510 TotalReward:12970.691221064442
STOKE: Battery:0.640000 Level:64
ETask 144-144: Configuration:0 Energy:87.3435459908 Reward:-32.24992467352615 Raw:32.24992467352615 Time:32507 TotalReward:13058.034767055242
STOKE: Battery:0.640000 Level:64
ETask 145-145: Configuration:0 Energy:85.79712172752001 Reward:-31.67893725323816 Raw:31.67893725323816 Time:32508 TotalReward:13143.831888782763
STOKE: Battery:0.640000 Level:64
ETask 146-146: Configuration:0 Energy:90.16483626132002 Reward:-33.291631850333545 Raw:33.291631850333545 Time:32509 TotalReward:13233.996725044082
STOKE: Battery:0.640000 Level:64
ETask 147-147: Configuration:0 Energy:87.625513196984 Reward:-32.35403564196332 Raw:32.35403564196332 Time:32512 TotalReward:13321.622238241067
STOKE: Battery:0.640000 Level:64
ETask 148-148: Configuration:0 Energy:91.60141079965202 Reward:-33.822059372179204 Raw:33.822059372179204 Time:32514 TotalReward:13413.22364904072
STOKE: Battery:0.620000 Level:62
ETask 149-149: Configuration:0 Energy:97.430249555535 Reward:-35.974245989736 Raw:35.974245989736 Time:32510 TotalReward:13510.653898596254
STOKE: Battery:0.620000 Level:62
ETask 150-150: Configuration:0 Energy:91.085423121524 Reward:-33.63154084487039 Raw:33.63154084487039 Time:32513 TotalReward:13601.739321717778
STOKE: Battery:0.620000 Level:62
ETask 151-151: Configuration:0 Energy:98.875831290236 Reward:-36.5079992456256 Raw:36.5079992456256 Time:32513 TotalReward:13700.615153008013
STOKE: Battery:0.620000 Level:62
ETask 152-152: Configuration:0 Energy:91.237353146368 Reward:-33.687638084812804 Raw:33.687638084812804 Time:32517 TotalReward:13791.85250615438
STOKE: Battery:0.620000 Level:62
ETask 153-153: Configuration:0 Energy:92.81122392461401 Reward:-34.2687596029344 Raw:34.2687596029344 Time:32513 TotalReward:13884.663730078995
STOKE: Battery:0.620000 Level:62
ETask 154-154: Configuration:0 Energy:89.27650939872602 Reward:-32.96363423952961 Raw:32.96363423952961 Time:32514 TotalReward:13973.94023947772
STOKE: Battery:0.600000 Level:60
ETask 155-155: Configuration:0 Energy:83.45048314590001 Reward:-30.812486084640003 Raw:30.812486084640003 Time:32514 TotalReward:14057.39072262362
STOKE: Battery:0.600000 Level:60
ETask 156-156: Configuration:0 Energy:91.481627939224 Reward:-33.7778318544827 Raw:33.7778318544827 Time:32509 TotalReward:14148.872350562844
STOKE: Battery:0.600000 Level:60
ETask 157-157: Configuration:0 Energy:86.715168612 Reward:-32.01790841058461 Raw:32.01790841058461 Time:32511 TotalReward:14235.587519174844
STOKE: Battery:0.600000 Level:60
ETask 158-158: Configuration:0 Energy:97.64499874379999 Reward:-36.05353799771077 Raw:36.05353799771077 Time:32516 TotalReward:14333.232517918645
STOKE: Battery:0.600000 Level:60
ETask 159-159: Configuration:0 Energy:85.322739255632 Reward:-31.503780648233352 Raw:31.503780648233352 Time:32511 TotalReward:14418.555257174277
STOKE: Battery:0.600000 Level:60
ETask 160-160: Configuration:0 Energy:83.47836888818 Reward:-30.822782358712615 Raw:30.822782358712615 Time:32512 TotalReward:14502.033626062457
STOKE: Battery:0.590000 Level:59
ETask 161-161: Configuration:0 Energy:84.371066121552 Reward:-31.15239364488074 Raw:31.15239364488074 Time:32513 TotalReward:14586.404692184009
STOKE: Battery:0.590000 Level:59
ETask 162-162: Configuration:0 Energy:83.346594056348 Reward:-30.77412703619003 Raw:30.77412703619003 Time:32510 TotalReward:14669.751286240356
STOKE: Battery:0.590000 Level:59
ETask 163-163: Configuration:0 Energy:86.16267339987999 Reward:-31.813910178417228 Raw:31.813910178417228 Time:32508 TotalReward:14755.913959640236
STOKE: Battery:0.590000 Level:59
ETask 164-164: Configuration:0 Energy:84.87684812384401 Reward:-31.339143922650095 Raw:31.339143922650095 Time:32513 TotalReward:14840.79080776408
STOKE: Battery:0.590000 Level:59
ETask 165-165: Configuration:0 Energy:83.36884231137 Reward:-30.782341776505852 Raw:30.782341776505852 Time:32509 TotalReward:14924.159650075451
STOKE: Battery:0.590000 Level:59
ETask 166-166: Configuration:0 Energy:94.90741238325602 Reward:-35.04273687997144 Raw:35.04273687997144 Time:32507 TotalReward:15019.067062458707
STOKE: Battery:0.570000 Level:57
ETask 167-167: Configuration:0 Energy:89.13110658606 Reward:-32.909947047160614 Raw:32.909947047160614 Time:32510 TotalReward:15108.198169044766
STOKE: Battery:0.570000 Level:57
ETask 168-168: Configuration:0 Energy:86.391329925186 Reward:-31.898337203145598 Raw:31.898337203145598 Time:32514 TotalReward:15194.589498969952
STOKE: Battery:0.570000 Level:57
ETask 169-169: Configuration:0 Energy:100.98657575128797 Reward:-37.287351046629404 Raw:37.287351046629404 Time:32512 TotalReward:15295.576074721239
STOKE: Battery:0.570000 Level:57
ETask 170-170: Configuration:0 Energy:89.81843536764 Reward:-33.163729981897845 Raw:33.163729981897845 Time:32511 TotalReward:15385.39451008888
STOKE: Battery:0.570000 Level:57
ETask 171-171: Configuration:0 Energy:85.760573836446 Reward:-31.665442647303134 Raw:31.665442647303134 Time:32511 TotalReward:15471.155083925325
STOKE: Battery:0.560000 Level:56
ETask 172-172: Configuration:0 Energy:89.76778992505798 Reward:-33.14503012617526 Raw:33.14503012617526 Time:32513 TotalReward:15560.922873850383
STOKE: Battery:0.560000 Level:56
ETask 173-173: Configuration:0 Energy:93.08165166431999 Reward:-34.36860984528738 Raw:34.36860984528738 Time:32507 TotalReward:15654.004525514703
STOKE: Battery:0.560000 Level:56
ETask 174-174: Configuration:0 Energy:97.24716976248001 Reward:-35.90664729691569 Raw:35.90664729691569 Time:32511 TotalReward:15751.251695277184
STOKE: Battery:0.560000 Level:56
ETask 175-175: Configuration:0 Energy:84.324900908781 Reward:-31.135348027857606 Raw:31.135348027857606 Time:32511 TotalReward:15835.576596185965
STOKE: Battery:0.560000 Level:56
ETask 176-176: Configuration:0 Energy:95.138583677424 Reward:-35.12809243474117 Raw:35.12809243474117 Time:32510 TotalReward:15930.71517986339
STOKE: Battery:0.560000 Level:56
ETask 177-177: Configuration:0 Energy:85.61443837993198 Reward:-31.61148494028258 Raw:31.61148494028258 Time:32513 TotalReward:16016.329618243322
STOKE: Battery:0.540000 Level:54
ETask 178-178: Configuration:0 Energy:86.86265094797399 Reward:-32.07236342694424 Raw:32.07236342694424 Time:32511 TotalReward:16103.192269191297
STOKE: Battery:0.540000 Level:54
ETask 179-179: Configuration:0 Energy:83.073045486024 Reward:-30.673124487147323 Raw:30.673124487147323 Time:32512 TotalReward:16186.265314677321
STOKE: Battery:0.540000 Level:54
ETask 180-180: Configuration:0 Energy:91.11899877755398 Reward:-33.64393801017377 Raw:33.64393801017377 Time:32512 TotalReward:16277.384313454875
STOKE: Battery:0.540000 Level:54
ETask 181-181: Configuration:0 Energy:85.86005226479999 Reward:-31.70217314392615 Raw:31.70217314392615 Time:32507 TotalReward:16363.244365719675
STOKE: Battery:0.540000 Level:54
ETask 182-182: Configuration:0 Energy:87.689461035726 Reward:-32.37764715165268 Raw:32.37764715165268 Time:32513 TotalReward:16450.9338267554
STOKE: Battery:0.540000 Level:54
ETask 183-183: Configuration:0 Energy:82.9531650942 Reward:-30.628860957858464 Raw:30.628860957858464 Time:32513 TotalReward:16533.886991849602
STOKE: Battery:0.530000 Level:53
ETask 184-184: Configuration:0 Energy:90.39318330188998 Reward:-33.37594460377476 Raw:33.37594460377476 Time:32515 TotalReward:16624.280175151493
STOKE: Battery:0.530000 Level:53
ETask 185-185: Configuration:0 Energy:84.10547500125 Reward:-31.054329231230767 Raw:31.054329231230767 Time:32512 TotalReward:16708.385650152744
STOKE: Battery:0.520000 Level:52
ETask 186-186: Configuration:0 Energy:84.24348465749999 Reward:-31.105286642769233 Raw:31.105286642769233 Time:32513 TotalReward:16792.629134810246
STOKE: Battery:0.520000 Level:52
ETask 187-187: Configuration:0 Energy:93.90321273375001 Reward:-34.67195547092309 Raw:34.67195547092309 Time:32516 TotalReward:16886.532347543995
STOKE: Battery:0.520000 Level:52
ETask 188-188: Configuration:0 Energy:85.72702709999999 Reward:-31.653056159999995 Raw:31.653056159999995 Time:32507 TotalReward:16972.259374643996
STOKE: Battery:0.520000 Level:52
ETask 189-189: Configuration:0 Energy:85.97013841489999 Reward:-31.74282033780923 Raw:31.74282033780923 Time:32513 TotalReward:17058.229513058897
STOKE: Battery:0.510000 Level:51
ETask 190-190: Configuration:0 Energy:92.41040208168 Reward:-34.12076384554339 Raw:34.12076384554339 Time:32513 TotalReward:17150.63991514058
STOKE: Battery:0.510000 Level:51
ETask 191-191: Configuration:0 Energy:104.43485074229999 Reward:-38.560560274080004 Raw:38.560560274080004 Time:32513 TotalReward:17255.074765882877
STOKE: Battery:0.510000 Level:51
ETask 192-192: Configuration:0 Energy:97.61496380337799 Reward:-36.042448173554945 Raw:36.042448173554945 Time:32508 TotalReward:17352.689729686255
STOKE: Battery:0.510000 Level:51
ETask 193-193: Configuration:0 Energy:102.98539153199799 Reward:-38.025375334891564 Raw:38.025375334891564 Time:32511 TotalReward:17455.675121218253
STOKE: Battery:0.510000 Level:51
ETask 194-194: Configuration:0 Energy:103.08434986443602 Reward:-38.061913796099454 Raw:38.061913796099454 Time:32510 TotalReward:17558.75947108269
STOKE: Battery:0.500000 Level:50
ETask 195-195: Configuration:0 Energy:85.647711534664 Reward:-31.62377041279902 Raw:31.62377041279902 Time:32511 TotalReward:17644.407182617353
STOKE: Battery:0.500000 Level:50
ETask 196-196: Configuration:0 Energy:93.189131949096 Reward:-34.40829487351236 Raw:34.40829487351236 Time:32510 TotalReward:17737.59631456645
STOKE: Battery:0.500000 Level:50
ETask 197-197: Configuration:0 Energy:100.976510048376 Reward:-37.28363447940037 Raw:37.28363447940037 Time:32511 TotalReward:17838.572824614825
STOKE: Battery:0.500000 Level:50
ETask 198-198: Configuration:0 Energy:82.852698173896 Reward:-30.591765479592368 Raw:30.591765479592368 Time:32514 TotalReward:17921.425522788722
STOKE: Battery:0.500000 Level:50
ETask 199-199: Configuration:0 Energy:115.5765984798 Reward:-42.67443636177231 Raw:42.67443636177231 Time:32514 TotalReward:18037.002121268524
STOKE: Battery:0.500000 Level:50
ETask 200-200: Configuration:0 Energy:84.029326299558 Reward:-31.026212787529104 Raw:31.026212787529104 Time:32509 TotalReward:18121.031447568083
STOKE: Battery:0.480000 Level:48
ETask 201-201: Configuration:0 Energy:83.30838982525799 Reward:-30.7600208585568 Raw:30.7600208585568 Time:32508 TotalReward:18204.33983739334
STOKE: Battery:0.480000 Level:48
ETask 202-202: Configuration:0 Energy:94.91314311430202 Reward:-35.044852842203824 Raw:35.044852842203824 Time:32507 TotalReward:18299.252980507645
STOKE: Battery:0.480000 Level:48
ETask 203-203: Configuration:0 Energy:85.521544598736 Reward:-31.577185697994835 Raw:31.577185697994835 Time:32512 TotalReward:18384.774525106382
STOKE: Battery:0.480000 Level:48
ETask 204-204: Configuration:0 Energy:82.8177314404 Reward:-30.578854685686153 Raw:30.578854685686153 Time:32511 TotalReward:18467.59225654678
STOKE: Battery:0.470000 Level:47
ETask 205-205: Configuration:0 Energy:82.91518623757801 Reward:-30.614837995413428 Raw:30.614837995413428 Time:32511 TotalReward:18550.507442784357
STOKE: Battery:0.470000 Level:47
ETask 206-206: Configuration:0 Energy:84.16098335736 Reward:-31.074824624256003 Raw:31.074824624256003 Time:32510 TotalReward:18634.668426141718
STOKE: Battery:0.460000 Level:46
ETask 207-207: Configuration:0 Energy:81.198892010817 Reward:-29.98112935784013 Raw:29.98112935784013 Time:32512 TotalReward:18715.867318152534
STOKE: Battery:0.460000 Level:46
ETask 208-208: Configuration:0 Energy:85.805129297538 Reward:-31.681893894475568 Raw:31.681893894475568 Time:32513 TotalReward:18801.672447450073
STOKE: Battery:0.460000 Level:46
ETask 209-209: Configuration:0 Energy:81.25425871069501 Reward:-30.001572447025847 Raw:30.001572447025847 Time:32513 TotalReward:18882.926706160768
STOKE: Battery:0.460000 Level:46
ETask 210-210: Configuration:0 Energy:84.46383487174501 Reward:-31.186646721875082 Raw:31.186646721875082 Time:32513 TotalReward:18967.390541032513
STOKE: Battery:0.460000 Level:46
ETask 211-211: Configuration:0 Energy:83.444740889328 Reward:-30.810365866828796 Raw:30.810365866828796 Time:32506 TotalReward:19050.83528192184
STOKE: Battery:0.460000 Level:46
ETask 212-212: Configuration:0 Energy:98.0057465688 Reward:-36.18673719463385 Raw:36.18673719463385 Time:32512 TotalReward:19148.841028490642
STOKE: Battery:0.450000 Level:45
ETask 213-213: Configuration:0 Energy:85.45942137627999 Reward:-31.554247892780303 Raw:31.554247892780303 Time:32511 TotalReward:19234.30044986692
STOKE: Battery:0.450000 Level:45
ETask 214-214: Configuration:0 Energy:92.26273152347999 Reward:-34.06623933174645 Raw:34.06623933174645 Time:32510 TotalReward:19326.5631813904
STOKE: Battery:0.450000 Level:45
ETask 215-215: Configuration:0 Energy:99.27929436648999 Reward:-36.65697022762708 Raw:36.65697022762708 Time:32512 TotalReward:19425.84247575689
STOKE: Battery:0.450000 Level:45
ETask 216-216: Configuration:0 Energy:97.59467562306 Reward:-36.03495715312985 Raw:36.03495715312985 Time:32514 TotalReward:19523.43715137995
STOKE: Battery:0.450000 Level:45
ETask 217-217: Configuration:0 Energy:92.14864122816 Reward:-34.024113684243694 Raw:34.024113684243694 Time:32509 TotalReward:19615.585792608108
STOKE: Battery:0.430000 Level:43
ETask 218-218: Configuration:0 Energy:91.194215424408 Reward:-33.671710310550644 Raw:33.671710310550644 Time:32510 TotalReward:19706.780008032518
STOKE: Battery:0.430000 Level:43
ETask 219-219: Configuration:0 Energy:105.42454798788 Reward:-38.92598694937108 Raw:38.92598694937108 Time:32512 TotalReward:19812.2045560204
STOKE: Battery:0.430000 Level:43
ETask 220-220: Configuration:0 Energy:89.03636710308001 Reward:-32.87496631498339 Raw:32.87496631498339 Time:32509 TotalReward:19901.240923123478
STOKE: Battery:0.430000 Level:43
ETask 221-221: Configuration:0 Energy:100.638806700375 Reward:-37.15894401244615 Raw:37.15894401244615 Time:32513 TotalReward:20001.879729823853
STOKE: Battery:0.430000 Level:43
ETask 222-222: Configuration:0 Energy:106.27427087647202 Reward:-39.239730785158905 Raw:39.239730785158905 Time:32513 TotalReward:20108.154000700324
STOKE: Battery:0.420000 Level:42
ETask 223-223: Configuration:0 Energy:85.86164404164 Reward:-31.702760876913235 Raw:31.702760876913235 Time:32513 TotalReward:20194.015644741965
STOKE: Battery:0.420000 Level:42
ETask 224-224: Configuration:0 Energy:83.28441195072601 Reward:-30.751167489498833 Raw:30.751167489498833 Time:32512 TotalReward:20277.30005669269
STOKE: Battery:0.420000 Level:42
ETask 225-225: Configuration:0 Energy:90.13466055776 Reward:-33.280490052096 Raw:33.280490052096 Time:32511 TotalReward:20367.43471725045
STOKE: Battery:0.420000 Level:42
ETask 226-226: Configuration:0 Energy:99.48514035190799 Reward:-36.732974899166024 Raw:36.732974899166024 Time:32511 TotalReward:20466.91985760236
STOKE: Battery:0.420000 Level:42
ETask 227-227: Configuration:0 Energy:85.04796871672401 Reward:-31.402326910790404 Raw:31.402326910790404 Time:32515 TotalReward:20551.967826319084
STOKE: Battery:0.420000 Level:42
ETask 228-228: Configuration:0 Energy:85.207551995468 Reward:-31.46124996755741 Raw:31.46124996755741 Time:32510 TotalReward:20637.17537831455
STOKE: Battery:0.420000 Level:42
ETask 229-229: Configuration:0 Energy:85.37203899642 Reward:-31.52198362944739 Raw:31.52198362944739 Time:32511 TotalReward:20722.54741731097
STOKE: Battery:0.400000 Level:40
ETask 230-230: Configuration:0 Energy:82.5769683684 Reward:-30.48995755140923 Raw:30.48995755140923 Time:32513 TotalReward:20805.12438567937
STOKE: Battery:0.400000 Level:40
ETask 231-231: Configuration:0 Energy:82.36261332606999 Reward:-30.41081107424123 Raw:30.41081107424123 Time:32512 TotalReward:20887.48699900544
STOKE: Battery:0.400000 Level:40
ETask 232-232: Configuration:0 Energy:83.54327966127 Reward:-30.846749413392004 Raw:30.846749413392004 Time:32514 TotalReward:20971.03027866671
STOKE: Battery:0.400000 Level:40
ETask 233-233: Configuration:0 Energy:84.94104773462 Reward:-31.362848394321233 Raw:31.362848394321233 Time:32510 TotalReward:21055.97132640133
STOKE: Battery:0.400000 Level:40
ETask 234-234: Configuration:0 Energy:89.44886683622398 Reward:-33.027273908759625 Raw:33.027273908759625 Time:32504 TotalReward:21145.420193237554
STOKE: Battery:0.390000 Level:39
ETask 235-235: Configuration:0 Energy:95.80119305208198 Reward:-35.37274820384565 Raw:35.37274820384565 Time:32513 TotalReward:21241.221386289635
STOKE: Battery:0.390000 Level:39
ETask 236-236: Configuration:0 Energy:103.81058941271198 Reward:-38.33006378315519 Raw:38.33006378315519 Time:32506 TotalReward:21345.031975702346
STOKE: Battery:0.390000 Level:39
ETask 237-237: Configuration:0 Energy:91.533178721203 Reward:-33.796865989367255 Raw:33.796865989367255 Time:32510 TotalReward:21436.565154423548
STOKE: Battery:0.390000 Level:39
ETask 238-238: Configuration:0 Energy:87.89063676884399 Reward:-32.45192742234239 Raw:32.45192742234239 Time:32513 TotalReward:21524.45579119239
STOKE: Battery:0.390000 Level:39
ETask 239-239: Configuration:0 Energy:92.45704942495101 Reward:-34.137987479981916 Raw:34.137987479981916 Time:32512 TotalReward:21616.91284061734
STOKE: Battery:0.390000 Level:39
ETask 240-240: Configuration:0 Energy:84.511563048192 Reward:-31.20426943317858 Raw:31.20426943317858 Time:32514 TotalReward:21701.424403665533
STOKE: Battery:0.370000 Level:37
ETask 241-241: Configuration:0 Energy:85.15460600640002 Reward:-31.44170067928616 Raw:31.44170067928616 Time:32512 TotalReward:21786.579009671932
STOKE: Battery:0.370000 Level:37
ETask 242-242: Configuration:0 Energy:88.42252516269001 Reward:-32.648316983147076 Raw:32.648316983147076 Time:32514 TotalReward:21875.00153483462
STOKE: Battery:0.370000 Level:37
ETask 243-243: Configuration:0 Energy:81.87670220039999 Reward:-30.231397735532305 Raw:30.231397735532305 Time:32513 TotalReward:21956.87823703502
STOKE: Battery:0.370000 Level:37
ETask 244-244: Configuration:0 Energy:82.13461455522001 Reward:-30.326626912696625 Raw:30.326626912696625 Time:32507 TotalReward:22039.01285159024
STOKE: Battery:0.370000 Level:37
ETask 245-245: Configuration:0 Energy:83.56229064268801 Reward:-30.853768852684805 Raw:30.853768852684805 Time:32515 TotalReward:22122.575142232927
STOKE: Battery:0.350000 Level:35
ETask 246-246: Configuration:0 Energy:83.380515031476 Reward:-30.7866517039296 Raw:30.7866517039296 Time:32511 TotalReward:22205.955657264403
STOKE: Battery:0.350000 Level:35
ETask 247-247: Configuration:0 Energy:96.679707377448 Reward:-35.697122723980804 Raw:35.697122723980804 Time:32514 TotalReward:22302.63536464185
STOKE: Battery:0.350000 Level:35
ETask 248-248: Configuration:0 Energy:82.6191752334 Reward:-30.505541624639996 Raw:30.505541624639996 Time:32511 TotalReward:22385.25453987525
STOKE: Battery:0.350000 Level:35
ETask 249-249: Configuration:0 Energy:83.82736279632 Reward:-30.951641647872002 Raw:30.951641647872002 Time:32512 TotalReward:22469.081902671573
STOKE: Battery:0.350000 Level:35
ETask 250-250: Configuration:0 Energy:83.544047996136 Reward:-30.847033106265602 Raw:30.847033106265602 Time:32513 TotalReward:22552.62595066771
STOKE: Battery:0.350000 Level:35
ETask 251-251: Configuration:0 Energy:85.392241575824 Reward:-31.529443043381168 Raw:31.529443043381168 Time:32511 TotalReward:22638.018192243533
STOKE: Battery:0.340000 Level:34
ETask 252-252: Configuration:0 Energy:93.59628402780001 Reward:-34.55862794872616 Raw:34.55862794872616 Time:32512 TotalReward:22731.614476271334
STOKE: Battery:0.340000 Level:34
ETask 253-253: Configuration:0 Energy:87.988698052804 Reward:-32.488134665650705 Raw:32.488134665650705 Time:32512 TotalReward:22819.603174324136
STOKE: Battery:0.340000 Level:34
ETask 254-254: Configuration:0 Energy:94.67566503939601 Reward:-34.957168629930834 Raw:34.957168629930834 Time:32515 TotalReward:22914.27883936353
STOKE: Battery:0.340000 Level:34
ETask 255-255: Configuration:0 Energy:97.37268577241402 Reward:-35.95299166981441 Raw:35.95299166981441 Time:32517 TotalReward:23011.651525135945
STOKE: Battery:0.340000 Level:34
ETask 256-256: Configuration:0 Energy:91.880546823996 Reward:-33.925124981167755 Raw:33.925124981167755 Time:32511 TotalReward:23103.53207195994
STOKE: Battery:0.320000 Level:32
ETask 257-257: Configuration:0 Energy:91.679140546596 Reward:-33.850759586435444 Raw:33.850759586435444 Time:32511 TotalReward:23195.211212506536
STOKE: Battery:0.320000 Level:32
ETask 258-258: Configuration:0 Energy:88.02601211090101 Reward:-32.501912164024986 Raw:32.501912164024986 Time:32512 TotalReward:23283.23722461744
STOKE: Battery:0.320000 Level:32
ETask 259-259: Configuration:0 Energy:90.098959317372 Reward:-33.267308055645046 Raw:33.267308055645046 Time:32508 TotalReward:23373.33618393481
STOKE: Battery:0.310000 Level:31
ETask 260-260: Configuration:0 Energy:85.47061591657801 Reward:-31.55838126150573 Raw:31.55838126150573 Time:32512 TotalReward:23458.806799851387
STOKE: Battery:0.310000 Level:31
ETask 261-261: Configuration:0 Energy:84.92600166232502 Reward:-31.357292921473853 Raw:31.357292921473853 Time:32513 TotalReward:23543.732801513714
STOKE: Battery:0.310000 Level:31
ETask 262-262: Configuration:0 Energy:92.68604475142502 Reward:-34.22253960052616 Raw:34.22253960052616 Time:32515 TotalReward:23636.41884626514
STOKE: Battery:0.310000 Level:31
ETask 263-263: Configuration:0 Energy:95.5171292094 Reward:-35.26786309270153 Raw:35.26786309270153 Time:32513 TotalReward:23731.93597547454
STOKE: Battery:0.310000 Level:31
ETask 264-264: Configuration:0 Energy:87.143576695065 Reward:-32.17608985663938 Raw:32.17608985663938 Time:32515 TotalReward:23819.0795521696
STOKE: Battery:0.310000 Level:31
ETask 265-265: Configuration:0 Energy:82.84332182111999 Reward:-30.588303441644307 Raw:30.588303441644307 Time:32513 TotalReward:23901.922873990723
STOKE: Battery:0.310000 Level:31
ETask 266-266: Configuration:0 Energy:80.791210061506 Reward:-29.830600638094527 Raw:29.830600638094527 Time:32513 TotalReward:23982.71408405223
STOKE: Battery:0.290000 Level:29
ETask 267-267: Configuration:0 Energy:83.45395838291401 Reward:-30.813769249075943 Raw:30.813769249075943 Time:32510 TotalReward:24066.168042435143
STOKE: Battery:0.290000 Level:29
ETask 268-268: Configuration:0 Energy:84.25706779488002 Reward:-31.11030195503262 Raw:31.11030195503262 Time:32510 TotalReward:24150.425110230022
STOKE: Battery:0.290000 Level:29
ETask 269-269: Configuration:0 Energy:85.29241462441 Reward:-31.492583861320618 Raw:31.492583861320618 Time:32507 TotalReward:24235.717524854434
STOKE: Battery:0.290000 Level:29
ETask 270-270: Configuration:0 Energy:88.944486226288 Reward:-32.84104106816788 Raw:32.84104106816788 Time:32513 TotalReward:24324.66201108072
STOKE: Battery:0.290000 Level:29
ETask 271-271: Configuration:0 Energy:87.02378588442 Reward:-32.131859403478146 Raw:32.131859403478146 Time:32511 TotalReward:24411.68579696514
STOKE: Battery:0.280000 Level:28
ETask 272-272: Configuration:0 Energy:83.31296747004 Reward:-30.761711065860922 Raw:30.761711065860922 Time:32514 TotalReward:24494.99876443518
STOKE: Battery:0.280000 Level:28
ETask 273-273: Configuration:0 Energy:89.1369006 Reward:-32.91208637538461 Raw:32.91208637538461 Time:32513 TotalReward:24584.135665035177
STOKE: Battery:0.280000 Level:28
ETask 274-274: Configuration:0 Energy:93.05177714118001 Reward:-34.357579252128005 Raw:34.357579252128005 Time:32516 TotalReward:24677.187442176357
STOKE: Battery:0.280000 Level:28
ETask 275-275: Configuration:0 Energy:92.54453941424998 Reward:-34.170291476030755 Raw:34.170291476030755 Time:32515 TotalReward:24769.73198159061
STOKE: Battery:0.280000 Level:28
ETask 276-276: Configuration:0 Energy:91.94999241122102 Reward:-33.95076642875853 Raw:33.95076642875853 Time:32514 TotalReward:24861.68197400183
STOKE: Battery:0.260000 Level:26
ETask 277-277: Configuration:0 Energy:93.848376768003 Reward:-34.6517083451088 Raw:34.6517083451088 Time:32516 TotalReward:24955.530350769834
STOKE: Battery:0.260000 Level:26
ETask 278-278: Configuration:0 Energy:87.7469057248 Reward:-32.3988574983877 Raw:32.3988574983877 Time:32510 TotalReward:25043.277256494635
STOKE: Battery:0.260000 Level:26
ETask 279-279: Configuration:0 Energy:91.17422706828799 Reward:-33.66432999444479 Raw:33.66432999444479 Time:32510 TotalReward:25134.451483562923
STOKE: Battery:0.260000 Level:26
ETask 280-280: Configuration:0 Energy:87.018374034048 Reward:-32.12986118180233 Raw:32.12986118180233 Time:32509 TotalReward:25221.46985759697
STOKE: Battery:0.260000 Level:26
ETask 281-281: Configuration:0 Energy:82.7468544744 Reward:-30.552684729009226 Raw:30.552684729009226 Time:32510 TotalReward:25304.21671207137
STOKE: Battery:0.240000 Level:24
ETask 282-282: Configuration:0 Energy:98.03575950295199 Reward:-36.19781889339766 Raw:36.19781889339766 Time:32511 TotalReward:25402.252471574324
STOKE: Battery:0.240000 Level:24
ETask 283-283: Configuration:0 Energy:90.25945518504 Reward:-33.32656806832246 Raw:33.32656806832246 Time:32511 TotalReward:25492.511926759365
STOKE: Battery:0.240000 Level:24
ETask 284-284: Configuration:0 Energy:84.177016879392 Reward:-31.08074469392935 Raw:31.08074469392935 Time:32514 TotalReward:25576.688943638757
STOKE: Battery:0.240000 Level:24
ETask 285-285: Configuration:0 Energy:85.09898415751199 Reward:-31.421163381235196 Raw:31.421163381235196 Time:32514 TotalReward:25661.78792779627
STOKE: Battery:0.240000 Level:24
ETask 286-286: Configuration:0 Energy:88.37868990272 Reward:-32.63213165638892 Raw:32.63213165638892 Time:32512 TotalReward:25750.16661769899
STOKE: Battery:0.230000 Level:23
ETask 287-287: Configuration:0 Energy:82.41133583124001 Reward:-30.428800922304006 Raw:30.428800922304006 Time:32508 TotalReward:25832.577953530228
STOKE: Battery:0.230000 Level:23
ETask 288-288: Configuration:0 Energy:84.0824714574 Reward:-31.04583561504 Raw:31.04583561504 Time:32515 TotalReward:25916.66042498763
STOKE: Battery:0.230000 Level:23
ETask 289-289: Configuration:0 Energy:97.49901569628999 Reward:-35.99963656478399 Raw:35.99963656478399 Time:32511 TotalReward:26014.159440683918
STOKE: Battery:0.230000 Level:23
ETask 290-290: Configuration:0 Energy:85.42578932632999 Reward:-31.54182990510646 Raw:31.54182990510646 Time:32512 TotalReward:26099.58523001025
STOKE: Battery:0.230000 Level:23
ETask 291-291: Configuration:0 Energy:84.24021940488001 Reward:-31.10408101103262 Raw:31.10408101103262 Time:32506 TotalReward:26183.82544941513
STOKE: Battery:0.210000 Level:21
ETask 292-292: Configuration:0 Energy:85.25577676704002 Reward:-31.47905603706093 Raw:31.47905603706093 Time:32511 TotalReward:26269.08122618217
STOKE: Battery:0.210000 Level:21
ETask 293-293: Configuration:0 Energy:90.274227549968 Reward:-33.33202247998819 Raw:33.33202247998819 Time:32513 TotalReward:26359.35545373214
STOKE: Battery:0.210000 Level:21
ETask 294-294: Configuration:0 Energy:93.333093954848 Reward:-34.46145007563618 Raw:34.46145007563618 Time:32511 TotalReward:26452.688547686987
STOKE: Battery:0.210000 Level:21
ETask 295-295: Configuration:0 Energy:107.20851786392001 Reward:-39.58468351898585 Raw:39.58468351898585 Time:32514 TotalReward:26559.897065550907
STOKE: Battery:0.210000 Level:21
ETask 296-296: Configuration:0 Energy:87.88732677725 Reward:-32.45070527160001 Raw:32.45070527160001 Time:32514 TotalReward:26647.784392328158
STOKE: Battery:0.200000 Level:20
ETask 297-297: Configuration:0 Energy:86.768768961875 Reward:-32.037699309000004 Raw:32.037699309000004 Time:32507 TotalReward:26734.553161290034
STOKE: Battery:0.200000 Level:20
ETask 298-298: Configuration:0 Energy:89.02278199815 Reward:-32.86995027624 Raw:32.86995027624 Time:32512 TotalReward:26823.575943288182
STOKE: Battery:0.200000 Level:20
ETask 299-299: Configuration:0 Energy:84.97265676900001 Reward:-31.374519422400006 Raw:31.374519422400006 Time:32510 TotalReward:26908.548600057184
STOKE: Battery:0.200000 Level:20
ETask 300-300: Configuration:0 Energy:83.86795184625 Reward:-30.966628374 Raw:30.966628374 Time:32516 TotalReward:26992.416551903432
STOKE: Battery:0.200000 Level:20
ETask 301-301: Configuration:0 Energy:81.45824224824999 Reward:-30.07688944550769 Raw:30.07688944550769 Time:32514 TotalReward:27073.87479415168
STOKE: Battery:0.180000 Level:18
ETask 302-302: Configuration:0 Energy:97.29139765689 Reward:-35.922977596390155 Raw:35.922977596390155 Time:32513 TotalReward:27171.16619180857
STOKE: Battery:0.180000 Level:18
ETask 303-303: Configuration:0 Energy:83.36457981934 Reward:-30.78076793329477 Raw:30.78076793329477 Time:32510 TotalReward:27254.53077162791
STOKE: Battery:0.180000 Level:18
ETask 304-304: Configuration:0 Energy:94.04313964734 Reward:-34.723620792864 Raw:34.723620792864 Time:32513 TotalReward:27348.57391127525
STOKE: Battery:0.180000 Level:18
ETask 305-305: Configuration:0 Energy:87.68339565286999 Reward:-32.375407625675074 Raw:32.375407625675074 Time:32511 TotalReward:27436.25730692812
STOKE: Battery:0.180000 Level:18
ETask 306-306: Configuration:0 Energy:84.54281668453802 Reward:-31.21580923736789 Raw:31.21580923736789 Time:32512 TotalReward:27520.80012361266
STOKE: Battery:0.170000 Level:17
ETask 307-307: Configuration:0 Energy:84.684402890868 Reward:-31.26808722124357 Raw:31.26808722124357 Time:32508 TotalReward:27605.484526503526
STOKE: Battery:0.170000 Level:17
ETask 308-308: Configuration:0 Energy:84.065834170824 Reward:-31.03969261691963 Raw:31.03969261691963 Time:32511 TotalReward:27689.550360674348
STOKE: Battery:0.170000 Level:17
ETask 309-309: Configuration:0 Energy:98.71308873056401 Reward:-36.447909685131336 Raw:36.447909685131336 Time:32513 TotalReward:27788.263449404913
STOKE: Battery:0.170000 Level:17
ETask 310-310: Configuration:0 Energy:83.30211148966801 Reward:-30.757702703877417 Raw:30.757702703877417 Time:32513 TotalReward:27871.56556089458
STOKE: Battery:0.170000 Level:17
STOKE: End Bat: 0.150000
STOKE: Usage Bat: 0.850000
==END-RUN 0==
