==RUN 0==
Bandit Runs:1 Tasks-in-Run:100
Self-Optimizer Rounds:0 Tasks-in-Round:0
Continuous Knob Rounds:Inf Tasks-in-Round:0
STOKE: Start Bat: 0.710000
ETask 1-1: Configuration:0 Energy:57.910018195583994 Reward:8.617839435476679 Raw:21.38216056452332 Time:32533 TotalReward:57.910018195583994
ETask 2-2: Configuration:1 Energy:41.409432622404005 Reward:14.71036333942006 Raw:15.28963666057994 Time:32536 TotalReward:99.319450817988
ETask 3-3: Configuration:2 Energy:41.338037647872 Reward:14.736724560785722 Raw:15.263275439214278 Time:32551 TotalReward:140.65748846586
ETask 4-4: Configuration:3 Energy:48.321226453811995 Reward:12.158316386284802 Raw:17.841683613715198 Time:32541 TotalReward:188.978714919672
ETask 5-5: Configuration:4 Energy:46.959101499 Reward:12.66125483113846 Raw:17.33874516886154 Time:32545 TotalReward:235.937816418672
ETask 6-6: Configuration:5 Energy:37.102170348628 Reward:16.300737102045048 Raw:13.699262897954954 Time:32575 TotalReward:273.03998676730004
ETask 7-7: Configuration:6 Energy:36.912513439912 Reward:16.37076426834019 Raw:13.629235731659813 Time:32561 TotalReward:309.95250020721204
ETask 8-8: Configuration:7 Energy:36.98715497015 Reward:16.343204318713845 Raw:13.656795681286155 Time:32552 TotalReward:346.93965517736206
ETask 9-9: Configuration:8 Energy:89.06074097921001 Reward:-2.8839659000160083 Raw:32.88396590001601 Time:32536 TotalReward:436.00039615657204
ETask 10-10: Configuration:9 Energy:68.08239533150001 Reward:4.861884800676918 Raw:25.13811519932308 Time:32547 TotalReward:504.0827914880721
ETask 11-11: Configuration:10 Energy:33.279764738219995 Reward:17.712086865888004 Raw:12.287913134111996 Time:32543 TotalReward:537.3625562262921
ETask 12-12: Configuration:11 Energy:31.69139398425 Reward:18.2985622212 Raw:11.701437778799999 Time:32534 TotalReward:569.0539502105421
ETask 13-13: Configuration:12 Energy:31.234936777 Reward:18.46710026695385 Raw:11.532899733046152 Time:32555 TotalReward:600.2888869875421
ETask 14-14: Configuration:13 Energy:84.983115858025 Reward:-1.3783812398861492 Raw:31.37838123988615 Time:32536 TotalReward:685.2720028455672
ETask 15-15: Configuration:14 Energy:84.0754497924 Reward:-1.0432430002707704 Raw:31.04324300027077 Time:32533 TotalReward:769.3474526379672
ETask 16-16: Configuration:15 Energy:37.412955381779994 Reward:16.185985705188926 Raw:13.814014294811074 Time:32550 TotalReward:806.7604080197472
ETask 17-17: Configuration:16 Energy:51.496916229704 Reward:10.985754007493906 Raw:19.014245992506094 Time:32551 TotalReward:858.2573242494511
ETask 18-18: Configuration:17 Energy:52.73534400390299 Reward:10.528488367789667 Raw:19.471511632210333 Time:32528 TotalReward:910.9926682533542
ETask 19-19: Configuration:18 Energy:100.25031597077201 Reward:-7.015501281515824 Raw:37.015501281515824 Time:32532 TotalReward:1011.2429842241262
ETask 20-20: Configuration:19 Energy:90.03099727802399 Reward:-3.242214379578094 Raw:33.242214379578094 Time:32538 TotalReward:1101.2739815021503
ETask 21-21: Configuration:14 Energy:31.56123805065 Reward:18.34661979668308 Raw:11.653380203316923 Time:32544 TotalReward:1132.8352195528003
ETask 22-22: Configuration:14 Energy:31.185252387167996 Reward:18.48544527243028 Raw:11.51455472756972 Time:32507 TotalReward:1164.0204719399683
ETask 23-23: Configuration:14 Energy:52.334566684982995 Reward:10.67646768554474 Raw:19.32353231445526 Time:32509 TotalReward:1216.3550386249512
ETask 24-24: Configuration:14 Energy:82.66970794784001 Reward:-0.5241998576640015 Raw:30.524199857664 Time:32503 TotalReward:1299.0247465727912
ETask 25-25: Configuration:14 Energy:88.05376522995499 Reward:-2.5121594695218405 Raw:32.51215946952184 Time:32506 TotalReward:1387.078511802746
ETask 26-26: Configuration:14 Energy:82.22224417039502 Reward:-0.3589824629150833 Raw:30.358982462915083 Time:32502 TotalReward:1469.3007559731411
ETask 27-27: Configuration:14 Energy:93.08918928844798 Reward:-4.371392968042329 Raw:34.37139296804233 Time:32504 TotalReward:1562.3899452615892
ETask 28-28: Configuration:14 Energy:85.91975320164 Reward:-1.724216566759381 Raw:31.72421656675938 Time:32502 TotalReward:1648.3096984632293
ETask 29-29: Configuration:14 Energy:87.40880921323202 Reward:-2.274021863347201 Raw:32.2740218633472 Time:32501 TotalReward:1735.7185076764613
ETask 30-30: Configuration:14 Energy:87.44668355664 Reward:-2.2880062362978464 Raw:32.288006236297846 Time:32505 TotalReward:1823.1651912331013
ETask 31-31: Configuration:14 Energy:86.56445763988799 Reward:-1.962261282420183 Raw:31.962261282420183 Time:32504 TotalReward:1909.7296488729892
ETask 32-32: Configuration:14 Energy:89.64811054752 Reward:-3.1008408175458513 Raw:33.10084081754585 Time:32507 TotalReward:1999.3777594205092
ETask 33-33: Configuration:14 Energy:87.004349593616 Reward:-2.1246829268735965 Raw:32.1246829268736 Time:32504 TotalReward:2086.382109014125
ETask 34-34: Configuration:14 Energy:92.18649381812 Reward:-4.038090025151995 Raw:34.038090025151995 Time:32504 TotalReward:2178.5686028322452
ETask 35-35: Configuration:14 Energy:99.03979006958399 Reward:-6.568537871846388 Raw:36.56853787184639 Time:32503 TotalReward:2277.608392901829
ETask 36-36: Configuration:14 Energy:97.74092577366 Reward:-6.088957208735998 Raw:36.088957208736 Time:32505 TotalReward:2375.349318675489
ETask 37-37: Configuration:14 Energy:104.853624387876 Reward:-8.715184389369597 Raw:38.7151843893696 Time:32502 TotalReward:2480.202943063365
ETask 38-38: Configuration:14 Energy:88.903541266414 Reward:-2.8259229291374766 Raw:32.82592292913748 Time:32506 TotalReward:2569.106484329779
ETask 39-39: Configuration:14 Energy:86.13982736576699 Reward:-1.80547471966781 Raw:31.80547471966781 Time:32503 TotalReward:2655.246311695546
ETask 40-40: Configuration:14 Energy:94.96748824819198 Reward:-5.06491873779396 Raw:35.06491873779396 Time:32502 TotalReward:2750.2137999437377
ETask 41-41: Configuration:14 Energy:80.85378766307498 Reward:0.14629378594155185 Raw:29.853706214058448 Time:32503 TotalReward:2831.0675876068126
ETask 42-42: Configuration:14 Energy:82.63112076777598 Reward:-0.5099522834865162 Raw:30.509952283486516 Time:32503 TotalReward:2913.6987083745885
ETask 43-43: Configuration:14 Energy:86.64763468243399 Reward:-1.9929728058217862 Raw:31.992972805821786 Time:32503 TotalReward:3000.3463430570223
ETask 44-44: Configuration:14 Energy:87.245567162325 Reward:-2.213747875320003 Raw:32.21374787532 Time:32503 TotalReward:3087.5919102193475
ETask 45-45: Configuration:14 Energy:88.46623158937197 Reward:-2.664454740691191 Raw:32.66445474069119 Time:32502 TotalReward:3176.0581418087195
ETask 46-46: Configuration:14 Energy:89.748001041171 Reward:-3.137723461355442 Raw:33.13772346135544 Time:32503 TotalReward:3265.8061428498904
ETask 47-47: Configuration:14 Energy:89.65161844850999 Reward:-3.102136042526766 Raw:33.102136042526766 Time:32502 TotalReward:3355.4577612984003
ETask 48-48: Configuration:14 Energy:87.60277867977 Reward:-2.345641358684304 Raw:32.345641358684304 Time:32501 TotalReward:3443.0605399781703
ETask 49-49: Configuration:14 Energy:106.03802993476 Reward:-9.152503360526772 Raw:39.15250336052677 Time:32503 TotalReward:3549.09856991293
ETask 50-50: Configuration:14 Energy:139.274255943746 Reward:-21.424340656152367 Raw:51.42434065615237 Time:32504 TotalReward:3688.372825856676
ETask 51-51: Configuration:14 Energy:112.69106652026299 Reward:-11.609009176712483 Raw:41.60900917671248 Time:32504 TotalReward:3801.0638923769393
ETask 52-52: Configuration:14 Energy:118.385509337249 Reward:-13.71157267836886 Raw:43.71157267836886 Time:32504 TotalReward:3919.4494017141883
ETask 53-53: Configuration:14 Energy:95.92016376788997 Reward:-5.416675852759376 Raw:35.416675852759376 Time:32505 TotalReward:4015.369565482078
ETask 54-54: Configuration:14 Energy:90.39684477912002 Reward:-3.3772965338289254 Raw:33.377296533828925 Time:32504 TotalReward:4105.766410261198
ETask 55-55: Configuration:14 Energy:88.06713049800001 Reward:-2.51709433772308 Raw:32.51709433772308 Time:32504 TotalReward:4193.833540759198
ETask 56-56: Configuration:14 Energy:108.18797209584001 Reward:-9.946328158464006 Raw:39.946328158464006 Time:32503 TotalReward:4302.021512855038
ETask 57-57: Configuration:14 Energy:87.083044216 Reward:-2.153739402830773 Raw:32.15373940283077 Time:32502 TotalReward:4389.1045570710385
ETask 58-58: Configuration:14 Energy:88.88573277296001 Reward:-2.8193474854006197 Raw:32.81934748540062 Time:32504 TotalReward:4477.990289843999
ETask 59-59: Configuration:14 Energy:89.260156929048 Reward:-2.957596404571568 Raw:32.95759640457157 Time:32505 TotalReward:4567.250446773047
ETask 60-60: Configuration:14 Energy:99.81334770147998 Reward:-6.854159151315692 Raw:36.85415915131569 Time:32505 TotalReward:4667.063794474527
ETask 61-61: Configuration:14 Energy:87.47664560654799 Reward:-2.2990691470331086 Raw:32.29906914703311 Time:32502 TotalReward:4754.540440081075
ETask 62-62: Configuration:14 Energy:83.41146169947801 Reward:-0.7980781659611083 Raw:30.79807816596111 Time:32502 TotalReward:4837.951901780553
ETask 63-63: Configuration:14 Energy:86.03641992523198 Reward:-1.7672935108548842 Raw:31.767293510854884 Time:32502 TotalReward:4923.988321705785
ETask 64-64: Configuration:14 Energy:83.586913697529 Reward:-0.8628604421645498 Raw:30.86286044216455 Time:32503 TotalReward:5007.575235403314
ETask 65-65: Configuration:14 Energy:121.453314636192 Reward:-14.844300788747816 Raw:44.844300788747816 Time:32504 TotalReward:5129.028550039506
ETask 66-66: Configuration:14 Energy:102.008537634696 Reward:-7.664690818964672 Raw:37.66469081896467 Time:32504 TotalReward:5231.037087674202
ETask 67-67: Configuration:14 Energy:103.55430246875999 Reward:-8.235434757695991 Raw:38.23543475769599 Time:32503 TotalReward:5334.591390142962
ETask 68-68: Configuration:14 Energy:95.39515218290198 Reward:-5.222825421379191 Raw:35.22282542137919 Time:32504 TotalReward:5429.986542325864
ETask 69-69: Configuration:14 Energy:86.845373597268 Reward:-2.065984097452798 Raw:32.0659840974528 Time:32502 TotalReward:5516.831915923132
ETask 70-70: Configuration:14 Energy:107.01986507819998 Reward:-9.51502710579691 Raw:39.51502710579691 Time:32502 TotalReward:5623.851781001333
ETask 71-71: Configuration:14 Energy:84.66334758288 Reward:-1.260312953678774 Raw:31.260312953678774 Time:32504 TotalReward:5708.515128584213
ETask 72-72: Configuration:14 Energy:86.91932477592002 Reward:-2.0932891480320066 Raw:32.09328914803201 Time:32503 TotalReward:5795.434453360133
ETask 73-73: Configuration:14 Energy:80.60871879216 Reward:0.2367807536640001 Raw:29.763219246336 Time:32502 TotalReward:5876.043172152294
ETask 74-74: Configuration:14 Energy:78.71622244199999 Reward:0.9355486368000072 Raw:29.064451363199993 Time:32507 TotalReward:5954.759394594294
ETask 75-75: Configuration:14 Energy:79.37134406064 Reward:0.6936575776098444 Raw:29.306342422390156 Time:32503 TotalReward:6034.130738654933
ETask 76-76: Configuration:14 Energy:81.70209557536 Reward:-0.16692759705600224 Raw:30.166927597056002 Time:32504 TotalReward:6115.832834230293
ETask 77-77: Configuration:14 Energy:79.11060203446999 Reward:0.7899315565033902 Raw:29.21006844349661 Time:32504 TotalReward:6194.943436264763
ETask 78-78: Configuration:14 Energy:82.98825324864899 Reward:-0.6418165841165546 Raw:30.641816584116555 Time:32504 TotalReward:6277.931689513412
ETask 79-79: Configuration:14 Energy:85.291493477652 Reward:-1.4922437455945854 Raw:31.492243745594585 Time:32503 TotalReward:6363.223182991063
ETask 80-80: Configuration:14 Energy:99.33035880829199 Reward:-6.675824790753964 Raw:36.675824790753964 Time:32504 TotalReward:6462.553541799355
ETask 81-81: Configuration:14 Energy:103.02302987900201 Reward:-8.039272570708441 Raw:38.03927257070844 Time:32504 TotalReward:6565.576571678357
ETask 82-82: Configuration:14 Energy:99.116137173856 Reward:-6.596727571885296 Raw:36.596727571885296 Time:32503 TotalReward:6664.692708852213
ETask 83-83: Configuration:14 Energy:88.26985234358098 Reward:-2.591945480706819 Raw:32.59194548070682 Time:32504 TotalReward:6752.9625611957945
ETask 84-84: Configuration:14 Energy:84.19496376263999 Reward:-1.0873712354363043 Raw:31.087371235436304 Time:32507 TotalReward:6837.157524958435
ETask 85-85: Configuration:14 Energy:115.74006399335902 Reward:-12.734792859086411 Raw:42.73479285908641 Time:32504 TotalReward:6952.897588951794
ETask 86-86: Configuration:14 Energy:82.833831756609 Reward:-0.5847994178248612 Raw:30.58479941782486 Time:32506 TotalReward:7035.731420708403
ETask 87-87: Configuration:14 Energy:83.12142445654099 Reward:-0.690987491645906 Raw:30.690987491645906 Time:32506 TotalReward:7118.852845164944
ETask 88-88: Configuration:14 Energy:86.922847522368 Reward:-2.0945898544127957 Raw:32.094589854412796 Time:32504 TotalReward:7205.775692687312
ETask 89-89: Configuration:14 Energy:89.18484906759998 Reward:-2.9297904249599966 Raw:32.92979042496 Time:32504 TotalReward:7294.960541754912
ETask 90-90: Configuration:14 Energy:87.39419856367199 Reward:-2.268627161971196 Raw:32.268627161971196 Time:32502 TotalReward:7382.354740318584
ETask 91-91: Configuration:14 Energy:104.205779127164 Reward:-8.475979985414412 Raw:38.47597998541441 Time:32503 TotalReward:7486.560519445748
ETask 92-92: Configuration:14 Energy:86.107803445664 Reward:-1.7936505030144048 Raw:31.793650503014405 Time:32504 TotalReward:7572.668322891412
ETask 93-93: Configuration:14 Energy:85.38241758037199 Reward:-1.5258157219835056 Raw:31.525815721983506 Time:32502 TotalReward:7658.050740471784
ETask 94-94: Configuration:14 Energy:87.28810729161602 Reward:-2.229454999981293 Raw:32.22945499998129 Time:32503 TotalReward:7745.3388477634
ETask 95-95: Configuration:14 Energy:87.53003868576 Reward:-2.318783514742158 Raw:32.31878351474216 Time:32502 TotalReward:7832.86888644916
ETask 96-96: Configuration:14 Energy:101.520470297928 Reward:-7.484481340773421 Raw:37.48448134077342 Time:32503 TotalReward:7934.389356747088
ETask 97-97: Configuration:14 Energy:98.374059993924 Reward:-6.322729843910402 Raw:36.3227298439104 Time:32504 TotalReward:8032.7634167410115
ETask 98-98: Configuration:14 Energy:89.199891755964 Reward:-2.9353446483559367 Raw:32.93534464835594 Time:32502 TotalReward:8121.9633084969755
ETask 99-99: Configuration:14 Energy:102.361133309454 Reward:-7.794879991183016 Raw:37.794879991183016 Time:32503 TotalReward:8224.32444180643
ETask 100-100: Configuration:14 Energy:83.98576503713701 Reward:-1.0101286290967408 Raw:31.01012862909674 Time:32502 TotalReward:8308.310206843567
ETask 101-101: Configuration:14 Energy:82.534354842054 Reward:-0.4742233262968618 Raw:30.474223326296862 Time:32503 TotalReward:8390.84456168562
ETask 102-102: Configuration:14 Energy:81.51547681209598 Reward:-0.09802220754313495 Raw:30.098022207543135 Time:32502 TotalReward:8472.360038497716
ETask 103-103: Configuration:14 Energy:84.57988119504 Reward:-1.229494595091694 Raw:31.229494595091694 Time:32503 TotalReward:8556.939919692757
ETask 104-104: Configuration:14 Energy:87.626993653251 Reward:-2.354582271969605 Raw:32.354582271969605 Time:32505 TotalReward:8644.566913346009
ETask 105-105: Configuration:14 Energy:91.70180684088 Reward:-3.859128679709535 Raw:33.859128679709535 Time:32504 TotalReward:8736.268720186888
ETask 106-106: Configuration:14 Energy:88.34950787957999 Reward:-2.621356755537228 Raw:32.62135675553723 Time:32502 TotalReward:8824.618228066469
ETask 107-107: Configuration:14 Energy:98.23757277987899 Reward:-6.272334564878392 Raw:36.27233456487839 Time:32504 TotalReward:8922.855800846348
ETask 108-108: Configuration:14 Energy:85.678153739499 Reward:-1.6350106115073189 Raw:31.63501061150732 Time:32504 TotalReward:9008.533954585846
ETask 109-109: Configuration:14 Energy:83.63781587502 Reward:-0.8816550923150785 Raw:30.88165509231508 Time:32502 TotalReward:9092.171770460865
ETask 110-110: Configuration:14 Energy:86.04863086327201 Reward:-1.7718021649004356 Raw:31.771802164900436 Time:32503 TotalReward:9178.220401324137
ETask 111-111: Configuration:14 Energy:97.912808967435 Reward:-6.1524217725913815 Raw:36.15242177259138 Time:32503 TotalReward:9276.133210291571
ETask 112-112: Configuration:14 Energy:118.3707194751 Reward:-13.70611180619077 Raw:43.70611180619077 Time:32503 TotalReward:9394.503929766672
ETask 113-113: Configuration:14 Energy:103.605124539615 Reward:-8.254199830011693 Raw:38.25419983001169 Time:32503 TotalReward:9498.109054306287
ETask 114-114: Configuration:14 Energy:104.96262838761001 Reward:-8.755432020040615 Raw:38.755432020040615 Time:32505 TotalReward:9603.071682693897
ETask 115-115: Configuration:14 Energy:94.415819573712 Reward:-4.861225688755198 Raw:34.8612256887552 Time:32503 TotalReward:9697.48750226761
ETask 116-116: Configuration:14 Energy:92.308153170292 Reward:-4.083010401338591 Raw:34.08301040133859 Time:32506 TotalReward:9789.795655437902
ETask 117-117: Configuration:14 Energy:91.31747954894001 Reward:-3.7172232180701528 Raw:33.71722321807015 Time:32503 TotalReward:9881.113134986841
ETask 118-118: Configuration:14 Energy:90.89414837222998 Reward:-3.5609163220541404 Raw:33.56091632205414 Time:32504 TotalReward:9972.007283359071
ETask 119-119: Configuration:14 Energy:92.48412179436 Reward:-4.147983431763691 Raw:34.14798343176369 Time:32503 TotalReward:10064.49140515343
ETask 120-120: Configuration:14 Energy:95.44431418657199 Reward:-5.240977545811191 Raw:35.24097754581119 Time:32504 TotalReward:10159.935719340003
ETask 121-121: Configuration:14 Energy:96.7819039902 Reward:-5.7348568579200006 Raw:35.73485685792 Time:32505 TotalReward:10256.717623330203
ERun: Time:3937957
==END-RUN 0==
==ROUND-END==
STOKE: Config: 0 - Knobs: {interval:10000 priority:104 sensor-configuration:1 batch:5 }  | -- on:1 reward:8.6178
STOKE: Config: 1 - Knobs: {interval:7750 priority:104 sensor-configuration:1 batch:5 }  | -- on:1 reward:14.7104
STOKE: Config: 2 - Knobs: {interval:5500 priority:104 sensor-configuration:1 batch:5 }  | -- on:1 reward:14.7367
STOKE: Config: 3 - Knobs: {interval:3500 priority:104 sensor-configuration:1 batch:5 }  | -- on:1 reward:12.1583
STOKE: Config: 4 - Knobs: {interval:1000 priority:104 sensor-configuration:1 batch:5 }  | -- on:1 reward:12.6613
STOKE: Config: 5 - Knobs: {interval:10000 priority:100 sensor-configuration:1 batch:5 }  | -- on:1 reward:16.3007
STOKE: Config: 6 - Knobs: {interval:7750 priority:100 sensor-configuration:1 batch:5 }  | -- on:1 reward:16.3708
STOKE: Config: 7 - Knobs: {interval:5500 priority:100 sensor-configuration:1 batch:5 }  | -- on:1 reward:16.3432
STOKE: Config: 8 - Knobs: {interval:3500 priority:100 sensor-configuration:1 batch:5 }  | -- on:1 reward:-2.8840
STOKE: Config: 9 - Knobs: {interval:1000 priority:100 sensor-configuration:1 batch:5 }  | -- on:1 reward:4.8619
STOKE: Config: 10 - Knobs: {interval:10000 priority:104 sensor-configuration:1 batch:1 }  | -- on:1 reward:17.7121
STOKE: Config: 11 - Knobs: {interval:7750 priority:104 sensor-configuration:1 batch:1 }  | -- on:1 reward:18.2986
STOKE: Config: 12 - Knobs: {interval:5500 priority:104 sensor-configuration:1 batch:1 }  | -- on:1 reward:18.4671
STOKE: Config: 13 - Knobs: {interval:3500 priority:104 sensor-configuration:1 batch:1 }  | -- on:1 reward:-1.3784
STOKE: Config: 14 - Knobs: {interval:1000 priority:104 sensor-configuration:1 batch:1 }  | -- on:1 reward:-1.0432
STOKE: Config: 15 - Knobs: {interval:10000 priority:100 sensor-configuration:1 batch:1 }  | -- on:1 reward:16.1860
STOKE: Config: 16 - Knobs: {interval:7750 priority:100 sensor-configuration:1 batch:1 }  | -- on:1 reward:10.9858
STOKE: Config: 17 - Knobs: {interval:5500 priority:100 sensor-configuration:1 batch:1 }  | -- on:1 reward:10.5285
STOKE: Config: 18 - Knobs: {interval:3500 priority:100 sensor-configuration:1 batch:1 }  | -- on:1 reward:-7.0155
STOKE: Config: 19 - Knobs: {interval:1000 priority:100 sensor-configuration:1 batch:1 }  | -- on:1 reward:-3.2422
