==RUN 0==
Bandit Runs:1 Tasks-in-Run:100
Self-Optimizer Rounds:0 Tasks-in-Round:0
Continuous Knob Rounds:Inf Tasks-in-Round:0
STOKE: Start Bat: 0.950000
ETask 1-1: Configuration:0 Energy:40.80857856074999 Reward:4.932217146800003 Raw:15.067782853199997 Time:32525 TotalReward:40.80857856074999
ETask 2-2: Configuration:1 Energy:38.75129268582 Reward:5.691830392928004 Raw:14.308169607071996 Time:32556 TotalReward:79.55987124657
ETask 3-3: Configuration:2 Energy:35.037112670831995 Reward:7.06321993692357 Raw:12.93678006307643 Time:32534 TotalReward:114.59698391740199
ETask 4-4: Configuration:3 Energy:53.00399259539999 Reward:0.4292950416984631 Raw:19.570704958301537 Time:32534 TotalReward:167.600976512802
ETask 5-5: Configuration:4 Energy:38.17036044971999 Reward:5.906328449334156 Raw:14.093671550665844 Time:32534 TotalReward:205.77133696252199
ETask 6-6: Configuration:5 Energy:35.153110576296 Reward:7.020389941059937 Raw:12.979610058940063 Time:32570 TotalReward:240.924447538818
ETask 7-7: Configuration:6 Energy:38.684946645311996 Reward:5.716327392500187 Raw:14.283672607499813 Time:32554 TotalReward:279.60939418413
ETask 8-8: Configuration:7 Energy:52.940613409055985 Reward:0.45269658742547847 Raw:19.54730341257452 Time:32550 TotalReward:332.55000759318597
ETask 9-9: Configuration:8 Energy:40.528363723667994 Reward:5.035681086645665 Raw:14.964318913354335 Time:32527 TotalReward:373.078371316854
ETask 10-10: Configuration:9 Energy:63.990971475767985 Reward:-3.6274356218220234 Raw:23.627435621822023 Time:32531 TotalReward:437.06934279262197
ETask 11-11: Configuration:10 Energy:49.51170454943999 Reward:1.7187552432836952 Raw:18.281244756716305 Time:32542 TotalReward:486.58104734206194
ETask 12-12: Configuration:11 Energy:54.90754816463999 Reward:-0.2735562454055369 Raw:20.273556245405537 Time:32550 TotalReward:541.4885955067019
ETask 13-13: Configuration:12 Energy:49.891004258832 Reward:1.5787061198158803 Raw:18.42129388018412 Time:32545 TotalReward:591.379599765534
ETask 14-14: Configuration:13 Energy:92.604058656135 Reward:-14.192267811496002 Raw:34.192267811496 Time:32538 TotalReward:683.9836584216689
ETask 15-15: Configuration:14 Energy:102.57002308252 Reward:-17.87200852277661 Raw:37.87200852277661 Time:32530 TotalReward:786.553681504189
ETask 16-16: Configuration:15 Energy:38.231491952759995 Reward:5.883756817442464 Raw:14.116243182557536 Time:32545 TotalReward:824.785173456949
ETask 17-17: Configuration:16 Energy:41.38907917472 Reward:4.717878458564922 Raw:15.282121541435078 Time:32547 TotalReward:866.174252631669
ETask 18-18: Configuration:17 Energy:36.498162613084 Reward:6.523755342861293 Raw:13.476244657138707 Time:32532 TotalReward:902.672415244753
ETask 19-19: Configuration:18 Energy:49.07591989981999 Reward:1.8796603446818487 Raw:18.12033965531815 Time:32535 TotalReward:951.7483351445729
ETask 20-20: Configuration:19 Energy:87.01917362652799 Reward:-12.130156415948797 Raw:32.1301564159488 Time:32527 TotalReward:1038.767508771101
ETask 21-21: Configuration:10 Energy:34.5176112832 Reward:7.255035833895384 Raw:12.744964166104616 Time:32559 TotalReward:1073.285120054301
ETask 22-22: Configuration:2 Energy:31.003028367197995 Reward:8.552727987496125 Raw:11.447272012503875 Time:32540 TotalReward:1104.2881484214988
ETask 23-23: Configuration:10 Energy:75.706549931776 Reward:-7.953187667117291 Raw:27.95318766711729 Time:32534 TotalReward:1179.9946983532748
ETask 24-24: Configuration:11 Energy:75.95621063842 Reward:-8.045370081878147 Raw:28.045370081878147 Time:32553 TotalReward:1255.9509089916949
ETask 25-25: Configuration:6 Energy:38.225588367694 Reward:5.885936602697598 Raw:14.114063397302402 Time:32568 TotalReward:1294.1764973593888
ETask 26-26: Configuration:10 Energy:30.844439344136 Reward:8.611283934472862 Raw:11.388716065527138 Time:32540 TotalReward:1325.0209367035247
ETask 27-27: Configuration:16 Energy:88.902640667256 Reward:-12.8255904002176 Raw:32.8255904002176 Time:32551 TotalReward:1413.9235773707808
ETask 28-28: Configuration:2 Energy:30.603434971199995 Reward:8.700270164480003 Raw:11.299729835519997 Time:32556 TotalReward:1444.5270123419807
ETask 29-29: Configuration:18 Energy:36.113809021108004 Reward:6.6656705152832 Raw:13.3343294847168 Time:32537 TotalReward:1480.6408213630887
ETask 30-30: Configuration:4 Energy:38.504925209504 Reward:5.782796845721601 Raw:14.2172031542784 Time:32541 TotalReward:1519.1457465725928
ETask 31-31: Configuration:12 Energy:55.26875922879999 Reward:-0.4069264844799996 Raw:20.40692648448 Time:32537 TotalReward:1574.4145058013928
ETask 32-32: Configuration:3 Energy:84.882079184344 Reward:-11.341075391142393 Raw:31.341075391142393 Time:32549 TotalReward:1659.296584985737
ETask 33-33: Configuration:7 Energy:35.302232085119996 Reward:6.965329691648002 Raw:13.034670308351998 Time:32542 TotalReward:1694.598817070857
ETask 34-34: Configuration:12 Energy:36.85253500552 Reward:6.392910151808001 Raw:13.607089848191999 Time:32550 TotalReward:1731.451352076377
ETask 35-35: Configuration:5 Energy:35.76595419618 Reward:6.794109219872 Raw:13.205890780128 Time:32558 TotalReward:1767.217306272557
ETask 36-36: Configuration:10 Energy:32.682252192044 Reward:7.932706882937602 Raw:12.067293117062398 Time:32555 TotalReward:1799.899558464601
ETask 37-37: Configuration:12 Energy:30.763216241471994 Reward:8.641274003148803 Raw:11.358725996851197 Time:32554 TotalReward:1830.662774706073
ETask 38-38: Configuration:9 Energy:35.868331410804004 Reward:6.756308402164677 Raw:13.243691597835323 Time:32540 TotalReward:1866.531106116877
ETask 39-39: Configuration:2 Energy:33.595973085905996 Reward:7.595333014434708 Raw:12.404666985565292 Time:32547 TotalReward:1900.127079202783
ETask 40-40: Configuration:12 Energy:32.93628505545401 Reward:7.838910133370829 Raw:12.16108986662917 Time:32544 TotalReward:1933.063364258237
ETask 41-41: Configuration:9 Energy:81.0183060065 Reward:-9.91445144855384 Raw:29.91445144855384 Time:32532 TotalReward:2014.081670264737
ETask 42-42: Configuration:11 Energy:30.938615614 Reward:8.576511157907694 Raw:11.423488842092306 Time:32528 TotalReward:2045.020285878737
ETask 43-43: Configuration:6 Energy:35.931877798908005 Reward:6.7328451204032 Raw:13.2671548795968 Time:32571 TotalReward:2080.952163677645
ETask 44-44: Configuration:7 Energy:35.114564194761996 Reward:7.0346224511648 Raw:12.9653775488352 Time:32528 TotalReward:2116.066727872407
ETask 45-45: Configuration:11 Energy:34.89910714684 Reward:7.114175822705228 Raw:12.885824177294772 Time:32529 TotalReward:2150.9658350192467
ETask 46-46: Configuration:11 Energy:44.591518294272 Reward:3.535439399038033 Raw:16.464560600961967 Time:32506 TotalReward:2195.557353313519
ETask 47-47: Configuration:11 Energy:47.555435617228 Reward:2.441069925946586 Raw:17.558930074053414 Time:32510 TotalReward:2243.112788930747
ETask 48-48: Configuration:5 Energy:51.328315326391994 Reward:1.0480066487168038 Raw:18.951993351283196 Time:32567 TotalReward:2294.4411042571387
ETask 49-49: Configuration:11 Energy:48.023467098152004 Reward:2.2682583022208007 Raw:17.7317416977792 Time:32538 TotalReward:2342.464571355291
ETask 50-50: Configuration:7 Energy:55.93374141739201 Reward:-0.6524583694985893 Raw:20.65245836949859 Time:32556 TotalReward:2398.398312772683
ETask 51-51: Configuration:11 Energy:50.18306356964201 Reward:1.47086883582449 Raw:18.52913116417551 Time:32581 TotalReward:2448.581376342325
ETask 52-52: Configuration:11 Energy:48.07054579752 Reward:2.2508753978387688 Raw:17.74912460216123 Time:32508 TotalReward:2496.651922139845
ETask 53-53: Configuration:10 Energy:60.9354351639 Reward:-2.4992375989784605 Raw:22.49923759897846 Time:32533 TotalReward:2557.5873573037447
ETask 54-54: Configuration:11 Energy:40.74523134988801 Reward:4.955606886195197 Raw:15.044393113804803 Time:32541 TotalReward:2598.3325886536327
ETask 55-55: Configuration:9 Energy:87.75684654659999 Reward:-12.402527955667686 Raw:32.402527955667686 Time:32533 TotalReward:2686.089435200233
ETask 56-56: Configuration:11 Energy:30.0712921344 Reward:8.896753673452308 Raw:11.103246326547692 Time:32528 TotalReward:2716.160727334633
ETask 57-57: Configuration:3 Energy:37.426962121559995 Reward:6.180813985885539 Raw:13.819186014114461 Time:32549 TotalReward:2753.587689456193
ETask 58-58: Configuration:3 Energy:30.193142886719997 Reward:8.851762626441849 Raw:11.148237373558151 Time:32526 TotalReward:2783.780832342913
ETask 59-59: Configuration:3 Energy:39.518150910479996 Reward:5.408682740745849 Raw:14.59131725925415 Time:32511 TotalReward:2823.298983253393
ETask 60-60: Configuration:7 Energy:37.07337731328 Reward:6.3113683766350785 Raw:13.688631623364921 Time:32562 TotalReward:2860.3723605666733
ETask 61-61: Configuration:3 Energy:32.55800369975999 Reward:7.978583249319385 Raw:12.021416750680615 Time:32542 TotalReward:2892.930364266433
ETask 62-62: Configuration:8 Energy:76.70471162903999 Reward:-8.321739678414772 Raw:28.321739678414772 Time:32546 TotalReward:2969.635075895473
ETask 63-63: Configuration:8 Energy:77.99995465415999 Reward:-8.799983256920616 Raw:28.799983256920616 Time:32523 TotalReward:3047.635030549633
ETask 64-64: Configuration:10 Energy:74.18589366003201 Reward:-7.391714582165665 Raw:27.391714582165665 Time:32544 TotalReward:3121.820924209665
ETask 65-65: Configuration:3 Energy:30.409909387264 Reward:8.771725764702524 Raw:11.228274235297476 Time:32545 TotalReward:3152.230833596929
ETask 66-66: Configuration:0 Energy:30.423161340672 Reward:8.766832735751876 Raw:11.233167264248124 Time:32539 TotalReward:3182.653994937601
ETask 67-67: Configuration:10 Energy:31.972925470847994 Reward:8.19461213384074 Raw:11.80538786615926 Time:32536 TotalReward:3214.626920408449
ETask 68-68: Configuration:10 Energy:34.285363310592 Reward:7.340788931473725 Raw:12.659211068526275 Time:32505 TotalReward:3248.912283719041
ETask 69-69: Configuration:10 Energy:43.954000359168006 Reward:3.770830636614889 Raw:16.22916936338511 Time:32510 TotalReward:3292.866284078209
ETask 70-70: Configuration:10 Energy:34.397627966464 Reward:7.299337366228679 Raw:12.700662633771321 Time:32512 TotalReward:3327.263912044673
ETask 71-71: Configuration:11 Energy:34.760912659199995 Reward:7.16520147968 Raw:12.83479852032 Time:32527 TotalReward:3362.024824703873
ETask 72-72: Configuration:10 Energy:38.566732658432 Reward:5.75997563380972 Raw:14.24002436619028 Time:32546 TotalReward:3400.591557362305
ETask 73-73: Configuration:10 Energy:35.01056223581 Reward:7.073023174470153 Raw:12.926976825529847 Time:32505 TotalReward:3435.602119598115
ETask 74-74: Configuration:12 Energy:35.593761687509996 Reward:6.857687992304001 Raw:13.142312007695999 Time:32531 TotalReward:3471.195881285625
ETask 75-75: Configuration:11 Energy:76.33121779745001 Reward:-8.183834263673852 Raw:28.18383426367385 Time:32536 TotalReward:3547.527099083075
ETask 76-76: Configuration:11 Energy:91.65582559543199 Reward:-13.842150989082576 Raw:33.842150989082576 Time:32515 TotalReward:3639.182924678507
ETask 77-77: Configuration:2 Energy:35.014434348669994 Reward:7.071593471260313 Raw:12.928406528739687 Time:32536 TotalReward:3674.197359027177
ETask 78-78: Configuration:11 Energy:66.688988039982 Reward:-4.623626353224118 Raw:24.623626353224118 Time:32534 TotalReward:3740.886347067159
ETask 79-79: Configuration:11 Energy:81.09463253273199 Reward:-9.9426335505472 Raw:29.9426335505472 Time:32504 TotalReward:3821.980979599891
ETask 80-80: Configuration:11 Energy:81.136940827152 Reward:-9.958255074640746 Raw:29.958255074640746 Time:32506 TotalReward:3903.117920427043
ETask 81-81: Configuration:11 Energy:74.37620396287198 Reward:-7.461983001675808 Raw:27.461983001675808 Time:32509 TotalReward:3977.4941243899148
ETask 82-82: Configuration:11 Energy:39.57927645419999 Reward:5.386113309218468 Raw:14.613886690781532 Time:32511 TotalReward:4017.0734008441145
ETask 83-83: Configuration:11 Energy:38.937694927151995 Reward:5.62300494997465 Raw:14.37699505002535 Time:32502 TotalReward:4056.0110957712664
ETask 84-84: Configuration:10 Energy:38.199726064192 Reward:5.895485760913722 Raw:14.104514239086278 Time:32520 TotalReward:4094.2108218354583
ETask 85-85: Configuration:11 Energy:52.704305244584 Reward:0.5399488327689852 Raw:19.460051167231015 Time:32547 TotalReward:4146.915127080042
ETask 86-86: Configuration:11 Energy:91.14358977024 Reward:-13.653017761319376 Raw:33.653017761319376 Time:32503 TotalReward:4238.0587168502825
ETask 87-87: Configuration:11 Energy:88.80103380262399 Reward:-12.788074019430397 Raw:32.7880740194304 Time:32508 TotalReward:4326.859750652907
ETask 88-88: Configuration:11 Energy:93.68260990540799 Reward:-14.590502118919872 Raw:34.59050211891987 Time:32507 TotalReward:4420.542360558315
ETask 89-89: Configuration:11 Energy:63.36084881279999 Reward:-3.394774946264615 Raw:23.394774946264615 Time:32509 TotalReward:4483.903209371115
ETask 90-90: Configuration:11 Energy:54.406713906175995 Reward:-0.08863282689575058 Raw:20.08863282689575 Time:32505 TotalReward:4538.309923277291
ETask 91-91: Configuration:11 Energy:54.045445362176004 Reward:0.04475863550424464 Raw:19.955241364495755 Time:32503 TotalReward:4592.355368639467
ETask 92-92: Configuration:11 Energy:62.283375068732994 Reward:-2.9969384869168003 Raw:22.9969384869168 Time:32507 TotalReward:4654.6387437082
ETask 93-93: Configuration:11 Energy:35.437185832113 Reward:6.9155006158351995 Raw:13.0844993841648 Time:32507 TotalReward:4690.075929540313
ETask 94-94: Configuration:11 Energy:53.477115613086 Reward:0.2546034659374783 Raw:19.74539653406252 Time:32508 TotalReward:4743.5530451534
ETask 95-95: Configuration:11 Energy:38.60858133375 Reward:5.744523815230769 Raw:14.25547618476923 Time:32508 TotalReward:4782.16162648715
ETask 96-96: Configuration:11 Energy:35.695178007456 Reward:6.820241966477784 Raw:13.179758033522216 Time:32512 TotalReward:4817.856804494606
ETask 97-97: Configuration:11 Energy:40.85334652723199 Reward:4.915687436098958 Raw:15.084312563901042 Time:32509 TotalReward:4858.710151021838
ETask 98-98: Configuration:4 Energy:81.682434526272 Reward:-10.159668132777359 Raw:30.15966813277736 Time:32524 TotalReward:4940.39258554811
ETask 99-99: Configuration:4 Energy:41.475535273248006 Reward:4.685956206800737 Raw:15.314043793199263 Time:32506 TotalReward:4981.868120821358
ETask 100-100: Configuration:11 Energy:37.581776849280004 Reward:6.12365162488123 Raw:13.87634837511877 Time:32540 TotalReward:5019.449897670638
ETask 101-101: Configuration:11 Energy:40.737085630464 Reward:4.95861453644406 Raw:15.04138546355594 Time:32503 TotalReward:5060.186983301102
ETask 102-102: Configuration:11 Energy:38.343112787231995 Reward:5.8425429708681875 Raw:14.157457029131812 Time:32507 TotalReward:5098.530096088334
ETask 103-103: Configuration:11 Energy:40.604842375871996 Reward:5.0074428150626495 Raw:14.99255718493735 Time:32507 TotalReward:5139.134938464206
ETask 104-104: Configuration:11 Energy:35.07211389696 Reward:7.050296407276308 Raw:12.949703592723692 Time:32509 TotalReward:5174.2070523611665
ETask 105-105: Configuration:11 Energy:50.290177591296 Reward:1.431319043213783 Raw:18.568680956786217 Time:32511 TotalReward:5224.4972299524625
ETask 106-106: Configuration:11 Energy:51.3549113175 Reward:1.0381865904615388 Raw:18.96181340953846 Time:32505 TotalReward:5275.852141269963
ETask 107-107: Configuration:11 Energy:52.5927984288 Reward:0.5811205801353836 Raw:19.418879419864616 Time:32506 TotalReward:5328.444939698763
ETask 108-108: Configuration:11 Energy:50.06903463828 Reward:1.512971825865847 Raw:18.487028174134153 Time:32509 TotalReward:5378.513974337043
ETask 109-109: Configuration:11 Energy:95.2780321758 Reward:-15.179581111064614 Raw:35.179581111064614 Time:32508 TotalReward:5473.792006512843
ETask 110-110: Configuration:11 Energy:92.93606042493599 Reward:-14.314853079976366 Raw:34.314853079976366 Time:32510 TotalReward:5566.728066937779
ETask 111-111: Configuration:11 Energy:127.79994091872798 Reward:-27.187670493068794 Raw:47.187670493068794 Time:32503 TotalReward:5694.5280078565065
ETask 112-112: Configuration:11 Energy:40.385006393240005 Reward:5.088613024034462 Raw:14.911386975965538 Time:32505 TotalReward:5734.913014249746
ETask 113-113: Configuration:11 Energy:38.529997350912 Reward:5.7735394396632636 Raw:14.226460560336736 Time:32508 TotalReward:5773.443011600658
ETask 114-114: Configuration:11 Energy:38.714078959847996 Reward:5.705570845594584 Raw:14.294429154405416 Time:32508 TotalReward:5812.157090560506
ETask 115-115: Configuration:11 Energy:59.155900528951996 Reward:-1.84217865684381 Raw:21.84217865684381 Time:32506 TotalReward:5871.312991089458
ETask 116-116: Configuration:11 Energy:41.32950676339 Reward:4.73987442582523 Raw:15.26012557417477 Time:32512 TotalReward:5912.642497852848
ETask 117-117: Configuration:11 Energy:43.48571641059299 Reward:3.9437354791656674 Raw:16.056264520834333 Time:32504 TotalReward:5956.128214263441
ETask 118-118: Configuration:11 Energy:43.80450195156 Reward:3.826030048654772 Raw:16.173969951345228 Time:32516 TotalReward:5999.932716215001
ETask 119-119: Configuration:11 Energy:35.63646716799 Reward:6.841919814896 Raw:13.158080185104 Time:32518 TotalReward:6035.5691833829915
ETask 120-120: Configuration:11 Energy:43.67299555647 Reward:3.8745862560726145 Raw:16.125413743927385 Time:32502 TotalReward:6079.242178939461
ETask 121-121: Configuration:11 Energy:50.438032435394994 Reward:1.37672648539262 Raw:18.62327351460738 Time:32504 TotalReward:6129.680211374856
ERun: Time:3940898
==END-RUN 0==
==ROUND-END==
STOKE: Config: 0 - Knobs: {interval:10000 priority:104 sensor-configuration:1 batch:5 }  | -- on:2 reward:6.8495
STOKE: Config: 1 - Knobs: {interval:7750 priority:104 sensor-configuration:1 batch:5 }  | -- on:1 reward:5.6918
STOKE: Config: 2 - Knobs: {interval:5500 priority:104 sensor-configuration:1 batch:5 }  | -- on:5 reward:7.7966
STOKE: Config: 3 - Knobs: {interval:3500 priority:104 sensor-configuration:1 batch:5 }  | -- on:7 reward:3.7543
STOKE: Config: 4 - Knobs: {interval:1000 priority:104 sensor-configuration:1 batch:5 }  | -- on:4 reward:1.5539
STOKE: Config: 5 - Knobs: {interval:10000 priority:100 sensor-configuration:1 batch:5 }  | -- on:3 reward:4.9542
STOKE: Config: 6 - Knobs: {interval:7750 priority:100 sensor-configuration:1 batch:5 }  | -- on:3 reward:6.1117
STOKE: Config: 7 - Knobs: {interval:5500 priority:100 sensor-configuration:1 batch:5 }  | -- on:5 reward:4.0223
STOKE: Config: 8 - Knobs: {interval:3500 priority:100 sensor-configuration:1 batch:5 }  | -- on:3 reward:-4.0287
STOKE: Config: 9 - Knobs: {interval:1000 priority:100 sensor-configuration:1 batch:5 }  | -- on:4 reward:-4.7970
STOKE: Config: 10 - Knobs: {interval:10000 priority:104 sensor-configuration:1 batch:1 }  | -- on:14 reward:3.7863
STOKE: Config: 11 - Knobs: {interval:7750 priority:104 sensor-configuration:1 batch:1 }  | -- on:55 reward:-0.1588
STOKE: Config: 12 - Knobs: {interval:5500 priority:104 sensor-configuration:1 batch:1 }  | -- on:6 reward:5.1504
STOKE: Config: 13 - Knobs: {interval:3500 priority:104 sensor-configuration:1 batch:1 }  | -- on:1 reward:-14.1923
STOKE: Config: 14 - Knobs: {interval:1000 priority:104 sensor-configuration:1 batch:1 }  | -- on:1 reward:-17.8720
STOKE: Config: 15 - Knobs: {interval:10000 priority:100 sensor-configuration:1 batch:1 }  | -- on:1 reward:5.8838
STOKE: Config: 16 - Knobs: {interval:7750 priority:100 sensor-configuration:1 batch:1 }  | -- on:2 reward:-4.0539
STOKE: Config: 17 - Knobs: {interval:5500 priority:100 sensor-configuration:1 batch:1 }  | -- on:1 reward:6.5238
STOKE: Config: 18 - Knobs: {interval:3500 priority:100 sensor-configuration:1 batch:1 }  | -- on:2 reward:4.2727
STOKE: Config: 19 - Knobs: {interval:1000 priority:100 sensor-configuration:1 batch:1 }  | -- on:1 reward:-12.1302
==RUN 1==
Bandit Runs:1 Tasks-in-Run:100
Self-Optimizer Rounds:0 Tasks-in-Round:0
Continuous Knob Rounds:Inf Tasks-in-Round:0
STOKE: Start Bat: 0.940000
ETask 1-1: Configuration:0 Energy:37.1605246155 Reward:6.279190911199999 Raw:13.720809088800001 Time:32510 TotalReward:37.1605246155
ETask 2-2: Configuration:1 Energy:63.77574646989 Reward:-3.5479679273440006 Raw:23.547967927344 Time:32538 TotalReward:100.93627108539
ETask 3-3: Configuration:2 Energy:38.67192083056499 Reward:5.7211369240990795 Raw:14.27886307590092 Time:32525 TotalReward:139.608191915955
ETask 4-4: Configuration:3 Energy:40.182574049100005 Reward:5.163357274178461 Raw:14.83664272582154 Time:32536 TotalReward:179.790765965055
ETask 5-5: Configuration:4 Energy:40.19614507503001 Reward:5.158346433835073 Raw:14.841653566164927 Time:32537 TotalReward:219.986911040085
ETask 6-6: Configuration:5 Energy:49.72146799347001 Reward:1.6413041254879985 Raw:18.358695874512 Time:32565 TotalReward:269.708379033555
ETask 7-7: Configuration:6 Energy:35.329688048526 Reward:6.955192105159631 Raw:13.04480789484037 Time:32555 TotalReward:305.038067082081
ETask 8-8: Configuration:7 Energy:46.05178336720199 Reward:2.9962646028792648 Raw:17.003735397120735 Time:32561 TotalReward:351.089850449283
ETask 9-9: Configuration:8 Energy:45.231339678873 Reward:3.2991976570315096 Raw:16.70080234296849 Time:32531 TotalReward:396.321190128156
ETask 10-10: Configuration:9 Energy:37.359944011223995 Reward:6.205559134317294 Raw:13.794440865682706 Time:32538 TotalReward:433.68113413938
ETask 11-11: Configuration:10 Energy:31.714835654312996 Reward:8.289906835330587 Raw:11.710093164669413 Time:32539 TotalReward:465.395969793693
ETask 12-12: Configuration:11 Energy:32.372650231935 Reward:8.047021452824 Raw:11.952978547176 Time:32535 TotalReward:497.76862002562797
ETask 13-13: Configuration:12 Energy:53.62629513082799 Reward:0.1995217978481243 Raw:19.800478202151876 Time:32530 TotalReward:551.3949151564559
ETask 14-14: Configuration:13 Energy:50.404071590217 Reward:1.3892658743814152 Raw:18.610734125618585 Time:32563 TotalReward:601.7989867466729
ETask 15-15: Configuration:14 Energy:50.429786217612 Reward:1.3797712427278768 Raw:18.620228757272123 Time:32537 TotalReward:652.2287729642849
ETask 16-16: Configuration:15 Energy:40.55918501750399 Reward:5.024300916613912 Raw:14.975699083386088 Time:32537 TotalReward:692.7879579817888
ETask 17-17: Configuration:16 Energy:40.38302014992 Reward:5.089346406183385 Raw:14.910653593816615 Time:32553 TotalReward:733.1709781317088
ETask 18-18: Configuration:17 Energy:48.772897448058 Reward:1.9915455576401229 Raw:18.008454442359877 Time:32536 TotalReward:781.9438755797668
ETask 19-19: Configuration:18 Energy:42.954393676887 Reward:4.139916180841723 Raw:15.860083819158277 Time:32529 TotalReward:824.8982692566537
ETask 20-20: Configuration:19 Energy:94.202450111643 Reward:-14.78244311814511 Raw:34.78244311814511 Time:32534 TotalReward:919.1007193682967
ETask 21-21: Configuration:9 Energy:42.673461422228 Reward:4.2436450133312 Raw:15.7563549866688 Time:32523 TotalReward:961.7741807905247
ETask 22-22: Configuration:5 Energy:38.986880723405996 Reward:5.604844040588553 Raw:14.395155959411447 Time:32539 TotalReward:1000.7610615139307
ETask 23-23: Configuration:12 Energy:34.710375942148005 Reward:7.1838611905915055 Raw:12.816138809408494 Time:32528 TotalReward:1035.4714374560788
ETask 24-24: Configuration:12 Energy:40.407050151924 Reward:5.080473790058832 Raw:14.919526209941168 Time:32510 TotalReward:1075.8784876080028
ETask 25-25: Configuration:4 Energy:42.305035076598 Reward:4.379679356333044 Raw:15.620320643666956 Time:32525 TotalReward:1118.1835226846008
ETask 26-26: Configuration:14 Energy:81.621677132412 Reward:-10.137234633505969 Raw:30.13723463350597 Time:32524 TotalReward:1199.8051998170129
ETask 27-27: Configuration:13 Energy:87.81389450801501 Reward:-12.423591818344 Raw:32.423591818344 Time:32539 TotalReward:1287.6190943250278
ETask 28-28: Configuration:17 Energy:46.973529023850006 Reward:2.655927745039996 Raw:17.344072254960004 Time:32546 TotalReward:1334.5926233488779
ETask 29-29: Configuration:17 Energy:85.5108966153 Reward:-11.573254134879999 Raw:31.57325413488 Time:32513 TotalReward:1420.1035199641778
ETask 30-30: Configuration:17 Energy:46.596374853600004 Reward:2.795184669440001 Raw:17.20481533056 Time:32510 TotalReward:1466.699894817778
ETask 31-31: Configuration:19 Energy:88.26594362274 Reward:-12.590502260704 Raw:32.590502260704 Time:32523 TotalReward:1554.965838440518
ETask 32-32: Configuration:17 Energy:43.45769062336 Reward:3.9540834621439984 Raw:16.045916537856 Time:32544 TotalReward:1598.4235290638778
ETask 33-33: Configuration:4 Energy:53.16419781101 Reward:0.37014234670400015 Raw:19.629857653296 Time:32540 TotalReward:1651.5877268748877
ETask 34-34: Configuration:0 Energy:48.717186456120004 Reward:2.0121157700479984 Raw:17.987884229952 Time:32582 TotalReward:1700.3049133310078
ETask 35-35: Configuration:1 Energy:134.72295177525 Reward:-29.743859117015397 Raw:49.7438591170154 Time:32549 TotalReward:1835.0278651062579
ETask 36-36: Configuration:10 Energy:47.019481778608 Reward:2.638960574052433 Raw:17.361039425947567 Time:32525 TotalReward:1882.0473468848659
ETask 37-37: Configuration:17 Energy:49.70311600137 Reward:1.648080245648 Raw:18.351919754352 Time:32535 TotalReward:1931.750462886236
ETask 38-38: Configuration:2 Energy:33.159873560576 Reward:7.756354377633475 Raw:12.243645622366525 Time:32590 TotalReward:1964.910336446812
ETask 39-39: Configuration:2 Energy:31.494945962646 Reward:8.371096875330705 Raw:11.628903124669295 Time:32526 TotalReward:1996.4052824094579
ETask 40-40: Configuration:5 Energy:34.914193519697996 Reward:7.108605469649971 Raw:12.891394530350029 Time:32558 TotalReward:2031.319475929156
ETask 41-41: Configuration:17 Energy:41.813550307074 Reward:4.561150655849598 Raw:15.438849344150402 Time:32524 TotalReward:2073.13302623623
ETask 42-42: Configuration:10 Energy:50.61949187082401 Reward:1.3097260784649798 Raw:18.69027392153502 Time:32538 TotalReward:2123.7525181070537
ETask 43-43: Configuration:18 Energy:85.15192738540101 Reward:-11.440711649994213 Raw:31.440711649994213 Time:32535 TotalReward:2208.9044454924547
ETask 44-44: Configuration:17 Energy:44.059774232340004 Reward:3.7317756680590755 Raw:16.268224331940925 Time:32552 TotalReward:2252.9642197247945
ETask 45-45: Configuration:4 Energy:48.220432830675 Reward:2.195532493289228 Raw:17.804467506710772 Time:32542 TotalReward:2301.1846525554693
ETask 46-46: Configuration:4 Energy:33.59557999943999 Reward:7.595478154052927 Raw:12.404521845947073 Time:32517 TotalReward:2334.780232554909
ETask 47-47: Configuration:17 Energy:38.659150508625 Reward:5.725852119892311 Raw:14.274147880107689 Time:32534 TotalReward:2373.439383063534
ETask 48-48: Configuration:17 Energy:48.39608253870001 Reward:2.1306772164799987 Raw:17.86932278352 Time:32511 TotalReward:2421.835465602234
ETask 49-49: Configuration:5 Energy:36.145445207760005 Reward:6.653989461750152 Raw:13.346010538249848 Time:32570 TotalReward:2457.980910809994
ETask 50-50: Configuration:0 Energy:34.98396051645 Reward:7.0828453477723095 Raw:12.91715465222769 Time:32538 TotalReward:2492.964871326444
ETask 51-51: Configuration:1 Energy:33.685066373759994 Reward:7.562437031227079 Raw:12.437562968772921 Time:32568 TotalReward:2526.649937700204
ETask 52-52: Configuration:17 Energy:38.76383695931999 Reward:5.687198661174159 Raw:14.31280133882584 Time:32552 TotalReward:2565.4137746595243
ETask 53-53: Configuration:17 Energy:84.09076631009998 Reward:-11.048898329883073 Raw:31.048898329883073 Time:32504 TotalReward:2649.504540969624
ETask 54-54: Configuration:5 Energy:39.296178131039994 Reward:5.490641920846771 Raw:14.509358079153229 Time:32572 TotalReward:2688.800719100664
ETask 55-55: Configuration:18 Energy:66.38406794171 Reward:-4.511040470785236 Raw:24.511040470785236 Time:32523 TotalReward:2755.184787042374
ETask 56-56: Configuration:17 Energy:93.157945470128 Reward:-14.396779865893421 Raw:34.39677986589342 Time:32550 TotalReward:2848.342732512502
ETask 57-57: Configuration:18 Energy:94.79537636112 Reward:-15.001369733336617 Raw:35.00136973333662 Time:32530 TotalReward:2943.138108873622
ETask 58-58: Configuration:11 Energy:53.45780414279201 Reward:0.2617338549691013 Raw:19.7382661450309 Time:32538 TotalReward:2996.595913016414
ETask 59-59: Configuration:17 Energy:111.85554150737201 Reward:-21.300507633491193 Raw:41.30050763349119 Time:32548 TotalReward:3108.451454523786
ETask 60-60: Configuration:17 Energy:42.8510801418 Reward:4.178062716873848 Raw:15.821937283126152 Time:32510 TotalReward:3151.3025346655863
ETask 61-61: Configuration:17 Energy:85.41644906267399 Reward:-11.538381192371933 Raw:31.538381192371933 Time:32510 TotalReward:3236.7189837282604
ETask 62-62: Configuration:17 Energy:45.137068108704 Reward:3.334005621401598 Raw:16.665994378598402 Time:32509 TotalReward:3281.8560518369645
ETask 63-63: Configuration:17 Energy:38.024218984533 Reward:5.96028837494166 Raw:14.03971162505834 Time:32512 TotalReward:3319.8802708214976
ETask 64-64: Configuration:11 Energy:31.612821233522 Reward:8.327573698391877 Raw:11.672426301608123 Time:32528 TotalReward:3351.4930920550196
ETask 65-65: Configuration:17 Energy:56.88299800823499 Reward:-1.0029531107329177 Raw:21.002953110732918 Time:32557 TotalReward:3408.3760900632547
ETask 66-66: Configuration:17 Energy:82.87317508760398 Reward:-10.599326186192236 Raw:30.599326186192236 Time:32504 TotalReward:3491.2492651508587
ETask 67-67: Configuration:17 Energy:43.618510113671995 Reward:3.8947039580288028 Raw:16.105296041971197 Time:32510 TotalReward:3534.867775264531
ETask 68-68: Configuration:17 Energy:36.19488834542099 Reward:6.635733533998403 Raw:13.364266466001597 Time:32508 TotalReward:3571.062663609952
ETask 69-69: Configuration:17 Energy:39.83630676641 Reward:5.29120980932554 Raw:14.70879019067446 Time:32508 TotalReward:3610.898970376362
ETask 70-70: Configuration:17 Energy:36.285874821372 Reward:6.602138527493416 Raw:13.397861472506584 Time:32502 TotalReward:3647.184845197734
ETask 71-71: Configuration:17 Energy:80.23085975229999 Reward:-9.62370206238769 Raw:29.62370206238769 Time:32508 TotalReward:3727.415704950034
ETask 72-72: Configuration:17 Energy:42.38555792078399 Reward:4.349947844633602 Raw:15.650052155366398 Time:32507 TotalReward:3769.801262870818
ETask 73-73: Configuration:17 Energy:39.87260629248 Reward:5.2778069073920015 Raw:14.722193092607998 Time:32508 TotalReward:3809.673869163298
ETask 74-74: Configuration:17 Energy:38.77731041329599 Reward:5.682223847398406 Raw:14.317776152601594 Time:32507 TotalReward:3848.4511795765943
ETask 75-75: Configuration:17 Energy:39.537807783136 Reward:5.401424818534398 Raw:14.598575181465602 Time:32507 TotalReward:3887.9889873597303
ETask 76-76: Configuration:17 Energy:91.036671807536 Reward:-13.613540359705596 Raw:33.613540359705596 Time:32507 TotalReward:3979.0256591672664
ETask 77-77: Configuration:17 Energy:59.75197632206399 Reward:-2.0622681804543923 Raw:22.062268180454392 Time:32505 TotalReward:4038.7776354893304
ETask 78-78: Configuration:17 Energy:54.41447758593599 Reward:-0.09149941634559866 Raw:20.0914994163456 Time:32505 TotalReward:4093.192113075266
ETask 79-79: Configuration:15 Energy:95.039511244496 Reward:-15.091511844121598 Raw:35.0915118441216 Time:32533 TotalReward:4188.231624319762
ETask 80-80: Configuration:17 Energy:84.46289942875201 Reward:-11.186301327539205 Raw:31.186301327539205 Time:32537 TotalReward:4272.694523748514
ETask 81-81: Configuration:17 Energy:43.36270413474 Reward:3.9891553964036923 Raw:16.010844603596308 Time:32505 TotalReward:4316.057227883254
ETask 82-82: Configuration:6 Energy:98.05698281868001 Reward:-16.205655194589546 Raw:36.205655194589546 Time:32543 TotalReward:4414.114210701934
ETask 83-83: Configuration:17 Energy:86.213174827794 Reward:-11.832556859493167 Raw:31.832556859493167 Time:32536 TotalReward:4500.327385529728
ETask 84-84: Configuration:17 Energy:41.725630538385005 Reward:4.593613339673228 Raw:15.406386660326772 Time:32510 TotalReward:4542.053016068114
ETask 85-85: Configuration:17 Energy:38.148954385940996 Reward:5.914232226729478 Raw:14.085767773270522 Time:32509 TotalReward:4580.201970454054
ETask 86-86: Configuration:17 Energy:38.539529894249995 Reward:5.77001973135385 Raw:14.22998026864615 Time:32509 TotalReward:4618.741500348305
ETask 87-87: Configuration:17 Energy:52.40078729376001 Reward:0.6520169992270723 Raw:19.347983000772928 Time:32509 TotalReward:4671.142287642065
ETask 88-88: Configuration:17 Energy:41.395602875426995 Reward:4.715469707534645 Raw:15.284530292465355 Time:32501 TotalReward:4712.537890517492
ETask 89-89: Configuration:11 Energy:36.89705087053599 Reward:6.376473524725171 Raw:13.62352647527483 Time:32558 TotalReward:4749.434941388028
ETask 90-90: Configuration:17 Energy:59.24126741620601 Reward:-1.8736987382914485 Raw:21.87369873829145 Time:32533 TotalReward:4808.676208804234
ETask 91-91: Configuration:17 Energy:54.36752922142 Reward:-0.07416463560123177 Raw:20.07416463560123 Time:32501 TotalReward:4863.043738025654
ETask 92-92: Configuration:17 Energy:38.38773812972399 Reward:5.826065921332679 Raw:14.17393407866732 Time:32510 TotalReward:4901.431476155379
ETask 93-93: Configuration:17 Energy:37.03288637750399 Reward:6.326318875998526 Raw:13.673681124001474 Time:32510 TotalReward:4938.464362532883
ETask 94-94: Configuration:11 Energy:34.19391234182999 Reward:7.374555443016618 Raw:12.625444556983382 Time:32543 TotalReward:4972.658274874712
ETask 95-95: Configuration:17 Energy:39.42025424099 Reward:5.444829203326773 Raw:14.555170796673227 Time:32543 TotalReward:5012.078529115703
ETask 96-96: Configuration:17 Energy:87.49265032972798 Reward:-12.304978583284182 Raw:32.30497858328418 Time:32507 TotalReward:5099.571179445431
ETask 97-97: Configuration:17 Energy:42.95161382399999 Reward:4.140942588061542 Raw:15.859057411938458 Time:32504 TotalReward:5142.522793269431
ETask 98-98: Configuration:17 Energy:38.644217799488 Reward:5.731365735573663 Raw:14.268634264426337 Time:32504 TotalReward:5181.167011068918
ETask 99-99: Configuration:2 Energy:46.2919580486 Reward:2.9075847205169225 Raw:17.092415279483077 Time:32574 TotalReward:5227.458969117518
ETask 100-100: Configuration:17 Energy:39.38443346221 Reward:5.458055337030151 Raw:14.541944662969849 Time:32530 TotalReward:5266.843402579728
ETask 101-101: Configuration:15 Energy:54.40717011397001 Reward:-0.08880127285046768 Raw:20.088801272850468 Time:32534 TotalReward:5321.250572693698
ETask 102-102: Configuration:17 Energy:86.35649316112 Reward:-11.885474397952002 Raw:31.885474397952002 Time:32542 TotalReward:5407.607065854818
ETask 103-103: Configuration:17 Energy:43.65032580289999 Reward:3.8829566266215423 Raw:16.117043373378458 Time:32506 TotalReward:5451.257391657718
ETask 104-104: Configuration:17 Energy:39.71163710563199 Reward:5.337241684074341 Raw:14.66275831592566 Time:32505 TotalReward:5490.969028763349
ETask 105-105: Configuration:17 Energy:59.437283751192 Reward:-1.9460740004401238 Raw:21.946074000440124 Time:32503 TotalReward:5550.406312514541
ETask 106-106: Configuration:17 Energy:51.334542897119995 Reward:1.0457072379864627 Raw:18.954292762013537 Time:32508 TotalReward:5601.740855411661
ETask 107-107: Configuration:17 Energy:97.06482339564602 Reward:-15.839319407623137 Raw:35.83931940762314 Time:32504 TotalReward:5698.805678807307
ETask 108-108: Configuration:17 Energy:56.290554888669995 Reward:-0.7842048819704601 Raw:20.78420488197046 Time:32504 TotalReward:5755.096233695977
ETask 109-109: Configuration:17 Energy:78.304714648842 Reward:-8.912510024187817 Raw:28.912510024187817 Time:32504 TotalReward:5833.400948344819
ETask 110-110: Configuration:17 Energy:39.538543954350004 Reward:5.401153001470766 Raw:14.598846998529234 Time:32509 TotalReward:5872.939492299169
ETask 111-111: Configuration:17 Energy:52.676098466747995 Reward:0.550363643046893 Raw:19.449636356953107 Time:32504 TotalReward:5925.615590765917
ETask 112-112: Configuration:17 Energy:48.354680185559 Reward:2.1459642391782126 Raw:17.854035760821787 Time:32513 TotalReward:5973.970270951476
ETask 113-113: Configuration:17 Energy:81.777989049808 Reward:-10.194949803006029 Raw:30.19494980300603 Time:32505 TotalReward:6055.748260001284
ETask 114-114: Configuration:17 Energy:41.66695548813 Reward:4.615277973613537 Raw:15.384722026386463 Time:32506 TotalReward:6097.415215489414
ETask 115-115: Configuration:17 Energy:72.210145773064 Reward:-6.662207670054396 Raw:26.662207670054396 Time:32508 TotalReward:6169.625361262478
ETask 116-116: Configuration:17 Energy:49.930505723264 Reward:1.564120963717908 Raw:18.435879036282092 Time:32510 TotalReward:6219.555866985742
ETask 117-117: Configuration:17 Energy:47.123957376886004 Reward:2.6003849685343994 Raw:17.3996150314656 Time:32502 TotalReward:6266.679824362628
ETask 118-118: Configuration:17 Energy:50.71257287984999 Reward:1.2753577059015413 Raw:18.72464229409846 Time:32505 TotalReward:6317.392397242478
ETask 119-119: Configuration:17 Energy:56.113170079323 Reward:-0.718708952365418 Raw:20.718708952365418 Time:32505 TotalReward:6373.505567321801
ETask 120-120: Configuration:17 Energy:39.378475476144004 Reward:5.46025520880837 Raw:14.53974479119163 Time:32505 TotalReward:6412.884042797945
ETask 121-121: Configuration:17 Energy:43.240603128576 Reward:4.034238844833478 Raw:15.965761155166522 Time:32506 TotalReward:6456.124645926521
ERun: Time:3940322
==END-RUN 1==
==ROUND-END==
STOKE: Config: 0 - Knobs: {interval:10000 priority:104 sensor-configuration:1 batch:5 }  | -- on:3 reward:5.1247
STOKE: Config: 1 - Knobs: {interval:7750 priority:104 sensor-configuration:1 batch:5 }  | -- on:3 reward:-8.5765
STOKE: Config: 2 - Knobs: {interval:5500 priority:104 sensor-configuration:1 batch:5 }  | -- on:4 reward:6.1890
STOKE: Config: 3 - Knobs: {interval:3500 priority:104 sensor-configuration:1 batch:5 }  | -- on:1 reward:5.1634
STOKE: Config: 4 - Knobs: {interval:1000 priority:104 sensor-configuration:1 batch:5 }  | -- on:5 reward:3.9398
STOKE: Config: 5 - Knobs: {interval:10000 priority:100 sensor-configuration:1 batch:5 }  | -- on:5 reward:5.2999
STOKE: Config: 6 - Knobs: {interval:7750 priority:100 sensor-configuration:1 batch:5 }  | -- on:2 reward:-4.6252
STOKE: Config: 7 - Knobs: {interval:5500 priority:100 sensor-configuration:1 batch:5 }  | -- on:1 reward:2.9963
STOKE: Config: 8 - Knobs: {interval:3500 priority:100 sensor-configuration:1 batch:5 }  | -- on:1 reward:3.2992
STOKE: Config: 9 - Knobs: {interval:1000 priority:100 sensor-configuration:1 batch:5 }  | -- on:2 reward:5.2246
STOKE: Config: 10 - Knobs: {interval:10000 priority:104 sensor-configuration:1 batch:1 }  | -- on:3 reward:4.0795
STOKE: Config: 11 - Knobs: {interval:7750 priority:104 sensor-configuration:1 batch:1 }  | -- on:5 reward:6.0775
STOKE: Config: 12 - Knobs: {interval:5500 priority:104 sensor-configuration:1 batch:1 }  | -- on:3 reward:4.1546
STOKE: Config: 13 - Knobs: {interval:3500 priority:104 sensor-configuration:1 batch:1 }  | -- on:2 reward:-5.5172
STOKE: Config: 14 - Knobs: {interval:1000 priority:104 sensor-configuration:1 batch:1 }  | -- on:2 reward:-4.3787
STOKE: Config: 15 - Knobs: {interval:10000 priority:100 sensor-configuration:1 batch:1 }  | -- on:3 reward:-3.3853
STOKE: Config: 16 - Knobs: {interval:7750 priority:100 sensor-configuration:1 batch:1 }  | -- on:1 reward:5.0893
STOKE: Config: 17 - Knobs: {interval:5500 priority:100 sensor-configuration:1 batch:1 }  | -- on:69 reward:-0.1899
STOKE: Config: 18 - Knobs: {interval:3500 priority:100 sensor-configuration:1 batch:1 }  | -- on:4 reward:-6.7033
STOKE: Config: 19 - Knobs: {interval:1000 priority:100 sensor-configuration:1 batch:1 }  | -- on:2 reward:-13.6865
