==RUN-0==
Signal: Info:LTE dBM:-88 level:4
Signal: Info:LTE dBM:-86 level:4
Signal: Info:LTE dBM:-97 level:3
Signal: Info:LTE dBM:-88 level:4
Signal: Info:LTE dBM:-88 level:4
ETask 4: Configuration:0 Energy:10.30 Power:10.30 Reward:10.30 Time:5013
Signal: Info:LTE dBM:-111 level:2
ETask 5: Configuration:18 Energy:10.90 Power:10.90 Reward:10.90 Time:5014
Signal: Info:LTE dBM:-109 level:2
ETask 6: Configuration:36 Energy:11.30 Power:11.30 Reward:11.30 Time:5014
Signal: Info:LTE dBM:-108 level:2
ETask 7: Configuration:0 Energy:10.50 Power:10.50 Reward:10.50 Time:5013
Signal: Info:LTE dBM:-105 level:3
ETask 8: Configuration:1 Energy:10.60 Power:10.60 Reward:10.60 Time:5012
Signal: Info:LTE dBM:-99 level:3
ETask 9: Configuration:2 Energy:10.50 Power:10.50 Reward:10.50 Time:5013
Signal: Info:LTE dBM:-89 level:4
ETask 10: Configuration:3 Energy:10.10 Power:10.10 Reward:10.10 Time:5011
Signal: Info:LTE dBM:-91 level:4
ETask 11: Configuration:3 Energy:10.60 Power:10.60 Reward:10.60 Time:5016
Signal: Info:LTE dBM:-98 level:3
ETask 12: Configuration:4 Energy:10.80 Power:10.80 Reward:10.80 Time:5011
Signal: Info:LTE dBM:-97 level:3
ETask 13: Configuration:5 Energy:12.40 Power:12.40 Reward:12.40 Time:5009
Signal: Info:LTE dBM:-99 level:3
ETask 14: Configuration:6 Energy:10.70 Power:10.70 Reward:10.70 Time:5011
Signal: Info:LTE dBM:-99 level:3
ETask 15: Configuration:7 Energy:10.50 Power:10.50 Reward:10.50 Time:5012
Signal: Info:LTE dBM:-104 level:3
ETask 16: Configuration:8 Energy:10.00 Power:10.00 Reward:10.00 Time:5011
Signal: Info:LTE dBM:-107 level:2
ETask 17: Configuration:8 Energy:10.60 Power:10.60 Reward:10.60 Time:5006
Signal: Info:LTE dBM:-103 level:3
ETask 18: Configuration:8 Energy:10.50 Power:10.50 Reward:10.50 Time:5011
Signal: Info:LTE dBM:-108 level:2
ETask 19: Configuration:9 Energy:10.20 Power:10.20 Reward:10.20 Time:5004
Signal: Info:LTE dBM:-107 level:2
ETask 20: Configuration:9 Energy:11.00 Power:11.00 Reward:11.00 Time:5010
Signal: Info:LTE dBM:-107 level:2
ETask 21: Configuration:10 Energy:10.90 Power:10.90 Reward:10.90 Time:5005
Signal: Info:LTE dBM:-103 level:3
ETask 22: Configuration:11 Energy:10.40 Power:10.40 Reward:10.40 Time:5013
Signal: Info:LTE dBM:-102 level:3
ETask 23: Configuration:12 Energy:10.90 Power:10.90 Reward:10.90 Time:5004
Signal: Info:LTE dBM:-107 level:2
ETask 24: Configuration:13 Energy:10.70 Power:10.70 Reward:10.70 Time:5014
Signal: Info:LTE dBM:-105 level:3
ETask 25: Configuration:14 Energy:10.20 Power:10.20 Reward:10.20 Time:5006
Signal: Info:LTE dBM:-112 level:2
ETask 26: Configuration:14 Energy:11.00 Power:11.00 Reward:11.00 Time:5012
Signal: Info:LTE dBM:-114 level:2
ETask 27: Configuration:15 Energy:10.60 Power:10.60 Reward:10.60 Time:5013
Signal: Info:LTE dBM:-111 level:2
ETask 28: Configuration:16 Energy:10.10 Power:10.10 Reward:10.10 Time:5012
Signal: Info:LTE dBM:-117 level:1
ETask 29: Configuration:16 Energy:10.70 Power:10.70 Reward:10.70 Time:5014
ETask 30: Configuration:17 Energy:10.60 Power:10.60 Reward:10.60 Time:5009
Signal: Info:WCDMA dBM:-95 level:3
ETask 31: Configuration:3 Energy:12.10 Power:12.10 Reward:12.10 Time:5014
Signal: Info:WCDMA dBM:-99 level:2
ETask 32: Configuration:8 Energy:12.00 Power:12.00 Reward:12.00 Time:5010
Signal: Info:WCDMA dBM:-79 level:4
ETask 33: Configuration:11 Energy:11.20 Power:11.20 Reward:11.20 Time:5012
Signal: Info:WCDMA dBM:-93 level:3
ETask 34: Configuration:16 Energy:10.20 Power:10.20 Reward:10.20 Time:5011
Signal: Info:WCDMA dBM:-97 level:3
ETask 35: Configuration:16 Energy:10.60 Power:10.60 Reward:10.60 Time:5012
Signal: Info:LTE dBM:-103 level:3
ETask 36: Configuration:16 Energy:13.10 Power:13.10 Reward:13.10 Time:5011
Signal: Info:LTE dBM:-97 level:3
ETask 37: Configuration:0 Energy:10.80 Power:10.80 Reward:10.80 Time:5012
Signal: Info:LTE dBM:-98 level:3
ETask 38: Configuration:2 Energy:11.30 Power:11.30 Reward:11.30 Time:5011
Signal: Info:LTE dBM:-98 level:3
ETask 39: Configuration:7 Energy:11.10 Power:11.10 Reward:11.10 Time:5011
Signal: Info:LTE dBM:-104 level:3
ETask 40: Configuration:1 Energy:10.90 Power:10.90 Reward:10.90 Time:5012
Signal: Info:LTE dBM:-102 level:3
ETask 41: Configuration:15 Energy:11.20 Power:11.20 Reward:11.20 Time:5016
Signal: Info:LTE dBM:-102 level:3
ETask 42: Configuration:17 Energy:10.50 Power:10.50 Reward:10.50 Time:5012
Signal: Info:LTE dBM:-102 level:3
ETask 43: Configuration:17 Energy:9.80 Power:9.80 Reward:9.80 Time:5011
Signal: Info:LTE dBM:-103 level:3
ETask 44: Configuration:17 Energy:9.70 Power:9.70 Reward:9.70 Time:5012
Signal: Info:LTE dBM:-105 level:3
ETask 45: Configuration:17 Energy:10.30 Power:10.30 Reward:10.30 Time:5014
Signal: Info:LTE dBM:-100 level:3
ETask 46: Configuration:17 Energy:9.80 Power:9.80 Reward:9.80 Time:5023
Signal: Info:LTE dBM:-104 level:3
ETask 47: Configuration:17 Energy:3.30 Power:3.30 Reward:3.30 Time:5011
Signal: Info:LTE dBM:-111 level:2
ETask 48: Configuration:17 Energy:6.40 Power:6.40 Reward:6.40 Time:5016
Signal: Info:LTE dBM:-115 level:2
ETask 49: Configuration:17 Energy:8.20 Power:8.20 Reward:8.20 Time:5027
Signal: Info:LTE dBM:-114 level:2
ETask 50: Configuration:17 Energy:8.90 Power:8.90 Reward:8.90 Time:5011
Signal: Info:LTE dBM:-111 level:2
ETask 51: Configuration:17 Energy:9.40 Power:9.40 Reward:9.40 Time:5012
Signal: Info:LTE dBM:-109 level:2
ETask 52: Configuration:17 Energy:9.90 Power:9.90 Reward:9.90 Time:5013
Signal: Info:LTE dBM:-110 level:2
ETask 53: Configuration:17 Energy:11.00 Power:11.00 Reward:11.00 Time:5010
Signal: Info:LTE dBM:-112 level:2
ETask 54: Configuration:17 Energy:11.20 Power:11.20 Reward:11.20 Time:5009
Signal: Info:LTE dBM:-106 level:2
ETask 55: Configuration:17 Energy:10.80 Power:10.80 Reward:10.80 Time:5014
Signal: Info:LTE dBM:-116 level:1
ETask 56: Configuration:17 Energy:10.80 Power:10.80 Reward:10.80 Time:5013
Signal: Info:LTE dBM:-108 level:2
ETask 57: Configuration:17 Energy:11.00 Power:11.00 Reward:11.00 Time:5015
Signal: Info:LTE dBM:-111 level:2
ETask 58: Configuration:17 Energy:12.60 Power:12.60 Reward:12.60 Time:5012
Signal: Info:LTE dBM:-110 level:2
ETask 59: Configuration:17 Energy:11.10 Power:11.10 Reward:11.10 Time:5013
Signal: Info:LTE dBM:-109 level:2
ETask 60: Configuration:17 Energy:10.40 Power:10.40 Reward:10.40 Time:5012
Signal: Info:LTE dBM:-107 level:2
ETask 61: Configuration:17 Energy:9.90 Power:9.90 Reward:9.90 Time:5014
ERun: Reward:607.10 PostConfigReward:574.60 Time:295518
