==RUN 0==
Bandit Runs:1 Tasks-in-Run:100
Self-Optimizer Rounds:0 Tasks-in-Round:0
Continuous Knob Rounds:Inf Tasks-in-Round:0
STOKE: Start Bat: 0.940000
ETask 1-1: Configuration:0 Energy:31.33978244703 Reward:18.773809272705673 Raw:11.226190727294327 Time:32511 TotalReward:31.33978244703
ETask 2-2: Configuration:1 Energy:36.09716549868 Reward:17.069672060174327 Raw:12.930327939825672 Time:32557 TotalReward:67.43694794571
ETask 3-3: Configuration:2 Energy:42.80839030344 Reward:14.665651234588656 Raw:15.334348765411344 Time:32566 TotalReward:110.24533824915
ETask 4-4: Configuration:3 Energy:31.672787575679997 Reward:18.65452385348776 Raw:11.345476146512238 Time:32543 TotalReward:141.91812582482999
ETask 5-5: Configuration:4 Energy:78.9321007461 Reward:1.7258146581134284 Raw:28.27418534188657 Time:32537 TotalReward:220.85022657092998
ETask 6-6: Configuration:5 Energy:42.09654445281 Reward:14.920640793023281 Raw:15.079359206976719 Time:32569 TotalReward:262.94677102374
ETask 7-7: Configuration:6 Energy:40.79085378525 Reward:15.388350882895521 Raw:14.611649117104479 Time:32535 TotalReward:303.73762480899
ETask 8-8: Configuration:7 Energy:36.96876942443999 Reward:16.75745572855881 Raw:13.242544271441192 Time:32554 TotalReward:340.70639423343
ETask 9-9: Configuration:8 Energy:43.6317454944 Reward:14.370718031856718 Raw:15.629281968143282 Time:32534 TotalReward:384.33813972782997
ETask 10-10: Configuration:9 Energy:52.61166583395 Reward:11.154030149032835 Raw:18.845969850967165 Time:32536 TotalReward:436.94980556177995
ETask 11-11: Configuration:10 Energy:33.60779938104 Reward:17.96138529634388 Raw:12.038614703656119 Time:32539 TotalReward:470.55760494282
ETask 12-12: Configuration:11 Energy:51.05779148232 Reward:11.710641857079402 Raw:18.289358142920598 Time:32558 TotalReward:521.61539642514
ETask 13-13: Configuration:12 Energy:49.342544694269996 Reward:12.325058616977913 Raw:17.674941383022087 Time:32544 TotalReward:570.9579411194101
ETask 14-14: Configuration:13 Energy:75.55692568241399 Reward:2.9348325913740894 Raw:27.06516740862591 Time:32548 TotalReward:646.514866801824
ETask 15-15: Configuration:14 Energy:34.224363794896 Reward:17.740526401828298 Raw:12.2594735981717 Time:32544 TotalReward:680.7392305967201
ETask 16-16: Configuration:15 Energy:35.777907178332 Reward:17.18403324955272 Raw:12.815966750447283 Time:32540 TotalReward:716.5171377750521
ETask 17-17: Configuration:16 Energy:36.653243707079994 Reward:16.8704798661206 Raw:13.1295201338794 Time:32534 TotalReward:753.1703814821321
ETask 18-18: Configuration:17 Energy:50.031294328752 Reward:12.078342329999284 Raw:17.921657670000716 Time:32545 TotalReward:803.2016758108841
ETask 19-19: Configuration:18 Energy:82.12254712424398 Reward:0.5829681943006619 Raw:29.417031805699338 Time:32523 TotalReward:885.3242229351281
ETask 20-20: Configuration:19 Energy:88.96818257439199 Reward:-1.8691997281404156 Raw:31.869199728140416 Time:32536 TotalReward:974.2924055095201
ETask 21-21: Configuration:9 Energy:37.81183430784001 Reward:16.455462337490147 Raw:13.544537662509855 Time:32542 TotalReward:1012.1042398173602
ETask 22-22: Configuration:14 Energy:37.857479148719996 Reward:16.439111946727163 Raw:13.560888053272837 Time:32542 TotalReward:1049.96171896608
ETask 23-23: Configuration:17 Energy:39.09585128736 Reward:15.99551595676657 Raw:14.00448404323343 Time:32558 TotalReward:1089.05757025344
ETask 24-24: Configuration:15 Energy:37.78670238688 Reward:16.46446481664 Raw:13.53553518336 Time:32542 TotalReward:1126.84427264032
ETask 25-25: Configuration:18 Energy:97.85611594537198 Reward:-5.052937055058621 Raw:35.05293705505862 Time:32535 TotalReward:1224.700388585692
ETask 26-26: Configuration:17 Energy:37.3604054076 Reward:16.617168212202984 Raw:13.382831787797015 Time:32536 TotalReward:1262.060793993292
ETask 27-27: Configuration:4 Energy:32.612164890921 Reward:18.318030486834267 Raw:11.68196951316573 Time:32533 TotalReward:1294.672958884213
ETask 28-28: Configuration:8 Energy:59.602204014555 Reward:8.649956770905671 Raw:21.35004322909433 Time:32543 TotalReward:1354.2751628987678
ETask 29-29: Configuration:1 Energy:50.33918757342 Reward:11.968052212506265 Raw:18.031947787493735 Time:32552 TotalReward:1404.6143504721879
ETask 30-30: Configuration:11 Energy:50.814534315002994 Reward:11.797778752834748 Raw:18.20222124716525 Time:32531 TotalReward:1455.4288847871908
ETask 31-31: Configuration:1 Energy:37.08345579669899 Reward:16.716374042973495 Raw:13.283625957026505 Time:32526 TotalReward:1492.5123405838897
ETask 32-32: Configuration:14 Energy:32.40604421593 Reward:18.391864758472835 Raw:11.608135241527165 Time:32533 TotalReward:1524.9183847998197
ETask 33-33: Configuration:14 Energy:54.167852158044 Reward:10.596590271745434 Raw:19.403409728254566 Time:32515 TotalReward:1579.0862369578638
ETask 34-34: Configuration:19 Energy:84.954834921593 Reward:-0.43158265848107646 Raw:30.431582658481076 Time:32539 TotalReward:1664.0410718794567
ETask 35-35: Configuration:15 Energy:51.78834080805 Reward:11.448952546370148 Raw:18.551047453629852 Time:32549 TotalReward:1715.8294126875066
ETask 36-36: Configuration:2 Energy:36.974898323104 Reward:16.755260302171703 Raw:13.244739697828297 Time:32578 TotalReward:1752.8043110106107
ETask 37-37: Configuration:11 Energy:34.3102905684 Reward:17.709746662065672 Raw:12.290253337934328 Time:32539 TotalReward:1787.1146015790107
ETask 38-38: Configuration:11 Energy:34.748558602064996 Reward:17.552755127618507 Raw:12.447244872381493 Time:32510 TotalReward:1821.8631601810757
ETask 39-39: Configuration:0 Energy:55.250619293099994 Reward:10.208733387546271 Raw:19.79126661245373 Time:32565 TotalReward:1877.1137794741758
ETask 40-40: Configuration:19 Energy:106.92995136185998 Reward:-8.30326615947223 Raw:38.30326615947223 Time:32536 TotalReward:1984.0437308360358
ETask 41-41: Configuration:18 Energy:38.905725175163 Reward:16.06362083277743 Raw:13.936379167222567 Time:32549 TotalReward:2022.949456011199
ETask 42-42: Configuration:0 Energy:46.26255105845999 Reward:13.428339919357619 Raw:16.57166008064238 Time:32544 TotalReward:2069.2120070696587
ETask 43-43: Configuration:12 Energy:39.908231766326 Reward:15.704513994151878 Raw:14.295486005848122 Time:32559 TotalReward:2109.1202388359848
ETask 44-44: Configuration:13 Energy:50.77792526446199 Reward:11.81089244258078 Raw:18.18910755741922 Time:32543 TotalReward:2159.8981641004466
ETask 45-45: Configuration:19 Energy:97.48044409720498 Reward:-4.9183680348197 Raw:34.9183680348197 Time:32525 TotalReward:2257.3786081976514
ETask 46-46: Configuration:3 Energy:51.917483168158995 Reward:11.40269259648036 Raw:18.59730740351964 Time:32549 TotalReward:2309.2960913658103
ETask 47-47: Configuration:16 Energy:87.008439079246 Reward:-1.1672020582373719 Raw:31.167202058237372 Time:32535 TotalReward:2396.304530445056
ETask 48-48: Configuration:0 Energy:32.63588342137199 Reward:18.309534296821973 Raw:11.690465703178027 Time:32564 TotalReward:2428.940413866428
ETask 49-49: Configuration:15 Energy:39.67016746180799 Reward:15.789790759949375 Raw:14.210209240050625 Time:32540 TotalReward:2468.610581328236
ETask 50-50: Configuration:18 Energy:94.34541636689399 Reward:-3.7953730269470967 Raw:33.7953730269471 Time:32553 TotalReward:2562.95599769513
ETask 51-51: Configuration:5 Energy:43.437990845784995 Reward:14.440122682106868 Raw:15.559877317893132 Time:32576 TotalReward:2606.393988540915
ETask 52-52: Configuration:18 Energy:82.03332917702998 Reward:0.6149268619594075 Raw:29.385073138040593 Time:32533 TotalReward:2688.427317717945
ETask 53-53: Configuration:6 Energy:37.535313790425 Reward:16.554514463131344 Raw:13.445485536868656 Time:32538 TotalReward:2725.9626315083697
ETask 54-54: Configuration:7 Energy:96.96872447135999 Reward:-4.735065482278202 Raw:34.7350654822782 Time:32536 TotalReward:2822.9313559797297
ETask 55-55: Configuration:18 Energy:79.196327755776 Reward:1.631166177035464 Raw:28.368833822964536 Time:32523 TotalReward:2902.127683735506
ETask 56-56: Configuration:18 Energy:41.904828612864 Reward:14.989315123750206 Raw:15.010684876249794 Time:32510 TotalReward:2944.03251234837
ETask 57-57: Configuration:11 Energy:43.775277307775994 Reward:14.319303650945908 Raw:15.680696349054092 Time:32555 TotalReward:2987.807789656146
ETask 58-58: Configuration:18 Energy:81.90298074804801 Reward:0.6616188365201197 Raw:29.33838116347988 Time:32532 TotalReward:3069.7107704041937
ETask 59-59: Configuration:18 Energy:52.55176874124801 Reward:11.17548582403056 Raw:18.82451417596944 Time:32504 TotalReward:3122.2625391454417
ETask 60-60: Configuration:19 Energy:98.48305608250001 Reward:-5.277512626567166 Raw:35.277512626567166 Time:32536 TotalReward:3220.7455952279415
ETask 61-61: Configuration:18 Energy:70.174378263844 Reward:4.8629092786230395 Raw:25.13709072137696 Time:32536 TotalReward:3290.9199734917856
ETask 62-62: Configuration:19 Energy:84.196505020039 Reward:-0.15994209673038995 Raw:30.15994209673039 Time:32536 TotalReward:3375.1164785118244
ETask 63-63: Configuration:19 Energy:78.879883589416 Reward:1.7445193112539705 Raw:28.25548068874603 Time:32504 TotalReward:3453.9963621012403
ETask 64-64: Configuration:19 Energy:78.974809873617 Reward:1.7105158661670465 Raw:28.289484133832953 Time:32504 TotalReward:3532.9711719748575
ETask 65-65: Configuration:19 Energy:97.6599734376 Reward:-4.9826770522746315 Raw:34.98267705227463 Time:32506 TotalReward:3630.6311454124575
ETask 66-66: Configuration:13 Energy:32.89546702117799 Reward:18.21654912674221 Raw:11.78345087325779 Time:32542 TotalReward:3663.5266124336354
ETask 67-67: Configuration:13 Energy:29.027555112803995 Reward:19.602069810338868 Raw:10.397930189661132 Time:32537 TotalReward:3692.554167546439
ETask 68-68: Configuration:7 Energy:51.972489041318994 Reward:11.382989000124542 Raw:18.617010999875458 Time:32534 TotalReward:3744.526656587758
ETask 69-69: Configuration:19 Energy:100.34363363973 Reward:-5.94398816945553 Raw:35.94398816945553 Time:32546 TotalReward:3844.870290227488
ETask 70-70: Configuration:19 Energy:97.544197084224 Reward:-4.941204925692176 Raw:34.941204925692176 Time:32503 TotalReward:3942.414487311712
ETask 71-71: Configuration:19 Energy:98.32031946375601 Reward:-5.219218912390211 Raw:35.21921891239021 Time:32501 TotalReward:4040.734806775468
ETask 72-72: Configuration:19 Energy:111.37584322305999 Reward:-9.895824438111035 Raw:39.895824438111035 Time:32502 TotalReward:4152.110649998528
ETask 73-73: Configuration:19 Energy:93.695323779156 Reward:-3.5625040402946837 Raw:33.562504040294684 Time:32505 TotalReward:4245.805973777684
ETask 74-74: Configuration:19 Energy:95.876648197176 Reward:-4.343873981077969 Raw:34.34387398107797 Time:32503 TotalReward:4341.68262197486
ETask 75-75: Configuration:0 Energy:49.635058956912005 Reward:12.220277388568835 Raw:17.779722611431165 Time:32572 TotalReward:4391.317680931772
ETask 76-76: Configuration:19 Energy:134.86166728971202 Reward:-18.30865693959833 Raw:48.30865693959833 Time:32537 TotalReward:4526.179348221484
ETask 77-77: Configuration:18 Energy:81.25934673865 Reward:0.8921743025731352 Raw:29.107825697426865 Time:32529 TotalReward:4607.438694960134
ETask 78-78: Configuration:14 Energy:28.955956648696 Reward:19.627717021362628 Raw:10.372282978637372 Time:32536 TotalReward:4636.39465160883
ETask 79-79: Configuration:18 Energy:47.279035255848 Reward:13.064226177009669 Raw:16.93577382299033 Time:32546 TotalReward:4683.673686864678
ETask 80-80: Configuration:18 Energy:44.90757686099399 Reward:13.913703810987226 Raw:16.086296189012774 Time:32505 TotalReward:4728.581263725671
ETask 81-81: Configuration:3 Energy:29.869376341988 Reward:19.30052190734758 Raw:10.699478092652418 Time:32553 TotalReward:4758.450640067659
ETask 82-82: Configuration:0 Energy:29.049532471512 Reward:19.59419732363749 Raw:10.405802676362509 Time:32555 TotalReward:4787.500172539171
ETask 83-83: Configuration:19 Energy:79.3372739133 Reward:1.5806780012059747 Raw:28.419321998794025 Time:32533 TotalReward:4866.837446452471
ETask 84-84: Configuration:19 Energy:80.789639612448 Reward:1.0604276015111687 Raw:28.93957239848883 Time:32503 TotalReward:4947.627086064919
ETask 85-85: Configuration:19 Energy:83.73470691023999 Reward:0.005478121705081662 Raw:29.99452187829492 Time:32502 TotalReward:5031.361792975159
ETask 86-86: Configuration:19 Energy:85.29138536794201 Reward:-0.5521380422478863 Raw:30.552138042247886 Time:32503 TotalReward:5116.653178343101
ETask 87-87: Configuration:19 Energy:94.97440216106999 Reward:-4.020681371129548 Raw:34.02068137112955 Time:32502 TotalReward:5211.627580504171
ETask 88-88: Configuration:19 Energy:77.2477175059 Reward:2.3291758187820903 Raw:27.67082418121791 Time:32504 TotalReward:5288.875298010072
ETask 89-89: Configuration:19 Energy:128.42478640167002 Reward:-16.002908561792253 Raw:46.00290856179225 Time:32504 TotalReward:5417.300084411741
ETask 90-90: Configuration:19 Energy:93.14951144136002 Reward:-3.3669891730244856 Raw:33.366989173024486 Time:32503 TotalReward:5510.4495958531015
ETask 91-91: Configuration:13 Energy:46.606160328332 Reward:13.305256001791523 Raw:16.694743998208477 Time:32546 TotalReward:5557.055756181434
ETask 92-92: Configuration:19 Energy:107.22601326024 Reward:-8.409318182772537 Raw:38.40931818277254 Time:32531 TotalReward:5664.2817694416735
ETask 93-93: Configuration:19 Energy:79.731321785955 Reward:1.4395265244340294 Raw:28.56047347556597 Time:32505 TotalReward:5744.013091227628
ETask 94-94: Configuration:19 Energy:80.91770473683401 Reward:1.0145535271042334 Raw:28.985446472895767 Time:32505 TotalReward:5824.930795964462
ETask 95-95: Configuration:19 Energy:93.48795060488 Reward:-3.4882211121958235 Raw:33.48822111219582 Time:32502 TotalReward:5918.418746569342
ETask 96-96: Configuration:19 Energy:83.216550378092 Reward:0.19108643172824813 Raw:29.808913568271752 Time:32504 TotalReward:6001.635296947434
ETask 97-97: Configuration:19 Energy:82.40876790608 Reward:0.4804413470758142 Raw:29.519558652924186 Time:32505 TotalReward:6084.044064853514
ETask 98-98: Configuration:19 Energy:100.13539963778399 Reward:-5.869396885176357 Raw:35.86939688517636 Time:32504 TotalReward:6184.179464491298
ETask 99-99: Configuration:19 Energy:83.96533694049599 Reward:-0.07713562047617373 Raw:30.077135620476174 Time:32508 TotalReward:6268.144801431794
ETask 100-100: Configuration:19 Energy:83.87919302328 Reward:-0.046278097891342185 Raw:30.046278097891342 Time:32503 TotalReward:6352.023994455074
ETask 101-101: Configuration:19 Energy:85.642587109376 Reward:-0.6779416511197596 Raw:30.67794165111976 Time:32505 TotalReward:6437.66658156445
ETask 102-102: Configuration:19 Energy:102.44707972988 Reward:-6.697461395777914 Raw:36.697461395777914 Time:32504 TotalReward:6540.11366129433
ETask 103-103: Configuration:19 Energy:113.41615538351999 Reward:-10.626682525439996 Raw:40.626682525439996 Time:32509 TotalReward:6653.52981667785
ETask 104-104: Configuration:19 Energy:115.32538529684199 Reward:-11.310585777973245 Raw:41.310585777973245 Time:32503 TotalReward:6768.855201974692
ETask 105-105: Configuration:19 Energy:110.05084308131201 Reward:-9.421197521664006 Raw:39.421197521664006 Time:32505 TotalReward:6878.906045056005
ETask 106-106: Configuration:19 Energy:92.93191253768398 Reward:-3.2890432970808305 Raw:33.28904329708083 Time:32503 TotalReward:6971.837957593689
ETask 107-107: Configuration:19 Energy:77.80932292969999 Reward:2.1280037266746348 Raw:27.871996273325365 Time:32502 TotalReward:7049.647280523389
ETask 108-108: Configuration:19 Energy:78.896216304828 Reward:1.738668786330269 Raw:28.26133121366973 Time:32503 TotalReward:7128.543496828217
ETask 109-109: Configuration:19 Energy:79.7313663828 Reward:1.4395105494447762 Raw:28.560489450555224 Time:32502 TotalReward:7208.274863211017
ETask 110-110: Configuration:19 Energy:79.18725874303999 Reward:1.6344147786125447 Raw:28.365585221387455 Time:32502 TotalReward:7287.462121954057
ETask 111-111: Configuration:19 Energy:80.6514390248 Reward:1.1099322896238775 Raw:28.890067710376123 Time:32504 TotalReward:7368.113560978857
ETask 112-112: Configuration:19 Energy:83.91115924239999 Reward:-0.05772868384477903 Raw:30.05772868384478 Time:32503 TotalReward:7452.024720221257
ETask 113-113: Configuration:19 Energy:79.082242673434 Reward:1.6720324751878195 Raw:28.32796752481218 Time:32502 TotalReward:7531.106962894691
ETask 114-114: Configuration:19 Energy:80.44417367896 Reward:1.1841765926113403 Raw:28.81582340738866 Time:32502 TotalReward:7611.551136573651
ETask 115-115: Configuration:19 Energy:71.54466740694001 Reward:4.372059436320001 Raw:25.62794056368 Time:32502 TotalReward:7683.095803980591
ETask 116-116: Configuration:19 Energy:68.166513835875 Reward:5.582144297597015 Raw:24.417855702402985 Time:32504 TotalReward:7751.262317816466
ETask 117-117: Configuration:19 Energy:67.42688795470201 Reward:5.847084911748535 Raw:24.152915088251465 Time:32504 TotalReward:7818.6892057711675
ETask 118-118: Configuration:19 Energy:85.788608130936 Reward:-0.7302476886934883 Raw:30.73024768869349 Time:32504 TotalReward:7904.477813902104
ETask 119-119: Configuration:19 Energy:80.913939202404 Reward:1.0159023752582712 Raw:28.98409762474173 Time:32502 TotalReward:7985.391753104508
ETask 120-120: Configuration:19 Energy:86.77167111312001 Reward:-1.082389652460904 Raw:31.082389652460904 Time:32501 TotalReward:8072.163424217628
ETask 121-121: Configuration:19 Energy:82.506859454088 Reward:0.44530407614758616 Raw:29.554695923852414 Time:32502 TotalReward:8154.670283671716
ERun: Time:3940365
==END-RUN 0==
==ROUND-END==
STOKE: Config: 0 - Knobs: {interval:10000 priority:104 sensor-configuration:1 batch:5 }  | -- on:6 reward:15.4225
STOKE: Config: 1 - Knobs: {interval:7750 priority:104 sensor-configuration:1 batch:5 }  | -- on:3 reward:15.2514
STOKE: Config: 2 - Knobs: {interval:5500 priority:104 sensor-configuration:1 batch:5 }  | -- on:2 reward:15.7105
STOKE: Config: 3 - Knobs: {interval:3500 priority:104 sensor-configuration:1 batch:5 }  | -- on:3 reward:16.4526
STOKE: Config: 4 - Knobs: {interval:1000 priority:104 sensor-configuration:1 batch:5 }  | -- on:2 reward:10.0219
STOKE: Config: 5 - Knobs: {interval:10000 priority:100 sensor-configuration:1 batch:5 }  | -- on:2 reward:14.6804
STOKE: Config: 6 - Knobs: {interval:7750 priority:100 sensor-configuration:1 batch:5 }  | -- on:2 reward:15.9714
STOKE: Config: 7 - Knobs: {interval:5500 priority:100 sensor-configuration:1 batch:5 }  | -- on:3 reward:7.8018
STOKE: Config: 8 - Knobs: {interval:3500 priority:100 sensor-configuration:1 batch:5 }  | -- on:2 reward:11.5103
STOKE: Config: 9 - Knobs: {interval:1000 priority:100 sensor-configuration:1 batch:5 }  | -- on:2 reward:13.8047
STOKE: Config: 10 - Knobs: {interval:10000 priority:104 sensor-configuration:1 batch:1 }  | -- on:1 reward:17.9614
STOKE: Config: 11 - Knobs: {interval:7750 priority:104 sensor-configuration:1 batch:1 }  | -- on:5 reward:14.6180
STOKE: Config: 12 - Knobs: {interval:5500 priority:104 sensor-configuration:1 batch:1 }  | -- on:2 reward:14.0148
STOKE: Config: 13 - Knobs: {interval:3500 priority:104 sensor-configuration:1 batch:1 }  | -- on:5 reward:13.1739
STOKE: Config: 14 - Knobs: {interval:1000 priority:104 sensor-configuration:1 batch:1 }  | -- on:5 reward:16.5592
STOKE: Config: 15 - Knobs: {interval:10000 priority:100 sensor-configuration:1 batch:1 }  | -- on:4 reward:15.2218
STOKE: Config: 16 - Knobs: {interval:7750 priority:100 sensor-configuration:1 batch:1 }  | -- on:2 reward:7.8516
STOKE: Config: 17 - Knobs: {interval:5500 priority:100 sensor-configuration:1 batch:1 }  | -- on:3 reward:14.8970
STOKE: Config: 18 - Knobs: {interval:3500 priority:100 sensor-configuration:1 batch:1 }  | -- on:13 reward:5.3541
STOKE: Config: 19 - Knobs: {interval:1000 priority:100 sensor-configuration:1 batch:1 }  | -- on:54 reward:-2.2992
