==RUN 0==
ETask 1: Configuration:0 Energy:0.00 Power:0.00 Reward:36.93 Time:1000 -- SAMPLE
STOKE: Config: 0 - Knobs: {interval:10000 priority:100 sensor-configuration:0 } Records:{} | -- on:1 reward:0.3333333333
STOKE: Config: 1 - Knobs: {interval:5000 priority:100 sensor-configuration:0 } Records:{} | -- on:0 reward:NaN
STOKE: Config: 2 - Knobs: {interval:2000 priority:100 sensor-configuration:0 } Records:{} | -- on:0 reward:NaN
STOKE: Config: 3 - Knobs: {interval:500 priority:100 sensor-configuration:0 } Records:{} | -- on:0 reward:NaN
ETask 2: Configuration:1 Energy:0.00 Power:0.00 Reward:75.10 Time:1000 -- SAMPLE
STOKE: Config: 0 - Knobs: {interval:10000 priority:100 sensor-configuration:0 } Records:{} | -- on:1 reward:0.6721704394
STOKE: Config: 1 - Knobs: {interval:5000 priority:100 sensor-configuration:0 } Records:{} | -- on:1 reward:0.3333333333
STOKE: Config: 2 - Knobs: {interval:2000 priority:100 sensor-configuration:0 } Records:{} | -- on:0 reward:NaN
STOKE: Config: 3 - Knobs: {interval:500 priority:100 sensor-configuration:0 } Records:{} | -- on:0 reward:NaN
ETask 3: Configuration:2 Energy:0.00 Power:0.00 Reward:73.54 Time:1000 -- SAMPLE
STOKE: Config: 0 - Knobs: {interval:10000 priority:100 sensor-configuration:0 } Records:{} | -- on:1 reward:0.6721704394
STOKE: Config: 1 - Knobs: {interval:5000 priority:100 sensor-configuration:0 } Records:{} | -- on:1 reward:0.3333333333
STOKE: Config: 2 - Knobs: {interval:2000 priority:100 sensor-configuration:0 } Records:{} | -- on:1 reward:0.3471815357
STOKE: Config: 3 - Knobs: {interval:500 priority:100 sensor-configuration:0 } Records:{} | -- on:0 reward:NaN
ETask 4: Configuration:3 Energy:0.00 Power:0.00 Reward:75.40 Time:1000 -- SAMPLE
STOKE: Config: 0 - Knobs: {interval:10000 priority:100 sensor-configuration:0 } Records:{} | -- on:1 reward:0.6721704394
STOKE: Config: 1 - Knobs: {interval:5000 priority:100 sensor-configuration:0 } Records:{} | -- on:1 reward:0.3333333333
STOKE: Config: 2 - Knobs: {interval:2000 priority:100 sensor-configuration:0 } Records:{} | -- on:1 reward:0.3471815357
STOKE: Config: 3 - Knobs: {interval:500 priority:100 sensor-configuration:0 } Records:{} | -- on:1 reward:0.3306702175
ETask 5: Configuration:0 Energy:0.00 Power:0.00 Reward:35.80 Time:1000
STOKE: Config: 0 - Knobs: {interval:10000 priority:100 sensor-configuration:0 } Records:{} | -- on:2 reward:0.6771859743
STOKE: Config: 1 - Knobs: {interval:5000 priority:100 sensor-configuration:0 } Records:{} | -- on:1 reward:0.3333333333
STOKE: Config: 2 - Knobs: {interval:2000 priority:100 sensor-configuration:0 } Records:{} | -- on:1 reward:0.3471815357
STOKE: Config: 3 - Knobs: {interval:500 priority:100 sensor-configuration:0 } Records:{} | -- on:1 reward:0.3306702175
ETask 6: Configuration:0 Energy:0.00 Power:0.00 Reward:35.74 Time:1000
STOKE: Config: 0 - Knobs: {interval:10000 priority:100 sensor-configuration:0 } Records:{} | -- on:3 reward:0.6790353603
STOKE: Config: 1 - Knobs: {interval:5000 priority:100 sensor-configuration:0 } Records:{} | -- on:1 reward:0.3333333333
STOKE: Config: 2 - Knobs: {interval:2000 priority:100 sensor-configuration:0 } Records:{} | -- on:1 reward:0.3471815357
STOKE: Config: 3 - Knobs: {interval:500 priority:100 sensor-configuration:0 } Records:{} | -- on:1 reward:0.3306702175
ETask 7: Configuration:0 Energy:0.00 Power:0.00 Reward:43.17 Time:1000
STOKE: Config: 0 - Knobs: {interval:10000 priority:100 sensor-configuration:0 } Records:{} | -- on:4 reward:0.6634709277
STOKE: Config: 1 - Knobs: {interval:5000 priority:100 sensor-configuration:0 } Records:{} | -- on:1 reward:0.3333333333
STOKE: Config: 2 - Knobs: {interval:2000 priority:100 sensor-configuration:0 } Records:{} | -- on:1 reward:0.3471815357
STOKE: Config: 3 - Knobs: {interval:500 priority:100 sensor-configuration:0 } Records:{} | -- on:1 reward:0.3306702175
ETask 8: Configuration:0 Energy:0.00 Power:0.00 Reward:38.68 Time:1000
STOKE: Config: 0 - Knobs: {interval:10000 priority:100 sensor-configuration:0 } Records:{} | -- on:5 reward:0.6621038615
STOKE: Config: 1 - Knobs: {interval:5000 priority:100 sensor-configuration:0 } Records:{} | -- on:1 reward:0.3333333333
STOKE: Config: 2 - Knobs: {interval:2000 priority:100 sensor-configuration:0 } Records:{} | -- on:1 reward:0.3471815357
STOKE: Config: 3 - Knobs: {interval:500 priority:100 sensor-configuration:0 } Records:{} | -- on:1 reward:0.3306702175
ETask 9: Configuration:0 Energy:0.00 Power:0.00 Reward:48.53 Time:1000
STOKE: Config: 0 - Knobs: {interval:10000 priority:100 sensor-configuration:0 } Records:{} | -- on:6 reward:0.6466193224
STOKE: Config: 1 - Knobs: {interval:5000 priority:100 sensor-configuration:0 } Records:{} | -- on:1 reward:0.3333333333
STOKE: Config: 2 - Knobs: {interval:2000 priority:100 sensor-configuration:0 } Records:{} | -- on:1 reward:0.3471815357
STOKE: Config: 3 - Knobs: {interval:500 priority:100 sensor-configuration:0 } Records:{} | -- on:1 reward:0.3306702175
STOKE: Randomly selected 2
ETask 10: Configuration:2 Energy:0.00 Power:0.00 Reward:49.06 Time:1000
STOKE: Config: 0 - Knobs: {interval:10000 priority:100 sensor-configuration:0 } Records:{} | -- on:6 reward:0.6466193224
STOKE: Config: 1 - Knobs: {interval:5000 priority:100 sensor-configuration:0 } Records:{} | -- on:1 reward:0.3333333333
STOKE: Config: 2 - Knobs: {interval:2000 priority:100 sensor-configuration:0 } Records:{} | -- on:2 reward:0.4558366622
STOKE: Config: 3 - Knobs: {interval:500 priority:100 sensor-configuration:0 } Records:{} | -- on:1 reward:0.3306702175
ETask 11: Configuration:0 Energy:0.00 Power:0.00 Reward:35.54 Time:1000
STOKE: Config: 0 - Knobs: {interval:10000 priority:100 sensor-configuration:0 } Records:{} | -- on:7 reward:0.6520322110
STOKE: Config: 1 - Knobs: {interval:5000 priority:100 sensor-configuration:0 } Records:{} | -- on:1 reward:0.3333333333
STOKE: Config: 2 - Knobs: {interval:2000 priority:100 sensor-configuration:0 } Records:{} | -- on:2 reward:0.4558366622
STOKE: Config: 3 - Knobs: {interval:500 priority:100 sensor-configuration:0 } Records:{} | -- on:1 reward:0.3306702175
ETask 12: Configuration:0 Energy:0.00 Power:0.00 Reward:44.21 Time:1000
STOKE: Config: 0 - Knobs: {interval:10000 priority:100 sensor-configuration:0 } Records:{} | -- on:8 reward:0.6464713715
STOKE: Config: 1 - Knobs: {interval:5000 priority:100 sensor-configuration:0 } Records:{} | -- on:1 reward:0.3333333333
STOKE: Config: 2 - Knobs: {interval:2000 priority:100 sensor-configuration:0 } Records:{} | -- on:2 reward:0.4558366622
STOKE: Config: 3 - Knobs: {interval:500 priority:100 sensor-configuration:0 } Records:{} | -- on:1 reward:0.3306702175
ETask 13: Configuration:0 Energy:0.00 Power:0.00 Reward:37.05 Time:1000
STOKE: Config: 0 - Knobs: {interval:10000 priority:100 sensor-configuration:0 } Records:{} | -- on:9 reward:0.6492084628
STOKE: Config: 1 - Knobs: {interval:5000 priority:100 sensor-configuration:0 } Records:{} | -- on:1 reward:0.3333333333
STOKE: Config: 2 - Knobs: {interval:2000 priority:100 sensor-configuration:0 } Records:{} | -- on:2 reward:0.4558366622
STOKE: Config: 3 - Knobs: {interval:500 priority:100 sensor-configuration:0 } Records:{} | -- on:1 reward:0.3306702175
STOKE: Randomly selected 0
ETask 14: Configuration:0 Energy:0.00 Power:0.00 Reward:35.47 Time:1000
STOKE: Config: 0 - Knobs: {interval:10000 priority:100 sensor-configuration:0 } Records:{} | -- on:10 reward:0.6528007102
STOKE: Config: 1 - Knobs: {interval:5000 priority:100 sensor-configuration:0 } Records:{} | -- on:1 reward:0.3333333333
STOKE: Config: 2 - Knobs: {interval:2000 priority:100 sensor-configuration:0 } Records:{} | -- on:2 reward:0.4558366622
STOKE: Config: 3 - Knobs: {interval:500 priority:100 sensor-configuration:0 } Records:{} | -- on:1 reward:0.3306702175
ETask 15: Configuration:0 Energy:0.00 Power:0.00 Reward:41.00 Time:1000
STOKE: Config: 0 - Knobs: {interval:10000 priority:100 sensor-configuration:0 } Records:{} | -- on:11 reward:0.6512770851
STOKE: Config: 1 - Knobs: {interval:5000 priority:100 sensor-configuration:0 } Records:{} | -- on:1 reward:0.3333333333
STOKE: Config: 2 - Knobs: {interval:2000 priority:100 sensor-configuration:0 } Records:{} | -- on:2 reward:0.4558366622
STOKE: Config: 3 - Knobs: {interval:500 priority:100 sensor-configuration:0 } Records:{} | -- on:1 reward:0.3306702175
ETask 16: Configuration:0 Energy:0.00 Power:0.00 Reward:36.76 Time:1000
STOKE: Config: 0 - Knobs: {interval:10000 priority:100 sensor-configuration:0 } Records:{} | -- on:12 reward:0.6531439562
STOKE: Config: 1 - Knobs: {interval:5000 priority:100 sensor-configuration:0 } Records:{} | -- on:1 reward:0.3333333333
STOKE: Config: 2 - Knobs: {interval:2000 priority:100 sensor-configuration:0 } Records:{} | -- on:2 reward:0.4558366622
STOKE: Config: 3 - Knobs: {interval:500 priority:100 sensor-configuration:0 } Records:{} | -- on:1 reward:0.3306702175
ETask 17: Configuration:0 Energy:0.00 Power:0.00 Reward:37.42 Time:1000
STOKE: Config: 0 - Knobs: {interval:10000 priority:100 sensor-configuration:0 } Records:{} | -- on:13 reward:0.6542729352
STOKE: Config: 1 - Knobs: {interval:5000 priority:100 sensor-configuration:0 } Records:{} | -- on:1 reward:0.3333333333
STOKE: Config: 2 - Knobs: {interval:2000 priority:100 sensor-configuration:0 } Records:{} | -- on:2 reward:0.4558366622
STOKE: Config: 3 - Knobs: {interval:500 priority:100 sensor-configuration:0 } Records:{} | -- on:1 reward:0.3306702175
ETask 18: Configuration:0 Energy:0.00 Power:0.00 Reward:35.33 Time:1000
STOKE: Config: 0 - Knobs: {interval:10000 priority:100 sensor-configuration:0 } Records:{} | -- on:14 reward:0.6565658487
STOKE: Config: 1 - Knobs: {interval:5000 priority:100 sensor-configuration:0 } Records:{} | -- on:1 reward:0.3333333333
STOKE: Config: 2 - Knobs: {interval:2000 priority:100 sensor-configuration:0 } Records:{} | -- on:2 reward:0.4558366622
STOKE: Config: 3 - Knobs: {interval:500 priority:100 sensor-configuration:0 } Records:{} | -- on:1 reward:0.3306702175
ETask 19: Configuration:0 Energy:0.00 Power:0.00 Reward:40.18 Time:1000
STOKE: Config: 0 - Knobs: {interval:10000 priority:100 sensor-configuration:0 } Records:{} | -- on:15 reward:0.6556827933
STOKE: Config: 1 - Knobs: {interval:5000 priority:100 sensor-configuration:0 } Records:{} | -- on:1 reward:0.3333333333
STOKE: Config: 2 - Knobs: {interval:2000 priority:100 sensor-configuration:0 } Records:{} | -- on:2 reward:0.4558366622
STOKE: Config: 3 - Knobs: {interval:500 priority:100 sensor-configuration:0 } Records:{} | -- on:1 reward:0.3306702175
ETask 20: Configuration:0 Energy:0.00 Power:0.00 Reward:90.20 Time:1000
STOKE: Config: 0 - Knobs: {interval:10000 priority:100 sensor-configuration:0 } Records:{} | -- on:16 reward:0.6271582335
STOKE: Config: 1 - Knobs: {interval:5000 priority:100 sensor-configuration:0 } Records:{} | -- on:1 reward:0.3333333333
STOKE: Config: 2 - Knobs: {interval:2000 priority:100 sensor-configuration:0 } Records:{} | -- on:2 reward:0.4558366622
STOKE: Config: 3 - Knobs: {interval:500 priority:100 sensor-configuration:0 } Records:{} | -- on:1 reward:0.3306702175
ETask 21: Configuration:0 Energy:0.00 Power:0.00 Reward:34.07 Time:1000
STOKE: Config: 0 - Knobs: {interval:10000 priority:100 sensor-configuration:0 } Records:{} | -- on:17 reward:0.6312994439
STOKE: Config: 1 - Knobs: {interval:5000 priority:100 sensor-configuration:0 } Records:{} | -- on:1 reward:0.3333333333
STOKE: Config: 2 - Knobs: {interval:2000 priority:100 sensor-configuration:0 } Records:{} | -- on:2 reward:0.4558366622
STOKE: Config: 3 - Knobs: {interval:500 priority:100 sensor-configuration:0 } Records:{} | -- on:1 reward:0.3306702175
ETask 22: Configuration:0 Energy:0.00 Power:0.00 Reward:36.71 Time:1000
STOKE: Config: 0 - Knobs: {interval:10000 priority:100 sensor-configuration:0 } Records:{} | -- on:18 reward:0.6336785521
STOKE: Config: 1 - Knobs: {interval:5000 priority:100 sensor-configuration:0 } Records:{} | -- on:1 reward:0.3333333333
STOKE: Config: 2 - Knobs: {interval:2000 priority:100 sensor-configuration:0 } Records:{} | -- on:2 reward:0.4558366622
STOKE: Config: 3 - Knobs: {interval:500 priority:100 sensor-configuration:0 } Records:{} | -- on:1 reward:0.3306702175
ETask 23: Configuration:0 Energy:0.00 Power:0.00 Reward:35.56 Time:1000
STOKE: Config: 0 - Knobs: {interval:10000 priority:100 sensor-configuration:0 } Records:{} | -- on:19 reward:0.6363445231
STOKE: Config: 1 - Knobs: {interval:5000 priority:100 sensor-configuration:0 } Records:{} | -- on:1 reward:0.3333333333
STOKE: Config: 2 - Knobs: {interval:2000 priority:100 sensor-configuration:0 } Records:{} | -- on:2 reward:0.4558366622
STOKE: Config: 3 - Knobs: {interval:500 priority:100 sensor-configuration:0 } Records:{} | -- on:1 reward:0.3306702175
ETask 24: Configuration:0 Energy:0.00 Power:0.00 Reward:38.16 Time:1000
STOKE: Config: 0 - Knobs: {interval:10000 priority:100 sensor-configuration:0 } Records:{} | -- on:20 reward:0.6375898802
STOKE: Config: 1 - Knobs: {interval:5000 priority:100 sensor-configuration:0 } Records:{} | -- on:1 reward:0.3333333333
STOKE: Config: 2 - Knobs: {interval:2000 priority:100 sensor-configuration:0 } Records:{} | -- on:2 reward:0.4558366622
STOKE: Config: 3 - Knobs: {interval:500 priority:100 sensor-configuration:0 } Records:{} | -- on:1 reward:0.3306702175
ETask 25: Configuration:0 Energy:0.00 Power:0.00 Reward:40.62 Time:1000
STOKE: Config: 0 - Knobs: {interval:10000 priority:100 sensor-configuration:0 } Records:{} | -- on:21 reward:0.6376767485
STOKE: Config: 1 - Knobs: {interval:5000 priority:100 sensor-configuration:0 } Records:{} | -- on:1 reward:0.3333333333
STOKE: Config: 2 - Knobs: {interval:2000 priority:100 sensor-configuration:0 } Records:{} | -- on:2 reward:0.4558366622
STOKE: Config: 3 - Knobs: {interval:500 priority:100 sensor-configuration:0 } Records:{} | -- on:1 reward:0.3306702175
ERun: Time:108
==END-RUN 0==
STOKE: Config: 0 - Knobs: {interval:10000 priority:100 sensor-configuration:0 } Records:{} | -- on:21 reward:0.6376767485
STOKE: Config: 1 - Knobs: {interval:5000 priority:100 sensor-configuration:0 } Records:{} | -- on:1 reward:0.3333333333
STOKE: Config: 2 - Knobs: {interval:2000 priority:100 sensor-configuration:0 } Records:{} | -- on:2 reward:0.4558366622
STOKE: Config: 3 - Knobs: {interval:500 priority:100 sensor-configuration:0 } Records:{} | -- on:1 reward:0.3306702175
==RUN 1==
ETask 1: Configuration:0 Energy:0.00 Power:0.00 Reward:75.21 Time:1000 -- SAMPLE
STOKE: Config: 0 - Knobs: {interval:10000 priority:100 sensor-configuration:0 } Records:{} | -- on:1 reward:0.3323568575
STOKE: Config: 1 - Knobs: {interval:5000 priority:100 sensor-configuration:0 } Records:{} | -- on:0 reward:NaN
STOKE: Config: 2 - Knobs: {interval:2000 priority:100 sensor-configuration:0 } Records:{} | -- on:0 reward:NaN
STOKE: Config: 3 - Knobs: {interval:500 priority:100 sensor-configuration:0 } Records:{} | -- on:0 reward:NaN
ETask 2: Configuration:1 Energy:0.00 Power:0.00 Reward:67.94 Time:1000 -- SAMPLE
STOKE: Config: 0 - Knobs: {interval:10000 priority:100 sensor-configuration:0 } Records:{} | -- on:1 reward:0.3323568575
STOKE: Config: 1 - Knobs: {interval:5000 priority:100 sensor-configuration:0 } Records:{} | -- on:1 reward:0.3968930315
STOKE: Config: 2 - Knobs: {interval:2000 priority:100 sensor-configuration:0 } Records:{} | -- on:0 reward:NaN
STOKE: Config: 3 - Knobs: {interval:500 priority:100 sensor-configuration:0 } Records:{} | -- on:0 reward:NaN
ETask 3: Configuration:2 Energy:0.00 Power:0.00 Reward:81.54 Time:1000 -- SAMPLE
STOKE: Config: 0 - Knobs: {interval:10000 priority:100 sensor-configuration:0 } Records:{} | -- on:1 reward:0.3323568575
STOKE: Config: 1 - Knobs: {interval:5000 priority:100 sensor-configuration:0 } Records:{} | -- on:1 reward:0.3968930315
STOKE: Config: 2 - Knobs: {interval:2000 priority:100 sensor-configuration:0 } Records:{} | -- on:1 reward:0.2761651132
STOKE: Config: 3 - Knobs: {interval:500 priority:100 sensor-configuration:0 } Records:{} | -- on:0 reward:NaN
ETask 4: Configuration:3 Energy:0.00 Power:0.00 Reward:72.59 Time:1000 -- SAMPLE
STOKE: Config: 0 - Knobs: {interval:10000 priority:100 sensor-configuration:0 } Records:{} | -- on:1 reward:0.3323568575
STOKE: Config: 1 - Knobs: {interval:5000 priority:100 sensor-configuration:0 } Records:{} | -- on:1 reward:0.3968930315
STOKE: Config: 2 - Knobs: {interval:2000 priority:100 sensor-configuration:0 } Records:{} | -- on:1 reward:0.2761651132
STOKE: Config: 3 - Knobs: {interval:500 priority:100 sensor-configuration:0 } Records:{} | -- on:1 reward:0.3556147359
ETask 5: Configuration:1 Energy:0.00 Power:0.00 Reward:74.13 Time:1000
STOKE: Config: 0 - Knobs: {interval:10000 priority:100 sensor-configuration:0 } Records:{} | -- on:1 reward:0.3323568575
STOKE: Config: 1 - Knobs: {interval:5000 priority:100 sensor-configuration:0 } Records:{} | -- on:2 reward:0.3694185530
STOKE: Config: 2 - Knobs: {interval:2000 priority:100 sensor-configuration:0 } Records:{} | -- on:1 reward:0.2761651132
STOKE: Config: 3 - Knobs: {interval:500 priority:100 sensor-configuration:0 } Records:{} | -- on:1 reward:0.3556147359
ETask 6: Configuration:1 Energy:0.00 Power:0.00 Reward:40.89 Time:1000
STOKE: Config: 0 - Knobs: {interval:10000 priority:100 sensor-configuration:0 } Records:{} | -- on:1 reward:0.3323568575
STOKE: Config: 1 - Knobs: {interval:5000 priority:100 sensor-configuration:0 } Records:{} | -- on:3 reward:0.4586181388
STOKE: Config: 2 - Knobs: {interval:2000 priority:100 sensor-configuration:0 } Records:{} | -- on:1 reward:0.2761651132
STOKE: Config: 3 - Knobs: {interval:500 priority:100 sensor-configuration:0 } Records:{} | -- on:1 reward:0.3556147359
ETask 7: Configuration:1 Energy:0.00 Power:0.00 Reward:72.59 Time:1000
STOKE: Config: 0 - Knobs: {interval:10000 priority:100 sensor-configuration:0 } Records:{} | -- on:1 reward:0.3323568575
STOKE: Config: 1 - Knobs: {interval:5000 priority:100 sensor-configuration:0 } Records:{} | -- on:4 reward:0.4328672881
STOKE: Config: 2 - Knobs: {interval:2000 priority:100 sensor-configuration:0 } Records:{} | -- on:1 reward:0.2761651132
STOKE: Config: 3 - Knobs: {interval:500 priority:100 sensor-configuration:0 } Records:{} | -- on:1 reward:0.3556147359
ETask 8: Configuration:1 Energy:0.00 Power:0.00 Reward:35.55 Time:1000
STOKE: Config: 0 - Knobs: {interval:10000 priority:100 sensor-configuration:0 } Records:{} | -- on:1 reward:0.3323568575
STOKE: Config: 1 - Knobs: {interval:5000 priority:100 sensor-configuration:0 } Records:{} | -- on:5 reward:0.4831779849
STOKE: Config: 2 - Knobs: {interval:2000 priority:100 sensor-configuration:0 } Records:{} | -- on:1 reward:0.2761651132
STOKE: Config: 3 - Knobs: {interval:500 priority:100 sensor-configuration:0 } Records:{} | -- on:1 reward:0.3556147359
ETask 9: Configuration:1 Energy:0.00 Power:0.00 Reward:36.65 Time:1000
STOKE: Config: 0 - Knobs: {interval:10000 priority:100 sensor-configuration:0 } Records:{} | -- on:1 reward:0.3323568575
STOKE: Config: 1 - Knobs: {interval:5000 priority:100 sensor-configuration:0 } Records:{} | -- on:6 reward:0.5150909898
STOKE: Config: 2 - Knobs: {interval:2000 priority:100 sensor-configuration:0 } Records:{} | -- on:1 reward:0.2761651132
STOKE: Config: 3 - Knobs: {interval:500 priority:100 sensor-configuration:0 } Records:{} | -- on:1 reward:0.3556147359
ETask 10: Configuration:1 Energy:0.00 Power:0.00 Reward:35.30 Time:1000
STOKE: Config: 0 - Knobs: {interval:10000 priority:100 sensor-configuration:0 } Records:{} | -- on:1 reward:0.3323568575
STOKE: Config: 1 - Knobs: {interval:5000 priority:100 sensor-configuration:0 } Records:{} | -- on:7 reward:0.5395979963
STOKE: Config: 2 - Knobs: {interval:2000 priority:100 sensor-configuration:0 } Records:{} | -- on:1 reward:0.2761651132
STOKE: Config: 3 - Knobs: {interval:500 priority:100 sensor-configuration:0 } Records:{} | -- on:1 reward:0.3556147359
ETask 11: Configuration:1 Energy:0.00 Power:0.00 Reward:35.35 Time:1000
STOKE: Config: 0 - Knobs: {interval:10000 priority:100 sensor-configuration:0 } Records:{} | -- on:1 reward:0.3323568575
STOKE: Config: 1 - Knobs: {interval:5000 priority:100 sensor-configuration:0 } Records:{} | -- on:8 reward:0.5579227696
STOKE: Config: 2 - Knobs: {interval:2000 priority:100 sensor-configuration:0 } Records:{} | -- on:1 reward:0.2761651132
STOKE: Config: 3 - Knobs: {interval:500 priority:100 sensor-configuration:0 } Records:{} | -- on:1 reward:0.3556147359
STOKE: Randomly selected 3
ETask 12: Configuration:3 Energy:0.00 Power:0.00 Reward:37.78 Time:1000
STOKE: Config: 0 - Knobs: {interval:10000 priority:100 sensor-configuration:0 } Records:{} | -- on:1 reward:0.3323568575
STOKE: Config: 1 - Knobs: {interval:5000 priority:100 sensor-configuration:0 } Records:{} | -- on:8 reward:0.5579227696
STOKE: Config: 2 - Knobs: {interval:2000 priority:100 sensor-configuration:0 } Records:{} | -- on:1 reward:0.2761651132
STOKE: Config: 3 - Knobs: {interval:500 priority:100 sensor-configuration:0 } Records:{} | -- on:2 reward:0.5101198402
ETask 13: Configuration:1 Energy:0.00 Power:0.00 Reward:45.13 Time:1000
STOKE: Config: 0 - Knobs: {interval:10000 priority:100 sensor-configuration:0 } Records:{} | -- on:1 reward:0.3323568575
STOKE: Config: 1 - Knobs: {interval:5000 priority:100 sensor-configuration:0 } Records:{} | -- on:9 reward:0.5625289737
STOKE: Config: 2 - Knobs: {interval:2000 priority:100 sensor-configuration:0 } Records:{} | -- on:1 reward:0.2761651132
STOKE: Config: 3 - Knobs: {interval:500 priority:100 sensor-configuration:0 } Records:{} | -- on:2 reward:0.5101198402
ETask 14: Configuration:1 Energy:0.00 Power:0.00 Reward:43.23 Time:1000
STOKE: Config: 0 - Knobs: {interval:10000 priority:100 sensor-configuration:0 } Records:{} | -- on:1 reward:0.3323568575
STOKE: Config: 1 - Knobs: {interval:5000 priority:100 sensor-configuration:0 } Records:{} | -- on:10 reward:0.5679005770
STOKE: Config: 2 - Knobs: {interval:2000 priority:100 sensor-configuration:0 } Records:{} | -- on:1 reward:0.2761651132
STOKE: Config: 3 - Knobs: {interval:500 priority:100 sensor-configuration:0 } Records:{} | -- on:2 reward:0.5101198402
STOKE: Randomly selected 3
ETask 15: Configuration:3 Energy:0.00 Power:0.00 Reward:47.40 Time:1000
STOKE: Config: 0 - Knobs: {interval:10000 priority:100 sensor-configuration:0 } Records:{} | -- on:1 reward:0.3323568575
STOKE: Config: 1 - Knobs: {interval:5000 priority:100 sensor-configuration:0 } Records:{} | -- on:10 reward:0.5679005770
STOKE: Config: 2 - Knobs: {interval:2000 priority:100 sensor-configuration:0 } Records:{} | -- on:1 reward:0.2761651132
STOKE: Config: 3 - Knobs: {interval:500 priority:100 sensor-configuration:0 } Records:{} | -- on:3 reward:0.5331557923
ETask 16: Configuration:1 Energy:0.00 Power:0.00 Reward:80.91 Time:1000
STOKE: Config: 0 - Knobs: {interval:10000 priority:100 sensor-configuration:0 } Records:{} | -- on:1 reward:0.3323568575
STOKE: Config: 1 - Knobs: {interval:5000 priority:100 sensor-configuration:0 } Records:{} | -- on:11 reward:0.5418875842
STOKE: Config: 2 - Knobs: {interval:2000 priority:100 sensor-configuration:0 } Records:{} | -- on:1 reward:0.2761651132
STOKE: Config: 3 - Knobs: {interval:500 priority:100 sensor-configuration:0 } Records:{} | -- on:3 reward:0.5331557923
ETask 17: Configuration:1 Energy:0.00 Power:0.00 Reward:72.20 Time:1000
STOKE: Config: 0 - Knobs: {interval:10000 priority:100 sensor-configuration:0 } Records:{} | -- on:1 reward:0.3323568575
STOKE: Config: 1 - Knobs: {interval:5000 priority:100 sensor-configuration:0 } Records:{} | -- on:12 reward:0.5266533511
STOKE: Config: 2 - Knobs: {interval:2000 priority:100 sensor-configuration:0 } Records:{} | -- on:1 reward:0.2761651132
STOKE: Config: 3 - Knobs: {interval:500 priority:100 sensor-configuration:0 } Records:{} | -- on:3 reward:0.5331557923
ETask 18: Configuration:3 Energy:0.00 Power:0.00 Reward:64.25 Time:1000
STOKE: Config: 0 - Knobs: {interval:10000 priority:100 sensor-configuration:0 } Records:{} | -- on:1 reward:0.3323568575
STOKE: Config: 1 - Knobs: {interval:5000 priority:100 sensor-configuration:0 } Records:{} | -- on:12 reward:0.5266533511
STOKE: Config: 2 - Knobs: {interval:2000 priority:100 sensor-configuration:0 } Records:{} | -- on:1 reward:0.2761651132
STOKE: Config: 3 - Knobs: {interval:500 priority:100 sensor-configuration:0 } Records:{} | -- on:4 reward:0.5072791833
ETask 19: Configuration:1 Energy:0.00 Power:0.00 Reward:35.46 Time:1000
STOKE: Config: 0 - Knobs: {interval:10000 priority:100 sensor-configuration:0 } Records:{} | -- on:1 reward:0.3323568575
STOKE: Config: 1 - Knobs: {interval:5000 priority:100 sensor-configuration:0 } Records:{} | -- on:13 reward:0.5388507631
STOKE: Config: 2 - Knobs: {interval:2000 priority:100 sensor-configuration:0 } Records:{} | -- on:1 reward:0.2761651132
STOKE: Config: 3 - Knobs: {interval:500 priority:100 sensor-configuration:0 } Records:{} | -- on:4 reward:0.5072791833
ETask 20: Configuration:1 Energy:0.00 Power:0.00 Reward:42.16 Time:1000
STOKE: Config: 0 - Knobs: {interval:10000 priority:100 sensor-configuration:0 } Records:{} | -- on:1 reward:0.3323568575
STOKE: Config: 1 - Knobs: {interval:5000 priority:100 sensor-configuration:0 } Records:{} | -- on:14 reward:0.5450573838
STOKE: Config: 2 - Knobs: {interval:2000 priority:100 sensor-configuration:0 } Records:{} | -- on:1 reward:0.2761651132
STOKE: Config: 3 - Knobs: {interval:500 priority:100 sensor-configuration:0 } Records:{} | -- on:4 reward:0.5072791833
STOKE: Randomly selected 0
ETask 21: Configuration:0 Energy:0.00 Power:0.00 Reward:40.79 Time:1000
STOKE: Config: 0 - Knobs: {interval:10000 priority:100 sensor-configuration:0 } Records:{} | -- on:2 reward:0.4851309365
STOKE: Config: 1 - Knobs: {interval:5000 priority:100 sensor-configuration:0 } Records:{} | -- on:14 reward:0.5450573838
STOKE: Config: 2 - Knobs: {interval:2000 priority:100 sensor-configuration:0 } Records:{} | -- on:1 reward:0.2761651132
STOKE: Config: 3 - Knobs: {interval:500 priority:100 sensor-configuration:0 } Records:{} | -- on:4 reward:0.5072791833
ETask 22: Configuration:1 Energy:0.00 Power:0.00 Reward:35.87 Time:1000
STOKE: Config: 0 - Knobs: {interval:10000 priority:100 sensor-configuration:0 } Records:{} | -- on:2 reward:0.4851309365
STOKE: Config: 1 - Knobs: {interval:5000 priority:100 sensor-configuration:0 } Records:{} | -- on:15 reward:0.5541588992
STOKE: Config: 2 - Knobs: {interval:2000 priority:100 sensor-configuration:0 } Records:{} | -- on:1 reward:0.2761651132
STOKE: Config: 3 - Knobs: {interval:500 priority:100 sensor-configuration:0 } Records:{} | -- on:4 reward:0.5072791833
ETask 23: Configuration:1 Energy:0.00 Power:0.00 Reward:50.06 Time:1000
STOKE: Config: 0 - Knobs: {interval:10000 priority:100 sensor-configuration:0 } Records:{} | -- on:2 reward:0.4851309365
STOKE: Config: 1 - Knobs: {interval:5000 priority:100 sensor-configuration:0 } Records:{} | -- on:16 reward:0.5542498890
STOKE: Config: 2 - Knobs: {interval:2000 priority:100 sensor-configuration:0 } Records:{} | -- on:1 reward:0.2761651132
STOKE: Config: 3 - Knobs: {interval:500 priority:100 sensor-configuration:0 } Records:{} | -- on:4 reward:0.5072791833
ETask 24: Configuration:1 Energy:0.00 Power:0.00 Reward:35.66 Time:1000
STOKE: Config: 0 - Knobs: {interval:10000 priority:100 sensor-configuration:0 } Records:{} | -- on:2 reward:0.4851309365
STOKE: Config: 1 - Knobs: {interval:5000 priority:100 sensor-configuration:0 } Records:{} | -- on:17 reward:0.5618495601
STOKE: Config: 2 - Knobs: {interval:2000 priority:100 sensor-configuration:0 } Records:{} | -- on:1 reward:0.2761651132
STOKE: Config: 3 - Knobs: {interval:500 priority:100 sensor-configuration:0 } Records:{} | -- on:4 reward:0.5072791833
STOKE: Randomly selected 2
ETask 25: Configuration:2 Energy:0.00 Power:0.00 Reward:33.99 Time:1000
STOKE: Config: 0 - Knobs: {interval:10000 priority:100 sensor-configuration:0 } Records:{} | -- on:2 reward:0.4851309365
STOKE: Config: 1 - Knobs: {interval:5000 priority:100 sensor-configuration:0 } Records:{} | -- on:17 reward:0.5618495601
STOKE: Config: 2 - Knobs: {interval:2000 priority:100 sensor-configuration:0 } Records:{} | -- on:2 reward:0.4872170439
STOKE: Config: 3 - Knobs: {interval:500 priority:100 sensor-configuration:0 } Records:{} | -- on:4 reward:0.5072791833
ERun: Time:165
==END-RUN 1==
STOKE: Config: 0 - Knobs: {interval:10000 priority:100 sensor-configuration:0 } Records:{} | -- on:2 reward:0.4851309365
STOKE: Config: 1 - Knobs: {interval:5000 priority:100 sensor-configuration:0 } Records:{} | -- on:17 reward:0.5618495601
STOKE: Config: 2 - Knobs: {interval:2000 priority:100 sensor-configuration:0 } Records:{} | -- on:2 reward:0.4872170439
STOKE: Config: 3 - Knobs: {interval:500 priority:100 sensor-configuration:0 } Records:{} | -- on:4 reward:0.5072791833
==RUN 2==
ETask 1: Configuration:0 Energy:0.00 Power:0.00 Reward:40.61 Time:1000 -- SAMPLE
STOKE: Config: 0 - Knobs: {interval:10000 priority:100 sensor-configuration:0 } Records:{} | -- on:1 reward:0.6395028850
STOKE: Config: 1 - Knobs: {interval:5000 priority:100 sensor-configuration:0 } Records:{} | -- on:0 reward:NaN
STOKE: Config: 2 - Knobs: {interval:2000 priority:100 sensor-configuration:0 } Records:{} | -- on:0 reward:NaN
STOKE: Config: 3 - Knobs: {interval:500 priority:100 sensor-configuration:0 } Records:{} | -- on:0 reward:NaN
ETask 2: Configuration:1 Energy:0.00 Power:0.00 Reward:40.66 Time:1000 -- SAMPLE
STOKE: Config: 0 - Knobs: {interval:10000 priority:100 sensor-configuration:0 } Records:{} | -- on:1 reward:0.6395028850
STOKE: Config: 1 - Knobs: {interval:5000 priority:100 sensor-configuration:0 } Records:{} | -- on:1 reward:0.6390590324
STOKE: Config: 2 - Knobs: {interval:2000 priority:100 sensor-configuration:0 } Records:{} | -- on:0 reward:NaN
STOKE: Config: 3 - Knobs: {interval:500 priority:100 sensor-configuration:0 } Records:{} | -- on:0 reward:NaN
ETask 3: Configuration:2 Energy:0.00 Power:0.00 Reward:83.41 Time:1000 -- SAMPLE
STOKE: Config: 0 - Knobs: {interval:10000 priority:100 sensor-configuration:0 } Records:{} | -- on:1 reward:0.6395028850
STOKE: Config: 1 - Knobs: {interval:5000 priority:100 sensor-configuration:0 } Records:{} | -- on:1 reward:0.6390590324
STOKE: Config: 2 - Knobs: {interval:2000 priority:100 sensor-configuration:0 } Records:{} | -- on:1 reward:0.2595650244
STOKE: Config: 3 - Knobs: {interval:500 priority:100 sensor-configuration:0 } Records:{} | -- on:0 reward:NaN
ETask 4: Configuration:3 Energy:0.00 Power:0.00 Reward:74.67 Time:1000 -- SAMPLE
STOKE: Config: 0 - Knobs: {interval:10000 priority:100 sensor-configuration:0 } Records:{} | -- on:1 reward:0.6395028850
STOKE: Config: 1 - Knobs: {interval:5000 priority:100 sensor-configuration:0 } Records:{} | -- on:1 reward:0.6390590324
STOKE: Config: 2 - Knobs: {interval:2000 priority:100 sensor-configuration:0 } Records:{} | -- on:1 reward:0.2595650244
STOKE: Config: 3 - Knobs: {interval:500 priority:100 sensor-configuration:0 } Records:{} | -- on:1 reward:0.3371504660
STOKE: Randomly selected 3
ETask 5: Configuration:3 Energy:0.00 Power:0.00 Reward:83.25 Time:1000
STOKE: Config: 0 - Knobs: {interval:10000 priority:100 sensor-configuration:0 } Records:{} | -- on:1 reward:0.6395028850
STOKE: Config: 1 - Knobs: {interval:5000 priority:100 sensor-configuration:0 } Records:{} | -- on:1 reward:0.6390590324
STOKE: Config: 2 - Knobs: {interval:2000 priority:100 sensor-configuration:0 } Records:{} | -- on:1 reward:0.2595650244
STOKE: Config: 3 - Knobs: {interval:500 priority:100 sensor-configuration:0 } Records:{} | -- on:2 reward:0.2990679095
ETask 6: Configuration:0 Energy:0.00 Power:0.00 Reward:40.72 Time:1000
STOKE: Config: 0 - Knobs: {interval:10000 priority:100 sensor-configuration:0 } Records:{} | -- on:2 reward:0.6390146471
STOKE: Config: 1 - Knobs: {interval:5000 priority:100 sensor-configuration:0 } Records:{} | -- on:1 reward:0.6390590324
STOKE: Config: 2 - Knobs: {interval:2000 priority:100 sensor-configuration:0 } Records:{} | -- on:1 reward:0.2595650244
STOKE: Config: 3 - Knobs: {interval:500 priority:100 sensor-configuration:0 } Records:{} | -- on:2 reward:0.2990679095
ETask 7: Configuration:1 Energy:0.00 Power:0.00 Reward:36.19 Time:1000
STOKE: Config: 0 - Knobs: {interval:10000 priority:100 sensor-configuration:0 } Records:{} | -- on:2 reward:0.6390146471
STOKE: Config: 1 - Knobs: {interval:5000 priority:100 sensor-configuration:0 } Records:{} | -- on:2 reward:0.6588992455
STOKE: Config: 2 - Knobs: {interval:2000 priority:100 sensor-configuration:0 } Records:{} | -- on:1 reward:0.2595650244
STOKE: Config: 3 - Knobs: {interval:500 priority:100 sensor-configuration:0 } Records:{} | -- on:2 reward:0.2990679095
ETask 8: Configuration:1 Energy:0.00 Power:0.00 Reward:73.49 Time:1000
STOKE: Config: 0 - Knobs: {interval:10000 priority:100 sensor-configuration:0 } Records:{} | -- on:2 reward:0.6390146471
STOKE: Config: 1 - Knobs: {interval:5000 priority:100 sensor-configuration:0 } Records:{} | -- on:3 reward:0.5551412931
STOKE: Config: 2 - Knobs: {interval:2000 priority:100 sensor-configuration:0 } Records:{} | -- on:1 reward:0.2595650244
STOKE: Config: 3 - Knobs: {interval:500 priority:100 sensor-configuration:0 } Records:{} | -- on:2 reward:0.2990679095
ETask 9: Configuration:0 Energy:0.00 Power:0.00 Reward:37.69 Time:1000
STOKE: Config: 0 - Knobs: {interval:10000 priority:100 sensor-configuration:0 } Records:{} | -- on:3 reward:0.6478177245
STOKE: Config: 1 - Knobs: {interval:5000 priority:100 sensor-configuration:0 } Records:{} | -- on:3 reward:0.5551412931
STOKE: Config: 2 - Knobs: {interval:2000 priority:100 sensor-configuration:0 } Records:{} | -- on:1 reward:0.2595650244
STOKE: Config: 3 - Knobs: {interval:500 priority:100 sensor-configuration:0 } Records:{} | -- on:2 reward:0.2990679095
STOKE: Randomly selected 2
ETask 10: Configuration:2 Energy:0.00 Power:0.00 Reward:35.96 Time:1000
STOKE: Config: 0 - Knobs: {interval:10000 priority:100 sensor-configuration:0 } Records:{} | -- on:3 reward:0.6478177245
STOKE: Config: 1 - Knobs: {interval:5000 priority:100 sensor-configuration:0 } Records:{} | -- on:3 reward:0.5551412931
STOKE: Config: 2 - Knobs: {interval:2000 priority:100 sensor-configuration:0 } Records:{} | -- on:2 reward:0.4701731025
STOKE: Config: 3 - Knobs: {interval:500 priority:100 sensor-configuration:0 } Records:{} | -- on:2 reward:0.2990679095
ETask 11: Configuration:0 Energy:0.00 Power:0.00 Reward:36.15 Time:1000
STOKE: Config: 0 - Knobs: {interval:10000 priority:100 sensor-configuration:0 } Records:{} | -- on:4 reward:0.6556369285
STOKE: Config: 1 - Knobs: {interval:5000 priority:100 sensor-configuration:0 } Records:{} | -- on:3 reward:0.5551412931
STOKE: Config: 2 - Knobs: {interval:2000 priority:100 sensor-configuration:0 } Records:{} | -- on:2 reward:0.4701731025
STOKE: Config: 3 - Knobs: {interval:500 priority:100 sensor-configuration:0 } Records:{} | -- on:2 reward:0.2990679095
ETask 12: Configuration:0 Energy:0.00 Power:0.00 Reward:46.75 Time:1000
STOKE: Config: 0 - Knobs: {interval:10000 priority:100 sensor-configuration:0 } Records:{} | -- on:5 reward:0.6415090990
STOKE: Config: 1 - Knobs: {interval:5000 priority:100 sensor-configuration:0 } Records:{} | -- on:3 reward:0.5551412931
STOKE: Config: 2 - Knobs: {interval:2000 priority:100 sensor-configuration:0 } Records:{} | -- on:2 reward:0.4701731025
STOKE: Config: 3 - Knobs: {interval:500 priority:100 sensor-configuration:0 } Records:{} | -- on:2 reward:0.2990679095
ETask 13: Configuration:0 Energy:0.00 Power:0.00 Reward:76.95 Time:1000
STOKE: Config: 0 - Knobs: {interval:10000 priority:100 sensor-configuration:0 } Records:{} | -- on:6 reward:0.5874093801
STOKE: Config: 1 - Knobs: {interval:5000 priority:100 sensor-configuration:0 } Records:{} | -- on:3 reward:0.5551412931
STOKE: Config: 2 - Knobs: {interval:2000 priority:100 sensor-configuration:0 } Records:{} | -- on:2 reward:0.4701731025
STOKE: Config: 3 - Knobs: {interval:500 priority:100 sensor-configuration:0 } Records:{} | -- on:2 reward:0.2990679095
STOKE: Randomly selected 0
ETask 14: Configuration:0 Energy:0.00 Power:0.00 Reward:35.83 Time:1000
STOKE: Config: 0 - Knobs: {interval:10000 priority:100 sensor-configuration:0 } Records:{} | -- on:7 reward:0.6009130683
STOKE: Config: 1 - Knobs: {interval:5000 priority:100 sensor-configuration:0 } Records:{} | -- on:3 reward:0.5551412931
STOKE: Config: 2 - Knobs: {interval:2000 priority:100 sensor-configuration:0 } Records:{} | -- on:2 reward:0.4701731025
STOKE: Config: 3 - Knobs: {interval:500 priority:100 sensor-configuration:0 } Records:{} | -- on:2 reward:0.2990679095
ETask 15: Configuration:0 Energy:0.00 Power:0.00 Reward:80.57 Time:1000
STOKE: Config: 0 - Knobs: {interval:10000 priority:100 sensor-configuration:0 } Records:{} | -- on:8 reward:0.5613959166
STOKE: Config: 1 - Knobs: {interval:5000 priority:100 sensor-configuration:0 } Records:{} | -- on:3 reward:0.5551412931
STOKE: Config: 2 - Knobs: {interval:2000 priority:100 sensor-configuration:0 } Records:{} | -- on:2 reward:0.4701731025
STOKE: Config: 3 - Knobs: {interval:500 priority:100 sensor-configuration:0 } Records:{} | -- on:2 reward:0.2990679095
ETask 16: Configuration:0 Energy:0.00 Power:0.00 Reward:37.59 Time:1000
STOKE: Config: 0 - Knobs: {interval:10000 priority:100 sensor-configuration:0 } Records:{} | -- on:9 reward:0.5730532130
STOKE: Config: 1 - Knobs: {interval:5000 priority:100 sensor-configuration:0 } Records:{} | -- on:3 reward:0.5551412931
STOKE: Config: 2 - Knobs: {interval:2000 priority:100 sensor-configuration:0 } Records:{} | -- on:2 reward:0.4701731025
STOKE: Config: 3 - Knobs: {interval:500 priority:100 sensor-configuration:0 } Records:{} | -- on:2 reward:0.2990679095
STOKE: Randomly selected 3
ETask 17: Configuration:3 Energy:0.00 Power:0.00 Reward:75.18 Time:1000
STOKE: Config: 0 - Knobs: {interval:10000 priority:100 sensor-configuration:0 } Records:{} | -- on:9 reward:0.5730532130
STOKE: Config: 1 - Knobs: {interval:5000 priority:100 sensor-configuration:0 } Records:{} | -- on:3 reward:0.5551412931
STOKE: Config: 2 - Knobs: {interval:2000 priority:100 sensor-configuration:0 } Records:{} | -- on:2 reward:0.4701731025
STOKE: Config: 3 - Knobs: {interval:500 priority:100 sensor-configuration:0 } Records:{} | -- on:3 reward:0.3102529960
ETask 18: Configuration:0 Energy:0.00 Power:0.00 Reward:76.90 Time:1000
STOKE: Config: 0 - Knobs: {interval:10000 priority:100 sensor-configuration:0 } Records:{} | -- on:10 reward:0.5474833555
STOKE: Config: 1 - Knobs: {interval:5000 priority:100 sensor-configuration:0 } Records:{} | -- on:3 reward:0.5551412931
STOKE: Config: 2 - Knobs: {interval:2000 priority:100 sensor-configuration:0 } Records:{} | -- on:2 reward:0.4701731025
STOKE: Config: 3 - Knobs: {interval:500 priority:100 sensor-configuration:0 } Records:{} | -- on:3 reward:0.3102529960
ETask 19: Configuration:1 Energy:0.00 Power:0.00 Reward:55.79 Time:1000
STOKE: Config: 0 - Knobs: {interval:10000 priority:100 sensor-configuration:0 } Records:{} | -- on:10 reward:0.5474833555
STOKE: Config: 1 - Knobs: {interval:5000 priority:100 sensor-configuration:0 } Records:{} | -- on:4 reward:0.5425432756
STOKE: Config: 2 - Knobs: {interval:2000 priority:100 sensor-configuration:0 } Records:{} | -- on:2 reward:0.4701731025
STOKE: Config: 3 - Knobs: {interval:500 priority:100 sensor-configuration:0 } Records:{} | -- on:3 reward:0.3102529960
ETask 20: Configuration:0 Energy:0.00 Power:0.00 Reward:75.76 Time:1000
STOKE: Config: 0 - Knobs: {interval:10000 priority:100 sensor-configuration:0 } Records:{} | -- on:11 reward:0.5274825485
STOKE: Config: 1 - Knobs: {interval:5000 priority:100 sensor-configuration:0 } Records:{} | -- on:4 reward:0.5425432756
STOKE: Config: 2 - Knobs: {interval:2000 priority:100 sensor-configuration:0 } Records:{} | -- on:2 reward:0.4701731025
STOKE: Config: 3 - Knobs: {interval:500 priority:100 sensor-configuration:0 } Records:{} | -- on:3 reward:0.3102529960
ETask 21: Configuration:1 Energy:0.00 Power:0.00 Reward:72.81 Time:1000
STOKE: Config: 0 - Knobs: {interval:10000 priority:100 sensor-configuration:0 } Records:{} | -- on:11 reward:0.5274825485
STOKE: Config: 1 - Knobs: {interval:5000 priority:100 sensor-configuration:0 } Records:{} | -- on:5 reward:0.5047669774
STOKE: Config: 2 - Knobs: {interval:2000 priority:100 sensor-configuration:0 } Records:{} | -- on:2 reward:0.4701731025
STOKE: Config: 3 - Knobs: {interval:500 priority:100 sensor-configuration:0 } Records:{} | -- on:3 reward:0.3102529960
ETask 22: Configuration:0 Energy:0.00 Power:0.00 Reward:36.85 Time:1000
STOKE: Config: 0 - Knobs: {interval:10000 priority:100 sensor-configuration:0 } Records:{} | -- on:12 reward:0.5395990531
STOKE: Config: 1 - Knobs: {interval:5000 priority:100 sensor-configuration:0 } Records:{} | -- on:5 reward:0.5047669774
STOKE: Config: 2 - Knobs: {interval:2000 priority:100 sensor-configuration:0 } Records:{} | -- on:2 reward:0.4701731025
STOKE: Config: 3 - Knobs: {interval:500 priority:100 sensor-configuration:0 } Records:{} | -- on:3 reward:0.3102529960
ETask 23: Configuration:0 Energy:0.00 Power:0.00 Reward:71.96 Time:1000
STOKE: Config: 0 - Knobs: {interval:10000 priority:100 sensor-configuration:0 } Records:{} | -- on:13 reward:0.5258766090
STOKE: Config: 1 - Knobs: {interval:5000 priority:100 sensor-configuration:0 } Records:{} | -- on:5 reward:0.5047669774
STOKE: Config: 2 - Knobs: {interval:2000 priority:100 sensor-configuration:0 } Records:{} | -- on:2 reward:0.4701731025
STOKE: Config: 3 - Knobs: {interval:500 priority:100 sensor-configuration:0 } Records:{} | -- on:3 reward:0.3102529960
ETask 24: Configuration:0 Energy:0.00 Power:0.00 Reward:36.70 Time:1000
STOKE: Config: 0 - Knobs: {interval:10000 priority:100 sensor-configuration:0 } Records:{} | -- on:14 reward:0.5364720056
STOKE: Config: 1 - Knobs: {interval:5000 priority:100 sensor-configuration:0 } Records:{} | -- on:5 reward:0.5047669774
STOKE: Config: 2 - Knobs: {interval:2000 priority:100 sensor-configuration:0 } Records:{} | -- on:2 reward:0.4701731025
STOKE: Config: 3 - Knobs: {interval:500 priority:100 sensor-configuration:0 } Records:{} | -- on:3 reward:0.3102529960
STOKE: Randomly selected 0
ETask 25: Configuration:0 Energy:0.00 Power:0.00 Reward:85.72 Time:1000
STOKE: Config: 0 - Knobs: {interval:10000 priority:100 sensor-configuration:0 } Records:{} | -- on:15 reward:0.5166444740
STOKE: Config: 1 - Knobs: {interval:5000 priority:100 sensor-configuration:0 } Records:{} | -- on:5 reward:0.5047669774
STOKE: Config: 2 - Knobs: {interval:2000 priority:100 sensor-configuration:0 } Records:{} | -- on:2 reward:0.4701731025
STOKE: Config: 3 - Knobs: {interval:500 priority:100 sensor-configuration:0 } Records:{} | -- on:3 reward:0.3102529960
ERun: Time:208
==END-RUN 2==
STOKE: Config: 0 - Knobs: {interval:10000 priority:100 sensor-configuration:0 } Records:{} | -- on:15 reward:0.5166444740
STOKE: Config: 1 - Knobs: {interval:5000 priority:100 sensor-configuration:0 } Records:{} | -- on:5 reward:0.5047669774
STOKE: Config: 2 - Knobs: {interval:2000 priority:100 sensor-configuration:0 } Records:{} | -- on:2 reward:0.4701731025
STOKE: Config: 3 - Knobs: {interval:500 priority:100 sensor-configuration:0 } Records:{} | -- on:3 reward:0.3102529960
ERROR: We got 'done' signal before finishing experiment!
STOKE: Config: 0 - Knobs: {interval:10000 priority:100 sensor-configuration:0 } Records:{} | -- on:15 reward:0.5166444740
STOKE: Config: 1 - Knobs: {interval:5000 priority:100 sensor-configuration:0 } Records:{} | -- on:5 reward:0.5047669774
STOKE: Config: 2 - Knobs: {interval:2000 priority:100 sensor-configuration:0 } Records:{} | -- on:2 reward:0.4701731025
STOKE: Config: 3 - Knobs: {interval:500 priority:100 sensor-configuration:0 } Records:{} | -- on:3 reward:0.3102529960
