==RUN 0==
Bandit Runs:1 Tasks-in-Run:60
Self-Optimizer Rounds:0 Tasks-in-Round:0
Continuous Knob Rounds:Inf Tasks-in-Round:0
STOKE: Start Bat: 1.000000
ETask 0-0: Configuration:0 Energy:86.41009367250001 Reward:0.0 Raw:0.0 Time:32500 TotalReward:86.41009367250001
ETask 1-1: Configuration:0 Energy:86.87017891500001 Reward:0.0 Raw:0.0 Time:32500 TotalReward:173.2802725875
ETask 2-2: Configuration:0 Energy:92.01458155499999 Reward:0.0 Raw:0.0 Time:32500 TotalReward:265.2948541425
ETask 3-3: Configuration:0 Energy:91.563216615 Reward:0.0 Raw:0.0 Time:32500 TotalReward:356.8580707575
ETask 4-4: Configuration:0 Energy:83.41367316750001 Reward:0.0 Raw:0.0 Time:32500 TotalReward:440.271743925
ETask 5-5: Configuration:0 Energy:87.0403367925 Reward:0.0 Raw:0.0 Time:32500 TotalReward:527.3120807175001
ETask 6-6: Configuration:0 Energy:88.91623026 Reward:0.0 Raw:0.0 Time:32500 TotalReward:616.2283109775001
ETask 7-7: Configuration:0 Energy:98.12877545250001 Reward:0.0 Raw:0.0 Time:32500 TotalReward:714.3570864300001
ETask 8-8: Configuration:0 Energy:83.6428837725 Reward:0.0 Raw:0.0 Time:32500 TotalReward:797.9999702025001
ETask 9-9: Configuration:0 Energy:106.86200001750001 Reward:0.0 Raw:0.0 Time:32500 TotalReward:904.8619702200001
ETask 10-10: Configuration:0 Energy:93.03955296999999 Reward:0.0 Raw:0.0 Time:32500 TotalReward:997.90152319
ETask 11-11: Configuration:0 Energy:87.24660580999999 Reward:0.0 Raw:0.0 Time:32500 TotalReward:1085.148129
ETask 12-12: Configuration:0 Energy:85.07418283 Reward:0.0 Raw:0.0 Time:32500 TotalReward:1170.2223118299999
ETask 13-13: Configuration:0 Energy:94.79815526999998 Reward:0.0 Raw:0.0 Time:32500 TotalReward:1265.0204671
ETask 14-14: Configuration:0 Energy:89.06730833 Reward:0.0 Raw:0.0 Time:32500 TotalReward:1354.08777543
ETask 15-15: Configuration:0 Energy:112.97606144500001 Reward:0.0 Raw:0.0 Time:32500 TotalReward:1467.0638368749999
ETask 16-16: Configuration:0 Energy:86.21200822 Reward:0.0 Raw:0.0 Time:32500 TotalReward:1553.2758450949998
ETask 17-17: Configuration:0 Energy:83.41903569999998 Reward:0.0 Raw:0.0 Time:32500 TotalReward:1636.6948807949998
ETask 18-18: Configuration:0 Energy:85.50874877999998 Reward:0.0 Raw:0.0 Time:32500 TotalReward:1722.2036295749997
ETask 19-19: Configuration:0 Energy:93.47411892 Reward:0.0 Raw:0.0 Time:32500 TotalReward:1815.6777484949996
ETask 20-20: Configuration:0 Energy:91.40515110999999 Reward:0.0 Raw:0.0 Time:32500 TotalReward:1907.0828996049995
ETask 21-21: Configuration:0 Energy:85.94317914 Reward:0.0 Raw:0.0 Time:32500 TotalReward:1993.0260787449995
ETask 22-22: Configuration:0 Energy:87.59832626999999 Reward:0.0 Raw:0.0 Time:32500 TotalReward:2080.6244050149994
ETask 23-23: Configuration:0 Energy:93.55682881999999 Reward:0.0 Raw:0.0 Time:32500 TotalReward:2174.1812338349996
ETask 24-24: Configuration:0 Energy:106.57382163999999 Reward:0.0 Raw:0.0 Time:32500 TotalReward:2280.7550554749996
ETask 25-25: Configuration:0 Energy:87.06800102 Reward:0.0 Raw:0.0 Time:32500 TotalReward:2367.8230564949995
ETask 26-26: Configuration:0 Energy:83.8068374 Reward:0.0 Raw:0.0 Time:32500 TotalReward:2451.6298938949994
ETask 27-27: Configuration:0 Energy:87.72437387999999 Reward:0.0 Raw:0.0 Time:32500 TotalReward:2539.3542677749992
ETask 28-28: Configuration:0 Energy:104.15345512 Reward:0.0 Raw:0.0 Time:32500 TotalReward:2643.5077228949995
ETask 29-29: Configuration:0 Energy:86.59632124 Reward:0.0 Raw:0.0 Time:32500 TotalReward:2730.1040441349996
ETask 30-30: Configuration:0 Energy:85.4682686 Reward:0.0 Raw:0.0 Time:32500 TotalReward:2815.5723127349997
ETask 31-31: Configuration:0 Energy:94.16470492 Reward:0.0 Raw:0.0 Time:32500 TotalReward:2909.737017655
ETask 32-32: Configuration:0 Energy:85.85795218 Reward:0.0 Raw:0.0 Time:32500 TotalReward:2995.594969835
ETask 33-33: Configuration:0 Energy:97.73526262499999 Reward:0.0 Raw:0.0 Time:32500 TotalReward:3093.33023246
ETask 34-34: Configuration:0 Energy:86.040506825 Reward:0.0 Raw:0.0 Time:32500 TotalReward:3179.370739285
ETask 35-35: Configuration:0 Energy:88.08864609999999 Reward:0.0 Raw:0.0 Time:32500 TotalReward:3267.459385385
ETask 36-36: Configuration:0 Energy:83.91049029999999 Reward:0.0 Raw:0.0 Time:32500 TotalReward:3351.369875685
ETask 37-37: Configuration:0 Energy:109.72006714499999 Reward:0.0 Raw:0.0 Time:32500 TotalReward:3461.08994283
ETask 38-38: Configuration:0 Energy:112.15868449499999 Reward:0.0 Raw:0.0 Time:32500 TotalReward:3573.2486273249997
ETask 39-39: Configuration:0 Energy:83.09785068 Reward:0.0 Raw:0.0 Time:32500 TotalReward:3656.346478005
ETask 40-40: Configuration:0 Energy:86.755776705 Reward:0.0 Raw:0.0 Time:32500 TotalReward:3743.1022547099997
ETask 41-41: Configuration:0 Energy:82.528751175 Reward:0.0 Raw:0.0 Time:32500 TotalReward:3825.6310058849995
ETask 42-42: Configuration:0 Energy:85.963325955 Reward:0.0 Raw:0.0 Time:32500 TotalReward:3911.5943318399995
ETask 43-43: Configuration:0 Energy:118.47897866999999 Reward:0.0 Raw:0.0 Time:32500 TotalReward:4030.0733105099994
ETask 44-44: Configuration:0 Energy:85.47757855000002 Reward:0.0 Raw:0.0 Time:32500 TotalReward:4115.5508890599995
ETask 45-45: Configuration:0 Energy:92.170124865 Reward:0.0 Raw:0.0 Time:32500 TotalReward:4207.721013924999
ETask 46-46: Configuration:0 Energy:86.37265546 Reward:0.0 Raw:0.0 Time:32500 TotalReward:4294.093669384999
ETask 47-47: Configuration:0 Energy:107.85396804000001 Reward:0.0 Raw:0.0 Time:32500 TotalReward:4401.947637424999
ETask 48-48: Configuration:0 Energy:79.029132 Reward:0.0 Raw:0.0 Time:32500 TotalReward:4480.976769424999
ETask 49-49: Configuration:0 Energy:83.484119355 Reward:0.0 Raw:0.0 Time:32500 TotalReward:4564.460888779999
ETask 50-50: Configuration:0 Energy:83.829938465 Reward:0.0 Raw:0.0 Time:32500 TotalReward:4648.290827244999
ETask 51-51: Configuration:0 Energy:86.8815822875 Reward:0.0 Raw:0.0 Time:32500 TotalReward:4735.172409532499
ETask 52-52: Configuration:0 Energy:111.85535361000001 Reward:0.0 Raw:0.0 Time:32500 TotalReward:4847.027763142499
ETask 53-53: Configuration:0 Energy:85.586425925 Reward:0.0 Raw:0.0 Time:32500 TotalReward:4932.614189067499
ETask 54-54: Configuration:0 Energy:83.03643348 Reward:0.0 Raw:0.0 Time:32500 TotalReward:5015.650622547499
ETask 55-55: Configuration:0 Energy:82.97568779500001 Reward:0.0 Raw:0.0 Time:32500 TotalReward:5098.626310342499
ETask 56-56: Configuration:0 Energy:82.3686288425 Reward:0.0 Raw:0.0 Time:32500 TotalReward:5180.994939184999
ETask 57-57: Configuration:0 Energy:98.26096598500001 Reward:0.0 Raw:0.0 Time:32500 TotalReward:5279.255905169999
ETask 58-58: Configuration:0 Energy:96.63140093749999 Reward:0.0 Raw:0.0 Time:32500 TotalReward:5375.887306107499
ETask 59-59: Configuration:0 Energy:84.17780046 Reward:0.0 Raw:0.0 Time:32500 TotalReward:5460.065106567499
