==RUN 0==
Bandit Runs:1 Tasks-in-Run:100
Self-Optimizer Rounds:0 Tasks-in-Round:0
Continuous Knob Rounds:Inf Tasks-in-Round:0
STOKE: Start Bat: 0.990000
ETask 1-1: Configuration:0 Energy:32.631776696045996 Reward:18.311005362610388 Raw:11.68899463738961 Time:32538 TotalReward:32.631776696045996
ETask 2-2: Configuration:1 Energy:36.996095801136995 Reward:16.74766717571212 Raw:13.25233282428788 Time:32563 TotalReward:69.62787249718299
ETask 3-3: Configuration:2 Energy:31.738758955331996 Reward:18.630892314507943 Raw:11.369107685492057 Time:32523 TotalReward:101.36663145251498
ETask 4-4: Configuration:3 Energy:45.293208949493994 Reward:13.775566943464838 Raw:16.22443305653516 Time:32524 TotalReward:146.65984040200897
ETask 5-5: Configuration:4 Energy:46.60590098879 Reward:13.305348899537911 Raw:16.69465110046209 Time:32559 TotalReward:193.26574139079895
ETask 6-6: Configuration:5 Energy:57.032216689415 Reward:9.570549245582686 Raw:20.429450754417314 Time:32549 TotalReward:250.29795808021396
ETask 7-7: Configuration:6 Energy:98.520668890556 Reward:-5.29098587124394 Raw:35.29098587124394 Time:32528 TotalReward:348.81862697076997
ETask 8-8: Configuration:7 Energy:99.7686950216 Reward:-5.738040007737311 Raw:35.73804000773731 Time:32527 TotalReward:448.58732199237
ETask 9-9: Configuration:8 Energy:42.529448630515 Reward:14.765570639815525 Raw:15.234429360184475 Time:32548 TotalReward:491.116770622885
ETask 10-10: Configuration:9 Energy:42.878086437087 Reward:14.640685455371823 Raw:15.359314544628177 Time:32527 TotalReward:533.994857059972
ETask 11-11: Configuration:10 Energy:31.996105554929997 Reward:18.538708457935524 Raw:11.461291542064476 Time:32555 TotalReward:565.990962614902
ETask 12-12: Configuration:11 Energy:31.637506878207994 Reward:18.66716171526878 Raw:11.33283828473122 Time:32565 TotalReward:597.62846949311
ETask 13-13: Configuration:12 Energy:34.534084836856 Reward:17.62958155097695 Raw:12.370418449023047 Time:32564 TotalReward:632.1625543299659
ETask 14-14: Configuration:13 Energy:32.00101549348 Reward:18.536949673977315 Raw:11.463050326022685 Time:32539 TotalReward:664.1635698234459
ETask 15-15: Configuration:14 Energy:45.239367193776 Reward:13.794853542528 Raw:16.205146457472 Time:32555 TotalReward:709.4029370172219
ETask 16-16: Configuration:15 Energy:42.696620990351995 Reward:14.705688003455998 Raw:15.294311996544002 Time:32546 TotalReward:752.0995580075739
ETask 17-17: Configuration:16 Energy:37.38048709059 Reward:16.60997477352 Raw:13.39002522648 Time:32528 TotalReward:789.4800450981639
ETask 18-18: Configuration:17 Energy:45.545972031378 Reward:13.685024943984 Raw:16.314975056016 Time:32543 TotalReward:835.026017129542
ETask 19-19: Configuration:18 Energy:42.30976238527499 Reward:14.844264220200003 Raw:15.155735779799997 Time:32546 TotalReward:877.335779514817
ETask 20-20: Configuration:19 Energy:89.19226508322 Reward:-1.9494680895116367 Raw:31.949468089511637 Time:32539 TotalReward:966.528044598037
ETask 21-21: Configuration:0 Energy:34.236093505103995 Reward:17.736324714589614 Raw:12.263675285410386 Time:32572 TotalReward:1000.764138103141
ETask 22-22: Configuration:3 Energy:32.830692964559994 Reward:18.239751773888955 Raw:11.760248226111043 Time:32537 TotalReward:1033.594831067701
ETask 23-23: Configuration:9 Energy:49.85712083425999 Reward:12.140732835488961 Raw:17.85926716451104 Time:32519 TotalReward:1083.4519519019611
ETask 24-24: Configuration:12 Energy:33.161355969671995 Reward:18.1213053242966 Raw:11.878694675703402 Time:32546 TotalReward:1116.6133078716332
ETask 25-25: Configuration:15 Energy:51.003295512899996 Reward:11.730162801349252 Raw:18.269837198650748 Time:32537 TotalReward:1167.6166033845332
ETask 26-26: Configuration:12 Energy:50.55812974968 Reward:11.889625164293733 Raw:18.110374835706267 Time:32555 TotalReward:1218.174733134213
ETask 27-27: Configuration:4 Energy:59.501986158212 Reward:8.685855704521071 Raw:21.31414429547893 Time:32535 TotalReward:1277.676719292425
ETask 28-28: Configuration:8 Energy:58.8962320064 Reward:8.902842266364175 Raw:21.097157733635825 Time:32537 TotalReward:1336.572951298825
ETask 29-29: Configuration:4 Energy:34.471917612591994 Reward:17.651850407429734 Raw:12.348149592570266 Time:32517 TotalReward:1371.044868911417
ETask 30-30: Configuration:9 Energy:46.081424314248 Reward:13.493221141164895 Raw:16.506778858835105 Time:32526 TotalReward:1417.126293225665
ETask 31-31: Configuration:19 Energy:125.052504056512 Reward:-14.794926826213256 Raw:44.794926826213256 Time:32533 TotalReward:1542.178797282177
ETask 32-32: Configuration:12 Energy:53.18089682867501 Reward:10.95012650913134 Raw:19.04987349086866 Time:32559 TotalReward:1595.359694110852
ETask 33-33: Configuration:17 Energy:37.806274011072006 Reward:16.45745408558615 Raw:13.542545914413852 Time:32542 TotalReward:1633.165968121924
ETask 34-34: Configuration:6 Energy:37.607714184236 Reward:16.528579993706508 Raw:13.471420006293492 Time:32532 TotalReward:1670.77368230616
ETask 35-35: Configuration:6 Energy:87.64887028964 Reward:-1.396610253005374 Raw:31.396610253005374 Time:32517 TotalReward:1758.4225525958
ETask 36-36: Configuration:6 Energy:38.473556978927995 Reward:16.21842735083176 Raw:13.78157264916824 Time:32506 TotalReward:1796.896109574728
ETask 37-37: Configuration:7 Energy:37.665502026880006 Reward:16.507879870968353 Raw:13.492120129031646 Time:32558 TotalReward:1834.5616116016079
ETask 38-38: Configuration:7 Energy:41.59907338399201 Reward:15.098839384838685 Raw:14.901160615161315 Time:32536 TotalReward:1876.1606849855998
ETask 39-39: Configuration:0 Energy:33.209035514508 Reward:18.10422608435534 Raw:11.895773915644659 Time:32562 TotalReward:1909.3697205001079
ETask 40-40: Configuration:9 Energy:46.16077820004 Reward:13.464795868642387 Raw:16.535204131357613 Time:32540 TotalReward:1955.5304987001477
ETask 41-41: Configuration:6 Energy:37.46865773118999 Reward:16.57839126046926 Raw:13.421608739530742 Time:32540 TotalReward:1992.9991564313377
ETask 42-42: Configuration:13 Energy:38.66160140444 Reward:16.15106815363343 Raw:13.848931846366568 Time:32542 TotalReward:2031.6607578357778
ETask 43-43: Configuration:19 Energy:84.69013431542999 Reward:-0.3367645309002967 Raw:30.336764530900297 Time:32536 TotalReward:2116.3508921512075
ETask 44-44: Configuration:19 Energy:88.94062534283499 Reward:-1.859328481015524 Raw:31.859328481015524 Time:32504 TotalReward:2205.2915174940426
ETask 45-45: Configuration:19 Energy:107.128784672 Reward:-8.37449003176119 Raw:38.37449003176119 Time:32504 TotalReward:2312.420302166043
ETask 46-46: Configuration:19 Energy:107.981532982015 Reward:-8.6799521129606 Raw:38.6799521129606 Time:32504 TotalReward:2420.4018351480577
ETask 47-47: Configuration:19 Energy:101.85949642915202 Reward:-6.4869837955171334 Raw:36.48698379551713 Time:32503 TotalReward:2522.2613315772096
ETask 48-48: Configuration:16 Energy:80.17838427060002 Reward:1.2793847388895472 Raw:28.720615261110453 Time:32540 TotalReward:2602.4397158478096
ETask 49-49: Configuration:19 Energy:93.78188726702399 Reward:-3.5935118568444153 Raw:33.593511856844415 Time:32534 TotalReward:2696.2216031148337
ETask 50-50: Configuration:7 Energy:34.91405714676 Reward:17.49347206683224 Raw:12.50652793316776 Time:32568 TotalReward:2731.135660261594
ETask 51-51: Configuration:19 Energy:90.41487017244 Reward:-2.387416181172533 Raw:32.38741618117253 Time:32530 TotalReward:2821.5505304340336
ETask 52-52: Configuration:11 Energy:32.89565741979999 Reward:18.21648092425075 Raw:11.78351907574925 Time:32574 TotalReward:2854.4461878538336
ETask 53-53: Configuration:19 Energy:95.31321935519999 Reward:-4.142048724250735 Raw:34.142048724250735 Time:32536 TotalReward:2949.7594072090337
ETask 54-54: Configuration:19 Energy:85.29939463589999 Reward:-0.5550070337552171 Raw:30.555007033755217 Time:32503 TotalReward:3035.058801844934
ETask 55-55: Configuration:19 Energy:84.28719189464 Reward:-0.19242694733373256 Raw:30.192426947333733 Time:32503 TotalReward:3119.3459937395737
ETask 56-56: Configuration:19 Energy:83.58377108392999 Reward:0.05954468635343346 Raw:29.940455313646567 Time:32503 TotalReward:3202.929764823504
ETask 57-57: Configuration:19 Energy:86.20349187013798 Reward:-0.8788627594524101 Raw:30.87886275945241 Time:32505 TotalReward:3289.1332566936417
ETask 58-58: Configuration:19 Energy:82.58543019784199 Reward:0.41715933211630585 Raw:29.582840667883694 Time:32502 TotalReward:3371.7186868914837
ETask 59-59: Configuration:19 Energy:76.968219853154 Reward:2.4292943809597602 Raw:27.57070561904024 Time:32506 TotalReward:3448.686906744638
ETask 60-60: Configuration:19 Energy:78.03113994589398 Reward:2.048546885052904 Raw:27.951453114947096 Time:32501 TotalReward:3526.718046690532
ETask 61-61: Configuration:0 Energy:29.502409070514 Reward:19.431972870263643 Raw:10.56802712973636 Time:32564 TotalReward:3556.220455761046
ETask 62-62: Configuration:19 Energy:116.27466061049999 Reward:-11.6506246962985 Raw:41.6506246962985 Time:32531 TotalReward:3672.4951163715464
ETask 63-63: Configuration:19 Energy:104.62250191959998 Reward:-7.476717105528351 Raw:37.47671710552835 Time:32505 TotalReward:3777.1176182911463
ETask 64-64: Configuration:19 Energy:100.3797024923 Reward:-5.95690835545075 Raw:35.95690835545075 Time:32503 TotalReward:3877.4973207834464
ETask 65-65: Configuration:19 Energy:85.22274387872 Reward:-0.5275500461086544 Raw:30.527550046108654 Time:32501 TotalReward:3962.7200646621664
ETask 66-66: Configuration:19 Energy:84.14966904477 Reward:-0.1431650309623791 Raw:30.14316503096238 Time:32503 TotalReward:4046.869733706936
ETask 67-67: Configuration:19 Energy:88.76044401741999 Reward:-1.7947859166877507 Raw:31.79478591668775 Time:32502 TotalReward:4135.630177724356
ETask 68-68: Configuration:19 Energy:85.98614600576 Reward:-0.8010075244513395 Raw:30.80100752445134 Time:32504 TotalReward:4221.616323730116
ETask 69-69: Configuration:19 Energy:88.54215192424 Reward:-1.7165917340561236 Raw:31.716591734056124 Time:32504 TotalReward:4310.158475654356
ETask 70-70: Configuration:1 Energy:32.90558967310999 Reward:18.212923102169555 Raw:11.787076897830447 Time:32547 TotalReward:4343.064065327466
ETask 71-71: Configuration:19 Energy:96.554208514764 Reward:-4.586582154542334 Raw:34.586582154542334 Time:32533 TotalReward:4439.618273842229
ETask 72-72: Configuration:19 Energy:90.441134487088 Reward:-2.3968242938822684 Raw:32.39682429388227 Time:32503 TotalReward:4530.059408329317
ETask 73-73: Configuration:19 Energy:83.955804603737 Reward:-0.07372105208488478 Raw:30.073721052084885 Time:32507 TotalReward:4614.0152129330545
ETask 74-74: Configuration:19 Energy:82.99092877554597 Reward:0.2719061102521927 Raw:29.728093889747807 Time:32504 TotalReward:4697.006141708601
ETask 75-75: Configuration:19 Energy:80.16953871959998 Reward:1.2825532944716436 Raw:28.717446705528356 Time:32504 TotalReward:4777.1756804282
ETask 76-76: Configuration:19 Energy:81.85603309785 Reward:0.6784359052477633 Raw:29.321564094752237 Time:32502 TotalReward:4859.03171352605
ETask 77-77: Configuration:19 Energy:74.74267683674998 Reward:3.226503819671649 Raw:26.77349618032835 Time:32504 TotalReward:4933.7743903628
ETask 78-78: Configuration:19 Energy:88.09087119975001 Reward:-1.5549389372238878 Raw:31.554938937223888 Time:32504 TotalReward:5021.86526156255
ETask 79-79: Configuration:19 Energy:90.91260301499999 Reward:-2.565708542686565 Raw:32.565708542686565 Time:32505 TotalReward:5112.77786457755
ETask 80-80: Configuration:10 Energy:44.27558032679999 Reward:14.140090629205979 Raw:15.859909370794021 Time:32565 TotalReward:5157.05344490435
ETask 81-81: Configuration:19 Energy:93.6820102599 Reward:-3.5577350184716394 Raw:33.55773501847164 Time:32534 TotalReward:5250.73545516425
ETask 82-82: Configuration:19 Energy:81.69056125296001 Reward:0.7377094019247714 Raw:29.26229059807523 Time:32504 TotalReward:5332.42601641721
ETask 83-83: Configuration:19 Energy:74.71084480325999 Reward:3.237906339130749 Raw:26.76209366086925 Time:32502 TotalReward:5407.13686122047
ETask 84-84: Configuration:19 Energy:75.02456931354 Reward:3.1255274100752253 Raw:26.874472589924775 Time:32504 TotalReward:5482.16143053401
ETask 85-85: Configuration:19 Energy:75.61619056034999 Reward:2.9136033813671673 Raw:27.086396618632833 Time:32503 TotalReward:5557.77762109436
ETask 86-86: Configuration:19 Energy:74.88036898927501 Reward:3.177181257573128 Raw:26.822818742426872 Time:32503 TotalReward:5632.657990083635
ETask 87-87: Configuration:19 Energy:75.02687506587002 Reward:3.124701468942085 Raw:26.875298531057915 Time:32504 TotalReward:5707.684865149505
ETask 88-88: Configuration:11 Energy:25.467286184507998 Reward:20.877390023459824 Raw:9.122609976540177 Time:32542 TotalReward:5733.152151334013
ETask 89-89: Configuration:19 Energy:76.51731300084 Reward:2.590813253430447 Raw:27.409186746569553 Time:32538 TotalReward:5809.669464334853
ETask 90-90: Configuration:4 Energy:76.45593749740301 Reward:2.612798508392949 Raw:27.38720149160705 Time:32559 TotalReward:5886.125401832256
ETask 91-91: Configuration:19 Energy:87.391632626144 Reward:-1.304465418320241 Raw:31.30446541832024 Time:32529 TotalReward:5973.5170344584
ETask 92-92: Configuration:19 Energy:81.06209856976 Reward:0.9628303630710455 Raw:29.037169636928954 Time:32503 TotalReward:6054.57913302816
ETask 93-93: Configuration:19 Energy:75.43125898531999 Reward:2.9798475276465695 Raw:27.02015247235343 Time:32504 TotalReward:6130.01039201348
ETask 94-94: Configuration:19 Energy:76.00513701950399 Reward:2.7742792765955855 Raw:27.225720723404415 Time:32504 TotalReward:6206.015529032984
ETask 95-95: Configuration:19 Energy:80.30918371112 Reward:1.2325312079570203 Raw:28.76746879204298 Time:32502 TotalReward:6286.324712744104
ETask 96-96: Configuration:19 Energy:92.86763895023998 Reward:-3.2660199224740225 Raw:33.26601992247402 Time:32504 TotalReward:6379.192351694343
ETask 97-97: Configuration:19 Energy:87.716943787005 Reward:-1.4209947893749266 Raw:31.420994789374927 Time:32502 TotalReward:6466.909295481349
ETask 98-98: Configuration:19 Energy:76.38327842772 Reward:2.6388256378316406 Raw:27.36117436216836 Time:32503 TotalReward:6543.292573909069
ETask 99-99: Configuration:19 Energy:76.78236550452 Reward:2.4958690730077606 Raw:27.50413092699224 Time:32506 TotalReward:6620.074939413589
ETask 100-100: Configuration:19 Energy:94.69882818466 Reward:-3.921968304952834 Raw:33.921968304952834 Time:32502 TotalReward:6714.773767598249
ETask 101-101: Configuration:19 Energy:75.86761083495 Reward:2.8235423874806003 Raw:27.1764576125194 Time:32502 TotalReward:6790.641378433199
ETask 102-102: Configuration:19 Energy:91.54572997030999 Reward:-2.7925002878722367 Raw:32.79250028787224 Time:32504 TotalReward:6882.187108403509
ETask 103-103: Configuration:19 Energy:119.242418671195 Reward:-12.71370221057731 Raw:42.71370221057731 Time:32503 TotalReward:7001.429527074704
ETask 104-104: Configuration:19 Energy:71.616928516854 Reward:4.346174859634388 Raw:25.653825140365612 Time:32504 TotalReward:7073.046455591559
ETask 105-105: Configuration:19 Energy:70.06476174767998 Reward:4.90217489635344 Raw:25.09782510364656 Time:32501 TotalReward:7143.1112173392385
ETask 106-106: Configuration:19 Energy:77.868417600939 Reward:2.106835486230807 Raw:27.893164513769193 Time:32503 TotalReward:7220.979634940178
ETask 107-107: Configuration:19 Energy:77.87371911028 Reward:2.1049364381086555 Raw:27.895063561891345 Time:32502 TotalReward:7298.853354050458
ETask 108-108: Configuration:19 Energy:76.80946896379199 Reward:2.4861603711789932 Raw:27.513839628821007 Time:32503 TotalReward:7375.66282301425
ETask 109-109: Configuration:19 Energy:89.620440120644 Reward:-2.102844222320236 Raw:32.102844222320236 Time:32502 TotalReward:7465.283263134894
ETask 110-110: Configuration:19 Energy:82.97568404761599 Reward:0.2773669083166581 Raw:29.722633091683342 Time:32502 TotalReward:7548.2589471825095
ETask 111-111: Configuration:19 Energy:96.33954406748 Reward:-4.5096874271570115 Raw:34.50968742715701 Time:32502 TotalReward:7644.59849124999
ETask 112-112: Configuration:19 Energy:99.97519333607998 Reward:-5.81200955322268 Raw:35.81200955322268 Time:32504 TotalReward:7744.57368458607
ETask 113-113: Configuration:19 Energy:97.494407856626 Reward:-4.923369978492893 Raw:34.92336997849289 Time:32501 TotalReward:7842.068092442696
ETask 114-114: Configuration:19 Energy:81.328885095705 Reward:0.8672650403444777 Raw:29.132734959655522 Time:32503 TotalReward:7923.396977538401
ETask 115-115: Configuration:19 Energy:83.66534308274102 Reward:0.030324865883816443 Raw:29.969675134116184 Time:32502 TotalReward:8007.062320621142
ETask 116-116: Configuration:19 Energy:76.38072034320001 Reward:2.6397419666149204 Raw:27.36025803338508 Time:32502 TotalReward:8083.443040964342
ETask 117-117: Configuration:19 Energy:74.459551970576 Reward:3.327921682181728 Raw:26.672078317818272 Time:32502 TotalReward:8157.902592934918
ETask 118-118: Configuration:19 Energy:74.87144325086399 Reward:3.180378537003943 Raw:26.819621462996057 Time:32503 TotalReward:8232.774036185781
ETask 119-119: Configuration:19 Energy:72.886329647784 Reward:3.891464006763943 Raw:26.108535993236057 Time:32502 TotalReward:8305.660365833566
ETask 120-120: Configuration:19 Energy:73.94429169616399 Reward:3.5124925267472307 Raw:26.48750747325277 Time:32502 TotalReward:8379.60465752973
ETask 121-121: Configuration:19 Energy:74.41893367123198 Reward:3.3424715207527242 Raw:26.657528479247276 Time:32503 TotalReward:8454.023591200961
ERun: Time:3939451
==END-RUN 0==
==ROUND-END==
STOKE: Config: 0 - Knobs: {interval:10000 priority:104 sensor-configuration:1 batch:5 }  | -- on:4 reward:18.3959
STOKE: Config: 1 - Knobs: {interval:7750 priority:104 sensor-configuration:1 batch:5 }  | -- on:2 reward:17.4803
STOKE: Config: 2 - Knobs: {interval:5500 priority:104 sensor-configuration:1 batch:5 }  | -- on:1 reward:18.6309
STOKE: Config: 3 - Knobs: {interval:3500 priority:104 sensor-configuration:1 batch:5 }  | -- on:2 reward:16.0077
STOKE: Config: 4 - Knobs: {interval:1000 priority:104 sensor-configuration:1 batch:5 }  | -- on:4 reward:10.5640
STOKE: Config: 5 - Knobs: {interval:10000 priority:100 sensor-configuration:1 batch:5 }  | -- on:1 reward:9.5705
STOKE: Config: 6 - Knobs: {interval:7750 priority:100 sensor-configuration:1 batch:5 }  | -- on:5 reward:8.5276
STOKE: Config: 7 - Knobs: {interval:5500 priority:100 sensor-configuration:1 batch:5 }  | -- on:4 reward:10.8405
STOKE: Config: 8 - Knobs: {interval:3500 priority:100 sensor-configuration:1 batch:5 }  | -- on:2 reward:11.8342
STOKE: Config: 9 - Knobs: {interval:1000 priority:100 sensor-configuration:1 batch:5 }  | -- on:4 reward:13.4349
STOKE: Config: 10 - Knobs: {interval:10000 priority:104 sensor-configuration:1 batch:1 }  | -- on:2 reward:16.3394
STOKE: Config: 11 - Knobs: {interval:7750 priority:104 sensor-configuration:1 batch:1 }  | -- on:3 reward:19.2537
STOKE: Config: 12 - Knobs: {interval:5500 priority:104 sensor-configuration:1 batch:1 }  | -- on:4 reward:14.6477
STOKE: Config: 13 - Knobs: {interval:3500 priority:104 sensor-configuration:1 batch:1 }  | -- on:2 reward:17.3440
STOKE: Config: 14 - Knobs: {interval:1000 priority:104 sensor-configuration:1 batch:1 }  | -- on:1 reward:13.7949
STOKE: Config: 15 - Knobs: {interval:10000 priority:100 sensor-configuration:1 batch:1 }  | -- on:2 reward:13.2179
STOKE: Config: 16 - Knobs: {interval:7750 priority:100 sensor-configuration:1 batch:1 }  | -- on:2 reward:8.9447
STOKE: Config: 17 - Knobs: {interval:5500 priority:100 sensor-configuration:1 batch:1 }  | -- on:2 reward:15.0712
STOKE: Config: 18 - Knobs: {interval:3500 priority:100 sensor-configuration:1 batch:1 }  | -- on:1 reward:14.8443
STOKE: Config: 19 - Knobs: {interval:1000 priority:100 sensor-configuration:1 batch:1 }  | -- on:73 reward:-0.8158
==RUN 1==
Bandit Runs:1 Tasks-in-Run:100
Self-Optimizer Rounds:0 Tasks-in-Round:0
Continuous Knob Rounds:Inf Tasks-in-Round:0
STOKE: Start Bat: 0.990000
ETask 1-1: Configuration:0 Energy:44.320690947904 Reward:14.123931600750808 Raw:15.876068399249192 Time:32536 TotalReward:44.320690947904
ETask 2-2: Configuration:1 Energy:37.922772079188 Reward:16.415723434320718 Raw:13.584276565679284 Time:32526 TotalReward:82.24346302709199
ETask 3-3: Configuration:2 Energy:42.331230335369995 Reward:14.836574208225672 Raw:15.163425791774328 Time:32530 TotalReward:124.57469336246199
ETask 4-4: Configuration:3 Energy:54.765861580351995 Reward:10.382377941366453 Raw:19.617622058633547 Time:32538 TotalReward:179.34055494281398
ETask 5-5: Configuration:4 Energy:40.514814064727986 Reward:15.487230782784005 Raw:14.512769217215995 Time:32525 TotalReward:219.85536900754198
ETask 6-6: Configuration:5 Energy:38.15190107058 Reward:16.333647377702686 Raw:13.666352622297314 Time:32554 TotalReward:258.00727007812196
ETask 7-7: Configuration:6 Energy:49.74867704049599 Reward:12.179578373553674 Raw:17.820421626446326 Time:32534 TotalReward:307.75594711861794
ETask 8-8: Configuration:7 Energy:38.362374440100005 Reward:16.258253931904473 Raw:13.741746068095527 Time:32529 TotalReward:346.1183215587179
ETask 9-9: Configuration:8 Energy:42.091730379611995 Reward:14.92236523715391 Raw:15.07763476284609 Time:32534 TotalReward:388.2100519383299
ETask 10-10: Configuration:9 Energy:40.991696929608 Reward:15.316407069991165 Raw:14.683592930008835 Time:32529 TotalReward:429.2017488679379
ETask 11-11: Configuration:10 Energy:37.103652576552 Reward:16.709139375563463 Raw:13.290860624436537 Time:32551 TotalReward:466.3054014444899
ETask 12-12: Configuration:11 Energy:36.150425716823996 Reward:17.05059377307797 Raw:12.949406226922028 Time:32526 TotalReward:502.4558271613139
ETask 13-13: Configuration:12 Energy:36.393269014080005 Reward:16.963605129284772 Raw:13.036394870715228 Time:32552 TotalReward:538.8490961753939
ETask 14-14: Configuration:13 Energy:92.52632108894399 Reward:-3.1437568079799334 Raw:33.14375680797993 Time:32541 TotalReward:631.3754172643379
ETask 15-15: Configuration:14 Energy:118.63950931655998 Reward:-12.497734680558807 Raw:42.49773468055881 Time:32524 TotalReward:750.0149265808978
ETask 16-16: Configuration:15 Energy:61.36516042745999 Reward:8.018449996133736 Raw:21.981550003866264 Time:32556 TotalReward:811.3800870083578
ETask 17-17: Configuration:16 Energy:76.65132111730502 Reward:2.5428103460399925 Raw:27.457189653960008 Time:32538 TotalReward:888.0314081256628
ETask 18-18: Configuration:17 Energy:38.481640602216004 Reward:16.215531724579343 Raw:13.784468275420659 Time:32531 TotalReward:926.5130487278788
ETask 19-19: Configuration:18 Energy:100.56949780536002 Reward:-6.024894736248363 Raw:36.02489473624836 Time:32539 TotalReward:1027.0825465332387
ETask 20-20: Configuration:19 Energy:107.72111822964801 Reward:-8.58666921659033 Raw:38.58666921659033 Time:32534 TotalReward:1134.8036647628867
ETask 21-21: Configuration:18 Energy:38.698164886120004 Reward:16.13797078706149 Raw:13.86202921293851 Time:32541 TotalReward:1173.5018296490066
ETask 22-22: Configuration:19 Energy:85.56205444305002 Reward:-0.6490941288537329 Raw:30.649094128853733 Time:32530 TotalReward:1259.0638840920567
ETask 23-23: Configuration:3 Energy:57.16816442995199 Reward:9.521851547479883 Raw:20.478148452520117 Time:32570 TotalReward:1316.2320485220087
ETask 24-24: Configuration:1 Energy:36.42434916318801 Reward:16.952471941544594 Raw:13.047528058455407 Time:32547 TotalReward:1352.6563976851967
ETask 25-25: Configuration:16 Energy:50.44054181765801 Reward:11.931746214570264 Raw:18.068253785429736 Time:32536 TotalReward:1403.0969395028546
ETask 26-26: Configuration:0 Energy:45.78826971189001 Reward:13.59823174499462 Raw:16.40176825500538 Time:32547 TotalReward:1448.8852092147447
ETask 27-27: Configuration:9 Energy:39.589185647232 Reward:15.818799171140776 Raw:14.181200828859224 Time:32539 TotalReward:1488.4743948619766
ETask 28-28: Configuration:1 Energy:36.62772311634901 Reward:16.87962157026304 Raw:13.120378429736958 Time:32548 TotalReward:1525.1021179783256
ETask 29-29: Configuration:11 Energy:37.058564245752 Reward:16.72529041943212 Raw:13.27470958056788 Time:32561 TotalReward:1562.1606822240776
ETask 30-30: Configuration:19 Energy:125.14451711852801 Reward:-14.827886729024968 Raw:44.82788672902497 Time:32531 TotalReward:1687.3051993426056
ETask 31-31: Configuration:4 Energy:48.23276336664501 Reward:12.72259222687343 Raw:17.27740777312657 Time:32527 TotalReward:1735.5379627092507
ETask 32-32: Configuration:18 Energy:90.851137058844 Reward:-2.543690886750092 Raw:32.54369088675009 Time:32529 TotalReward:1826.3890997680946
ETask 33-33: Configuration:18 Energy:45.995838903762 Reward:13.523878601637492 Raw:16.47612139836251 Time:32506 TotalReward:1872.3849386718566
ETask 34-34: Configuration:13 Energy:47.061071963508 Reward:13.142302580235938 Raw:16.85769741976406 Time:32542 TotalReward:1919.4460106353647
ETask 35-35: Configuration:13 Energy:62.606944754316 Reward:7.57363172979726 Raw:22.42636827020274 Time:32513 TotalReward:1982.0529553896806
ETask 36-36: Configuration:18 Energy:59.18556575536 Reward:8.799200326438207 Raw:21.200799673561793 Time:32526 TotalReward:2041.2385211450405
ETask 37-37: Configuration:13 Energy:107.91565599847499 Reward:-8.656354387513431 Raw:38.65635438751343 Time:32539 TotalReward:2149.1541771435154
ETask 38-38: Configuration:11 Energy:51.933981792299996 Reward:11.39678264156418 Raw:18.60321735843582 Time:32534 TotalReward:2201.0881589358155
ETask 39-39: Configuration:13 Energy:95.66637564125001 Reward:-4.2685524685074725 Raw:34.26855246850747 Time:32541 TotalReward:2296.7545345770654
ETask 40-40: Configuration:16 Energy:36.097217271374994 Reward:17.069653514731346 Raw:12.930346485268654 Time:32532 TotalReward:2332.8517518484405
ETask 41-41: Configuration:16 Energy:39.520277957 Reward:15.843482522865676 Raw:14.156517477134324 Time:32507 TotalReward:2372.3720298054404
ETask 42-42: Configuration:13 Energy:75.33863614424999 Reward:3.0130258587761283 Raw:26.98697414122387 Time:32548 TotalReward:2447.7106659496903
ETask 43-43: Configuration:13 Energy:80.05953062065 Reward:1.3219591806626916 Raw:28.67804081933731 Time:32519 TotalReward:2527.7701965703404
ETask 44-44: Configuration:13 Energy:49.972136308050004 Reward:12.09953326278806 Raw:17.90046673721194 Time:32506 TotalReward:2577.7423328783902
ETask 45-45: Configuration:2 Energy:41.6295732272 Reward:15.087914067868656 Raw:14.912085932131344 Time:32532 TotalReward:2619.3719061055904
ETask 46-46: Configuration:13 Energy:50.29805005954401 Reward:11.982788038372295 Raw:18.017211961627705 Time:32523 TotalReward:2669.6699561651344
ETask 47-47: Configuration:9 Energy:46.64066122688 Reward:13.29289747096836 Raw:16.70710252903164 Time:32543 TotalReward:2716.3106173920146
ETask 48-48: Configuration:5 Energy:37.360166481365994 Reward:16.617253797719645 Raw:13.382746202280355 Time:32549 TotalReward:2753.6707838733805
ETask 49-49: Configuration:13 Energy:37.131173363445 Reward:16.69928118324358 Raw:13.300718816756419 Time:32524 TotalReward:2790.8019572368257
ETask 50-50: Configuration:13 Energy:36.969103398294 Reward:16.757336096133493 Raw:13.242663903866509 Time:32507 TotalReward:2827.7710606351197
ETask 51-51: Configuration:14 Energy:36.945248381518 Reward:16.76588117676967 Raw:13.234118823230329 Time:32554 TotalReward:2864.7163090166378
ETask 52-52: Configuration:3 Energy:40.85461407286 Reward:15.36551137688597 Raw:14.63448862311403 Time:32545 TotalReward:2905.5709230894977
ETask 53-53: Configuration:14 Energy:87.25304946325602 Reward:-1.2548236883305108 Raw:31.25482368833051 Time:32526 TotalReward:2992.8239725527537
ETask 54-54: Configuration:14 Energy:77.68223317202 Reward:2.173528415992834 Raw:27.826471584007166 Time:32502 TotalReward:3070.5062057247737
ETask 55-55: Configuration:6 Energy:50.95713049727999 Reward:11.746699523362388 Raw:18.253300476637612 Time:32543 TotalReward:3121.463336222054
ETask 56-56: Configuration:14 Energy:92.801756649828 Reward:-3.242420292475707 Raw:33.24242029247571 Time:32532 TotalReward:3214.2650928718817
ETask 57-57: Configuration:14 Energy:48.96420248369999 Reward:12.460584184943286 Raw:17.539415815056714 Time:32504 TotalReward:3263.2292953555816
ETask 58-58: Configuration:14 Energy:51.538399933226 Reward:11.538483606008594 Raw:18.461516393991406 Time:32537 TotalReward:3314.7676952888078
ETask 59-59: Configuration:14 Energy:50.87561912066399 Reward:11.775897628418871 Raw:18.22410237158113 Time:32506 TotalReward:3365.6433144094717
ETask 60-60: Configuration:14 Energy:84.950847590088 Reward:-0.4301543606285385 Raw:30.43015436062854 Time:32503 TotalReward:3450.5941619995597
ETask 61-61: Configuration:14 Energy:77.6514147651 Reward:2.1845678453373125 Raw:27.815432154662687 Time:32503 TotalReward:3528.2455767646597
ETask 62-62: Configuration:14 Energy:94.40199874168 Reward:-3.815641340303287 Raw:33.81564134030329 Time:32503 TotalReward:3622.6475755063398
ETask 63-63: Configuration:14 Energy:79.07771686908801 Reward:1.673653658834148 Raw:28.326346341165852 Time:32503 TotalReward:3701.7252923754277
ETask 64-64: Configuration:14 Energy:80.05801890924597 Reward:1.3225006892253255 Raw:28.677499310774675 Time:32501 TotalReward:3781.783311284674
ETask 65-65: Configuration:16 Energy:38.44140316441599 Reward:16.22994513513457 Raw:13.770054864865427 Time:32562 TotalReward:3820.22471444909
ETask 66-66: Configuration:14 Energy:34.002868481204004 Reward:17.819868006732893 Raw:12.180131993267107 Time:32523 TotalReward:3854.227582930294
ETask 67-67: Configuration:15 Energy:89.48694586452 Reward:-2.0550253843056794 Raw:32.05502538430568 Time:32554 TotalReward:3943.7145287948138
ETask 68-68: Configuration:15 Energy:74.89077064012798 Reward:3.173455293088484 Raw:26.826544706911516 Time:32508 TotalReward:4018.6052994349416
ETask 69-69: Configuration:15 Energy:36.524354934899996 Reward:16.916648978543286 Raw:13.083351021456714 Time:32516 TotalReward:4055.129654369842
ETask 70-70: Configuration:17 Energy:36.434363088257996 Reward:16.948884863907587 Raw:13.051115136092415 Time:32538 TotalReward:4091.5640174581
ETask 71-71: Configuration:14 Energy:34.154100123 Reward:17.76569547832836 Raw:12.23430452167164 Time:32559 TotalReward:4125.7181175811
ETask 72-72: Configuration:14 Energy:34.27019281388399 Reward:17.724110036817677 Raw:12.275889963182323 Time:32519 TotalReward:4159.988310394984
ETask 73-73: Configuration:14 Energy:79.050848785764 Reward:1.6832780468905106 Raw:28.31672195310949 Time:32503 TotalReward:4239.039159180748
ETask 74-74: Configuration:14 Energy:115.69181915462399 Reward:-11.441845667327996 Raw:41.441845667327996 Time:32503 TotalReward:4354.730978335372
ETask 75-75: Configuration:14 Energy:82.18190646127799 Reward:0.5617051481989286 Raw:29.43829485180107 Time:32503 TotalReward:4436.91288479665
ETask 76-76: Configuration:8 Energy:57.698366433791996 Reward:9.331928441626744 Raw:20.668071558373256 Time:32552 TotalReward:4494.611251230443
ETask 77-77: Configuration:14 Energy:49.206905062480004 Reward:12.373645947768356 Raw:17.626354052231644 Time:32528 TotalReward:4543.818156292922
ETask 78-78: Configuration:14 Energy:54.039643720195 Reward:10.642515682318209 Raw:19.35748431768179 Time:32507 TotalReward:4597.857800013117
ETask 79-79: Configuration:14 Energy:47.445764376890004 Reward:13.004502312755822 Raw:16.99549768724418 Time:32506 TotalReward:4645.3035643900075
ETask 80-80: Configuration:14 Energy:34.987786359086 Reward:17.467061602715464 Raw:12.532938397284536 Time:32504 TotalReward:4680.291350749094
ETask 81-81: Configuration:14 Energy:78.673906558366 Reward:1.8183021283465024 Raw:28.181697871653498 Time:32503 TotalReward:4758.96525730746
ETask 82-82: Configuration:14 Energy:80.318179368768 Reward:1.229308882829372 Raw:28.770691117170628 Time:32504 TotalReward:4839.283436676228
ETask 83-83: Configuration:14 Energy:79.03615075624 Reward:1.6885430126901504 Raw:28.31145698730985 Time:32505 TotalReward:4918.319587432468
ETask 84-84: Configuration:14 Energy:80.08197268944001 Reward:1.3139202306483533 Raw:28.686079769351647 Time:32504 TotalReward:4998.401560121908
ETask 85-85: Configuration:14 Energy:76.50452143937602 Reward:2.595395305298144 Raw:27.404604694701856 Time:32504 TotalReward:5074.906081561284
ETask 86-86: Configuration:14 Energy:81.25858385281201 Reward:0.892447575112115 Raw:29.107552424887885 Time:32502 TotalReward:5156.164665414096
ETask 87-87: Configuration:14 Energy:77.4653447892 Reward:2.2512197770029836 Raw:27.748780222997016 Time:32503 TotalReward:5233.630010203296
ETask 88-88: Configuration:14 Energy:84.890847002824 Reward:-0.4086616129518781 Raw:30.408661612951878 Time:32504 TotalReward:5318.520857206119
ETask 89-89: Configuration:14 Energy:76.8355139324 Reward:2.4768308301850723 Raw:27.523169169814928 Time:32501 TotalReward:5395.3563711385195
ETask 90-90: Configuration:14 Energy:78.93649235106 Reward:1.7242415458889582 Raw:28.275758454111042 Time:32503 TotalReward:5474.29286348958
ETask 91-91: Configuration:1 Energy:34.969659777176 Reward:17.473554706683224 Raw:12.526445293316776 Time:32576 TotalReward:5509.262523266756
ETask 92-92: Configuration:14 Energy:84.6744316238 Reward:-0.3311396861373126 Raw:30.331139686137313 Time:32528 TotalReward:5593.936954890556
ETask 93-93: Configuration:14 Energy:88.71028178093901 Reward:-1.7768173543662087 Raw:31.77681735436621 Time:32501 TotalReward:5682.647236671495
ETask 94-94: Configuration:14 Energy:96.49901445516001 Reward:-4.566811148117019 Raw:34.56681114811702 Time:32503 TotalReward:5779.146251126655
ETask 95-95: Configuration:14 Energy:96.678715274015 Reward:-4.631181590691938 Raw:34.63118159069194 Time:32504 TotalReward:5875.824966400671
ETask 96-96: Configuration:14 Energy:94.744468670488 Reward:-3.938317135697197 Raw:33.9383171356972 Time:32502 TotalReward:5970.569435071158
ETask 97-97: Configuration:14 Energy:90.2800996856 Reward:-2.3391401858865777 Raw:32.33914018588658 Time:32502 TotalReward:6060.849534756759
ETask 98-98: Configuration:14 Energy:97.053189039969 Reward:-4.765321447153077 Raw:34.76532144715308 Time:32503 TotalReward:6157.9027237967275
ETask 99-99: Configuration:14 Energy:76.78906905897199 Reward:2.493467799771228 Raw:27.506532200228772 Time:32503 TotalReward:6234.6917928556995
ETask 100-100: Configuration:14 Energy:67.54940889394 Reward:5.803196814111047 Raw:24.196803185888953 Time:32502 TotalReward:6302.24120174964
ETask 101-101: Configuration:1 Energy:35.812016711999995 Reward:17.17181490913433 Raw:12.82818509086567 Time:32564 TotalReward:6338.0532184616395
ETask 102-102: Configuration:14 Energy:82.39579660112399 Reward:0.48508778467200386 Raw:29.514912215327996 Time:32530 TotalReward:6420.4490150627635
ETask 103-103: Configuration:14 Energy:84.94378210331298 Reward:-0.42762343999270414 Raw:30.427623439992704 Time:32503 TotalReward:6505.392797166077
ETask 104-104: Configuration:14 Energy:85.11611955515 Reward:-0.489356258561191 Raw:30.48935625856119 Time:32503 TotalReward:6590.508916721227
ETask 105-105: Configuration:1 Energy:34.852426004192 Reward:17.515548894020775 Raw:12.484451105979224 Time:32551 TotalReward:6625.3613427254195
ETask 106-106: Configuration:14 Energy:98.5891382 Reward:-5.315512191044775 Raw:35.315512191044775 Time:32521 TotalReward:6723.9504809254195
ETask 107-107: Configuration:14 Energy:114.70459189182 Reward:-11.08821202095045 Raw:41.08821202095045 Time:32503 TotalReward:6838.65507281724
ETask 108-108: Configuration:14 Energy:94.12753379246998 Reward:-3.717325537601184 Raw:33.717325537601184 Time:32503 TotalReward:6932.78260660971
ETask 109-109: Configuration:14 Energy:81.18442394655999 Reward:0.9190123176501572 Raw:29.080987682349843 Time:32503 TotalReward:7013.9670305562695
ETask 110-110: Configuration:14 Energy:93.56745404684999 Reward:-3.51669995708059 Raw:33.51669995708059 Time:32502 TotalReward:7107.534484603119
ETask 111-111: Configuration:14 Energy:104.358696007368 Reward:-7.3822194653258535 Raw:37.38221946532585 Time:32502 TotalReward:7211.893180610487
ETask 112-112: Configuration:14 Energy:99.25174032311998 Reward:-5.552862205296705 Raw:35.552862205296705 Time:32503 TotalReward:7311.144920933608
ETask 113-113: Configuration:14 Energy:96.672383203209 Reward:-4.62891338622412 Raw:34.62891338622412 Time:32503 TotalReward:7407.817304136817
ETask 114-114: Configuration:14 Energy:81.509250184494 Reward:0.8026566503305048 Raw:29.197343349669495 Time:32504 TotalReward:7489.326554321311
ETask 115-115: Configuration:14 Energy:79.22000874809999 Reward:1.6226834335164213 Raw:28.37731656648358 Time:32502 TotalReward:7568.546563069411
ETask 116-116: Configuration:14 Energy:77.42108409710399 Reward:2.2670743532761826 Raw:27.732925646723817 Time:32502 TotalReward:7645.967647166514
ETask 117-117: Configuration:3 Energy:70.392165013302 Reward:4.784896114638091 Raw:25.21510388536191 Time:32531 TotalReward:7716.359812179816
ETask 118-118: Configuration:14 Energy:72.71091203240698 Reward:3.954300167496008 Raw:26.045699832503992 Time:32527 TotalReward:7789.070724212223
ETask 119-119: Configuration:14 Energy:71.604697257984 Reward:4.3505562060952805 Raw:25.64944379390472 Time:32503 TotalReward:7860.675421470207
ETask 120-120: Configuration:14 Energy:73.88355532799999 Reward:3.5342488377313437 Raw:26.465751162268656 Time:32502 TotalReward:7934.5589767982065
ETask 121-121: Configuration:14 Energy:83.985827895664 Reward:-0.08447566411845031 Raw:30.08447566411845 Time:32503 TotalReward:8018.544804693871
ERun: Time:3939872
==END-RUN 1==
==ROUND-END==
STOKE: Config: 0 - Knobs: {interval:10000 priority:104 sensor-configuration:1 batch:5 }  | -- on:2 reward:13.8611
STOKE: Config: 1 - Knobs: {interval:7750 priority:104 sensor-configuration:1 batch:5 }  | -- on:6 reward:17.0681
STOKE: Config: 2 - Knobs: {interval:5500 priority:104 sensor-configuration:1 batch:5 }  | -- on:2 reward:14.9622
STOKE: Config: 3 - Knobs: {interval:3500 priority:104 sensor-configuration:1 batch:5 }  | -- on:4 reward:10.0137
STOKE: Config: 4 - Knobs: {interval:1000 priority:104 sensor-configuration:1 batch:5 }  | -- on:2 reward:14.1049
STOKE: Config: 5 - Knobs: {interval:10000 priority:100 sensor-configuration:1 batch:5 }  | -- on:2 reward:16.4755
STOKE: Config: 6 - Knobs: {interval:7750 priority:100 sensor-configuration:1 batch:5 }  | -- on:2 reward:11.9631
STOKE: Config: 7 - Knobs: {interval:5500 priority:100 sensor-configuration:1 batch:5 }  | -- on:1 reward:16.2583
STOKE: Config: 8 - Knobs: {interval:3500 priority:100 sensor-configuration:1 batch:5 }  | -- on:2 reward:12.1271
STOKE: Config: 9 - Knobs: {interval:1000 priority:100 sensor-configuration:1 batch:5 }  | -- on:3 reward:14.8094
STOKE: Config: 10 - Knobs: {interval:10000 priority:104 sensor-configuration:1 batch:1 }  | -- on:1 reward:16.7091
STOKE: Config: 11 - Knobs: {interval:7750 priority:104 sensor-configuration:1 batch:1 }  | -- on:3 reward:15.0576
STOKE: Config: 12 - Knobs: {interval:5500 priority:104 sensor-configuration:1 batch:1 }  | -- on:1 reward:16.9636
STOKE: Config: 13 - Knobs: {interval:3500 priority:104 sensor-configuration:1 batch:1 }  | -- on:11 reward:6.0474
STOKE: Config: 14 - Knobs: {interval:1000 priority:104 sensor-configuration:1 batch:1 }  | -- on:60 reward:1.8919
STOKE: Config: 15 - Knobs: {interval:10000 priority:100 sensor-configuration:1 batch:1 }  | -- on:4 reward:6.5134
STOKE: Config: 16 - Knobs: {interval:7750 priority:100 sensor-configuration:1 batch:1 }  | -- on:5 reward:12.7235
STOKE: Config: 17 - Knobs: {interval:5500 priority:100 sensor-configuration:1 batch:1 }  | -- on:2 reward:16.5822
STOKE: Config: 18 - Knobs: {interval:3500 priority:100 sensor-configuration:1 batch:1 }  | -- on:5 reward:5.9785
STOKE: Config: 19 - Knobs: {interval:1000 priority:100 sensor-configuration:1 batch:1 }  | -- on:3 reward:-8.0212
==RUN 2==
Bandit Runs:1 Tasks-in-Run:100
Self-Optimizer Rounds:0 Tasks-in-Round:0
Continuous Knob Rounds:Inf Tasks-in-Round:0
STOKE: Start Bat: 0.850000
ETask 1-1: Configuration:0 Energy:51.12499129597201 Reward:11.686570282039881 Raw:18.31342971796012 Time:32531 TotalReward:51.12499129597201
ETask 2-2: Configuration:1 Energy:59.41502257944 Reward:8.717006837215521 Raw:21.28299316278448 Time:32536 TotalReward:110.540013875412
ETask 3-3: Configuration:2 Energy:42.594614726928 Reward:14.742227560503402 Raw:15.257772439496598 Time:32527 TotalReward:153.13462860234
ETask 4-4: Configuration:3 Energy:42.354872332972 Reward:14.828105432965254 Raw:15.171894567034746 Time:32535 TotalReward:195.489500935312
ETask 5-5: Configuration:4 Energy:41.27787147538401 Reward:15.21389678493707 Raw:14.78610321506293 Time:32529 TotalReward:236.76737241069603
ETask 6-6: Configuration:5 Energy:39.250137998232 Reward:15.94024907526018 Raw:14.05975092473982 Time:32562 TotalReward:276.01751040892805
ETask 7-7: Configuration:6 Energy:37.808808327932 Reward:16.456546270591524 Raw:13.543453729408478 Time:32534 TotalReward:313.82631873686006
ETask 8-8: Configuration:7 Energy:44.377715926655995 Reward:14.10350474269039 Raw:15.89649525730961 Time:32551 TotalReward:358.20403466351604
ETask 9-9: Configuration:8 Energy:38.02394673792001 Reward:16.37948176552119 Raw:13.620518234478808 Time:32527 TotalReward:396.22798140143607
ETask 10-10: Configuration:9 Energy:59.0949945145 Reward:8.831643755999998 Raw:21.168356244 Time:32549 TotalReward:455.32297591593607
ETask 11-11: Configuration:10 Energy:35.252018506584 Reward:17.37241128122364 Raw:12.627588718776359 Time:32538 TotalReward:490.5749944225201
ETask 12-12: Configuration:11 Energy:40.7725698928 Reward:15.394900336907462 Raw:14.605099663092538 Time:32555 TotalReward:531.3475643153201
ETask 13-13: Configuration:12 Energy:71.61760804058801 Reward:4.345931448147578 Raw:25.654068551852422 Time:32555 TotalReward:602.9651723559082
ETask 14-14: Configuration:13 Energy:79.31207366822402 Reward:1.589704954666022 Raw:28.410295045333978 Time:32536 TotalReward:682.2772460241322
ETask 15-15: Configuration:14 Energy:90.096659783424 Reward:-2.2734303701817353 Raw:32.273430370181735 Time:32536 TotalReward:772.3739058075562
ETask 16-16: Configuration:15 Energy:43.386305453568 Reward:14.458636852453253 Raw:15.541363147546747 Time:32556 TotalReward:815.7602112611241
ETask 17-17: Configuration:16 Energy:37.336572705600005 Reward:16.625705299486565 Raw:13.374294700513435 Time:32545 TotalReward:853.0967839667242
ETask 18-18: Configuration:17 Energy:37.462631673599994 Reward:16.580549848262688 Raw:13.419450151737312 Time:32548 TotalReward:890.5594156403241
ETask 19-19: Configuration:18 Energy:55.097531451648 Reward:10.263570823290266 Raw:19.736429176709734 Time:32523 TotalReward:945.6569470919721
ETask 20-20: Configuration:19 Energy:116.79019369919999 Reward:-11.835293265385069 Raw:41.83529326538507 Time:32527 TotalReward:1062.4471407911722
ETask 21-21: Configuration:3 Energy:34.747258731071994 Reward:17.55322075304884 Raw:12.446779246951161 Time:32575 TotalReward:1097.194399522244
ETask 22-22: Configuration:1 Energy:35.785084020119996 Reward:17.181462440554032 Raw:12.818537559445968 Time:32535 TotalReward:1132.979483542364
ETask 23-23: Configuration:7 Energy:37.024454442528 Reward:16.73750885640788 Raw:13.262491143592118 Time:32544 TotalReward:1170.003937984892
ETask 24-24: Configuration:19 Energy:113.13162657064798 Reward:-10.524761756650022 Raw:40.52476175665002 Time:32525 TotalReward:1283.13556455554
ETask 25-25: Configuration:19 Energy:105.31924184325598 Reward:-7.726295585643932 Raw:37.72629558564393 Time:32505 TotalReward:1388.4548063987959
ETask 26-26: Configuration:10 Energy:42.449117791499994 Reward:14.794345865731344 Raw:15.205654134268656 Time:32553 TotalReward:1430.9039241902958
ETask 27-27: Configuration:13 Energy:113.13647212669198 Reward:-10.526497478218019 Raw:40.52649747821802 Time:32550 TotalReward:1544.0403963169879
ETask 28-28: Configuration:12 Energy:33.566023366973994 Reward:17.976349838695885 Raw:12.023650161304115 Time:32531 TotalReward:1577.6064196839618
ETask 29-29: Configuration:13 Energy:113.44356422414398 Reward:-10.636500617603822 Raw:40.63650061760382 Time:32536 TotalReward:1691.0499839081058
ETask 30-30: Configuration:14 Energy:123.343816043136 Reward:-14.182859478138269 Raw:44.18285947813827 Time:32537 TotalReward:1814.3937999512418
ETask 31-31: Configuration:17 Energy:35.67573152 Reward:17.220633485373135 Raw:12.779366514626867 Time:32536 TotalReward:1850.0695314712418
ETask 32-32: Configuration:7 Energy:40.835384075200004 Reward:15.372399734256712 Raw:14.627600265743288 Time:32553 TotalReward:1890.9049155464418
ETask 33-33: Configuration:2 Energy:32.510929830912 Reward:18.35429379191212 Raw:11.645706208087878 Time:32527 TotalReward:1923.4158453773537
ETask 34-34: Configuration:8 Energy:56.361707215631995 Reward:9.810731743654213 Raw:20.189268256345787 Time:32541 TotalReward:1979.7775525929856
ETask 35-35: Configuration:3 Energy:29.605403970688 Reward:19.395079174678926 Raw:10.604920825321075 Time:32540 TotalReward:2009.3829565636736
ETask 36-36: Configuration:13 Energy:92.487666948768 Reward:-3.1299105488124184 Raw:33.12991054881242 Time:32544 TotalReward:2101.8706235124414
ETask 37-37: Configuration:12 Energy:49.94930568700799 Reward:12.10771139569863 Raw:17.89228860430137 Time:32545 TotalReward:2151.8199291994492
ETask 38-38: Configuration:3 Energy:38.456395252288004 Reward:16.224574835001313 Raw:13.775425164998685 Time:32543 TotalReward:2190.2763244517373
ETask 39-39: Configuration:13 Energy:53.568046307159996 Reward:10.81144609892776 Raw:19.18855390107224 Time:32548 TotalReward:2243.844370758897
ETask 40-40: Configuration:18 Energy:37.856169386969995 Reward:16.439581115115224 Raw:13.560418884884776 Time:32560 TotalReward:2281.7005401458673
ETask 41-41: Configuration:16 Energy:38.470278112748 Reward:16.21960187006042 Raw:13.78039812993958 Time:32537 TotalReward:2320.1708182586153
ETask 42-42: Configuration:15 Energy:86.98903340800399 Reward:-1.160250773016351 Raw:31.16025077301635 Time:32539 TotalReward:2407.1598516666195
ETask 43-43: Configuration:1 Energy:29.599848885636 Reward:19.39706905589158 Raw:10.602930944108419 Time:32564 TotalReward:2436.7597005522557
ETask 44-44: Configuration:13 Energy:31.429235646996 Reward:18.74176633540442 Raw:11.25823366459558 Time:32533 TotalReward:2468.1889361992517
ETask 45-45: Configuration:17 Energy:43.759654294664 Reward:14.324899954150206 Raw:15.675100045849794 Time:32548 TotalReward:2511.9485904939156
ETask 46-46: Configuration:13 Energy:44.07688037771999 Reward:14.211266730368958 Raw:15.788733269631042 Time:32541 TotalReward:2556.0254708716357
ETask 47-47: Configuration:13 Energy:37.021187402489 Reward:16.738679139406926 Raw:13.261320860593075 Time:32515 TotalReward:2593.0466582741246
ETask 48-48: Configuration:13 Energy:31.781366028594004 Reward:18.61563007930961 Raw:11.38436992069039 Time:32518 TotalReward:2624.828024302719
ETask 49-49: Configuration:17 Energy:62.253022942665 Reward:7.700409692179701 Raw:22.2995903078203 Time:32534 TotalReward:2687.081047245384
ETask 50-50: Configuration:13 Energy:36.901065837834 Reward:16.781707759581852 Raw:13.218292240418148 Time:32560 TotalReward:2723.982113083218
ETask 51-51: Configuration:15 Energy:35.984397237408 Reward:17.110066661226988 Raw:12.889933338773012 Time:32535 TotalReward:2759.9665103206257
ETask 52-52: Configuration:13 Energy:32.466952439464 Reward:18.37004688735618 Raw:11.62995311264382 Time:32552 TotalReward:2792.4334627600897
ETask 53-53: Configuration:6 Energy:53.5441954608 Reward:10.81998968568358 Raw:19.18001031431642 Time:32575 TotalReward:2845.9776582208897
ETask 54-54: Configuration:8 Energy:123.87561992189998 Reward:-14.373356389934322 Raw:44.37335638993432 Time:32540 TotalReward:2969.85327814279
ETask 55-55: Configuration:8 Energy:39.597291747475005 Reward:15.81589549344179 Raw:14.18410450655821 Time:32506 TotalReward:3009.450569890265
ETask 56-56: Configuration:8 Energy:38.93493148413 Reward:16.053158871356416 Raw:13.946841128643582 Time:32512 TotalReward:3048.385501374395
ETask 57-57: Configuration:14 Energy:31.66374012164 Reward:18.657764732546866 Raw:11.342235267453136 Time:32540 TotalReward:3080.049241496035
ETask 58-58: Configuration:19 Energy:79.841140545312 Reward:1.400188461380779 Raw:28.59981153861922 Time:32538 TotalReward:3159.890382041347
ETask 59-59: Configuration:14 Energy:29.54289092444 Reward:19.417471907663284 Raw:10.582528092336718 Time:32549 TotalReward:3189.433272965787
ETask 60-60: Configuration:14 Energy:28.473693578512 Reward:19.8004679718763 Raw:10.1995320281237 Time:32513 TotalReward:3217.9069665442994
ETask 61-61: Configuration:19 Energy:95.492994403716 Reward:-4.2064457565549915 Raw:34.20644575655499 Time:32526 TotalReward:3313.399960948015
ETask 62-62: Configuration:19 Energy:94.36865968358399 Reward:-3.80369899113456 Raw:33.80369899113456 Time:32503 TotalReward:3407.7686206315993
ETask 63-63: Configuration:19 Energy:89.9633098299 Reward:-2.225663222650745 Raw:32.225663222650745 Time:32506 TotalReward:3497.7319304614994
ETask 64-64: Configuration:19 Energy:99.68512507660198 Reward:-5.708104505051466 Raw:35.708104505051466 Time:32505 TotalReward:3597.4170555381015
ETask 65-65: Configuration:19 Energy:94.32816409294199 Reward:-3.789193107919523 Raw:33.78919310791952 Time:32502 TotalReward:3691.7452196310437
ETask 66-66: Configuration:10 Energy:31.180044509172 Reward:18.831028832535402 Raw:11.168971167464596 Time:32543 TotalReward:3722.925264140216
ETask 67-67: Configuration:19 Energy:84.67841407233001 Reward:-0.3325662348644798 Raw:30.33256623486448 Time:32538 TotalReward:3807.6036782125457
ETask 68-68: Configuration:19 Energy:84.67174518748799 Reward:-0.33017738059271906 Raw:30.33017738059272 Time:32502 TotalReward:3892.2754234000336
ETask 69-69: Configuration:9 Energy:47.805461888448 Reward:12.875655442944002 Raw:17.124344557056 Time:32536 TotalReward:3940.0808852884816
ETask 70-70: Configuration:19 Energy:95.914897073664 Reward:-4.357575071163218 Raw:34.35757507116322 Time:32525 TotalReward:4035.9957823621457
ETask 71-71: Configuration:19 Energy:99.41193453984 Reward:-5.610245208300896 Raw:35.610245208300896 Time:32505 TotalReward:4135.407716901986
ETask 72-72: Configuration:14 Energy:32.381294557248005 Reward:18.40073030785146 Raw:11.599269692148539 Time:32542 TotalReward:4167.789011459234
ETask 73-73: Configuration:17 Energy:32.944653552384 Reward:18.19893007078782 Raw:11.80106992921218 Time:32539 TotalReward:4200.733665011618
ETask 74-74: Configuration:19 Energy:87.322803055488 Reward:-1.2798100497270397 Raw:31.27981004972704 Time:32530 TotalReward:4288.056468067106
ETask 75-75: Configuration:2 Energy:49.522888587072 Reward:12.260457819556297 Raw:17.739542180443703 Time:32577 TotalReward:4337.579356654178
ETask 76-76: Configuration:19 Energy:81.71733863338201 Reward:0.7281175044601724 Raw:29.271882495539828 Time:32531 TotalReward:4419.2966952875595
ETask 77-77: Configuration:19 Energy:84.184585790829 Reward:-0.15567252208800042 Raw:30.155672522088 Time:32503 TotalReward:4503.481281078389
ETask 78-78: Configuration:19 Energy:80.88783184492802 Reward:1.025254264503399 Raw:28.9747457354966 Time:32504 TotalReward:4584.369112923317
ETask 79-79: Configuration:12 Energy:27.998338728429 Reward:19.970744336085133 Raw:10.029255663914867 Time:32549 TotalReward:4612.367451651746
ETask 80-80: Configuration:19 Energy:103.67824741205399 Reward:-7.138476684914863 Raw:37.13847668491486 Time:32535 TotalReward:4716.0456990637995
ETask 81-81: Configuration:19 Energy:87.89893538470201 Reward:-1.4861858094455052 Raw:31.486185809445505 Time:32504 TotalReward:4803.944634448501
ETask 82-82: Configuration:19 Energy:85.00684182009599 Reward:-0.4502119952582575 Raw:30.450211995258258 Time:32503 TotalReward:4888.951476268598
ETask 83-83: Configuration:19 Energy:82.18164671488 Reward:0.5617981916847761 Raw:29.438201808315224 Time:32502 TotalReward:4971.133122983478
ETask 84-84: Configuration:19 Energy:79.29528925401598 Reward:1.595717282143525 Raw:28.404282717856475 Time:32502 TotalReward:5050.428412237494
ETask 85-85: Configuration:19 Energy:110.033149737728 Reward:-9.414859607544358 Raw:39.41485960754436 Time:32503 TotalReward:5160.461561975222
ETask 86-86: Configuration:19 Energy:94.30048975775999 Reward:-3.7792799132274624 Raw:33.77927991322746 Time:32503 TotalReward:5254.762051732982
ETask 87-87: Configuration:19 Energy:98.81261300735999 Reward:-5.395562868308062 Raw:35.39556286830806 Time:32504 TotalReward:5353.574664740342
ETask 88-88: Configuration:19 Energy:71.8677748352 Reward:4.256319462017917 Raw:25.743680537982083 Time:32502 TotalReward:5425.442439575542
ETask 89-89: Configuration:19 Energy:73.1008897125 Reward:3.814606670149253 Raw:26.185393329850747 Time:32518 TotalReward:5498.5433292880425
ETask 90-90: Configuration:19 Energy:87.24641552639999 Reward:-1.252447352740294 Raw:31.252447352740294 Time:32503 TotalReward:5585.789744814442
ETask 91-91: Configuration:19 Energy:70.04030974199998 Reward:4.9109338237612015 Raw:25.0890661762388 Time:32504 TotalReward:5655.8300545564425
ETask 92-92: Configuration:19 Energy:77.2560415146 Reward:2.326194084322392 Raw:27.673805915677608 Time:32503 TotalReward:5733.086096071042
ETask 93-93: Configuration:14 Energy:26.385345714000003 Reward:20.548532878567165 Raw:9.451467121432836 Time:32546 TotalReward:5759.471441785043
ETask 94-94: Configuration:19 Energy:81.971672743296 Reward:0.6370127486700881 Raw:29.362987251329912 Time:32541 TotalReward:5841.443114528339
ETask 95-95: Configuration:19 Energy:70.455785131704 Reward:4.762106818494086 Raw:25.237893181505914 Time:32503 TotalReward:5911.898899660043
ETask 96-96: Configuration:19 Energy:77.67511104015 Reward:2.1760796274089493 Raw:27.82392037259105 Time:32504 TotalReward:5989.574010700193
ETask 97-97: Configuration:19 Energy:73.4536534424 Reward:3.6882435430208957 Raw:26.311756456979104 Time:32503 TotalReward:6063.027664142593
ETask 98-98: Configuration:19 Energy:74.12668938575999 Reward:3.4471560409217936 Raw:26.552843959078206 Time:32505 TotalReward:6137.154353528353
ETask 99-99: Configuration:19 Energy:86.40034334464 Reward:-0.949376720468063 Raw:30.949376720468063 Time:32504 TotalReward:6223.554696872992
ETask 100-100: Configuration:19 Energy:93.9452646316 Reward:-3.6520350919164173 Raw:33.65203509191642 Time:32502 TotalReward:6317.499961504593
ETask 101-101: Configuration:19 Energy:104.85868162303998 Reward:-7.561318790342682 Raw:37.56131879034268 Time:32503 TotalReward:6422.358643127633
ETask 102-102: Configuration:19 Energy:72.54931102744 Reward:4.0121870946483575 Raw:25.987812905351642 Time:32503 TotalReward:6494.907954155073
ETask 103-103: Configuration:19 Energy:91.02972595319999 Reward:-2.6076630280119346 Raw:32.607663028011935 Time:32502 TotalReward:6585.937680108273
ETask 104-104: Configuration:19 Energy:70.039550663412 Reward:4.911205732509135 Raw:25.088794267490865 Time:32502 TotalReward:6655.977230771685
ETask 105-105: Configuration:19 Energy:79.370068545754 Reward:1.568930670177675 Raw:28.431069329822325 Time:32503 TotalReward:6735.347299317439
ETask 106-106: Configuration:19 Energy:89.233805417534 Reward:-1.9643482092659106 Raw:31.96434820926591 Time:32503 TotalReward:6824.581104734973
ETask 107-107: Configuration:19 Energy:77.62605165804 Reward:2.193653137418508 Raw:27.806346862581492 Time:32503 TotalReward:6902.207156393013
ETask 108-108: Configuration:19 Energy:81.62789258355201 Reward:0.7601578805186833 Raw:29.239842119481317 Time:32504 TotalReward:6983.835048976565
ETask 109-109: Configuration:19 Energy:79.62039592542 Reward:1.4792611610435813 Raw:28.52073883895642 Time:32502 TotalReward:7063.455444901985
ETask 110-110: Configuration:19 Energy:78.82619812515 Reward:1.7637499253194022 Raw:28.236250074680598 Time:32502 TotalReward:7142.281643027135
ETask 111-111: Configuration:19 Energy:99.64944508805999 Reward:-5.695323613633427 Raw:35.69532361363343 Time:32503 TotalReward:7241.931088115195
ETask 112-112: Configuration:19 Energy:83.182271359824 Reward:0.2033654830481204 Raw:29.79663451695188 Time:32503 TotalReward:7325.113359475019
ETask 113-113: Configuration:19 Energy:80.029971986704 Reward:1.332547348046326 Raw:28.667452651953674 Time:32505 TotalReward:7405.143331461723
ETask 114-114: Configuration:19 Energy:96.25668266192 Reward:-4.480005729642983 Raw:34.48000572964298 Time:32503 TotalReward:7501.400014123644
ETask 115-115: Configuration:19 Energy:91.62839992886398 Reward:-2.8221134073542586 Raw:32.82211340735426 Time:32501 TotalReward:7593.028414052508
ETask 116-116: Configuration:19 Energy:83.299383237168 Reward:0.16141495982041576 Raw:29.838585040179584 Time:32504 TotalReward:7676.327797289676
ETask 117-117: Configuration:19 Energy:92.42625997060001 Reward:-3.1079140193194092 Raw:33.10791401931941 Time:32503 TotalReward:7768.754057260276
ETask 118-118: Configuration:19 Energy:76.29442183259201 Reward:2.670654865937191 Raw:27.32934513406281 Time:32503 TotalReward:7845.048479092868
ETask 119-119: Configuration:19 Energy:76.474829767672 Reward:2.60603112799809 Raw:27.39396887200191 Time:32503 TotalReward:7921.52330886054
ETask 120-120: Configuration:19 Energy:82.10043861802198 Reward:0.5908876592160048 Raw:29.409112340783995 Time:32503 TotalReward:8003.623747478562
ETask 121-121: Configuration:19 Energy:89.37049474107 Reward:-2.0133115490400044 Raw:32.013311549040004 Time:32503 TotalReward:8092.994242219632
ERun: Time:3940338
==END-RUN 2==
==ROUND-END==
STOKE: Config: 0 - Knobs: {interval:10000 priority:104 sensor-configuration:1 batch:5 }  | -- on:1 reward:11.6866
STOKE: Config: 1 - Knobs: {interval:7750 priority:104 sensor-configuration:1 batch:5 }  | -- on:3 reward:15.0985
STOKE: Config: 2 - Knobs: {interval:5500 priority:104 sensor-configuration:1 batch:5 }  | -- on:3 reward:15.1190
STOKE: Config: 3 - Knobs: {interval:3500 priority:104 sensor-configuration:1 batch:5 }  | -- on:4 reward:17.0002
STOKE: Config: 4 - Knobs: {interval:1000 priority:104 sensor-configuration:1 batch:5 }  | -- on:1 reward:15.2139
STOKE: Config: 5 - Knobs: {interval:10000 priority:100 sensor-configuration:1 batch:5 }  | -- on:1 reward:15.9402
STOKE: Config: 6 - Knobs: {interval:7750 priority:100 sensor-configuration:1 batch:5 }  | -- on:2 reward:13.6383
STOKE: Config: 7 - Knobs: {interval:5500 priority:100 sensor-configuration:1 batch:5 }  | -- on:3 reward:15.4045
STOKE: Config: 8 - Knobs: {interval:3500 priority:100 sensor-configuration:1 batch:5 }  | -- on:5 reward:8.7372
STOKE: Config: 9 - Knobs: {interval:1000 priority:100 sensor-configuration:1 batch:5 }  | -- on:2 reward:10.8536
STOKE: Config: 10 - Knobs: {interval:10000 priority:104 sensor-configuration:1 batch:1 }  | -- on:3 reward:16.9993
STOKE: Config: 11 - Knobs: {interval:7750 priority:104 sensor-configuration:1 batch:1 }  | -- on:1 reward:15.3949
STOKE: Config: 12 - Knobs: {interval:5500 priority:104 sensor-configuration:1 batch:1 }  | -- on:4 reward:13.6002
STOKE: Config: 13 - Knobs: {interval:3500 priority:104 sensor-configuration:1 batch:1 }  | -- on:11 reward:8.3243
STOKE: Config: 14 - Knobs: {interval:1000 priority:104 sensor-configuration:1 batch:1 }  | -- on:7 reward:11.4812
STOKE: Config: 15 - Knobs: {interval:10000 priority:100 sensor-configuration:1 batch:1 }  | -- on:3 reward:10.1362
STOKE: Config: 16 - Knobs: {interval:7750 priority:100 sensor-configuration:1 batch:1 }  | -- on:2 reward:16.4227
STOKE: Config: 17 - Knobs: {interval:5500 priority:100 sensor-configuration:1 batch:1 }  | -- on:5 reward:14.8051
STOKE: Config: 18 - Knobs: {interval:3500 priority:100 sensor-configuration:1 batch:1 }  | -- on:2 reward:13.3516
STOKE: Config: 19 - Knobs: {interval:1000 priority:100 sensor-configuration:1 batch:1 }  | -- on:58 reward:-1.1392
==RUN 3==
Bandit Runs:1 Tasks-in-Run:100
Self-Optimizer Rounds:0 Tasks-in-Round:0
Continuous Knob Rounds:Inf Tasks-in-Round:0
STOKE: Start Bat: 0.940000
ETask 1-1: Configuration:0 Energy:31.33978244703 Reward:18.773809272705673 Raw:11.226190727294327 Time:32511 TotalReward:31.33978244703
ETask 2-2: Configuration:1 Energy:36.09716549868 Reward:17.069672060174327 Raw:12.930327939825672 Time:32557 TotalReward:67.43694794571
ETask 3-3: Configuration:2 Energy:42.80839030344 Reward:14.665651234588656 Raw:15.334348765411344 Time:32566 TotalReward:110.24533824915
ETask 4-4: Configuration:3 Energy:31.672787575679997 Reward:18.65452385348776 Raw:11.345476146512238 Time:32543 TotalReward:141.91812582482999
ETask 5-5: Configuration:4 Energy:78.9321007461 Reward:1.7258146581134284 Raw:28.27418534188657 Time:32537 TotalReward:220.85022657092998
ETask 6-6: Configuration:5 Energy:42.09654445281 Reward:14.920640793023281 Raw:15.079359206976719 Time:32569 TotalReward:262.94677102374
ETask 7-7: Configuration:6 Energy:40.79085378525 Reward:15.388350882895521 Raw:14.611649117104479 Time:32535 TotalReward:303.73762480899
ETask 8-8: Configuration:7 Energy:36.96876942443999 Reward:16.75745572855881 Raw:13.242544271441192 Time:32554 TotalReward:340.70639423343
ETask 9-9: Configuration:8 Energy:43.6317454944 Reward:14.370718031856718 Raw:15.629281968143282 Time:32534 TotalReward:384.33813972782997
ETask 10-10: Configuration:9 Energy:52.61166583395 Reward:11.154030149032835 Raw:18.845969850967165 Time:32536 TotalReward:436.94980556177995
ETask 11-11: Configuration:10 Energy:33.60779938104 Reward:17.96138529634388 Raw:12.038614703656119 Time:32539 TotalReward:470.55760494282
ETask 12-12: Configuration:11 Energy:51.05779148232 Reward:11.710641857079402 Raw:18.289358142920598 Time:32558 TotalReward:521.61539642514
ETask 13-13: Configuration:12 Energy:49.342544694269996 Reward:12.325058616977913 Raw:17.674941383022087 Time:32544 TotalReward:570.9579411194101
ETask 14-14: Configuration:13 Energy:75.55692568241399 Reward:2.9348325913740894 Raw:27.06516740862591 Time:32548 TotalReward:646.514866801824
ETask 15-15: Configuration:14 Energy:34.224363794896 Reward:17.740526401828298 Raw:12.2594735981717 Time:32544 TotalReward:680.7392305967201
ETask 16-16: Configuration:15 Energy:35.777907178332 Reward:17.18403324955272 Raw:12.815966750447283 Time:32540 TotalReward:716.5171377750521
ETask 17-17: Configuration:16 Energy:36.653243707079994 Reward:16.8704798661206 Raw:13.1295201338794 Time:32534 TotalReward:753.1703814821321
ETask 18-18: Configuration:17 Energy:50.031294328752 Reward:12.078342329999284 Raw:17.921657670000716 Time:32545 TotalReward:803.2016758108841
ETask 19-19: Configuration:18 Energy:82.12254712424398 Reward:0.5829681943006619 Raw:29.417031805699338 Time:32523 TotalReward:885.3242229351281
ETask 20-20: Configuration:19 Energy:88.96818257439199 Reward:-1.8691997281404156 Raw:31.869199728140416 Time:32536 TotalReward:974.2924055095201
ETask 21-21: Configuration:9 Energy:37.81183430784001 Reward:16.455462337490147 Raw:13.544537662509855 Time:32542 TotalReward:1012.1042398173602
ETask 22-22: Configuration:14 Energy:37.857479148719996 Reward:16.439111946727163 Raw:13.560888053272837 Time:32542 TotalReward:1049.96171896608
ETask 23-23: Configuration:17 Energy:39.09585128736 Reward:15.99551595676657 Raw:14.00448404323343 Time:32558 TotalReward:1089.05757025344
ETask 24-24: Configuration:15 Energy:37.78670238688 Reward:16.46446481664 Raw:13.53553518336 Time:32542 TotalReward:1126.84427264032
ETask 25-25: Configuration:18 Energy:97.85611594537198 Reward:-5.052937055058621 Raw:35.05293705505862 Time:32535 TotalReward:1224.700388585692
ETask 26-26: Configuration:17 Energy:37.3604054076 Reward:16.617168212202984 Raw:13.382831787797015 Time:32536 TotalReward:1262.060793993292
ETask 27-27: Configuration:4 Energy:32.612164890921 Reward:18.318030486834267 Raw:11.68196951316573 Time:32533 TotalReward:1294.672958884213
ETask 28-28: Configuration:8 Energy:59.602204014555 Reward:8.649956770905671 Raw:21.35004322909433 Time:32543 TotalReward:1354.2751628987678
ETask 29-29: Configuration:1 Energy:50.33918757342 Reward:11.968052212506265 Raw:18.031947787493735 Time:32552 TotalReward:1404.6143504721879
ETask 30-30: Configuration:11 Energy:50.814534315002994 Reward:11.797778752834748 Raw:18.20222124716525 Time:32531 TotalReward:1455.4288847871908
ETask 31-31: Configuration:1 Energy:37.08345579669899 Reward:16.716374042973495 Raw:13.283625957026505 Time:32526 TotalReward:1492.5123405838897
ETask 32-32: Configuration:14 Energy:32.40604421593 Reward:18.391864758472835 Raw:11.608135241527165 Time:32533 TotalReward:1524.9183847998197
ETask 33-33: Configuration:14 Energy:54.167852158044 Reward:10.596590271745434 Raw:19.403409728254566 Time:32515 TotalReward:1579.0862369578638
ETask 34-34: Configuration:19 Energy:84.954834921593 Reward:-0.43158265848107646 Raw:30.431582658481076 Time:32539 TotalReward:1664.0410718794567
ETask 35-35: Configuration:15 Energy:51.78834080805 Reward:11.448952546370148 Raw:18.551047453629852 Time:32549 TotalReward:1715.8294126875066
ETask 36-36: Configuration:2 Energy:36.974898323104 Reward:16.755260302171703 Raw:13.244739697828297 Time:32578 TotalReward:1752.8043110106107
ETask 37-37: Configuration:11 Energy:34.3102905684 Reward:17.709746662065672 Raw:12.290253337934328 Time:32539 TotalReward:1787.1146015790107
ETask 38-38: Configuration:11 Energy:34.748558602064996 Reward:17.552755127618507 Raw:12.447244872381493 Time:32510 TotalReward:1821.8631601810757
ETask 39-39: Configuration:0 Energy:55.250619293099994 Reward:10.208733387546271 Raw:19.79126661245373 Time:32565 TotalReward:1877.1137794741758
ETask 40-40: Configuration:19 Energy:106.92995136185998 Reward:-8.30326615947223 Raw:38.30326615947223 Time:32536 TotalReward:1984.0437308360358
ETask 41-41: Configuration:18 Energy:38.905725175163 Reward:16.06362083277743 Raw:13.936379167222567 Time:32549 TotalReward:2022.949456011199
ETask 42-42: Configuration:0 Energy:46.26255105845999 Reward:13.428339919357619 Raw:16.57166008064238 Time:32544 TotalReward:2069.2120070696587
ETask 43-43: Configuration:12 Energy:39.908231766326 Reward:15.704513994151878 Raw:14.295486005848122 Time:32559 TotalReward:2109.1202388359848
ETask 44-44: Configuration:13 Energy:50.77792526446199 Reward:11.81089244258078 Raw:18.18910755741922 Time:32543 TotalReward:2159.8981641004466
ETask 45-45: Configuration:19 Energy:97.48044409720498 Reward:-4.9183680348197 Raw:34.9183680348197 Time:32525 TotalReward:2257.3786081976514
ETask 46-46: Configuration:3 Energy:51.917483168158995 Reward:11.40269259648036 Raw:18.59730740351964 Time:32549 TotalReward:2309.2960913658103
ETask 47-47: Configuration:16 Energy:87.008439079246 Reward:-1.1672020582373719 Raw:31.167202058237372 Time:32535 TotalReward:2396.304530445056
ETask 48-48: Configuration:0 Energy:32.63588342137199 Reward:18.309534296821973 Raw:11.690465703178027 Time:32564 TotalReward:2428.940413866428
ETask 49-49: Configuration:15 Energy:39.67016746180799 Reward:15.789790759949375 Raw:14.210209240050625 Time:32540 TotalReward:2468.610581328236
ETask 50-50: Configuration:18 Energy:94.34541636689399 Reward:-3.7953730269470967 Raw:33.7953730269471 Time:32553 TotalReward:2562.95599769513
ETask 51-51: Configuration:5 Energy:43.437990845784995 Reward:14.440122682106868 Raw:15.559877317893132 Time:32576 TotalReward:2606.393988540915
ETask 52-52: Configuration:18 Energy:82.03332917702998 Reward:0.6149268619594075 Raw:29.385073138040593 Time:32533 TotalReward:2688.427317717945
ETask 53-53: Configuration:6 Energy:37.535313790425 Reward:16.554514463131344 Raw:13.445485536868656 Time:32538 TotalReward:2725.9626315083697
ETask 54-54: Configuration:7 Energy:96.96872447135999 Reward:-4.735065482278202 Raw:34.7350654822782 Time:32536 TotalReward:2822.9313559797297
ETask 55-55: Configuration:18 Energy:79.196327755776 Reward:1.631166177035464 Raw:28.368833822964536 Time:32523 TotalReward:2902.127683735506
ETask 56-56: Configuration:18 Energy:41.904828612864 Reward:14.989315123750206 Raw:15.010684876249794 Time:32510 TotalReward:2944.03251234837
ETask 57-57: Configuration:11 Energy:43.775277307775994 Reward:14.319303650945908 Raw:15.680696349054092 Time:32555 TotalReward:2987.807789656146
ETask 58-58: Configuration:18 Energy:81.90298074804801 Reward:0.6616188365201197 Raw:29.33838116347988 Time:32532 TotalReward:3069.7107704041937
ETask 59-59: Configuration:18 Energy:52.55176874124801 Reward:11.17548582403056 Raw:18.82451417596944 Time:32504 TotalReward:3122.2625391454417
ETask 60-60: Configuration:19 Energy:98.48305608250001 Reward:-5.277512626567166 Raw:35.277512626567166 Time:32536 TotalReward:3220.7455952279415
ETask 61-61: Configuration:18 Energy:70.174378263844 Reward:4.8629092786230395 Raw:25.13709072137696 Time:32536 TotalReward:3290.9199734917856
ETask 62-62: Configuration:19 Energy:84.196505020039 Reward:-0.15994209673038995 Raw:30.15994209673039 Time:32536 TotalReward:3375.1164785118244
ETask 63-63: Configuration:19 Energy:78.879883589416 Reward:1.7445193112539705 Raw:28.25548068874603 Time:32504 TotalReward:3453.9963621012403
ETask 64-64: Configuration:19 Energy:78.974809873617 Reward:1.7105158661670465 Raw:28.289484133832953 Time:32504 TotalReward:3532.9711719748575
ETask 65-65: Configuration:19 Energy:97.6599734376 Reward:-4.9826770522746315 Raw:34.98267705227463 Time:32506 TotalReward:3630.6311454124575
ETask 66-66: Configuration:13 Energy:32.89546702117799 Reward:18.21654912674221 Raw:11.78345087325779 Time:32542 TotalReward:3663.5266124336354
ETask 67-67: Configuration:13 Energy:29.027555112803995 Reward:19.602069810338868 Raw:10.397930189661132 Time:32537 TotalReward:3692.554167546439
ETask 68-68: Configuration:7 Energy:51.972489041318994 Reward:11.382989000124542 Raw:18.617010999875458 Time:32534 TotalReward:3744.526656587758
ETask 69-69: Configuration:19 Energy:100.34363363973 Reward:-5.94398816945553 Raw:35.94398816945553 Time:32546 TotalReward:3844.870290227488
ETask 70-70: Configuration:19 Energy:97.544197084224 Reward:-4.941204925692176 Raw:34.941204925692176 Time:32503 TotalReward:3942.414487311712
ETask 71-71: Configuration:19 Energy:98.32031946375601 Reward:-5.219218912390211 Raw:35.21921891239021 Time:32501 TotalReward:4040.734806775468
ETask 72-72: Configuration:19 Energy:111.37584322305999 Reward:-9.895824438111035 Raw:39.895824438111035 Time:32502 TotalReward:4152.110649998528
ETask 73-73: Configuration:19 Energy:93.695323779156 Reward:-3.5625040402946837 Raw:33.562504040294684 Time:32505 TotalReward:4245.805973777684
ETask 74-74: Configuration:19 Energy:95.876648197176 Reward:-4.343873981077969 Raw:34.34387398107797 Time:32503 TotalReward:4341.68262197486
ETask 75-75: Configuration:0 Energy:49.635058956912005 Reward:12.220277388568835 Raw:17.779722611431165 Time:32572 TotalReward:4391.317680931772
ETask 76-76: Configuration:19 Energy:134.86166728971202 Reward:-18.30865693959833 Raw:48.30865693959833 Time:32537 TotalReward:4526.179348221484
ETask 77-77: Configuration:18 Energy:81.25934673865 Reward:0.8921743025731352 Raw:29.107825697426865 Time:32529 TotalReward:4607.438694960134
ETask 78-78: Configuration:14 Energy:28.955956648696 Reward:19.627717021362628 Raw:10.372282978637372 Time:32536 TotalReward:4636.39465160883
ETask 79-79: Configuration:18 Energy:47.279035255848 Reward:13.064226177009669 Raw:16.93577382299033 Time:32546 TotalReward:4683.673686864678
ETask 80-80: Configuration:18 Energy:44.90757686099399 Reward:13.913703810987226 Raw:16.086296189012774 Time:32505 TotalReward:4728.581263725671
ETask 81-81: Configuration:3 Energy:29.869376341988 Reward:19.30052190734758 Raw:10.699478092652418 Time:32553 TotalReward:4758.450640067659
ETask 82-82: Configuration:0 Energy:29.049532471512 Reward:19.59419732363749 Raw:10.405802676362509 Time:32555 TotalReward:4787.500172539171
ETask 83-83: Configuration:19 Energy:79.3372739133 Reward:1.5806780012059747 Raw:28.419321998794025 Time:32533 TotalReward:4866.837446452471
ETask 84-84: Configuration:19 Energy:80.789639612448 Reward:1.0604276015111687 Raw:28.93957239848883 Time:32503 TotalReward:4947.627086064919
ETask 85-85: Configuration:19 Energy:83.73470691023999 Reward:0.005478121705081662 Raw:29.99452187829492 Time:32502 TotalReward:5031.361792975159
ETask 86-86: Configuration:19 Energy:85.29138536794201 Reward:-0.5521380422478863 Raw:30.552138042247886 Time:32503 TotalReward:5116.653178343101
ETask 87-87: Configuration:19 Energy:94.97440216106999 Reward:-4.020681371129548 Raw:34.02068137112955 Time:32502 TotalReward:5211.627580504171
ETask 88-88: Configuration:19 Energy:77.2477175059 Reward:2.3291758187820903 Raw:27.67082418121791 Time:32504 TotalReward:5288.875298010072
ETask 89-89: Configuration:19 Energy:128.42478640167002 Reward:-16.002908561792253 Raw:46.00290856179225 Time:32504 TotalReward:5417.300084411741
ETask 90-90: Configuration:19 Energy:93.14951144136002 Reward:-3.3669891730244856 Raw:33.366989173024486 Time:32503 TotalReward:5510.4495958531015
ETask 91-91: Configuration:13 Energy:46.606160328332 Reward:13.305256001791523 Raw:16.694743998208477 Time:32546 TotalReward:5557.055756181434
ETask 92-92: Configuration:19 Energy:107.22601326024 Reward:-8.409318182772537 Raw:38.40931818277254 Time:32531 TotalReward:5664.2817694416735
ETask 93-93: Configuration:19 Energy:79.731321785955 Reward:1.4395265244340294 Raw:28.56047347556597 Time:32505 TotalReward:5744.013091227628
ETask 94-94: Configuration:19 Energy:80.91770473683401 Reward:1.0145535271042334 Raw:28.985446472895767 Time:32505 TotalReward:5824.930795964462
ETask 95-95: Configuration:19 Energy:93.48795060488 Reward:-3.4882211121958235 Raw:33.48822111219582 Time:32502 TotalReward:5918.418746569342
ETask 96-96: Configuration:19 Energy:83.216550378092 Reward:0.19108643172824813 Raw:29.808913568271752 Time:32504 TotalReward:6001.635296947434
ETask 97-97: Configuration:19 Energy:82.40876790608 Reward:0.4804413470758142 Raw:29.519558652924186 Time:32505 TotalReward:6084.044064853514
ETask 98-98: Configuration:19 Energy:100.13539963778399 Reward:-5.869396885176357 Raw:35.86939688517636 Time:32504 TotalReward:6184.179464491298
ETask 99-99: Configuration:19 Energy:83.96533694049599 Reward:-0.07713562047617373 Raw:30.077135620476174 Time:32508 TotalReward:6268.144801431794
ETask 100-100: Configuration:19 Energy:83.87919302328 Reward:-0.046278097891342185 Raw:30.046278097891342 Time:32503 TotalReward:6352.023994455074
ETask 101-101: Configuration:19 Energy:85.642587109376 Reward:-0.6779416511197596 Raw:30.67794165111976 Time:32505 TotalReward:6437.66658156445
ETask 102-102: Configuration:19 Energy:102.44707972988 Reward:-6.697461395777914 Raw:36.697461395777914 Time:32504 TotalReward:6540.11366129433
ETask 103-103: Configuration:19 Energy:113.41615538351999 Reward:-10.626682525439996 Raw:40.626682525439996 Time:32509 TotalReward:6653.52981667785
ETask 104-104: Configuration:19 Energy:115.32538529684199 Reward:-11.310585777973245 Raw:41.310585777973245 Time:32503 TotalReward:6768.855201974692
ETask 105-105: Configuration:19 Energy:110.05084308131201 Reward:-9.421197521664006 Raw:39.421197521664006 Time:32505 TotalReward:6878.906045056005
ETask 106-106: Configuration:19 Energy:92.93191253768398 Reward:-3.2890432970808305 Raw:33.28904329708083 Time:32503 TotalReward:6971.837957593689
ETask 107-107: Configuration:19 Energy:77.80932292969999 Reward:2.1280037266746348 Raw:27.871996273325365 Time:32502 TotalReward:7049.647280523389
ETask 108-108: Configuration:19 Energy:78.896216304828 Reward:1.738668786330269 Raw:28.26133121366973 Time:32503 TotalReward:7128.543496828217
ETask 109-109: Configuration:19 Energy:79.7313663828 Reward:1.4395105494447762 Raw:28.560489450555224 Time:32502 TotalReward:7208.274863211017
ETask 110-110: Configuration:19 Energy:79.18725874303999 Reward:1.6344147786125447 Raw:28.365585221387455 Time:32502 TotalReward:7287.462121954057
ETask 111-111: Configuration:19 Energy:80.6514390248 Reward:1.1099322896238775 Raw:28.890067710376123 Time:32504 TotalReward:7368.113560978857
ETask 112-112: Configuration:19 Energy:83.91115924239999 Reward:-0.05772868384477903 Raw:30.05772868384478 Time:32503 TotalReward:7452.024720221257
ETask 113-113: Configuration:19 Energy:79.082242673434 Reward:1.6720324751878195 Raw:28.32796752481218 Time:32502 TotalReward:7531.106962894691
ETask 114-114: Configuration:19 Energy:80.44417367896 Reward:1.1841765926113403 Raw:28.81582340738866 Time:32502 TotalReward:7611.551136573651
ETask 115-115: Configuration:19 Energy:71.54466740694001 Reward:4.372059436320001 Raw:25.62794056368 Time:32502 TotalReward:7683.095803980591
ETask 116-116: Configuration:19 Energy:68.166513835875 Reward:5.582144297597015 Raw:24.417855702402985 Time:32504 TotalReward:7751.262317816466
ETask 117-117: Configuration:19 Energy:67.42688795470201 Reward:5.847084911748535 Raw:24.152915088251465 Time:32504 TotalReward:7818.6892057711675
ETask 118-118: Configuration:19 Energy:85.788608130936 Reward:-0.7302476886934883 Raw:30.73024768869349 Time:32504 TotalReward:7904.477813902104
ETask 119-119: Configuration:19 Energy:80.913939202404 Reward:1.0159023752582712 Raw:28.98409762474173 Time:32502 TotalReward:7985.391753104508
ETask 120-120: Configuration:19 Energy:86.77167111312001 Reward:-1.082389652460904 Raw:31.082389652460904 Time:32501 TotalReward:8072.163424217628
ETask 121-121: Configuration:19 Energy:82.506859454088 Reward:0.44530407614758616 Raw:29.554695923852414 Time:32502 TotalReward:8154.670283671716
ERun: Time:3940365
==END-RUN 3==
==ROUND-END==
STOKE: Config: 0 - Knobs: {interval:10000 priority:104 sensor-configuration:1 batch:5 }  | -- on:6 reward:15.4225
STOKE: Config: 1 - Knobs: {interval:7750 priority:104 sensor-configuration:1 batch:5 }  | -- on:3 reward:15.2514
STOKE: Config: 2 - Knobs: {interval:5500 priority:104 sensor-configuration:1 batch:5 }  | -- on:2 reward:15.7105
STOKE: Config: 3 - Knobs: {interval:3500 priority:104 sensor-configuration:1 batch:5 }  | -- on:3 reward:16.4526
STOKE: Config: 4 - Knobs: {interval:1000 priority:104 sensor-configuration:1 batch:5 }  | -- on:2 reward:10.0219
STOKE: Config: 5 - Knobs: {interval:10000 priority:100 sensor-configuration:1 batch:5 }  | -- on:2 reward:14.6804
STOKE: Config: 6 - Knobs: {interval:7750 priority:100 sensor-configuration:1 batch:5 }  | -- on:2 reward:15.9714
STOKE: Config: 7 - Knobs: {interval:5500 priority:100 sensor-configuration:1 batch:5 }  | -- on:3 reward:7.8018
STOKE: Config: 8 - Knobs: {interval:3500 priority:100 sensor-configuration:1 batch:5 }  | -- on:2 reward:11.5103
STOKE: Config: 9 - Knobs: {interval:1000 priority:100 sensor-configuration:1 batch:5 }  | -- on:2 reward:13.8047
STOKE: Config: 10 - Knobs: {interval:10000 priority:104 sensor-configuration:1 batch:1 }  | -- on:1 reward:17.9614
STOKE: Config: 11 - Knobs: {interval:7750 priority:104 sensor-configuration:1 batch:1 }  | -- on:5 reward:14.6180
STOKE: Config: 12 - Knobs: {interval:5500 priority:104 sensor-configuration:1 batch:1 }  | -- on:2 reward:14.0148
STOKE: Config: 13 - Knobs: {interval:3500 priority:104 sensor-configuration:1 batch:1 }  | -- on:5 reward:13.1739
STOKE: Config: 14 - Knobs: {interval:1000 priority:104 sensor-configuration:1 batch:1 }  | -- on:5 reward:16.5592
STOKE: Config: 15 - Knobs: {interval:10000 priority:100 sensor-configuration:1 batch:1 }  | -- on:4 reward:15.2218
STOKE: Config: 16 - Knobs: {interval:7750 priority:100 sensor-configuration:1 batch:1 }  | -- on:2 reward:7.8516
STOKE: Config: 17 - Knobs: {interval:5500 priority:100 sensor-configuration:1 batch:1 }  | -- on:3 reward:14.8970
STOKE: Config: 18 - Knobs: {interval:3500 priority:100 sensor-configuration:1 batch:1 }  | -- on:13 reward:5.3541
STOKE: Config: 19 - Knobs: {interval:1000 priority:100 sensor-configuration:1 batch:1 }  | -- on:54 reward:-2.2992
