==RUN 0==
Bandit Runs:1 Tasks-in-Run:100
Self-Optimizer Rounds:0 Tasks-in-Round:0
Continuous Knob Rounds:Inf Tasks-in-Round:0
STOKE: Start Bat: 0.790000
MAPSME_GPS_RATE: 10000
MAPSME_GPS_PRIORITY: High Accuracy
MAPSME_GPS_BATCH: 1x

MAPSME_GPS_RATE: 10000
MAPSME_GPS_PRIORITY: High Accuracy
MAPSME_GPS_BATCH: 1x

MAPSME_GPS_RATE: 10000
MAPSME_GPS_PRIORITY: High Accuracy
MAPSME_GPS_BATCH: 1x

ETask 1: Configuration:0 Energy:0.0 Power:0.0 Reward:36.631599186791995 Time:32509 TotalReward:36.631599186791995
ETask 2: Configuration:1 Energy:0.0 Power:0.0 Reward:35.826434786915996 Time:32639 TotalReward:72.45803397370798
ETask 3: Configuration:2 Energy:0.0 Power:0.0 Reward:43.871633431227 Time:32621 TotalReward:116.32966740493498
ETask 4: Configuration:3 Energy:0.0 Power:0.0 Reward:37.346595481296 Time:32616 TotalReward:153.67626288623097
ETask 5: Configuration:4 Energy:0.0 Power:0.0 Reward:37.49791576349699 Time:32541 TotalReward:191.17417864972796
ETask 6: Configuration:5 Energy:0.0 Power:0.0 Reward:70.00990533228 Time:32548 TotalReward:261.18408398200796
ETask 7: Configuration:6 Energy:0.0 Power:0.0 Reward:71.44224893666699 Time:32543 TotalReward:332.62633291867496
ETask 8: Configuration:2 Energy:0.0 Power:0.0 Reward:41.984990901774 Time:32541 TotalReward:374.61132382044894
ETask 9: Configuration:2 Energy:0.0 Power:0.0 Reward:66.53190102804001 Time:32508 TotalReward:441.14322484848896
ETask 10: Configuration:2 Energy:0.0 Power:0.0 Reward:36.355707813008 Time:32504 TotalReward:477.49893266149695
ETask 11: Configuration:2 Energy:0.0 Power:0.0 Reward:80.74285610164802 Time:32514 TotalReward:558.241788763145
ETask 12: Configuration:2 Energy:0.0 Power:0.0 Reward:98.05875553682999 Time:32505 TotalReward:656.300544299975
ETask 13: Configuration:4 Energy:0.0 Power:0.0 Reward:83.01001390709999 Time:32550 TotalReward:739.3105582070749
ETask 14: Configuration:3 Energy:0.0 Power:0.0 Reward:52.547046794319996 Time:32552 TotalReward:791.8576050013949
ETask 15: Configuration:3 Energy:0.0 Power:0.0 Reward:83.461619689008 Time:32516 TotalReward:875.3192246904028
ETask 16: Configuration:3 Energy:0.0 Power:0.0 Reward:68.61989359972 Time:32506 TotalReward:943.9391182901229
ETask 17: Configuration:0 Energy:0.0 Power:0.0 Reward:34.612654652378005 Time:32533 TotalReward:978.5517729425009
ETask 18: Configuration:1 Energy:0.0 Power:0.0 Reward:36.25399296567 Time:32547 TotalReward:1014.8057659081709
ETask 19: Configuration:1 Energy:0.0 Power:0.0 Reward:36.37500769014 Time:32515 TotalReward:1051.180773598311
ETask 20: Configuration:1 Energy:0.0 Power:0.0 Reward:39.455267335146004 Time:32517 TotalReward:1090.636040933457
ETask 21: Configuration:1 Energy:0.0 Power:0.0 Reward:35.98787837502 Time:32505 TotalReward:1126.623919308477
ETask 22: Configuration:1 Energy:0.0 Power:0.0 Reward:36.47597519592001 Time:32518 TotalReward:1163.099894504397
ETask 23: Configuration:1 Energy:0.0 Power:0.0 Reward:36.22575006133199 Time:32506 TotalReward:1199.3256445657291
ETask 24: Configuration:1 Energy:0.0 Power:0.0 Reward:66.04313655139201 Time:32508 TotalReward:1265.3687811171212
ETask 25: Configuration:1 Energy:0.0 Power:0.0 Reward:40.263259103496 Time:32516 TotalReward:1305.6320402206172
ETask 26: Configuration:1 Energy:0.0 Power:0.0 Reward:39.621898972656005 Time:32508 TotalReward:1345.2539391932733
ETask 27: Configuration:1 Energy:0.0 Power:0.0 Reward:40.789902286926 Time:32511 TotalReward:1386.0438414801993
ETask 28: Configuration:1 Energy:0.0 Power:0.0 Reward:36.100970400924 Time:32518 TotalReward:1422.1448118811234
ETask 29: Configuration:1 Energy:0.0 Power:0.0 Reward:79.52983864488 Time:32520 TotalReward:1501.6746505260035
ETask 30: Configuration:1 Energy:0.0 Power:0.0 Reward:82.87972513470001 Time:32510 TotalReward:1584.5543756607035
ETask 31: Configuration:1 Energy:0.0 Power:0.0 Reward:60.84509503410001 Time:32514 TotalReward:1645.3994706948035
ETask 32: Configuration:1 Energy:0.0 Power:0.0 Reward:46.092711777889996 Time:32510 TotalReward:1691.4921824726935
ETask 33: Configuration:1 Energy:0.0 Power:0.0 Reward:51.889396035072004 Time:32512 TotalReward:1743.3815785077654
ETask 34: Configuration:1 Energy:0.0 Power:0.0 Reward:51.906952117638006 Time:32523 TotalReward:1795.2885306254034
ETask 35: Configuration:1 Energy:0.0 Power:0.0 Reward:74.77371777010801 Time:32522 TotalReward:1870.0622483955115
ETask 36: Configuration:1 Energy:0.0 Power:0.0 Reward:69.429886934716 Time:32522 TotalReward:1939.4921353302275
ETask 37: Configuration:1 Energy:0.0 Power:0.0 Reward:40.664834959352 Time:32504 TotalReward:1980.1569702895795
ETask 38: Configuration:1 Energy:0.0 Power:0.0 Reward:36.036490570607 Time:32509 TotalReward:2016.1934608601864
ETask 39: Configuration:1 Energy:0.0 Power:0.0 Reward:37.919401034385 Time:32507 TotalReward:2054.1128618945713
ETask 40: Configuration:1 Energy:0.0 Power:0.0 Reward:36.30916652932899 Time:32507 TotalReward:2090.4220284239004
ETask 41: Configuration:1 Energy:0.0 Power:0.0 Reward:38.764962801432 Time:32508 TotalReward:2129.1869912253323
ETask 42: Configuration:1 Energy:0.0 Power:0.0 Reward:65.40592082156401 Time:32514 TotalReward:2194.5929120468963
ETask 43: Configuration:1 Energy:0.0 Power:0.0 Reward:40.838423462849995 Time:32513 TotalReward:2235.4313355097465
ETask 44: Configuration:1 Energy:0.0 Power:0.0 Reward:36.97565272695001 Time:32511 TotalReward:2272.4069882366966
ETask 45: Configuration:1 Energy:0.0 Power:0.0 Reward:50.6937150208 Time:32512 TotalReward:2323.1007032574967
ETask 46: Configuration:1 Energy:0.0 Power:0.0 Reward:38.044349634 Time:32520 TotalReward:2361.1450528914966
ETask 47: Configuration:1 Energy:0.0 Power:0.0 Reward:68.5866059229 Time:32513 TotalReward:2429.7316588143967
ETask 48: Configuration:1 Energy:0.0 Power:0.0 Reward:67.45418183700001 Time:32515 TotalReward:2497.1858406513966
ETask 49: Configuration:1 Energy:0.0 Power:0.0 Reward:40.3988267739 Time:32522 TotalReward:2537.5846674252966
ETask 50: Configuration:1 Energy:0.0 Power:0.0 Reward:39.5266081401 Time:32514 TotalReward:2577.1112755653967
ETask 51: Configuration:1 Energy:0.0 Power:0.0 Reward:35.976788466916 Time:32516 TotalReward:2613.0880640323126
ETask 52: Configuration:1 Energy:0.0 Power:0.0 Reward:36.08423895882299 Time:32507 TotalReward:2649.1723029911354
ETask 53: Configuration:1 Energy:0.0 Power:0.0 Reward:50.185422695338 Time:32507 TotalReward:2699.3577256864733
ETask 54: Configuration:1 Energy:0.0 Power:0.0 Reward:55.60813018656001 Time:32508 TotalReward:2754.9658558730334
ETask 55: Configuration:1 Energy:0.0 Power:0.0 Reward:54.544601254248 Time:32508 TotalReward:2809.5104571272814
ETask 56: Configuration:1 Energy:0.0 Power:0.0 Reward:47.675912814663995 Time:32518 TotalReward:2857.1863699419455
ETask 57: Configuration:0 Energy:0.0 Power:0.0 Reward:49.24894637618999 Time:32535 TotalReward:2906.4353163181354
ETask 58: Configuration:0 Energy:0.0 Power:0.0 Reward:48.260649908032 Time:32521 TotalReward:2954.6959662261675
ETask 59: Configuration:1 Energy:0.0 Power:0.0 Reward:35.93535947621999 Time:32535 TotalReward:2990.6313257023876
ETask 60: Configuration:1 Energy:0.0 Power:0.0 Reward:74.47369338206401 Time:32514 TotalReward:3065.1050190844517
ETask 61: Configuration:3 Energy:0.0 Power:0.0 Reward:79.852933140388 Time:32531 TotalReward:3144.9579522248396
ETask 62: Configuration:1 Energy:0.0 Power:0.0 Reward:40.008933897758 Time:32543 TotalReward:3184.9668861225978
ETask 63: Configuration:1 Energy:0.0 Power:0.0 Reward:36.819881688849996 Time:32513 TotalReward:3221.7867678114476
ETask 64: Configuration:1 Energy:0.0 Power:0.0 Reward:35.902708787454 Time:32523 TotalReward:3257.689476598902
ETask 65: Configuration:1 Energy:0.0 Power:0.0 Reward:90.17910022628 Time:32506 TotalReward:3347.8685768251817
ETask 66: Configuration:1 Energy:0.0 Power:0.0 Reward:40.38556388295001 Time:32505 TotalReward:3388.2541407081317
ETask 67: Configuration:1 Energy:0.0 Power:0.0 Reward:65.533057939388 Time:32519 TotalReward:3453.7871986475197
ETask 68: Configuration:1 Energy:0.0 Power:0.0 Reward:49.128697413510004 Time:32505 TotalReward:3502.91589606103
ETask 69: Configuration:1 Energy:0.0 Power:0.0 Reward:47.71753696888799 Time:32509 TotalReward:3550.633433029918
ETask 70: Configuration:4 Energy:0.0 Power:0.0 Reward:41.538267692256 Time:32548 TotalReward:3592.1717007221737
ETask 71: Configuration:4 Energy:0.0 Power:0.0 Reward:37.566262572672 Time:32507 TotalReward:3629.7379632948455
ETask 72: Configuration:6 Energy:0.0 Power:0.0 Reward:77.85241708157099 Time:32541 TotalReward:3707.5903803764163
ETask 73: Configuration:4 Energy:0.0 Power:0.0 Reward:106.22150284816 Time:32564 TotalReward:3813.8118832245764
ETask 74: Configuration:1 Energy:0.0 Power:0.0 Reward:56.751935296462 Time:32557 TotalReward:3870.5638185210382
ETask 75: Configuration:1 Energy:0.0 Power:0.0 Reward:54.134112855374994 Time:32525 TotalReward:3924.697931376413
ETask 76: Configuration:1 Energy:0.0 Power:0.0 Reward:55.868869057706 Time:32518 TotalReward:3980.566800434119
ETask 77: Configuration:1 Energy:0.0 Power:0.0 Reward:38.042849561724 Time:32508 TotalReward:4018.609649995843
ETask 78: Configuration:1 Energy:0.0 Power:0.0 Reward:66.230663110416 Time:32508 TotalReward:4084.840313106259
ETask 79: Configuration:1 Energy:0.0 Power:0.0 Reward:75.332810457116 Time:32518 TotalReward:4160.173123563375
ETask 80: Configuration:1 Energy:0.0 Power:0.0 Reward:106.828289718918 Time:32518 TotalReward:4267.0014132822935
ETask 81: Configuration:1 Energy:0.0 Power:0.0 Reward:40.419482615688004 Time:32516 TotalReward:4307.420895897982
ETask 82: Configuration:1 Energy:0.0 Power:0.0 Reward:51.79211490169801 Time:32517 TotalReward:4359.21301079968
ETask 83: Configuration:1 Energy:0.0 Power:0.0 Reward:68.99145879621 Time:32506 TotalReward:4428.20446959589
ETask 84: Configuration:1 Energy:0.0 Power:0.0 Reward:36.24707206224001 Time:32520 TotalReward:4464.45154165813
ETask 85: Configuration:1 Energy:0.0 Power:0.0 Reward:72.57459562095599 Time:32513 TotalReward:4537.026137279086
ETask 86: Configuration:1 Energy:0.0 Power:0.0 Reward:49.24328129253 Time:32511 TotalReward:4586.2694185716155
ETask 87: Configuration:1 Energy:0.0 Power:0.0 Reward:41.225999636736006 Time:32512 TotalReward:4627.495418208351
ETask 88: Configuration:1 Energy:0.0 Power:0.0 Reward:36.919801246416 Time:32514 TotalReward:4664.415219454767
ETask 89: Configuration:1 Energy:0.0 Power:0.0 Reward:46.183698779669996 Time:32521 TotalReward:4710.5989182344365
ETask 90: Configuration:1 Energy:0.0 Power:0.0 Reward:46.640752511634 Time:32517 TotalReward:4757.23967074607
ETask 91: Configuration:1 Energy:0.0 Power:0.0 Reward:82.02733037904 Time:32504 TotalReward:4839.26700112511
ETask 92: Configuration:1 Energy:0.0 Power:0.0 Reward:49.79086206682501 Time:32505 TotalReward:4889.057863191935
ETask 93: Configuration:1 Energy:0.0 Power:0.0 Reward:54.650917515150006 Time:32505 TotalReward:4943.708780707085
ETask 94: Configuration:1 Energy:0.0 Power:0.0 Reward:51.463389080178 Time:32518 TotalReward:4995.172169787263
ETask 95: Configuration:1 Energy:0.0 Power:0.0 Reward:56.763828040788006 Time:32516 TotalReward:5051.935997828051
ETask 96: Configuration:1 Energy:0.0 Power:0.0 Reward:55.080187837362 Time:32509 TotalReward:5107.016185665413
ETask 97: Configuration:1 Energy:0.0 Power:0.0 Reward:101.14026214579201 Time:32512 TotalReward:5208.156447811205
ETask 98: Configuration:1 Energy:0.0 Power:0.0 Reward:65.550643645482 Time:32509 TotalReward:5273.707091456687
ETask 99: Configuration:1 Energy:0.0 Power:0.0 Reward:73.99043755164001 Time:32520 TotalReward:5347.6975290083265
ETask 100: Configuration:1 Energy:0.0 Power:0.0 Reward:36.35428908106801 Time:32514 TotalReward:5384.051818089394
ETask 101: Configuration:1 Energy:0.0 Power:0.0 Reward:37.639322548992006 Time:32512 TotalReward:5421.691140638386
ETask 102: Configuration:1 Energy:0.0 Power:0.0 Reward:36.36367567778401 Time:32514 TotalReward:5458.05481631617
ETask 103: Configuration:5 Energy:0.0 Power:0.0 Reward:68.92158775912799 Time:32532 TotalReward:5526.976404075298
ETask 104: Configuration:1 Energy:0.0 Power:0.0 Reward:71.4637973192 Time:32560 TotalReward:5598.440201394498
ETask 105: Configuration:1 Energy:0.0 Power:0.0 Reward:51.156316235751994 Time:32522 TotalReward:5649.59651763025
ETask 106: Configuration:1 Energy:0.0 Power:0.0 Reward:36.237163328639994 Time:32509 TotalReward:5685.83368095889
ETask 107: Configuration:1 Energy:0.0 Power:0.0 Reward:36.2876610222 Time:32520 TotalReward:5722.12134198109
ETask 108: Configuration:1 Energy:0.0 Power:0.0 Reward:36.51953181277501 Time:32505 TotalReward:5758.6408737938655
ERun: Time:3513889
==END-RUN 0==
STOKE: Config: 0 - Knobs: {interval:10000 priority:100 sensor-configuration:1 batch:1 }  | -- on:4 joules:42.19 reward:0.8882
STOKE: Config: 1 - Knobs: {interval:8000 priority:100 sensor-configuration:1 batch:1 }  | -- on:84 joules:51.27 reward:0.9452
STOKE: Config: 2 - Knobs: {interval:5000 priority:100 sensor-configuration:1 batch:1 }  | -- on:6 joules:61.26 reward:0.4961
STOKE: Config: 3 - Knobs: {interval:4000 priority:100 sensor-configuration:1 batch:1 }  | -- on:5 joules:64.37 reward:0.4863
STOKE: Config: 4 - Knobs: {interval:3000 priority:100 sensor-configuration:1 batch:1 }  | -- on:5 joules:61.17 reward:0.4963
STOKE: Config: 5 - Knobs: {interval:2000 priority:100 sensor-configuration:1 batch:1 }  | -- on:2 joules:69.47 reward:0.4703
STOKE: Config: 6 - Knobs: {interval:1000 priority:100 sensor-configuration:1 batch:1 }  | -- on:2 joules:74.65 reward:0.4540
ERROR: We got 'done' signal before finishing experiment!
STOKE: Config: 0 - Knobs: {interval:10000 priority:100 sensor-configuration:1 batch:1 }  | -- on:4 joules:42.19 reward:0.8882
STOKE: Config: 1 - Knobs: {interval:8000 priority:100 sensor-configuration:1 batch:1 }  | -- on:84 joules:51.27 reward:0.9452
STOKE: Config: 2 - Knobs: {interval:5000 priority:100 sensor-configuration:1 batch:1 }  | -- on:6 joules:61.26 reward:0.4961
STOKE: Config: 3 - Knobs: {interval:4000 priority:100 sensor-configuration:1 batch:1 }  | -- on:5 joules:64.37 reward:0.4863
STOKE: Config: 4 - Knobs: {interval:3000 priority:100 sensor-configuration:1 batch:1 }  | -- on:5 joules:61.17 reward:0.4963
STOKE: Config: 5 - Knobs: {interval:2000 priority:100 sensor-configuration:1 batch:1 }  | -- on:2 joules:69.47 reward:0.4703
STOKE: Config: 6 - Knobs: {interval:1000 priority:100 sensor-configuration:1 batch:1 }  | -- on:2 joules:74.65 reward:0.4540
