==RUN 0==
Bandit Runs:1 Tasks-in-Run:60
Self-Optimizer Rounds:0 Tasks-in-Round:0
Continuous Knob Rounds:Inf Tasks-in-Round:0
STOKE: Start Bat: 0.770000
ETask 1-1: Configuration:11 Energy:108.94204762524 Reward:-39.02401705978746 Raw:39.02401705978746 Time:32514 TotalReward:108.94204762524
ETask 2-2: Configuration:11 Energy:96.63199869359602 Reward:-34.61444729322842 Raw:34.61444729322842 Time:32504 TotalReward:205.574046318836
ETask 3-3: Configuration:11 Energy:101.771063293536 Reward:-36.45530625440095 Raw:36.45530625440095 Time:32504 TotalReward:307.34510961237197
ETask 4-4: Configuration:11 Energy:95.77437728247001 Reward:-34.30723962357135 Raw:34.30723962357135 Time:32502 TotalReward:403.119486894842
ETask 5-5: Configuration:11 Energy:97.558865702984 Reward:-34.94645935629277 Raw:34.94645935629277 Time:32503 TotalReward:500.678352597826
ETask 6-6: Configuration:11 Energy:93.2434119603 Reward:-33.40062517980896 Raw:33.40062517980896 Time:32505 TotalReward:593.921764558126
ETask 7-7: Configuration:11 Energy:112.854871553592 Reward:-40.425625631137436 Raw:40.425625631137436 Time:32502 TotalReward:706.7766361117181
ETask 8-8: Configuration:11 Energy:111.24135213072 Reward:-39.84764852443702 Raw:39.84764852443702 Time:32506 TotalReward:818.017988242438
ETask 9-9: Configuration:11 Energy:91.26177446463001 Reward:-32.69078488285254 Raw:32.69078488285254 Time:32503 TotalReward:909.279762707068
ETask 10-10: Configuration:11 Energy:92.60925014901001 Reward:-33.173462739943886 Raw:33.173462739943886 Time:32504 TotalReward:1001.889012856078
ETask 11-11: Configuration:11 Energy:102.53224971318001 Reward:-36.72797004651225 Raw:36.72797004651225 Time:32502 TotalReward:1104.421262569258
ETask 12-12: Configuration:11 Energy:110.27048518395003 Reward:-39.49987528977315 Raw:39.49987528977315 Time:32503 TotalReward:1214.6917477532081
ETask 13-13: Configuration:11 Energy:106.320695376945 Reward:-38.08502520965193 Raw:38.08502520965193 Time:32503 TotalReward:1321.012443130153
ETask 14-14: Configuration:11 Energy:90.96255106667999 Reward:-32.583600382094325 Raw:32.583600382094325 Time:32504 TotalReward:1411.974994196833
ETask 15-15: Configuration:11 Energy:105.84093467419198 Reward:-37.91317062956131 Raw:37.91317062956131 Time:32507 TotalReward:1517.8159288710249
ETask 16-16: Configuration:11 Energy:88.5384162474 Reward:-31.71525358115821 Raw:31.71525358115821 Time:32502 TotalReward:1606.3543451184248
ETask 17-17: Configuration:11 Energy:88.95623487674399 Reward:-31.864919955848595 Raw:31.864919955848595 Time:32502 TotalReward:1695.3105799951688
ETask 18-18: Configuration:11 Energy:92.88364620275999 Reward:-33.271753863675215 Raw:33.271753863675215 Time:32506 TotalReward:1788.1942261979289
ETask 19-19: Configuration:11 Energy:91.578435673648 Reward:-32.804215763694806 Raw:32.804215763694806 Time:32505 TotalReward:1879.772661871577
ETask 20-20: Configuration:11 Energy:92.463810270062 Reward:-33.12136487285803 Raw:33.12136487285803 Time:32503 TotalReward:1972.2364721416388
ETask 21-21: Configuration:11 Energy:88.85082953254202 Reward:-31.82716281762699 Raw:31.82716281762699 Time:32504 TotalReward:2061.0873016741807
ETask 22-22: Configuration:11 Energy:94.89951814123201 Reward:-33.993857244620415 Raw:33.993857244620415 Time:32502 TotalReward:2155.9868198154127
ETask 23-23: Configuration:11 Energy:89.00213592673201 Reward:-31.88136212300848 Raw:31.88136212300848 Time:32502 TotalReward:2244.9889557421448
ETask 24-24: Configuration:11 Energy:102.279566043956 Reward:-36.63745649335738 Raw:36.63745649335738 Time:32503 TotalReward:2347.268521786101
ETask 25-25: Configuration:11 Energy:96.63129160048 Reward:-34.61419400614209 Raw:34.61419400614209 Time:32503 TotalReward:2443.8998133865807
ETask 26-26: Configuration:11 Energy:91.76199611644 Reward:-32.86996875812777 Raw:32.86996875812777 Time:32504 TotalReward:2535.661809503021
ETask 27-27: Configuration:11 Energy:103.55494990007999 Reward:-37.094310411968955 Raw:37.094310411968955 Time:32504 TotalReward:2639.2167594031007
ETask 28-28: Configuration:11 Energy:104.72368043760001 Reward:-37.51296015675224 Raw:37.51296015675224 Time:32502 TotalReward:2743.9404398407005
ETask 29-29: Configuration:11 Energy:101.4733352645 Reward:-36.3486574081791 Raw:36.3486574081791 Time:32502 TotalReward:2845.4137751052003
ETask 30-30: Configuration:11 Energy:89.51129382188 Reward:-32.063747040673434 Raw:32.063747040673434 Time:32501 TotalReward:2934.9250689270802
ETask 31-31: Configuration:11 Energy:85.27586435558399 Reward:-30.546578276627102 Raw:30.546578276627102 Time:32503 TotalReward:3020.200933282664
ETask 32-32: Configuration:11 Energy:90.02439041778001 Reward:-32.24754283621971 Raw:32.24754283621971 Time:32503 TotalReward:3110.2253237004443
ETask 33-33: Configuration:11 Energy:88.683839556228 Reward:-31.767345512678688 Raw:31.767345512678688 Time:32502 TotalReward:3198.9091632566724
ETask 34-34: Configuration:11 Energy:82.87458603038999 Reward:-29.686418876557603 Raw:29.686418876557603 Time:32502 TotalReward:3281.783749287062
ETask 35-35: Configuration:11 Energy:84.77067284783999 Reward:-30.365614154450142 Raw:30.365614154450142 Time:32502 TotalReward:3366.5544221349023
ETask 36-36: Configuration:11 Energy:81.46069231318201 Reward:-29.17994948531893 Raw:29.17994948531893 Time:32503 TotalReward:3448.015114448084
ETask 37-37: Configuration:11 Energy:87.32570746454999 Reward:-31.280850435062682 Raw:31.280850435062682 Time:32504 TotalReward:3535.340821912634
ETask 38-38: Configuration:11 Energy:82.56908174587501 Reward:-29.576984505985077 Raw:29.576984505985077 Time:32505 TotalReward:3617.909903658509
ETask 39-39: Configuration:11 Energy:93.63401619632 Reward:-33.5405431150997 Raw:33.5405431150997 Time:32502 TotalReward:3711.543919854829
ETask 40-40: Configuration:11 Energy:90.33047280290002 Reward:-32.357184287605975 Raw:32.357184287605975 Time:32504 TotalReward:3801.874392657729
ETask 41-41: Configuration:11 Energy:101.31110594748 Reward:-36.29054541402269 Raw:36.29054541402269 Time:32503 TotalReward:3903.185498605209
ETask 42-42: Configuration:11 Energy:104.272858708343 Reward:-37.35147177612286 Raw:37.35147177612286 Time:32504 TotalReward:4007.458357313552
ETask 43-43: Configuration:11 Energy:82.76264200035 Reward:-29.646319522513433 Raw:29.646319522513433 Time:32502 TotalReward:4090.2209993139018
ETask 44-44: Configuration:11 Energy:83.35646043051601 Reward:-29.859030601975878 Raw:29.859030601975878 Time:32503 TotalReward:4173.577459744418
ETask 45-45: Configuration:11 Energy:79.915551300585 Reward:-28.626466137522986 Raw:28.626466137522986 Time:32502 TotalReward:4253.493011045003
ETask 46-46: Configuration:11 Energy:87.02678725689 Reward:-31.17377453978149 Raw:31.17377453978149 Time:32502 TotalReward:4340.519798301893
ETask 47-47: Configuration:11 Energy:91.67415882970799 Reward:-32.838504655417786 Raw:32.838504655417786 Time:32502 TotalReward:4432.193957131602
ETask 48-48: Configuration:11 Energy:80.41670421881999 Reward:-28.80598360077134 Raw:28.80598360077134 Time:32506 TotalReward:4512.610661350422
ETask 49-49: Configuration:11 Energy:87.71441391720002 Reward:-31.420088567355226 Raw:31.420088567355226 Time:32503 TotalReward:4600.325075267621
ETask 50-50: Configuration:11 Energy:85.86976031936 Reward:-30.759317129322984 Raw:30.759317129322984 Time:32502 TotalReward:4686.194835586981
ETask 51-51: Configuration:11 Energy:90.18360799632 Reward:-32.3045759986818 Raw:32.3045759986818 Time:32503 TotalReward:4776.3784435833
ETask 52-52: Configuration:11 Energy:87.34152051590401 Reward:-31.286514811667107 Raw:31.286514811667107 Time:32502 TotalReward:4863.719964099205
ETask 53-53: Configuration:11 Energy:94.097779039908 Reward:-33.70666711877301 Raw:33.70666711877301 Time:32503 TotalReward:4957.817743139113
ETask 54-54: Configuration:11 Energy:83.75310952985998 Reward:-30.00111386144238 Raw:30.00111386144238 Time:32505 TotalReward:5041.570852668973
ETask 55-55: Configuration:11 Energy:101.79767430054798 Reward:-36.46483855542017 Raw:36.46483855542017 Time:32507 TotalReward:5143.368526969522
ETask 56-56: Configuration:11 Energy:110.51330038393999 Reward:-39.58685386887402 Raw:39.58685386887402 Time:32503 TotalReward:5253.881827353462
ETask 57-57: Configuration:11 Energy:98.08964431203198 Reward:-35.136589007295036 Raw:35.136589007295036 Time:32503 TotalReward:5351.9714716654935
ETask 58-58: Configuration:11 Energy:106.194971093234 Reward:-38.03998964533755 Raw:38.03998964533755 Time:32502 TotalReward:5458.1664427587275
ETask 59-59: Configuration:11 Energy:99.6788536184 Reward:-35.705858012561194 Raw:35.705858012561194 Time:32503 TotalReward:5557.845296377128
ETask 60-60: Configuration:11 Energy:93.60104762759998 Reward:-33.52873347854327 Raw:33.52873347854327 Time:32505 TotalReward:5651.4463440047275
ETask 61-61: Configuration:11 Energy:84.93310940319998 Reward:-30.423800383235807 Raw:30.423800383235807 Time:32504 TotalReward:5736.379453407928
ETask 62-62: Configuration:11 Energy:96.18584570315001 Reward:-34.45463129665075 Raw:34.45463129665075 Time:32503 TotalReward:5832.565299111078
ETask 63-63: Configuration:11 Energy:107.66065720479999 Reward:-38.56501153604776 Raw:38.56501153604776 Time:32502 TotalReward:5940.225956315879
ETask 64-64: Configuration:11 Energy:93.22017756312798 Reward:-33.392302410672706 Raw:33.392302410672706 Time:32503 TotalReward:6033.446133879007
ETask 65-65: Configuration:11 Energy:75.476415834708 Reward:-27.03632806019391 Raw:27.03632806019391 Time:32503 TotalReward:6108.922549713715
ETask 66-66: Configuration:11 Energy:78.25640103792 Reward:-28.03214365537433 Raw:28.03214365537433 Time:32502 TotalReward:6187.178950751635
ETask 67-67: Configuration:11 Energy:73.23277671115198 Reward:-26.232636433845485 Raw:26.232636433845485 Time:32503 TotalReward:6260.411727462787
ETask 68-68: Configuration:11 Energy:87.89161205147401 Reward:-31.483562525901142 Raw:31.483562525901142 Time:32503 TotalReward:6348.303339514261
ETask 69-69: Configuration:11 Energy:73.516554481923 Reward:-26.334288172629133 Raw:26.334288172629133 Time:32502 TotalReward:6421.819893996184
ETask 70-70: Configuration:11 Energy:76.09204294852799 Reward:-27.25685120544286 Raw:27.25685120544286 Time:32502 TotalReward:6497.911936944712
ETask 71-71: Configuration:11 Energy:76.60715859945599 Reward:-27.44137024458125 Raw:27.44137024458125 Time:32502 TotalReward:6574.519095544168
ETask 72-72: Configuration:11 Energy:97.19117717412601 Reward:-34.81475003252275 Raw:34.81475003252275 Time:32505 TotalReward:6671.710272718294
ETask 73-73: Configuration:11 Energy:90.436662541836 Reward:-32.39522240304573 Raw:32.39522240304573 Time:32502 TotalReward:6762.14693526013
ERun: Time:2374611
==END-RUN 0==
==ROUND-END==
STOKE: Config: 0 - Knobs: {interval:10000 priority:104 sensor-configuration:1 batch:5 }  | -- on:0 reward:0.0000
STOKE: Config: 1 - Knobs: {interval:1000 priority:104 sensor-configuration:1 batch:5 }  | -- on:0 reward:0.0000
STOKE: Config: 2 - Knobs: {interval:500 priority:104 sensor-configuration:1 batch:5 }  | -- on:0 reward:0.0000
STOKE: Config: 3 - Knobs: {interval:10000 priority:100 sensor-configuration:1 batch:5 }  | -- on:0 reward:0.0000
STOKE: Config: 4 - Knobs: {interval:1000 priority:100 sensor-configuration:1 batch:5 }  | -- on:0 reward:0.0000
STOKE: Config: 5 - Knobs: {interval:500 priority:100 sensor-configuration:1 batch:5 }  | -- on:0 reward:0.0000
STOKE: Config: 6 - Knobs: {interval:10000 priority:104 sensor-configuration:1 batch:1 }  | -- on:0 reward:0.0000
STOKE: Config: 7 - Knobs: {interval:1000 priority:104 sensor-configuration:1 batch:1 }  | -- on:0 reward:0.0000
STOKE: Config: 8 - Knobs: {interval:500 priority:104 sensor-configuration:1 batch:1 }  | -- on:0 reward:0.0000
STOKE: Config: 9 - Knobs: {interval:10000 priority:100 sensor-configuration:1 batch:1 }  | -- on:0 reward:0.0000
STOKE: Config: 10 - Knobs: {interval:1000 priority:100 sensor-configuration:1 batch:1 }  | -- on:0 reward:0.0000
STOKE: Config: 11 - Knobs: {interval:500 priority:100 sensor-configuration:1 batch:1 }  | -- on:73 reward:-33.1817
