==RUN 0==
Bandit Runs:1 Tasks-in-Run:100
Self-Optimizer Rounds:0 Tasks-in-Round:0
Continuous Knob Rounds:Inf Tasks-in-Round:0
STOKE: Start Bat: 0.760000
MAPSME_GPS_RATE: 10000
MAPSME_GPS_PRIORITY: High Accuracy
MAPSME_GPS_BATCH: 1x

MAPSME_GPS_RATE: 10000
MAPSME_GPS_PRIORITY: High Accuracy
MAPSME_GPS_BATCH: 1x

MAPSME_GPS_RATE: 10000
MAPSME_GPS_PRIORITY: High Accuracy
MAPSME_GPS_BATCH: 1x

MAPSME_GPS_RATE: 10000
MAPSME_GPS_PRIORITY: High Accuracy
MAPSME_GPS_BATCH: 1x

ETask 1: Configuration:0 Energy:0.0 Power:0.0 Reward:37.240817706543005 Time:32521 TotalReward:37.240817706543005
ETask 2: Configuration:1 Energy:0.0 Power:0.0 Reward:75.70689571019899 Time:32621 TotalReward:112.947713416742
ETask 3: Configuration:2 Energy:0.0 Power:0.0 Reward:36.457060406013 Time:32607 TotalReward:149.404773822755
ETask 4: Configuration:3 Energy:0.0 Power:0.0 Reward:73.78163767337999 Time:32613 TotalReward:223.186411496135
ETask 5: Configuration:4 Energy:0.0 Power:0.0 Reward:47.86305851718299 Time:32599 TotalReward:271.049470013318
ETask 6: Configuration:5 Energy:0.0 Power:0.0 Reward:70.92773919340199 Time:32634 TotalReward:341.97720920672
ETask 7: Configuration:6 Energy:0.0 Power:0.0 Reward:73.380524788584 Time:32532 TotalReward:415.357733995304
ETask 8: Configuration:4 Energy:0.0 Power:0.0 Reward:69.52252742580599 Time:32553 TotalReward:484.88026142111
ETask 9: Configuration:4 Energy:0.0 Power:0.0 Reward:70.950730729788 Time:32508 TotalReward:555.830992150898
ETask 10: Configuration:1 Energy:0.0 Power:0.0 Reward:76.43531311111799 Time:32559 TotalReward:632.2663052620161
ETask 11: Configuration:4 Energy:0.0 Power:0.0 Reward:71.19221958156 Time:32536 TotalReward:703.4585248435761
ETask 12: Configuration:4 Energy:0.0 Power:0.0 Reward:74.47951591173 Time:32509 TotalReward:777.9380407553061
ETask 13: Configuration:4 Energy:0.0 Power:0.0 Reward:67.603662233625 Time:32515 TotalReward:845.5417029889311
ETask 14: Configuration:4 Energy:0.0 Power:0.0 Reward:41.204327129700005 Time:32510 TotalReward:886.7460301186311
ETask 15: Configuration:4 Energy:0.0 Power:0.0 Reward:35.82138290364 Time:32510 TotalReward:922.5674130222711
ETask 16: Configuration:4 Energy:0.0 Power:0.0 Reward:43.626229006416 Time:32506 TotalReward:966.1936420286871
ETask 17: Configuration:4 Energy:0.0 Power:0.0 Reward:52.107351669559996 Time:32510 TotalReward:1018.3009936982471
ETask 18: Configuration:4 Energy:0.0 Power:0.0 Reward:53.824988007908 Time:32507 TotalReward:1072.125981706155
ETask 19: Configuration:4 Energy:0.0 Power:0.0 Reward:85.688268861012 Time:32514 TotalReward:1157.814250567167
ETask 20: Configuration:4 Energy:0.0 Power:0.0 Reward:78.74831376222 Time:32510 TotalReward:1236.562564329387
ETask 21: Configuration:4 Energy:0.0 Power:0.0 Reward:73.065547493525 Time:32507 TotalReward:1309.628111822912
ETask 22: Configuration:4 Energy:0.0 Power:0.0 Reward:36.81506656644999 Time:32507 TotalReward:1346.443178389362
ETask 23: Configuration:4 Energy:0.0 Power:0.0 Reward:149.35363188487503 Time:32505 TotalReward:1495.796810274237
ETask 24: Configuration:4 Energy:0.0 Power:0.0 Reward:71.235396892125 Time:32507 TotalReward:1567.032207166362
ETask 25: Configuration:0 Energy:0.0 Power:0.0 Reward:71.7342624414 Time:32539 TotalReward:1638.766469607762
ETask 26: Configuration:4 Energy:0.0 Power:0.0 Reward:90.11696344282501 Time:32527 TotalReward:1728.883433050587
ETask 27: Configuration:4 Energy:0.0 Power:0.0 Reward:49.7600905326 Time:32506 TotalReward:1778.643523583187
ETask 28: Configuration:4 Energy:0.0 Power:0.0 Reward:74.67904954415 Time:32506 TotalReward:1853.3225731273371
ETask 29: Configuration:4 Energy:0.0 Power:0.0 Reward:76.58547264672 Time:32506 TotalReward:1929.9080457740572
ETask 30: Configuration:5 Energy:0.0 Power:0.0 Reward:41.990346052392 Time:32537 TotalReward:1971.8983918264491
ETask 31: Configuration:4 Energy:0.0 Power:0.0 Reward:46.416694677912 Time:32563 TotalReward:2018.315086504361
ETask 32: Configuration:4 Energy:0.0 Power:0.0 Reward:89.48714695270401 Time:32512 TotalReward:2107.802233457065
ETask 33: Configuration:4 Energy:0.0 Power:0.0 Reward:92.218054635648 Time:32514 TotalReward:2200.020288092713
ETask 34: Configuration:4 Energy:0.0 Power:0.0 Reward:78.3569118552 Time:32505 TotalReward:2278.377199947913
ETask 35: Configuration:4 Energy:0.0 Power:0.0 Reward:83.71337910057599 Time:32514 TotalReward:2362.090579048489
ETask 36: Configuration:4 Energy:0.0 Power:0.0 Reward:87.159835427688 Time:32509 TotalReward:2449.250414476177
ETask 37: Configuration:5 Energy:0.0 Power:0.0 Reward:86.372379792 Time:32540 TotalReward:2535.622794268177
ETask 38: Configuration:5 Energy:0.0 Power:0.0 Reward:50.51426523737501 Time:32503 TotalReward:2586.1370595055523
ETask 39: Configuration:5 Energy:0.0 Power:0.0 Reward:107.34219744897001 Time:32505 TotalReward:2693.4792569545225
ETask 40: Configuration:0 Energy:0.0 Power:0.0 Reward:49.318512622324 Time:32554 TotalReward:2742.7977695768463
ETask 41: Configuration:0 Energy:0.0 Power:0.0 Reward:35.625329606368 Time:32504 TotalReward:2778.423099183214
ETask 42: Configuration:0 Energy:0.0 Power:0.0 Reward:31.469692855614998 Time:32515 TotalReward:2809.892792038829
ETask 43: Configuration:0 Energy:0.0 Power:0.0 Reward:36.350082907458 Time:32514 TotalReward:2846.242874946287
ETask 44: Configuration:0 Energy:0.0 Power:0.0 Reward:99.26017615734001 Time:32505 TotalReward:2945.503051103627
ETask 45: Configuration:0 Energy:0.0 Power:0.0 Reward:33.077295315246005 Time:32521 TotalReward:2978.580346418873
ETask 46: Configuration:0 Energy:0.0 Power:0.0 Reward:78.915628227816 Time:32523 TotalReward:3057.495974646689
ETask 47: Configuration:0 Energy:0.0 Power:0.0 Reward:95.39911306107001 Time:32517 TotalReward:3152.8950877077586
ETask 48: Configuration:0 Energy:0.0 Power:0.0 Reward:33.534719592408 Time:32506 TotalReward:3186.4298073001664
ETask 49: Configuration:0 Energy:0.0 Power:0.0 Reward:83.635094813688 Time:32507 TotalReward:3270.0649021138543
ETask 50: Configuration:0 Energy:0.0 Power:0.0 Reward:38.215018025712 Time:32514 TotalReward:3308.2799201395665
ETask 51: Configuration:0 Energy:0.0 Power:0.0 Reward:35.572773278064 Time:32514 TotalReward:3343.8526934176302
ETask 52: Configuration:0 Energy:0.0 Power:0.0 Reward:36.962594314008 Time:32506 TotalReward:3380.8152877316384
ETask 53: Configuration:0 Energy:0.0 Power:0.0 Reward:37.882407067647996 Time:32512 TotalReward:3418.697694799286
ETask 54: Configuration:0 Energy:0.0 Power:0.0 Reward:35.635471523872 Time:32518 TotalReward:3454.3331663231584
ETask 55: Configuration:6 Energy:0.0 Power:0.0 Reward:88.790851298688 Time:32537 TotalReward:3543.124017621846
ETask 56: Configuration:0 Energy:0.0 Power:0.0 Reward:54.559479337792 Time:32552 TotalReward:3597.683496959638
ETask 57: Configuration:0 Energy:0.0 Power:0.0 Reward:41.682382558696 Time:32506 TotalReward:3639.365879518334
ETask 58: Configuration:0 Energy:0.0 Power:0.0 Reward:55.424299672104 Time:32523 TotalReward:3694.7901791904383
ETask 59: Configuration:0 Energy:0.0 Power:0.0 Reward:55.32201634918 Time:32515 TotalReward:3750.1121955396184
ETask 60: Configuration:0 Energy:0.0 Power:0.0 Reward:138.47362257467196 Time:32516 TotalReward:3888.5858181142903
ETask 61: Configuration:0 Energy:0.0 Power:0.0 Reward:85.0791379032 Time:32508 TotalReward:3973.66495601749
ETask 62: Configuration:0 Energy:0.0 Power:0.0 Reward:35.755934031719995 Time:32510 TotalReward:4009.42089004921
ETask 63: Configuration:0 Energy:0.0 Power:0.0 Reward:72.19863485436 Time:32515 TotalReward:4081.61952490357
ETask 64: Configuration:0 Energy:0.0 Power:0.0 Reward:48.758046987384006 Time:32503 TotalReward:4130.377571890954
ETask 65: Configuration:0 Energy:0.0 Power:0.0 Reward:35.674234996959996 Time:32506 TotalReward:4166.051806887914
ETask 66: Configuration:1 Energy:0.0 Power:0.0 Reward:41.945695303568 Time:32564 TotalReward:4207.9975021914815
ETask 67: Configuration:1 Energy:0.0 Power:0.0 Reward:39.139324326984 Time:32514 TotalReward:4247.136826518466
ETask 68: Configuration:1 Energy:0.0 Power:0.0 Reward:39.31440556945999 Time:32515 TotalReward:4286.451232087926
ETask 69: Configuration:0 Energy:0.0 Power:0.0 Reward:38.03216301884999 Time:32550 TotalReward:4324.483395106776
ETask 70: Configuration:0 Energy:0.0 Power:0.0 Reward:37.46530867361 Time:32519 TotalReward:4361.948703780386
ETask 71: Configuration:1 Energy:0.0 Power:0.0 Reward:35.86427727894999 Time:32555 TotalReward:4397.8129810593355
ETask 72: Configuration:0 Energy:0.0 Power:0.0 Reward:38.33648498392 Time:32554 TotalReward:4436.149466043255
ETask 73: Configuration:0 Energy:0.0 Power:0.0 Reward:40.137112582 Time:32510 TotalReward:4476.286578625255
ETask 74: Configuration:0 Energy:0.0 Power:0.0 Reward:40.40292487112 Time:32522 TotalReward:4516.689503496375
ETask 75: Configuration:0 Energy:0.0 Power:0.0 Reward:121.06335656388 Time:32514 TotalReward:4637.752860060255
ETask 76: Configuration:5 Energy:0.0 Power:0.0 Reward:40.32126959326 Time:32534 TotalReward:4678.074129653515
ETask 77: Configuration:5 Energy:0.0 Power:0.0 Reward:78.28443689045 Time:32509 TotalReward:4756.358566543965
ETask 78: Configuration:5 Energy:0.0 Power:0.0 Reward:74.23353637089001 Time:32511 TotalReward:4830.592102914855
ETask 79: Configuration:5 Energy:0.0 Power:0.0 Reward:52.337902456319995 Time:32512 TotalReward:4882.930005371175
ETask 80: Configuration:5 Energy:0.0 Power:0.0 Reward:87.80891056938002 Time:32508 TotalReward:4970.738915940555
ETask 81: Configuration:5 Energy:0.0 Power:0.0 Reward:89.11880031015 Time:32507 TotalReward:5059.8577162507045
ETask 82: Configuration:0 Energy:0.0 Power:0.0 Reward:50.223040873394986 Time:32547 TotalReward:5110.080757124099
ETask 83: Configuration:0 Energy:0.0 Power:0.0 Reward:67.4778115921 Time:32510 TotalReward:5177.558568716199
ETask 84: Configuration:0 Energy:0.0 Power:0.0 Reward:35.88350596701 Time:32514 TotalReward:5213.442074683209
ETask 85: Configuration:0 Energy:0.0 Power:0.0 Reward:35.48496204435 Time:32515 TotalReward:5248.927036727559
ETask 86: Configuration:0 Energy:0.0 Power:0.0 Reward:35.524127249312 Time:32513 TotalReward:5284.451163976872
ETask 87: Configuration:0 Energy:0.0 Power:0.0 Reward:36.236678420736 Time:32517 TotalReward:5320.687842397608
ETask 88: Configuration:1 Energy:0.0 Power:0.0 Reward:46.314278933759994 Time:32544 TotalReward:5367.002121331368
ETask 89: Configuration:0 Energy:0.0 Power:0.0 Reward:35.624819477311995 Time:32552 TotalReward:5402.626940808679
ETask 90: Configuration:2 Energy:0.0 Power:0.0 Reward:66.35065405615599 Time:32534 TotalReward:5468.977594864835
ETask 91: Configuration:0 Energy:0.0 Power:0.0 Reward:36.52333817379 Time:32551 TotalReward:5505.500933038625
ETask 92: Configuration:0 Energy:0.0 Power:0.0 Reward:49.692620215446 Time:32513 TotalReward:5555.193553254071
ETask 93: Configuration:0 Energy:0.0 Power:0.0 Reward:35.464085909919994 Time:32510 TotalReward:5590.657639163991
ETask 94: Configuration:0 Energy:0.0 Power:0.0 Reward:35.516622335268 Time:32523 TotalReward:5626.174261499259
ETask 95: Configuration:0 Energy:0.0 Power:0.0 Reward:35.62817483236 Time:32509 TotalReward:5661.802436331619
ETask 96: Configuration:2 Energy:0.0 Power:0.0 Reward:67.509920350025 Time:32551 TotalReward:5729.312356681644
ETask 97: Configuration:2 Energy:0.0 Power:0.0 Reward:70.09731382981501 Time:32511 TotalReward:5799.409670511459
ETask 98: Configuration:2 Energy:0.0 Power:0.0 Reward:48.9555979133 Time:32506 TotalReward:5848.365268424759
ETask 99: Configuration:2 Energy:0.0 Power:0.0 Reward:36.06913355889 Time:32511 TotalReward:5884.434401983649
ETask 100: Configuration:2 Energy:0.0 Power:0.0 Reward:51.73363259895 Time:32514 TotalReward:5936.168034582599
ETask 101: Configuration:2 Energy:0.0 Power:0.0 Reward:83.78988679829999 Time:32510 TotalReward:6019.957921380899
ETask 102: Configuration:2 Energy:0.0 Power:0.0 Reward:50.40988778875499 Time:32507 TotalReward:6070.367809169655
ETask 103: Configuration:2 Energy:0.0 Power:0.0 Reward:74.92311259488 Time:32509 TotalReward:6145.290921764535
ETask 104: Configuration:2 Energy:0.0 Power:0.0 Reward:37.591004430539996 Time:32507 TotalReward:6182.881926195075
ETask 105: Configuration:2 Energy:0.0 Power:0.0 Reward:35.244462323069996 Time:32513 TotalReward:6218.126388518145
ETask 106: Configuration:1 Energy:0.0 Power:0.0 Reward:35.961275432567994 Time:32541 TotalReward:6254.087663950713
ETask 107: Configuration:2 Energy:0.0 Power:0.0 Reward:37.712932391088 Time:32542 TotalReward:6291.800596341801
ETask 108: Configuration:2 Energy:0.0 Power:0.0 Reward:35.694521861536 Time:32506 TotalReward:6327.4951182033365
ERun: Time:3514226
==END-RUN 0==
STOKE: Config: 0 - Knobs: {interval:10000 priority:100 sensor-configuration:1 batch:1 }  | -- on:45 joules:51.05 reward:0.9154
STOKE: Config: 1 - Knobs: {interval:8000 priority:100 sensor-configuration:1 batch:1 }  | -- on:8 joules:48.84 reward:0.9055
STOKE: Config: 2 - Knobs: {interval:5000 priority:100 sensor-configuration:1 batch:1 }  | -- on:14 joules:52.32 reward:0.9211
STOKE: Config: 3 - Knobs: {interval:4000 priority:100 sensor-configuration:1 batch:1 }  | -- on:1 joules:73.78 reward:0.4916
STOKE: Config: 4 - Knobs: {interval:3000 priority:100 sensor-configuration:1 batch:1 }  | -- on:27 joules:70.06 reward:0.4999
STOKE: Config: 5 - Knobs: {interval:2000 priority:100 sensor-configuration:1 batch:1 }  | -- on:11 joules:70.84 reward:0.4981
STOKE: Config: 6 - Knobs: {interval:1000 priority:100 sensor-configuration:1 batch:1 }  | -- on:2 joules:81.09 reward:0.4753
ERROR: We got 'done' signal before finishing experiment!
STOKE: Config: 0 - Knobs: {interval:10000 priority:100 sensor-configuration:1 batch:1 }  | -- on:45 joules:51.05 reward:0.9154
STOKE: Config: 1 - Knobs: {interval:8000 priority:100 sensor-configuration:1 batch:1 }  | -- on:8 joules:48.84 reward:0.9055
STOKE: Config: 2 - Knobs: {interval:5000 priority:100 sensor-configuration:1 batch:1 }  | -- on:14 joules:52.32 reward:0.9211
STOKE: Config: 3 - Knobs: {interval:4000 priority:100 sensor-configuration:1 batch:1 }  | -- on:1 joules:73.78 reward:0.4916
STOKE: Config: 4 - Knobs: {interval:3000 priority:100 sensor-configuration:1 batch:1 }  | -- on:27 joules:70.06 reward:0.4999
STOKE: Config: 5 - Knobs: {interval:2000 priority:100 sensor-configuration:1 batch:1 }  | -- on:11 joules:70.84 reward:0.4981
STOKE: Config: 6 - Knobs: {interval:1000 priority:100 sensor-configuration:1 batch:1 }  | -- on:2 joules:81.09 reward:0.4753
