STOKE: Range:9000 Partition:2250 Middle:5500
==RUN 0==
Bandit Runs:1 Tasks-in-Run:10
Self-Optimizer Rounds:0 Tasks-in-Round:0
Continuous Knob Rounds:Inf Tasks-in-Round:0
STOKE: Start Bat: 1.000000
MAPSME_GPS_RATE: 10000
MAPSME_GPS_PRIORITY: High Accuracy
MAPSME_GPS_BATCH: 1x

MAPSME_GPS_RATE: 10000
MAPSME_GPS_PRIORITY: High Accuracy
MAPSME_GPS_BATCH: 1x

MAPSME_GPS_RATE: 10000
MAPSME_GPS_PRIORITY: High Accuracy
MAPSME_GPS_BATCH: 1x

STOKE: Start Bat: 1.000000
MAPSME_GPS_RATE: 10000
MAPSME_GPS_PRIORITY: High Accuracy
MAPSME_GPS_BATCH: 1x

==ROUND-START==
ETask 1: Configuration:0 Energy:0.0 Power:0.0 Reward:35.960357825536 Time:32524 TotalReward:35.960357825536
ETask 2: Configuration:1 Energy:0.0 Power:0.0 Reward:38.55633021235201 Time:32619 TotalReward:74.516688037888
ETask 3: Configuration:2 Energy:0.0 Power:0.0 Reward:66.14543779737599 Time:32541 TotalReward:140.662125835264
ETask 4: Configuration:3 Energy:0.0 Power:0.0 Reward:49.27704071936 Time:32618 TotalReward:189.939166554624
ETask 5: Configuration:4 Energy:0.0 Power:0.0 Reward:73.027163182848 Time:32613 TotalReward:262.966329737472
ETask 6: Configuration:4 Energy:0.0 Power:0.0 Reward:73.537091367516 Time:32506 TotalReward:336.503421104988
ETask 7: Configuration:4 Energy:0.0 Power:0.0 Reward:65.23710769861799 Time:32507 TotalReward:401.74052880360597
ETask 8: Configuration:4 Energy:0.0 Power:0.0 Reward:72.63269883855999 Time:32506 TotalReward:474.37322764216594
ETask 9: Configuration:4 Energy:0.0 Power:0.0 Reward:80.80897394180799 Time:32507 TotalReward:555.1822015839739
ETask 10: Configuration:4 Energy:0.0 Power:0.0 Reward:83.372460067736 Time:32506 TotalReward:638.5546616517099
ETask 11: Configuration:2 Energy:0.0 Power:0.0 Reward:80.69529822706798 Time:32553 TotalReward:719.2499598787779
ETask 12: Configuration:2 Energy:0.0 Power:0.0 Reward:57.49946107348799 Time:32514 TotalReward:776.7494209522658
ETask 13: Configuration:2 Energy:0.0 Power:0.0 Reward:79.16564515328 Time:32512 TotalReward:855.9150661055459
ETask 14: Configuration:2 Energy:0.0 Power:0.0 Reward:52.356726187919996 Time:32508 TotalReward:908.2717922934659
ETask 15: Configuration:2 Energy:0.0 Power:0.0 Reward:40.243182713487 Time:32511 TotalReward:948.5149750069529
ETask 16: Configuration:4 Energy:0.0 Power:0.0 Reward:63.917349520752 Time:32528 TotalReward:1012.4323245277048
ETask 17: Configuration:4 Energy:0.0 Power:0.0 Reward:66.523451700732 Time:32506 TotalReward:1078.955776228437
ETask 18: Configuration:4 Energy:0.0 Power:0.0 Reward:66.749150412945 Time:32505 TotalReward:1145.704926641382
ETask 19: Configuration:4 Energy:0.0 Power:0.0 Reward:65.61473261069999 Time:32507 TotalReward:1211.319659252082
ETask 20: Configuration:4 Energy:0.0 Power:0.0 Reward:71.845080045219 Time:32507 TotalReward:1283.164739297301
ETask 21: Configuration:4 Energy:0.0 Power:0.0 Reward:77.65425125515199 Time:32504 TotalReward:1360.818990552453
ETask 22: Configuration:4 Energy:0.0 Power:0.0 Reward:86.577226221915 Time:32505 TotalReward:1447.396216774368
ETask 23: Configuration:4 Energy:0.0 Power:0.0 Reward:75.14631857699999 Time:32504 TotalReward:1522.5425353513679
ETask 24: Configuration:4 Energy:0.0 Power:0.0 Reward:73.84462084921 Time:32506 TotalReward:1596.387156200578
ETask 25: Configuration:2 Energy:0.0 Power:0.0 Reward:40.46347288041 Time:32547 TotalReward:1636.850629080988
ETask 26: Configuration:4 Energy:0.0 Power:0.0 Reward:72.599345253828 Time:32533 TotalReward:1709.449974334816
ETask 27: Configuration:4 Energy:0.0 Power:0.0 Reward:71.53945264445399 Time:32507 TotalReward:1780.98942697927
ETask 28: Configuration:4 Energy:0.0 Power:0.0 Reward:115.83819702477 Time:32505 TotalReward:1896.82762400404
ETask 29: Configuration:4 Energy:0.0 Power:0.0 Reward:73.104499605312 Time:32508 TotalReward:1969.932123609352
ETask 30: Configuration:4 Energy:0.0 Power:0.0 Reward:86.065687755795 Time:32505 TotalReward:2055.997811365147
ETask 31: Configuration:4 Energy:0.0 Power:0.0 Reward:70.85262644261599 Time:32504 TotalReward:2126.850437807763
ETask 32: Configuration:4 Energy:0.0 Power:0.0 Reward:72.67184451411998 Time:32506 TotalReward:2199.522282321883
ETask 33: Configuration:4 Energy:0.0 Power:0.0 Reward:73.655098003872 Time:32508 TotalReward:2273.1773803257547
ETask 34: Configuration:4 Energy:0.0 Power:0.0 Reward:121.01396749216498 Time:32505 TotalReward:2394.19134781792
STOKE: Converged!
STOKE: Config: 0 - Knobs: {interval:10000 priority:100 sensor-configuration:1 batch:1 }  | -- on:1 joules:35.96 reward:0.8041
STOKE: Config: 1 - Knobs: {interval:7750 priority:100 sensor-configuration:1 batch:1 }  | -- on:1 joules:38.56 reward:0.8190
STOKE: Config: 2 - Knobs: {interval:5500 priority:100 sensor-configuration:1 batch:1 }  | -- on:7 joules:59.51 reward:0.9396
STOKE: Config: 3 - Knobs: {interval:3250 priority:100 sensor-configuration:1 batch:1 }  | -- on:1 joules:49.28 reward:0.8807
STOKE: Config: 4 - Knobs: {interval:1000 priority:100 sensor-configuration:1 batch:1 }  | -- on:24 joules:77.24 reward:0.9583
==ROUND-END==
STOKE: jouleRange: -7.24
STOKE: Range:4500 Partition:1125 Middle:1000
STOKE: Config: 0 - Knobs: {interval:3250 priority:100 sensor-configuration:1 batch:1 }  | -- on:0 joules:NaN reward:NaN
STOKE: Config: 1 - Knobs: {interval:2125 priority:100 sensor-configuration:1 batch:1 }  | -- on:0 joules:NaN reward:NaN
STOKE: Config: 2 - Knobs: {interval:1000 priority:100 sensor-configuration:1 batch:1 }  | -- on:0 joules:NaN reward:NaN
==ROUND-START==
ETask 1: Configuration:0 Energy:0.0 Power:0.0 Reward:111.30935167516797 Time:32547 TotalReward:111.30935167516797
ETask 2: Configuration:1 Energy:0.0 Power:0.0 Reward:83.54297804595602 Time:32539 TotalReward:194.852329721124
ETask 3: Configuration:2 Energy:0.0 Power:0.0 Reward:81.33318328172402 Time:32549 TotalReward:276.185513002848
ETask 4: Configuration:2 Energy:0.0 Power:0.0 Reward:84.846240247164 Time:32509 TotalReward:361.031753250012
ETask 5: Configuration:2 Energy:0.0 Power:0.0 Reward:65.557020040512 Time:32506 TotalReward:426.588773290524
ETask 6: Configuration:2 Energy:0.0 Power:0.0 Reward:68.321408368752 Time:32508 TotalReward:494.91018165927596
ETask 7: Configuration:2 Energy:0.0 Power:0.0 Reward:67.32900148246802 Time:32509 TotalReward:562.239183141744
ETask 8: Configuration:2 Energy:0.0 Power:0.0 Reward:67.44449653339201 Time:32506 TotalReward:629.683679675136
ETask 9: Configuration:2 Energy:0.0 Power:0.0 Reward:72.92680647978001 Time:32507 TotalReward:702.610486154916
ETask 10: Configuration:2 Energy:0.0 Power:0.0 Reward:71.67052179302401 Time:32508 TotalReward:774.28100794794
ETask 11: Configuration:2 Energy:0.0 Power:0.0 Reward:67.99879156144802 Time:32509 TotalReward:842.279799509388
STOKE: Converged!
STOKE: Config: 0 - Knobs: {interval:3250 priority:100 sensor-configuration:1 batch:1 }  | -- on:1 joules:111.31 reward:0.7623
STOKE: Config: 1 - Knobs: {interval:2125 priority:100 sensor-configuration:1 batch:1 }  | -- on:1 joules:83.54 reward:0.9221
STOKE: Config: 2 - Knobs: {interval:1000 priority:100 sensor-configuration:1 batch:1 }  | -- on:9 joules:71.94 reward:0.9889
==ROUND-END==
STOKE: jouleRange: -1.94
STOKE: Range:1125 Partition:281 Middle:1000
STOKE: Config: 0 - Knobs: {interval:1562 priority:100 sensor-configuration:1 batch:1 }  | -- on:0 joules:NaN reward:NaN
STOKE: Config: 1 - Knobs: {interval:1281 priority:100 sensor-configuration:1 batch:1 }  | -- on:0 joules:NaN reward:NaN
STOKE: Config: 2 - Knobs: {interval:1000 priority:100 sensor-configuration:1 batch:1 }  | -- on:0 joules:NaN reward:NaN
==ROUND-START==
ETask 1: Configuration:0 Energy:0.0 Power:0.0 Reward:66.649367254536 Time:32534 TotalReward:66.649367254536
ETask 2: Configuration:1 Energy:0.0 Power:0.0 Reward:64.40736224274 Time:32561 TotalReward:131.05672949727602
ETask 3: Configuration:2 Energy:0.0 Power:0.0 Reward:65.81432046657599 Time:32553 TotalReward:196.87104996385202
ETask 4: Configuration:0 Energy:0.0 Power:0.0 Reward:64.69446094425601 Time:32552 TotalReward:261.565510908108
ETask 5: Configuration:2 Energy:0.0 Power:0.0 Reward:68.511306402 Time:32550 TotalReward:330.076817310108
ETask 6: Configuration:2 Energy:0.0 Power:0.0 Reward:65.11921649015999 Time:32506 TotalReward:395.196033800268
ETask 7: Configuration:2 Energy:0.0 Power:0.0 Reward:65.98946828925 Time:32505 TotalReward:461.185502089518
ETask 8: Configuration:2 Energy:0.0 Power:0.0 Reward:64.94253685829999 Time:32509 TotalReward:526.128038947818
ETask 9: Configuration:2 Energy:0.0 Power:0.0 Reward:65.9529776978 Time:32507 TotalReward:592.081016645618
ETask 10: Configuration:1 Energy:0.0 Power:0.0 Reward:66.46262411513999 Time:32538 TotalReward:658.543640760758
ETask 11: Configuration:2 Energy:0.0 Power:0.0 Reward:69.12789226349999 Time:32550 TotalReward:727.671533024258
ETask 12: Configuration:2 Energy:0.0 Power:0.0 Reward:80.44035130404 Time:32508 TotalReward:808.111884328298
ETask 13: Configuration:2 Energy:0.0 Power:0.0 Reward:80.75993217392 Time:32506 TotalReward:888.8718165022179
ETask 14: Configuration:2 Energy:0.0 Power:0.0 Reward:80.43257717838001 Time:32508 TotalReward:969.304393680598
STOKE: Converged!
STOKE: Config: 0 - Knobs: {interval:1562 priority:100 sensor-configuration:1 batch:1 }  | -- on:2 joules:65.67 reward:0.9751
STOKE: Config: 1 - Knobs: {interval:1281 priority:100 sensor-configuration:1 batch:1 }  | -- on:2 joules:65.43 reward:0.9737
STOKE: Config: 2 - Knobs: {interval:1000 priority:100 sensor-configuration:1 batch:1 }  | -- on:10 joules:70.71 reward:0.9959
==ROUND-END==
STOKE: jouleRange: -0.71
STOKE: Range:281 Partition:70 Middle:1000
STOKE: Config: 0 - Knobs: {interval:1140 priority:100 sensor-configuration:1 batch:1 }  | -- on:0 joules:NaN reward:NaN
STOKE: Config: 1 - Knobs: {interval:1070 priority:100 sensor-configuration:1 batch:1 }  | -- on:0 joules:NaN reward:NaN
STOKE: Config: 2 - Knobs: {interval:1000 priority:100 sensor-configuration:1 batch:1 }  | -- on:0 joules:NaN reward:NaN
==ROUND-START==
ETask 1: Configuration:0 Energy:0.0 Power:0.0 Reward:81.68489769163499 Time:32541 TotalReward:81.68489769163499
ETask 2: Configuration:1 Energy:0.0 Power:0.0 Reward:66.946471215585 Time:32539 TotalReward:148.63136890722
ETask 3: Configuration:2 Energy:0.0 Power:0.0 Reward:69.77847784239 Time:32542 TotalReward:218.40984674961
ETask 4: Configuration:2 Energy:0.0 Power:0.0 Reward:65.00390622264 Time:32505 TotalReward:283.41375297225
ETask 5: Configuration:2 Energy:0.0 Power:0.0 Reward:76.60473888790798 Time:32506 TotalReward:360.01849186015795
ETask 6: Configuration:2 Energy:0.0 Power:0.0 Reward:65.333185822296 Time:32508 TotalReward:425.35167768245395
ETask 7: Configuration:2 Energy:0.0 Power:0.0 Reward:65.34942801290399 Time:32506 TotalReward:490.7011056953579
ETask 8: Configuration:2 Energy:0.0 Power:0.0 Reward:66.45202660448 Time:32504 TotalReward:557.1531322998379
ETask 9: Configuration:2 Energy:0.0 Power:0.0 Reward:68.61405721005 Time:32505 TotalReward:625.7671895098879
ETask 10: Configuration:2 Energy:0.0 Power:0.0 Reward:66.76100257144999 Time:32507 TotalReward:692.5281920813379
ETask 11: Configuration:2 Energy:0.0 Power:0.0 Reward:64.84313118041 Time:32507 TotalReward:757.3713232617479
STOKE: Converged!
STOKE: Config: 0 - Knobs: {interval:1140 priority:100 sensor-configuration:1 batch:1 }  | -- on:1 joules:81.68 reward:0.9328
STOKE: Config: 1 - Knobs: {interval:1070 priority:100 sensor-configuration:1 batch:1 }  | -- on:1 joules:66.95 reward:0.9824
STOKE: Config: 2 - Knobs: {interval:1000 priority:100 sensor-configuration:1 batch:1 }  | -- on:9 joules:67.64 reward:0.9864
==ROUND-END==
STOKE: jouleRange: 2.36
STOKE: Hit threshold!
==ROUND-START==
ETask 12: Configuration:2 Energy:0.0 Power:0.0 Reward:76.89281980226001 Time:32506 TotalReward:834.2641430640078
ETask 13: Configuration:2 Energy:0.0 Power:0.0 Reward:72.00974662673 Time:32507 TotalReward:906.2738896907379
ETask 14: Configuration:2 Energy:0.0 Power:0.0 Reward:66.9385366023 Time:32505 TotalReward:973.2124262930379
ETask 15: Configuration:1 Energy:0.0 Power:0.0 Reward:75.36989212291002 Time:32537 TotalReward:1048.5823184159478
ETask 16: Configuration:1 Energy:0.0 Power:0.0 Reward:85.81528994957598 Time:32504 TotalReward:1134.3976083655239
ETask 17: Configuration:2 Energy:0.0 Power:0.0 Reward:71.823697078991 Time:32533 TotalReward:1206.2213054445149
ETask 18: Configuration:1 Energy:0.0 Power:0.0 Reward:80.57064374033398 Time:32553 TotalReward:1286.7919491848488
ETask 19: Configuration:2 Energy:0.0 Power:0.0 Reward:83.392945065683 Time:32551 TotalReward:1370.184894250532
ETask 20: Configuration:2 Energy:0.0 Power:0.0 Reward:90.726350015862 Time:32506 TotalReward:1460.9112442663939
ETask 21: Configuration:2 Energy:0.0 Power:0.0 Reward:83.342888191332 Time:32508 TotalReward:1544.2541324577257
ETask 22: Configuration:2 Energy:0.0 Power:0.0 Reward:69.20367506236599 Time:32506 TotalReward:1613.4578075200918
==ROUND-END==
ERun: Time:2635184
==END-RUN 0==
STOKE: Config: 0 - Knobs: {interval:1140 priority:100 sensor-configuration:1 batch:1 }  | -- on:1 joules:81.68 reward:0.9328
STOKE: Config: 1 - Knobs: {interval:1070 priority:100 sensor-configuration:1 batch:1 }  | -- on:4 joules:77.18 reward:0.9587
STOKE: Config: 2 - Knobs: {interval:1000 priority:100 sensor-configuration:1 batch:1 }  | -- on:17 joules:71.95 reward:0.9888
ERROR: We got 'done' signal before finishing experiment!
STOKE: Config: 0 - Knobs: {interval:1140 priority:100 sensor-configuration:1 batch:1 }  | -- on:1 joules:81.68 reward:0.9328
STOKE: Config: 1 - Knobs: {interval:1070 priority:100 sensor-configuration:1 batch:1 }  | -- on:4 joules:77.18 reward:0.9587
STOKE: Config: 2 - Knobs: {interval:1000 priority:100 sensor-configuration:1 batch:1 }  | -- on:17 joules:71.95 reward:0.9888
