==RUN 0==
STOKE: Start Bat: 0.950000
ELocation 0: Diff:0 ms Accuracy:20.00
ELocation 1: Diff:10296 ms Accuracy:95.00
ELocation 2: Diff:10000 ms Accuracy:42.00
ECycle-Start 0: Start-Drain:0.95
ETask 7: Configuration:0 Energy:0.00 Power:0.00 Reward:7.26 Time:5007 -- SAMPLE
ETask 8: Configuration:0 Energy:0.00 Power:0.00 Reward:7.26 Time:5006 -- SAMPLE
ELocation 3: Diff:20000 ms Accuracy:19.00
ETask 9: Configuration:0 Energy:0.00 Power:0.00 Reward:6.84 Time:5006 -- SAMPLE
ETask 10: Configuration:0 Energy:0.00 Power:0.00 Reward:6.84 Time:5005 -- SAMPLE
ELocation 4: Diff:10000 ms Accuracy:22.00
ETask 11: Configuration:0 Energy:0.00 Power:0.00 Reward:6.84 Time:5005 -- SAMPLE
ETask 12: Configuration:0 Energy:0.00 Power:0.00 Reward:6.84 Time:5003 -- SAMPLE
ETask 13: Configuration:0 Energy:0.00 Power:0.00 Reward:6.84 Time:5004 -- SAMPLE
ETask 14: Configuration:0 Energy:0.00 Power:0.00 Reward:6.84 Time:5005 -- SAMPLE
ELocation 5: Diff:20000 ms Accuracy:16.00
ETask 15: Configuration:0 Energy:0.00 Power:0.00 Reward:7.68 Time:5004 -- SAMPLE
ETask 16: Configuration:0 Energy:0.00 Power:0.00 Reward:7.68 Time:5005 -- SAMPLE
ETask 17: Configuration:0 Energy:0.00 Power:0.00 Reward:7.68 Time:5005 -- SAMPLE
ETask 18: Configuration:0 Energy:0.00 Power:0.00 Reward:7.68 Time:5004 -- SAMPLE
ECycle-Start 0: End-Drain:0.95
ECycle 0: Energy:0.00 Power:0.00 Drain:0.00
ELocation 6: Diff:20000 ms Accuracy:27.00
ELocation 7: Diff:4644 ms Accuracy:27.00
ECycle-Start 1: Start-Drain:0.95
ELocation 8: Diff:-768 ms Accuracy:22.00
ETask 20: Configuration:1 Energy:0.00 Power:0.00 Reward:7.69 Time:5011 -- SAMPLE
ELocation 9: Diff:6124 ms Accuracy:3.00
ETask 21: Configuration:1 Energy:0.00 Power:0.00 Reward:14.30 Time:5004 -- SAMPLE
ELocation 10: Diff:5000 ms Accuracy:3.00
ETask 22: Configuration:1 Energy:0.00 Power:0.00 Reward:14.31 Time:5007 -- SAMPLE
ELocation 11: Diff:5000 ms Accuracy:3.00
ETask 23: Configuration:1 Energy:0.00 Power:0.00 Reward:14.30 Time:5006 -- SAMPLE
ELocation 12: Diff:5000 ms Accuracy:3.00
ETask 24: Configuration:1 Energy:0.00 Power:0.00 Reward:14.31 Time:5007 -- SAMPLE
ELocation 13: Diff:5000 ms Accuracy:3.00
ETask 25: Configuration:1 Energy:0.00 Power:0.00 Reward:14.31 Time:5008 -- SAMPLE
ELocation 14: Diff:6000 ms Accuracy:3.00
ETask 26: Configuration:1 Energy:0.00 Power:0.00 Reward:14.30 Time:5005 -- SAMPLE
ELocation 15: Diff:5000 ms Accuracy:3.00
ETask 27: Configuration:1 Energy:0.00 Power:0.00 Reward:6.36 Time:5012 -- SAMPLE
ELocation 16: Diff:5000 ms Accuracy:4.00
ETask 28: Configuration:1 Energy:0.00 Power:0.00 Reward:6.35 Time:5008 -- SAMPLE
ELocation 17: Diff:6000 ms Accuracy:6.00
ETask 29: Configuration:1 Energy:0.00 Power:0.00 Reward:6.35 Time:5004 -- SAMPLE
ELocation 18: Diff:5000 ms Accuracy:5.00
ETask 30: Configuration:1 Energy:0.00 Power:0.00 Reward:6.35 Time:5004 -- SAMPLE
ELocation 19: Diff:5000 ms Accuracy:9.00
ETask 31: Configuration:1 Energy:0.00 Power:0.00 Reward:6.35 Time:5003 -- SAMPLE
ECycle-Start 1: End-Drain:0.95
ECycle 1: Energy:0.00 Power:0.00 Drain:0.00
ELocation 20: Diff:5000 ms Accuracy:9.00
ELocation 21: Diff:2881 ms Accuracy:9.00
ECycle-Start 2: Start-Drain:0.95
ELocation 22: Diff:-11 ms Accuracy:9.00
ELocation 23: Diff:1130 ms Accuracy:9.00
ETask 33: Configuration:2 Energy:0.00 Power:0.00 Reward:14.66 Time:5005 -- SAMPLE
ELocation 24: Diff:3000 ms Accuracy:9.00
ELocation 25: Diff:2000 ms Accuracy:9.00
ETask 34: Configuration:2 Energy:0.00 Power:0.00 Reward:14.66 Time:5007 -- SAMPLE
ELocation 26: Diff:3000 ms Accuracy:9.00
ELocation 27: Diff:3000 ms Accuracy:9.00
ETask 35: Configuration:2 Energy:0.00 Power:0.00 Reward:14.66 Time:5005 -- SAMPLE
ELocation 28: Diff:3000 ms Accuracy:9.00
ELocation 29: Diff:3000 ms Accuracy:9.00
ETask 36: Configuration:2 Energy:0.00 Power:0.00 Reward:14.65 Time:5003 -- SAMPLE
ELocation 30: Diff:3000 ms Accuracy:9.00
ETask 37: Configuration:2 Energy:0.00 Power:0.00 Reward:14.68 Time:5011 -- SAMPLE
ELocation 31: Diff:3000 ms Accuracy:9.00
ELocation 32: Diff:3000 ms Accuracy:9.00
ETask 38: Configuration:2 Energy:0.00 Power:0.00 Reward:14.66 Time:5004 -- SAMPLE
ELocation 33: Diff:3000 ms Accuracy:9.00
ELocation 34: Diff:3000 ms Accuracy:9.00
ETask 39: Configuration:2 Energy:0.00 Power:0.00 Reward:11.25 Time:5005 -- SAMPLE
ELocation 35: Diff:3000 ms Accuracy:9.00
ETask 40: Configuration:2 Energy:0.00 Power:0.00 Reward:11.25 Time:5007 -- SAMPLE
ELocation 36: Diff:3000 ms Accuracy:9.00
ELocation 37: Diff:3000 ms Accuracy:9.00
ETask 41: Configuration:2 Energy:0.00 Power:0.00 Reward:11.25 Time:5006 -- SAMPLE
ELocation 38: Diff:3000 ms Accuracy:9.00
ELocation 39: Diff:3000 ms Accuracy:9.00
ETask 42: Configuration:2 Energy:0.00 Power:0.00 Reward:11.25 Time:5004 -- SAMPLE
ELocation 40: Diff:3000 ms Accuracy:9.00
ETask 43: Configuration:2 Energy:0.00 Power:0.00 Reward:11.26 Time:5009 -- SAMPLE
ELocation 41: Diff:3000 ms Accuracy:9.00
ELocation 42: Diff:3000 ms Accuracy:9.00
ETask 44: Configuration:2 Energy:0.00 Power:0.00 Reward:11.25 Time:5005 -- SAMPLE
ECycle-Start 2: End-Drain:0.95
ECycle 2: Energy:0.00 Power:0.00 Drain:0.00
ELocation 43: Diff:3000 ms Accuracy:9.00
ELocation 44: Diff:3000 ms Accuracy:10.00
ELocation 45: Diff:2085 ms Accuracy:10.00
ECycle-Start 3: Start-Drain:0.95
ELocation 46: Diff:0 ms Accuracy:10.00
ELocation 47: Diff:-85 ms Accuracy:10.00
ELocation 48: Diff:1000 ms Accuracy:10.00
ELocation 49: Diff:1000 ms Accuracy:10.00
ELocation 50: Diff:1000 ms Accuracy:10.00
ETask 46: Configuration:3 Energy:0.00 Power:0.00 Reward:8.49 Time:5002 -- SAMPLE
ELocation 51: Diff:1000 ms Accuracy:10.00
ELocation 52: Diff:1000 ms Accuracy:10.00
ELocation 53: Diff:1000 ms Accuracy:10.00
ELocation 54: Diff:1000 ms Accuracy:10.00
ELocation 55: Diff:1000 ms Accuracy:10.00
ETask 47: Configuration:3 Energy:0.00 Power:0.00 Reward:8.49 Time:5005 -- SAMPLE
ELocation 56: Diff:1000 ms Accuracy:10.00
ELocation 57: Diff:1000 ms Accuracy:10.00
ELocation 58: Diff:1000 ms Accuracy:10.00
ELocation 59: Diff:1000 ms Accuracy:10.00
ELocation 60: Diff:1000 ms Accuracy:11.00
ETask 48: Configuration:3 Energy:0.00 Power:0.00 Reward:8.49 Time:5005 -- SAMPLE
ELocation 61: Diff:1000 ms Accuracy:11.00
ELocation 62: Diff:1000 ms Accuracy:11.00
ELocation 63: Diff:1000 ms Accuracy:11.00
ELocation 64: Diff:1000 ms Accuracy:11.00
ELocation 65: Diff:1000 ms Accuracy:11.00
ETask 49: Configuration:3 Energy:0.00 Power:0.00 Reward:8.49 Time:5003 -- SAMPLE
ELocation 66: Diff:1000 ms Accuracy:11.00
ELocation 67: Diff:1000 ms Accuracy:11.00
ELocation 68: Diff:1000 ms Accuracy:11.00
ELocation 69: Diff:1000 ms Accuracy:11.00
ELocation 70: Diff:1000 ms Accuracy:11.00
ETask 50: Configuration:3 Energy:0.00 Power:0.00 Reward:8.42 Time:5005 -- SAMPLE
ELocation 71: Diff:1000 ms Accuracy:11.00
ELocation 72: Diff:1000 ms Accuracy:11.00
ELocation 73: Diff:1000 ms Accuracy:11.00
ELocation 74: Diff:1000 ms Accuracy:12.00
ELocation 75: Diff:1000 ms Accuracy:12.00
ETask 51: Configuration:3 Energy:0.00 Power:0.00 Reward:13.38 Time:5004 -- SAMPLE
ELocation 76: Diff:1000 ms Accuracy:11.00
ELocation 77: Diff:1000 ms Accuracy:11.00
ELocation 78: Diff:1000 ms Accuracy:11.00
ELocation 79: Diff:1000 ms Accuracy:11.00
ELocation 80: Diff:1000 ms Accuracy:11.00
ETask 52: Configuration:3 Energy:0.00 Power:0.00 Reward:13.40 Time:5008 -- SAMPLE
ELocation 81: Diff:1000 ms Accuracy:10.00
ELocation 82: Diff:1000 ms Accuracy:10.00
ELocation 83: Diff:1000 ms Accuracy:10.00
ELocation 84: Diff:1000 ms Accuracy:10.00
ELocation 85: Diff:1000 ms Accuracy:10.00
ETask 53: Configuration:3 Energy:0.00 Power:0.00 Reward:13.38 Time:5003 -- SAMPLE
ELocation 86: Diff:1000 ms Accuracy:10.00
ELocation 87: Diff:1000 ms Accuracy:10.00
ELocation 88: Diff:1000 ms Accuracy:10.00
ELocation 89: Diff:1000 ms Accuracy:10.00
ELocation 90: Diff:1000 ms Accuracy:10.00
ETask 54: Configuration:3 Energy:0.00 Power:0.00 Reward:13.39 Time:5006 -- SAMPLE
ELocation 91: Diff:1000 ms Accuracy:10.00
ELocation 92: Diff:1000 ms Accuracy:10.00
ELocation 93: Diff:1000 ms Accuracy:10.00
ELocation 94: Diff:1000 ms Accuracy:10.00
ELocation 95: Diff:1000 ms Accuracy:9.00
ETask 55: Configuration:3 Energy:0.00 Power:0.00 Reward:13.39 Time:5005 -- SAMPLE
ELocation 96: Diff:1000 ms Accuracy:9.00
ELocation 97: Diff:1000 ms Accuracy:9.00
ELocation 98: Diff:1000 ms Accuracy:9.00
ELocation 99: Diff:1000 ms Accuracy:9.00
ELocation 100: Diff:1000 ms Accuracy:9.00
ETask 56: Configuration:3 Energy:0.00 Power:0.00 Reward:13.38 Time:5003 -- SAMPLE
ELocation 101: Diff:1000 ms Accuracy:9.00
ELocation 102: Diff:1000 ms Accuracy:9.00
ELocation 103: Diff:1000 ms Accuracy:9.00
ELocation 104: Diff:1000 ms Accuracy:9.00
ELocation 105: Diff:1000 ms Accuracy:9.00
ETask 57: Configuration:3 Energy:0.00 Power:0.00 Reward:13.39 Time:5007 -- SAMPLE
ECycle 3: Energy:0.00 Power:0.00 Drain:0.02
ELocation 106: Diff:1000 ms Accuracy:9.00
ELocation 107: Diff:1000 ms Accuracy:9.00
ELocation 108: Diff:1000 ms Accuracy:10.00
ELocation 109: Diff:1000 ms Accuracy:9.00
ELocation 110: Diff:1000 ms Accuracy:9.00
ELocation 111: Diff:2253 ms Accuracy:9.00
ELocation 112: Diff:-6 ms Accuracy:9.00
ELocation 113: Diff:11071 ms Accuracy:10.00
ELocation 114: Diff:9682 ms Accuracy:14.00
ELocation 115: Diff:10000 ms Accuracy:13.00
ELocation 116: Diff:20000 ms Accuracy:21.00
ELocation 117: Diff:10000 ms Accuracy:14.00
ELocation 118: Diff:10000 ms Accuracy:12.00
ELocation 119: Diff:11343 ms Accuracy:24.00
ELocation 120: Diff:18657 ms Accuracy:14.00
ELocation 121: Diff:20000 ms Accuracy:18.00
ELocation 122: Diff:11338 ms Accuracy:16.00
ELocation 123: Diff:18662 ms Accuracy:12.00
ELocation 124: Diff:10000 ms Accuracy:13.00
ELocation 125: Diff:10000 ms Accuracy:17.00
ELocation 126: Diff:10000 ms Accuracy:21.00
ELocation 127: Diff:11339 ms Accuracy:19.00
ELocation 128: Diff:18661 ms Accuracy:14.00
ELocation 129: Diff:10000 ms Accuracy:11.00
ELocation 130: Diff:10000 ms Accuracy:14.00
ELocation 131: Diff:10000 ms Accuracy:11.00
ELocation 132: Diff:10000 ms Accuracy:13.00
ELocation 133: Diff:10000 ms Accuracy:12.00
ELocation 134: Diff:20000 ms Accuracy:12.00
ELocation 135: Diff:10000 ms Accuracy:11.00
ELocation 136: Diff:21321 ms Accuracy:13.00
ELocation 137: Diff:18679 ms Accuracy:8.00
ELocation 138: Diff:10000 ms Accuracy:11.00
ELocation 139: Diff:20000 ms Accuracy:14.00
ELocation 140: Diff:10000 ms Accuracy:11.00
ELocation 141: Diff:10000 ms Accuracy:14.00
ELocation 142: Diff:10000 ms Accuracy:11.00
ELocation 143: Diff:10000 ms Accuracy:7.00
ELocation 144: Diff:20000 ms Accuracy:10.00
ELocation 145: Diff:10000 ms Accuracy:17.00
ELocation 146: Diff:10000 ms Accuracy:16.00
ELocation 147: Diff:10000 ms Accuracy:18.00
ELocation 148: Diff:11339 ms Accuracy:19.00
ELocation 149: Diff:18661 ms Accuracy:22.00
ELocation 150: Diff:10000 ms Accuracy:12.00
ELocation 151: Diff:20000 ms Accuracy:16.00
ELocation 152: Diff:10000 ms Accuracy:34.00
ELocation 153: Diff:10000 ms Accuracy:30.00
ELocation 154: Diff:10000 ms Accuracy:24.00
ELocation 155: Diff:10000 ms Accuracy:16.00
ELocation 156: Diff:10000 ms Accuracy:12.00
ELocation 157: Diff:20000 ms Accuracy:14.00
ELocation 158: Diff:11337 ms Accuracy:12.00
ELocation 159: Diff:18663 ms Accuracy:14.00
ELocation 160: Diff:20000 ms Accuracy:11.00
ELocation 161: Diff:10000 ms Accuracy:12.00
ELocation 162: Diff:10000 ms Accuracy:13.00
ELocation 163: Diff:20000 ms Accuracy:11.00
ELocation 164: Diff:10000 ms Accuracy:13.00
ELocation 165: Diff:10000 ms Accuracy:10.00
ELocation 166: Diff:11340 ms Accuracy:11.00
ELocation 167: Diff:18660 ms Accuracy:12.00
ELocation 168: Diff:10000 ms Accuracy:9.00
ELocation 169: Diff:20000 ms Accuracy:12.00
ELocation 170: Diff:10000 ms Accuracy:11.00
ELocation 171: Diff:10000 ms Accuracy:9.00
ELocation 172: Diff:20000 ms Accuracy:13.00
ELocation 173: Diff:10000 ms Accuracy:14.00
ELocation 174: Diff:11342 ms Accuracy:12.00
ELocation 175: Diff:18658 ms Accuracy:14.00
ELocation 176: Diff:10000 ms Accuracy:14.00
ELocation 177: Diff:20000 ms Accuracy:16.00
ELocation 178: Diff:10000 ms Accuracy:17.00
ELocation 179: Diff:10000 ms Accuracy:15.00
ELocation 180: Diff:20000 ms Accuracy:11.00
ELocation 181: Diff:10000 ms Accuracy:13.00
ELocation 182: Diff:20000 ms Accuracy:18.00
ELocation 183: Diff:10000 ms Accuracy:16.00
ELocation 184: Diff:10000 ms Accuracy:12.00
ELocation 185: Diff:10000 ms Accuracy:9.00
ELocation 186: Diff:10000 ms Accuracy:8.00
ELocation 187: Diff:20000 ms Accuracy:16.00
ELocation 188: Diff:11342 ms Accuracy:22.00
ELocation 189: Diff:18658 ms Accuracy:12.00
ELocation 190: Diff:10000 ms Accuracy:11.00
ELocation 191: Diff:20000 ms Accuracy:12.00
ELocation 192: Diff:10000 ms Accuracy:7.00
ELocation 193: Diff:20000 ms Accuracy:7.00
ELocation 194: Diff:20000 ms Accuracy:19.00
ELocation 195: Diff:10000 ms Accuracy:12.00
ELocation 196: Diff:10000 ms Accuracy:16.00
ELocation 197: Diff:10000 ms Accuracy:16.00
ELocation 198: Diff:10000 ms Accuracy:13.00
ELocation 199: Diff:20000 ms Accuracy:11.00
ELocation 200: Diff:20000 ms Accuracy:19.00
ELocation 201: Diff:20000 ms Accuracy:16.00
ELocation 202: Diff:10000 ms Accuracy:12.00
ELocation 203: Diff:10000 ms Accuracy:17.00
ELocation 204: Diff:20000 ms Accuracy:17.00
ELocation 205: Diff:10000 ms Accuracy:12.00
ELocation 206: Diff:11333 ms Accuracy:11.00
ELocation 207: Diff:18667 ms Accuracy:13.00
ELocation 208: Diff:20000 ms Accuracy:16.00
ELocation 209: Diff:10000 ms Accuracy:12.00
ELocation 210: Diff:10000 ms Accuracy:8.00
ELocation 211: Diff:20000 ms Accuracy:12.00
ELocation 212: Diff:10000 ms Accuracy:12.00
ELocation 213: Diff:10000 ms Accuracy:12.00
ELocation 214: Diff:20000 ms Accuracy:15.00
ELocation 215: Diff:20000 ms Accuracy:21.00
ELocation 216: Diff:20000 ms Accuracy:34.00
ELocation 217: Diff:10000 ms Accuracy:35.00
ELocation 218: Diff:10000 ms Accuracy:13.00
ELocation 219: Diff:20000 ms Accuracy:11.00
ELocation 220: Diff:10000 ms Accuracy:12.00
ELocation 221: Diff:20000 ms Accuracy:12.00
ELocation 222: Diff:20000 ms Accuracy:21.00
ELocation 223: Diff:10000 ms Accuracy:16.00
ELocation 224: Diff:20000 ms Accuracy:20.00
ELocation 225: Diff:10000 ms Accuracy:19.00
ELocation 226: Diff:10000 ms Accuracy:14.00
ELocation 227: Diff:10000 ms Accuracy:19.00
ELocation 228: Diff:20000 ms Accuracy:10.00
ELocation 229: Diff:10000 ms Accuracy:21.00
ELocation 230: Diff:10000 ms Accuracy:13.00
ELocation 231: Diff:20000 ms Accuracy:18.00
ELocation 232: Diff:10000 ms Accuracy:15.00
ELocation 233: Diff:20000 ms Accuracy:13.00
ELocation 234: Diff:20000 ms Accuracy:14.00
ELocation 235: Diff:10000 ms Accuracy:20.00
ELocation 236: Diff:10000 ms Accuracy:15.00
ELocation 237: Diff:10000 ms Accuracy:16.00
ELocation 238: Diff:10000 ms Accuracy:14.00
ELocation 239: Diff:20000 ms Accuracy:17.00
ELocation 240: Diff:10000 ms Accuracy:15.00
ELocation 241: Diff:10000 ms Accuracy:10.00
ELocation 242: Diff:20000 ms Accuracy:20.00
ELocation 243: Diff:20000 ms Accuracy:20.00
ELocation 244: Diff:10000 ms Accuracy:15.00
ELocation 245: Diff:20000 ms Accuracy:10.00
ELocation 246: Diff:10000 ms Accuracy:11.00
ELocation 247: Diff:10000 ms Accuracy:11.00
ELocation 248: Diff:10000 ms Accuracy:15.00
ELocation 249: Diff:10000 ms Accuracy:15.00
ELocation 250: Diff:20000 ms Accuracy:13.00
ELocation 251: Diff:11339 ms Accuracy:11.00
ELocation 252: Diff:18661 ms Accuracy:13.00
ELocation 253: Diff:11342 ms Accuracy:18.00
ELocation 254: Diff:18658 ms Accuracy:33.00
ELocation 255: Diff:10000 ms Accuracy:26.00
ELocation 256: Diff:20000 ms Accuracy:26.00
ELocation 257: Diff:10000 ms Accuracy:19.00
ELocation 258: Diff:20000 ms Accuracy:13.00
ELocation 259: Diff:10000 ms Accuracy:10.00
ELocation 260: Diff:11345 ms Accuracy:14.00
ELocation 261: Diff:18655 ms Accuracy:19.00
ELocation 262: Diff:11340 ms Accuracy:17.00
ELocation 263: Diff:18660 ms Accuracy:15.00
ELocation 264: Diff:11340 ms Accuracy:12.00
STOKE: End Bat: 0.860000
STOKE: Usage Bat: 0.090000
ERun: Reward:503.12 PostConfigReward:0.00 Time:2369259
==END-RUN 0==
STOKE: Config:0 | interval:0:10000 priority:0:100 sensor-configuration:0:2 | -- timeOn:12 reward:86.26 scaled:0.64 (location_accuracy,2557.00,15.40)
STOKE: Config:1 | interval:1:5000 priority:0:100 sensor-configuration:0:2 | -- timeOn:12 reward:125.27 scaled:0.48 (location_accuracy,121.00,8.64)
STOKE: Config:2 | interval:2:2000 priority:0:100 sensor-configuration:0:2 | -- timeOn:12 reward:155.48 scaled:0.35 (location_accuracy,207.00,9.00)
STOKE: Config:3 | interval:3:500 priority:0:100 sensor-configuration:0:2 | -- timeOn:12 reward:136.11 scaled:0.43 (location_accuracy,641.00,10.17)

