==RUN 0==
Bandit Runs:1 Tasks-in-Run:110
Self-Optimizer Rounds:0 Tasks-in-Round:0
Continuous Knob Rounds:Inf Tasks-in-Round:0
STOKE: Start Bat: 0.970000
ETask 1-1: Configuration:0 Energy:35.293175803395 Reward:-13.031326450484308 Raw:13.031326450484308 Time:32511 TotalReward:35.293175803395
ETask 2-2: Configuration:0 Energy:35.951403308625004 Reward:-13.27436429856923 Raw:13.27436429856923 Time:32515 TotalReward:71.24457911202
ETask 3-3: Configuration:0 Energy:35.2602559782 Reward:-13.019171438104614 Raw:13.019171438104614 Time:32526 TotalReward:106.50483509022001
ETask 4-4: Configuration:0 Energy:42.02365115124001 Reward:-15.51642504045785 Raw:15.51642504045785 Time:32504 TotalReward:148.52848624146003
ETask 5-5: Configuration:0 Energy:41.64419395368001 Reward:-15.376317767512619 Raw:15.376317767512619 Time:32535 TotalReward:190.17268019514003
ETask 6-6: Configuration:0 Energy:40.19173302622501 Reward:-14.840024501990774 Raw:14.840024501990774 Time:32519 TotalReward:230.36441322136506
ETask 7-7: Configuration:0 Energy:37.492174184111995 Reward:-13.843264314133659 Raw:13.843264314133659 Time:32537 TotalReward:267.85658740547706
ETask 8-8: Configuration:0 Energy:50.988363230636 Reward:-18.826472577465598 Raw:18.826472577465598 Time:32530 TotalReward:318.844950636113
ETask 9-9: Configuration:0 Energy:37.727145004384 Reward:-13.930022770849476 Raw:13.930022770849476 Time:32509 TotalReward:356.572095640497
ETask 10-10: Configuration:0 Energy:43.658186961048 Reward:-16.119945954848497 Raw:16.119945954848497 Time:32540 TotalReward:400.230282601545
ETask 11-11: Configuration:0 Energy:35.359607672016 Reward:-13.055855140436677 Raw:13.055855140436677 Time:32514 TotalReward:435.589890273561
ETask 12-12: Configuration:0 Energy:35.18194762719 Reward:-12.990257585424 Raw:12.990257585424 Time:32504 TotalReward:470.77183790075105
ETask 13-13: Configuration:0 Energy:49.17609070941601 Reward:-18.15732580039976 Raw:18.15732580039976 Time:32519 TotalReward:519.9479286101671
ETask 14-14: Configuration:0 Energy:52.77876781858201 Reward:-19.487545040707207 Raw:19.487545040707207 Time:32514 TotalReward:572.726696428749
ETask 15-15: Configuration:0 Energy:50.927023244852 Reward:-18.80382396732997 Raw:18.80382396732997 Time:32522 TotalReward:623.653719673601
ETask 16-16: Configuration:0 Energy:50.902815413924 Reward:-18.79488569129502 Raw:18.79488569129502 Time:32532 TotalReward:674.556535087525
ETask 17-17: Configuration:0 Energy:50.046145632400005 Reward:-18.478576848886156 Raw:18.478576848886156 Time:32512 TotalReward:724.602680719925
ETask 18-18: Configuration:0 Energy:37.663581859 Reward:-13.906553301784614 Raw:13.906553301784614 Time:32538 TotalReward:762.2662625789251
ETask 19-19: Configuration:0 Energy:40.505435220958 Reward:-14.955853004661417 Raw:14.955853004661417 Time:32522 TotalReward:802.7716977998831
ETask 20-20: Configuration:0 Energy:37.356145713692 Reward:-13.793038417363201 Raw:13.793038417363201 Time:32505 TotalReward:840.127843513575
ETask 21-21: Configuration:0 Energy:40.188804851412 Reward:-14.838943329752121 Raw:14.838943329752121 Time:32538 TotalReward:880.316648364987
ETask 22-22: Configuration:0 Energy:36.35164307012 Reward:-13.422145133582768 Raw:13.422145133582768 Time:32513 TotalReward:916.668291435107
ETask 23-23: Configuration:0 Energy:39.59195696377599 Reward:-14.61856872508652 Raw:14.61856872508652 Time:32537 TotalReward:956.2602483988829
ETask 24-24: Configuration:0 Energy:35.96381009529999 Reward:-13.278945265956919 Raw:13.278945265956919 Time:32516 TotalReward:992.2240584941829
ETask 25-25: Configuration:0 Energy:82.39658756808 Reward:-30.423355409752617 Raw:30.423355409752617 Time:32510 TotalReward:1074.620646062263
ETask 26-26: Configuration:0 Energy:35.55862569072001 Reward:-13.129338716573539 Raw:13.129338716573539 Time:32519 TotalReward:1110.179271752983
ETask 27-27: Configuration:0 Energy:43.5005629344 Reward:-16.06174631424 Raw:16.06174631424 Time:32522 TotalReward:1153.679834687383
ETask 28-28: Configuration:0 Energy:35.54113443696001 Reward:-13.122880407492925 Raw:13.122880407492925 Time:32503 TotalReward:1189.220969124343
ETask 29-29: Configuration:0 Energy:35.62318014024 Reward:-13.153174205627078 Raw:13.153174205627078 Time:32540 TotalReward:1224.844149264583
ETask 30-30: Configuration:0 Energy:35.296546556159996 Reward:-13.032571036120613 Raw:13.032571036120613 Time:32519 TotalReward:1260.1406958207428
ETask 31-31: Configuration:0 Energy:39.591177942719995 Reward:-14.618281086542769 Raw:14.618281086542769 Time:32537 TotalReward:1299.7318737634628
ETask 32-32: Configuration:0 Energy:39.94735196712 Reward:-14.749791495552 Raw:14.749791495552 Time:32530 TotalReward:1339.6792257305829
ETask 33-33: Configuration:0 Energy:71.21047467312 Reward:-26.29309834084431 Raw:26.29309834084431 Time:32508 TotalReward:1410.8897004037028
ETask 34-34: Configuration:0 Energy:49.7017646856 Reward:-18.35142080699077 Raw:18.35142080699077 Time:32537 TotalReward:1460.5914650893028
ETask 35-35: Configuration:0 Energy:52.283207159631004 Reward:-19.30456879740222 Raw:19.30456879740222 Time:32515 TotalReward:1512.8746722489338
ETask 36-36: Configuration:0 Energy:49.943230419446 Reward:-18.4405773856416 Raw:18.4405773856416 Time:32504 TotalReward:1562.81790266838
ETask 37-37: Configuration:0 Energy:35.628959979087995 Reward:-13.155308299970953 Raw:13.155308299970953 Time:32519 TotalReward:1598.446862647468
ETask 38-38: Configuration:0 Energy:35.140586308527 Reward:-12.974985713917663 Raw:12.974985713917663 Time:32519 TotalReward:1633.587448955995
ETask 39-39: Configuration:0 Energy:35.693466779733 Reward:-13.179126195593724 Raw:13.179126195593724 Time:32523 TotalReward:1669.2809157357278
ETask 40-40: Configuration:0 Energy:35.846140631699996 Reward:-13.23549807939692 Raw:13.23549807939692 Time:32531 TotalReward:1705.127056367428
ETask 41-41: Configuration:0 Energy:35.255298416155995 Reward:-13.017340953657598 Raw:13.017340953657598 Time:32513 TotalReward:1740.3823547835839
ETask 42-42: Configuration:0 Energy:35.158951151197996 Reward:-12.981766578903876 Raw:12.981766578903876 Time:32537 TotalReward:1775.5413059347818
ETask 43-43: Configuration:0 Energy:39.285586502554004 Reward:-14.505447324019942 Raw:14.505447324019942 Time:32524 TotalReward:1814.8268924373358
ETask 44-44: Configuration:0 Energy:38.833493516531995 Reward:-14.3385206830272 Raw:14.3385206830272 Time:32504 TotalReward:1853.6603859538677
ETask 45-45: Configuration:0 Energy:35.493116777279994 Reward:-13.105150810072614 Raw:13.105150810072614 Time:32537 TotalReward:1889.1535027311477
ETask 46-46: Configuration:0 Energy:75.18841552296 Reward:-27.761876500785235 Raw:27.761876500785235 Time:32510 TotalReward:1964.3419182541077
ETask 47-47: Configuration:0 Energy:35.781986421864005 Reward:-13.211810371149786 Raw:13.211810371149786 Time:32538 TotalReward:2000.1239046759717
ETask 48-48: Configuration:0 Energy:36.06564613049999 Reward:-13.316546263569228 Raw:13.316546263569228 Time:32515 TotalReward:2036.1895508064717
ETask 49-49: Configuration:0 Energy:49.274941263083996 Reward:-18.193824466369477 Raw:18.193824466369477 Time:32512 TotalReward:2085.464492069556
ETask 50-50: Configuration:0 Energy:35.415480852864 Reward:-13.076485237980556 Raw:13.076485237980556 Time:32520 TotalReward:2120.87997292242
ETask 51-51: Configuration:0 Energy:35.605050899148 Reward:-13.146480331993107 Raw:13.146480331993107 Time:32526 TotalReward:2156.485023821568
ETask 52-52: Configuration:0 Energy:35.396972347391994 Reward:-13.069651328267815 Raw:13.069651328267815 Time:32504 TotalReward:2191.88199616896
ETask 53-53: Configuration:0 Energy:50.63714181 Reward:-18.696790822153847 Raw:18.696790822153847 Time:32537 TotalReward:2242.5191379789603
ETask 54-54: Configuration:0 Energy:50.79788773666199 Reward:-18.756143164305968 Raw:18.756143164305968 Time:32519 TotalReward:2293.317025715622
ETask 55-55: Configuration:0 Energy:60.89894949895199 Reward:-22.48576596884381 Raw:22.48576596884381 Time:32537 TotalReward:2354.215975214574
ETask 56-56: Configuration:0 Energy:50.571044047836 Reward:-18.672385494585598 Raw:18.672385494585598 Time:32530 TotalReward:2404.78701926241
ETask 57-57: Configuration:0 Energy:40.35551800176 Reward:-14.900498954495998 Raw:14.900498954495998 Time:32511 TotalReward:2445.14253726417
ETask 58-58: Configuration:0 Energy:35.640765184968 Reward:-13.159667145218956 Raw:13.159667145218956 Time:32539 TotalReward:2480.7833024491383
ETask 59-59: Configuration:0 Energy:49.543812204389994 Reward:-18.29309989085169 Raw:18.29309989085169 Time:32513 TotalReward:2530.3271146535285
ETask 60-60: Configuration:0 Energy:35.14690649925001 Reward:-12.977319322800003 Raw:12.977319322800003 Time:32505 TotalReward:2565.4740211527787
ETask 61-61: Configuration:0 Energy:49.14409207207499 Reward:-18.14551091892 Raw:18.14551091892 Time:32519 TotalReward:2614.618113224854
ETask 62-62: Configuration:0 Energy:35.437691351088006 Reward:-13.084686037324802 Raw:13.084686037324802 Time:32518 TotalReward:2650.0558045759417
ETask 63-63: Configuration:0 Energy:38.113115370382 Reward:-14.072534905987197 Raw:14.072534905987197 Time:32525 TotalReward:2688.1689199463235
ETask 64-64: Configuration:0 Energy:35.414370330436 Reward:-13.076075198930216 Raw:13.076075198930216 Time:32532 TotalReward:2723.5832902767597
ETask 65-65: Configuration:0 Energy:35.616810821704 Reward:-13.150822457244553 Raw:13.150822457244553 Time:32513 TotalReward:2759.2001010984636
ETask 66-66: Configuration:0 Energy:38.27458623470999 Reward:-14.132154917431382 Raw:14.132154917431382 Time:32538 TotalReward:2797.4746873331737
ETask 67-67: Configuration:0 Energy:81.79799415192399 Reward:-30.20233630224886 Raw:30.20233630224886 Time:32525 TotalReward:2879.2726814850976
ETask 68-68: Configuration:0 Energy:36.583571264512 Reward:-13.507780159204433 Raw:13.507780159204433 Time:32503 TotalReward:2915.8562527496097
ETask 69-69: Configuration:0 Energy:40.20809592326399 Reward:-14.84606618705132 Raw:14.84606618705132 Time:32537 TotalReward:2956.0643486728736
ETask 70-70: Configuration:0 Energy:41.650495307528 Reward:-15.378644421241104 Raw:15.378644421241104 Time:32514 TotalReward:2997.714843980402
ETask 71-71: Configuration:0 Energy:35.970400149065995 Reward:-13.281378516578213 Raw:13.281378516578213 Time:32538 TotalReward:3033.6852441294677
ETask 72-72: Configuration:0 Energy:35.623381784896 Reward:-13.153248659038523 Raw:13.153248659038523 Time:32520 TotalReward:3069.308625914364
ETask 73-73: Configuration:0 Energy:51.108874405837994 Reward:-18.87096901138634 Raw:18.87096901138634 Time:32512 TotalReward:3120.4175003202017
ETask 74-74: Configuration:0 Energy:51.04194498277 Reward:-18.846256609022767 Raw:18.846256609022767 Time:32521 TotalReward:3171.4594453029717
ETask 75-75: Configuration:0 Energy:35.433956322755996 Reward:-13.083306949940678 Raw:13.083306949940678 Time:32523 TotalReward:3206.8934016257276
ETask 76-76: Configuration:0 Energy:42.535001682175995 Reward:-15.705231390341906 Raw:15.705231390341906 Time:32504 TotalReward:3249.4284033079034
ETask 77-77: Configuration:0 Energy:35.27005040826299 Reward:-13.022787843050947 Raw:13.022787843050947 Time:32539 TotalReward:3284.6984537161666
ETask 78-78: Configuration:0 Energy:35.48927666300499 Reward:-13.10373292172492 Raw:13.10373292172492 Time:32518 TotalReward:3320.1877303791716
ETask 79-79: Configuration:0 Energy:36.24293548014099 Reward:-13.382006946513595 Raw:13.382006946513595 Time:32504 TotalReward:3356.4306658593127
ETask 80-80: Configuration:0 Energy:35.54285112599 Reward:-13.123514261903997 Raw:13.123514261903997 Time:32531 TotalReward:3391.973516985303
ETask 81-81: Configuration:0 Energy:39.509908576776006 Reward:-14.588273936040371 Raw:14.588273936040371 Time:32510 TotalReward:3431.483425562079
ETask 82-82: Configuration:0 Energy:50.091795689232 Reward:-18.49543225448566 Raw:18.49543225448566 Time:32538 TotalReward:3481.575221251311
ETask 83-83: Configuration:0 Energy:36.758827735344006 Reward:-13.572490240742402 Raw:13.572490240742402 Time:32517 TotalReward:3518.334048986655
ETask 84-84: Configuration:0 Energy:38.75627037744 Reward:-14.310007523977848 Raw:14.310007523977848 Time:32506 TotalReward:3557.090319364095
ETask 85-85: Configuration:0 Energy:35.50082729344801 Reward:-13.107997769888497 Raw:13.107997769888497 Time:32519 TotalReward:3592.591146657543
ETask 86-86: Configuration:0 Energy:37.630865292879996 Reward:-13.894473338909535 Raw:13.894473338909535 Time:32520 TotalReward:3630.222011950423
ETask 87-87: Configuration:0 Energy:36.9302503416 Reward:-13.635784741513847 Raw:13.635784741513847 Time:32527 TotalReward:3667.1522622920234
ETask 88-88: Configuration:0 Energy:37.160256993729995 Reward:-13.720710274607997 Raw:13.720710274607997 Time:32533 TotalReward:3704.3125192857533
ETask 89-89: Configuration:0 Energy:35.615960967075 Reward:-13.150508664766154 Raw:13.150508664766154 Time:32513 TotalReward:3739.928480252828
ETask 90-90: Configuration:0 Energy:36.37587198504 Reward:-13.43109119447631 Raw:13.43109119447631 Time:32537 TotalReward:3776.304352237868
ETask 91-91: Configuration:0 Energy:47.88012770707499 Reward:-17.678816384150768 Raw:17.678816384150768 Time:32526 TotalReward:3824.184479944943
ETask 92-92: Configuration:0 Energy:90.933133672485 Reward:-33.575310894455995 Raw:33.575310894455995 Time:32504 TotalReward:3915.117613617428
ETask 93-93: Configuration:0 Energy:68.9249859543 Reward:-25.44922558312615 Raw:25.44922558312615 Time:32535 TotalReward:3984.0425995717283
ETask 94-94: Configuration:0 Energy:36.54954692018 Reward:-13.495217324374154 Raw:13.495217324374154 Time:32513 TotalReward:4020.5921464919084
ETask 95-95: Configuration:0 Energy:35.70423145672999 Reward:-13.183100845561842 Raw:13.183100845561842 Time:32538 TotalReward:4056.2963779486386
ETask 96-96: Configuration:0 Energy:35.56276953256 Reward:-13.130868750483689 Raw:13.130868750483689 Time:32519 TotalReward:4091.8591474811988
ETask 97-97: Configuration:0 Energy:36.510149542095 Reward:-13.480670600158154 Raw:13.480670600158154 Time:32513 TotalReward:4128.369297023294
ETask 98-98: Configuration:0 Energy:49.087955923545 Reward:-18.124783725616613 Raw:18.124783725616613 Time:32521 TotalReward:4177.45725294684
ETask 99-99: Configuration:0 Energy:35.64522724724999 Reward:-13.161314675907688 Raw:13.161314675907688 Time:32526 TotalReward:4213.102480194089
ETask 100-100: Configuration:0 Energy:36.482561493084 Reward:-13.470484243600245 Raw:13.470484243600245 Time:32504 TotalReward:4249.5850416871735
ETask 101-101: Configuration:0 Energy:41.85840095766 Reward:-15.45540958436677 Raw:15.45540958436677 Time:32537 TotalReward:4291.443442644833
ETask 102-102: Configuration:0 Energy:35.588394342815995 Reward:-13.140330218885907 Raw:13.140330218885907 Time:32519 TotalReward:4327.0318369876495
ETask 103-103: Configuration:0 Energy:35.77618205657999 Reward:-13.209667220891076 Raw:13.209667220891076 Time:32506 TotalReward:4362.80801904423
ETask 104-104: Configuration:0 Energy:35.763256273079996 Reward:-13.204894623906462 Raw:13.204894623906462 Time:32532 TotalReward:4398.571275317309
ETask 105-105: Configuration:0 Energy:39.37893787703399 Reward:-14.539915523827936 Raw:14.539915523827936 Time:32511 TotalReward:4437.950213194344
ETask 106-106: Configuration:0 Energy:35.881667323445996 Reward:-13.248615627118522 Raw:13.248615627118522 Time:32510 TotalReward:4473.83188051779
ETask 107-107: Configuration:0 Energy:35.5637450784 Reward:-13.131228952024614 Raw:13.131228952024614 Time:32515 TotalReward:4509.395625596189
ETask 108-108: Configuration:0 Energy:36.380374011072 Reward:-13.4327534810112 Raw:13.4327534810112 Time:32504 TotalReward:4545.775999607261
ETask 109-109: Configuration:0 Energy:50.36505864389999 Reward:-18.596329345439997 Raw:18.596329345439997 Time:32518 TotalReward:4596.141058251161
ETask 110-110: Configuration:0 Energy:52.348042993427995 Reward:-19.3285081821888 Raw:19.3285081821888 Time:32517 TotalReward:4648.489101244589
ETask 111-111: Configuration:0 Energy:52.92564997944 Reward:-19.541778453947078 Raw:19.541778453947078 Time:32528 TotalReward:4701.414751224029
ERun: Time:3610861
==END-RUN 0==
==ROUND-END==
STOKE: Config: 0 - Knobs: {interval:30000 priority:100 sensor-configuration:1 batch:1 }  | -- on:0 reward:0.0000
