==RUN 0==
Bandit Runs:1 Tasks-in-Run:100
Self-Optimizer Rounds:0 Tasks-in-Round:0
Continuous Knob Rounds:Inf Tasks-in-Round:0
STOKE: Start Bat: 1.000000
MAPSME_GPS_RATE: 10000
MAPSME_GPS_PRIORITY: High Accuracy
MAPSME_GPS_BATCH: 1x

MAPSME_GPS_RATE: 10000
MAPSME_GPS_PRIORITY: High Accuracy
MAPSME_GPS_BATCH: 1x

MAPSME_GPS_RATE: 10000
MAPSME_GPS_PRIORITY: High Accuracy
MAPSME_GPS_BATCH: 1x

MAPSME_GPS_RATE: 10000
MAPSME_GPS_PRIORITY: High Accuracy
MAPSME_GPS_BATCH: 1x

ETask 1: Configuration:0 Energy:0.0 Power:0.0 Reward:47.031189008184 Time:32517 TotalReward:47.031189008184
ETask 2: Configuration:1 Energy:0.0 Power:0.0 Reward:36.96581313223201 Time:32646 TotalReward:83.99700214041601
ETask 3: Configuration:2 Energy:0.0 Power:0.0 Reward:49.94912379006001 Time:32615 TotalReward:133.94612593047603
ETask 4: Configuration:3 Energy:0.0 Power:0.0 Reward:91.63456799515201 Time:32526 TotalReward:225.58069392562805
ETask 5: Configuration:4 Energy:0.0 Power:0.0 Reward:92.61469920537601 Time:32524 TotalReward:318.19539313100404
ETask 6: Configuration:5 Energy:0.0 Power:0.0 Reward:72.46305327525599 Time:32566 TotalReward:390.65844640626005
ETask 7: Configuration:6 Energy:0.0 Power:0.0 Reward:76.333355573856 Time:32548 TotalReward:466.99180198011607
ETask 8: Configuration:2 Energy:0.0 Power:0.0 Reward:76.70766564576 Time:32548 TotalReward:543.6994676258761
ETask 9: Configuration:2 Energy:0.0 Power:0.0 Reward:30.577038829823998 Time:32506 TotalReward:574.2765064557001
ETask 10: Configuration:2 Energy:0.0 Power:0.0 Reward:34.149905264184 Time:32506 TotalReward:608.4264117198841
ETask 11: Configuration:3 Energy:0.0 Power:0.0 Reward:67.47077537366398 Time:32537 TotalReward:675.897187093548
ETask 12: Configuration:2 Energy:0.0 Power:0.0 Reward:37.60161024942 Time:32545 TotalReward:713.498797342968
ETask 13: Configuration:5 Energy:0.0 Power:0.0 Reward:77.769494638315 Time:32555 TotalReward:791.268291981283
ETask 14: Configuration:0 Energy:0.0 Power:0.0 Reward:41.996375019613 Time:32557 TotalReward:833.264667000896
ETask 15: Configuration:2 Energy:0.0 Power:0.0 Reward:37.5439011395 Time:32540 TotalReward:870.808568140396
ETask 16: Configuration:5 Energy:0.0 Power:0.0 Reward:67.67379546354 Time:32529 TotalReward:938.482363603936
ETask 17: Configuration:5 Energy:0.0 Power:0.0 Reward:67.2238042239 Time:32511 TotalReward:1005.706167827836
ETask 18: Configuration:5 Energy:0.0 Power:0.0 Reward:65.782883325204 Time:32509 TotalReward:1071.48905115304
ETask 19: Configuration:5 Energy:0.0 Power:0.0 Reward:68.39003588991001 Time:32511 TotalReward:1139.87908704295
ETask 20: Configuration:5 Energy:0.0 Power:0.0 Reward:73.15009654266801 Time:32507 TotalReward:1213.029183585618
ETask 21: Configuration:5 Energy:0.0 Power:0.0 Reward:33.801370021951996 Time:32513 TotalReward:1246.83055360757
ETask 22: Configuration:5 Energy:0.0 Power:0.0 Reward:79.21426158408 Time:32509 TotalReward:1326.04481519165
ETask 23: Configuration:5 Energy:0.0 Power:0.0 Reward:49.599618664332 Time:32507 TotalReward:1375.644433855982
ETask 24: Configuration:5 Energy:0.0 Power:0.0 Reward:54.19966685040401 Time:32506 TotalReward:1429.844100706386
ETask 25: Configuration:5 Energy:0.0 Power:0.0 Reward:74.19803028566 Time:32510 TotalReward:1504.042130992046
ETask 26: Configuration:5 Energy:0.0 Power:0.0 Reward:66.10221197377 Time:32515 TotalReward:1570.144342965816
ETask 27: Configuration:4 Energy:0.0 Power:0.0 Reward:64.51091389720001 Time:32548 TotalReward:1634.655256863016
ETask 28: Configuration:5 Energy:0.0 Power:0.0 Reward:43.893456261694006 Time:32539 TotalReward:1678.5487131247098
ETask 29: Configuration:5 Energy:0.0 Power:0.0 Reward:66.10670785178 Time:32507 TotalReward:1744.6554209764897
ETask 30: Configuration:5 Energy:0.0 Power:0.0 Reward:94.890625559196 Time:32509 TotalReward:1839.5460465356857
ETask 31: Configuration:5 Energy:0.0 Power:0.0 Reward:34.963303170026 Time:32509 TotalReward:1874.5093497057117
ETask 32: Configuration:4 Energy:0.0 Power:0.0 Reward:36.88284095523301 Time:32551 TotalReward:1911.3921906609446
ETask 33: Configuration:5 Energy:0.0 Power:0.0 Reward:34.77090224118 Time:32543 TotalReward:1946.1630929021246
ETask 34: Configuration:2 Energy:0.0 Power:0.0 Reward:34.32021088545 Time:32550 TotalReward:1980.4833037875746
ETask 35: Configuration:5 Energy:0.0 Power:0.0 Reward:69.92523407597699 Time:32547 TotalReward:2050.408537863552
ETask 36: Configuration:5 Energy:0.0 Power:0.0 Reward:66.83569117236 Time:32510 TotalReward:2117.2442290359118
ETask 37: Configuration:5 Energy:0.0 Power:0.0 Reward:65.471331665745 Time:32509 TotalReward:2182.7155607016566
ETask 38: Configuration:5 Energy:0.0 Power:0.0 Reward:121.09537163655001 Time:32514 TotalReward:2303.810932338207
ETask 39: Configuration:4 Energy:0.0 Power:0.0 Reward:34.438228375715994 Time:32538 TotalReward:2338.2491607139227
ETask 40: Configuration:4 Energy:0.0 Power:0.0 Reward:49.595839725582 Time:32507 TotalReward:2387.845000439505
ETask 41: Configuration:4 Energy:0.0 Power:0.0 Reward:92.30401982918102 Time:32509 TotalReward:2480.149020268686
ETask 42: Configuration:4 Energy:0.0 Power:0.0 Reward:81.93995639676001 Time:32508 TotalReward:2562.088976665446
ETask 43: Configuration:4 Energy:0.0 Power:0.0 Reward:79.610152545072 Time:32509 TotalReward:2641.699129210518
ETask 44: Configuration:5 Energy:0.0 Power:0.0 Reward:40.061173880465994 Time:32541 TotalReward:2681.760303090984
ETask 45: Configuration:5 Energy:0.0 Power:0.0 Reward:68.91616053075602 Time:32508 TotalReward:2750.67646362174
ETask 46: Configuration:5 Energy:0.0 Power:0.0 Reward:74.90228779285201 Time:32514 TotalReward:2825.578751414592
ETask 47: Configuration:5 Energy:0.0 Power:0.0 Reward:76.464090434688 Time:32514 TotalReward:2902.0428418492797
ETask 48: Configuration:5 Energy:0.0 Power:0.0 Reward:57.133613357088 Time:32506 TotalReward:2959.176455206368
ETask 49: Configuration:5 Energy:0.0 Power:0.0 Reward:34.437418823070004 Time:32511 TotalReward:2993.6138740294377
ETask 50: Configuration:0 Energy:0.0 Power:0.0 Reward:33.941521163319 Time:32557 TotalReward:3027.555395192757
ETask 51: Configuration:5 Energy:0.0 Power:0.0 Reward:69.73560134854199 Time:32534 TotalReward:3097.2909965412987
ETask 52: Configuration:0 Energy:0.0 Power:0.0 Reward:40.53066289335899 Time:32553 TotalReward:3137.8216594346577
ETask 53: Configuration:5 Energy:0.0 Power:0.0 Reward:66.34136122664401 Time:32551 TotalReward:3204.1630206613017
ETask 54: Configuration:5 Energy:0.0 Power:0.0 Reward:67.51693159032 Time:32510 TotalReward:3271.6799522516217
ETask 55: Configuration:5 Energy:0.0 Power:0.0 Reward:70.285455785984 Time:32507 TotalReward:3341.965408037606
ETask 56: Configuration:5 Energy:0.0 Power:0.0 Reward:34.45358860507199 Time:32513 TotalReward:3376.418996642678
ETask 57: Configuration:4 Energy:0.0 Power:0.0 Reward:66.85744685246398 Time:32541 TotalReward:3443.276443495142
ETask 58: Configuration:1 Energy:0.0 Power:0.0 Reward:34.02385261225599 Time:32552 TotalReward:3477.300296107398
ETask 59: Configuration:3 Energy:0.0 Power:0.0 Reward:45.56419445799199 Time:32543 TotalReward:3522.86449056539
ETask 60: Configuration:5 Energy:0.0 Power:0.0 Reward:79.973359178352 Time:32537 TotalReward:3602.837849743742
ETask 61: Configuration:5 Energy:0.0 Power:0.0 Reward:84.970063265424 Time:32506 TotalReward:3687.807913009166
ETask 62: Configuration:5 Energy:0.0 Power:0.0 Reward:93.20158210357599 Time:32509 TotalReward:3781.009495112742
ETask 63: Configuration:5 Energy:0.0 Power:0.0 Reward:50.268750640471985 Time:32513 TotalReward:3831.278245753214
ETask 64: Configuration:5 Energy:0.0 Power:0.0 Reward:69.89681912765198 Time:32507 TotalReward:3901.175064880866
ETask 65: Configuration:5 Energy:0.0 Power:0.0 Reward:66.90962060288 Time:32510 TotalReward:3968.084685483746
ETask 66: Configuration:5 Energy:0.0 Power:0.0 Reward:34.766441157167996 Time:32508 TotalReward:4002.851126640914
ETask 67: Configuration:5 Energy:0.0 Power:0.0 Reward:66.17434610527 Time:32509 TotalReward:4069.0254727461843
ETask 68: Configuration:5 Energy:0.0 Power:0.0 Reward:68.9024094192 Time:32508 TotalReward:4137.927882165384
ETask 69: Configuration:5 Energy:0.0 Power:0.0 Reward:70.06601364199999 Time:32510 TotalReward:4207.993895807384
ETask 70: Configuration:2 Energy:0.0 Power:0.0 Reward:36.9708913534 Time:32542 TotalReward:4244.964787160784
ETask 71: Configuration:5 Energy:0.0 Power:0.0 Reward:34.396334081599996 Time:32533 TotalReward:4279.361121242384
ETask 72: Configuration:5 Energy:0.0 Power:0.0 Reward:67.29374841699997 Time:32507 TotalReward:4346.654869659384
ETask 73: Configuration:5 Energy:0.0 Power:0.0 Reward:35.4273679368 Time:32508 TotalReward:4382.082237596183
ETask 74: Configuration:5 Energy:0.0 Power:0.0 Reward:67.90421781690301 Time:32507 TotalReward:4449.986455413086
ETask 75: Configuration:5 Energy:0.0 Power:0.0 Reward:68.32379105964 Time:32504 TotalReward:4518.310246472726
ETask 76: Configuration:5 Energy:0.0 Power:0.0 Reward:64.517121760617 Time:32507 TotalReward:4582.827368233343
ETask 77: Configuration:5 Energy:0.0 Power:0.0 Reward:50.733161180159996 Time:32512 TotalReward:4633.560529413503
ETask 78: Configuration:5 Energy:0.0 Power:0.0 Reward:47.785816162728004 Time:32508 TotalReward:4681.346345576231
ETask 79: Configuration:5 Energy:0.0 Power:0.0 Reward:79.42191532602 Time:32506 TotalReward:4760.768260902251
ETask 80: Configuration:5 Energy:0.0 Power:0.0 Reward:87.19508424085201 Time:32508 TotalReward:4847.963345143104
ETask 81: Configuration:5 Energy:0.0 Power:0.0 Reward:85.039919602098 Time:32506 TotalReward:4933.003264745202
ETask 82: Configuration:5 Energy:0.0 Power:0.0 Reward:83.07725059556999 Time:32510 TotalReward:5016.080515340772
ETask 83: Configuration:6 Energy:0.0 Power:0.0 Reward:285.0551386452 Time:32531 TotalReward:5301.135653985972
ETask 84: Configuration:2 Energy:0.0 Power:0.0 Reward:37.02793764681 Time:32545 TotalReward:5338.163591632781
ETask 85: Configuration:5 Energy:0.0 Power:0.0 Reward:35.245430832942 Time:32537 TotalReward:5373.409022465723
ETask 86: Configuration:5 Energy:0.0 Power:0.0 Reward:120.698711429967 Time:32507 TotalReward:5494.10773389569
ETask 87: Configuration:6 Energy:0.0 Power:0.0 Reward:78.66514847166299 Time:32541 TotalReward:5572.772882367353
ETask 88: Configuration:4 Energy:0.0 Power:0.0 Reward:69.71661543853499 Time:32565 TotalReward:5642.489497805888
ETask 89: Configuration:5 Energy:0.0 Power:0.0 Reward:67.645460867829 Time:32539 TotalReward:5710.134958673717
ETask 90: Configuration:5 Energy:0.0 Power:0.0 Reward:102.38064203782798 Time:32506 TotalReward:5812.515600711545
ETask 91: Configuration:6 Energy:0.0 Power:0.0 Reward:71.99207079431399 Time:32553 TotalReward:5884.5076715058585
ETask 92: Configuration:5 Energy:0.0 Power:0.0 Reward:38.97766534147199 Time:32538 TotalReward:5923.4853368473305
ETask 93: Configuration:2 Energy:0.0 Power:0.0 Reward:33.794209666271996 Time:32551 TotalReward:5957.279546513602
ETask 94: Configuration:5 Energy:0.0 Power:0.0 Reward:88.99539419740199 Time:32533 TotalReward:6046.274940711004
ETask 95: Configuration:5 Energy:0.0 Power:0.0 Reward:38.941727977152 Time:32508 TotalReward:6085.2166686881565
ETask 96: Configuration:5 Energy:0.0 Power:0.0 Reward:37.95260333963999 Time:32516 TotalReward:6123.169272027796
ETask 97: Configuration:5 Energy:0.0 Power:0.0 Reward:63.99807430631999 Time:32515 TotalReward:6187.167346334116
ETask 98: Configuration:5 Energy:0.0 Power:0.0 Reward:68.43621483120099 Time:32507 TotalReward:6255.603561165317
ETask 99: Configuration:5 Energy:0.0 Power:0.0 Reward:84.160233453478 Time:32506 TotalReward:6339.763794618795
ETask 100: Configuration:5 Energy:0.0 Power:0.0 Reward:53.32886426652399 Time:32506 TotalReward:6393.092658885319
ETask 101: Configuration:5 Energy:0.0 Power:0.0 Reward:49.809153221589995 Time:32510 TotalReward:6442.901812106909
ETask 102: Configuration:5 Energy:0.0 Power:0.0 Reward:87.16136770790398 Time:32512 TotalReward:6530.063179814813
ETask 103: Configuration:5 Energy:0.0 Power:0.0 Reward:83.93476134338398 Time:32504 TotalReward:6613.997941158197
ETask 104: Configuration:5 Energy:0.0 Power:0.0 Reward:78.42276679702499 Time:32511 TotalReward:6692.4207079552225
ETask 105: Configuration:5 Energy:0.0 Power:0.0 Reward:92.350895448812 Time:32507 TotalReward:6784.771603404034
ETask 106: Configuration:5 Energy:0.0 Power:0.0 Reward:68.132357258632 Time:32509 TotalReward:6852.903960662666
ETask 107: Configuration:5 Energy:0.0 Power:0.0 Reward:71.16268071175202 Time:32508 TotalReward:6924.0666413744175
ETask 108: Configuration:5 Energy:0.0 Power:0.0 Reward:70.39759515040801 Time:32514 TotalReward:6994.4642365248255
ERun: Time:3514223
==END-RUN 0==
STOKE: Config: 0 - Knobs: {interval:10000 priority:100 sensor-configuration:1 batch:1 }  | -- on:4 joules:40.87 reward:0.96
STOKE: Config: 1 - Knobs: {interval:8000 priority:100 sensor-configuration:1 batch:1 }  | -- on:2 joules:35.49 reward:0.94
STOKE: Config: 2 - Knobs: {interval:5000 priority:100 sensor-configuration:1 batch:1 }  | -- on:10 joules:40.86 reward:0.96
STOKE: Config: 3 - Knobs: {interval:4000 priority:100 sensor-configuration:1 batch:1 }  | -- on:3 joules:68.22 reward:0.98
STOKE: Config: 4 - Knobs: {interval:3000 priority:100 sensor-configuration:1 batch:1 }  | -- on:10 joules:66.85 reward:0.98
STOKE: Config: 5 - Knobs: {interval:2000 priority:100 sensor-configuration:1 batch:1 }  | -- on:75 joules:66.22 reward:0.99
STOKE: Config: 6 - Knobs: {interval:1000 priority:100 sensor-configuration:1 batch:1 }  | -- on:4 joules:128.01 reward:0.84
ERROR: We got 'done' signal before finishing experiment!
STOKE: Config: 0 - Knobs: {interval:10000 priority:100 sensor-configuration:1 batch:1 }  | -- on:4 joules:40.87 reward:0.96
STOKE: Config: 1 - Knobs: {interval:8000 priority:100 sensor-configuration:1 batch:1 }  | -- on:2 joules:35.49 reward:0.94
STOKE: Config: 2 - Knobs: {interval:5000 priority:100 sensor-configuration:1 batch:1 }  | -- on:10 joules:40.86 reward:0.96
STOKE: Config: 3 - Knobs: {interval:4000 priority:100 sensor-configuration:1 batch:1 }  | -- on:3 joules:68.22 reward:0.98
STOKE: Config: 4 - Knobs: {interval:3000 priority:100 sensor-configuration:1 batch:1 }  | -- on:10 joules:66.85 reward:0.98
STOKE: Config: 5 - Knobs: {interval:2000 priority:100 sensor-configuration:1 batch:1 }  | -- on:75 joules:66.22 reward:0.99
STOKE: Config: 6 - Knobs: {interval:1000 priority:100 sensor-configuration:1 batch:1 }  | -- on:4 joules:128.01 reward:0.84
