STOKE: Start Bat: 1.000000
ETask 13: Configuration:0 Energy:33.10 Power:33.10 Reward:33.10 Time:9991
ETask 14: Configuration:0 Energy:39.10 Power:39.10 Reward:39.10 Time:10022
ETask 15: Configuration:0 Energy:35.70 Power:35.70 Reward:35.70 Time:10005
ETask 16: Configuration:0 Energy:28.70 Power:28.70 Reward:28.70 Time:10038
ETask 17: Configuration:0 Energy:32.30 Power:32.30 Reward:32.30 Time:9975
ETask 18: Configuration:0 Energy:42.30 Power:42.30 Reward:42.30 Time:10031
ETask 19: Configuration:0 Energy:37.00 Power:37.00 Reward:37.00 Time:9992
ETask 20: Configuration:0 Energy:29.30 Power:29.30 Reward:29.30 Time:10032
ETask 21: Configuration:0 Energy:31.90 Power:31.90 Reward:31.90 Time:9987
ETask 22: Configuration:0 Energy:39.20 Power:39.20 Reward:39.20 Time:10023
ETask 23: Configuration:0 Energy:36.50 Power:36.50 Reward:36.50 Time:9998
ETask 24: Configuration:0 Energy:29.20 Power:29.20 Reward:29.20 Time:10035
ETask 25: Configuration:0 Energy:32.50 Power:32.50 Reward:32.50 Time:9985
ETask 26: Configuration:0 Energy:39.80 Power:39.80 Reward:39.80 Time:10013
ETask 27: Configuration:0 Energy:36.00 Power:36.00 Reward:36.00 Time:10007
ETask 28: Configuration:0 Energy:28.90 Power:28.90 Reward:28.90 Time:10034
ETask 29: Configuration:0 Energy:32.00 Power:32.00 Reward:32.00 Time:10002
ETask 30: Configuration:0 Energy:38.20 Power:38.20 Reward:38.20 Time:10023
ETask 31: Configuration:0 Energy:35.90 Power:35.90 Reward:35.90 Time:10001
ETask 32: Configuration:0 Energy:29.00 Power:29.00 Reward:29.00 Time:10034
ETask 33: Configuration:0 Energy:32.00 Power:32.00 Reward:32.00 Time:9991
ETask 34: Configuration:0 Energy:39.60 Power:39.60 Reward:39.60 Time:10024
ETask 35: Configuration:0 Energy:35.70 Power:35.70 Reward:35.70 Time:9993
ETask 36: Configuration:0 Energy:28.60 Power:28.60 Reward:28.60 Time:10035
ETask 37: Configuration:0 Energy:32.20 Power:32.20 Reward:32.20 Time:9995
ETask 38: Configuration:0 Energy:39.00 Power:39.00 Reward:39.00 Time:10027
ETask 39: Configuration:0 Energy:36.10 Power:36.10 Reward:36.10 Time:10005
ETask 40: Configuration:0 Energy:28.90 Power:28.90 Reward:28.90 Time:10033
ETask 41: Configuration:0 Energy:31.10 Power:31.10 Reward:31.10 Time:9980
ETask 42: Configuration:0 Energy:39.30 Power:39.30 Reward:39.30 Time:10024
ETask 43: Configuration:0 Energy:36.30 Power:36.30 Reward:36.30 Time:10002
ETask 44: Configuration:0 Energy:28.90 Power:28.90 Reward:28.90 Time:10037
ETask 45: Configuration:0 Energy:32.10 Power:32.10 Reward:32.10 Time:9989
ETask 46: Configuration:0 Energy:40.30 Power:40.30 Reward:40.30 Time:10023
ETask 47: Configuration:0 Energy:36.60 Power:36.60 Reward:36.60 Time:9997
ETask 48: Configuration:0 Energy:29.60 Power:29.60 Reward:29.60 Time:10038
ETask 49: Configuration:0 Energy:32.40 Power:32.40 Reward:32.40 Time:9987
ETask 50: Configuration:0 Energy:40.70 Power:40.70 Reward:40.70 Time:10015
ETask 51: Configuration:0 Energy:37.30 Power:37.30 Reward:37.30 Time:10005
ETask 52: Configuration:0 Energy:29.10 Power:29.10 Reward:29.10 Time:10037
ETask 53: Configuration:0 Energy:33.30 Power:33.30 Reward:33.30 Time:9987
ETask 54: Configuration:0 Energy:39.90 Power:39.90 Reward:39.90 Time:10028
ETask 55: Configuration:0 Energy:39.00 Power:39.00 Reward:39.00 Time:10006
ETask 56: Configuration:0 Energy:30.80 Power:30.80 Reward:30.80 Time:10039
ETask 57: Configuration:0 Energy:32.60 Power:32.60 Reward:32.60 Time:9975
ETask 58: Configuration:0 Energy:41.20 Power:41.20 Reward:41.20 Time:10026
ETask 59: Configuration:0 Energy:37.80 Power:37.80 Reward:37.80 Time:10002
ETask 60: Configuration:0 Energy:29.50 Power:29.50 Reward:29.50 Time:10025
ETask 61: Configuration:0 Energy:33.50 Power:33.50 Reward:33.50 Time:9995
ETask 62: Configuration:0 Energy:41.20 Power:41.20 Reward:41.20 Time:10024
ETask 63: Configuration:0 Energy:36.00 Power:36.00 Reward:36.00 Time:10000
ETask 64: Configuration:0 Energy:28.90 Power:28.90 Reward:28.90 Time:10038
ETask 65: Configuration:0 Energy:33.20 Power:33.20 Reward:33.20 Time:9997
ETask 66: Configuration:0 Energy:40.20 Power:40.20 Reward:40.20 Time:10022
STOKE: End Bat: 1.000000
STOKE: Usage Bat: 0.000000
ERun: Reward:1869.50 PostConfigReward:0.00 Time:549017
