STOKE: Start Bat: 1.000000
ETask 61: Configuration:0 Energy:7.40 Power:7.40 Reward:7.40 Time:1990
ETask 62: Configuration:0 Energy:7.50 Power:7.50 Reward:7.50 Time:2016
ETask 63: Configuration:0 Energy:7.70 Power:7.70 Reward:7.70 Time:1991
ETask 64: Configuration:0 Energy:7.70 Power:7.70 Reward:7.70 Time:2028
ETask 65: Configuration:0 Energy:7.20 Power:7.20 Reward:7.20 Time:1970
ETask 66: Configuration:0 Energy:7.50 Power:7.50 Reward:7.50 Time:2019
ETask 67: Configuration:0 Energy:7.60 Power:7.60 Reward:7.60 Time:1989
ETask 68: Configuration:0 Energy:7.50 Power:7.50 Reward:7.50 Time:2032
ETask 69: Configuration:0 Energy:7.10 Power:7.10 Reward:7.10 Time:1995
ETask 70: Configuration:0 Energy:7.30 Power:7.30 Reward:7.30 Time:2022
ETask 71: Configuration:0 Energy:7.70 Power:7.70 Reward:7.70 Time:1990
ETask 72: Configuration:0 Energy:7.60 Power:7.60 Reward:7.60 Time:2034
ETask 73: Configuration:0 Energy:7.10 Power:7.10 Reward:7.10 Time:1998
ETask 74: Configuration:0 Energy:7.30 Power:7.30 Reward:7.30 Time:2023
ETask 75: Configuration:0 Energy:7.70 Power:7.70 Reward:7.70 Time:1986
ETask 76: Configuration:0 Energy:7.70 Power:7.70 Reward:7.70 Time:2027
ETask 77: Configuration:0 Energy:7.10 Power:7.10 Reward:7.10 Time:1987
ETask 78: Configuration:0 Energy:7.20 Power:7.20 Reward:7.20 Time:2024
ETask 79: Configuration:0 Energy:7.50 Power:7.50 Reward:7.50 Time:1988
ETask 80: Configuration:0 Energy:7.60 Power:7.60 Reward:7.60 Time:2030
ETask 81: Configuration:0 Energy:7.10 Power:7.10 Reward:7.10 Time:1986
ETask 82: Configuration:0 Energy:7.10 Power:7.10 Reward:7.10 Time:2021
ETask 83: Configuration:0 Energy:7.50 Power:7.50 Reward:7.50 Time:1985
ETask 84: Configuration:0 Energy:7.90 Power:7.90 Reward:7.90 Time:2029
ETask 85: Configuration:0 Energy:7.50 Power:7.50 Reward:7.50 Time:1984
ETask 86: Configuration:0 Energy:7.70 Power:7.70 Reward:7.70 Time:2019
ETask 87: Configuration:0 Energy:8.00 Power:8.00 Reward:8.00 Time:1985
ETask 88: Configuration:0 Energy:7.80 Power:7.80 Reward:7.80 Time:2033
ETask 89: Configuration:0 Energy:7.30 Power:7.30 Reward:7.30 Time:1981
ETask 90: Configuration:0 Energy:7.70 Power:7.70 Reward:7.70 Time:2018
ETask 91: Configuration:0 Energy:7.90 Power:7.90 Reward:7.90 Time:1987
ETask 92: Configuration:0 Energy:8.00 Power:8.00 Reward:8.00 Time:2032
ETask 93: Configuration:0 Energy:7.60 Power:7.60 Reward:7.60 Time:1995
ETask 94: Configuration:0 Energy:7.70 Power:7.70 Reward:7.70 Time:2023
ETask 95: Configuration:0 Energy:7.80 Power:7.80 Reward:7.80 Time:1993
ETask 96: Configuration:0 Energy:7.90 Power:7.90 Reward:7.90 Time:2029
ETask 97: Configuration:0 Energy:7.30 Power:7.30 Reward:7.30 Time:1987
ETask 98: Configuration:0 Energy:7.50 Power:7.50 Reward:7.50 Time:2019
ETask 99: Configuration:0 Energy:7.90 Power:7.90 Reward:7.90 Time:1987
ETask 100: Configuration:0 Energy:7.90 Power:7.90 Reward:7.90 Time:2027
ETask 101: Configuration:0 Energy:7.30 Power:7.30 Reward:7.30 Time:1994
ETask 102: Configuration:0 Energy:7.20 Power:7.20 Reward:7.20 Time:2024
ETask 103: Configuration:0 Energy:7.70 Power:7.70 Reward:7.70 Time:1991
ETask 104: Configuration:0 Energy:7.90 Power:7.90 Reward:7.90 Time:2032
ETask 105: Configuration:0 Energy:7.40 Power:7.40 Reward:7.40 Time:1995
ETask 106: Configuration:0 Energy:7.50 Power:7.50 Reward:7.50 Time:2022
ETask 107: Configuration:0 Energy:7.70 Power:7.70 Reward:7.70 Time:1979
ETask 108: Configuration:0 Energy:7.80 Power:7.80 Reward:7.80 Time:2023
ETask 109: Configuration:0 Energy:7.50 Power:7.50 Reward:7.50 Time:1995
ETask 110: Configuration:0 Energy:7.60 Power:7.60 Reward:7.60 Time:2030
ETask 111: Configuration:0 Energy:7.70 Power:7.70 Reward:7.70 Time:1980
ETask 112: Configuration:0 Energy:8.00 Power:8.00 Reward:8.00 Time:2025
ETask 113: Configuration:0 Energy:7.60 Power:7.60 Reward:7.60 Time:1997
STOKE: End Bat: 1.000000
STOKE: Usage Bat: 0.000000
ERun: Reward:401.00 PostConfigReward:0.00 Time:107808
