STOKE: Range:9000 Partition:2250 Middle:5500
STOKE: Generated seeds: [10000, 7750, 5500, 3250, 1000]
==RUN 0==
==ROUND-START==
Bandit Runs:1 Tasks-in-Run:10
Self-Optimizer Rounds:0 Tasks-in-Round:0
Continuous Knob Rounds:Inf Tasks-in-Round:0
STOKE: Start Bat: 0.960000
ETask 1: Configuration:0 Energy:43.67220025934999 Reward:14.356226772770153 Raw:15.643773227229847 Time:32506 TotalReward:43.67220025934999
ETask 2: Configuration:0 Energy:43.213094373474995 Reward:14.520682612486569 Raw:15.479317387513431 Time:32508 TotalReward:86.88529463282498
ETask 3: Configuration:1 Energy:111.71980846259999 Reward:-10.019035867199989 Raw:40.01903586719999 Time:32547 TotalReward:198.60510309542497
ETask 4: Configuration:1 Energy:91.48725298818 Reward:-2.771553309198808 Raw:32.77155330919881 Time:32505 TotalReward:290.09235608360495
ETask 5: Configuration:2 Energy:55.226087227440004 Reward:10.217520993155816 Raw:19.782479006844184 Time:32554 TotalReward:345.318443311045
ETask 6: Configuration:2 Energy:44.688264966 Reward:13.992263295761195 Raw:16.007736704238805 Time:32506 TotalReward:390.006708277045
ETask 7: Configuration:3 Energy:55.83819229253999 Reward:9.998259477299104 Raw:20.001740522700896 Time:32538 TotalReward:445.844900569585
ETask 8: Configuration:3 Energy:43.12138570271999 Reward:14.55353347962269 Raw:15.44646652037731 Time:32508 TotalReward:488.96628627230496
ETask 9: Configuration:4 Energy:77.40621587088 Reward:2.2724002850579126 Raw:27.727599714942087 Time:32543 TotalReward:566.372502143185
ETask 10: Configuration:4 Energy:76.40490830867998 Reward:2.63107762077135 Raw:27.36892237922865 Time:32506 TotalReward:642.777410451865
ETask 11: Configuration:2 Energy:39.86072786304 Reward:15.721530317717017 Raw:14.278469682282983 Time:32560 TotalReward:682.638138314905
ETask 12: Configuration:2 Energy:55.0470424284 Reward:10.281656443558209 Raw:19.71834355644179 Time:32506 TotalReward:737.685180743305
ETask 13: Configuration:3 Energy:52.487542308239995 Reward:11.198492307496121 Raw:18.80150769250388 Time:32536 TotalReward:790.172723051545
ETask 14: Configuration:2 Energy:46.903702849469994 Reward:13.198673606160003 Raw:16.801326393839997 Time:32545 TotalReward:837.076425901015
ETask 15: Configuration:2 Energy:41.786746144 Reward:15.031613321552237 Raw:14.968386678447763 Time:32504 TotalReward:878.863172045015
ETask 16: Configuration:4 Energy:83.02293329407999 Reward:0.2604418051056747 Raw:29.739558194894325 Time:32533 TotalReward:961.8861053390949
STOKE: 0 convergence rate 0.12
STOKE: 1 convergence rate 0.12
STOKE: 2 convergence rate 0.38
STOKE: 3 convergence rate 0.19
STOKE: 4 convergence rate 0.19
STOKE: minQ:1.72 minInd:4
STOKE: minId:4
ETask 17: Configuration:0 Energy:37.211337072 Reward:16.670565824955226 Raw:13.329434175044776 Time:32533 TotalReward:999.0974424110949
STOKE: 0 convergence rate 0.18
STOKE: 1 convergence rate 0.12
STOKE: 2 convergence rate 0.35
STOKE: 3 convergence rate 0.18
STOKE: 4 convergence rate 0.18
STOKE: minQ:1.72 minInd:4
STOKE: minId:4
ETask 18: Configuration:1 Energy:38.51358281472 Reward:16.204089738010744 Raw:13.795910261989254 Time:32543 TotalReward:1037.611025225815
STOKE: 0 convergence rate 0.17
STOKE: 1 convergence rate 0.17
STOKE: 2 convergence rate 0.33
STOKE: 3 convergence rate 0.17
STOKE: 4 convergence rate 0.17
STOKE: minQ:1.14 minInd:1
STOKE: minId:1
ETask 19: Configuration:2 Energy:40.09093178688 Reward:15.639069210669852 Raw:14.360930789330148 Time:32548 TotalReward:1077.701957012695
STOKE: 0 convergence rate 0.16
STOKE: 1 convergence rate 0.16
STOKE: 2 convergence rate 0.37
STOKE: 3 convergence rate 0.16
STOKE: 4 convergence rate 0.16
STOKE: minQ:1.14 minInd:1
STOKE: minId:1
ETask 20: Configuration:0 Energy:91.66928118400001 Reward:-2.8367574390447814 Raw:32.83675743904478 Time:32543 TotalReward:1169.371238196695
STOKE: 0 convergence rate 0.20
STOKE: 1 convergence rate 0.15
STOKE: 2 convergence rate 0.35
STOKE: 3 convergence rate 0.15
STOKE: 4 convergence rate 0.15
STOKE: minQ:1.14 minInd:1
STOKE: minId:1
ETask 21: Configuration:3 Energy:39.335738507520006 Reward:15.909586206261489 Raw:14.090413793738511 Time:32537 TotalReward:1208.706976704215
STOKE: 0 convergence rate 0.19
STOKE: 1 convergence rate 0.14
STOKE: 2 convergence rate 0.33
STOKE: 3 convergence rate 0.19
STOKE: 4 convergence rate 0.14
STOKE: minQ:1.14 minInd:1
STOKE: minId:1
ETask 22: Configuration:1 Energy:38.834431858559995 Reward:16.08915873723224 Raw:13.91084126276776 Time:32547 TotalReward:1247.5414085627751
STOKE: 0 convergence rate 0.18
STOKE: 1 convergence rate 0.18
STOKE: 2 convergence rate 0.32
STOKE: 3 convergence rate 0.18
STOKE: 4 convergence rate 0.14
STOKE: minQ:1.72 minInd:4
STOKE: minId:4
ETask 23: Configuration:4 Energy:79.68650287103999 Reward:1.4555810611199966 Raw:28.544418938880003 Time:32526 TotalReward:1327.227911433815
STOKE: 0 convergence rate 0.17
STOKE: 1 convergence rate 0.17
STOKE: 2 convergence rate 0.30
STOKE: 3 convergence rate 0.17
STOKE: 4 convergence rate 0.17
STOKE: minQ:1.65 minInd:4
STOKE: minId:4
ETask 24: Configuration:4 Energy:107.18706260218 Reward:-8.395365708243581 Raw:38.39536570824358 Time:32503 TotalReward:1434.414974035995
STOKE: 0 convergence rate 0.17
STOKE: 1 convergence rate 0.17
STOKE: 2 convergence rate 0.29
STOKE: 3 convergence rate 0.17
STOKE: 4 convergence rate 0.21
STOKE: minQ:0.36 minInd:4
STOKE: minId:4
ETask 25: Configuration:1 Energy:53.66625256607999 Reward:10.776267737523582 Raw:19.223732262476418 Time:32545 TotalReward:1488.081226602075
STOKE: 0 convergence rate 0.16
STOKE: 1 convergence rate 0.20
STOKE: 2 convergence rate 0.28
STOKE: 3 convergence rate 0.16
STOKE: 4 convergence rate 0.20
STOKE: minQ:0.36 minInd:4
STOKE: minId:4
ETask 26: Configuration:4 Energy:105.7775777333 Reward:-7.890475605958208 Raw:37.89047560595821 Time:32524 TotalReward:1593.858804335375
STOKE: 0 convergence rate 0.15
STOKE: 1 convergence rate 0.19
STOKE: 2 convergence rate 0.27
STOKE: 3 convergence rate 0.15
STOKE: 4 convergence rate 0.23
STOKE: minQ:1.61 minInd:4
STOKE: minId:4
ETask 27: Configuration:0 Energy:55.640817316062 Reward:10.068960961410625 Raw:19.931039038589375 Time:32547 TotalReward:1649.4996216514369
STOKE: 0 convergence rate 0.19
STOKE: 1 convergence rate 0.19
STOKE: 2 convergence rate 0.26
STOKE: 3 convergence rate 0.15
STOKE: 4 convergence rate 0.22
STOKE: minQ:1.61 minInd:4
STOKE: minId:4
ETask 28: Configuration:4 Energy:123.62968598877599 Reward:-14.285260652695875 Raw:44.285260652695875 Time:32535 TotalReward:1773.1293076402128
STOKE: 0 convergence rate 0.18
STOKE: 1 convergence rate 0.18
STOKE: 2 convergence rate 0.25
STOKE: 3 convergence rate 0.14
STOKE: 4 convergence rate 0.25
STOKE: minQ:3.42 minInd:4
STOKE: minId:4
ETask 29: Configuration:4 Energy:86.231114365088 Reward:-0.8887573845091374 Raw:30.888757384509137 Time:32504 TotalReward:1859.3604220053007
STOKE: 0 convergence rate 0.17
STOKE: 1 convergence rate 0.17
STOKE: 2 convergence rate 0.24
STOKE: 3 convergence rate 0.14
STOKE: 4 convergence rate 0.28
STOKE: minQ:3.11 minInd:4
STOKE: minId:4
ETask 30: Configuration:4 Energy:89.14601131460199 Reward:-1.932899575379814 Raw:31.932899575379814 Time:32502 TotalReward:1948.5064333199027
STOKE: 0 convergence rate 0.17
STOKE: 1 convergence rate 0.17
STOKE: 2 convergence rate 0.23
STOKE: 3 convergence rate 0.13
STOKE: 4 convergence rate 0.30
STOKE: minQ:2.97 minInd:4
STOKE: minId:4
ETask 31: Configuration:4 Energy:77.11909282683598 Reward:2.3752503306856205 Raw:27.62474966931438 Time:32503 TotalReward:2025.6255261467386
STOKE: 0 convergence rate 0.16
STOKE: 1 convergence rate 0.16
STOKE: 2 convergence rate 0.23
STOKE: 3 convergence rate 0.13
STOKE: 4 convergence rate 0.32
STOKE: minQ:2.44 minInd:4
STOKE: minId:4
STOKE: shouldConverge:false tickUp:true
STOKE: Tightening intervals (empty round)
STOKE: Config: 0 - Knobs: {interval:10000 priority:100 sensor-configuration:1 batch:1 }  | -- on:5 reward:10.5559
STOKE: Config: 1 - Knobs: {interval:7750 priority:100 sensor-configuration:1 batch:1 }  | -- on:5 reward:6.0558
STOKE: Config: 2 - Knobs: {interval:5500 priority:100 sensor-configuration:1 batch:1 }  | -- on:7 reward:13.4403
STOKE: Config: 3 - Knobs: {interval:3250 priority:100 sensor-configuration:1 batch:1 }  | -- on:4 reward:12.9150
STOKE: Config: 4 - Knobs: {interval:1000 priority:100 sensor-configuration:1 batch:1 }  | -- on:10 reward:-2.4398
==ROUND-END==
STOKE: Range:4500 Partition:1125 Middle:1000
STOKE: Generated seeds before boundary adjust: [3250, 2125, 1000]
STOKE: Generated seeds: [3250, 2125, 1750, 1375, 1000]
STOKE: Config: 0 - Knobs: {interval:3250 priority:100 sensor-configuration:1 batch:1 }  | -- on:4 reward:12.9150
STOKE: Config: 1 - Knobs: {interval:2125 priority:100 sensor-configuration:1 batch:1 }  | -- on:0 reward:0.0000
STOKE: Config: 2 - Knobs: {interval:1750 priority:100 sensor-configuration:1 batch:1 }  | -- on:0 reward:0.0000
STOKE: Config: 3 - Knobs: {interval:1375 priority:100 sensor-configuration:1 batch:1 }  | -- on:0 reward:0.0000
STOKE: Config: 4 - Knobs: {interval:1000 priority:100 sensor-configuration:1 batch:1 }  | -- on:10 reward:-2.4398
==ROUND-START==
ETask 1: Configuration:0 Energy:84.93175419462 Reward:-0.4233149353862693 Raw:30.42331493538627 Time:32533 TotalReward:84.93175419462
ETask 2: Configuration:0 Energy:78.25673784341703 Reward:1.9677356978804674 Raw:28.032264302119533 Time:32504 TotalReward:163.18849203803703
ETask 3: Configuration:1 Energy:82.66350236907901 Reward:0.3891931812254299 Raw:29.61080681877457 Time:32551 TotalReward:245.85199440711602
ETask 4: Configuration:1 Energy:39.374060667171996 Reward:15.895858865490627 Raw:14.104141134509373 Time:32505 TotalReward:285.226055074288
ETask 5: Configuration:2 Energy:79.045119964445 Reward:1.685330161989853 Raw:28.314669838010147 Time:32543 TotalReward:364.271175038733
ETask 6: Configuration:2 Energy:80.500575859002 Reward:1.16397282662615 Raw:28.83602717337385 Time:32505 TotalReward:444.77175089773505
ETask 7: Configuration:3 Energy:80.08687663800401 Reward:1.312163592356768 Raw:28.687836407643232 Time:32537 TotalReward:524.8586275357391
ETask 8: Configuration:3 Energy:80.20759547856 Reward:1.2689210226053724 Raw:28.731078977394628 Time:32502 TotalReward:605.0662230142991
ETask 9: Configuration:4 Energy:78.1838623488 Reward:1.9938403526686557 Raw:28.006159647331344 Time:32537 TotalReward:683.2500853630991
ETask 10: Configuration:4 Energy:78.12490213415998 Reward:2.014960429554634 Raw:27.985039570445366 Time:32502 TotalReward:761.3749874972591
ETask 11: Configuration:1 Energy:77.86205972135998 Reward:2.1091129356322433 Raw:27.890887064367757 Time:32541 TotalReward:839.2370472186191
ETask 12: Configuration:0 Energy:40.19371053119999 Reward:15.602252944047768 Raw:14.397747055952232 Time:32534 TotalReward:879.430757749819
ETask 13: Configuration:2 Energy:94.54099032431999 Reward:-3.8654293699056694 Raw:33.86542936990567 Time:32536 TotalReward:973.971748074139
ETask 14: Configuration:4 Energy:106.31940380832 Reward:-8.084562558204183 Raw:38.08456255820418 Time:32534 TotalReward:1080.291151882459
ETask 15: Configuration:2 Energy:95.81775283943999 Reward:-4.322777136515825 Raw:34.322777136515825 Time:32539 TotalReward:1176.1089047218989
ETask 16: Configuration:4 Energy:100.94140893393899 Reward:-6.158116633052771 Raw:36.15811663305277 Time:32534 TotalReward:1277.0503136558377
STOKE: 0 convergence rate 0.19
STOKE: 1 convergence rate 0.19
STOKE: 2 convergence rate 0.25
STOKE: 3 convergence rate 0.12
STOKE: 4 convergence rate 0.25
STOKE: minQ:1.29 minInd:3
STOKE: minId:3
ETask 17: Configuration:3 Energy:92.22641527427999 Reward:-3.036327859443581 Raw:33.03632785944358 Time:32545 TotalReward:1369.2767289301178
STOKE: 0 convergence rate 0.18
STOKE: 1 convergence rate 0.18
STOKE: 2 convergence rate 0.24
STOKE: 3 convergence rate 0.18
STOKE: 4 convergence rate 0.24
STOKE: minQ:0.15 minInd:3
STOKE: minId:3
ETask 18: Configuration:0 Energy:81.96696438333902 Reward:0.6386993253710962 Raw:29.361300674628904 Time:32553 TotalReward:1451.2436933134568
STOKE: 0 convergence rate 0.22
STOKE: 1 convergence rate 0.17
STOKE: 2 convergence rate 0.22
STOKE: 3 convergence rate 0.17
STOKE: 4 convergence rate 0.22
STOKE: minQ:0.15 minInd:3
STOKE: minId:3
ETask 19: Configuration:4 Energy:76.65859958064001 Reward:2.5402031352931296 Raw:27.45979686470687 Time:32528 TotalReward:1527.9022928940967
STOKE: 0 convergence rate 0.21
STOKE: 1 convergence rate 0.16
STOKE: 2 convergence rate 0.21
STOKE: 3 convergence rate 0.16
STOKE: 4 convergence rate 0.26
STOKE: minQ:0.15 minInd:3
STOKE: minId:3
ETask 20: Configuration:3 Energy:90.44543466621599 Reward:-2.398364656554982 Raw:32.39836465655498 Time:32531 TotalReward:1618.3477275603127
STOKE: 0 convergence rate 0.20
STOKE: 1 convergence rate 0.15
STOKE: 2 convergence rate 0.20
STOKE: 3 convergence rate 0.20
STOKE: 4 convergence rate 0.25
STOKE: minQ:0.71 minInd:3
STOKE: minId:3
ETask 21: Configuration:3 Energy:85.68174099284799 Reward:-0.691966922811222 Raw:30.691966922811222 Time:32505 TotalReward:1704.0294685531608
STOKE: 0 convergence rate 0.19
STOKE: 1 convergence rate 0.14
STOKE: 2 convergence rate 0.19
STOKE: 3 convergence rate 0.24
STOKE: 4 convergence rate 0.24
STOKE: minQ:0.71 minInd:3
STOKE: minId:3
ETask 22: Configuration:2 Energy:86.2954783768 Reward:-0.9118131498985065 Raw:30.911813149898506 Time:32538 TotalReward:1790.3249469299608
STOKE: 0 convergence rate 0.18
STOKE: 1 convergence rate 0.14
STOKE: 2 convergence rate 0.23
STOKE: 3 convergence rate 0.23
STOKE: 4 convergence rate 0.23
STOKE: minQ:0.71 minInd:3
STOKE: minId:3
ETask 23: Configuration:3 Energy:119.74961893593999 Reward:-12.895385887500886 Raw:42.895385887500886 Time:32545 TotalReward:1910.0745658659007
STOKE: 0 convergence rate 0.17
STOKE: 1 convergence rate 0.13
STOKE: 2 convergence rate 0.22
STOKE: 3 convergence rate 0.26
STOKE: 4 convergence rate 0.22
STOKE: minQ:1.25 minInd:2
STOKE: minId:2
ETask 24: Configuration:3 Energy:80.98222148532001 Reward:0.9914430500346256 Raw:29.008556949965374 Time:32503 TotalReward:1991.0567873512207
STOKE: 0 convergence rate 0.17
STOKE: 1 convergence rate 0.12
STOKE: 2 convergence rate 0.21
STOKE: 3 convergence rate 0.29
STOKE: 4 convergence rate 0.21
STOKE: minQ:1.25 minInd:2
STOKE: minId:2
ETask 25: Configuration:2 Energy:87.34330246435 Reward:-1.2871531215582124 Raw:31.287153121558212 Time:32537 TotalReward:2078.4000898155705
STOKE: 0 convergence rate 0.16
STOKE: 1 convergence rate 0.12
STOKE: 2 convergence rate 0.24
STOKE: 3 convergence rate 0.28
STOKE: 4 convergence rate 0.20
STOKE: minQ:1.26 minInd:2
STOKE: minId:2
ETask 26: Configuration:2 Energy:90.147298102575 Reward:-2.291569469579109 Raw:32.29156946957911 Time:32503 TotalReward:2168.5473879181454
STOKE: 0 convergence rate 0.15
STOKE: 1 convergence rate 0.12
STOKE: 2 convergence rate 0.27
STOKE: 3 convergence rate 0.27
STOKE: 4 convergence rate 0.19
STOKE: minQ:1.40 minInd:2
STOKE: minId:2
ETask 27: Configuration:2 Energy:86.15346545547 Reward:-0.8609428497205975 Raw:30.860942849720598 Time:32501 TotalReward:2254.7008533736152
STOKE: 0 convergence rate 0.15
STOKE: 1 convergence rate 0.11
STOKE: 2 convergence rate 0.30
STOKE: 3 convergence rate 0.26
STOKE: 4 convergence rate 0.19
STOKE: minQ:1.34 minInd:2
STOKE: minId:2
ETask 28: Configuration:2 Energy:34.93027400112499 Reward:17.487663044373136 Raw:12.512336955626862 Time:32505 TotalReward:2289.63112737474
STOKE: 0 convergence rate 0.14
STOKE: 1 convergence rate 0.11
STOKE: 2 convergence rate 0.32
STOKE: 3 convergence rate 0.25
STOKE: 4 convergence rate 0.18
STOKE: minQ:0.76 minInd:2
STOKE: minId:2
ETask 29: Configuration:2 Energy:77.86221468806 Reward:2.10905742517253 Raw:27.89094257482747 Time:32502 TotalReward:2367.4933420628
STOKE: 0 convergence rate 0.14
STOKE: 1 convergence rate 0.10
STOKE: 2 convergence rate 0.34
STOKE: 3 convergence rate 0.24
STOKE: 4 convergence rate 0.17
STOKE: minQ:0.89 minInd:2
STOKE: minId:2
ETask 30: Configuration:2 Energy:76.71812279788801 Reward:2.5188813858311576 Raw:27.481118614168842 Time:32502 TotalReward:2444.211464860688
STOKE: 0 convergence rate 0.13
STOKE: 1 convergence rate 0.10
STOKE: 2 convergence rate 0.37
STOKE: 3 convergence rate 0.23
STOKE: 4 convergence rate 0.17
STOKE: minQ:1.04 minInd:2
STOKE: minId:2
ETask 31: Configuration:2 Energy:86.10460854598801 Reward:-0.8434418672195818 Raw:30.843441867219582 Time:32502 TotalReward:2530.316073406676
STOKE: 0 convergence rate 0.13
STOKE: 1 convergence rate 0.10
STOKE: 2 convergence rate 0.39
STOKE: 3 convergence rate 0.23
STOKE: 4 convergence rate 0.16
STOKE: minQ:0.88 minInd:2
STOKE: minId:2
STOKE: shouldConverge:false tickUp:true
STOKE: At threshold 0.88
ETask 32: Configuration:2 Energy:122.73271092280001 Reward:-13.963956151450752 Raw:43.96395615145075 Time:32504 TotalReward:2653.048784329476
STOKE: 0 convergence rate 0.12
STOKE: 1 convergence rate 0.09
STOKE: 2 convergence rate 0.41
STOKE: 3 convergence rate 0.22
STOKE: 4 convergence rate 0.16
STOKE: minQ:0.26 minInd:2
STOKE: minId:2
STOKE: shouldConverge:false tickUp:true
STOKE: At threshold 0.26
ETask 33: Configuration:2 Energy:90.24656849129602 Reward:-2.3271290118075285 Raw:32.32712901180753 Time:32504 TotalReward:2743.2953528207718
STOKE: 0 convergence rate 0.12
STOKE: 1 convergence rate 0.09
STOKE: 2 convergence rate 0.42
STOKE: 3 convergence rate 0.21
STOKE: 4 convergence rate 0.15
STOKE: minQ:0.41 minInd:2
STOKE: minId:2
STOKE: shouldConverge:false tickUp:true
STOKE: At threshold 0.41
ETask 34: Configuration:3 Energy:93.320938781136 Reward:-3.428395981302451 Raw:33.42839598130245 Time:32535 TotalReward:2836.616291601908
STOKE: 0 convergence rate 0.12
STOKE: 1 convergence rate 0.09
STOKE: 2 convergence rate 0.41
STOKE: 3 convergence rate 0.24
STOKE: 4 convergence rate 0.15
STOKE: minQ:0.41 minInd:2
STOKE: minId:2
STOKE: shouldConverge:false tickUp:true
STOKE: At threshold 0.41
ETask 35: Configuration:2 Energy:77.47770427790401 Reward:2.246792497467222 Raw:27.753207502532778 Time:32530 TotalReward:2914.093995879812
STOKE: 0 convergence rate 0.11
STOKE: 1 convergence rate 0.09
STOKE: 2 convergence rate 0.43
STOKE: 3 convergence rate 0.23
STOKE: 4 convergence rate 0.14
STOKE: minQ:0.23 minInd:2
STOKE: minId:2
STOKE: shouldConverge:false tickUp:true
STOKE: At threshold 0.23
ETask 36: Configuration:2 Energy:50.00773827211601 Reward:12.086780320436056 Raw:17.913219679563944 Time:32503 TotalReward:2964.101734151928
STOKE: 0 convergence rate 0.11
STOKE: 1 convergence rate 0.08
STOKE: 2 convergence rate 0.44
STOKE: 3 convergence rate 0.22
STOKE: 4 convergence rate 0.14
STOKE: minQ:0.54 minInd:2
STOKE: minId:2
STOKE: shouldConverge:false tickUp:true
STOKE: At threshold 0.54
ETask 37: Configuration:2 Energy:77.99800619520002 Reward:2.0604156912716327 Raw:27.939584308728367 Time:32504 TotalReward:3042.0997403471283
STOKE: 0 convergence rate 0.11
STOKE: 1 convergence rate 0.08
STOKE: 2 convergence rate 0.46
STOKE: 3 convergence rate 0.22
STOKE: 4 convergence rate 0.14
STOKE: minQ:0.63 minInd:2
STOKE: minId:2
STOKE: shouldConverge:false tickUp:true
STOKE: At threshold 0.63
ETask 38: Configuration:2 Energy:81.26805625488001 Reward:0.8890544758638761 Raw:29.110945524136124 Time:32503 TotalReward:3123.367796602008
STOKE: 0 convergence rate 0.11
STOKE: 1 convergence rate 0.08
STOKE: 2 convergence rate 0.47
STOKE: 3 convergence rate 0.21
STOKE: 4 convergence rate 0.13
STOKE: minQ:0.64 minInd:2
STOKE: minId:2
STOKE: shouldConverge:false tickUp:true
STOKE: At threshold 0.64
ETask 39: Configuration:2 Energy:78.59501233920001 Reward:1.846562744167155 Raw:28.153437255832845 Time:32506 TotalReward:3201.962808941208
STOKE: 0 convergence rate 0.10
STOKE: 1 convergence rate 0.08
STOKE: 2 convergence rate 0.49
STOKE: 3 convergence rate 0.21
STOKE: 4 convergence rate 0.13
STOKE: minQ:0.71 minInd:2
STOKE: minId:2
STOKE: shouldConverge:false tickUp:true
STOKE: At threshold 0.71
ETask 40: Configuration:2 Energy:74.603914583328 Reward:3.2762097014944445 Raw:26.723790298505556 Time:32503 TotalReward:3276.566723524536
STOKE: 0 convergence rate 0.10
STOKE: 1 convergence rate 0.08
STOKE: 2 convergence rate 0.50
STOKE: 3 convergence rate 0.20
STOKE: 4 convergence rate 0.12
STOKE: minQ:0.83 minInd:2
STOKE: minId:2
STOKE: shouldConverge:false tickUp:true
STOKE: At threshold 0.83
ETask 41: Configuration:2 Energy:76.110478546192 Reward:2.736544998378985 Raw:27.263455001621015 Time:32504 TotalReward:3352.677202070728
STOKE: 0 convergence rate 0.10
STOKE: 1 convergence rate 0.07
STOKE: 2 convergence rate 0.51
STOKE: 3 convergence rate 0.20
STOKE: 4 convergence rate 0.12
STOKE: minQ:0.93 minInd:2
STOKE: minId:2
STOKE: shouldConverge:false tickUp:true
STOKE: At threshold 0.93
ETask 42: Configuration:2 Energy:84.96399356639999 Reward:-0.43486336706865103 Raw:30.43486336706865 Time:32503 TotalReward:3437.641195637128
STOKE: 0 convergence rate 0.10
STOKE: 1 convergence rate 0.07
STOKE: 2 convergence rate 0.52
STOKE: 3 convergence rate 0.19
STOKE: 4 convergence rate 0.12
STOKE: minQ:0.86 minInd:2
STOKE: minId:2
STOKE: shouldConverge:false tickUp:true
STOKE: At threshold 0.86
ETask 43: Configuration:2 Energy:76.45877055575998 Reward:2.6117836815188085 Raw:27.38821631848119 Time:32503 TotalReward:3514.099966192888
STOKE: 0 convergence rate 0.09
STOKE: 1 convergence rate 0.07
STOKE: 2 convergence rate 0.53
STOKE: 3 convergence rate 0.19
STOKE: 4 convergence rate 0.12
STOKE: minQ:0.94 minInd:2
STOKE: minId:2
STOKE: shouldConverge:false tickUp:true
STOKE: At threshold 0.94
ETask 44: Configuration:2 Energy:75.09635660735998 Reward:3.0998125585576233 Raw:26.900187441442377 Time:32503 TotalReward:3589.1963228002483
STOKE: 0 convergence rate 0.09
STOKE: 1 convergence rate 0.07
STOKE: 2 convergence rate 0.55
STOKE: 3 convergence rate 0.18
STOKE: 4 convergence rate 0.11
STOKE: minQ:1.03 minInd:2
STOKE: minId:2
STOKE: shouldConverge:false tickUp:true
STOKE: Last/Min -- -2.4398 -- 1.0296
STOKE: Crossing boundary Last:1000 This:1750
STOKE: Config: 0 - Knobs: {interval:3250 priority:100 sensor-configuration:1 batch:1 }  | -- on:8 reward:8.6807
STOKE: Config: 1 - Knobs: {interval:2125 priority:100 sensor-configuration:1 batch:1 }  | -- on:3 reward:6.1314
STOKE: Config: 2 - Knobs: {interval:1750 priority:100 sensor-configuration:1 batch:1 }  | -- on:24 reward:1.0296
STOKE: Config: 3 - Knobs: {interval:1375 priority:100 sensor-configuration:1 batch:1 }  | -- on:8 reward:-2.3597
STOKE: Config: 4 - Knobs: {interval:1000 priority:100 sensor-configuration:1 batch:1 }  | -- on:15 reward:-2.1394
==ROUND-END==
STOKE: Config: 0 - Knobs: {interval:1750 priority:100 sensor-configuration:1 batch:1 }  | -- on:24 reward:1.0296
STOKE: Config: 1 - Knobs: {interval:1563 priority:100 sensor-configuration:1 batch:1 }  | -- on:0 reward:0.0000
STOKE: Config: 2 - Knobs: {interval:1376 priority:100 sensor-configuration:1 batch:1 }  | -- on:0 reward:0.0000
STOKE: Config: 3 - Knobs: {interval:1189 priority:100 sensor-configuration:1 batch:1 }  | -- on:0 reward:0.0000
STOKE: Config: 4 - Knobs: {interval:1000 priority:100 sensor-configuration:1 batch:1 }  | -- on:15 reward:-2.1394
==ROUND-START==
ETask 1: Configuration:0 Energy:76.071053165472 Reward:2.7506675228159985 Raw:27.249332477184 Time:32503 TotalReward:76.071053165472
ETask 2: Configuration:0 Energy:84.74886463444798 Reward:-0.3578022571157007 Raw:30.3578022571157 Time:32503 TotalReward:160.81991779991998
ETask 3: Configuration:1 Energy:83.92159466899199 Reward:-0.06146674710160838 Raw:30.06146674710161 Time:32539 TotalReward:244.74151246891196
ETask 4: Configuration:1 Energy:80.34338050094401 Reward:1.220281611602143 Raw:28.779718388397857 Time:32502 TotalReward:325.08489296985596
ETask 5: Configuration:2 Energy:89.65228929321599 Reward:-2.114252881151991 Raw:32.11425288115199 Time:32546 TotalReward:414.73718226307193
ETask 6: Configuration:2 Energy:105.390819789744 Reward:-7.751935447072469 Raw:37.75193544707247 Time:32504 TotalReward:520.1280020528159
ETask 7: Configuration:3 Energy:103.82113835519998 Reward:-7.189661500370143 Raw:37.18966150037014 Time:32534 TotalReward:623.9491404080159
ETask 8: Configuration:3 Energy:104.73999686592 Reward:-7.518804847493733 Raw:37.51880484749373 Time:32502 TotalReward:728.6891372739359
ETask 9: Configuration:4 Energy:86.0445511296 Reward:-0.8219287628417824 Raw:30.821928762841782 Time:32535 TotalReward:814.7336884035359
ETask 10: Configuration:4 Energy:83.99789420339201 Reward:-0.08879792360311356 Raw:30.088797923603114 Time:32503 TotalReward:898.7315826069279
ETask 11: Configuration:4 Energy:76.824535661056 Reward:2.480763345293372 Raw:27.519236654706628 Time:32502 TotalReward:975.5561182679838
ETask 12: Configuration:4 Energy:76.64030428992001 Reward:2.5467566722674597 Raw:27.45324332773254 Time:32502 TotalReward:1052.1964225579038
ETask 13: Configuration:4 Energy:87.61767557450699 Reward:-1.3854360266890744 Raw:31.385436026689074 Time:32501 TotalReward:1139.814098132411
ETask 14: Configuration:0 Energy:78.21514174492799 Reward:1.9826357928616183 Raw:28.01736420713838 Time:32542 TotalReward:1218.0292398773388
ETask 15: Configuration:1 Energy:83.98021130225999 Reward:-0.08246375006327611 Raw:30.082463750063276 Time:32541 TotalReward:1302.0094511795987
ETask 16: Configuration:1 Energy:79.9222993056 Reward:1.3711166666507424 Raw:28.628883333349258 Time:32507 TotalReward:1381.9317504851988
STOKE: 0 convergence rate 0.19
STOKE: 1 convergence rate 0.25
STOKE: 2 convergence rate 0.12
STOKE: 3 convergence rate 0.12
STOKE: 4 convergence rate 0.31
STOKE: minQ:0.61 minInd:1
STOKE: minId:1
ETask 17: Configuration:1 Energy:34.92168730362 Reward:17.490738876315227 Raw:12.509261123684775 Time:32505 TotalReward:1416.8534377888188
STOKE: 0 convergence rate 0.18
STOKE: 1 convergence rate 0.29
STOKE: 2 convergence rate 0.12
STOKE: 3 convergence rate 0.12
STOKE: 4 convergence rate 0.29
STOKE: minQ:1.08 minInd:0
STOKE: minId:0
ETask 18: Configuration:0 Energy:100.337115129216 Reward:-5.941653180614686 Raw:35.941653180614686 Time:32526 TotalReward:1517.1905529180349
STOKE: 0 convergence rate 0.22
STOKE: 1 convergence rate 0.28
STOKE: 2 convergence rate 0.11
STOKE: 3 convergence rate 0.11
STOKE: 4 convergence rate 0.28
STOKE: minQ:0.83 minInd:0
STOKE: minId:0
ETask 19: Configuration:3 Energy:76.14936307631999 Reward:2.7226162114674715 Raw:27.27738378853253 Time:32531 TotalReward:1593.339915994355
STOKE: 0 convergence rate 0.21
STOKE: 1 convergence rate 0.26
STOKE: 2 convergence rate 0.11
STOKE: 3 convergence rate 0.16
STOKE: 4 convergence rate 0.26
STOKE: minQ:0.83 minInd:0
STOKE: minId:0
ETask 20: Configuration:0 Energy:82.43311454172 Reward:0.4717201641599935 Raw:29.528279835840006 Time:32542 TotalReward:1675.7730305360749
STOKE: 0 convergence rate 0.25
STOKE: 1 convergence rate 0.25
STOKE: 2 convergence rate 0.10
STOKE: 3 convergence rate 0.15
STOKE: 4 convergence rate 0.25
STOKE: minQ:0.81 minInd:0
STOKE: minId:0
ETask 21: Configuration:1 Energy:80.63229865891199 Reward:1.1167885400912283 Raw:28.88321145990877 Time:32529 TotalReward:1756.405329194987
STOKE: 0 convergence rate 0.24
STOKE: 1 convergence rate 0.29
STOKE: 2 convergence rate 0.10
STOKE: 3 convergence rate 0.14
STOKE: 4 convergence rate 0.24
STOKE: minQ:0.81 minInd:0
STOKE: minId:0
ETask 22: Configuration:0 Energy:76.41312267808 Reward:2.6281351600907428 Raw:27.371864839909257 Time:32545 TotalReward:1832.818451873067
STOKE: 0 convergence rate 0.27
STOKE: 1 convergence rate 0.27
STOKE: 2 convergence rate 0.09
STOKE: 3 convergence rate 0.14
STOKE: 4 convergence rate 0.23
STOKE: minQ:0.87 minInd:0
STOKE: minId:0
ETask 23: Configuration:0 Energy:54.197345198094 Reward:10.586025600682746 Raw:19.413974399317254 Time:32502 TotalReward:1887.015797071161
STOKE: 0 convergence rate 0.30
STOKE: 1 convergence rate 0.26
STOKE: 2 convergence rate 0.09
STOKE: 3 convergence rate 0.13
STOKE: 4 convergence rate 0.22
STOKE: minQ:1.19 minInd:0
STOKE: minId:0
ETask 24: Configuration:2 Energy:92.25979267795502 Reward:-3.0482839443420957 Raw:33.048283944342096 Time:32530 TotalReward:1979.2755897491159
STOKE: 0 convergence rate 0.29
STOKE: 1 convergence rate 0.25
STOKE: 2 convergence rate 0.12
STOKE: 3 convergence rate 0.12
STOKE: 4 convergence rate 0.21
STOKE: minQ:1.19 minInd:0
STOKE: minId:0
ETask 25: Configuration:0 Energy:105.66930869932798 Reward:-7.851692668415993 Raw:37.85169266841599 Time:32543 TotalReward:2084.944898448444
STOKE: 0 convergence rate 0.32
STOKE: 1 convergence rate 0.24
STOKE: 2 convergence rate 0.12
STOKE: 3 convergence rate 0.12
STOKE: 4 convergence rate 0.20
STOKE: minQ:0.91 minInd:0
STOKE: minId:0
ETask 26: Configuration:0 Energy:89.76108299162999 Reward:-2.1532237581958213 Raw:32.15322375819582 Time:32503 TotalReward:2174.7059814400736
STOKE: 0 convergence rate 0.35
STOKE: 1 convergence rate 0.23
STOKE: 2 convergence rate 0.12
STOKE: 3 convergence rate 0.12
STOKE: 4 convergence rate 0.19
STOKE: minQ:0.81 minInd:0
STOKE: minId:0
ETask 27: Configuration:0 Energy:78.619183896 Reward:1.8379042760597102 Raw:28.16209572394029 Time:32504 TotalReward:2253.3251653360735
STOKE: 0 convergence rate 0.37
STOKE: 1 convergence rate 0.22
STOKE: 2 convergence rate 0.11
STOKE: 3 convergence rate 0.11
STOKE: 4 convergence rate 0.19
STOKE: minQ:0.84 minInd:0
STOKE: minId:0
ETask 28: Configuration:0 Energy:84.886152575796 Reward:-0.4069800271508086 Raw:30.40698002715081 Time:32502 TotalReward:2338.2113179118696
STOKE: 0 convergence rate 0.39
STOKE: 1 convergence rate 0.21
STOKE: 2 convergence rate 0.11
STOKE: 3 convergence rate 0.11
STOKE: 4 convergence rate 0.18
STOKE: minQ:0.81 minInd:0
STOKE: minId:0
ETask 29: Configuration:0 Energy:74.219666524107 Reward:3.4138507973348062 Raw:26.586149202665194 Time:32504 TotalReward:2412.430984435977
STOKE: 0 convergence rate 0.41
STOKE: 1 convergence rate 0.21
STOKE: 2 convergence rate 0.10
STOKE: 3 convergence rate 0.10
STOKE: 4 convergence rate 0.17
STOKE: minQ:0.88 minInd:0
STOKE: minId:0
ETask 30: Configuration:0 Energy:32.580249839786994 Reward:18.329462743956896 Raw:11.670537256043104 Time:32503 TotalReward:2445.011234275764
STOKE: 0 convergence rate 0.43
STOKE: 1 convergence rate 0.20
STOKE: 2 convergence rate 0.10
STOKE: 3 convergence rate 0.10
STOKE: 4 convergence rate 0.17
STOKE: minQ:1.35 minInd:0
STOKE: minId:0
ETask 31: Configuration:4 Energy:74.68192675437 Reward:3.248265043210747 Raw:26.751734956789253 Time:32538 TotalReward:2519.693161030134
STOKE: 0 convergence rate 0.42
STOKE: 1 convergence rate 0.19
STOKE: 2 convergence rate 0.10
STOKE: 3 convergence rate 0.10
STOKE: 4 convergence rate 0.19
STOKE: minQ:1.24 minInd:4
STOKE: minId:4
STOKE: shouldConverge:false tickUp:true
STOKE: Last/Min -- 1.0296 -- 1.2434
STOKE: Round diff: -0.2139
STOKE: Widening intervals
STOKE: Config: 0 - Knobs: {interval:1750 priority:100 sensor-configuration:1 batch:1 }  | -- on:37 reward:1.3513
STOKE: Config: 1 - Knobs: {interval:1563 priority:100 sensor-configuration:1 batch:1 }  | -- on:6 reward:3.5092
STOKE: Config: 2 - Knobs: {interval:1376 priority:100 sensor-configuration:1 batch:1 }  | -- on:3 reward:-4.3048
STOKE: Config: 3 - Knobs: {interval:1189 priority:100 sensor-configuration:1 batch:1 }  | -- on:3 reward:-3.9953
STOKE: Config: 4 - Knobs: {interval:1000 priority:100 sensor-configuration:1 batch:1 }  | -- on:21 reward:-1.2434
==ROUND-END==
STOKE: Config: 0 - Knobs: {interval:3250 priority:100 sensor-configuration:1 batch:1 }  | -- on:8 reward:8.6807
STOKE: Config: 1 - Knobs: {interval:2125 priority:100 sensor-configuration:1 batch:1 }  | -- on:3 reward:6.1314
STOKE: Config: 2 - Knobs: {interval:1750 priority:100 sensor-configuration:1 batch:1 }  | -- on:37 reward:1.3513
STOKE: Config: 3 - Knobs: {interval:1375 priority:100 sensor-configuration:1 batch:1 }  | -- on:8 reward:-2.3597
STOKE: Config: 4 - Knobs: {interval:1000 priority:100 sensor-configuration:1 batch:1 }  | -- on:21 reward:-1.2434
==ROUND-START==
ETask 1: Configuration:0 Energy:38.11121422584 Reward:16.348221769848358 Raw:13.65177823015164 Time:32531 TotalReward:38.11121422584
ETask 2: Configuration:0 Energy:98.11328899173002 Reward:-5.145058743306279 Raw:35.14505874330628 Time:32502 TotalReward:136.22450321757003
ETask 3: Configuration:1 Energy:78.97947751180001 Reward:1.7088438763701497 Raw:28.29115612362985 Time:32543 TotalReward:215.20398072937004
ETask 4: Configuration:1 Energy:37.410699507939995 Reward:16.599152415066268 Raw:13.400847584933732 Time:32507 TotalReward:252.61468023731004
ETask 5: Configuration:2 Energy:82.11296472857099 Reward:0.5864006942432276 Raw:29.413599305756772 Time:32552 TotalReward:334.72764496588104
ETask 6: Configuration:2 Energy:88.13363553287999 Reward:-1.5702575043152187 Raw:31.57025750431522 Time:32506 TotalReward:422.86128049876106
ETask 7: Configuration:3 Energy:97.03923144640198 Reward:-4.760321712143984 Raw:34.760321712143984 Time:32528 TotalReward:519.9005119451631
ETask 8: Configuration:3 Energy:82.08486817360198 Reward:0.5964651318440701 Raw:29.40353486815593 Time:32502 TotalReward:601.9853801187651
ETask 9: Configuration:4 Energy:95.82499426827601 Reward:-4.325371081173493 Raw:34.32537108117349 Time:32543 TotalReward:697.8103743870411
ETask 10: Configuration:4 Energy:80.861399069724 Reward:1.0347227212928978 Raw:28.965277278707102 Time:32503 TotalReward:778.6717734567651
ETask 11: Configuration:1 Energy:34.19038860867 Reward:17.75269661778985 Raw:12.247303382210147 Time:32539 TotalReward:812.8621620654351
ETask 12: Configuration:0 Energy:67.72089750470099 Reward:5.741768058017556 Raw:24.258231941982444 Time:32546 TotalReward:880.5830595701361
ETask 13: Configuration:4 Energy:80.706933470766 Reward:1.0900536821136768 Raw:28.909946317886323 Time:32544 TotalReward:961.2899930409021
ETask 14: Configuration:3 Energy:68.004101972304 Reward:5.6403216815627495 Raw:24.35967831843725 Time:32540 TotalReward:1029.294095013206
Hit safety!
ERun: Time:3905382
==END-RUN 0==
STOKE: Config: 0 - Knobs: {interval:3250 priority:100 sensor-configuration:1 batch:1 }  | -- on:11 reward:7.8537
STOKE: Config: 1 - Knobs: {interval:2125 priority:100 sensor-configuration:1 batch:1 }  | -- on:6 reward:9.0758
STOKE: Config: 2 - Knobs: {interval:1750 priority:100 sensor-configuration:1 batch:1 }  | -- on:39 reward:1.2568
STOKE: Config: 3 - Knobs: {interval:1375 priority:100 sensor-configuration:1 batch:1 }  | -- on:11 reward:-1.5819
STOKE: Config: 4 - Knobs: {interval:1000 priority:100 sensor-configuration:1 batch:1 }  | -- on:24 reward:-1.1797
==ROUND-END==
