==RUN 0==
Bandit Runs:1 Tasks-in-Run:50
Self-Optimizer Rounds:0 Tasks-in-Round:0
Continuous Knob Rounds:Inf Tasks-in-Round:0
STOKE: Start Bat: 0.720000
MAPSME_GPS_RATE: 10000
MAPSME_GPS_PRIORITY: High Accuracy
MAPSME_GPS_BATCH: 1x

ETask 1: Configuration:0 Energy:0.0 Power:0.0 Reward:35.02816483680001 Time:32520 TotalReward:35.02816483680001
ETask 2: Configuration:1 Energy:0.0 Power:0.0 Reward:40.3329744846 Time:32535 TotalReward:75.3611393214
ETask 3: Configuration:2 Energy:0.0 Power:0.0 Reward:78.8983909281 Time:32555 TotalReward:154.25953024950002
ETask 4: Configuration:3 Energy:0.0 Power:0.0 Reward:77.87013985878401 Time:32548 TotalReward:232.12967010828402
ETask 5: Configuration:3 Energy:0.0 Power:0.0 Reward:77.50737471477 Time:32510 TotalReward:309.637044823054
ETask 6: Configuration:3 Energy:0.0 Power:0.0 Reward:82.38464809702401 Time:32512 TotalReward:392.021692920078
ETask 7: Configuration:2 Energy:0.0 Power:0.0 Reward:78.38269409106499 Time:32543 TotalReward:470.404387011143
ETask 8: Configuration:2 Energy:0.0 Power:0.0 Reward:72.63529649739999 Time:32510 TotalReward:543.039683508543
ETask 9: Configuration:0 Energy:0.0 Power:0.0 Reward:76.735301072157 Time:32553 TotalReward:619.7749845807
ETask 10: Configuration:0 Energy:0.0 Power:0.0 Reward:85.538852390355 Time:32523 TotalReward:705.313836971055
ETask 11: Configuration:0 Energy:0.0 Power:0.0 Reward:47.880316342313 Time:32519 TotalReward:753.194153313368
ETask 12: Configuration:0 Energy:0.0 Power:0.0 Reward:33.811534326024 Time:32508 TotalReward:787.005687639392
ETask 13: Configuration:3 Energy:0.0 Power:0.0 Reward:77.05552032243001 Time:32539 TotalReward:864.061207961822
ETask 14: Configuration:0 Energy:0.0 Power:0.0 Reward:43.658427788136 Time:32563 TotalReward:907.719635749958
ETask 15: Configuration:0 Energy:0.0 Power:0.0 Reward:36.470041030332 Time:32521 TotalReward:944.18967678029
ETask 16: Configuration:0 Energy:0.0 Power:0.0 Reward:36.973254109479996 Time:32518 TotalReward:981.16293088977
ETask 17: Configuration:0 Energy:0.0 Power:0.0 Reward:35.805448315675996 Time:32519 TotalReward:1016.968379205446
ETask 18: Configuration:0 Energy:0.0 Power:0.0 Reward:35.424641057806 Time:32527 TotalReward:1052.393020263252
ETask 19: Configuration:0 Energy:0.0 Power:0.0 Reward:35.01874106931201 Time:32512 TotalReward:1087.411761332564
ETask 20: Configuration:0 Energy:0.0 Power:0.0 Reward:36.15170930189 Time:32515 TotalReward:1123.563470634454
ETask 21: Configuration:0 Energy:0.0 Power:0.0 Reward:35.54899967933599 Time:32516 TotalReward:1159.11247031379
ETask 22: Configuration:0 Energy:0.0 Power:0.0 Reward:84.73975751451601 Time:32511 TotalReward:1243.852227828306
ETask 23: Configuration:0 Energy:0.0 Power:0.0 Reward:85.83293821440002 Time:32512 TotalReward:1329.685166042706
ETask 24: Configuration:3 Energy:0.0 Power:0.0 Reward:76.73714424079999 Time:32525 TotalReward:1406.422310283506
ETask 25: Configuration:0 Energy:0.0 Power:0.0 Reward:74.9580803712 Time:32556 TotalReward:1481.380390654706
ETask 26: Configuration:0 Energy:0.0 Power:0.0 Reward:85.80559272178799 Time:32521 TotalReward:1567.1859833764938
ETask 27: Configuration:0 Energy:0.0 Power:0.0 Reward:34.00362664639201 Time:32526 TotalReward:1601.1896100228857
ETask 28: Configuration:0 Energy:0.0 Power:0.0 Reward:33.298425514200005 Time:32515 TotalReward:1634.4880355370858
ETask 29: Configuration:0 Energy:0.0 Power:0.0 Reward:35.53044919296 Time:32512 TotalReward:1670.0184847300459
ETask 30: Configuration:0 Energy:0.0 Power:0.0 Reward:34.067067168315994 Time:32513 TotalReward:1704.085551898362
ETask 31: Configuration:0 Energy:0.0 Power:0.0 Reward:36.0155174281 Time:32515 TotalReward:1740.101069326462
ETask 32: Configuration:1 Energy:0.0 Power:0.0 Reward:39.32151874464 Time:32540 TotalReward:1779.422588071102
ETask 33: Configuration:0 Energy:0.0 Power:0.0 Reward:51.920524711251 Time:32547 TotalReward:1831.3431127823528
ETask 34: Configuration:0 Energy:0.0 Power:0.0 Reward:38.06629604505599 Time:32512 TotalReward:1869.4094088274087
ETask 35: Configuration:3 Energy:0.0 Power:0.0 Reward:75.42341183887498 Time:32541 TotalReward:1944.8328206662836
ETask 36: Configuration:0 Energy:0.0 Power:0.0 Reward:35.25554472374999 Time:32565 TotalReward:1980.0883653900337
ETask 37: Configuration:0 Energy:0.0 Power:0.0 Reward:41.708615362749995 Time:32522 TotalReward:2021.7969807527836
ETask 38: Configuration:3 Energy:0.0 Power:0.0 Reward:76.946114599 Time:32534 TotalReward:2098.7430953517837
ETask 39: Configuration:0 Energy:0.0 Power:0.0 Reward:45.944839693 Time:32567 TotalReward:2144.687935044784
ETask 40: Configuration:0 Energy:0.0 Power:0.0 Reward:41.10241459425 Time:32514 TotalReward:2185.790349639034
ETask 41: Configuration:0 Energy:0.0 Power:0.0 Reward:44.55592514800001 Time:32509 TotalReward:2230.346274787034
ETask 42: Configuration:0 Energy:0.0 Power:0.0 Reward:39.509159217 Time:32516 TotalReward:2269.855434004034
ETask 43: Configuration:0 Energy:0.0 Power:0.0 Reward:41.8174960815 Time:32517 TotalReward:2311.672930085534
ETask 44: Configuration:0 Energy:0.0 Power:0.0 Reward:38.770139936625 Time:32509 TotalReward:2350.443070022159
ETask 45: Configuration:0 Energy:0.0 Power:0.0 Reward:39.7758474585 Time:32514 TotalReward:2390.218917480659
ETask 46: Configuration:0 Energy:0.0 Power:0.0 Reward:48.258410601375 Time:32517 TotalReward:2438.477328082034
ETask 47: Configuration:0 Energy:0.0 Power:0.0 Reward:91.944656786889 Time:32517 TotalReward:2530.421984868923
ETask 48: Configuration:0 Energy:0.0 Power:0.0 Reward:85.250959824384 Time:32512 TotalReward:2615.6729446933073
ETask 49: Configuration:3 Energy:0.0 Power:0.0 Reward:77.287603048158 Time:32542 TotalReward:2692.9605477414652
ETask 50: Configuration:0 Energy:0.0 Power:0.0 Reward:34.726826563742996 Time:32577 TotalReward:2727.6873743052083
ETask 51: Configuration:0 Energy:0.0 Power:0.0 Reward:34.777452129687 Time:32517 TotalReward:2762.4648264348953
ETask 52: Configuration:0 Energy:0.0 Power:0.0 Reward:80.4137987499 Time:32514 TotalReward:2842.878625184795
ETask 53: Configuration:3 Energy:0.0 Power:0.0 Reward:76.15317489779999 Time:32538 TotalReward:2919.031800082595
ETask 54: Configuration:0 Energy:0.0 Power:0.0 Reward:44.608409153000004 Time:32548 TotalReward:2963.640209235595
ETask 55: Configuration:0 Energy:0.0 Power:0.0 Reward:35.9451631616 Time:32512 TotalReward:2999.585372397195
ERun: Time:1789539
==END-RUN 0==
STOKE: Config: 0 - Knobs: {interval:10000 priority:100 sensor-configuration:1 batch:1 }  | -- on:41 joules:48.60 reward:0.90
STOKE: Config: 1 - Knobs: {interval:5000 priority:100 sensor-configuration:1 batch:1 }  | -- on:2 joules:39.83 reward:0.83
STOKE: Config: 2 - Knobs: {interval:2000 priority:100 sensor-configuration:1 batch:1 }  | -- on:3 joules:76.64 reward:0.86
STOKE: Config: 3 - Knobs: {interval:1000 priority:100 sensor-configuration:1 batch:1 }  | -- on:9 joules:77.49 reward:0.85
ERROR: We got 'done' signal before finishing experiment!
STOKE: Config: 0 - Knobs: {interval:10000 priority:100 sensor-configuration:1 batch:1 }  | -- on:41 joules:48.60 reward:0.90
STOKE: Config: 1 - Knobs: {interval:5000 priority:100 sensor-configuration:1 batch:1 }  | -- on:2 joules:39.83 reward:0.83
STOKE: Config: 2 - Knobs: {interval:2000 priority:100 sensor-configuration:1 batch:1 }  | -- on:3 joules:76.64 reward:0.86
STOKE: Config: 3 - Knobs: {interval:1000 priority:100 sensor-configuration:1 batch:1 }  | -- on:9 joules:77.49 reward:0.85
