==RUN 0==
Bandit Runs:1 Tasks-in-Run:50
Self-Optimizer Rounds:0 Tasks-in-Round:0
Continuous Knob Rounds:Inf Tasks-in-Round:0
STOKE: Start Bat: 0.490000
MAPSME_GPS_RATE: 10000
MAPSME_GPS_PRIORITY: High Accuracy
MAPSME_GPS_BATCH: 1x

ETask 1: Configuration:0 Energy:0.0 Power:0.0 Reward:41.3298912773 Time:32525 TotalReward:41.3298912773
ETask 2: Configuration:1 Energy:0.0 Power:0.0 Reward:42.675897818159996 Time:32556 TotalReward:84.00578909545999
ETask 3: Configuration:2 Energy:0.0 Power:0.0 Reward:42.6034388836 Time:32530 TotalReward:126.60922797906
ETask 4: Configuration:3 Energy:0.0 Power:0.0 Reward:82.81118655230401 Time:32542 TotalReward:209.420414531364
ETask 5: Configuration:4 Energy:0.0 Power:0.0 Reward:77.29456132755 Time:32550 TotalReward:286.714975858914
ETask 6: Configuration:5 Energy:0.0 Power:0.0 Reward:37.570713472230004 Time:32551 TotalReward:324.285689331144
ETask 7: Configuration:6 Energy:0.0 Power:0.0 Reward:85.218444588852 Time:32532 TotalReward:409.504133919996
ETask 8: Configuration:4 Energy:0.0 Power:0.0 Reward:37.70088912030901 Time:32551 TotalReward:447.205023040305
ETask 9: Configuration:4 Energy:0.0 Power:0.0 Reward:88.45596996743399 Time:32507 TotalReward:535.660993007739
ETask 10: Configuration:4 Energy:0.0 Power:0.0 Reward:38.788898100497995 Time:32513 TotalReward:574.449891108237
ETask 11: Configuration:4 Energy:0.0 Power:0.0 Reward:77.41091828652 Time:32513 TotalReward:651.860809394757
ETask 12: Configuration:4 Energy:0.0 Power:0.0 Reward:39.358281360636006 Time:32508 TotalReward:691.219090755393
ETask 13: Configuration:4 Energy:0.0 Power:0.0 Reward:38.288953567633996 Time:32506 TotalReward:729.508044323027
ETask 14: Configuration:3 Energy:0.0 Power:0.0 Reward:38.26927053595799 Time:32553 TotalReward:767.7773148589849
ETask 15: Configuration:3 Energy:0.0 Power:0.0 Reward:41.662137585705 Time:32515 TotalReward:809.4394524446899
ETask 16: Configuration:4 Energy:0.0 Power:0.0 Reward:77.954311987181 Time:32537 TotalReward:887.3937644318709
ETask 17: Configuration:1 Energy:0.0 Power:0.0 Reward:35.929321389095996 Time:32556 TotalReward:923.3230858209669
ETask 18: Configuration:4 Energy:0.0 Power:0.0 Reward:37.459183669785 Time:32535 TotalReward:960.7822694907519
ETask 19: Configuration:4 Energy:0.0 Power:0.0 Reward:58.25832666758999 Time:32510 TotalReward:1019.0405961583419
ETask 20: Configuration:4 Energy:0.0 Power:0.0 Reward:39.53161288067199 Time:32516 TotalReward:1058.5722090390138
ETask 21: Configuration:4 Energy:0.0 Power:0.0 Reward:43.284981963264 Time:32512 TotalReward:1101.857191002278
ETask 22: Configuration:6 Energy:0.0 Power:0.0 Reward:81.60350868331199 Time:32538 TotalReward:1183.4606996855898
ETask 23: Configuration:6 Energy:0.0 Power:0.0 Reward:79.086146410854 Time:32509 TotalReward:1262.546846096444
ETask 24: Configuration:6 Energy:0.0 Power:0.0 Reward:79.172153589672 Time:32506 TotalReward:1341.718999686116
ETask 25: Configuration:6 Energy:0.0 Power:0.0 Reward:80.203325268528 Time:32508 TotalReward:1421.922324954644
ETask 26: Configuration:6 Energy:0.0 Power:0.0 Reward:96.832933695234 Time:32509 TotalReward:1518.755258649878
ETask 27: Configuration:6 Energy:0.0 Power:0.0 Reward:80.13556211549398 Time:32507 TotalReward:1598.890820765372
ETask 28: Configuration:6 Energy:0.0 Power:0.0 Reward:79.29546857075998 Time:32510 TotalReward:1678.186289336132
ETask 29: Configuration:6 Energy:0.0 Power:0.0 Reward:79.47483152112 Time:32508 TotalReward:1757.661120857252
ETask 30: Configuration:6 Energy:0.0 Power:0.0 Reward:85.00158369763201 Time:32508 TotalReward:1842.662704554884
ETask 31: Configuration:6 Energy:0.0 Power:0.0 Reward:78.89890191251999 Time:32506 TotalReward:1921.5616064674039
ETask 32: Configuration:5 Energy:0.0 Power:0.0 Reward:37.569354574470005 Time:32545 TotalReward:1959.130961041874
ETask 33: Configuration:6 Energy:0.0 Power:0.0 Reward:78.35355619532702 Time:32543 TotalReward:2037.4845172372009
ETask 34: Configuration:6 Energy:0.0 Power:0.0 Reward:84.15061903692799 Time:32509 TotalReward:2121.635136274129
ETask 35: Configuration:6 Energy:0.0 Power:0.0 Reward:84.688657895112 Time:32511 TotalReward:2206.323794169241
ETask 36: Configuration:6 Energy:0.0 Power:0.0 Reward:95.11369957617599 Time:32507 TotalReward:2301.4374937454168
ETask 37: Configuration:6 Energy:0.0 Power:0.0 Reward:81.483967395936 Time:32508 TotalReward:2382.9214611413527
ETask 38: Configuration:5 Energy:0.0 Power:0.0 Reward:43.743171384887994 Time:32547 TotalReward:2426.6646325262404
ETask 39: Configuration:1 Energy:0.0 Power:0.0 Reward:43.148206802640004 Time:32570 TotalReward:2469.8128393288803
ETask 40: Configuration:6 Energy:0.0 Power:0.0 Reward:85.89643257232001 Time:32530 TotalReward:2555.7092719012003
ETask 41: Configuration:6 Energy:0.0 Power:0.0 Reward:93.61658372148 Time:32506 TotalReward:2649.32585562268
ETask 42: Configuration:6 Energy:0.0 Power:0.0 Reward:86.73752473047 Time:32507 TotalReward:2736.06338035315
ETask 43: Configuration:6 Energy:0.0 Power:0.0 Reward:78.86731087250999 Time:32507 TotalReward:2814.93069122566
ETask 44: Configuration:6 Energy:0.0 Power:0.0 Reward:80.04601731780001 Time:32510 TotalReward:2894.97670854346
ETask 45: Configuration:6 Energy:0.0 Power:0.0 Reward:78.86488470857999 Time:32506 TotalReward:2973.84159325204
ETask 46: Configuration:6 Energy:0.0 Power:0.0 Reward:82.59605825625 Time:32505 TotalReward:3056.4376515082904
ETask 47: Configuration:6 Energy:0.0 Power:0.0 Reward:81.32398002113999 Time:32510 TotalReward:3137.7616315294304
ETask 48: Configuration:5 Energy:0.0 Power:0.0 Reward:79.87544534033398 Time:32547 TotalReward:3217.6370768697643
ETask 49: Configuration:4 Energy:0.0 Power:0.0 Reward:42.879510345359996 Time:32552 TotalReward:3260.516587215124
ETask 50: Configuration:6 Energy:0.0 Power:0.0 Reward:82.745471511598 Time:32543 TotalReward:3343.262058726722
ETask 51: Configuration:6 Energy:0.0 Power:0.0 Reward:83.700974181384 Time:32508 TotalReward:3426.963032908106
ETask 52: Configuration:6 Energy:0.0 Power:0.0 Reward:84.1478542504 Time:32507 TotalReward:3511.110887158506
ETask 53: Configuration:6 Energy:0.0 Power:0.0 Reward:77.839099698528 Time:32508 TotalReward:3588.949986857034
ETask 54: Configuration:6 Energy:0.0 Power:0.0 Reward:77.37657462704 Time:32509 TotalReward:3666.3265614840743
ETask 55: Configuration:6 Energy:0.0 Power:0.0 Reward:80.91113866841201 Time:32509 TotalReward:3747.2377001524865
ETask 56: Configuration:6 Energy:0.0 Power:0.0 Reward:77.007894844608 Time:32508 TotalReward:3824.2455949970945
ETask 57: Configuration:1 Energy:0.0 Power:0.0 Reward:49.0818057548 Time:32570 TotalReward:3873.3274007518944
ETask 58: Configuration:0 Energy:0.0 Power:0.0 Reward:40.90241650060799 Time:32544 TotalReward:3914.2298172525025
ERun: Time:1887201
==END-RUN 0==
STOKE: Config: 0 - Knobs: {interval:10000 priority:100 sensor-configuration:1 batch:1 }  | -- on:2 joules:41.12 reward:0.77
STOKE: Config: 1 - Knobs: {interval:8000 priority:100 sensor-configuration:1 batch:1 }  | -- on:4 joules:42.71 reward:0.78
STOKE: Config: 2 - Knobs: {interval:5000 priority:100 sensor-configuration:1 batch:1 }  | -- on:1 joules:42.60 reward:0.78
STOKE: Config: 3 - Knobs: {interval:4000 priority:100 sensor-configuration:1 batch:1 }  | -- on:3 joules:54.25 reward:0.87
STOKE: Config: 4 - Knobs: {interval:3000 priority:100 sensor-configuration:1 batch:1 }  | -- on:13 joules:53.59 reward:0.87
STOKE: Config: 5 - Knobs: {interval:2000 priority:100 sensor-configuration:1 batch:1 }  | -- on:4 joules:49.69 reward:0.84
STOKE: Config: 6 - Knobs: {interval:1000 priority:100 sensor-configuration:1 batch:1 }  | -- on:31 joules:82.59 reward:0.90
ERROR: We got 'done' signal before finishing experiment!
STOKE: Config: 0 - Knobs: {interval:10000 priority:100 sensor-configuration:1 batch:1 }  | -- on:2 joules:41.12 reward:0.77
STOKE: Config: 1 - Knobs: {interval:8000 priority:100 sensor-configuration:1 batch:1 }  | -- on:4 joules:42.71 reward:0.78
STOKE: Config: 2 - Knobs: {interval:5000 priority:100 sensor-configuration:1 batch:1 }  | -- on:1 joules:42.60 reward:0.78
STOKE: Config: 3 - Knobs: {interval:4000 priority:100 sensor-configuration:1 batch:1 }  | -- on:3 joules:54.25 reward:0.87
STOKE: Config: 4 - Knobs: {interval:3000 priority:100 sensor-configuration:1 batch:1 }  | -- on:13 joules:53.59 reward:0.87
STOKE: Config: 5 - Knobs: {interval:2000 priority:100 sensor-configuration:1 batch:1 }  | -- on:4 joules:49.69 reward:0.84
STOKE: Config: 6 - Knobs: {interval:1000 priority:100 sensor-configuration:1 batch:1 }  | -- on:31 joules:82.59 reward:0.90
