==RUN 0==
Bandit Runs:1 Tasks-in-Run:100
Self-Optimizer Rounds:0 Tasks-in-Round:0
Continuous Knob Rounds:Inf Tasks-in-Round:0
STOKE: Start Bat: 0.570000
ETask 1-1: Configuration:0 Energy:49.588633222823994 Reward:7.236907502272004 Raw:17.763092497727996 Time:32504 TotalReward:49.588633222823994
ETask 2-2: Configuration:1 Energy:50.001438704669994 Reward:7.089036881909262 Raw:17.910963118090738 Time:32550 TotalReward:99.590071927494
ETask 3-3: Configuration:2 Energy:41.575437646012 Reward:10.107305917846446 Raw:14.892694082153554 Time:32537 TotalReward:141.165509573506
ETask 4-4: Configuration:3 Energy:37.523395158125005 Reward:11.558783823955224 Raw:13.441216176044776 Time:32543 TotalReward:178.688904731631
ETask 5-5: Configuration:4 Energy:39.12158478635399 Reward:10.986297986977675 Raw:14.013702013022325 Time:32531 TotalReward:217.810489517985
ETask 6-6: Configuration:5 Energy:38.269782477217994 Reward:11.291421202190568 Raw:13.708578797809432 Time:32567 TotalReward:256.08027199520296
ETask 7-7: Configuration:6 Energy:33.182024508966 Reward:13.113901668430088 Raw:11.886098331569912 Time:32538 TotalReward:289.26229650416894
ETask 8-8: Configuration:7 Energy:34.186954675744 Reward:12.753926683315584 Raw:12.246073316684416 Time:32553 TotalReward:323.44925117991295
ETask 9-9: Configuration:8 Energy:34.81389714198001 Reward:12.529350277499699 Raw:12.470649722500301 Time:32532 TotalReward:358.26314832189297
ETask 10-10: Configuration:9 Energy:34.70974677638 Reward:12.566657871147463 Raw:12.433342128852537 Time:32542 TotalReward:392.97289509827294
ETask 11-11: Configuration:10 Energy:26.605524418265 Reward:15.469662894949852 Raw:9.530337105050148 Time:32541 TotalReward:419.57841951653796
ETask 12-12: Configuration:11 Energy:26.267606572479995 Reward:15.590708093440002 Raw:9.409291906559998 Time:32563 TotalReward:445.846026089018
ETask 13-13: Configuration:12 Energy:28.67294560923 Reward:14.729094110126567 Raw:10.270905889873433 Time:32551 TotalReward:474.518971698248
ETask 14-14: Configuration:13 Energy:26.18236887552 Reward:15.62124099981373 Raw:9.37875900018627 Time:32540 TotalReward:500.701340573768
ETask 15-15: Configuration:14 Energy:84.5960154624 Reward:-5.303050314889553 Raw:30.303050314889553 Time:32540 TotalReward:585.297356036168
ETask 16-16: Configuration:15 Energy:48.368700334079996 Reward:7.673898387792242 Raw:17.326101612207758 Time:32533 TotalReward:633.666056370248
ETask 17-17: Configuration:16 Energy:63.1717540608 Reward:2.3713119782208985 Raw:22.6286880217791 Time:32547 TotalReward:696.8378104310481
ETask 18-18: Configuration:17 Energy:49.25330044415999 Reward:7.3570267065695525 Raw:17.642973293430448 Time:32540 TotalReward:746.0911108752081
ETask 19-19: Configuration:18 Energy:81.12824045726401 Reward:-4.060862253348301 Raw:29.0608622533483 Time:32535 TotalReward:827.2193513324721
ETask 20-20: Configuration:19 Energy:95.39644335980002 Reward:-9.171860307988062 Raw:34.17186030798806 Time:32539 TotalReward:922.6157946922722
ETask 21-21: Configuration:4 Energy:23.488011076992 Reward:16.58638409182376 Raw:8.413615908176238 Time:32557 TotalReward:946.1038057692642
ETask 22-22: Configuration:0 Energy:26.387950086432 Reward:15.547599969039286 Raw:9.452400030960714 Time:32549 TotalReward:972.4917558556963
ETask 23-23: Configuration:10 Energy:32.414901555872 Reward:13.38869197998615 Raw:11.61130802001385 Time:32557 TotalReward:1004.9066574115683
ETask 24-24: Configuration:2 Energy:33.751764273392006 Reward:12.90981578266555 Raw:12.09018421733445 Time:32529 TotalReward:1038.6584216849603
ETask 25-25: Configuration:19 Energy:83.7556378846 Reward:-5.002019540752244 Raw:30.002019540752244 Time:32522 TotalReward:1122.4140595695603
ETask 26-26: Configuration:16 Energy:34.449809189663995 Reward:12.659769842508418 Raw:12.340230157491582 Time:32548 TotalReward:1156.8638687592243
ETask 27-27: Configuration:18 Energy:93.63443676540801 Reward:-8.540693766713318 Raw:33.54069376671332 Time:32530 TotalReward:1250.4983055246323
ETask 28-28: Configuration:13 Energy:27.378299981648002 Reward:15.19284776776788 Raw:9.80715223223212 Time:32533 TotalReward:1277.8766055062804
ETask 29-29: Configuration:3 Energy:40.844387565696 Reward:10.369174603332775 Raw:14.630825396667225 Time:32543 TotalReward:1318.7209930719764
ETask 30-30: Configuration:4 Energy:26.630066113496994 Reward:15.460871839941376 Raw:9.539128160058624 Time:32530 TotalReward:1345.3510591854733
ETask 31-31: Configuration:14 Energy:86.113743898824 Reward:-5.846714232414566 Raw:30.846714232414566 Time:32527 TotalReward:1431.4648030842973
ETask 32-32: Configuration:14 Energy:102.36958542029998 Reward:-11.669702240107455 Raw:36.669702240107455 Time:32503 TotalReward:1533.8343885045972
ETask 33-33: Configuration:12 Energy:63.70565189921999 Reward:2.1800649913241834 Raw:22.819935008675817 Time:32548 TotalReward:1597.540040403817
ETask 34-34: Configuration:9 Energy:49.541236185525 Reward:7.25388554548358 Raw:17.74611445451642 Time:32529 TotalReward:1647.081276589342
ETask 35-35: Configuration:8 Energy:32.288191906737 Reward:13.434080511019582 Raw:11.565919488980418 Time:32548 TotalReward:1679.369468496079
ETask 36-36: Configuration:18 Energy:91.19032780421999 Reward:-7.665192049272832 Raw:32.66519204927283 Time:32532 TotalReward:1770.559796300299
ETask 37-37: Configuration:18 Energy:83.58173787455998 Reward:-4.939726999842378 Raw:29.939726999842378 Time:32503 TotalReward:1854.141534174859
ETask 38-38: Configuration:16 Energy:78.60636856519199 Reward:-3.157505157680717 Raw:28.157505157680717 Time:32540 TotalReward:1932.7479027400511
ETask 39-39: Configuration:10 Energy:27.182473645012 Reward:15.262994515219582 Raw:9.737005484780418 Time:32565 TotalReward:1959.930376385063
ETask 40-40: Configuration:16 Energy:33.12248119869001 Reward:13.135230615394626 Raw:11.864769384605374 Time:32547 TotalReward:1993.052857583753
ETask 41-41: Configuration:16 Energy:32.933363902109996 Reward:13.202974124617313 Raw:11.797025875382687 Time:32508 TotalReward:2025.9862214858629
ETask 42-42: Configuration:17 Energy:46.057684718885 Reward:8.501724876817317 Raw:16.498275123182683 Time:32541 TotalReward:2072.043906204748
ETask 43-43: Configuration:19 Energy:88.94158907328 Reward:-6.859673697891349 Raw:31.85967369789135 Time:32536 TotalReward:2160.985495278028
ETask 44-44: Configuration:18 Energy:82.81240983144001 Reward:-4.664146805291942 Raw:29.664146805291942 Time:32534 TotalReward:2243.797905109468
ETask 45-45: Configuration:18 Energy:33.83833179938699 Reward:12.878806519622572 Raw:12.121193480377428 Time:32503 TotalReward:2277.636236908855
ETask 46-46: Configuration:18 Energy:33.737748657184 Reward:12.91483630190424 Raw:12.08516369809576 Time:32511 TotalReward:2311.373985566039
ETask 47-47: Configuration:18 Energy:62.794106593920006 Reward:2.5065886827749218 Raw:22.49341131722508 Time:32506 TotalReward:2374.168092159959
ETask 48-48: Configuration:18 Energy:51.92928495534 Reward:6.398465090624477 Raw:18.601534909375523 Time:32505 TotalReward:2426.097377115299
ETask 49-49: Configuration:18 Energy:98.79948556568999 Reward:-10.39086050114269 Raw:35.39086050114269 Time:32510 TotalReward:2524.8968626809888
ETask 50-50: Configuration:18 Energy:34.83765195976 Reward:12.520841089041193 Raw:12.479158910958807 Time:32506 TotalReward:2559.734514640749
ETask 51-51: Configuration:18 Energy:78.97537633073601 Reward:-3.289687043845735 Raw:28.289687043845735 Time:32503 TotalReward:2638.7098909714846
ETask 52-52: Configuration:18 Energy:34.734529490473996 Reward:12.557780481024242 Raw:12.442219518975758 Time:32511 TotalReward:2673.4444204619585
ETask 53-53: Configuration:18 Energy:35.423319938679995 Reward:12.31104957420418 Raw:12.68895042579582 Time:32507 TotalReward:2708.8677404006385
ETask 54-54: Configuration:10 Energy:29.268701522496 Reward:14.515689006867104 Raw:10.484310993132896 Time:32558 TotalReward:2738.1364419231345
ETask 55-55: Configuration:18 Energy:79.818456723272 Reward:-3.591685990425791 Raw:28.59168599042579 Time:32549 TotalReward:2817.9548986464065
ETask 56-56: Configuration:3 Energy:32.27892805698 Reward:13.437398904962388 Raw:11.562601095037612 Time:32572 TotalReward:2850.2338267033865
ETask 57-57: Configuration:18 Energy:47.429318659211994 Reward:8.010393316103166 Raw:16.989606683896834 Time:32538 TotalReward:2897.6631453625987
ETask 58-58: Configuration:18 Energy:35.007948003087 Reward:12.459839521282268 Raw:12.540160478717732 Time:32507 TotalReward:2932.671093365686
ETask 59-59: Configuration:18 Energy:36.048609467136 Reward:12.087065265503524 Raw:12.912934734496476 Time:32510 TotalReward:2968.719702832822
ETask 60-60: Configuration:3 Energy:26.971888076712 Reward:15.338428151625553 Raw:9.661571848374447 Time:32542 TotalReward:2995.6915909095337
ETask 61-61: Configuration:18 Energy:34.930697834142 Reward:12.487511223590925 Raw:12.512488776409075 Time:32542 TotalReward:3030.6222887436757
ETask 62-62: Configuration:18 Energy:35.095291124309995 Reward:12.428552433082988 Raw:12.571447566917012 Time:32504 TotalReward:3065.7175798679855
ETask 63-63: Configuration:18 Energy:75.37256795817899 Reward:-1.999128820840241 Raw:26.99912882084024 Time:32508 TotalReward:3141.0901478261644
ETask 64-64: Configuration:19 Energy:102.52330926014099 Reward:-11.72476749616991 Raw:36.72476749616991 Time:32533 TotalReward:3243.6134570863055
ETask 65-65: Configuration:18 Energy:68.982213773373 Reward:0.28995327520966896 Raw:24.71004672479033 Time:32532 TotalReward:3312.5956708596786
ETask 66-66: Configuration:18 Energy:39.683887874015 Reward:10.784875985427464 Raw:14.215124014572536 Time:32505 TotalReward:3352.2795587336936
ETask 67-67: Configuration:18 Energy:107.794467097625 Reward:-13.61294343795523 Raw:38.61294343795523 Time:32507 TotalReward:3460.0740258313185
ETask 68-68: Configuration:4 Energy:34.508252497334006 Reward:12.638834926328116 Raw:12.361165073671884 Time:32544 TotalReward:3494.5822783286526
ETask 69-69: Configuration:11 Energy:27.99551406036 Reward:14.971756157482986 Raw:10.028243842517014 Time:32546 TotalReward:3522.5777923890128
ETask 70-70: Configuration:18 Energy:43.354324165152 Reward:9.470092836363461 Raw:15.529907163636539 Time:32556 TotalReward:3565.9321165541646
ETask 71-71: Configuration:18 Energy:36.375106618752 Reward:11.970111061939583 Raw:13.029888938060417 Time:32508 TotalReward:3602.3072231729166
ETask 72-72: Configuration:18 Energy:34.983140347232 Reward:12.468725845767642 Raw:12.531274154232358 Time:32507 TotalReward:3637.2903635201487
ETask 73-73: Configuration:18 Energy:118.24703541763199 Reward:-17.35714701527116 Raw:42.35714701527116 Time:32510 TotalReward:3755.537398937781
ETask 74-74: Configuration:18 Energy:35.301625626432 Reward:12.354641566651225 Raw:12.645358433348775 Time:32509 TotalReward:3790.8390245642127
ETask 75-75: Configuration:18 Energy:108.15968398521 Reward:-13.743767397687158 Raw:38.74376739768716 Time:32505 TotalReward:3898.9987085494226
ETask 76-76: Configuration:18 Energy:32.70196637253 Reward:13.285862791929553 Raw:11.714137208070447 Time:32508 TotalReward:3931.7006749219527
ETask 77-77: Configuration:16 Energy:31.035582434804994 Reward:13.88277644126388 Raw:11.11722355873612 Time:32536 TotalReward:3962.7362573567575
ETask 78-78: Configuration:18 Energy:47.48690708385 Reward:7.989764626680596 Raw:17.010235373319404 Time:32534 TotalReward:4010.2231644406074
ETask 79-79: Configuration:18 Energy:46.716201005174995 Reward:8.265838445907463 Raw:16.734161554092537 Time:32510 TotalReward:4056.9393654457826
ETask 80-80: Configuration:18 Energy:55.04431807075499 Reward:5.282632332863884 Raw:19.717367667136116 Time:32505 TotalReward:4111.983683516538
ETask 81-81: Configuration:18 Energy:31.872552527400003 Reward:13.582966258841791 Raw:11.417033741158209 Time:32514 TotalReward:4143.856236043938
ETask 82-82: Configuration:18 Energy:82.267898375325 Reward:-4.469097925489557 Raw:29.469097925489557 Time:32508 TotalReward:4226.124134419263
ETask 83-83: Configuration:18 Energy:32.10985279788 Reward:13.497963176878805 Raw:11.502036823121195 Time:32503 TotalReward:4258.233987217143
ETask 84-84: Configuration:18 Energy:82.92596620737 Reward:-4.704823716072834 Raw:29.704823716072834 Time:32511 TotalReward:4341.159953424513
ETask 85-85: Configuration:18 Energy:32.269360585168 Reward:13.440826059044296 Raw:11.559173940955704 Time:32507 TotalReward:4373.429314009682
ETask 86-86: Configuration:15 Energy:45.851637435743996 Reward:8.575532858837974 Raw:16.424467141162026 Time:32531 TotalReward:4419.280951445426
ETask 87-87: Configuration:18 Energy:69.166985313664 Reward:0.22376645480693114 Raw:24.77623354519307 Time:32550 TotalReward:4488.447936759089
ETask 88-88: Configuration:18 Energy:35.757437663294006 Reward:12.191365613148415 Raw:12.808634386851585 Time:32503 TotalReward:4524.205374422383
ETask 89-89: Configuration:18 Energy:31.726190259855002 Reward:13.635394533783282 Raw:11.364605466216718 Time:32509 TotalReward:4555.931564682238
ETask 90-90: Configuration:18 Energy:88.760829711604 Reward:-6.794924075798448 Raw:31.79492407579845 Time:32507 TotalReward:4644.692394393842
ETask 91-91: Configuration:18 Energy:48.186897516398005 Reward:7.739021785170863 Raw:17.260978214829137 Time:32504 TotalReward:4692.87929191024
ETask 92-92: Configuration:18 Energy:86.11379780429999 Reward:-5.846733541838798 Raw:30.8467335418388 Time:32512 TotalReward:4778.99308971454
ETask 93-93: Configuration:18 Energy:34.225523511166 Reward:12.740110981074864 Raw:12.259889018925136 Time:32506 TotalReward:4813.218613225706
ETask 94-94: Configuration:18 Energy:49.018396294571 Reward:7.441171476571583 Raw:17.558828523428417 Time:32502 TotalReward:4862.237009520277
ETask 95-95: Configuration:18 Energy:50.043750682947994 Reward:7.073880352376836 Raw:17.926119647623164 Time:32510 TotalReward:4912.280760203224
ETask 96-96: Configuration:18 Energy:85.41753228546801 Reward:-5.597324997779584 Raw:30.597324997779584 Time:32509 TotalReward:4997.6982924886925
ETask 97-97: Configuration:18 Energy:35.435348412879996 Reward:12.306740867028061 Raw:12.693259132971939 Time:32502 TotalReward:5033.133640901572
ETask 98-98: Configuration:19 Energy:84.16180258793999 Reward:-5.147511374784475 Raw:30.147511374784475 Time:32547 TotalReward:5117.295443489512
ETask 99-99: Configuration:18 Energy:67.9773970524 Reward:0.6498876230208985 Raw:24.3501123769791 Time:32543 TotalReward:5185.272840541912
ETask 100-100: Configuration:18 Energy:34.171114409744 Reward:12.759600808449912 Raw:12.240399191550088 Time:32511 TotalReward:5219.443954951656
ETask 101-101: Configuration:18 Energy:67.32815926939199 Reward:0.882450410964065 Raw:24.117549589035935 Time:32509 TotalReward:5286.7721142210485
ETask 102-102: Configuration:18 Energy:51.1793250948 Reward:6.667107428728357 Raw:18.332892571271643 Time:32503 TotalReward:5337.951439315849
ETask 103-103: Configuration:18 Energy:36.16573572348 Reward:12.045109591589254 Raw:12.954890408410746 Time:32510 TotalReward:5374.117175039329
ETask 104-104: Configuration:18 Energy:38.6586108 Reward:11.152139414925374 Raw:13.847860585074626 Time:32506 TotalReward:5412.775785839329
ETask 105-105: Configuration:18 Energy:40.47110907 Reward:10.502886303283585 Raw:14.497113696716415 Time:32511 TotalReward:5453.246894909329
ETask 106-106: Configuration:18 Energy:84.25012573079 Reward:-5.179149515506868 Raw:30.179149515506868 Time:32506 TotalReward:5537.497020640119
ETask 107-107: Configuration:18 Energy:35.04410654270799 Reward:12.446887208582211 Raw:12.553112791417789 Time:32504 TotalReward:5572.541127182827
ETask 108-108: Configuration:18 Energy:39.942260523899996 Reward:10.692324588453733 Raw:14.307675411546267 Time:32508 TotalReward:5612.483387706727
ETask 109-109: Configuration:18 Energy:43.098932166164 Reward:9.561576537493494 Raw:15.438423462506506 Time:32508 TotalReward:5655.58231987289
ETask 110-110: Configuration:18 Energy:36.802687591082 Reward:11.816947728567644 Raw:13.183052271432356 Time:32505 TotalReward:5692.385007463972
ETask 111-111: Configuration:18 Energy:75.920246153622 Reward:-2.1953120550287757 Raw:27.195312055028776 Time:32509 TotalReward:5768.305253617595
ETask 112-112: Configuration:18 Energy:45.15270527577 Reward:8.825896617634623 Raw:16.174103382365377 Time:32508 TotalReward:5813.457958893365
ETask 113-113: Configuration:9 Energy:44.28822173918999 Reward:9.135562362081197 Raw:15.864437637918803 Time:32535 TotalReward:5857.746180632555
ETask 114-114: Configuration:2 Energy:49.476082011048 Reward:7.277224354251462 Raw:17.722775645748538 Time:32531 TotalReward:5907.222262643602
ETask 115-115: Configuration:18 Energy:40.40488880651999 Reward:10.526606994679407 Raw:14.473393005320593 Time:32535 TotalReward:5947.627151450122
ETask 116-116: Configuration:18 Energy:40.761174194454 Reward:10.398982378106028 Raw:14.601017621893972 Time:32507 TotalReward:5988.388325644576
ETask 117-117: Configuration:18 Energy:37.913103332831994 Reward:11.419186865851229 Raw:13.580813134148771 Time:32505 TotalReward:6026.301428977408
ETask 118-118: Configuration:18 Energy:85.70395652574 Reward:-5.699924725638205 Raw:30.699924725638205 Time:32509 TotalReward:6112.005385503148
ETask 119-119: Configuration:18 Energy:38.276431613658005 Reward:11.289039421973253 Raw:13.710960578026747 Time:32507 TotalReward:6150.281817116806
ETask 120-120: Configuration:18 Energy:97.69950635003998 Reward:-9.996838095536717 Raw:34.99683809553672 Time:32503 TotalReward:6247.981323466846
ETask 121-121: Configuration:18 Energy:38.98757026079999 Reward:11.034303190161197 Raw:13.965696809838803 Time:32511 TotalReward:6286.968893727646
ERun: Time:3940469
==END-RUN 0==
==ROUND-END==
STOKE: Config: 0 - Knobs: {interval:10000 priority:104 sensor-configuration:1 batch:5 }  | -- on:2 reward:11.3923
STOKE: Config: 1 - Knobs: {interval:7750 priority:104 sensor-configuration:1 batch:5 }  | -- on:1 reward:7.0890
STOKE: Config: 2 - Knobs: {interval:5500 priority:104 sensor-configuration:1 batch:5 }  | -- on:3 reward:10.0981
STOKE: Config: 3 - Knobs: {interval:3500 priority:104 sensor-configuration:1 batch:5 }  | -- on:4 reward:12.6759
STOKE: Config: 4 - Knobs: {interval:1000 priority:104 sensor-configuration:1 batch:5 }  | -- on:4 reward:13.9181
STOKE: Config: 5 - Knobs: {interval:10000 priority:100 sensor-configuration:1 batch:5 }  | -- on:1 reward:11.2914
STOKE: Config: 6 - Knobs: {interval:7750 priority:100 sensor-configuration:1 batch:5 }  | -- on:1 reward:13.1139
STOKE: Config: 7 - Knobs: {interval:5500 priority:100 sensor-configuration:1 batch:5 }  | -- on:1 reward:12.7539
STOKE: Config: 8 - Knobs: {interval:3500 priority:100 sensor-configuration:1 batch:5 }  | -- on:2 reward:12.9817
STOKE: Config: 9 - Knobs: {interval:1000 priority:100 sensor-configuration:1 batch:5 }  | -- on:3 reward:9.6520
STOKE: Config: 10 - Knobs: {interval:10000 priority:104 sensor-configuration:1 batch:1 }  | -- on:4 reward:14.6593
STOKE: Config: 11 - Knobs: {interval:7750 priority:104 sensor-configuration:1 batch:1 }  | -- on:2 reward:15.2812
STOKE: Config: 12 - Knobs: {interval:5500 priority:104 sensor-configuration:1 batch:1 }  | -- on:2 reward:8.4546
STOKE: Config: 13 - Knobs: {interval:3500 priority:104 sensor-configuration:1 batch:1 }  | -- on:2 reward:15.4070
STOKE: Config: 14 - Knobs: {interval:1000 priority:104 sensor-configuration:1 batch:1 }  | -- on:3 reward:-7.6065
STOKE: Config: 15 - Knobs: {interval:10000 priority:100 sensor-configuration:1 batch:1 }  | -- on:2 reward:8.1247
STOKE: Config: 16 - Knobs: {interval:7750 priority:100 sensor-configuration:1 batch:1 }  | -- on:6 reward:8.6824
STOKE: Config: 17 - Knobs: {interval:5500 priority:100 sensor-configuration:1 batch:1 }  | -- on:2 reward:7.9294
STOKE: Config: 18 - Knobs: {interval:3500 priority:100 sensor-configuration:1 batch:1 }  | -- on:71 reward:4.9849
STOKE: Config: 19 - Knobs: {interval:1000 priority:100 sensor-configuration:1 batch:1 }  | -- on:5 reward:-7.5812
