==RUN 0==
Bandit Runs:1 Tasks-in-Run:50
Self-Optimizer Rounds:0 Tasks-in-Round:0
Continuous Knob Rounds:Inf Tasks-in-Round:0
STOKE: Start Bat: 0.830000
MAPSME_GPS_RATE: 10000
MAPSME_GPS_PRIORITY: High Accuracy
MAPSME_GPS_BATCH: 5x

MAPSME_GPS_RATE: 10000
MAPSME_GPS_PRIORITY: High Accuracy
MAPSME_GPS_BATCH: 5x

MAPSME_GPS_RATE: 10000
MAPSME_GPS_PRIORITY: High Accuracy
MAPSME_GPS_BATCH: 5x

MAPSME_GPS_RATE: 10000
MAPSME_GPS_PRIORITY: High Accuracy
MAPSME_GPS_BATCH: 5x

ETask 1: Configuration:0 Energy:0.0 Power:0.0 Reward:71.39218749461999 Time:30015 TotalReward:71.39218749461999
ETask 2: Configuration:0 Energy:0.0 Power:0.0 Reward:39.750547198896 Time:30021 TotalReward:111.14273469351599
ETask 3: Configuration:0 Energy:0.0 Power:0.0 Reward:39.069578567183996 Time:30038 TotalReward:150.2123132607
ETask 4: Configuration:0 Energy:0.0 Power:0.0 Reward:41.86942324945599 Time:30028 TotalReward:192.081736510156
ETask 5: Configuration:0 Energy:0.0 Power:0.0 Reward:35.53348087511999 Time:30006 TotalReward:227.61521738527597
ETask 6: Configuration:0 Energy:0.0 Power:0.0 Reward:39.12534170742399 Time:30037 TotalReward:266.7405590927
ETask 7: Configuration:0 Energy:0.0 Power:0.0 Reward:36.002464722431995 Time:30017 TotalReward:302.743023815132
ETask 8: Configuration:0 Energy:0.0 Power:0.0 Reward:39.27734574814399 Time:30037 TotalReward:342.020369563276
ETask 9: Configuration:0 Energy:0.0 Power:0.0 Reward:35.33559846975 Time:30015 TotalReward:377.355968033026
ETask 10: Configuration:0 Energy:0.0 Power:0.0 Reward:34.56142602456 Time:30038 TotalReward:411.91739405758597
ETask 11: Configuration:0 Energy:0.0 Power:0.0 Reward:34.241696331644995 Time:30019 TotalReward:446.159090389231
ETask 12: Configuration:0 Energy:0.0 Power:0.0 Reward:33.94608934059 Time:30021 TotalReward:480.105179729821
ETask 13: Configuration:0 Energy:0.0 Power:0.0 Reward:34.76643942969 Time:30038 TotalReward:514.8716191595109
ETask 14: Configuration:0 Energy:0.0 Power:0.0 Reward:40.040500200749996 Time:30025 TotalReward:554.9121193602609
ETask 15: Configuration:0 Energy:0.0 Power:0.0 Reward:38.023742896488 Time:30014 TotalReward:592.9358622567489
ETask 16: Configuration:0 Energy:0.0 Power:0.0 Reward:38.385983250336004 Time:30036 TotalReward:631.321845507085
ETask 17: Configuration:0 Energy:0.0 Power:0.0 Reward:44.582755176960006 Time:30030 TotalReward:675.9046006840449
ETask 18: Configuration:0 Energy:0.0 Power:0.0 Reward:33.82321170702001 Time:30010 TotalReward:709.727812391065
ETask 19: Configuration:0 Energy:0.0 Power:0.0 Reward:40.11797035011001 Time:30039 TotalReward:749.845782741175
ETask 20: Configuration:0 Energy:0.0 Power:0.0 Reward:33.862574774064 Time:30012 TotalReward:783.708357515239
ETask 21: Configuration:0 Energy:0.0 Power:0.0 Reward:84.08036144734999 Time:30025 TotalReward:867.788718962589
ETask 22: Configuration:0 Energy:0.0 Power:0.0 Reward:47.978016423774 Time:30039 TotalReward:915.7667353863629
ETask 23: Configuration:0 Energy:0.0 Power:0.0 Reward:48.09366175614 Time:30030 TotalReward:963.860397142503
ETask 24: Configuration:0 Energy:0.0 Power:0.0 Reward:48.532285092886 Time:30037 TotalReward:1012.392682235389
ETask 25: Configuration:0 Energy:0.0 Power:0.0 Reward:44.52186132575999 Time:30015 TotalReward:1056.914543561149
ETask 26: Configuration:0 Energy:0.0 Power:0.0 Reward:48.740813698752 Time:30009 TotalReward:1105.655357259901
ETask 27: Configuration:0 Energy:0.0 Power:0.0 Reward:34.335180319104 Time:30037 TotalReward:1139.990537579005
ETask 28: Configuration:0 Energy:0.0 Power:0.0 Reward:32.926170783744 Time:30016 TotalReward:1172.916708362749
ETask 29: Configuration:0 Energy:0.0 Power:0.0 Reward:34.853840187264005 Time:30038 TotalReward:1207.770548550013
ETask 30: Configuration:0 Energy:0.0 Power:0.0 Reward:36.933465344832 Time:30031 TotalReward:1244.704013894845
ETask 31: Configuration:0 Energy:0.0 Power:0.0 Reward:38.34778441536001 Time:30010 TotalReward:1283.051798310205
ETask 32: Configuration:0 Energy:0.0 Power:0.0 Reward:37.920254383872 Time:30037 TotalReward:1320.9720526940769
ETask 33: Configuration:0 Energy:0.0 Power:0.0 Reward:46.139166114047995 Time:30022 TotalReward:1367.111218808125
ETask 34: Configuration:0 Energy:0.0 Power:0.0 Reward:39.341856363264 Time:30036 TotalReward:1406.453075171389
ETask 35: Configuration:0 Energy:0.0 Power:0.0 Reward:42.801046538354996 Time:30015 TotalReward:1449.254121709744
ETask 36: Configuration:0 Energy:0.0 Power:0.0 Reward:47.421990753083996 Time:30036 TotalReward:1496.6761124628279
ETask 37: Configuration:0 Energy:0.0 Power:0.0 Reward:47.60479972309499 Time:30035 TotalReward:1544.280912185923
ETask 38: Configuration:0 Energy:0.0 Power:0.0 Reward:41.817571225559995 Time:30010 TotalReward:1586.098483411483
ETask 39: Configuration:0 Energy:0.0 Power:0.0 Reward:38.037112166808 Time:30036 TotalReward:1624.1355955782908
ETask 40: Configuration:0 Energy:0.0 Power:0.0 Reward:33.84933679248 Time:30010 TotalReward:1657.9849323707708
ETask 41: Configuration:0 Energy:0.0 Power:0.0 Reward:33.655118408335994 Time:30034 TotalReward:1691.6400507791068
ETask 42: Configuration:0 Energy:0.0 Power:0.0 Reward:36.75451244384 Time:30020 TotalReward:1728.3945632229468
ETask 43: Configuration:0 Energy:0.0 Power:0.0 Reward:34.672811818343995 Time:30037 TotalReward:1763.0673750412907
ETask 44: Configuration:0 Energy:0.0 Power:0.0 Reward:34.16117890579999 Time:30025 TotalReward:1797.2285539470906
ETask 45: Configuration:0 Energy:0.0 Power:0.0 Reward:34.05651122528 Time:30014 TotalReward:1831.2850651723707
ETask 46: Configuration:0 Energy:0.0 Power:0.0 Reward:50.30575833595199 Time:30022 TotalReward:1881.5908235083227
ETask 47: Configuration:0 Energy:0.0 Power:0.0 Reward:52.647848239008 Time:30012 TotalReward:1934.2386717473307
ETask 48: Configuration:0 Energy:0.0 Power:0.0 Reward:51.931969174559995 Time:30035 TotalReward:1986.1706409218907
ETask 49: Configuration:0 Energy:0.0 Power:0.0 Reward:51.88874296416 Time:30010 TotalReward:2038.0593838860507
ETask 50: Configuration:0 Energy:0.0 Power:0.0 Reward:50.476792729799996 Time:30025 TotalReward:2088.5361766158508
ETask 51: Configuration:0 Energy:0.0 Power:0.0 Reward:48.634135333448 Time:30037 TotalReward:2137.1703119492986
ERun: Time:1531327
==END-RUN 0==
STOKE: Config: 0 - Knobs: {interval:30000 priority:100 sensor-configuration:1 batch:1 } Records:{location_accuracy:2301.12 } | -- on:0 reward:NaN
ERROR: We got 'done' signal before finishing experiment!
STOKE: Config: 0 - Knobs: {interval:30000 priority:100 sensor-configuration:1 batch:1 } Records:{location_accuracy:2301.12 } | -- on:0 reward:NaN
