==RUN 0==
Bandit Runs:1 Tasks-in-Run:10
Self-Optimizer Rounds:0 Tasks-in-Round:0
Continuous Knob Rounds:Inf Tasks-in-Round:0
STOKE: Start Bat: 1.000000
ETask 1-1: Configuration:0 Energy:-26.507882453415995 Reward:9.787525828953598 Raw:-9.787525828953598 Time:32513 TotalReward:26.507882453415995
ETask 2-2: Configuration:0 Energy:-30.635487133875 Reward:11.3115644802 Raw:-11.3115644802 Time:32513 TotalReward:57.14336958729099
ETask 3-3: Configuration:0 Energy:-29.214034835895003 Reward:10.786720554792002 Raw:-10.786720554792002 Time:32506 TotalReward:86.357404423186
ETask 4-4: Configuration:0 Energy:-19.336800314974997 Reward:7.13974165476 Raw:-7.13974165476 Time:32508 TotalReward:105.69420473816099
ETask 5-5: Configuration:0 Energy:-28.37566712526 Reward:10.477169400096 Raw:-10.477169400096 Time:32511 TotalReward:134.06987186342099
ETask 6-6: Configuration:0 Energy:-27.600221107875 Reward:10.190850870600002 Raw:-10.190850870600002 Time:32514 TotalReward:161.670092971296
ETask 7-7: Configuration:0 Energy:-26.51470874988 Reward:9.790046307647998 Raw:-9.790046307647998 Time:32505 TotalReward:188.18480172117597
ETask 8-8: Configuration:0 Energy:-25.03642618288 Reward:9.244218898294152 Raw:-9.244218898294152 Time:32508 TotalReward:213.22122790405598
ETask 9-9: Configuration:0 Energy:-25.651047552000005 Reward:9.471156019200002 Raw:-9.471156019200002 Time:32508 TotalReward:238.87227545605597
ETask 10-10: Configuration:0 Energy:-16.339250441592 Reward:6.032954009203201 Raw:-6.032954009203201 Time:32513 TotalReward:255.21152589764796
ETask 11-11: Configuration:0 Energy:-23.945598811727997 Reward:8.841451868945722 Raw:-8.841451868945722 Time:32505 TotalReward:279.157124709376
ERun: Time:357732
==END-RUN 0==
==ROUND-END==
STOKE: Config: 0 - Knobs: {interval:30000 priority:100 sensor-configuration:1 batch:1 }  | -- on:0 reward:0.0000
