==RUN 0==
Bandit Runs:1 Tasks-in-Run:100
Self-Optimizer Rounds:0 Tasks-in-Round:0
Continuous Knob Rounds:Inf Tasks-in-Round:0
STOKE: Start Bat: 0.950000
MAPSME_GPS_RATE: 10000
MAPSME_GPS_PRIORITY: High Accuracy
MAPSME_GPS_BATCH: 1x

MAPSME_GPS_RATE: 10000
MAPSME_GPS_PRIORITY: High Accuracy
MAPSME_GPS_BATCH: 1x

MAPSME_GPS_RATE: 10000
MAPSME_GPS_PRIORITY: High Accuracy
MAPSME_GPS_BATCH: 1x

MAPSME_GPS_RATE: 10000
MAPSME_GPS_PRIORITY: High Accuracy
MAPSME_GPS_BATCH: 1x

ETask 1: Configuration:0 Energy:0.0 Power:0.0 Reward:38.67293545489 Time:32521 TotalReward:38.67293545489
ETask 2: Configuration:1 Energy:0.0 Power:0.0 Reward:37.994294559111 Time:32531 TotalReward:76.667230014001
ETask 3: Configuration:2 Energy:0.0 Power:0.0 Reward:35.307988628077 Time:32611 TotalReward:111.975218642078
ETask 4: Configuration:3 Energy:0.0 Power:0.0 Reward:85.11691790646 Time:32626 TotalReward:197.092136548538
ETask 5: Configuration:4 Energy:0.0 Power:0.0 Reward:255.7950199854 Time:32620 TotalReward:452.88715653393797
ETask 6: Configuration:5 Energy:0.0 Power:0.0 Reward:81.25769593929 Time:32539 TotalReward:534.144852473228
ETask 7: Configuration:6 Energy:0.0 Power:0.0 Reward:75.32870683254 Time:32543 TotalReward:609.4735593057679
ETask 8: Configuration:6 Energy:0.0 Power:0.0 Reward:67.94922674736002 Time:32508 TotalReward:677.422786053128
ETask 9: Configuration:6 Energy:0.0 Power:0.0 Reward:67.68335001311998 Time:32507 TotalReward:745.1061360662479
ETask 10: Configuration:6 Energy:0.0 Power:0.0 Reward:66.80656404576 Time:32508 TotalReward:811.9127001120079
ETask 11: Configuration:6 Energy:0.0 Power:0.0 Reward:69.86987225496 Time:32507 TotalReward:881.7825723669679
ETask 12: Configuration:6 Energy:0.0 Power:0.0 Reward:89.856206977 Time:32507 TotalReward:971.6387793439678
ETask 13: Configuration:6 Energy:0.0 Power:0.0 Reward:69.93336292992001 Time:32508 TotalReward:1041.572142273888
ETask 14: Configuration:6 Energy:0.0 Power:0.0 Reward:98.748771408 Time:32508 TotalReward:1140.320913681888
ETask 15: Configuration:6 Energy:0.0 Power:0.0 Reward:83.26573979416 Time:32527 TotalReward:1223.586653476048
ETask 16: Configuration:6 Energy:0.0 Power:0.0 Reward:83.01016646272 Time:32507 TotalReward:1306.596819938768
ETask 17: Configuration:6 Energy:0.0 Power:0.0 Reward:84.05718317303999 Time:32510 TotalReward:1390.654003111808
ETask 18: Configuration:6 Energy:0.0 Power:0.0 Reward:82.139013136488 Time:32506 TotalReward:1472.793016248296
ETask 19: Configuration:6 Energy:0.0 Power:0.0 Reward:68.276635570704 Time:32506 TotalReward:1541.069651819
ETask 20: Configuration:6 Energy:0.0 Power:0.0 Reward:78.15854242152002 Time:32505 TotalReward:1619.22819424052
ETask 21: Configuration:6 Energy:0.0 Power:0.0 Reward:74.164810999488 Time:32507 TotalReward:1693.393005240008
ETask 22: Configuration:6 Energy:0.0 Power:0.0 Reward:73.63712603874 Time:32507 TotalReward:1767.030131278748
ETask 23: Configuration:6 Energy:0.0 Power:0.0 Reward:67.28598967098799 Time:32506 TotalReward:1834.3161209497362
ETask 24: Configuration:6 Energy:0.0 Power:0.0 Reward:67.044562010139 Time:32507 TotalReward:1901.3606829598752
ETask 25: Configuration:6 Energy:0.0 Power:0.0 Reward:81.75051157465501 Time:32505 TotalReward:1983.1111945345303
ETask 26: Configuration:6 Energy:0.0 Power:0.0 Reward:67.62550936531699 Time:32507 TotalReward:2050.7367038998473
ETask 27: Configuration:6 Energy:0.0 Power:0.0 Reward:72.089685718488 Time:32506 TotalReward:2122.8263896183353
ETask 28: Configuration:6 Energy:0.0 Power:0.0 Reward:68.17787450741899 Time:32509 TotalReward:2191.004264125754
ETask 29: Configuration:6 Energy:0.0 Power:0.0 Reward:68.011224652066 Time:32507 TotalReward:2259.0154887778203
ETask 30: Configuration:6 Energy:0.0 Power:0.0 Reward:68.374612717954 Time:32506 TotalReward:2327.390101495774
ETask 31: Configuration:6 Energy:0.0 Power:0.0 Reward:66.811309786454 Time:32506 TotalReward:2394.201411282228
ETask 32: Configuration:6 Energy:0.0 Power:0.0 Reward:67.29337252872 Time:32509 TotalReward:2461.494783810948
ETask 33: Configuration:6 Energy:0.0 Power:0.0 Reward:68.2243496664 Time:32509 TotalReward:2529.719133477348
ETask 34: Configuration:6 Energy:0.0 Power:0.0 Reward:67.63535160480001 Time:32508 TotalReward:2597.354485082148
ETask 35: Configuration:6 Energy:0.0 Power:0.0 Reward:66.29974092 Time:32508 TotalReward:2663.6542260021483
ETask 36: Configuration:0 Energy:0.0 Power:0.0 Reward:35.32801482504 Time:32557 TotalReward:2698.9822408271884
ETask 37: Configuration:6 Energy:0.0 Power:0.0 Reward:66.35699092512 Time:32556 TotalReward:2765.3392317523085
ETask 38: Configuration:6 Energy:0.0 Power:0.0 Reward:89.05924031400001 Time:32505 TotalReward:2854.3984720663084
ETask 39: Configuration:6 Energy:0.0 Power:0.0 Reward:83.61827577072 Time:32506 TotalReward:2938.0167478370286
ETask 40: Configuration:0 Energy:0.0 Power:0.0 Reward:50.1319698 Time:32549 TotalReward:2988.1487176370288
ETask 41: Configuration:6 Energy:0.0 Power:0.0 Reward:81.70393810339999 Time:32542 TotalReward:3069.852655740429
ETask 42: Configuration:6 Energy:0.0 Power:0.0 Reward:68.02848365979 Time:32511 TotalReward:3137.8811394002187
ETask 43: Configuration:6 Energy:0.0 Power:0.0 Reward:80.05343750571 Time:32506 TotalReward:3217.9345769059287
ETask 44: Configuration:6 Energy:0.0 Power:0.0 Reward:71.54571732847998 Time:32507 TotalReward:3289.4802942344086
ETask 45: Configuration:6 Energy:0.0 Power:0.0 Reward:68.39330568373501 Time:32511 TotalReward:3357.8735999181436
ETask 46: Configuration:5 Energy:0.0 Power:0.0 Reward:39.49649190895 Time:32545 TotalReward:3397.3700918270933
ETask 47: Configuration:6 Energy:0.0 Power:0.0 Reward:83.40006483815502 Time:32539 TotalReward:3480.7701566652486
ETask 48: Configuration:6 Energy:0.0 Power:0.0 Reward:72.54633034622098 Time:32507 TotalReward:3553.3164870114697
ETask 49: Configuration:1 Energy:0.0 Power:0.0 Reward:106.85903352377399 Time:32558 TotalReward:3660.175520535244
ETask 50: Configuration:1 Energy:0.0 Power:0.0 Reward:41.431042271723996 Time:32522 TotalReward:3701.6065628069678
ETask 51: Configuration:6 Energy:0.0 Power:0.0 Reward:66.56515989053699 Time:32527 TotalReward:3768.1717226975047
ETask 52: Configuration:6 Energy:0.0 Power:0.0 Reward:67.44762108166799 Time:32507 TotalReward:3835.6193437791726
ETask 53: Configuration:6 Energy:0.0 Power:0.0 Reward:85.03216252078198 Time:32507 TotalReward:3920.6515062999547
ETask 54: Configuration:6 Energy:0.0 Power:0.0 Reward:67.646294236476 Time:32506 TotalReward:3988.2978005364307
ETask 55: Configuration:6 Energy:0.0 Power:0.0 Reward:68.93301794690699 Time:32507 TotalReward:4057.2308184833378
ETask 56: Configuration:6 Energy:0.0 Power:0.0 Reward:69.89693166943202 Time:32508 TotalReward:4127.12775015277
ETask 57: Configuration:6 Energy:0.0 Power:0.0 Reward:67.93861197344502 Time:32509 TotalReward:4195.066362126216
ETask 58: Configuration:6 Energy:0.0 Power:0.0 Reward:79.28175176349401 Time:32509 TotalReward:4274.34811388971
ETask 59: Configuration:6 Energy:0.0 Power:0.0 Reward:91.87510760832 Time:32510 TotalReward:4366.2232214980295
ETask 60: Configuration:6 Energy:0.0 Power:0.0 Reward:90.665063214048 Time:32511 TotalReward:4456.888284712078
ETask 61: Configuration:6 Energy:0.0 Power:0.0 Reward:82.92308121216001 Time:32508 TotalReward:4539.811365924237
ETask 62: Configuration:6 Energy:0.0 Power:0.0 Reward:84.31213708677599 Time:32507 TotalReward:4624.123503011013
ETask 63: Configuration:2 Energy:0.0 Power:0.0 Reward:40.146370997039995 Time:32562 TotalReward:4664.269874008053
ETask 64: Configuration:6 Energy:0.0 Power:0.0 Reward:75.1777701714 Time:32542 TotalReward:4739.447644179453
ETask 65: Configuration:6 Energy:0.0 Power:0.0 Reward:69.48230460171 Time:32509 TotalReward:4808.929948781163
ETask 66: Configuration:6 Energy:0.0 Power:0.0 Reward:105.339670401654 Time:32506 TotalReward:4914.269619182817
ETask 67: Configuration:6 Energy:0.0 Power:0.0 Reward:71.64543853467002 Time:32505 TotalReward:4985.915057717487
ETask 68: Configuration:6 Energy:0.0 Power:0.0 Reward:72.32729905791001 Time:32507 TotalReward:5058.242356775397
ETask 69: Configuration:6 Energy:0.0 Power:0.0 Reward:77.30617971827401 Time:32506 TotalReward:5135.54853649367
ETask 70: Configuration:6 Energy:0.0 Power:0.0 Reward:69.84811784847 Time:32503 TotalReward:5205.39665434214
ETask 71: Configuration:6 Energy:0.0 Power:0.0 Reward:71.157677847256 Time:32506 TotalReward:5276.5543321893965
ETask 72: Configuration:6 Energy:0.0 Power:0.0 Reward:70.20658951306001 Time:32507 TotalReward:5346.7609217024565
ETask 73: Configuration:6 Energy:0.0 Power:0.0 Reward:71.199565108672 Time:32507 TotalReward:5417.960486811128
ETask 74: Configuration:6 Energy:0.0 Power:0.0 Reward:70.2376438764 Time:32503 TotalReward:5488.198130687529
ETask 75: Configuration:4 Energy:0.0 Power:0.0 Reward:85.693093113628 Time:32543 TotalReward:5573.891223801156
ETask 76: Configuration:6 Energy:0.0 Power:0.0 Reward:73.977238118784 Time:32532 TotalReward:5647.86846191994
ETask 77: Configuration:6 Energy:0.0 Power:0.0 Reward:86.15711254550402 Time:32508 TotalReward:5734.025574465444
ETask 78: Configuration:6 Energy:0.0 Power:0.0 Reward:79.33814378836 Time:32506 TotalReward:5813.363718253804
ETask 79: Configuration:6 Energy:0.0 Power:0.0 Reward:80.27082240912 Time:32508 TotalReward:5893.634540662924
ETask 80: Configuration:6 Energy:0.0 Power:0.0 Reward:87.22898190352 Time:32504 TotalReward:5980.863522566445
ETask 81: Configuration:6 Energy:0.0 Power:0.0 Reward:88.6332590385 Time:32505 TotalReward:6069.496781604945
ETask 82: Configuration:6 Energy:0.0 Power:0.0 Reward:193.56608638656 Time:32504 TotalReward:6263.062867991504
ETask 83: Configuration:6 Energy:0.0 Power:0.0 Reward:239.24566808985995 Time:32507 TotalReward:6502.308536081365
ETask 84: Configuration:1 Energy:0.0 Power:0.0 Reward:38.160410921099995 Time:32541 TotalReward:6540.468947002465
ETask 85: Configuration:6 Energy:0.0 Power:0.0 Reward:193.91841410121597 Time:32532 TotalReward:6734.387361103681
ETask 86: Configuration:5 Energy:0.0 Power:0.0 Reward:36.784983833828996 Time:32571 TotalReward:6771.1723449375095
ETask 87: Configuration:6 Energy:0.0 Power:0.0 Reward:78.00928198215101 Time:32539 TotalReward:6849.181626919661
ETask 88: Configuration:6 Energy:0.0 Power:0.0 Reward:72.74584005117 Time:32505 TotalReward:6921.92746697083
ETask 89: Configuration:6 Energy:0.0 Power:0.0 Reward:73.36129589712 Time:32505 TotalReward:6995.28876286795
ETask 90: Configuration:4 Energy:0.0 Power:0.0 Reward:86.502591018022 Time:32534 TotalReward:7081.791353885972
ETask 91: Configuration:4 Energy:0.0 Power:0.0 Reward:68.44383534970801 Time:32508 TotalReward:7150.23518923568
ETask 92: Configuration:6 Energy:0.0 Power:0.0 Reward:72.106448566945 Time:32539 TotalReward:7222.341637802625
ETask 93: Configuration:3 Energy:0.0 Power:0.0 Reward:72.57889685154001 Time:32561 TotalReward:7294.920534654165
ETask 94: Configuration:3 Energy:0.0 Power:0.0 Reward:72.832393531612 Time:32516 TotalReward:7367.752928185777
ETask 95: Configuration:3 Energy:0.0 Power:0.0 Reward:36.746838210641 Time:32513 TotalReward:7404.499766396418
ETask 96: Configuration:3 Energy:0.0 Power:0.0 Reward:37.00656781419 Time:32514 TotalReward:7441.506334210608
ETask 97: Configuration:4 Energy:0.0 Power:0.0 Reward:36.878725843283995 Time:32541 TotalReward:7478.385060053892
ETask 98: Configuration:3 Energy:0.0 Power:0.0 Reward:70.010788401216 Time:32568 TotalReward:7548.395848455108
ETask 99: Configuration:3 Energy:0.0 Power:0.0 Reward:88.76225535319999 Time:32506 TotalReward:7637.158103808308
ETask 100: Configuration:3 Energy:0.0 Power:0.0 Reward:53.01340241499899 Time:32507 TotalReward:7690.171506223307
ETask 101: Configuration:3 Energy:0.0 Power:0.0 Reward:63.067451531084004 Time:32516 TotalReward:7753.238957754391
ETask 102: Configuration:3 Energy:0.0 Power:0.0 Reward:52.831803314394 Time:32517 TotalReward:7806.070761068785
ETask 103: Configuration:3 Energy:0.0 Power:0.0 Reward:44.685903797469 Time:32517 TotalReward:7850.756664866254
ETask 104: Configuration:3 Energy:0.0 Power:0.0 Reward:68.81123854387201 Time:32512 TotalReward:7919.567903410126
ETask 105: Configuration:3 Energy:0.0 Power:0.0 Reward:52.714852428282 Time:32511 TotalReward:7972.282755838408
ETask 106: Configuration:1 Energy:0.0 Power:0.0 Reward:35.383767408561 Time:32551 TotalReward:8007.666523246969
ETask 107: Configuration:3 Energy:0.0 Power:0.0 Reward:34.29045847704399 Time:32543 TotalReward:8041.956981724013
ETask 108: Configuration:3 Energy:0.0 Power:0.0 Reward:94.466111677476 Time:32514 TotalReward:8136.423093401489
ERun: Time:3513635
==END-RUN 0==
STOKE: Config: 0 - Knobs: {interval:10000 priority:100 sensor-configuration:1 batch:1 }  | -- on:3 joules:41.38 reward:0.93
STOKE: Config: 1 - Knobs: {interval:8000 priority:100 sensor-configuration:1 batch:1 }  | -- on:5 joules:51.97 reward:0.95
STOKE: Config: 2 - Knobs: {interval:5000 priority:100 sensor-configuration:1 batch:1 }  | -- on:2 joules:37.73 reward:0.92
STOKE: Config: 3 - Knobs: {interval:4000 priority:100 sensor-configuration:1 batch:1 }  | -- on:15 joules:61.80 reward:0.98
STOKE: Config: 4 - Knobs: {interval:3000 priority:100 sensor-configuration:1 batch:1 }  | -- on:5 joules:106.66 reward:0.90
STOKE: Config: 5 - Knobs: {interval:2000 priority:100 sensor-configuration:1 batch:1 }  | -- on:3 joules:52.51 reward:0.95
STOKE: Config: 6 - Knobs: {interval:1000 priority:100 sensor-configuration:1 batch:1 }  | -- on:75 joules:80.79 reward:0.97
ERROR: We got 'done' signal before finishing experiment!
STOKE: Config: 0 - Knobs: {interval:10000 priority:100 sensor-configuration:1 batch:1 }  | -- on:3 joules:41.38 reward:0.93
STOKE: Config: 1 - Knobs: {interval:8000 priority:100 sensor-configuration:1 batch:1 }  | -- on:5 joules:51.97 reward:0.95
STOKE: Config: 2 - Knobs: {interval:5000 priority:100 sensor-configuration:1 batch:1 }  | -- on:2 joules:37.73 reward:0.92
STOKE: Config: 3 - Knobs: {interval:4000 priority:100 sensor-configuration:1 batch:1 }  | -- on:15 joules:61.80 reward:0.98
STOKE: Config: 4 - Knobs: {interval:3000 priority:100 sensor-configuration:1 batch:1 }  | -- on:5 joules:106.66 reward:0.90
STOKE: Config: 5 - Knobs: {interval:2000 priority:100 sensor-configuration:1 batch:1 }  | -- on:3 joules:52.51 reward:0.95
STOKE: Config: 6 - Knobs: {interval:1000 priority:100 sensor-configuration:1 batch:1 }  | -- on:75 joules:80.79 reward:0.97
