STOKE: Start Bat: 1.000000
ETask 1: Configuration:0 Energy:0.00 Power:0.00 Reward:0.00 Time:5025
ETask 2: Configuration:0 Energy:0.00 Power:0.00 Reward:0.00 Time:5023
ETask 3: Configuration:0 Energy:0.00 Power:0.00 Reward:0.00 Time:5023
ETask 4: Configuration:0 Energy:0.00 Power:0.00 Reward:0.00 Time:5020
ETask 5: Configuration:0 Energy:0.00 Power:0.00 Reward:0.00 Time:5008
ETask 6: Configuration:0 Energy:0.00 Power:0.00 Reward:0.00 Time:5023
ETask 7: Configuration:0 Energy:0.00 Power:0.00 Reward:0.00 Time:5025
ETask 8: Configuration:0 Energy:0.00 Power:0.00 Reward:0.00 Time:5021
ETask 9: Configuration:0 Energy:0.00 Power:0.00 Reward:0.00 Time:5022
ETask 10: Configuration:0 Energy:0.00 Power:0.00 Reward:0.00 Time:5021
ETask 11: Configuration:0 Energy:0.00 Power:0.00 Reward:0.00 Time:5021
ETask 12: Configuration:0 Energy:0.00 Power:0.00 Reward:0.00 Time:5023
ETask 13: Configuration:0 Energy:0.00 Power:0.00 Reward:0.00 Time:5023
ETask 14: Configuration:0 Energy:0.00 Power:0.00 Reward:0.00 Time:5022
ETask 15: Configuration:0 Energy:0.00 Power:0.00 Reward:0.00 Time:5024
ETask 16: Configuration:0 Energy:0.00 Power:0.00 Reward:0.00 Time:5019
ETask 17: Configuration:0 Energy:0.00 Power:0.00 Reward:0.00 Time:5028
ETask 18: Configuration:0 Energy:0.00 Power:0.00 Reward:0.00 Time:5022
ETask 19: Configuration:0 Energy:0.00 Power:0.00 Reward:0.00 Time:5023
ETask 20: Configuration:0 Energy:0.00 Power:0.00 Reward:0.00 Time:5019
ETask 21: Configuration:0 Energy:0.00 Power:0.00 Reward:0.00 Time:5021
ETask 22: Configuration:0 Energy:0.00 Power:0.00 Reward:0.00 Time:5021
ETask 23: Configuration:0 Energy:0.00 Power:0.00 Reward:0.00 Time:5022
ETask 24: Configuration:0 Energy:0.00 Power:0.00 Reward:0.00 Time:5019
ETask 25: Configuration:0 Energy:0.00 Power:0.00 Reward:0.00 Time:5024
ETask 26: Configuration:0 Energy:0.00 Power:0.00 Reward:0.00 Time:5023
ETask 27: Configuration:0 Energy:0.00 Power:0.00 Reward:0.00 Time:5025
ETask 28: Configuration:0 Energy:0.00 Power:0.00 Reward:0.00 Time:5021
ETask 29: Configuration:0 Energy:0.00 Power:0.00 Reward:0.00 Time:5022
ETask 30: Configuration:0 Energy:0.00 Power:0.00 Reward:0.00 Time:5025
ETask 31: Configuration:0 Energy:0.00 Power:0.00 Reward:0.00 Time:5026
ETask 32: Configuration:0 Energy:0.00 Power:0.00 Reward:0.00 Time:5022
ETask 33: Configuration:0 Energy:0.00 Power:0.00 Reward:0.00 Time:5025
ETask 34: Configuration:0 Energy:0.00 Power:0.00 Reward:0.00 Time:5024
ETask 35: Configuration:0 Energy:0.00 Power:0.00 Reward:0.00 Time:5025
ETask 36: Configuration:0 Energy:0.00 Power:0.00 Reward:0.00 Time:5027
ETask 37: Configuration:0 Energy:0.00 Power:0.00 Reward:0.00 Time:5024
ETask 38: Configuration:0 Energy:0.00 Power:0.00 Reward:0.00 Time:5023
ETask 39: Configuration:0 Energy:0.00 Power:0.00 Reward:0.00 Time:5024
ETask 40: Configuration:0 Energy:0.00 Power:0.00 Reward:0.00 Time:5013
ETask 41: Configuration:0 Energy:0.00 Power:0.00 Reward:0.00 Time:5019
ETask 42: Configuration:0 Energy:0.00 Power:0.00 Reward:0.00 Time:5028
ETask 43: Configuration:0 Energy:0.00 Power:0.00 Reward:0.00 Time:5024
ETask 44: Configuration:0 Energy:0.00 Power:0.00 Reward:0.00 Time:5022
ETask 45: Configuration:0 Energy:0.00 Power:0.00 Reward:0.00 Time:5023
ETask 46: Configuration:0 Energy:0.00 Power:0.00 Reward:0.00 Time:5022
ETask 47: Configuration:0 Energy:0.00 Power:0.00 Reward:0.00 Time:5019
ETask 48: Configuration:0 Energy:0.00 Power:0.00 Reward:0.00 Time:5027
ETask 49: Configuration:0 Energy:0.00 Power:0.00 Reward:0.00 Time:5021
ETask 50: Configuration:0 Energy:0.00 Power:0.00 Reward:0.00 Time:5022
ETask 51: Configuration:0 Energy:0.00 Power:0.00 Reward:0.00 Time:5023
ETask 52: Configuration:0 Energy:0.00 Power:0.00 Reward:0.00 Time:5021
ETask 53: Configuration:0 Energy:0.00 Power:0.00 Reward:0.00 Time:5024
ETask 54: Configuration:0 Energy:0.00 Power:0.00 Reward:0.00 Time:5021
ETask 55: Configuration:0 Energy:0.00 Power:0.00 Reward:0.00 Time:5022
ETask 56: Configuration:0 Energy:0.00 Power:0.00 Reward:0.00 Time:5027
ETask 57: Configuration:0 Energy:0.00 Power:0.00 Reward:0.00 Time:5023
ETask 58: Configuration:0 Energy:0.00 Power:0.00 Reward:0.00 Time:5023
ETask 59: Configuration:0 Energy:0.00 Power:0.00 Reward:0.00 Time:5024
ETask 60: Configuration:0 Energy:0.00 Power:0.00 Reward:0.00 Time:5024
ETask 61: Configuration:0 Energy:0.00 Power:0.00 Reward:0.00 Time:5023
ETask 62: Configuration:0 Energy:0.00 Power:0.00 Reward:0.00 Time:5021
ETask 63: Configuration:0 Energy:0.00 Power:0.00 Reward:0.00 Time:5028
ETask 64: Configuration:0 Energy:0.00 Power:0.00 Reward:0.00 Time:5022
ETask 65: Configuration:0 Energy:0.00 Power:0.00 Reward:0.00 Time:5025
ETask 66: Configuration:0 Energy:0.00 Power:0.00 Reward:0.00 Time:5022
ETask 67: Configuration:0 Energy:0.00 Power:0.00 Reward:0.00 Time:5024
ETask 68: Configuration:0 Energy:0.00 Power:0.00 Reward:0.00 Time:5024
ETask 69: Configuration:0 Energy:0.00 Power:0.00 Reward:0.00 Time:5022
ETask 70: Configuration:0 Energy:0.00 Power:0.00 Reward:0.00 Time:5025
ETask 71: Configuration:0 Energy:0.00 Power:0.00 Reward:0.00 Time:5023
ETask 72: Configuration:0 Energy:0.00 Power:0.00 Reward:0.00 Time:5019
ETask 73: Configuration:0 Energy:0.00 Power:0.00 Reward:0.00 Time:5028
ETask 74: Configuration:0 Energy:0.00 Power:0.00 Reward:0.00 Time:5014
ETask 75: Configuration:0 Energy:0.00 Power:0.00 Reward:0.00 Time:5025
ETask 76: Configuration:0 Energy:0.00 Power:0.00 Reward:0.00 Time:5023
ETask 77: Configuration:0 Energy:0.00 Power:0.00 Reward:0.00 Time:5023
ETask 78: Configuration:0 Energy:0.00 Power:0.00 Reward:0.00 Time:5014
ETask 79: Configuration:0 Energy:0.00 Power:0.00 Reward:0.00 Time:5022
ETask 80: Configuration:0 Energy:0.00 Power:0.00 Reward:0.00 Time:5021
ETask 81: Configuration:0 Energy:0.00 Power:0.00 Reward:0.00 Time:5024
ETask 82: Configuration:0 Energy:0.00 Power:0.00 Reward:0.00 Time:5021
ETask 83: Configuration:0 Energy:0.00 Power:0.00 Reward:0.00 Time:5024
ETask 84: Configuration:0 Energy:0.00 Power:0.00 Reward:0.00 Time:5008
ETask 85: Configuration:0 Energy:0.00 Power:0.00 Reward:0.00 Time:5026
ETask 86: Configuration:0 Energy:0.00 Power:0.00 Reward:0.00 Time:5026
ETask 87: Configuration:0 Energy:0.00 Power:0.00 Reward:0.00 Time:5022
ETask 88: Configuration:0 Energy:0.00 Power:0.00 Reward:0.00 Time:5012
ETask 89: Configuration:0 Energy:0.00 Power:0.00 Reward:0.00 Time:5023
ETask 90: Configuration:0 Energy:0.00 Power:0.00 Reward:0.00 Time:5020
ETask 91: Configuration:0 Energy:0.00 Power:0.00 Reward:0.00 Time:5021
ETask 92: Configuration:0 Energy:0.00 Power:0.00 Reward:0.00 Time:5011
ETask 93: Configuration:0 Energy:0.00 Power:0.00 Reward:0.00 Time:5022
ETask 94: Configuration:0 Energy:0.00 Power:0.00 Reward:0.00 Time:5030
ETask 95: Configuration:0 Energy:0.00 Power:0.00 Reward:0.00 Time:5026
ETask 96: Configuration:0 Energy:0.00 Power:0.00 Reward:0.00 Time:5013
ETask 97: Configuration:0 Energy:0.00 Power:0.00 Reward:0.00 Time:5023
ETask 98: Configuration:0 Energy:0.00 Power:0.00 Reward:0.00 Time:5025
ETask 99: Configuration:0 Energy:0.00 Power:0.00 Reward:0.00 Time:5023
ETask 100: Configuration:0 Energy:0.00 Power:0.00 Reward:0.00 Time:5012
ETask 101: Configuration:0 Energy:0.00 Power:0.00 Reward:0.00 Time:5024
ETask 102: Configuration:0 Energy:0.00 Power:0.00 Reward:0.00 Time:5011
ETask 103: Configuration:0 Energy:0.00 Power:0.00 Reward:0.00 Time:5024
ETask 104: Configuration:0 Energy:0.00 Power:0.00 Reward:0.00 Time:5015
ETask 105: Configuration:0 Energy:0.00 Power:0.00 Reward:0.00 Time:5022
ETask 106: Configuration:0 Energy:0.00 Power:0.00 Reward:0.00 Time:5029
ETask 107: Configuration:0 Energy:0.00 Power:0.00 Reward:0.00 Time:5022
ETask 108: Configuration:0 Energy:0.00 Power:0.00 Reward:0.00 Time:5013
ETask 109: Configuration:0 Energy:0.00 Power:0.00 Reward:0.00 Time:5022
ETask 110: Configuration:0 Energy:0.00 Power:0.00 Reward:0.00 Time:5025
ETask 111: Configuration:0 Energy:0.00 Power:0.00 Reward:0.00 Time:5022
ETask 112: Configuration:0 Energy:0.00 Power:0.00 Reward:0.00 Time:5010
ETask 113: Configuration:0 Energy:0.00 Power:0.00 Reward:0.00 Time:5017
ETask 114: Configuration:0 Energy:0.00 Power:0.00 Reward:0.00 Time:5011
ETask 115: Configuration:0 Energy:0.00 Power:0.00 Reward:0.00 Time:5021
ETask 116: Configuration:0 Energy:0.00 Power:0.00 Reward:0.00 Time:5025
ETask 117: Configuration:0 Energy:0.00 Power:0.00 Reward:0.00 Time:5029
ETask 118: Configuration:0 Energy:0.00 Power:0.00 Reward:0.00 Time:5016
ETask 119: Configuration:0 Energy:0.00 Power:0.00 Reward:0.00 Time:5025
ETask 120: Configuration:0 Energy:0.00 Power:0.00 Reward:0.00 Time:5025
ETask 121: Configuration:0 Energy:0.00 Power:0.00 Reward:0.00 Time:5026
ETask 122: Configuration:0 Energy:0.00 Power:0.00 Reward:0.00 Time:5012
ETask 123: Configuration:0 Energy:0.00 Power:0.00 Reward:0.00 Time:5011
ETask 124: Configuration:0 Energy:0.00 Power:0.00 Reward:0.00 Time:5013
ETask 125: Configuration:0 Energy:0.00 Power:0.00 Reward:0.00 Time:5024
ETask 126: Configuration:0 Energy:0.00 Power:0.00 Reward:0.00 Time:5011
ETask 127: Configuration:0 Energy:0.00 Power:0.00 Reward:0.00 Time:5021
ETask 128: Configuration:0 Energy:0.00 Power:0.00 Reward:0.00 Time:5026
ETask 129: Configuration:0 Energy:0.00 Power:0.00 Reward:0.00 Time:5022
ETask 130: Configuration:0 Energy:0.00 Power:0.00 Reward:0.00 Time:5013
ETask 131: Configuration:0 Energy:0.00 Power:0.00 Reward:0.00 Time:5023
ETask 132: Configuration:0 Energy:0.00 Power:0.00 Reward:0.00 Time:5018
ETask 133: Configuration:0 Energy:0.00 Power:0.00 Reward:0.00 Time:5020
ETask 134: Configuration:0 Energy:0.00 Power:0.00 Reward:0.00 Time:5012
ETask 135: Configuration:0 Energy:0.00 Power:0.00 Reward:0.00 Time:5025
ETask 136: Configuration:0 Energy:0.00 Power:0.00 Reward:0.00 Time:5022
ETask 137: Configuration:0 Energy:0.00 Power:0.00 Reward:0.00 Time:5022
ETask 138: Configuration:0 Energy:0.00 Power:0.00 Reward:0.00 Time:5008
ETask 139: Configuration:0 Energy:0.00 Power:0.00 Reward:0.00 Time:5025
ETask 140: Configuration:0 Energy:0.00 Power:0.00 Reward:0.00 Time:5024
ETask 141: Configuration:0 Energy:0.00 Power:0.00 Reward:0.00 Time:5023
ETask 142: Configuration:0 Energy:0.00 Power:0.00 Reward:0.00 Time:5024
ETask 143: Configuration:0 Energy:0.00 Power:0.00 Reward:0.00 Time:5023
ETask 144: Configuration:0 Energy:0.00 Power:0.00 Reward:0.00 Time:5023
ETask 145: Configuration:0 Energy:0.00 Power:0.00 Reward:0.00 Time:5022
ETask 146: Configuration:0 Energy:0.00 Power:0.00 Reward:0.00 Time:5022
ETask 147: Configuration:0 Energy:0.00 Power:0.00 Reward:0.00 Time:5022
ETask 148: Configuration:0 Energy:0.00 Power:0.00 Reward:0.00 Time:5022
ETask 149: Configuration:0 Energy:0.00 Power:0.00 Reward:0.00 Time:5020
ETask 150: Configuration:0 Energy:0.00 Power:0.00 Reward:0.00 Time:5021
ETask 151: Configuration:0 Energy:0.00 Power:0.00 Reward:0.00 Time:5022
ETask 152: Configuration:0 Energy:0.00 Power:0.00 Reward:0.00 Time:5025
ETask 153: Configuration:0 Energy:0.00 Power:0.00 Reward:0.00 Time:5024
ETask 154: Configuration:0 Energy:0.00 Power:0.00 Reward:0.00 Time:5025
ETask 155: Configuration:0 Energy:0.00 Power:0.00 Reward:0.00 Time:5025
ETask 156: Configuration:0 Energy:0.00 Power:0.00 Reward:0.00 Time:5022
ETask 157: Configuration:0 Energy:0.00 Power:0.00 Reward:0.00 Time:5022
ETask 158: Configuration:0 Energy:0.00 Power:0.00 Reward:0.00 Time:5030
ETask 159: Configuration:0 Energy:0.00 Power:0.00 Reward:0.00 Time:5031
ETask 160: Configuration:0 Energy:0.00 Power:0.00 Reward:0.00 Time:5025
ETask 161: Configuration:0 Energy:0.00 Power:0.00 Reward:0.00 Time:5022
ETask 162: Configuration:0 Energy:0.00 Power:0.00 Reward:0.00 Time:5023
ETask 163: Configuration:0 Energy:0.00 Power:0.00 Reward:0.00 Time:5022
ETask 164: Configuration:0 Energy:0.00 Power:0.00 Reward:0.00 Time:5022
ETask 165: Configuration:0 Energy:0.00 Power:0.00 Reward:0.00 Time:5022
ETask 166: Configuration:0 Energy:0.00 Power:0.00 Reward:0.00 Time:5023
ETask 167: Configuration:0 Energy:0.00 Power:0.00 Reward:0.00 Time:5022
ETask 168: Configuration:0 Energy:0.00 Power:0.00 Reward:0.00 Time:5024
ETask 169: Configuration:0 Energy:0.00 Power:0.00 Reward:0.00 Time:5026
ETask 170: Configuration:0 Energy:0.00 Power:0.00 Reward:0.00 Time:5022
ETask 171: Configuration:0 Energy:0.00 Power:0.00 Reward:0.00 Time:5025
ETask 172: Configuration:0 Energy:0.00 Power:0.00 Reward:0.00 Time:5019
ETask 173: Configuration:0 Energy:0.00 Power:0.00 Reward:0.00 Time:5020
ETask 174: Configuration:0 Energy:0.00 Power:0.00 Reward:0.00 Time:5020
ETask 175: Configuration:0 Energy:0.00 Power:0.00 Reward:0.00 Time:5026
ETask 176: Configuration:0 Energy:0.00 Power:0.00 Reward:0.00 Time:5025
ETask 177: Configuration:0 Energy:0.00 Power:0.00 Reward:0.00 Time:5023
ETask 178: Configuration:0 Energy:0.00 Power:0.00 Reward:0.00 Time:5025
ETask 179: Configuration:0 Energy:0.00 Power:0.00 Reward:0.00 Time:5026
ETask 180: Configuration:0 Energy:0.00 Power:0.00 Reward:0.00 Time:5025
ETask 181: Configuration:0 Energy:0.00 Power:0.00 Reward:0.00 Time:5020
ETask 182: Configuration:0 Energy:0.00 Power:0.00 Reward:0.00 Time:5024
ETask 183: Configuration:0 Energy:0.00 Power:0.00 Reward:0.00 Time:5024
ETask 184: Configuration:0 Energy:0.00 Power:0.00 Reward:0.00 Time:5009
ETask 185: Configuration:0 Energy:0.00 Power:0.00 Reward:0.00 Time:5020
ETask 186: Configuration:0 Energy:0.00 Power:0.00 Reward:0.00 Time:5027
ETask 187: Configuration:0 Energy:0.00 Power:0.00 Reward:0.00 Time:5022
ETask 188: Configuration:0 Energy:0.00 Power:0.00 Reward:0.00 Time:5022
ETask 189: Configuration:0 Energy:0.00 Power:0.00 Reward:0.00 Time:5018
ETask 190: Configuration:0 Energy:0.00 Power:0.00 Reward:0.00 Time:5024
ETask 191: Configuration:0 Energy:0.00 Power:0.00 Reward:0.00 Time:5022
ETask 192: Configuration:0 Energy:0.00 Power:0.00 Reward:0.00 Time:5026
ETask 193: Configuration:0 Energy:0.00 Power:0.00 Reward:0.00 Time:5022
ETask 194: Configuration:0 Energy:0.00 Power:0.00 Reward:0.00 Time:5025
ETask 195: Configuration:0 Energy:0.00 Power:0.00 Reward:0.00 Time:5024
ETask 196: Configuration:0 Energy:0.00 Power:0.00 Reward:0.00 Time:5023
ETask 197: Configuration:0 Energy:0.00 Power:0.00 Reward:0.00 Time:5022
ETask 198: Configuration:0 Energy:0.00 Power:0.00 Reward:0.00 Time:5022
ETask 199: Configuration:0 Energy:0.00 Power:0.00 Reward:0.00 Time:5022
ETask 200: Configuration:0 Energy:0.00 Power:0.00 Reward:0.00 Time:5023
ETask 201: Configuration:0 Energy:0.00 Power:0.00 Reward:0.00 Time:5022
ETask 202: Configuration:0 Energy:0.00 Power:0.00 Reward:0.00 Time:5024
ETask 203: Configuration:0 Energy:0.00 Power:0.00 Reward:0.00 Time:5023
ETask 204: Configuration:0 Energy:0.00 Power:0.00 Reward:0.00 Time:5023
ETask 205: Configuration:0 Energy:0.00 Power:0.00 Reward:0.00 Time:5022
ETask 206: Configuration:0 Energy:0.00 Power:0.00 Reward:0.00 Time:5020
ETask 207: Configuration:0 Energy:0.00 Power:0.00 Reward:0.00 Time:5024
ETask 208: Configuration:0 Energy:0.00 Power:0.00 Reward:0.00 Time:5023
ETask 209: Configuration:0 Energy:0.00 Power:0.00 Reward:0.00 Time:5025
ETask 210: Configuration:0 Energy:0.00 Power:0.00 Reward:0.00 Time:5024
ETask 211: Configuration:0 Energy:0.00 Power:0.00 Reward:0.00 Time:5024
ETask 212: Configuration:0 Energy:0.00 Power:0.00 Reward:0.00 Time:5025
ETask 213: Configuration:0 Energy:0.00 Power:0.00 Reward:0.00 Time:5023
ETask 214: Configuration:0 Energy:0.00 Power:0.00 Reward:0.00 Time:5032
ETask 215: Configuration:0 Energy:0.00 Power:0.00 Reward:0.00 Time:5022
ETask 216: Configuration:0 Energy:0.00 Power:0.00 Reward:0.00 Time:5022
ETask 217: Configuration:0 Energy:0.00 Power:0.00 Reward:0.00 Time:5018
ETask 218: Configuration:0 Energy:0.00 Power:0.00 Reward:0.00 Time:5022
ETask 219: Configuration:0 Energy:0.00 Power:0.00 Reward:0.00 Time:5024
ETask 220: Configuration:0 Energy:0.00 Power:0.00 Reward:0.00 Time:5030
ETask 221: Configuration:0 Energy:0.00 Power:0.00 Reward:0.00 Time:5019
ETask 222: Configuration:0 Energy:0.00 Power:0.00 Reward:0.00 Time:5026
ETask 223: Configuration:0 Energy:0.00 Power:0.00 Reward:0.00 Time:5023
ETask 224: Configuration:0 Energy:0.00 Power:0.00 Reward:0.00 Time:5024
ETask 225: Configuration:0 Energy:0.00 Power:0.00 Reward:0.00 Time:5025
ETask 226: Configuration:0 Energy:0.00 Power:0.00 Reward:0.00 Time:5025
ETask 227: Configuration:0 Energy:0.00 Power:0.00 Reward:0.00 Time:5023
ETask 228: Configuration:0 Energy:0.00 Power:0.00 Reward:0.00 Time:5024
ETask 229: Configuration:0 Energy:0.00 Power:0.00 Reward:0.00 Time:5018
ETask 230: Configuration:0 Energy:0.00 Power:0.00 Reward:0.00 Time:5022
ETask 231: Configuration:0 Energy:0.00 Power:0.00 Reward:0.00 Time:5016
ETask 232: Configuration:0 Energy:0.00 Power:0.00 Reward:0.00 Time:5024
ETask 233: Configuration:0 Energy:0.00 Power:0.00 Reward:0.00 Time:5012
ETask 234: Configuration:0 Energy:0.00 Power:0.00 Reward:0.00 Time:5029
ETask 235: Configuration:0 Energy:0.00 Power:0.00 Reward:0.00 Time:5023
ETask 236: Configuration:0 Energy:0.00 Power:0.00 Reward:0.00 Time:5023
ETask 237: Configuration:0 Energy:0.00 Power:0.00 Reward:0.00 Time:5023
ETask 238: Configuration:0 Energy:0.00 Power:0.00 Reward:0.00 Time:5024
ETask 239: Configuration:0 Energy:0.00 Power:0.00 Reward:0.00 Time:5012
ETask 240: Configuration:0 Energy:0.00 Power:0.00 Reward:0.00 Time:5024
ETask 241: Configuration:0 Energy:0.00 Power:0.00 Reward:0.00 Time:5022
ETask 242: Configuration:0 Energy:0.00 Power:0.00 Reward:0.00 Time:5026
ETask 243: Configuration:0 Energy:0.00 Power:0.00 Reward:0.00 Time:5009
ETask 244: Configuration:0 Energy:0.00 Power:0.00 Reward:0.00 Time:5022
ETask 245: Configuration:0 Energy:0.00 Power:0.00 Reward:0.00 Time:5011
ETask 246: Configuration:0 Energy:0.00 Power:0.00 Reward:0.00 Time:5020
ETask 247: Configuration:0 Energy:0.00 Power:0.00 Reward:0.00 Time:5010
ETask 248: Configuration:0 Energy:0.00 Power:0.00 Reward:0.00 Time:5022
ETask 249: Configuration:0 Energy:0.00 Power:0.00 Reward:0.00 Time:5021
ETask 250: Configuration:0 Energy:0.00 Power:0.00 Reward:0.00 Time:5024
ETask 251: Configuration:0 Energy:0.00 Power:0.00 Reward:0.00 Time:5021
ETask 252: Configuration:0 Energy:0.00 Power:0.00 Reward:0.00 Time:5030
ETask 253: Configuration:0 Energy:0.00 Power:0.00 Reward:0.00 Time:5020
ETask 254: Configuration:0 Energy:0.00 Power:0.00 Reward:0.00 Time:5023
ETask 255: Configuration:0 Energy:0.00 Power:0.00 Reward:0.00 Time:5011
ETask 256: Configuration:0 Energy:0.00 Power:0.00 Reward:0.00 Time:5021
ETask 257: Configuration:0 Energy:0.00 Power:0.00 Reward:0.00 Time:5009
ETask 258: Configuration:0 Energy:0.00 Power:0.00 Reward:0.00 Time:5031
ETask 259: Configuration:0 Energy:0.00 Power:0.00 Reward:0.00 Time:5022
ETask 260: Configuration:0 Energy:0.00 Power:0.00 Reward:0.00 Time:5022
ETask 261: Configuration:0 Energy:0.00 Power:0.00 Reward:0.00 Time:5015
ETask 262: Configuration:0 Energy:0.00 Power:0.00 Reward:0.00 Time:5023
ETask 263: Configuration:0 Energy:0.00 Power:0.00 Reward:0.00 Time:5029
ETask 264: Configuration:0 Energy:0.00 Power:0.00 Reward:0.00 Time:5028
ETask 265: Configuration:0 Energy:0.00 Power:0.00 Reward:0.00 Time:5009
ETask 266: Configuration:0 Energy:0.00 Power:0.00 Reward:0.00 Time:5024
ETask 267: Configuration:0 Energy:0.00 Power:0.00 Reward:0.00 Time:5010
ETask 268: Configuration:0 Energy:0.00 Power:0.00 Reward:0.00 Time:5025
ETask 269: Configuration:0 Energy:0.00 Power:0.00 Reward:0.00 Time:5024
ETask 270: Configuration:0 Energy:0.00 Power:0.00 Reward:0.00 Time:5026
ETask 271: Configuration:0 Energy:0.00 Power:0.00 Reward:0.00 Time:5014
ETask 272: Configuration:0 Energy:0.00 Power:0.00 Reward:0.00 Time:5022
ETask 273: Configuration:0 Energy:0.00 Power:0.00 Reward:0.00 Time:5010
ETask 274: Configuration:0 Energy:0.00 Power:0.00 Reward:0.00 Time:5023
ETask 275: Configuration:0 Energy:0.00 Power:0.00 Reward:0.00 Time:5008
ETask 276: Configuration:0 Energy:0.00 Power:0.00 Reward:0.00 Time:5024
ETask 277: Configuration:0 Energy:0.00 Power:0.00 Reward:0.00 Time:5023
ETask 278: Configuration:0 Energy:0.00 Power:0.00 Reward:0.00 Time:5022
ETask 279: Configuration:0 Energy:0.00 Power:0.00 Reward:0.00 Time:5014
ETask 280: Configuration:0 Energy:0.00 Power:0.00 Reward:0.00 Time:5024
ETask 281: Configuration:0 Energy:0.00 Power:0.00 Reward:0.00 Time:5013
ETask 282: Configuration:0 Energy:0.00 Power:0.00 Reward:0.00 Time:5024
ETask 283: Configuration:0 Energy:0.00 Power:0.00 Reward:0.00 Time:5026
ETask 284: Configuration:0 Energy:0.00 Power:0.00 Reward:0.00 Time:5024
ETask 285: Configuration:0 Energy:0.00 Power:0.00 Reward:0.00 Time:5012
ETask 286: Configuration:0 Energy:0.00 Power:0.00 Reward:0.00 Time:5026
ETask 287: Configuration:0 Energy:0.00 Power:0.00 Reward:0.00 Time:5024
ETask 288: Configuration:0 Energy:0.00 Power:0.00 Reward:0.00 Time:5022
ETask 289: Configuration:0 Energy:0.00 Power:0.00 Reward:0.00 Time:5011
ETask 290: Configuration:0 Energy:0.00 Power:0.00 Reward:0.00 Time:5023
ETask 291: Configuration:0 Energy:0.00 Power:0.00 Reward:0.00 Time:5011
ETask 292: Configuration:0 Energy:0.00 Power:0.00 Reward:0.00 Time:5023
ETask 293: Configuration:0 Energy:0.00 Power:0.00 Reward:0.00 Time:5025
ETask 294: Configuration:0 Energy:0.00 Power:0.00 Reward:0.00 Time:5020
ETask 295: Configuration:0 Energy:0.00 Power:0.00 Reward:0.00 Time:5020
ETask 296: Configuration:0 Energy:0.00 Power:0.00 Reward:0.00 Time:5024
ETask 297: Configuration:0 Energy:0.00 Power:0.00 Reward:0.00 Time:5009
ETask 298: Configuration:0 Energy:0.00 Power:0.00 Reward:0.00 Time:5024
ETask 299: Configuration:0 Energy:0.00 Power:0.00 Reward:0.00 Time:5025
ETask 300: Configuration:0 Energy:0.00 Power:0.00 Reward:0.00 Time:5022
ETask 301: Configuration:0 Energy:0.00 Power:0.00 Reward:0.00 Time:5024
ETask 302: Configuration:0 Energy:0.00 Power:0.00 Reward:0.00 Time:5022
ETask 303: Configuration:0 Energy:0.00 Power:0.00 Reward:0.00 Time:5034
ETask 304: Configuration:0 Energy:0.00 Power:0.00 Reward:0.00 Time:5030
ETask 305: Configuration:0 Energy:0.00 Power:0.00 Reward:0.00 Time:5023
ETask 306: Configuration:0 Energy:0.00 Power:0.00 Reward:0.00 Time:5023
ETask 307: Configuration:0 Energy:0.00 Power:0.00 Reward:0.00 Time:5023
ETask 308: Configuration:0 Energy:0.00 Power:0.00 Reward:0.00 Time:5022
ETask 309: Configuration:0 Energy:0.00 Power:0.00 Reward:0.00 Time:5021
ETask 310: Configuration:0 Energy:0.00 Power:0.00 Reward:0.00 Time:5021
ETask 311: Configuration:0 Energy:0.00 Power:0.00 Reward:0.00 Time:5028
ETask 312: Configuration:0 Energy:0.00 Power:0.00 Reward:0.00 Time:5020
ETask 313: Configuration:0 Energy:0.00 Power:0.00 Reward:0.00 Time:5021
ETask 314: Configuration:0 Energy:0.00 Power:0.00 Reward:0.00 Time:5025
ETask 315: Configuration:0 Energy:0.00 Power:0.00 Reward:0.00 Time:5026
ETask 316: Configuration:0 Energy:0.00 Power:0.00 Reward:0.00 Time:5027
ETask 317: Configuration:0 Energy:0.00 Power:0.00 Reward:0.00 Time:5024
ETask 318: Configuration:0 Energy:0.00 Power:0.00 Reward:0.00 Time:5024
ETask 319: Configuration:0 Energy:0.00 Power:0.00 Reward:0.00 Time:5026
ETask 320: Configuration:0 Energy:0.00 Power:0.00 Reward:0.00 Time:5024
ETask 321: Configuration:0 Energy:0.00 Power:0.00 Reward:0.00 Time:5024
ETask 322: Configuration:0 Energy:0.00 Power:0.00 Reward:0.00 Time:5024
ETask 323: Configuration:0 Energy:0.00 Power:0.00 Reward:0.00 Time:5027
ETask 324: Configuration:0 Energy:0.00 Power:0.00 Reward:0.00 Time:5023
ETask 325: Configuration:0 Energy:0.00 Power:0.00 Reward:0.00 Time:5023
ETask 326: Configuration:0 Energy:0.00 Power:0.00 Reward:0.00 Time:5026
ETask 327: Configuration:0 Energy:0.00 Power:0.00 Reward:0.00 Time:5027
ETask 328: Configuration:0 Energy:0.00 Power:0.00 Reward:0.00 Time:5024
ETask 329: Configuration:0 Energy:0.00 Power:0.00 Reward:0.00 Time:5032
ETask 330: Configuration:0 Energy:0.00 Power:0.00 Reward:0.00 Time:5027
ETask 331: Configuration:0 Energy:0.00 Power:0.00 Reward:0.00 Time:5024
ETask 332: Configuration:0 Energy:0.00 Power:0.00 Reward:0.00 Time:5024
ETask 333: Configuration:0 Energy:0.00 Power:0.00 Reward:0.00 Time:5026
ETask 334: Configuration:0 Energy:0.00 Power:0.00 Reward:0.00 Time:5023
ETask 335: Configuration:0 Energy:0.00 Power:0.00 Reward:0.00 Time:5022
ETask 336: Configuration:0 Energy:0.00 Power:0.00 Reward:0.00 Time:5021
ETask 337: Configuration:0 Energy:0.00 Power:0.00 Reward:0.00 Time:5022
ETask 338: Configuration:0 Energy:0.00 Power:0.00 Reward:0.00 Time:5021
ETask 339: Configuration:0 Energy:0.00 Power:0.00 Reward:0.00 Time:5033
ETask 340: Configuration:0 Energy:0.00 Power:0.00 Reward:0.00 Time:5022
ETask 341: Configuration:0 Energy:0.00 Power:0.00 Reward:0.00 Time:5022
ETask 342: Configuration:0 Energy:0.00 Power:0.00 Reward:0.00 Time:5021
ETask 343: Configuration:0 Energy:0.00 Power:0.00 Reward:0.00 Time:5023
ETask 344: Configuration:0 Energy:0.00 Power:0.00 Reward:0.00 Time:5022
ETask 345: Configuration:0 Energy:0.00 Power:0.00 Reward:0.00 Time:5022
ETask 346: Configuration:0 Energy:0.00 Power:0.00 Reward:0.00 Time:5025
ETask 347: Configuration:0 Energy:0.00 Power:0.00 Reward:0.00 Time:5020
ETask 348: Configuration:0 Energy:0.00 Power:0.00 Reward:0.00 Time:5017
ETask 349: Configuration:0 Energy:0.00 Power:0.00 Reward:0.00 Time:5023
ETask 350: Configuration:0 Energy:0.00 Power:0.00 Reward:0.00 Time:5025
ETask 351: Configuration:0 Energy:0.00 Power:0.00 Reward:0.00 Time:5025
ETask 352: Configuration:0 Energy:0.00 Power:0.00 Reward:0.00 Time:5023
ETask 353: Configuration:0 Energy:0.00 Power:0.00 Reward:0.00 Time:5026
ETask 354: Configuration:0 Energy:0.00 Power:0.00 Reward:0.00 Time:5025
ETask 355: Configuration:0 Energy:0.00 Power:0.00 Reward:0.00 Time:5020
ETask 356: Configuration:0 Energy:0.00 Power:0.00 Reward:0.00 Time:5024
ETask 357: Configuration:0 Energy:0.00 Power:0.00 Reward:0.00 Time:5027
STOKE: End Bat: 0.940000
STOKE: Usage Bat: 0.060000
ERun: Reward:0.00 PostConfigReward:0.00 Time:1797695
