==RUN-0==
Signal: Info:LTE dBM:-104 level:3
STOKE: LOC: Got location 42.310161 -75.350145 with 3000.000000 accuracy
STOKE: LOC: Got location 42.318685 -75.339214 with 3500.000000 accuracy
Signal: Info:LTE dBM:-105 level:3
ETask 1: Configuration:0 Energy:3.40 Power:3.40 Reward:3.40 Time:5041
STOKE: LOC: Got location 42.310161 -75.350145 with 3000.000000 accuracy
Signal: Info:LTE dBM:-103 level:3
ETask 2: Configuration:0 Energy:8.20 Power:8.20 Reward:8.20 Time:5011
STOKE: LOC: Got location 42.310161 -75.350145 with 3000.000000 accuracy
Signal: Info:LTE dBM:-103 level:3
ETask 3: Configuration:0 Energy:9.40 Power:9.40 Reward:9.40 Time:5023
STOKE: LOC: Got location 42.310161 -75.350145 with 3000.000000 accuracy
Signal: Info:LTE dBM:-105 level:3
ETask 4: Configuration:0 Energy:0.80 Power:0.80 Reward:0.80 Time:5028
STOKE: LOC: Got location 42.310161 -75.350145 with 3000.000000 accuracy
Signal: Info:LTE dBM:-104 level:3
ETask 5: Configuration:0 Energy:0.80 Power:0.80 Reward:0.80 Time:5032
STOKE: LOC: Got location 42.310161 -75.350145 with 3000.000000 accuracy
Signal: Info:LTE dBM:-111 level:2
ETask 6: Configuration:0 Energy:0.50 Power:0.50 Reward:0.50 Time:5033
STOKE: LOC: Got location 42.310161 -75.350145 with 3000.000000 accuracy
Signal: Info:LTE dBM:-104 level:3
ETask 7: Configuration:0 Energy:0.40 Power:0.40 Reward:0.40 Time:5033
STOKE: LOC: Got location 42.310161 -75.350145 with 3000.000000 accuracy
Signal: Info:LTE dBM:-99 level:3
ETask 8: Configuration:0 Energy:0.40 Power:0.40 Reward:0.40 Time:5037
STOKE: LOC: Got location 42.310161 -75.350145 with 3000.000000 accuracy
Signal: Info:LTE dBM:-95 level:4
ETask 9: Configuration:0 Energy:0.40 Power:0.40 Reward:0.40 Time:5026
STOKE: LOC: Got location 42.310161 -75.350145 with 3000.000000 accuracy
Signal: Info:LTE dBM:-97 level:3
ETask 10: Configuration:0 Energy:0.80 Power:0.80 Reward:0.80 Time:5033
STOKE: LOC: Got location 42.310161 -75.350145 with 3000.000000 accuracy
Signal: Info:LTE dBM:-101 level:3
ETask 11: Configuration:0 Energy:0.80 Power:0.80 Reward:0.80 Time:5026
STOKE: LOC: Got location 42.310161 -75.350145 with 3000.000000 accuracy
ERun: Reward:25.90 PostConfigReward:0.00 Time:57141
==RUN-1==
Signal: Info:LTE dBM:-98 level:3
STOKE: LOC: Got location 42.310161 -75.350145 with 3000.000000 accuracy
STOKE: LOC: Got location 42.318685 -75.339214 with 3500.000000 accuracy
Signal: Info:LTE dBM:-98 level:3
ETask 1: Configuration:0 Energy:3.50 Power:3.50 Reward:3.50 Time:5034
STOKE: LOC: Got location 42.310161 -75.350145 with 3000.000000 accuracy
Signal: Info:LTE dBM:-92 level:4
ETask 2: Configuration:0 Energy:8.20 Power:8.20 Reward:8.20 Time:5019
STOKE: LOC: Got location 42.310161 -75.350145 with 3000.000000 accuracy
Signal: Info:LTE dBM:-96 level:3
ETask 3: Configuration:0 Energy:9.20 Power:9.20 Reward:9.20 Time:5029
STOKE: LOC: Got location 42.310161 -75.350145 with 3000.000000 accuracy
Signal: Info:LTE dBM:-104 level:3
ETask 4: Configuration:0 Energy:0.80 Power:0.80 Reward:0.80 Time:5031
STOKE: LOC: Got location 42.310161 -75.350145 with 3000.000000 accuracy
Signal: Info:LTE dBM:-101 level:3
ETask 5: Configuration:0 Energy:1.20 Power:1.20 Reward:1.20 Time:5027
STOKE: LOC: Got location 42.310161 -75.350145 with 3000.000000 accuracy
Signal: Info:LTE dBM:-105 level:3
ETask 6: Configuration:0 Energy:0.80 Power:0.80 Reward:0.80 Time:5039
STOKE: LOC: Got location 42.310161 -75.350145 with 3000.000000 accuracy
Signal: Info:LTE dBM:-110 level:2
ETask 7: Configuration:0 Energy:0.50 Power:0.50 Reward:0.50 Time:5035
STOKE: LOC: Got location 42.310161 -75.350145 with 3000.000000 accuracy
Signal: Info:LTE dBM:-96 level:3
ETask 8: Configuration:0 Energy:0.80 Power:0.80 Reward:0.80 Time:5027
STOKE: LOC: Got location 42.323291 -75.307508 with 3400.000000 accuracy
Signal: Info:LTE dBM:-113 level:2
ETask 9: Configuration:0 Energy:0.50 Power:0.50 Reward:0.50 Time:5027
STOKE: LOC: Got location 42.310161 -75.350145 with 3000.000000 accuracy
Signal: Info:LTE dBM:-118 level:1
ETask 10: Configuration:0 Energy:1.00 Power:1.00 Reward:1.00 Time:5026
STOKE: LOC: Got location 42.310161 -75.350145 with 3000.000000 accuracy
Signal: Info:LTE dBM:-119 level:1
ETask 11: Configuration:0 Energy:0.70 Power:0.70 Reward:0.70 Time:5044
STOKE: LOC: Got location 42.310161 -75.350145 with 3000.000000 accuracy
ERun: Reward:27.20 PostConfigReward:0.00 Time:57270
==RUN-2==
Signal: Info:LTE dBM:-120 level:1
STOKE: LOC: Got location 42.323291 -75.307508 with 3400.000000 accuracy
STOKE: LOC: Got location 42.318685 -75.339214 with 3500.000000 accuracy
Signal: Info:LTE dBM:-113 level:2
ETask 1: Configuration:0 Energy:4.50 Power:4.50 Reward:4.50 Time:5041
STOKE: LOC: Got location 42.316430 -75.345044 with 2900.000000 accuracy
Signal: Info:LTE dBM:-109 level:2
ETask 2: Configuration:0 Energy:8.60 Power:8.60 Reward:8.60 Time:5014
STOKE: LOC: Got location 42.310161 -75.350145 with 3000.000000 accuracy
Signal: Info:LTE dBM:-102 level:3
ETask 3: Configuration:0 Energy:9.80 Power:9.80 Reward:9.80 Time:5033
STOKE: LOC: Got location 42.310161 -75.350145 with 3000.000000 accuracy
Signal: Info:LTE dBM:-106 level:2
ETask 4: Configuration:0 Energy:0.40 Power:0.40 Reward:0.40 Time:5030
STOKE: LOC: Got location 42.310161 -75.350145 with 3000.000000 accuracy
Signal: Info:LTE dBM:-91 level:4
ETask 5: Configuration:0 Energy:1.10 Power:1.10 Reward:1.10 Time:5032
STOKE: LOC: Got location 42.310161 -75.350145 with 3000.000000 accuracy
Signal: Info:LTE dBM:-100 level:3
ETask 6: Configuration:0 Energy:0.80 Power:0.80 Reward:0.80 Time:5030
STOKE: LOC: Got location 42.310161 -75.350145 with 3000.000000 accuracy
Signal: Info:LTE dBM:-101 level:3
ETask 7: Configuration:0 Energy:0.80 Power:0.80 Reward:0.80 Time:5029
STOKE: LOC: Got location 42.310161 -75.350145 with 3000.000000 accuracy
Signal: Info:LTE dBM:-98 level:3
ETask 8: Configuration:0 Energy:0.90 Power:0.90 Reward:0.90 Time:5030
STOKE: LOC: Got location 42.310161 -75.350145 with 3000.000000 accuracy
Signal: Info:LTE dBM:-99 level:3
ETask 9: Configuration:0 Energy:0.80 Power:0.80 Reward:0.80 Time:5032
STOKE: LOC: Got location 42.310161 -75.350145 with 3000.000000 accuracy
Signal: Info:LTE dBM:-97 level:3
ETask 10: Configuration:0 Energy:0.70 Power:0.70 Reward:0.70 Time:5036
STOKE: LOC: Got location 42.310161 -75.350145 with 3000.000000 accuracy
Signal: Info:LTE dBM:-103 level:3
ETask 11: Configuration:0 Energy:0.60 Power:0.60 Reward:0.60 Time:5034
STOKE: LOC: Got location 42.318685 -75.339214 with 3500.000000 accuracy
ERun: Reward:29.00 PostConfigReward:0.00 Time:57170
==RUN-3==
Signal: Info:LTE dBM:-97 level:3
STOKE: LOC: Got location 42.310161 -75.350145 with 3000.000000 accuracy
STOKE: LOC: Got location 42.318685 -75.339214 with 3500.000000 accuracy
Signal: Info:LTE dBM:-102 level:3
ETask 1: Configuration:0 Energy:3.10 Power:3.10 Reward:3.10 Time:5035
STOKE: LOC: Got location 42.310161 -75.350145 with 3000.000000 accuracy
Signal: Info:LTE dBM:-98 level:3
ETask 2: Configuration:0 Energy:9.40 Power:9.40 Reward:9.40 Time:5018
STOKE: LOC: Got location 42.310161 -75.350145 with 3000.000000 accuracy
Signal: Info:LTE dBM:-91 level:4
ETask 3: Configuration:0 Energy:8.10 Power:8.10 Reward:8.10 Time:5030
STOKE: LOC: Got location 42.325670 -75.311882 with 800.000000 accuracy
Signal: Info:LTE dBM:-91 level:4
ETask 4: Configuration:0 Energy:0.40 Power:0.40 Reward:0.40 Time:5028
STOKE: LOC: Got location 42.325670 -75.311882 with 800.000000 accuracy
Signal: Info:LTE dBM:-103 level:3
ETask 5: Configuration:0 Energy:0.50 Power:0.50 Reward:0.50 Time:5031
STOKE: LOC: Got location 42.325670 -75.311882 with 800.000000 accuracy
Signal: Info:LTE dBM:-108 level:2
ETask 6: Configuration:0 Energy:0.50 Power:0.50 Reward:0.50 Time:5029
STOKE: LOC: Got location 42.325670 -75.311882 with 800.000000 accuracy
Signal: Info:LTE dBM:-103 level:3
ETask 7: Configuration:0 Energy:0.70 Power:0.70 Reward:0.70 Time:5030
STOKE: LOC: Got location 42.325670 -75.311882 with 800.000000 accuracy
Signal: Info:LTE dBM:-108 level:2
ETask 8: Configuration:0 Energy:0.70 Power:0.70 Reward:0.70 Time:5032
STOKE: LOC: Got location 42.325670 -75.311882 with 800.000000 accuracy
Signal: Info:LTE dBM:-99 level:3
ETask 9: Configuration:0 Energy:0.70 Power:0.70 Reward:0.70 Time:5034
STOKE: LOC: Got location 42.331617 -75.302041 with 1899.999023 accuracy
Signal: Info:LTE dBM:-87 level:4
ETask 10: Configuration:0 Energy:0.70 Power:0.70 Reward:0.70 Time:5029
STOKE: LOC: Got location 42.331617 -75.302041 with 1899.999023 accuracy
Signal: Info:LTE dBM:-87 level:4
ETask 11: Configuration:0 Energy:0.40 Power:0.40 Reward:0.40 Time:5029
STOKE: LOC: Got location 42.331617 -75.302041 with 1899.999023 accuracy
ERun: Reward:25.20 PostConfigReward:0.00 Time:57245
==RUN-4==
Signal: Info:LTE dBM:-86 level:4
STOKE: LOC: Got location 42.327540 -75.289284 with 1200.000000 accuracy
STOKE: LOC: Got location 42.323291 -75.307508 with 3400.000000 accuracy
Signal: Info:LTE dBM:-96 level:3
ETask 1: Configuration:0 Energy:3.30 Power:3.30 Reward:3.30 Time:5032
STOKE: LOC: Got location 42.327540 -75.289284 with 1200.000000 accuracy
Signal: Info:LTE dBM:-94 level:4
ETask 2: Configuration:0 Energy:7.50 Power:7.50 Reward:7.50 Time:5018
STOKE: LOC: Got location 42.323497 -75.306779 with 3599.999023 accuracy
Signal: Info:LTE dBM:-99 level:3
ETask 3: Configuration:0 Energy:5.30 Power:5.30 Reward:5.30 Time:5031
STOKE: LOC: Got location 42.332219 -75.295116 with 2099.999023 accuracy
Signal: Info:LTE dBM:-91 level:4
ETask 4: Configuration:0 Energy:1.10 Power:1.10 Reward:1.10 Time:5031
STOKE: LOC: Got location 42.345630 -75.250276 with 1200.000000 accuracy
Signal: Info:LTE dBM:-92 level:4
ETask 5: Configuration:0 Energy:0.90 Power:0.90 Reward:0.90 Time:5025
STOKE: LOC: Got location 42.347224 -75.267047 with 3200.000000 accuracy
Signal: Info:LTE dBM:-90 level:4
ETask 6: Configuration:0 Energy:0.50 Power:0.50 Reward:0.50 Time:5034
STOKE: LOC: Got location 42.338512 -75.285638 with 1700.000000 accuracy
Signal: Info:LTE dBM:-93 level:4
ETask 7: Configuration:0 Energy:0.40 Power:0.40 Reward:0.40 Time:5035
STOKE: LOC: Got location 42.338512 -75.285638 with 1700.000000 accuracy
Signal: Info:LTE dBM:-99 level:3
ETask 8: Configuration:0 Energy:0.50 Power:0.50 Reward:0.50 Time:5030
STOKE: LOC: Got location 42.338512 -75.285638 with 1700.000000 accuracy
Signal: Info:LTE dBM:-106 level:2
ETask 9: Configuration:0 Energy:0.50 Power:0.50 Reward:0.50 Time:5035
STOKE: LOC: Got location 42.346291 -75.271422 with 2900.000000 accuracy
Signal: Info:LTE dBM:-98 level:3
ETask 10: Configuration:0 Energy:0.40 Power:0.40 Reward:0.40 Time:5023
STOKE: LOC: Got location 42.347224 -75.267047 with 3200.000000 accuracy
Signal: Info:LTE dBM:-94 level:4
ETask 11: Configuration:0 Energy:1.10 Power:1.10 Reward:1.10 Time:5031
ERun: Reward:21.50 PostConfigReward:0.00 Time:57029
==RUN-5==
Signal: Info:LTE dBM:-97 level:3
STOKE: LOC: Got location 42.347224 -75.267047 with 3200.000000 accuracy
STOKE: LOC: Got location 42.346291 -75.271422 with 2900.000000 accuracy
Signal: Info:LTE dBM:-90 level:4
ETask 1: Configuration:0 Energy:4.70 Power:4.70 Reward:4.70 Time:5034
STOKE: LOC: Got location 42.347224 -75.267047 with 3200.000000 accuracy
Signal: Info:LTE dBM:-110 level:2
ETask 2: Configuration:0 Energy:8.20 Power:8.20 Reward:8.20 Time:5022
STOKE: LOC: Got location 42.347224 -75.267047 with 3200.000000 accuracy
Signal: Info:LTE dBM:-103 level:3
ETask 3: Configuration:0 Energy:8.80 Power:8.80 Reward:8.80 Time:5028
STOKE: LOC: Got location 42.347224 -75.267047 with 3200.000000 accuracy
Signal: Info:LTE dBM:-99 level:3
ETask 4: Configuration:0 Energy:0.80 Power:0.80 Reward:0.80 Time:5031
STOKE: LOC: Got location 42.347224 -75.267047 with 3200.000000 accuracy
Signal: Info:LTE dBM:-99 level:3
ETask 5: Configuration:0 Energy:0.50 Power:0.50 Reward:0.50 Time:5029
STOKE: LOC: Got location 42.360753 -75.255380 with 2099.999023 accuracy
Signal: Info:LTE dBM:-103 level:3
ETask 6: Configuration:0 Energy:1.10 Power:1.10 Reward:1.10 Time:5029
STOKE: LOC: Got location 42.347224 -75.267047 with 3200.000000 accuracy
Signal: Info:LTE dBM:-105 level:3
ETask 7: Configuration:0 Energy:0.40 Power:0.40 Reward:0.40 Time:5032
STOKE: LOC: Got location 42.347224 -75.267047 with 3200.000000 accuracy
Signal: Info:LTE dBM:-97 level:3
ETask 8: Configuration:0 Energy:0.30 Power:0.30 Reward:0.30 Time:5031
STOKE: LOC: Got location 42.347224 -75.267047 with 3200.000000 accuracy
Signal: Info:LTE dBM:-102 level:3
ETask 9: Configuration:0 Energy:0.50 Power:0.50 Reward:0.50 Time:5027
STOKE: LOC: Got location 42.347224 -75.267047 with 3200.000000 accuracy
Signal: Info:LTE dBM:-104 level:3
ETask 10: Configuration:0 Energy:0.30 Power:0.30 Reward:0.30 Time:5033
STOKE: LOC: Got location 42.347224 -75.267047 with 3200.000000 accuracy
Signal: Info:LTE dBM:-96 level:3
ETask 11: Configuration:0 Energy:0.30 Power:0.30 Reward:0.30 Time:5029
STOKE: LOC: Got location 42.347224 -75.267047 with 3200.000000 accuracy
ERun: Reward:25.90 PostConfigReward:0.00 Time:57218
==RUN-6==
Signal: Info:LTE dBM:-97 level:3
STOKE: LOC: Got location 42.345630 -75.250276 with 1200.000000 accuracy
STOKE: LOC: Got location 42.346291 -75.271422 with 2900.000000 accuracy
Signal: Info:LTE dBM:-97 level:3
ETask 1: Configuration:0 Energy:4.80 Power:4.80 Reward:4.80 Time:5042
STOKE: LOC: Got location 42.360753 -75.255380 with 2099.999023 accuracy
Signal: Info:LTE dBM:-96 level:3
ETask 2: Configuration:0 Energy:8.40 Power:8.40 Reward:8.40 Time:5017
STOKE: LOC: Got location 42.345630 -75.250276 with 1200.000000 accuracy
Signal: Info:LTE dBM:-99 level:3
ETask 3: Configuration:0 Energy:4.00 Power:4.00 Reward:4.00 Time:5025
STOKE: LOC: Got location 42.347224 -75.267047 with 3200.000000 accuracy
Signal: Info:LTE dBM:-102 level:3
ETask 4: Configuration:0 Energy:0.80 Power:0.80 Reward:0.80 Time:5032
STOKE: LOC: Got location 42.347224 -75.267047 with 3200.000000 accuracy
Signal: Info:LTE dBM:-93 level:4
ETask 5: Configuration:0 Energy:0.80 Power:0.80 Reward:0.80 Time:5030
STOKE: LOC: Got location 42.347224 -75.267047 with 3200.000000 accuracy
Signal: Info:LTE dBM:-113 level:2
ETask 6: Configuration:0 Energy:0.40 Power:0.40 Reward:0.40 Time:5032
STOKE: LOC: Got location 42.347224 -75.267047 with 3200.000000 accuracy
Signal: Info:LTE dBM:-106 level:2
ETask 7: Configuration:0 Energy:0.50 Power:0.50 Reward:0.50 Time:5022
STOKE: LOC: Got location 42.323640 -75.307873 with 2400.000000 accuracy
Signal: Info:LTE dBM:-119 level:1
ETask 8: Configuration:0 Energy:0.70 Power:0.70 Reward:0.70 Time:5037
STOKE: LOC: Got location 42.323640 -75.307873 with 2400.000000 accuracy
Signal: Info:LTE dBM:-109 level:2
ETask 9: Configuration:0 Energy:0.60 Power:0.60 Reward:0.60 Time:5033
Signal: Info:LTE dBM:-110 level:2
ETask 10: Configuration:0 Energy:0.00 Power:0.00 Reward:0.00 Time:5032
STOKE: LOC: Got location 42.388627 -75.176608 with 2900.000000 accuracy
Signal: Info:LTE dBM:-109 level:2
ETask 11: Configuration:0 Energy:0.40 Power:0.40 Reward:0.40 Time:5030
ERun: Reward:21.40 PostConfigReward:0.00 Time:57033
==RUN-7==
Signal: Info:LTE dBM:-99 level:3
STOKE: LOC: Got location 42.388627 -75.176608 with 2900.000000 accuracy
STOKE: LOC: Got location 42.390816 -75.179527 with 2599.999023 accuracy
Signal: Info:LTE dBM:-104 level:3
ETask 1: Configuration:0 Energy:4.90 Power:4.90 Reward:4.90 Time:5045
STOKE: LOC: Got location 42.388627 -75.176608 with 2900.000000 accuracy
Signal: Info:LTE dBM:-105 level:3
ETask 2: Configuration:0 Energy:8.40 Power:8.40 Reward:8.40 Time:5016
STOKE: LOC: Got location 42.388627 -75.176608 with 2900.000000 accuracy
Signal: Info:LTE dBM:-109 level:2
ETask 3: Configuration:0 Energy:8.60 Power:8.60 Reward:8.60 Time:5027
STOKE: LOC: Got location 42.388627 -75.176608 with 2900.000000 accuracy
Signal: Info:LTE dBM:-109 level:2
ETask 4: Configuration:0 Energy:1.00 Power:1.00 Reward:1.00 Time:5029
STOKE: LOC: Got location 42.388627 -75.176608 with 2900.000000 accuracy
Signal: Info:LTE dBM:-105 level:3
ETask 5: Configuration:0 Energy:0.80 Power:0.80 Reward:0.80 Time:5037
STOKE: LOC: Got location 42.388627 -75.176608 with 2900.000000 accuracy
Signal: Info:LTE dBM:-103 level:3
ETask 6: Configuration:0 Energy:0.40 Power:0.40 Reward:0.40 Time:5030
STOKE: LOC: Got location 42.388627 -75.176608 with 2900.000000 accuracy
Signal: Info:LTE dBM:-107 level:2
ETask 7: Configuration:0 Energy:1.00 Power:1.00 Reward:1.00 Time:5030
STOKE: LOC: Got location 42.388627 -75.176608 with 2900.000000 accuracy
Signal: Info:LTE dBM:-111 level:2
ETask 8: Configuration:0 Energy:0.40 Power:0.40 Reward:0.40 Time:5031
STOKE: LOC: Got location 42.388627 -75.176608 with 2900.000000 accuracy
Signal: Info:LTE dBM:-110 level:2
ETask 9: Configuration:0 Energy:0.40 Power:0.40 Reward:0.40 Time:5030
STOKE: LOC: Got location 42.388627 -75.176608 with 2900.000000 accuracy
Signal: Info:LTE dBM:-110 level:2
ETask 10: Configuration:0 Energy:0.60 Power:0.60 Reward:0.60 Time:5028
STOKE: LOC: Got location 42.388627 -75.176608 with 2900.000000 accuracy
Signal: Info:LTE dBM:-106 level:2
ETask 11: Configuration:0 Energy:0.70 Power:0.70 Reward:0.70 Time:5033
STOKE: LOC: Got location 42.388627 -75.176608 with 2900.000000 accuracy
ERun: Reward:27.20 PostConfigReward:0.00 Time:57073
==RUN-8==
Signal: Info:LTE dBM:-95 level:4
STOKE: LOC: Got location 42.388627 -75.176608 with 2900.000000 accuracy
STOKE: LOC: Got location 42.388627 -75.176608 with 2900.000000 accuracy
Signal: Info:LTE dBM:-95 level:4
ETask 1: Configuration:0 Energy:3.50 Power:3.50 Reward:3.50 Time:5037
STOKE: LOC: Got location 42.388627 -75.176608 with 2900.000000 accuracy
Signal: Info:LTE dBM:-96 level:3
ETask 2: Configuration:0 Energy:8.40 Power:8.40 Reward:8.40 Time:5017
STOKE: LOC: Got location 42.388627 -75.176608 with 2900.000000 accuracy
Signal: Info:LTE dBM:-93 level:4
ETask 3: Configuration:0 Energy:8.60 Power:8.60 Reward:8.60 Time:5026
STOKE: LOC: Got location 42.383004 -75.186457 with 1200.000000 accuracy
Signal: Info:LTE dBM:-93 level:4
ETask 4: Configuration:0 Energy:1.20 Power:1.20 Reward:1.20 Time:5033
STOKE: LOC: Got location 42.388627 -75.176608 with 2900.000000 accuracy
Signal: Info:LTE dBM:-94 level:4
ETask 5: Configuration:0 Energy:0.50 Power:0.50 Reward:0.50 Time:5029
STOKE: LOC: Got location 42.383004 -75.186457 with 1200.000000 accuracy
Signal: Info:LTE dBM:-92 level:4
ETask 6: Configuration:0 Energy:0.80 Power:0.80 Reward:0.80 Time:5031
STOKE: LOC: Got location 42.388627 -75.176608 with 2900.000000 accuracy
Signal: Info:LTE dBM:-91 level:4
ETask 7: Configuration:0 Energy:1.00 Power:1.00 Reward:1.00 Time:5027
STOKE: LOC: Got location 42.388627 -75.176608 with 2900.000000 accuracy
Signal: Info:LTE dBM:-94 level:4
ETask 8: Configuration:0 Energy:0.40 Power:0.40 Reward:0.40 Time:5032
STOKE: LOC: Got location 42.388627 -75.176608 with 2900.000000 accuracy
Signal: Info:LTE dBM:-98 level:3
ETask 9: Configuration:0 Energy:0.70 Power:0.70 Reward:0.70 Time:5033
STOKE: LOC: Got location 42.383004 -75.186457 with 1200.000000 accuracy
Signal: Info:LTE dBM:-98 level:3
ETask 10: Configuration:0 Energy:1.00 Power:1.00 Reward:1.00 Time:5033
STOKE: LOC: Got location 42.383004 -75.186457 with 1200.000000 accuracy
Signal: Info:LTE dBM:-95 level:4
ETask 11: Configuration:0 Energy:0.70 Power:0.70 Reward:0.70 Time:5031
STOKE: LOC: Got location 42.383004 -75.186457 with 1200.000000 accuracy
ERun: Reward:26.80 PostConfigReward:0.00 Time:57225
==RUN-9==
Signal: Info:LTE dBM:-94 level:4
STOKE: LOC: Got location 42.383004 -75.186457 with 1200.000000 accuracy
STOKE: LOC: Got location 42.388627 -75.176608 with 2900.000000 accuracy
Signal: Info:LTE dBM:-97 level:3
ETask 1: Configuration:0 Energy:3.20 Power:3.20 Reward:3.20 Time:5041
STOKE: LOC: Got location 42.388627 -75.176608 with 2900.000000 accuracy
Signal: Info:LTE dBM:-100 level:3
ETask 2: Configuration:0 Energy:8.30 Power:8.30 Reward:8.30 Time:5017
STOKE: LOC: Got location 42.388627 -75.176608 with 2900.000000 accuracy
Signal: Info:LTE dBM:-99 level:3
ETask 3: Configuration:0 Energy:9.20 Power:9.20 Reward:9.20 Time:5027
STOKE: LOC: Got location 42.388627 -75.176608 with 2900.000000 accuracy
Signal: Info:LTE dBM:-97 level:3
ETask 4: Configuration:0 Energy:0.40 Power:0.40 Reward:0.40 Time:5028
STOKE: LOC: Got location 42.388627 -75.176608 with 2900.000000 accuracy
Signal: Info:LTE dBM:-101 level:3
ETask 5: Configuration:0 Energy:0.40 Power:0.40 Reward:0.40 Time:5035
STOKE: LOC: Got location 42.388627 -75.176608 with 2900.000000 accuracy
Signal: Info:LTE dBM:-101 level:3
ETask 6: Configuration:0 Energy:0.40 Power:0.40 Reward:0.40 Time:5029
STOKE: LOC: Got location 42.388627 -75.176608 with 2900.000000 accuracy
Signal: Info:LTE dBM:-94 level:4
ETask 7: Configuration:0 Energy:0.80 Power:0.80 Reward:0.80 Time:5029
STOKE: LOC: Got location 42.390816 -75.179527 with 2599.999023 accuracy
Signal: Info:LTE dBM:-95 level:4
ETask 8: Configuration:0 Energy:0.40 Power:0.40 Reward:0.40 Time:5031
STOKE: LOC: Got location 42.388627 -75.176608 with 2900.000000 accuracy
Signal: Info:LTE dBM:-91 level:4
ETask 9: Configuration:0 Energy:1.10 Power:1.10 Reward:1.10 Time:5031
STOKE: LOC: Got location 42.388627 -75.176608 with 2900.000000 accuracy
Signal: Info:LTE dBM:-91 level:4
ETask 10: Configuration:0 Energy:0.40 Power:0.40 Reward:0.40 Time:5030
STOKE: LOC: Got location 42.388627 -75.176608 with 2900.000000 accuracy
Signal: Info:LTE dBM:-96 level:3
ETask 11: Configuration:0 Energy:0.70 Power:0.70 Reward:0.70 Time:5029
STOKE: LOC: Got location 42.388627 -75.176608 with 2900.000000 accuracy
ERun: Reward:25.30 PostConfigReward:0.00 Time:57030
