==RUN 0==
Bandit Runs:1 Tasks-in-Run:100
Self-Optimizer Rounds:0 Tasks-in-Round:0
Continuous Knob Rounds:Inf Tasks-in-Round:0
STOKE: Start Bat: 0.680000
ETask 1-1: Configuration:0 Energy:26.971271578790002 Reward:15.338648986702088 Raw:9.661351013297912 Time:32518 TotalReward:26.971271578790002
ETask 2-2: Configuration:1 Energy:26.9127647679 Reward:15.359606650304476 Raw:9.640393349695524 Time:32550 TotalReward:53.88403634669
ETask 3-3: Configuration:2 Energy:44.791851719296005 Reward:8.955157593088 Raw:16.044842406912 Time:32557 TotalReward:98.67588806598602
ETask 4-4: Configuration:3 Energy:29.535282200831997 Reward:14.420197420597493 Raw:10.579802579402507 Time:32570 TotalReward:128.21117026681802
ETask 5-5: Configuration:4 Energy:58.30685484876799 Reward:4.1139624422323635 Raw:20.886037557767636 Time:32543 TotalReward:186.518025115586
ETask 6-6: Configuration:5 Energy:36.429298747775995 Reward:11.950698956020538 Raw:13.049301043979462 Time:32559 TotalReward:222.947323863362
ETask 7-7: Configuration:6 Energy:34.968446066688 Reward:12.473989468649071 Raw:12.526010531350929 Time:32571 TotalReward:257.91576993005
ETask 8-8: Configuration:7 Energy:38.64303153561599 Reward:11.157720046943526 Raw:13.842279953056474 Time:32558 TotalReward:296.55880146566597
ETask 9-9: Configuration:8 Energy:49.922673381503984 Reward:7.117251326028423 Raw:17.882748673971577 Time:32532 TotalReward:346.4814748471699
ETask 10-10: Configuration:9 Energy:99.9331623552 Reward:-10.796953679474633 Raw:35.79695367947463 Time:32540 TotalReward:446.41463720236993
ETask 11-11: Configuration:10 Energy:47.564275585919994 Reward:7.962050536386865 Raw:17.037949463613135 Time:32546 TotalReward:493.9789127882899
ETask 12-12: Configuration:11 Energy:34.443058090518 Reward:12.66218814668012 Raw:12.33781185331988 Time:32555 TotalReward:528.4219708788079
ETask 13-13: Configuration:12 Energy:34.00069752156 Reward:12.820645663918807 Raw:12.179354336081193 Time:32563 TotalReward:562.4226684003679
ETask 14-14: Configuration:13 Energy:30.488815363841997 Reward:14.078633302504361 Raw:10.921366697495639 Time:32523 TotalReward:592.91148376421
ETask 15-15: Configuration:14 Energy:31.993141865256 Reward:13.539770078117254 Raw:11.460229921882746 Time:32542 TotalReward:624.904625629466
ETask 16-16: Configuration:15 Energy:42.43198691344801 Reward:9.800482299660418 Raw:15.199517700339582 Time:32548 TotalReward:667.3366125429139
ETask 17-17: Configuration:16 Energy:91.038650219616 Reward:-7.6108597801609505 Raw:32.61085978016095 Time:32544 TotalReward:758.3752627625299
ETask 18-18: Configuration:17 Energy:79.05392172678 Reward:-3.317822708100305 Raw:28.317822708100305 Time:32547 TotalReward:837.4291844893099
ETask 19-19: Configuration:18 Energy:38.3131388178 Reward:11.27589057272836 Raw:13.72410942727164 Time:32519 TotalReward:875.7423233071099
ETask 20-20: Configuration:19 Energy:86.34689339506 Reward:-5.930230469872232 Raw:30.93023046987223 Time:32541 TotalReward:962.0892167021699
ETask 21-21: Configuration:16 Energy:33.19488534636 Reward:13.10929480130388 Raw:11.89070519869612 Time:32551 TotalReward:995.2841020485299
ETask 22-22: Configuration:7 Energy:71.01920902859999 Reward:-0.4397166669611927 Raw:25.439716666961193 Time:32540 TotalReward:1066.3033110771298
ETask 23-23: Configuration:0 Energy:36.761701641600006 Reward:11.831629262710445 Raw:13.168370737289555 Time:32529 TotalReward:1103.0650127187298
ETask 24-24: Configuration:10 Energy:35.46218572092 Reward:12.297127502954032 Raw:12.702872497045968 Time:32550 TotalReward:1138.5271984396497
ETask 25-25: Configuration:8 Energy:54.634186374600006 Reward:5.429545179247757 Raw:19.570454820752243 Time:32544 TotalReward:1193.1613848142497
ETask 26-26: Configuration:16 Energy:51.89192121968 Reward:6.411849115338509 Raw:18.58815088466149 Time:32532 TotalReward:1245.0533060339296
ETask 27-27: Configuration:13 Energy:50.753653278 Reward:6.819586885492534 Raw:18.180413114507466 Time:32560 TotalReward:1295.8069593119296
ETask 28-28: Configuration:11 Energy:36.475035724259996 Reward:11.934315561459107 Raw:13.065684438540893 Time:32523 TotalReward:1332.2819950361895
ETask 29-29: Configuration:6 Energy:37.043516978839996 Reward:11.730680485191643 Raw:13.269319514808357 Time:32577 TotalReward:1369.3255120150295
ETask 30-30: Configuration:17 Energy:50.53127513168901 Reward:6.899244728947224 Raw:18.100755271052776 Time:32535 TotalReward:1419.8567871467185
ETask 31-31: Configuration:17 Energy:41.492221146354 Reward:10.137114813246328 Raw:14.862885186753672 Time:32506 TotalReward:1461.3490082930725
ETask 32-32: Configuration:8 Energy:38.390227215744 Reward:11.248276818240955 Raw:13.751723181759045 Time:32533 TotalReward:1499.7392355088166
ETask 33-33: Configuration:9 Energy:38.340739353098 Reward:11.26600381381564 Raw:13.73399618618436 Time:32541 TotalReward:1538.0799748619147
ETask 34-34: Configuration:8 Energy:38.188307286897 Reward:11.320606344992116 Raw:13.679393655007884 Time:32536 TotalReward:1576.2682821488117
ETask 35-35: Configuration:7 Energy:41.492106446396996 Reward:10.13715589979809 Raw:14.86284410020191 Time:32540 TotalReward:1617.7603885952087
ETask 36-36: Configuration:9 Energy:37.939414830128996 Reward:11.409761851894093 Raw:13.590238148105907 Time:32525 TotalReward:1655.6998034253377
ETask 37-37: Configuration:0 Energy:33.17831877972 Reward:13.115229093831642 Raw:11.884770906168358 Time:32555 TotalReward:1688.8781222050577
ETask 38-38: Configuration:9 Energy:51.72459325992 Reward:6.471787488983882 Raw:18.528212511016118 Time:32537 TotalReward:1740.6027154649778
ETask 39-39: Configuration:16 Energy:35.86237220687999 Reward:12.153777119923586 Raw:12.846222880076414 Time:32541 TotalReward:1776.4650876718579
ETask 40-40: Configuration:2 Energy:36.262444291583996 Reward:12.010467716447524 Raw:12.989532283552476 Time:32551 TotalReward:1812.7275319634418
ETask 41-41: Configuration:19 Energy:97.028433528 Reward:-9.756453801074628 Raw:34.75645380107463 Time:32524 TotalReward:1909.7559654914419
ETask 42-42: Configuration:12 Energy:66.39489813238399 Reward:1.21675290780275 Raw:23.78324709219725 Time:32580 TotalReward:1976.150863623826
ETask 43-43: Configuration:9 Energy:67.605831197632 Reward:0.7829858396542093 Raw:24.21701416034579 Time:32534 TotalReward:2043.7566948214578
ETask 44-44: Configuration:2 Energy:32.56264495575999 Reward:13.33576897107105 Raw:11.66423102892895 Time:32527 TotalReward:2076.319339777218
ETask 45-45: Configuration:9 Energy:102.88415318843201 Reward:-11.854025022721913 Raw:36.85402502272191 Time:32544 TotalReward:2179.2034929656497
ETask 46-46: Configuration:9 Energy:38.7194612168 Reward:11.130342250698508 Raw:13.869657749301492 Time:32512 TotalReward:2217.9229541824498
ETask 47-47: Configuration:9 Energy:38.354481828463996 Reward:11.261081136072596 Raw:13.738918863927404 Time:32512 TotalReward:2256.277436010914
ETask 48-48: Configuration:9 Energy:80.56219959723599 Reward:-3.858101348263638 Raw:28.858101348263638 Time:32505 TotalReward:2336.83963560815
ETask 49-49: Configuration:12 Energy:31.696586916575995 Reward:13.64599871645039 Raw:11.35400128354961 Time:32554 TotalReward:2368.536222524726
ETask 50-50: Configuration:10 Energy:31.866756609516 Reward:13.585042408531582 Raw:11.414957591468418 Time:32553 TotalReward:2400.402979134242
ETask 51-51: Configuration:18 Energy:38.964384843030004 Reward:11.04260841443701 Raw:13.95739158556299 Time:32548 TotalReward:2439.367363977272
ETask 52-52: Configuration:17 Energy:40.629790220303995 Reward:10.446045294219466 Raw:14.553954705780534 Time:32546 TotalReward:2479.997154197576
ETask 53-53: Configuration:6 Energy:37.583716345056 Reward:11.537176234606806 Raw:13.462823765393194 Time:32558 TotalReward:2517.580870542632
ETask 54-54: Configuration:10 Energy:33.773353565663996 Reward:12.902082304836776 Raw:12.097917695163224 Time:32557 TotalReward:2551.354224108296
ETask 55-55: Configuration:9 Energy:41.096953994544 Reward:10.278703046730506 Raw:14.721296953269494 Time:32534 TotalReward:2592.45117810284
ETask 56-56: Configuration:5 Energy:48.497542789920004 Reward:7.627745866297314 Raw:17.372254133702686 Time:32562 TotalReward:2640.94872089276
ETask 57-57: Configuration:9 Energy:59.64576540373499 Reward:3.6343526911994033 Raw:21.365647308800597 Time:32525 TotalReward:2700.594486296495
ETask 58-58: Configuration:9 Energy:53.27773269868 Reward:5.915439033308658 Raw:19.084560966691342 Time:32507 TotalReward:2753.872218995175
ETask 59-59: Configuration:9 Energy:53.71752409799999 Reward:5.7579018156417945 Raw:19.242098184358206 Time:32511 TotalReward:2807.589743093175
ETask 60-60: Configuration:3 Energy:45.854190438524995 Reward:8.574618350379108 Raw:16.425381649620892 Time:32537 TotalReward:2853.4439335317
ETask 61-61: Configuration:9 Energy:91.58767294180001 Reward:-7.80752463586866 Raw:32.80752463586866 Time:32539 TotalReward:2945.0316064735002
ETask 62-62: Configuration:9 Energy:82.60159364456999 Reward:-4.588630559248951 Raw:29.58863055924895 Time:32506 TotalReward:3027.6332001180704
ETask 63-63: Configuration:13 Energy:80.08541234785 Reward:-3.6873118857970084 Raw:28.68731188579701 Time:32535 TotalReward:3107.71861246592
ETask 64-64: Configuration:19 Energy:96.14170614279 Reward:-9.438820110850152 Raw:34.43882011085015 Time:32537 TotalReward:3203.8603186087103
ETask 65-65: Configuration:9 Energy:39.05014299645 Reward:11.011889075898505 Raw:13.988110924101495 Time:32541 TotalReward:3242.9104616051604
ETask 66-66: Configuration:9 Energy:41.539841376 Reward:10.120056820537314 Raw:14.879943179462686 Time:32503 TotalReward:3284.4503029811603
ETask 67-67: Configuration:15 Energy:38.65153688178 Reward:11.1546733557803 Raw:13.8453266442197 Time:32541 TotalReward:3323.1018398629403
ETask 68-68: Configuration:9 Energy:43.925352408148 Reward:9.265545406036539 Raw:15.734454593963461 Time:32526 TotalReward:3367.027192271088
ETask 69-69: Configuration:9 Energy:42.802015425996 Reward:9.667934772777553 Raw:15.332065227222447 Time:32509 TotalReward:3409.8292076970843
ETask 70-70: Configuration:17 Energy:82.425446854828 Reward:-4.525533201729427 Raw:29.525533201729427 Time:32542 TotalReward:3492.254654551912
ETask 71-71: Configuration:17 Energy:41.5105966124 Reward:10.130532556752238 Raw:14.869467443247762 Time:32509 TotalReward:3533.7652511643123
ETask 72-72: Configuration:4 Energy:40.86526329899 Reward:10.361696728720002 Raw:14.638303271279998 Time:32531 TotalReward:3574.6305144633025
ETask 73-73: Configuration:9 Energy:56.754621310400005 Reward:4.6699863962746235 Raw:20.330013603725376 Time:32552 TotalReward:3631.3851357737026
ETask 74-74: Configuration:9 Energy:53.63935676255 Reward:5.785902055205973 Raw:19.214097944794027 Time:32509 TotalReward:3685.0244925362526
ETask 75-75: Configuration:9 Energy:52.397166757200004 Reward:6.230865639211942 Raw:18.76913436078806 Time:32513 TotalReward:3737.4216592934526
ETask 76-76: Configuration:9 Energy:42.78741713320001 Reward:9.673164011988057 Raw:15.326835988011943 Time:32510 TotalReward:3780.2090764266527
ETask 77-77: Configuration:9 Energy:36.914893219199996 Reward:11.776754667749254 Raw:13.223245332250746 Time:32507 TotalReward:3817.123969645853
ETask 78-78: Configuration:9 Energy:39.5721517396 Reward:10.824900869397014 Raw:14.175099130602986 Time:32510 TotalReward:3856.696121385453
ETask 79-79: Configuration:17 Energy:35.4381786506 Reward:12.305727050531342 Raw:12.694272949468658 Time:32536 TotalReward:3892.134300036053
ETask 80-80: Configuration:9 Energy:94.69700138360001 Reward:-8.921313928453735 Raw:33.921313928453735 Time:32535 TotalReward:3986.831301419653
ETask 81-81: Configuration:9 Energy:82.6313173266 Reward:-4.5992778483343315 Raw:29.59927784833433 Time:32508 TotalReward:4069.4626187462527
ETask 82-82: Configuration:19 Energy:95.146826818176 Reward:-9.082445427406327 Raw:34.08244542740633 Time:32530 TotalReward:4164.609445564429
ETask 83-83: Configuration:9 Energy:36.275089461534 Reward:12.005938103331102 Raw:12.994061896668898 Time:32540 TotalReward:4200.884535025963
ETask 84-84: Configuration:9 Energy:39.150602051792 Reward:10.975903742641673 Raw:14.024096257358327 Time:32508 TotalReward:4240.035137077754
ETask 85-85: Configuration:9 Energy:53.35271181954 Reward:5.88858084076179 Raw:19.11141915923821 Time:32512 TotalReward:4293.387848897294
ETask 86-86: Configuration:9 Energy:61.204740774971995 Reward:3.0759137522488373 Raw:21.924086247751163 Time:32506 TotalReward:4354.5925896722665
ETask 87-87: Configuration:9 Energy:54.929087678421 Reward:5.323908891311881 Raw:19.67609110868812 Time:32503 TotalReward:4409.521677350687
ETask 88-88: Configuration:9 Energy:52.012638169260995 Reward:6.368607222951287 Raw:18.631392777048713 Time:32509 TotalReward:4461.534315519948
ETask 89-89: Configuration:9 Energy:102.71101533209999 Reward:-11.792005492095527 Raw:36.79200549209553 Time:32510 TotalReward:4564.245330852048
ETask 90-90: Configuration:9 Energy:95.216705214679 Reward:-9.107476494810385 Raw:34.107476494810385 Time:32506 TotalReward:4659.462036066727
ETask 91-91: Configuration:9 Energy:88.51949998455198 Reward:-6.7084776064066745 Raw:31.708477606406674 Time:32504 TotalReward:4747.981536051278
ETask 92-92: Configuration:9 Energy:40.327498056356994 Reward:10.554329054439286 Raw:14.445670945560714 Time:32509 TotalReward:4788.309034107636
ETask 93-93: Configuration:1 Energy:29.162125625616 Reward:14.553865447540538 Raw:10.446134552459462 Time:32542 TotalReward:4817.471159733252
ETask 94-94: Configuration:9 Energy:36.092795448786 Reward:12.071237451181137 Raw:12.928762548818863 Time:32531 TotalReward:4853.563955182038
ETask 95-95: Configuration:9 Energy:42.18487651016999 Reward:9.888999459043585 Raw:15.111000540956415 Time:32508 TotalReward:4895.748831692208
ETask 96-96: Configuration:9 Energy:35.97288495779999 Reward:12.114190462877616 Raw:12.885809537122384 Time:32513 TotalReward:4931.721716650008
ETask 97-97: Configuration:9 Energy:78.57904464432 Reward:-3.1477174845325386 Raw:28.14771748453254 Time:32513 TotalReward:5010.3007612943275
ETask 98-98: Configuration:9 Energy:81.314425211178 Reward:-4.127555299526449 Raw:29.12755529952645 Time:32503 TotalReward:5091.615186505505
ETask 99-99: Configuration:9 Energy:36.272742280024 Reward:12.006778884767526 Raw:12.993221115232474 Time:32508 TotalReward:5127.88792878553
ETask 100-100: Configuration:9 Energy:35.976200431067994 Reward:12.11300283066221 Raw:12.88699716933779 Time:32509 TotalReward:5163.864129216598
ETask 101-101: Configuration:9 Energy:36.498447477744 Reward:11.925929261703644 Raw:13.074070738296356 Time:32511 TotalReward:5200.362576694341
ETask 102-102: Configuration:9 Energy:40.42185370214399 Reward:10.520530017142452 Raw:14.479469982857548 Time:32506 TotalReward:5240.784430396486
ETask 103-103: Configuration:9 Energy:39.469041741648006 Reward:10.861835794036535 Raw:14.138164205963465 Time:32509 TotalReward:5280.2534721381335
ETask 104-104: Configuration:9 Energy:40.548715577984005 Reward:10.475086957140057 Raw:14.524913042859943 Time:32512 TotalReward:5320.802187716117
ETask 105-105: Configuration:9 Energy:40.843400393016005 Reward:10.369528217427106 Raw:14.630471782572894 Time:32512 TotalReward:5361.645588109133
ETask 106-106: Configuration:6 Energy:88.55115655780801 Reward:-6.7198172744386895 Raw:31.71981727443869 Time:32536 TotalReward:5450.196744666941
ETask 107-107: Configuration:9 Energy:49.263437512416 Reward:7.353395517940534 Raw:17.646604482059466 Time:32533 TotalReward:5499.460182179358
ETask 108-108: Configuration:9 Energy:41.835654801204 Reward:10.014093802553791 Raw:14.985906197446209 Time:32508 TotalReward:5541.295836980562
ETask 109-109: Configuration:9 Energy:91.12753767499198 Reward:-7.642700062683694 Raw:32.642700062683694 Time:32510 TotalReward:5632.423374655554
ETask 110-110: Configuration:9 Energy:89.290055151174 Reward:-6.984497367584719 Raw:31.98449736758472 Time:32511 TotalReward:5721.713429806728
ETask 111-111: Configuration:9 Energy:100.23623830536 Reward:-10.905518198934928 Raw:35.90551819893493 Time:32505 TotalReward:5821.949668112087
ETask 112-112: Configuration:9 Energy:45.58146006644999 Reward:8.67231281201791 Raw:16.32768718798209 Time:32509 TotalReward:5867.531128178537
ETask 113-113: Configuration:9 Energy:42.04629654499999 Reward:9.938640043582094 Raw:15.061359956417906 Time:32509 TotalReward:5909.577424723537
ETask 114-114: Configuration:9 Energy:41.501987830275 Reward:10.133616299602986 Raw:14.866383700397014 Time:32508 TotalReward:5951.079412553811
ETask 115-115: Configuration:9 Energy:42.17809795199999 Reward:9.891427599283587 Raw:15.108572400716413 Time:32503 TotalReward:5993.257510505811
ETask 116-116: Configuration:9 Energy:125.75876257852498 Reward:-20.047914953501483 Raw:45.04791495350148 Time:32514 TotalReward:6119.016273084337
ETask 117-117: Configuration:9 Energy:99.84041794079998 Reward:-10.763731799689545 Raw:35.763731799689545 Time:32505 TotalReward:6218.856691025137
ETask 118-118: Configuration:9 Energy:40.482240126724996 Reward:10.498899059083584 Raw:14.501100940916416 Time:32503 TotalReward:6259.338931151861
ETask 119-119: Configuration:9 Energy:40.252020596575 Reward:10.581365756450746 Raw:14.418634243549254 Time:32504 TotalReward:6299.590951748436
ETask 120-120: Configuration:9 Energy:53.08986602925 Reward:5.982734556686566 Raw:19.017265443313434 Time:32506 TotalReward:6352.680817777686
ETask 121-121: Configuration:9 Energy:87.111626674934 Reward:-6.204164779080834 Raw:31.204164779080834 Time:32504 TotalReward:6439.79244445262
ERun: Time:3940780
==END-RUN 0==
==ROUND-END==
STOKE: Config: 0 - Knobs: {interval:10000 priority:104 sensor-configuration:1 batch:5 }  | -- on:3 reward:13.4285
STOKE: Config: 1 - Knobs: {interval:7750 priority:104 sensor-configuration:1 batch:5 }  | -- on:2 reward:14.9567
STOKE: Config: 2 - Knobs: {interval:5500 priority:104 sensor-configuration:1 batch:5 }  | -- on:3 reward:11.4338
STOKE: Config: 3 - Knobs: {interval:3500 priority:104 sensor-configuration:1 batch:5 }  | -- on:2 reward:11.4974
STOKE: Config: 4 - Knobs: {interval:1000 priority:104 sensor-configuration:1 batch:5 }  | -- on:2 reward:7.2378
STOKE: Config: 5 - Knobs: {interval:10000 priority:100 sensor-configuration:1 batch:5 }  | -- on:2 reward:9.7892
STOKE: Config: 6 - Knobs: {interval:7750 priority:100 sensor-configuration:1 batch:5 }  | -- on:4 reward:7.2555
STOKE: Config: 7 - Knobs: {interval:5500 priority:100 sensor-configuration:1 batch:5 }  | -- on:3 reward:6.9517
STOKE: Config: 8 - Knobs: {interval:3500 priority:100 sensor-configuration:1 batch:5 }  | -- on:4 reward:8.7789
STOKE: Config: 9 - Knobs: {interval:1000 priority:100 sensor-configuration:1 batch:5 }  | -- on:64 reward:4.1669
STOKE: Config: 10 - Knobs: {interval:10000 priority:104 sensor-configuration:1 batch:1 }  | -- on:4 reward:11.6866
STOKE: Config: 11 - Knobs: {interval:7750 priority:104 sensor-configuration:1 batch:1 }  | -- on:2 reward:12.2983
STOKE: Config: 12 - Knobs: {interval:5500 priority:104 sensor-configuration:1 batch:1 }  | -- on:3 reward:9.2278
STOKE: Config: 13 - Knobs: {interval:3500 priority:104 sensor-configuration:1 batch:1 }  | -- on:3 reward:5.7370
STOKE: Config: 14 - Knobs: {interval:1000 priority:104 sensor-configuration:1 batch:1 }  | -- on:1 reward:13.5398
STOKE: Config: 15 - Knobs: {interval:10000 priority:100 sensor-configuration:1 batch:1 }  | -- on:2 reward:10.4776
STOKE: Config: 16 - Knobs: {interval:7750 priority:100 sensor-configuration:1 batch:1 }  | -- on:4 reward:6.0160
STOKE: Config: 17 - Knobs: {interval:5500 priority:100 sensor-configuration:1 batch:1 }  | -- on:7 reward:6.0108
STOKE: Config: 18 - Knobs: {interval:3500 priority:100 sensor-configuration:1 batch:1 }  | -- on:2 reward:11.1592
STOKE: Config: 19 - Knobs: {interval:1000 priority:100 sensor-configuration:1 batch:1 }  | -- on:4 reward:-8.5520
