==RUN 0==
Bandit Runs:1 Tasks-in-Run:80
Self-Optimizer Rounds:0 Tasks-in-Round:0
Continuous Knob Rounds:Inf Tasks-in-Round:0
STOKE: Start Bat: 0.770000
ETask 1-1: Configuration:0 Energy:41.18351472768 Reward:14.793779177472002 Raw:15.206220822527998 Time:32540 TotalReward:41.18351472768
ETask 2-2: Configuration:0 Energy:31.527976661300002 Reward:18.35890092505846 Raw:11.64109907494154 Time:32512 TotalReward:72.71149138898
ETask 3-3: Configuration:1 Energy:32.192953420100004 Reward:18.11337104488615 Raw:11.88662895511385 Time:32573 TotalReward:104.90444480907999
ETask 4-4: Configuration:1 Energy:34.701334239808 Reward:17.187199665301662 Raw:12.81280033469834 Time:32527 TotalReward:139.605779048888
ETask 5-5: Configuration:2 Energy:31.5813078297 Reward:18.339209416726156 Raw:11.660790583273844 Time:32545 TotalReward:171.187086878588
ETask 6-6: Configuration:2 Energy:33.049926756416 Reward:17.79695012070794 Raw:12.203049879292061 Time:32530 TotalReward:204.237013635004
ETask 7-7: Configuration:3 Energy:38.079854310959995 Reward:15.939746100568616 Raw:14.060253899431384 Time:32571 TotalReward:242.316867945964
ETask 8-8: Configuration:3 Energy:35.486077569623994 Reward:16.897448281984985 Raw:13.102551718015015 Time:32512 TotalReward:277.80294551558796
ETask 9-9: Configuration:4 Energy:35.60275336503601 Reward:16.854367988294396 Raw:13.145632011705604 Time:32548 TotalReward:313.40569888062396
ETask 10-10: Configuration:4 Energy:32.092063402806 Reward:18.150622743579326 Raw:11.849377256420675 Time:32526 TotalReward:345.49776228342995
ETask 11-11: Configuration:5 Energy:61.817160467735995 Reward:7.175202288835937 Raw:22.824797711164063 Time:32536 TotalReward:407.31492275116597
ETask 12-12: Configuration:5 Energy:36.72463082112 Reward:16.440136312201847 Raw:13.559863687798153 Time:32517 TotalReward:444.03955357228597
ETask 13-13: Configuration:6 Energy:46.1108766168 Reward:12.974445556873846 Raw:17.025554443126154 Time:32563 TotalReward:490.15043018908597
ETask 14-14: Configuration:6 Energy:38.455032781782 Reward:15.801218665188182 Raw:14.198781334811818 Time:32525 TotalReward:528.605462970868
ETask 15-15: Configuration:7 Energy:41.248554194411994 Reward:14.769764605140187 Raw:15.230235394859813 Time:32535 TotalReward:569.85401716528
ETask 16-16: Configuration:7 Energy:84.34818605066401 Reward:-1.143945618706713 Raw:31.143945618706713 Time:32515 TotalReward:654.202203215944
ETask 17-17: Configuration:8 Energy:98.753128312005 Reward:-6.462693530586471 Raw:36.46269353058647 Time:32546 TotalReward:752.955331527949
ETask 18-18: Configuration:8 Energy:54.236621497905 Reward:9.974170523850464 Raw:20.025829476149536 Time:32509 TotalReward:807.1919530258541
ETask 19-19: Configuration:9 Energy:52.20334987713 Reward:10.724916968444308 Raw:19.275083031555692 Time:32542 TotalReward:859.3953029029841
ETask 20-20: Configuration:9 Energy:54.54139597119 Reward:9.86163841063754 Raw:20.13836158936246 Time:32508 TotalReward:913.9366988741741
ETask 21-21: Configuration:10 Energy:48.683570495012994 Reward:12.02452781722597 Raw:17.97547218277403 Time:32541 TotalReward:962.6202693691871
ETask 22-22: Configuration:10 Energy:32.082868062959996 Reward:18.154017945984002 Raw:11.845982054016 Time:32516 TotalReward:994.7031374321471
ETask 23-23: Configuration:11 Energy:32.1004169001 Reward:18.147538375347693 Raw:11.852461624652307 Time:32564 TotalReward:1026.8035543322471
ETask 24-24: Configuration:11 Energy:32.11631792522 Reward:18.141667227611077 Raw:11.858332772388923 Time:32515 TotalReward:1058.9198722574672
ETask 25-25: Configuration:12 Energy:81.434114820113 Reward:-0.06798085665710119 Raw:30.0679808566571 Time:32535 TotalReward:1140.3539870775803
ETask 26-26: Configuration:12 Energy:31.3960609251 Reward:18.40760827380923 Raw:11.59239172619077 Time:32523 TotalReward:1171.7500480026804
ETask 27-27: Configuration:13 Energy:31.562394799121996 Reward:18.346192689554954 Raw:11.653807310445044 Time:32549 TotalReward:1203.3124428018025
ETask 28-28: Configuration:13 Energy:46.200546666575995 Reward:12.941336615418095 Raw:17.058663384581905 Time:32516 TotalReward:1249.5129894683785
ETask 29-29: Configuration:14 Energy:46.032427213855 Reward:13.003411490268924 Raw:16.996588509731076 Time:32527 TotalReward:1295.5454166822335
ETask 30-30: Configuration:14 Energy:31.377495081932995 Reward:18.4144633543632 Raw:11.585536645636799 Time:32530 TotalReward:1326.9229117641664
ETask 31-31: Configuration:15 Energy:35.131007527718 Reward:17.02855106668874 Raw:12.971448933311262 Time:32551 TotalReward:1362.0539192918845
ETask 32-32: Configuration:15 Energy:36.475392770388 Reward:16.532162669395202 Raw:13.467837330604798 Time:32505 TotalReward:1398.5293120622725
ETask 33-33: Configuration:16 Energy:37.996340853324995 Reward:15.970581838772311 Raw:14.029418161227689 Time:32521 TotalReward:1436.5256529155974
ETask 34-34: Configuration:16 Energy:37.770932274610004 Reward:16.05380962168246 Raw:13.946190378317537 Time:32505 TotalReward:1474.2965851902075
ETask 35-35: Configuration:17 Energy:41.438499999875006 Reward:14.69963076927692 Raw:15.30036923072308 Time:32539 TotalReward:1515.7350851900824
ETask 36-36: Configuration:17 Energy:36.995236736963996 Reward:16.34022028173637 Raw:13.659779718263628 Time:32504 TotalReward:1552.7303219270464
ETask 37-37: Configuration:18 Energy:42.165806006720004 Reward:14.431087012903381 Raw:15.568912987096619 Time:32525 TotalReward:1594.8961279337664
ETask 38-38: Configuration:18 Energy:44.499234480806 Reward:13.569513422471633 Raw:16.430486577528367 Time:32510 TotalReward:1639.3953624145724
ETask 39-39: Configuration:19 Energy:96.46827354797601 Reward:-5.619054848483451 Raw:35.61905484848345 Time:32541 TotalReward:1735.8636359625484
ETask 40-40: Configuration:19 Energy:101.75118504767 Reward:-7.5696683252935415 Raw:37.56966832529354 Time:32504 TotalReward:1837.6148210102185
ETask 41-41: Configuration:8 Energy:52.87344914872999 Reward:10.477495698930465 Raw:19.522504301069535 Time:32567 TotalReward:1890.4882701589486
ETask 42-42: Configuration:8 Energy:56.86548250776 Reward:9.003514150980926 Raw:20.996485849019074 Time:32515 TotalReward:1947.3537526667085
ETask 43-43: Configuration:8 Energy:38.65197739278 Reward:15.72850065497354 Raw:14.27149934502646 Time:32524 TotalReward:1986.0057300594885
ETask 44-44: Configuration:8 Energy:38.02886775836 Reward:15.958571904605542 Raw:14.041428095394458 Time:32519 TotalReward:2024.0345978178486
ETask 45-45: Configuration:8 Energy:37.87037343093599 Reward:16.01709288703902 Raw:13.982907112960982 Time:32514 TotalReward:2061.9049712487845
ETask 46-46: Configuration:8 Energy:38.643959329972 Reward:15.731461170471874 Raw:14.268538829528126 Time:32527 TotalReward:2100.5489305787564
ETask 47-47: Configuration:8 Energy:50.108538335968 Reward:11.498385845181044 Raw:18.501614154818956 Time:32502 TotalReward:2150.6574689147246
ETask 48-48: Configuration:8 Energy:53.237917766464 Reward:10.342922670844064 Raw:19.657077329155936 Time:32522 TotalReward:2203.8953866811885
ETask 49-49: Configuration:8 Energy:39.528083940752 Reward:15.405015160337726 Raw:14.594984839662274 Time:32513 TotalReward:2243.4234706219404
ETask 50-50: Configuration:8 Energy:38.118338538863995 Reward:15.925536539496372 Raw:14.074463460503628 Time:32508 TotalReward:2281.5418091608044
ETask 51-51: Configuration:8 Energy:38.49644414134399 Reward:15.785928317042218 Raw:14.214071682957782 Time:32517 TotalReward:2320.0382533021484
ETask 52-52: Configuration:8 Energy:37.849626932831995 Reward:16.0247531324928 Raw:13.975246867507199 Time:32512 TotalReward:2357.8878802349805
ETask 53-53: Configuration:8 Energy:38.719543561790005 Reward:15.703553146415999 Raw:14.296446853584001 Time:32511 TotalReward:2396.6074237967705
ETask 54-54: Configuration:8 Energy:42.576052827854 Reward:14.2796112635616 Raw:15.7203887364384 Time:32513 TotalReward:2439.1834766246243
ETask 55-55: Configuration:8 Energy:38.096805049784 Reward:15.933487366233601 Raw:14.066512633766399 Time:32503 TotalReward:2477.2802816744083
ETask 56-56: Configuration:8 Energy:45.45966089371199 Reward:13.214894439244802 Raw:16.7851055607552 Time:32516 TotalReward:2522.73994256812
ETask 57-57: Configuration:8 Energy:51.024174013877996 Reward:11.160304979491201 Raw:18.8396950205088 Time:32522 TotalReward:2573.764116581998
ETask 58-58: Configuration:8 Energy:65.35215691667 Reward:5.869972830768003 Raw:24.130027169231997 Time:32506 TotalReward:2639.1162734986683
ETask 59-59: Configuration:8 Energy:58.529881921965995 Reward:8.388966674966404 Raw:21.611033325033596 Time:32523 TotalReward:2697.6461554206344
ETask 60-60: Configuration:8 Energy:98.13686961078 Reward:-6.235151856287999 Raw:36.235151856288 Time:32514 TotalReward:2795.7830250314146
ETask 61-61: Configuration:8 Energy:56.5977389432 Reward:9.102373313279998 Raw:20.897626686720002 Time:32512 TotalReward:2852.3807639746146
ETask 62-62: Configuration:8 Energy:84.432844226016 Reward:-1.1752040219136006 Raw:31.1752040219136 Time:32508 TotalReward:2936.813608200631
ETask 63-63: Configuration:8 Energy:52.93764356916 Reward:10.45379314369477 Raw:19.54620685630523 Time:32518 TotalReward:2989.751251769791
ETask 64-64: Configuration:8 Energy:37.64123414530499 Reward:16.101698161733545 Raw:13.898301838266455 Time:32507 TotalReward:3027.392485915096
ETask 65-65: Configuration:8 Energy:40.43123476931 Reward:15.071544085177845 Raw:14.928455914822155 Time:32519 TotalReward:3067.823720684406
ETask 66-66: Configuration:8 Energy:52.508140654515 Reward:10.612378835256 Raw:19.387621164744 Time:32508 TotalReward:3120.331861338921
ETask 67-67: Configuration:8 Energy:78.471226009176 Reward:1.026008858150405 Raw:28.973991141849595 Time:32504 TotalReward:3198.803087348097
ETask 68-68: Configuration:8 Energy:55.355284299223996 Reward:9.561125797209602 Raw:20.438874202790398 Time:32518 TotalReward:3254.158371647321
ETask 69-69: Configuration:8 Energy:53.791330930904 Reward:10.13858550243544 Raw:19.86141449756456 Time:32507 TotalReward:3307.9497025782252
ETask 70-70: Configuration:8 Energy:38.254089723359996 Reward:15.875413025220924 Raw:14.124586974779076 Time:32513 TotalReward:3346.203792301585
ETask 71-71: Configuration:8 Energy:37.80551846013599 Reward:16.041039337795944 Raw:13.958960662204058 Time:32518 TotalReward:3384.009310761721
ETask 72-72: Configuration:8 Energy:39.677768170473996 Reward:15.349747137055754 Raw:14.650252862944246 Time:32509 TotalReward:3423.6870789321947
ETask 73-73: Configuration:8 Energy:40.588514713044006 Reward:15.013471490568367 Raw:14.986528509431633 Time:32522 TotalReward:3464.2755936452386
ETask 74-74: Configuration:8 Energy:39.251077145865 Reward:15.507294592296 Raw:14.492705407704 Time:32513 TotalReward:3503.5266707911037
ETask 75-75: Configuration:8 Energy:51.486076207008004 Reward:10.989756477412431 Raw:19.01024352258757 Time:32522 TotalReward:3555.0127469981117
ETask 76-76: Configuration:8 Energy:52.53167358585901 Reward:10.603689752913596 Raw:19.396310247086404 Time:32508 TotalReward:3607.544420583971
ETask 77-77: Configuration:8 Energy:38.00600565696 Reward:15.967013295891693 Raw:14.032986704108307 Time:32519 TotalReward:3645.550426240931
ETask 78-78: Configuration:8 Energy:38.834928315981 Reward:15.660949544868554 Raw:14.339050455131446 Time:32522 TotalReward:3684.385354556912
ETask 79-79: Configuration:8 Energy:95.91443480574 Reward:-5.414560543657849 Raw:35.41456054365785 Time:32504 TotalReward:3780.2997893626516
ETask 80-80: Configuration:8 Energy:56.225535442362 Reward:9.2398022982048 Raw:20.7601977017952 Time:32503 TotalReward:3836.5253248050135
ETask 81-81: Configuration:8 Energy:53.825640485399994 Reward:10.12591735923693 Raw:19.87408264076307 Time:32518 TotalReward:3890.3509652904136
ETask 82-82: Configuration:8 Energy:52.11223782479999 Reward:10.75855834161231 Raw:19.24144165838769 Time:32527 TotalReward:3942.4632031152137
ETask 83-83: Configuration:8 Energy:54.23986558987199 Reward:9.972972705278035 Raw:20.027027294721965 Time:32512 TotalReward:3996.7030687050856
ETask 84-84: Configuration:8 Energy:54.260307073750006 Reward:9.96542508046154 Raw:20.03457491953846 Time:32511 TotalReward:4050.9633757788356
ETask 85-85: Configuration:8 Energy:39.396465281249995 Reward:15.45361281923077 Raw:14.54638718076923 Time:32510 TotalReward:4090.3598410600857
ETask 86-86: Configuration:8 Energy:112.01910179137498 Reward:-11.360899122969222 Raw:41.36089912296922 Time:32502 TotalReward:4202.378942851461
ETask 87-87: Configuration:8 Energy:51.6403007275 Reward:10.932812039076921 Raw:19.06718796092308 Time:32517 TotalReward:4254.019243578961
ETask 88-88: Configuration:8 Energy:81.23617680749999 Reward:0.005103948000002134 Raw:29.994896051999998 Time:32525 TotalReward:4335.255420386461
ETask 89-89: Configuration:8 Energy:80.14116869775 Reward:0.4094146346769172 Raw:29.590585365323083 Time:32529 TotalReward:4415.396589084211
ETask 90-90: Configuration:8 Energy:37.996157980499994 Reward:15.970649361046158 Raw:14.029350638953842 Time:32514 TotalReward:4453.392747064711
ETask 91-91: Configuration:8 Energy:37.988649517 Reward:15.9734217168 Raw:14.0265782832 Time:32526 TotalReward:4491.381396581712
ETask 92-92: Configuration:8 Energy:38.2294812165 Reward:15.884499243138464 Raw:14.115500756861536 Time:32512 TotalReward:4529.610877798212
ETask 93-93: Configuration:8 Energy:38.297148527999994 Reward:15.859514389661541 Raw:14.140485610338459 Time:32504 TotalReward:4567.908026326212
ETask 94-94: Configuration:8 Energy:52.409217860999995 Reward:10.648904174399998 Raw:19.3510958256 Time:32517 TotalReward:4620.317244187212
ETask 95-95: Configuration:8 Energy:40.293974408688 Reward:15.1222248337152 Raw:14.8777751662848 Time:32527 TotalReward:4660.6112185959
ETask 96-96: Configuration:8 Energy:38.285529876594 Reward:15.863804353257601 Raw:14.136195646742399 Time:32514 TotalReward:4698.896748472494
ETask 97-97: Configuration:8 Energy:50.655875884614005 Reward:11.296291981065597 Raw:18.703708018934403 Time:32510 TotalReward:4749.5526243571085
ETask 98-98: Configuration:8 Energy:39.15837543618 Reward:15.541522915872001 Raw:14.458477084127999 Time:32520 TotalReward:4788.7109997932885
ETask 99-99: Configuration:8 Energy:57.18298115984 Reward:8.886283879443692 Raw:21.113716120556308 Time:32504 TotalReward:4845.893980953128
ETask 100-100: Configuration:8 Energy:99.176744776158 Reward:-6.6191057635045 Raw:36.6191057635045 Time:32516 TotalReward:4945.070725729286
ETask 101-101: Configuration:8 Energy:53.429897339376005 Reward:10.272037905461165 Raw:19.727962094538835 Time:32525 TotalReward:4998.500623068662
ETask 102-102: Configuration:8 Energy:63.775262223124 Reward:6.452210871461904 Raw:23.547789128538096 Time:32513 TotalReward:5062.275885291786
ETask 103-103: Configuration:8 Energy:38.72639800876 Reward:15.701022273688618 Raw:14.298977726311382 Time:32525 TotalReward:5101.002283300546
ETask 104-104: Configuration:8 Energy:39.534268104758 Reward:15.402731776704739 Raw:14.597268223295261 Time:32511 TotalReward:5140.536551405304
ETask 105-105: Configuration:8 Energy:37.665881038841995 Reward:16.092597770273727 Raw:13.907402229726275 Time:32502 TotalReward:5178.202432444145
ETask 106-106: Configuration:8 Energy:38.762203088532 Reward:15.687801936542034 Raw:14.312198063457966 Time:32511 TotalReward:5216.964635532678
ETask 107-107: Configuration:8 Energy:38.387400486624 Reward:15.826190589554214 Raw:14.173809410445786 Time:32509 TotalReward:5255.3520360193015
ETask 108-108: Configuration:8 Energy:37.76911277216 Reward:16.054481437971692 Raw:13.945518562028308 Time:32523 TotalReward:5293.121148791462
ETask 109-109: Configuration:8 Energy:37.78484538644901 Reward:16.04867247269575 Raw:13.95132752730425 Time:32516 TotalReward:5330.9059941779105
ETask 110-110: Configuration:8 Energy:39.001599005831 Reward:15.599409597847018 Raw:14.400590402152982 Time:32506 TotalReward:5369.9075931837415
ETask 111-111: Configuration:8 Energy:38.376444959685 Reward:15.830235707193227 Raw:14.169764292806773 Time:32521 TotalReward:5408.284038143426
ETask 112-112: Configuration:8 Energy:55.413175588148 Reward:9.53975055206843 Raw:20.46024944793157 Time:32516 TotalReward:5463.697213731574
ETask 113-113: Configuration:8 Energy:99.493958734366 Reward:-6.736230917304368 Raw:36.73623091730437 Time:32506 TotalReward:5563.19117246594
ETask 114-114: Configuration:8 Energy:79.949095122512 Reward:0.4803341086109576 Raw:29.519665891389042 Time:32510 TotalReward:5643.140267588452
ETask 115-115: Configuration:8 Energy:37.78748132737601 Reward:16.04769920219963 Raw:13.95230079780037 Time:32520 TotalReward:5680.927748915828
ETask 116-116: Configuration:8 Energy:53.13522476142 Reward:10.380840088091077 Raw:19.619159911908923 Time:32510 TotalReward:5734.062973677248
ETask 117-117: Configuration:8 Energy:39.50904042513 Reward:15.412046612259694 Raw:14.587953387740306 Time:32522 TotalReward:5773.572014102378
ETask 118-118: Configuration:8 Energy:38.895748039632004 Reward:15.63849303152049 Raw:14.36150696847951 Time:32509 TotalReward:5812.46776214201
ETask 119-119: Configuration:8 Energy:42.391928195135996 Reward:14.347595743334399 Raw:15.652404256665601 Time:32516 TotalReward:5854.859690337145
ETask 120-120: Configuration:8 Energy:57.91042748060999 Reward:8.617688314851694 Raw:21.382311685148306 Time:32504 TotalReward:5912.770117817755
ETask 121-121: Configuration:8 Energy:53.05830736111199 Reward:10.409240358974035 Raw:19.590759641025965 Time:32516 TotalReward:5965.828425178867
ERun: Time:3939674
==END-RUN 0==
==ROUND-END==
STOKE: Config: 0 - Knobs: {interval:10000 priority:104 sensor-configuration:1 batch:5 }  | -- on:2 reward:16.5763
STOKE: Config: 1 - Knobs: {interval:7750 priority:104 sensor-configuration:1 batch:5 }  | -- on:2 reward:17.6503
STOKE: Config: 2 - Knobs: {interval:5500 priority:104 sensor-configuration:1 batch:5 }  | -- on:2 reward:18.0681
STOKE: Config: 3 - Knobs: {interval:3500 priority:104 sensor-configuration:1 batch:5 }  | -- on:2 reward:16.4186
STOKE: Config: 4 - Knobs: {interval:1000 priority:104 sensor-configuration:1 batch:5 }  | -- on:2 reward:17.5025
STOKE: Config: 5 - Knobs: {interval:10000 priority:100 sensor-configuration:1 batch:5 }  | -- on:2 reward:11.8077
STOKE: Config: 6 - Knobs: {interval:7750 priority:100 sensor-configuration:1 batch:5 }  | -- on:2 reward:14.3878
STOKE: Config: 7 - Knobs: {interval:5500 priority:100 sensor-configuration:1 batch:5 }  | -- on:2 reward:6.8129
STOKE: Config: 8 - Knobs: {interval:3500 priority:100 sensor-configuration:1 batch:5 }  | -- on:2 reward:1.7557
STOKE: Config: 9 - Knobs: {interval:1000 priority:100 sensor-configuration:1 batch:5 }  | -- on:2 reward:10.2933
STOKE: Config: 10 - Knobs: {interval:10000 priority:104 sensor-configuration:1 batch:1 }  | -- on:2 reward:15.0893
STOKE: Config: 11 - Knobs: {interval:7750 priority:104 sensor-configuration:1 batch:1 }  | -- on:2 reward:18.1446
STOKE: Config: 12 - Knobs: {interval:5500 priority:104 sensor-configuration:1 batch:1 }  | -- on:2 reward:9.1698
STOKE: Config: 13 - Knobs: {interval:3500 priority:104 sensor-configuration:1 batch:1 }  | -- on:2 reward:15.6438
STOKE: Config: 14 - Knobs: {interval:1000 priority:104 sensor-configuration:1 batch:1 }  | -- on:2 reward:15.7089
STOKE: Config: 15 - Knobs: {interval:10000 priority:100 sensor-configuration:1 batch:1 }  | -- on:2 reward:16.7804
STOKE: Config: 16 - Knobs: {interval:7750 priority:100 sensor-configuration:1 batch:1 }  | -- on:2 reward:16.0122
STOKE: Config: 17 - Knobs: {interval:5500 priority:100 sensor-configuration:1 batch:1 }  | -- on:2 reward:15.5199
STOKE: Config: 18 - Knobs: {interval:3500 priority:100 sensor-configuration:1 batch:1 }  | -- on:2 reward:14.0003
STOKE: Config: 19 - Knobs: {interval:1000 priority:100 sensor-configuration:1 batch:1 }  | -- on:2 reward:-6.5944
