==RUN 0==
Bandit Runs:1 Tasks-in-Run:60
Self-Optimizer Rounds:0 Tasks-in-Round:0
Continuous Knob Rounds:Inf Tasks-in-Round:0
STOKE: Start Bat: 0.960000
ETask 0-0: Configuration:0 Energy:88.32859048 Reward:0.0 Raw:0.0 Time:32500 TotalReward:88.32859048
ETask 1-1: Configuration:0 Energy:88.47256755999999 Reward:0.0 Raw:0.0 Time:32500 TotalReward:176.80115804
ETask 2-2: Configuration:0 Energy:85.65449931999999 Reward:0.0 Raw:0.0 Time:32500 TotalReward:262.45565736
ETask 3-3: Configuration:0 Energy:83.85068068000001 Reward:0.0 Raw:0.0 Time:32500 TotalReward:346.30633804
ETask 4-4: Configuration:0 Energy:93.41449364 Reward:0.0 Raw:0.0 Time:32500 TotalReward:439.72083168
ETask 5-5: Configuration:0 Energy:81.549146445 Reward:0.0 Raw:0.0 Time:32500 TotalReward:521.269978125
ETask 6-6: Configuration:0 Energy:97.2723955125 Reward:0.0 Raw:0.0 Time:32500 TotalReward:618.5423736375
ETask 7-7: Configuration:0 Energy:100.144163925 Reward:0.0 Raw:0.0 Time:32500 TotalReward:718.6865375625
ETask 8-8: Configuration:0 Energy:113.26046394000001 Reward:0.0 Raw:0.0 Time:32500 TotalReward:831.9470015025
ETask 9-9: Configuration:0 Energy:110.00174425499999 Reward:0.0 Raw:0.0 Time:32500 TotalReward:941.9487457575
ETask 10-10: Configuration:0 Energy:115.1667229375 Reward:0.0 Raw:0.0 Time:32500 TotalReward:1057.115468695
ETask 11-11: Configuration:0 Energy:97.524856 Reward:0.0 Raw:0.0 Time:32500 TotalReward:1154.640324695
ETask 12-12: Configuration:0 Energy:87.78447518750001 Reward:0.0 Raw:0.0 Time:32500 TotalReward:1242.4247998824999
ETask 13-13: Configuration:0 Energy:82.833564125 Reward:0.0 Raw:0.0 Time:32500 TotalReward:1325.2583640075
ETask 14-14: Configuration:0 Energy:83.90458618750002 Reward:0.0 Raw:0.0 Time:32500 TotalReward:1409.162950195
ETask 15-15: Configuration:0 Energy:79.7012848125 Reward:0.0 Raw:0.0 Time:32500 TotalReward:1488.8642350075
ETask 16-16: Configuration:0 Energy:94.507875865 Reward:0.0 Raw:0.0 Time:32500 TotalReward:1583.3721108725
ETask 17-17: Configuration:0 Energy:84.83290221250002 Reward:0.0 Raw:0.0 Time:32500 TotalReward:1668.2050130849998
ETask 18-18: Configuration:0 Energy:86.06502544250002 Reward:0.0 Raw:0.0 Time:32500 TotalReward:1754.2700385274998
ETask 19-19: Configuration:0 Energy:90.89238577249999 Reward:0.0 Raw:0.0 Time:32500 TotalReward:1845.1624242999997
ETask 20-20: Configuration:0 Energy:85.3983975325 Reward:0.0 Raw:0.0 Time:32500 TotalReward:1930.5608218324996
ETask 21-21: Configuration:0 Energy:86.246772885 Reward:0.0 Raw:0.0 Time:32500 TotalReward:2016.8075947174996
ETask 22-22: Configuration:0 Energy:104.24952053749999 Reward:0.0 Raw:0.0 Time:32500 TotalReward:2121.0571152549996
ETask 23-23: Configuration:0 Energy:93.098854485 Reward:0.0 Raw:0.0 Time:32500 TotalReward:2214.15596974
ETask 24-24: Configuration:0 Energy:98.496198255 Reward:0.0 Raw:0.0 Time:32500 TotalReward:2312.6521679949997
ETask 25-25: Configuration:0 Energy:101.626305235 Reward:0.0 Raw:0.0 Time:32500 TotalReward:2414.2784732299997
ETask 26-26: Configuration:0 Energy:97.57323485 Reward:0.0 Raw:0.0 Time:32500 TotalReward:2511.8517080799998
ETask 27-27: Configuration:0 Energy:82.825939105 Reward:0.0 Raw:0.0 Time:32500 TotalReward:2594.677647185
ETask 28-28: Configuration:0 Energy:107.95187987999999 Reward:0.0 Raw:0.0 Time:32500 TotalReward:2702.629527065
ETask 29-29: Configuration:0 Energy:90.23144909999999 Reward:0.0 Raw:0.0 Time:32500 TotalReward:2792.860976165
ETask 30-30: Configuration:0 Energy:82.48755138 Reward:0.0 Raw:0.0 Time:32500 TotalReward:2875.348527545
ETask 31-31: Configuration:0 Energy:81.58234344 Reward:0.0 Raw:0.0 Time:32500 TotalReward:2956.9308709849997
ETask 32-32: Configuration:0 Energy:85.44427397999999 Reward:0.0 Raw:0.0 Time:32500 TotalReward:3042.375144965
ETask 33-33: Configuration:0 Energy:83.35242240000001 Reward:0.0 Raw:0.0 Time:32500 TotalReward:3125.7275673649997
ETask 34-34: Configuration:0 Energy:82.20245640750001 Reward:0.0 Raw:0.0 Time:32500 TotalReward:3207.9300237724997
ETask 35-35: Configuration:0 Energy:85.1282818425 Reward:0.0 Raw:0.0 Time:32500 TotalReward:3293.058305615
ETask 36-36: Configuration:0 Energy:87.7333933125 Reward:0.0 Raw:0.0 Time:32500 TotalReward:3380.7916989275
ETask 37-37: Configuration:0 Energy:83.86578252 Reward:0.0 Raw:0.0 Time:32500 TotalReward:3464.6574814475
ETask 38-38: Configuration:0 Energy:83.58525630000001 Reward:0.0 Raw:0.0 Time:32500 TotalReward:3548.2427377474996
ETask 39-39: Configuration:0 Energy:82.70348989500002 Reward:0.0 Raw:0.0 Time:32500 TotalReward:3630.9462276424997
ETask 40-40: Configuration:0 Energy:108.131747295 Reward:0.0 Raw:0.0 Time:32500 TotalReward:3739.0779749374997
ETask 41-41: Configuration:0 Energy:102.14218657499998 Reward:0.0 Raw:0.0 Time:32500 TotalReward:3841.2201615124995
ETask 42-42: Configuration:0 Energy:105.44291510999999 Reward:0.0 Raw:0.0 Time:32500 TotalReward:3946.6630766224994
ETask 43-43: Configuration:0 Energy:103.41858345 Reward:0.0 Raw:0.0 Time:32500 TotalReward:4050.0816600724993
ETask 44-44: Configuration:0 Energy:88.27589588999999 Reward:0.0 Raw:0.0 Time:32500 TotalReward:4138.3575559625
ETask 45-45: Configuration:0 Energy:87.08515081499999 Reward:0.0 Raw:0.0 Time:32500 TotalReward:4225.4427067775
ETask 46-46: Configuration:0 Energy:83.43934560000001 Reward:0.0 Raw:0.0 Time:32500 TotalReward:4308.882052377499
ETask 47-47: Configuration:0 Energy:84.23432238 Reward:0.0 Raw:0.0 Time:32500 TotalReward:4393.116374757499
ETask 48-48: Configuration:0 Energy:84.77099358 Reward:0.0 Raw:0.0 Time:32500 TotalReward:4477.8873683374995
ETask 49-49: Configuration:0 Energy:85.34739408 Reward:0.0 Raw:0.0 Time:32500 TotalReward:4563.2347624175
ETask 50-50: Configuration:0 Energy:104.50785851999998 Reward:0.0 Raw:0.0 Time:32500 TotalReward:4667.7426209375
ETask 51-51: Configuration:0 Energy:107.74768524 Reward:0.0 Raw:0.0 Time:32500 TotalReward:4775.490306177499
ETask 52-52: Configuration:0 Energy:91.1085318 Reward:0.0 Raw:0.0 Time:32500 TotalReward:4866.598837977499
ETask 53-53: Configuration:0 Energy:88.597579005 Reward:0.0 Raw:0.0 Time:32500 TotalReward:4955.196416982499
ETask 54-54: Configuration:0 Energy:87.33212514 Reward:0.0 Raw:0.0 Time:32500 TotalReward:5042.528542122499
ETask 55-55: Configuration:0 Energy:88.41966909749999 Reward:0.0 Raw:0.0 Time:32500 TotalReward:5130.9482112199985
ETask 56-56: Configuration:0 Energy:104.770924245 Reward:0.0 Raw:0.0 Time:32500 TotalReward:5235.7191354649985
ETask 57-57: Configuration:0 Energy:103.8614197725 Reward:0.0 Raw:0.0 Time:32500 TotalReward:5339.580555237499
ETask 58-58: Configuration:0 Energy:125.96413648 Reward:0.0 Raw:0.0 Time:32500 TotalReward:5465.544691717499
ETask 59-59: Configuration:0 Energy:120.95285162999998 Reward:0.0 Raw:0.0 Time:32500 TotalReward:5586.497543347498
==END-RUN 0==
