==RUN 0==
Bandit Runs:1 Tasks-in-Run:100
Self-Optimizer Rounds:0 Tasks-in-Round:0
Continuous Knob Rounds:Inf Tasks-in-Round:0
STOKE: Start Bat: 0.890000
ETask 1-1: Configuration:0 Energy:53.58146033889 Reward:-53.58146033889 Raw:53.58146033889 Time:32538 TotalReward:53.58146033889
ETask 2-2: Configuration:1 Energy:100.95227109551999 Reward:-100.95227109551999 Raw:100.95227109551999 Time:32541 TotalReward:154.53373143441
ETask 3-3: Configuration:2 Energy:92.591445603067 Reward:-92.591445603067 Raw:92.591445603067 Time:32529 TotalReward:247.125177037477
ETask 4-4: Configuration:3 Energy:37.14504368214599 Reward:-37.14504368214599 Raw:37.14504368214599 Time:32570 TotalReward:284.27022071962296
ETask 5-5: Configuration:4 Energy:100.88115570932402 Reward:-100.88115570932402 Raw:100.88115570932402 Time:32535 TotalReward:385.15137642894695
ETask 6-6: Configuration:5 Energy:86.521686819912 Reward:-86.521686819912 Raw:86.521686819912 Time:32523 TotalReward:471.67306324885897
ETask 7-7: Configuration:6 Energy:34.082968627296005 Reward:-34.082968627296005 Raw:34.082968627296005 Time:32535 TotalReward:505.75603187615496
ETask 8-8: Configuration:7 Energy:46.667842767 Reward:-46.667842767 Raw:46.667842767 Time:32549 TotalReward:552.4238746431549
ETask 9-9: Configuration:8 Energy:48.774523843584 Reward:-48.774523843584 Raw:48.774523843584 Time:32533 TotalReward:601.1983984867389
ETask 10-10: Configuration:9 Energy:133.70547157463997 Reward:-133.70547157463997 Raw:133.70547157463997 Time:32535 TotalReward:734.9038700613789
ETask 11-11: Configuration:10 Energy:102.2969679368 Reward:-102.2969679368 Raw:102.2969679368 Time:32532 TotalReward:837.2008379981789
ETask 12-12: Configuration:11 Energy:103.96504526597698 Reward:-103.96504526597698 Raw:103.96504526597698 Time:32525 TotalReward:941.1658832641559
ETask 13-13: Configuration:9 Energy:37.202221433552005 Reward:-37.202221433552005 Raw:37.202221433552005 Time:32544 TotalReward:978.368104697708
ETask 14-14: Configuration:10 Energy:102.093633700492 Reward:-102.093633700492 Raw:102.093633700492 Time:32536 TotalReward:1080.4617383982
ETask 15-15: Configuration:6 Energy:37.94061877123 Reward:-37.94061877123 Raw:37.94061877123 Time:32536 TotalReward:1118.40235716943
ETask 16-16: Configuration:1 Energy:32.146823897734 Reward:-32.146823897734 Raw:32.146823897734 Time:32522 TotalReward:1150.549181067164
ETask 17-17: Configuration:10 Energy:112.48654373373299 Reward:-112.48654373373299 Raw:112.48654373373299 Time:32540 TotalReward:1263.035724800897
ETask 18-18: Configuration:5 Energy:41.74259470919999 Reward:-41.74259470919999 Raw:41.74259470919999 Time:32530 TotalReward:1304.778319510097
ETask 19-19: Configuration:0 Energy:50.945125204926 Reward:-50.945125204926 Raw:50.945125204926 Time:32560 TotalReward:1355.7234447150229
ETask 20-20: Configuration:0 Energy:50.08715310374999 Reward:-50.08715310374999 Raw:50.08715310374999 Time:32518 TotalReward:1405.810597818773
ETask 21-21: Configuration:11 Energy:111.72915770054999 Reward:-111.72915770054999 Raw:111.72915770054999 Time:32535 TotalReward:1517.539755519323
ETask 22-22: Configuration:3 Energy:53.61859330394399 Reward:-53.61859330394399 Raw:53.61859330394399 Time:32544 TotalReward:1571.158348823267
ETask 23-23: Configuration:6 Energy:40.14172051155 Reward:-40.14172051155 Raw:40.14172051155 Time:32524 TotalReward:1611.300069334817
ETask 24-24: Configuration:6 Energy:31.821625168325994 Reward:-31.821625168325994 Raw:31.821625168325994 Time:32507 TotalReward:1643.1216945031429
ETask 25-25: Configuration:9 Energy:39.455517978478994 Reward:-39.455517978478994 Raw:39.455517978478994 Time:32546 TotalReward:1682.577212481622
ETask 26-26: Configuration:7 Energy:35.371796038568995 Reward:-35.371796038568995 Raw:35.371796038568995 Time:32548 TotalReward:1717.949008520191
ETask 27-27: Configuration:6 Energy:80.93594614754399 Reward:-80.93594614754399 Raw:80.93594614754399 Time:32537 TotalReward:1798.884954667735
ETask 28-28: Configuration:1 Energy:101.77270244865 Reward:-101.77270244865 Raw:101.77270244865 Time:32542 TotalReward:1900.657657116385
ETask 29-29: Configuration:7 Energy:34.498557639 Reward:-34.498557639 Raw:34.498557639 Time:32531 TotalReward:1935.156214755385
ETask 30-30: Configuration:3 Energy:36.88393904009999 Reward:-36.88393904009999 Raw:36.88393904009999 Time:32573 TotalReward:1972.040153795485
ETask 31-31: Configuration:3 Energy:37.46180741355 Reward:-37.46180741355 Raw:37.46180741355 Time:32513 TotalReward:2009.501961209035
ETask 32-32: Configuration:7 Energy:32.316765809399996 Reward:-32.316765809399996 Raw:32.316765809399996 Time:32532 TotalReward:2041.818727018435
ETask 33-33: Configuration:11 Energy:87.2205768936 Reward:-87.2205768936 Raw:87.2205768936 Time:32532 TotalReward:2129.039303912035
ETask 34-34: Configuration:1 Energy:31.6257924015 Reward:-31.6257924015 Raw:31.6257924015 Time:32535 TotalReward:2160.665096313535
ETask 35-35: Configuration:6 Energy:31.466015167049996 Reward:-31.466015167049996 Raw:31.466015167049996 Time:32545 TotalReward:2192.131111480585
ETask 36-36: Configuration:4 Energy:54.9227624355 Reward:-54.9227624355 Raw:54.9227624355 Time:32533 TotalReward:2247.0538739160847
ETask 37-37: Configuration:2 Energy:31.405588089749994 Reward:-31.405588089749994 Raw:31.405588089749994 Time:32549 TotalReward:2278.4594620058347
ETask 38-38: Configuration:7 Energy:49.728600260549996 Reward:-49.728600260549996 Raw:49.728600260549996 Time:32539 TotalReward:2328.188062266385
ETask 39-39: Configuration:7 Energy:50.83577669601599 Reward:-50.83577669601599 Raw:50.83577669601599 Time:32523 TotalReward:2379.023838962401
ETask 40-40: Configuration:3 Energy:50.879446799199 Reward:-50.879446799199 Raw:50.879446799199 Time:32536 TotalReward:2429.9032857616
ETask 41-41: Configuration:7 Energy:93.08546112882297 Reward:-93.08546112882297 Raw:93.08546112882297 Time:32544 TotalReward:2522.9887468904226
ETask 42-42: Configuration:6 Energy:36.501749871356004 Reward:-36.501749871356004 Raw:36.501749871356004 Time:32533 TotalReward:2559.4904967617786
ETask 43-43: Configuration:9 Energy:85.15644426592799 Reward:-85.15644426592799 Raw:85.15644426592799 Time:32543 TotalReward:2644.6469410277064
ETask 44-44: Configuration:6 Energy:80.36735718438 Reward:-80.36735718438 Raw:80.36735718438 Time:32555 TotalReward:2725.0142982120865
ETask 45-45: Configuration:1 Energy:95.87389444998401 Reward:-95.87389444998401 Raw:95.87389444998401 Time:32533 TotalReward:2820.8881926620707
ETask 46-46: Configuration:3 Energy:37.261629826960004 Reward:-37.261629826960004 Raw:37.261629826960004 Time:32579 TotalReward:2858.1498224890306
ETask 47-47: Configuration:3 Energy:37.452314017664 Reward:-37.452314017664 Raw:37.452314017664 Time:32524 TotalReward:2895.6021365066945
ETask 48-48: Configuration:8 Energy:46.803759580305 Reward:-46.803759580305 Raw:46.803759580305 Time:32537 TotalReward:2942.4058960869993
ETask 49-49: Configuration:3 Energy:37.44411571025999 Reward:-37.44411571025999 Raw:37.44411571025999 Time:32544 TotalReward:2979.8500117972594
ETask 50-50: Configuration:10 Energy:87.80044587820399 Reward:-87.80044587820399 Raw:87.80044587820399 Time:32533 TotalReward:3067.6504576754633
ETask 51-51: Configuration:2 Energy:34.96388630486699 Reward:-34.96388630486699 Raw:34.96388630486699 Time:32534 TotalReward:3102.6143439803304
ETask 52-52: Configuration:3 Energy:44.01073729966499 Reward:-44.01073729966499 Raw:44.01073729966499 Time:32565 TotalReward:3146.6250812799954
ETask 53-53: Configuration:3 Energy:37.196123619104995 Reward:-37.196123619104995 Raw:37.196123619104995 Time:32508 TotalReward:3183.8212048991004
ETask 54-54: Configuration:3 Energy:54.925677553967994 Reward:-54.925677553967994 Raw:54.925677553967994 Time:32524 TotalReward:3238.7468824530683
ETask 55-55: Configuration:3 Energy:50.84160499871201 Reward:-50.84160499871201 Raw:50.84160499871201 Time:32505 TotalReward:3289.5884874517806
ETask 56-56: Configuration:3 Energy:41.94970507320401 Reward:-41.94970507320401 Raw:41.94970507320401 Time:32539 TotalReward:3331.5381925249844
ETask 57-57: Configuration:3 Energy:51.173888948935996 Reward:-51.173888948935996 Raw:51.173888948935996 Time:32520 TotalReward:3382.7120814739205
ETask 58-58: Configuration:8 Energy:50.67112778427 Reward:-50.67112778427 Raw:50.67112778427 Time:32535 TotalReward:3433.3832092581906
ETask 59-59: Configuration:3 Energy:51.592305381213 Reward:-51.592305381213 Raw:51.592305381213 Time:32550 TotalReward:3484.9755146394036
ETask 60-60: Configuration:3 Energy:55.75692189175199 Reward:-55.75692189175199 Raw:55.75692189175199 Time:32534 TotalReward:3540.7324365311556
ETask 61-61: Configuration:3 Energy:39.12910405024001 Reward:-39.12910405024001 Raw:39.12910405024001 Time:32515 TotalReward:3579.8615405813957
ETask 62-62: Configuration:3 Energy:48.637132742016 Reward:-48.637132742016 Raw:48.637132742016 Time:32509 TotalReward:3628.498673323412
ETask 63-63: Configuration:3 Energy:37.10820431001599 Reward:-37.10820431001599 Raw:37.10820431001599 Time:32535 TotalReward:3665.6068776334278
ETask 64-64: Configuration:0 Energy:51.992362025856 Reward:-51.992362025856 Raw:51.992362025856 Time:32540 TotalReward:3717.5992396592837
ETask 65-65: Configuration:3 Energy:38.145105169919994 Reward:-38.145105169919994 Raw:38.145105169919994 Time:32563 TotalReward:3755.744344829204
ETask 66-66: Configuration:3 Energy:40.681043536896006 Reward:-40.681043536896006 Raw:40.681043536896006 Time:32531 TotalReward:3796.4253883661
ETask 67-67: Configuration:3 Energy:35.699270455295995 Reward:-35.699270455295995 Raw:35.699270455295995 Time:32509 TotalReward:3832.1246588213958
ETask 68-68: Configuration:3 Energy:37.243232433791995 Reward:-37.243232433791995 Raw:37.243232433791995 Time:32512 TotalReward:3869.3678912551877
ETask 69-69: Configuration:8 Energy:31.496210395776 Reward:-31.496210395776 Raw:31.496210395776 Time:32555 TotalReward:3900.8641016509637
ETask 70-70: Configuration:3 Energy:36.475954937856 Reward:-36.475954937856 Raw:36.475954937856 Time:32544 TotalReward:3937.3400565888196
ETask 71-71: Configuration:3 Energy:37.723527971136 Reward:-37.723527971136 Raw:37.723527971136 Time:32536 TotalReward:3975.0635845599554
ETask 72-72: Configuration:3 Energy:39.531971832192 Reward:-39.531971832192 Raw:39.531971832192 Time:32518 TotalReward:4014.5955563921475
ETask 73-73: Configuration:3 Energy:39.506500708416 Reward:-39.506500708416 Raw:39.506500708416 Time:32536 TotalReward:4054.1020571005633
ETask 74-74: Configuration:3 Energy:111.31688604681598 Reward:-111.31688604681598 Raw:111.31688604681598 Time:32524 TotalReward:4165.41894314738
ETask 75-75: Configuration:4 Energy:41.661130919336 Reward:-41.661130919336 Raw:41.661130919336 Time:32524 TotalReward:4207.0800740667155
ETask 76-76: Configuration:8 Energy:50.13334909771999 Reward:-50.13334909771999 Raw:50.13334909771999 Time:32532 TotalReward:4257.213423164436
ETask 77-77: Configuration:3 Energy:61.7181409608 Reward:-61.7181409608 Raw:61.7181409608 Time:32565 TotalReward:4318.931564125236
ETask 78-78: Configuration:3 Energy:64.69842438268799 Reward:-64.69842438268799 Raw:64.69842438268799 Time:32513 TotalReward:4383.629988507924
ETask 79-79: Configuration:8 Energy:93.316948421382 Reward:-93.316948421382 Raw:93.316948421382 Time:32532 TotalReward:4476.9469369293065
ETask 80-80: Configuration:3 Energy:37.482851296410004 Reward:-37.482851296410004 Raw:37.482851296410004 Time:32594 TotalReward:4514.429788225717
ETask 81-81: Configuration:3 Energy:36.408197120334 Reward:-36.408197120334 Raw:36.408197120334 Time:32514 TotalReward:4550.837985346051
ETask 82-82: Configuration:3 Energy:40.208791542459 Reward:-40.208791542459 Raw:40.208791542459 Time:32531 TotalReward:4591.04677688851
ETask 83-83: Configuration:3 Energy:95.33605953330301 Reward:-95.33605953330301 Raw:95.33605953330301 Time:32505 TotalReward:4686.382836421813
ETask 84-84: Configuration:6 Energy:30.78730389942 Reward:-30.78730389942 Raw:30.78730389942 Time:32579 TotalReward:4717.170140321234
ETask 85-85: Configuration:6 Energy:42.76738703740801 Reward:-42.76738703740801 Raw:42.76738703740801 Time:32533 TotalReward:4759.937527358642
ETask 86-86: Configuration:6 Energy:31.64254860404 Reward:-31.64254860404 Raw:31.64254860404 Time:32547 TotalReward:4791.580075962682
ETask 87-87: Configuration:6 Energy:32.25333661579 Reward:-32.25333661579 Raw:32.25333661579 Time:32533 TotalReward:4823.833412578472
ETask 88-88: Configuration:6 Energy:31.464894412319996 Reward:-31.464894412319996 Raw:31.464894412319996 Time:32503 TotalReward:4855.298306990792
ETask 89-89: Configuration:6 Energy:32.06951104301999 Reward:-32.06951104301999 Raw:32.06951104301999 Time:32507 TotalReward:4887.367818033812
ETask 90-90: Configuration:10 Energy:94.32224467893899 Reward:-94.32224467893899 Raw:94.32224467893899 Time:32527 TotalReward:4981.690062712751
ETask 91-91: Configuration:6 Energy:31.809322540575998 Reward:-31.809322540575998 Raw:31.809322540575998 Time:32592 TotalReward:5013.499385253327
ETask 92-92: Configuration:6 Energy:31.906050783288 Reward:-31.906050783288 Raw:31.906050783288 Time:32520 TotalReward:5045.405436036615
ETask 93-93: Configuration:6 Energy:51.00343256183999 Reward:-51.00343256183999 Raw:51.00343256183999 Time:32530 TotalReward:5096.408868598455
ETask 94-94: Configuration:6 Energy:31.779422338631996 Reward:-31.779422338631996 Raw:31.779422338631996 Time:32538 TotalReward:5128.188290937087
ETask 95-95: Configuration:6 Energy:50.33555053009999 Reward:-50.33555053009999 Raw:50.33555053009999 Time:32505 TotalReward:5178.523841467187
ETask 96-96: Configuration:6 Energy:52.14990285992999 Reward:-52.14990285992999 Raw:52.14990285992999 Time:32508 TotalReward:5230.673744327117
ETask 97-97: Configuration:6 Energy:50.75456061509999 Reward:-50.75456061509999 Raw:50.75456061509999 Time:32539 TotalReward:5281.4283049422165
ETask 98-98: Configuration:6 Energy:50.84764784112 Reward:-50.84764784112 Raw:50.84764784112 Time:32532 TotalReward:5332.275952783337
ETask 99-99: Configuration:6 Energy:65.1132149094 Reward:-65.1132149094 Raw:65.1132149094 Time:32520 TotalReward:5397.389167692737
ETask 100-100: Configuration:6 Energy:34.479396886787995 Reward:-34.479396886787995 Raw:34.479396886787995 Time:32509 TotalReward:5431.868564579525
ETask 101-101: Configuration:6 Energy:31.768781482367995 Reward:-31.768781482367995 Raw:31.768781482367995 Time:32511 TotalReward:5463.6373460618925
ETask 102-102: Configuration:6 Energy:45.98197046583 Reward:-45.98197046583 Raw:45.98197046583 Time:32514 TotalReward:5509.619316527723
ETask 103-103: Configuration:6 Energy:31.86971657674 Reward:-31.86971657674 Raw:31.86971657674 Time:32514 TotalReward:5541.489033104463
ETask 104-104: Configuration:6 Energy:35.36520712965 Reward:-35.36520712965 Raw:35.36520712965 Time:32542 TotalReward:5576.854240234113
ETask 105-105: Configuration:6 Energy:37.192973761656 Reward:-37.192973761656 Raw:37.192973761656 Time:32527 TotalReward:5614.047213995768
ETask 106-106: Configuration:6 Energy:38.798266204206 Reward:-38.798266204206 Raw:38.798266204206 Time:32534 TotalReward:5652.845480199974
ETask 107-107: Configuration:6 Energy:31.54710301012 Reward:-31.54710301012 Raw:31.54710301012 Time:32509 TotalReward:5684.392583210094
ETask 108-108: Configuration:6 Energy:42.78977154384 Reward:-42.78977154384 Raw:42.78977154384 Time:32531 TotalReward:5727.182354753934
ETask 109-109: Configuration:6 Energy:43.466509908402 Reward:-43.466509908402 Raw:43.466509908402 Time:32502 TotalReward:5770.648864662337
ETask 110-110: Configuration:6 Energy:38.85429776096 Reward:-38.85429776096 Raw:38.85429776096 Time:32507 TotalReward:5809.503162423297
ETask 111-111: Configuration:6 Energy:34.20004639755 Reward:-34.20004639755 Raw:34.20004639755 Time:32513 TotalReward:5843.703208820847
ETask 112-112: Configuration:0 Energy:83.81634898724998 Reward:-83.81634898724998 Raw:83.81634898724998 Time:32574 TotalReward:5927.5195578080975
ETask 113-113: Configuration:6 Energy:42.66764513446499 Reward:-42.66764513446499 Raw:42.66764513446499 Time:32572 TotalReward:5970.187202942562
ERun: Time:3679648
==END-RUN 0==
==ROUND-END==
STOKE: Config: 0 - Knobs: {interval:10000 priority:104 sensor-configuration:1 batch:5 }  | -- on:5 reward:-58.0845
STOKE: Config: 1 - Knobs: {interval:1000 priority:104 sensor-configuration:1 batch:5 }  | -- on:5 reward:-72.4743
STOKE: Config: 2 - Knobs: {interval:500 priority:104 sensor-configuration:1 batch:5 }  | -- on:3 reward:-52.9870
STOKE: Config: 3 - Knobs: {interval:10000 priority:100 sensor-configuration:1 batch:5 }  | -- on:34 reward:-46.8425
STOKE: Config: 4 - Knobs: {interval:1000 priority:100 sensor-configuration:1 batch:5 }  | -- on:3 reward:-65.8217
STOKE: Config: 5 - Knobs: {interval:500 priority:100 sensor-configuration:1 batch:5 }  | -- on:2 reward:-64.1321
STOKE: Config: 6 - Knobs: {interval:10000 priority:104 sensor-configuration:1 batch:1 }  | -- on:36 reward:-41.0812
STOKE: Config: 7 - Knobs: {interval:1000 priority:104 sensor-configuration:1 batch:1 }  | -- on:7 reward:-48.9293
STOKE: Config: 8 - Knobs: {interval:500 priority:104 sensor-configuration:1 batch:1 }  | -- on:6 reward:-53.5327
STOKE: Config: 9 - Knobs: {interval:10000 priority:100 sensor-configuration:1 batch:1 }  | -- on:4 reward:-73.8799
STOKE: Config: 10 - Knobs: {interval:1000 priority:100 sensor-configuration:1 batch:1 }  | -- on:5 reward:-99.8000
STOKE: Config: 11 - Knobs: {interval:500 priority:100 sensor-configuration:1 batch:1 }  | -- on:3 reward:-100.9716
