==RUN 0==
Bandit Runs:1 Tasks-in-Run:100
Self-Optimizer Rounds:0 Tasks-in-Round:0
Continuous Knob Rounds:Inf Tasks-in-Round:0
STOKE: Start Bat: 0.950000
ETask 1-1: Configuration:0 Energy:41.98581004916799 Reward:-41.98581004916799 Raw:41.98581004916799 Time:32519 TotalReward:41.98581004916799
ETask 2-2: Configuration:1 Energy:95.22224027568 Reward:-95.22224027568 Raw:95.22224027568 Time:32530 TotalReward:137.208050324848
ETask 3-3: Configuration:2 Energy:94.44681436553999 Reward:-94.44681436553999 Raw:94.44681436553999 Time:32539 TotalReward:231.65486469038797
ETask 4-4: Configuration:3 Energy:35.42548848280399 Reward:-35.42548848280399 Raw:35.42548848280399 Time:32542 TotalReward:267.08035317319195
ETask 5-5: Configuration:4 Energy:69.90044404525001 Reward:-69.90044404525001 Raw:69.90044404525001 Time:32539 TotalReward:336.980797218442
ETask 6-6: Configuration:5 Energy:53.39514966223199 Reward:-53.39514966223199 Raw:53.39514966223199 Time:32531 TotalReward:390.37594688067395
ETask 7-7: Configuration:6 Energy:50.860994722272 Reward:-50.860994722272 Raw:50.860994722272 Time:32566 TotalReward:441.23694160294593
ETask 8-8: Configuration:7 Energy:48.827204653374 Reward:-48.827204653374 Raw:48.827204653374 Time:32555 TotalReward:490.06414625631993
ETask 9-9: Configuration:8 Energy:89.494031675762 Reward:-89.494031675762 Raw:89.494031675762 Time:32529 TotalReward:579.5581779320819
ETask 10-10: Configuration:9 Energy:70.25364516189597 Reward:-70.25364516189597 Raw:70.25364516189597 Time:32533 TotalReward:649.8118230939779
ETask 11-11: Configuration:10 Energy:106.351447015296 Reward:-106.351447015296 Raw:106.351447015296 Time:32540 TotalReward:756.1632701092739
ETask 12-12: Configuration:11 Energy:108.27177980611201 Reward:-108.27177980611201 Raw:108.27177980611201 Time:32524 TotalReward:864.4350499153859
ETask 13-13: Configuration:0 Energy:38.355017801568 Reward:-38.355017801568 Raw:38.355017801568 Time:32548 TotalReward:902.7900677169539
ETask 14-14: Configuration:10 Energy:116.615281265664 Reward:-116.615281265664 Raw:116.615281265664 Time:32536 TotalReward:1019.4053489826179
ETask 15-15: Configuration:0 Energy:28.280792201183996 Reward:-28.280792201183996 Raw:28.280792201183996 Time:32543 TotalReward:1047.6861411838017
ETask 16-16: Configuration:0 Energy:30.536537780544 Reward:-30.536537780544 Raw:30.536537780544 Time:32515 TotalReward:1078.2226789643457
ETask 17-17: Configuration:0 Energy:31.4496284784 Reward:-31.4496284784 Raw:31.4496284784 Time:32539 TotalReward:1109.6723074427457
ETask 18-18: Configuration:9 Energy:39.181533214464 Reward:-39.181533214464 Raw:39.181533214464 Time:32533 TotalReward:1148.8538406572097
ETask 19-19: Configuration:10 Energy:106.24712364288 Reward:-106.24712364288 Raw:106.24712364288 Time:32532 TotalReward:1255.1009643000898
ETask 20-20: Configuration:0 Energy:30.440538236106 Reward:-30.440538236106 Raw:30.440538236106 Time:32538 TotalReward:1285.5415025361958
ETask 21-21: Configuration:0 Energy:30.345808664808004 Reward:-30.345808664808004 Raw:30.345808664808004 Time:32512 TotalReward:1315.8873112010037
ETask 22-22: Configuration:10 Energy:99.793103070024 Reward:-99.793103070024 Raw:99.793103070024 Time:32535 TotalReward:1415.6804142710278
ETask 23-23: Configuration:0 Energy:27.905737095935997 Reward:-27.905737095935997 Raw:27.905737095935997 Time:32578 TotalReward:1443.5861513669638
ETask 24-24: Configuration:0 Energy:30.147137578530007 Reward:-30.147137578530007 Raw:30.147137578530007 Time:32512 TotalReward:1473.7332889454938
ETask 25-25: Configuration:0 Energy:30.252011469480003 Reward:-30.252011469480003 Raw:30.252011469480003 Time:32538 TotalReward:1503.9853004149738
ETask 26-26: Configuration:7 Energy:113.93649732729601 Reward:-113.93649732729601 Raw:113.93649732729601 Time:32540 TotalReward:1617.9217977422697
ETask 27-27: Configuration:0 Energy:56.513721572451004 Reward:-56.513721572451004 Raw:56.513721572451004 Time:32573 TotalReward:1674.4355193147208
ETask 28-28: Configuration:0 Energy:48.258435873150006 Reward:-48.258435873150006 Raw:48.258435873150006 Time:32518 TotalReward:1722.6939551878709
ETask 29-29: Configuration:0 Energy:50.197889657412006 Reward:-50.197889657412006 Raw:50.197889657412006 Time:32514 TotalReward:1772.8918448452828
ETask 30-30: Configuration:0 Energy:35.544372196958996 Reward:-35.544372196958996 Raw:35.544372196958996 Time:32504 TotalReward:1808.4362170422419
ETask 31-31: Configuration:3 Energy:41.76014841135 Reward:-41.76014841135 Raw:41.76014841135 Time:32543 TotalReward:1850.1963654535919
ETask 32-32: Configuration:0 Energy:33.112024809317 Reward:-33.112024809317 Raw:33.112024809317 Time:32566 TotalReward:1883.308390262909
ETask 33-33: Configuration:0 Energy:30.155029737119996 Reward:-30.155029737119996 Raw:30.155029737119996 Time:32513 TotalReward:1913.463420000029
ETask 34-34: Configuration:6 Energy:33.417028200915 Reward:-33.417028200915 Raw:33.417028200915 Time:32562 TotalReward:1946.8804482009439
ETask 35-35: Configuration:0 Energy:30.22281758307 Reward:-30.22281758307 Raw:30.22281758307 Time:32562 TotalReward:1977.103265784014
ETask 36-36: Configuration:0 Energy:78.00641010972699 Reward:-78.00641010972699 Raw:78.00641010972699 Time:32514 TotalReward:2055.109675893741
ETask 37-37: Configuration:0 Energy:30.222893595241 Reward:-30.222893595241 Raw:30.222893595241 Time:32520 TotalReward:2085.3325694889822
ETask 38-38: Configuration:0 Energy:30.721653850608003 Reward:-30.721653850608003 Raw:30.721653850608003 Time:32532 TotalReward:2116.0542233395904
ETask 39-39: Configuration:0 Energy:35.679067344870006 Reward:-35.679067344870006 Raw:35.679067344870006 Time:32521 TotalReward:2151.7332906844604
ETask 40-40: Configuration:0 Energy:35.314627391526 Reward:-35.314627391526 Raw:35.314627391526 Time:32514 TotalReward:2187.047918075986
ETask 41-41: Configuration:2 Energy:86.27334779184 Reward:-86.27334779184 Raw:86.27334779184 Time:32542 TotalReward:2273.3212658678262
ETask 42-42: Configuration:0 Energy:84.25715776117201 Reward:-84.25715776117201 Raw:84.25715776117201 Time:32532 TotalReward:2357.5784236289983
ETask 43-43: Configuration:3 Energy:42.228045500925006 Reward:-42.228045500925006 Raw:42.228045500925006 Time:32538 TotalReward:2399.8064691299232
ETask 44-44: Configuration:0 Energy:33.866709786894 Reward:-33.866709786894 Raw:33.866709786894 Time:32534 TotalReward:2433.673178916817
ETask 45-45: Configuration:0 Energy:44.45527927548 Reward:-44.45527927548 Raw:44.45527927548 Time:32518 TotalReward:2478.128458192297
ETask 46-46: Configuration:0 Energy:31.072217302962 Reward:-31.072217302962 Raw:31.072217302962 Time:32519 TotalReward:2509.200675495259
ETask 47-47: Configuration:0 Energy:59.959686746519985 Reward:-59.959686746519985 Raw:59.959686746519985 Time:32524 TotalReward:2569.160362241779
ETask 48-48: Configuration:0 Energy:49.976615354399996 Reward:-49.976615354399996 Raw:49.976615354399996 Time:32518 TotalReward:2619.136977596179
ETask 49-49: Configuration:3 Energy:54.187091516844 Reward:-54.187091516844 Raw:54.187091516844 Time:32558 TotalReward:2673.3240691130227
ETask 50-50: Configuration:0 Energy:33.41450669875199 Reward:-33.41450669875199 Raw:33.41450669875199 Time:32529 TotalReward:2706.738575811775
ETask 51-51: Configuration:0 Energy:35.0613044826 Reward:-35.0613044826 Raw:35.0613044826 Time:32546 TotalReward:2741.799880294375
ETask 52-52: Configuration:7 Energy:30.894735484218 Reward:-30.894735484218 Raw:30.894735484218 Time:32540 TotalReward:2772.694615778593
ETask 53-53: Configuration:0 Energy:40.014890082756 Reward:-40.014890082756 Raw:40.014890082756 Time:32584 TotalReward:2812.709505861349
ETask 54-54: Configuration:0 Energy:30.539692521312 Reward:-30.539692521312 Raw:30.539692521312 Time:32515 TotalReward:2843.2491983826612
ETask 55-55: Configuration:0 Energy:32.15761407852 Reward:-32.15761407852 Raw:32.15761407852 Time:32509 TotalReward:2875.4068124611813
ETask 56-56: Configuration:0 Energy:107.303758494692 Reward:-107.303758494692 Raw:107.303758494692 Time:32508 TotalReward:2982.710570955873
ETask 57-57: Configuration:11 Energy:96.38261340617501 Reward:-96.38261340617501 Raw:96.38261340617501 Time:32523 TotalReward:3079.0931843620483
ETask 58-58: Configuration:0 Energy:34.48732341375 Reward:-34.48732341375 Raw:34.48732341375 Time:32579 TotalReward:3113.580507775798
ETask 59-59: Configuration:0 Energy:31.0932581061 Reward:-31.0932581061 Raw:31.0932581061 Time:32520 TotalReward:3144.6737658818984
ETask 60-60: Configuration:0 Energy:30.413393814375 Reward:-30.413393814375 Raw:30.413393814375 Time:32536 TotalReward:3175.0871596962734
ETask 61-61: Configuration:1 Energy:32.52523937355 Reward:-32.52523937355 Raw:32.52523937355 Time:32537 TotalReward:3207.6123990698234
ETask 62-62: Configuration:0 Energy:39.88051839915 Reward:-39.88051839915 Raw:39.88051839915 Time:32550 TotalReward:3247.4929174689732
ETask 63-63: Configuration:0 Energy:36.328393772275 Reward:-36.328393772275 Raw:36.328393772275 Time:32518 TotalReward:3283.821311241248
ETask 64-64: Configuration:0 Energy:36.7038855234 Reward:-36.7038855234 Raw:36.7038855234 Time:32508 TotalReward:3320.525196764648
ETask 65-65: Configuration:0 Energy:49.205339949675 Reward:-49.205339949675 Raw:49.205339949675 Time:32510 TotalReward:3369.730536714323
ETask 66-66: Configuration:0 Energy:35.9251054926 Reward:-35.9251054926 Raw:35.9251054926 Time:32502 TotalReward:3405.655642206923
ETask 67-67: Configuration:0 Energy:44.502077790449995 Reward:-44.502077790449995 Raw:44.502077790449995 Time:32517 TotalReward:3450.157719997373
ETask 68-68: Configuration:6 Energy:57.16896741227501 Reward:-57.16896741227501 Raw:57.16896741227501 Time:32540 TotalReward:3507.326687409648
ETask 69-69: Configuration:11 Energy:95.9925128526 Reward:-95.9925128526 Raw:95.9925128526 Time:32521 TotalReward:3603.319200262248
ETask 70-70: Configuration:0 Energy:55.39076474021999 Reward:-55.39076474021999 Raw:55.39076474021999 Time:32566 TotalReward:3658.7099650024684
ETask 71-71: Configuration:0 Energy:56.849454309375 Reward:-56.849454309375 Raw:56.849454309375 Time:32516 TotalReward:3715.559419311843
ETask 72-72: Configuration:4 Energy:55.422815387939984 Reward:-55.422815387939984 Raw:55.422815387939984 Time:32534 TotalReward:3770.982234699783
ETask 73-73: Configuration:0 Energy:30.511889029439995 Reward:-30.511889029439995 Raw:30.511889029439995 Time:32561 TotalReward:3801.494123729223
ETask 74-74: Configuration:0 Energy:30.55489094384999 Reward:-30.55489094384999 Raw:30.55489094384999 Time:32504 TotalReward:3832.0490146730726
ETask 75-75: Configuration:0 Energy:31.59665359298 Reward:-31.59665359298 Raw:31.59665359298 Time:32536 TotalReward:3863.645668266053
ETask 76-76: Configuration:0 Energy:30.954868007763 Reward:-30.954868007763 Raw:30.954868007763 Time:32531 TotalReward:3894.6005362738156
ETask 77-77: Configuration:0 Energy:30.577254642844004 Reward:-30.577254642844004 Raw:30.577254642844004 Time:32537 TotalReward:3925.1777909166594
ETask 78-78: Configuration:0 Energy:31.274927357520003 Reward:-31.274927357520003 Raw:31.274927357520003 Time:32526 TotalReward:3956.4527182741795
ETask 79-79: Configuration:0 Energy:32.212548611627994 Reward:-32.212548611627994 Raw:32.212548611627994 Time:32506 TotalReward:3988.6652668858073
ETask 80-80: Configuration:4 Energy:42.778165162096 Reward:-42.778165162096 Raw:42.778165162096 Time:32523 TotalReward:4031.443432047903
ETask 81-81: Configuration:0 Energy:32.607854767614 Reward:-32.607854767614 Raw:32.607854767614 Time:32540 TotalReward:4064.051286815517
ETask 82-82: Configuration:11 Energy:84.8800528488 Reward:-84.8800528488 Raw:84.8800528488 Time:32526 TotalReward:4148.931339664317
ETask 83-83: Configuration:0 Energy:30.890959335846002 Reward:-30.890959335846002 Raw:30.890959335846002 Time:32561 TotalReward:4179.822299000163
ETask 84-84: Configuration:0 Energy:34.641757199699995 Reward:-34.641757199699995 Raw:34.641757199699995 Time:32515 TotalReward:4214.464056199863
ETask 85-85: Configuration:0 Energy:31.121142016512 Reward:-31.121142016512 Raw:31.121142016512 Time:32531 TotalReward:4245.585198216375
ETask 86-86: Configuration:0 Energy:51.441433870176 Reward:-51.441433870176 Raw:51.441433870176 Time:32538 TotalReward:4297.026632086551
ETask 87-87: Configuration:0 Energy:40.017561226656 Reward:-40.017561226656 Raw:40.017561226656 Time:32517 TotalReward:4337.044193313207
ETask 88-88: Configuration:0 Energy:37.214006268582 Reward:-37.214006268582 Raw:37.214006268582 Time:32508 TotalReward:4374.258199581789
ETask 89-89: Configuration:0 Energy:86.48045984075401 Reward:-86.48045984075401 Raw:86.48045984075401 Time:32521 TotalReward:4460.738659422543
ETask 90-90: Configuration:3 Energy:56.32693394111999 Reward:-56.32693394111999 Raw:56.32693394111999 Time:32523 TotalReward:4517.065593363663
ETask 91-91: Configuration:10 Energy:106.749717054714 Reward:-106.749717054714 Raw:106.749717054714 Time:32533 TotalReward:4623.815310418377
ETask 92-92: Configuration:0 Energy:61.959833644944 Reward:-61.959833644944 Raw:61.959833644944 Time:32559 TotalReward:4685.775144063321
ETask 93-93: Configuration:0 Energy:48.69520235626799 Reward:-48.69520235626799 Raw:48.69520235626799 Time:32517 TotalReward:4734.470346419589
ETask 94-94: Configuration:0 Energy:35.00048356763399 Reward:-35.00048356763399 Raw:35.00048356763399 Time:32518 TotalReward:4769.470829987223
ETask 95-95: Configuration:0 Energy:42.41644772467199 Reward:-42.41644772467199 Raw:42.41644772467199 Time:32523 TotalReward:4811.887277711895
ETask 96-96: Configuration:0 Energy:42.066611304708005 Reward:-42.066611304708005 Raw:42.066611304708005 Time:32521 TotalReward:4853.953889016603
ETask 97-97: Configuration:0 Energy:48.720631441481984 Reward:-48.720631441481984 Raw:48.720631441481984 Time:32538 TotalReward:4902.674520458085
ETask 98-98: Configuration:0 Energy:30.532332499448 Reward:-30.532332499448 Raw:30.532332499448 Time:32516 TotalReward:4933.206852957533
ETask 99-99: Configuration:0 Energy:49.41658104114399 Reward:-49.41658104114399 Raw:49.41658104114399 Time:32503 TotalReward:4982.623433998677
ETask 100-100: Configuration:0 Energy:38.35443306743 Reward:-38.35443306743 Raw:38.35443306743 Time:32518 TotalReward:5020.977867066107
ETask 101-101: Configuration:0 Energy:36.092394657199996 Reward:-36.092394657199996 Raw:36.092394657199996 Time:32509 TotalReward:5057.070261723307
ETask 102-102: Configuration:0 Energy:39.36734443615999 Reward:-39.36734443615999 Raw:39.36734443615999 Time:32512 TotalReward:5096.437606159468
ETask 103-103: Configuration:0 Energy:40.042678297672 Reward:-40.042678297672 Raw:40.042678297672 Time:32502 TotalReward:5136.4802844571395
ETask 104-104: Configuration:0 Energy:39.968578651680005 Reward:-39.968578651680005 Raw:39.968578651680005 Time:32506 TotalReward:5176.44886310882
ETask 105-105: Configuration:0 Energy:93.04267188968397 Reward:-93.04267188968397 Raw:93.04267188968397 Time:32509 TotalReward:5269.491534998504
ETask 106-106: Configuration:0 Energy:90.84935603967999 Reward:-90.84935603967999 Raw:90.84935603967999 Time:32523 TotalReward:5360.340891038184
ETask 107-107: Configuration:0 Energy:85.42875354917399 Reward:-85.42875354917399 Raw:85.42875354917399 Time:32513 TotalReward:5445.769644587358
ETask 108-108: Configuration:0 Energy:84.24012868803001 Reward:-84.24012868803001 Raw:84.24012868803001 Time:32504 TotalReward:5530.009773275388
ETask 109-109: Configuration:0 Energy:35.909770219344004 Reward:-35.909770219344004 Raw:35.909770219344004 Time:32517 TotalReward:5565.919543494732
ETask 110-110: Configuration:0 Energy:42.42195233676 Reward:-42.42195233676 Raw:42.42195233676 Time:32520 TotalReward:5608.3414958314925
ETask 111-111: Configuration:0 Energy:38.31396203808 Reward:-38.31396203808 Raw:38.31396203808 Time:32503 TotalReward:5646.655457869572
ETask 112-112: Configuration:0 Energy:43.760501606865 Reward:-43.760501606865 Raw:43.760501606865 Time:32507 TotalReward:5690.415959476437
ETask 113-113: Configuration:0 Energy:52.40111251615499 Reward:-52.40111251615499 Raw:52.40111251615499 Time:32509 TotalReward:5742.817071992592
ERun: Time:3679202
==END-RUN 0==
==ROUND-END==
STOKE: Config: 0 - Knobs: {interval:10000 priority:104 sensor-configuration:1 batch:5 }  | -- on:82 reward:-43.0196
STOKE: Config: 1 - Knobs: {interval:1000 priority:104 sensor-configuration:1 batch:5 }  | -- on:2 reward:-63.8737
STOKE: Config: 2 - Knobs: {interval:500 priority:104 sensor-configuration:1 batch:5 }  | -- on:2 reward:-90.3601
STOKE: Config: 3 - Knobs: {interval:10000 priority:100 sensor-configuration:1 batch:5 }  | -- on:5 reward:-45.9855
STOKE: Config: 4 - Knobs: {interval:1000 priority:100 sensor-configuration:1 batch:5 }  | -- on:3 reward:-56.0338
STOKE: Config: 5 - Knobs: {interval:500 priority:100 sensor-configuration:1 batch:5 }  | -- on:1 reward:-53.3951
STOKE: Config: 6 - Knobs: {interval:10000 priority:104 sensor-configuration:1 batch:1 }  | -- on:3 reward:-47.1490
STOKE: Config: 7 - Knobs: {interval:1000 priority:104 sensor-configuration:1 batch:1 }  | -- on:3 reward:-64.5528
STOKE: Config: 8 - Knobs: {interval:500 priority:104 sensor-configuration:1 batch:1 }  | -- on:1 reward:-89.4940
STOKE: Config: 9 - Knobs: {interval:10000 priority:100 sensor-configuration:1 batch:1 }  | -- on:2 reward:-54.7176
STOKE: Config: 10 - Knobs: {interval:1000 priority:100 sensor-configuration:1 batch:1 }  | -- on:5 reward:-107.1513
STOKE: Config: 11 - Knobs: {interval:500 priority:100 sensor-configuration:1 batch:1 }  | -- on:4 reward:-96.3817
