==RUN 0==
Bandit Runs:1 Tasks-in-Run:100
Self-Optimizer Rounds:0 Tasks-in-Round:0
Continuous Knob Rounds:Inf Tasks-in-Round:0
STOKE: Start Bat: 0.930000
ETask 1-1: Configuration:0 Energy:35.7536678202 Reward:-35.7536678202 Raw:35.7536678202 Time:32518 TotalReward:35.7536678202
ETask 2-2: Configuration:1 Energy:86.14953099983998 Reward:-86.14953099983998 Raw:86.14953099983998 Time:32520 TotalReward:121.90319882003999
ETask 3-3: Configuration:2 Energy:37.46300688584999 Reward:-37.46300688584999 Raw:37.46300688584999 Time:32540 TotalReward:159.36620570588997
ETask 4-4: Configuration:3 Energy:56.8790548704 Reward:-56.8790548704 Raw:56.8790548704 Time:32581 TotalReward:216.24526057628998
ETask 5-5: Configuration:4 Energy:40.008606037289994 Reward:-40.008606037289994 Raw:40.008606037289994 Time:32521 TotalReward:256.25386661358
ETask 6-6: Configuration:5 Energy:37.6309567425 Reward:-37.6309567425 Raw:37.6309567425 Time:32535 TotalReward:293.88482335608
ETask 7-7: Configuration:6 Energy:35.180305663800006 Reward:-35.180305663800006 Raw:35.180305663800006 Time:32565 TotalReward:329.06512901988003
ETask 8-8: Configuration:7 Energy:41.6990278062 Reward:-41.6990278062 Raw:41.6990278062 Time:32536 TotalReward:370.76415682608
ETask 9-9: Configuration:8 Energy:31.349325480479997 Reward:-31.349325480479997 Raw:31.349325480479997 Time:32530 TotalReward:402.11348230656
ETask 10-10: Configuration:9 Energy:38.964221688798 Reward:-38.964221688798 Raw:38.964221688798 Time:32542 TotalReward:441.077703995358
ETask 11-11: Configuration:10 Energy:96.25275245318998 Reward:-96.25275245318998 Raw:96.25275245318998 Time:32548 TotalReward:537.3304564485479
ETask 12-12: Configuration:11 Energy:121.53558977389201 Reward:-121.53558977389201 Raw:121.53558977389201 Time:32531 TotalReward:658.86604622244
ETask 13-13: Configuration:5 Energy:75.64940036956799 Reward:-75.64940036956799 Raw:75.64940036956799 Time:32527 TotalReward:734.515446592008
ETask 14-14: Configuration:0 Energy:57.20761560902999 Reward:-57.20761560902999 Raw:57.20761560902999 Time:32561 TotalReward:791.7230622010379
ETask 15-15: Configuration:8 Energy:49.353569643212005 Reward:-49.353569643212005 Raw:49.353569643212005 Time:32544 TotalReward:841.07663184425
ETask 16-16: Configuration:3 Energy:36.505872280191994 Reward:-36.505872280191994 Raw:36.505872280191994 Time:32549 TotalReward:877.5825041244419
ETask 17-17: Configuration:3 Energy:41.967378075616004 Reward:-41.967378075616004 Raw:41.967378075616004 Time:32507 TotalReward:919.5498822000579
ETask 18-18: Configuration:7 Energy:36.621954950314006 Reward:-36.621954950314006 Raw:36.621954950314006 Time:32537 TotalReward:956.171837150372
ETask 19-19: Configuration:1 Energy:33.40233462474001 Reward:-33.40233462474001 Raw:33.40233462474001 Time:32553 TotalReward:989.574171775112
ETask 20-20: Configuration:7 Energy:93.043843669458 Reward:-93.043843669458 Raw:93.043843669458 Time:32527 TotalReward:1082.61801544457
ETask 21-21: Configuration:6 Energy:40.118091195528 Reward:-40.118091195528 Raw:40.118091195528 Time:32548 TotalReward:1122.736106640098
ETask 22-22: Configuration:5 Energy:50.759870541291 Reward:-50.759870541291 Raw:50.759870541291 Time:32533 TotalReward:1173.495977181389
ETask 23-23: Configuration:2 Energy:92.87441856162 Reward:-92.87441856162 Raw:92.87441856162 Time:32526 TotalReward:1266.3703957430089
ETask 24-24: Configuration:0 Energy:31.717865399094002 Reward:-31.717865399094002 Raw:31.717865399094002 Time:32538 TotalReward:1298.088261142103
ETask 25-25: Configuration:2 Energy:31.516276391352 Reward:-31.516276391352 Raw:31.516276391352 Time:32556 TotalReward:1329.604537533455
ETask 26-26: Configuration:7 Energy:105.61423641876 Reward:-105.61423641876 Raw:105.61423641876 Time:32532 TotalReward:1435.2187739522149
ETask 27-27: Configuration:6 Energy:49.54150498824 Reward:-49.54150498824 Raw:49.54150498824 Time:32547 TotalReward:1484.7602789404548
ETask 28-28: Configuration:11 Energy:100.080305057376 Reward:-100.080305057376 Raw:100.080305057376 Time:32527 TotalReward:1584.840583997831
ETask 29-29: Configuration:10 Energy:116.66349538941598 Reward:-116.66349538941598 Raw:116.66349538941598 Time:32530 TotalReward:1701.504079387247
ETask 30-30: Configuration:9 Energy:63.765736217568 Reward:-63.765736217568 Raw:63.765736217568 Time:32524 TotalReward:1765.269815604815
ETask 31-31: Configuration:1 Energy:63.257292338832 Reward:-63.257292338832 Raw:63.257292338832 Time:32532 TotalReward:1828.527107943647
ETask 32-32: Configuration:11 Energy:94.38318759160802 Reward:-94.38318759160802 Raw:94.38318759160802 Time:32546 TotalReward:1922.910295535255
ETask 33-33: Configuration:7 Energy:88.39556561304 Reward:-88.39556561304 Raw:88.39556561304 Time:32559 TotalReward:2011.305861148295
ETask 34-34: Configuration:8 Energy:30.566745083304 Reward:-30.566745083304 Raw:30.566745083304 Time:32533 TotalReward:2041.872606231599
ETask 35-35: Configuration:8 Energy:28.427689947744003 Reward:-28.427689947744003 Raw:28.427689947744003 Time:32505 TotalReward:2070.300296179343
ETask 36-36: Configuration:8 Energy:32.162935287744006 Reward:-32.162935287744006 Raw:32.162935287744006 Time:32504 TotalReward:2102.463231467087
ETask 37-37: Configuration:1 Energy:44.280053214408 Reward:-44.280053214408 Raw:44.280053214408 Time:32538 TotalReward:2146.743284681495
ETask 38-38: Configuration:1 Energy:84.74953672416001 Reward:-84.74953672416001 Raw:84.74953672416001 Time:32504 TotalReward:2231.492821405655
ETask 39-39: Configuration:8 Energy:90.66348002527201 Reward:-90.66348002527201 Raw:90.66348002527201 Time:32531 TotalReward:2322.1563014309268
ETask 40-40: Configuration:1 Energy:35.63233902571201 Reward:-35.63233902571201 Raw:35.63233902571201 Time:32541 TotalReward:2357.788640456639
ETask 41-41: Configuration:2 Energy:87.002689461072 Reward:-87.002689461072 Raw:87.002689461072 Time:32529 TotalReward:2444.7913299177108
ETask 42-42: Configuration:4 Energy:41.445199745928 Reward:-41.445199745928 Raw:41.445199745928 Time:32562 TotalReward:2486.236529663639
ETask 43-43: Configuration:4 Energy:57.36953342736001 Reward:-57.36953342736001 Raw:57.36953342736001 Time:32509 TotalReward:2543.6060630909988
ETask 44-44: Configuration:0 Energy:28.460870552136004 Reward:-28.460870552136004 Raw:28.460870552136004 Time:32547 TotalReward:2572.0669336431347
ETask 45-45: Configuration:0 Energy:50.806153282896005 Reward:-50.806153282896005 Raw:50.806153282896005 Time:32538 TotalReward:2622.8730869260307
ETask 46-46: Configuration:11 Energy:98.210129751552 Reward:-98.210129751552 Raw:98.210129751552 Time:32542 TotalReward:2721.0832166775826
ETask 47-47: Configuration:9 Energy:50.583910534784 Reward:-50.583910534784 Raw:50.583910534784 Time:32555 TotalReward:2771.6671272123667
ETask 48-48: Configuration:0 Energy:38.83443508706401 Reward:-38.83443508706401 Raw:38.83443508706401 Time:32550 TotalReward:2810.5015622994306
ETask 49-49: Configuration:0 Energy:34.668725642496 Reward:-34.668725642496 Raw:34.668725642496 Time:32516 TotalReward:2845.1702879419267
ETask 50-50: Configuration:5 Energy:45.249826131448 Reward:-45.249826131448 Raw:45.249826131448 Time:32532 TotalReward:2890.420114073375
ETask 51-51: Configuration:9 Energy:56.03516442153 Reward:-56.03516442153 Raw:56.03516442153 Time:32535 TotalReward:2946.4552784949046
ETask 52-52: Configuration:0 Energy:38.389527689006 Reward:-38.389527689006 Raw:38.389527689006 Time:32566 TotalReward:2984.844806183911
ETask 53-53: Configuration:0 Energy:31.42587101937 Reward:-31.42587101937 Raw:31.42587101937 Time:32511 TotalReward:3016.2706772032807
ETask 54-54: Configuration:0 Energy:31.012759159300007 Reward:-31.012759159300007 Raw:31.012759159300007 Time:32535 TotalReward:3047.2834363625807
ETask 55-55: Configuration:0 Energy:31.03721902369 Reward:-31.03721902369 Raw:31.03721902369 Time:32507 TotalReward:3078.3206553862706
ETask 56-56: Configuration:0 Energy:39.50216776947201 Reward:-39.50216776947201 Raw:39.50216776947201 Time:32539 TotalReward:3117.8228231557428
ETask 57-57: Configuration:0 Energy:38.413940937777994 Reward:-38.413940937777994 Raw:38.413940937777994 Time:32512 TotalReward:3156.236764093521
ETask 58-58: Configuration:0 Energy:81.417345557184 Reward:-81.417345557184 Raw:81.417345557184 Time:32504 TotalReward:3237.654109650705
ETask 59-59: Configuration:0 Energy:37.063059860736 Reward:-37.063059860736 Raw:37.063059860736 Time:32517 TotalReward:3274.7171695114407
ETask 60-60: Configuration:0 Energy:37.862896740480004 Reward:-37.862896740480004 Raw:37.862896740480004 Time:32515 TotalReward:3312.580066251921
ETask 61-61: Configuration:0 Energy:37.430435427839996 Reward:-37.430435427839996 Raw:37.430435427839996 Time:32521 TotalReward:3350.010501679761
ETask 62-62: Configuration:0 Energy:52.02213120518399 Reward:-52.02213120518399 Raw:52.02213120518399 Time:32518 TotalReward:3402.032632884945
ETask 63-63: Configuration:0 Energy:52.789967875007996 Reward:-52.789967875007996 Raw:52.789967875007996 Time:32512 TotalReward:3454.8226007599533
ETask 64-64: Configuration:0 Energy:52.784198448960005 Reward:-52.784198448960005 Raw:52.784198448960005 Time:32535 TotalReward:3507.6067992089133
ETask 65-65: Configuration:1 Energy:54.47005153823601 Reward:-54.47005153823601 Raw:54.47005153823601 Time:32536 TotalReward:3562.0768507471494
ETask 66-66: Configuration:6 Energy:39.188260133488 Reward:-39.188260133488 Raw:39.188260133488 Time:32528 TotalReward:3601.265110880637
ETask 67-67: Configuration:6 Energy:37.35851797550399 Reward:-37.35851797550399 Raw:37.35851797550399 Time:32508 TotalReward:3638.6236288561413
ETask 68-68: Configuration:6 Energy:37.18079210136 Reward:-37.18079210136 Raw:37.18079210136 Time:32508 TotalReward:3675.8044209575014
ETask 69-69: Configuration:6 Energy:40.896674017248 Reward:-40.896674017248 Raw:40.896674017248 Time:32511 TotalReward:3716.7010949747496
ETask 70-70: Configuration:6 Energy:41.568131844896 Reward:-41.568131844896 Raw:41.568131844896 Time:32512 TotalReward:3758.2692268196456
ETask 71-71: Configuration:2 Energy:47.13861563499599 Reward:-47.13861563499599 Raw:47.13861563499599 Time:32529 TotalReward:3805.4078424546415
ETask 72-72: Configuration:6 Energy:38.05551028076 Reward:-38.05551028076 Raw:38.05551028076 Time:32526 TotalReward:3843.4633527354013
ETask 73-73: Configuration:6 Energy:37.337819532512 Reward:-37.337819532512 Raw:37.337819532512 Time:32508 TotalReward:3880.8011722679134
ETask 74-74: Configuration:6 Energy:37.304972728192 Reward:-37.304972728192 Raw:37.304972728192 Time:32519 TotalReward:3918.1061449961053
ETask 75-75: Configuration:6 Energy:40.364630744067 Reward:-40.364630744067 Raw:40.364630744067 Time:32521 TotalReward:3958.4707757401725
ETask 76-76: Configuration:6 Energy:44.242473896693994 Reward:-44.242473896693994 Raw:44.242473896693994 Time:32503 TotalReward:4002.7132496368663
ETask 77-77: Configuration:6 Energy:80.521352574172 Reward:-80.521352574172 Raw:80.521352574172 Time:32508 TotalReward:4083.2346022110382
ETask 78-78: Configuration:0 Energy:45.498844158096006 Reward:-45.498844158096006 Raw:45.498844158096006 Time:32556 TotalReward:4128.733446369134
ETask 79-79: Configuration:0 Energy:38.230623202094996 Reward:-38.230623202094996 Raw:38.230623202094996 Time:32506 TotalReward:4166.964069571229
ETask 80-80: Configuration:0 Energy:54.569084346532 Reward:-54.569084346532 Raw:54.569084346532 Time:32536 TotalReward:4221.5331539177605
ETask 81-81: Configuration:0 Energy:56.47645597123199 Reward:-56.47645597123199 Raw:56.47645597123199 Time:32511 TotalReward:4278.009609888993
ETask 82-82: Configuration:6 Energy:57.39919113708 Reward:-57.39919113708 Raw:57.39919113708 Time:32530 TotalReward:4335.408801026073
ETask 83-83: Configuration:0 Energy:38.883178360883996 Reward:-38.883178360883996 Raw:38.883178360883996 Time:32555 TotalReward:4374.291979386957
ETask 84-84: Configuration:0 Energy:40.073427387357 Reward:-40.073427387357 Raw:40.073427387357 Time:32517 TotalReward:4414.365406774314
ETask 85-85: Configuration:0 Energy:41.201866007328 Reward:-41.201866007328 Raw:41.201866007328 Time:32523 TotalReward:4455.567272781642
ETask 86-86: Configuration:0 Energy:46.809959830569 Reward:-46.809959830569 Raw:46.809959830569 Time:32529 TotalReward:4502.377232612211
ETask 87-87: Configuration:0 Energy:59.614096479366005 Reward:-59.614096479366005 Raw:59.614096479366005 Time:32511 TotalReward:4561.9913290915765
ETask 88-88: Configuration:0 Energy:55.972430711067005 Reward:-55.972430711067005 Raw:55.972430711067005 Time:32537 TotalReward:4617.963759802644
ETask 89-89: Configuration:6 Energy:50.5764418068 Reward:-50.5764418068 Raw:50.5764418068 Time:32522 TotalReward:4668.540201609444
ETask 90-90: Configuration:8 Energy:97.689250381476 Reward:-97.689250381476 Raw:97.689250381476 Time:32526 TotalReward:4766.22945199092
ETask 91-91: Configuration:0 Energy:46.493497903280996 Reward:-46.493497903280996 Raw:46.493497903280996 Time:32570 TotalReward:4812.7229498942015
ETask 92-92: Configuration:0 Energy:38.375562543669 Reward:-38.375562543669 Raw:38.375562543669 Time:32510 TotalReward:4851.09851243787
ETask 93-93: Configuration:0 Energy:52.413497396356 Reward:-52.413497396356 Raw:52.413497396356 Time:32537 TotalReward:4903.512009834227
ETask 94-94: Configuration:0 Energy:37.501621868532 Reward:-37.501621868532 Raw:37.501621868532 Time:32514 TotalReward:4941.013631702759
ETask 95-95: Configuration:0 Energy:37.21054277584 Reward:-37.21054277584 Raw:37.21054277584 Time:32510 TotalReward:4978.224174478599
ETask 96-96: Configuration:0 Energy:40.424876799456 Reward:-40.424876799456 Raw:40.424876799456 Time:32521 TotalReward:5018.649051278055
ETask 97-97: Configuration:0 Energy:52.464063459848006 Reward:-52.464063459848006 Raw:52.464063459848006 Time:32521 TotalReward:5071.113114737903
ETask 98-98: Configuration:0 Energy:53.65626891758999 Reward:-53.65626891758999 Raw:53.65626891758999 Time:32503 TotalReward:5124.769383655493
ETask 99-99: Configuration:0 Energy:56.024440346328 Reward:-56.024440346328 Raw:56.024440346328 Time:32535 TotalReward:5180.793824001821
ETask 100-100: Configuration:6 Energy:56.72172996220001 Reward:-56.72172996220001 Raw:56.72172996220001 Time:32521 TotalReward:5237.515553964021
ETask 101-101: Configuration:0 Energy:37.302724329424 Reward:-37.302724329424 Raw:37.302724329424 Time:32581 TotalReward:5274.818278293445
ETask 102-102: Configuration:0 Energy:37.869726963599994 Reward:-37.869726963599994 Raw:37.869726963599994 Time:32518 TotalReward:5312.688005257045
ETask 103-103: Configuration:0 Energy:54.144233370304 Reward:-54.144233370304 Raw:54.144233370304 Time:32508 TotalReward:5366.832238627349
ETask 104-104: Configuration:0 Energy:55.62518003731199 Reward:-55.62518003731199 Raw:55.62518003731199 Time:32528 TotalReward:5422.457418664661
ETask 105-105: Configuration:0 Energy:37.406742444288 Reward:-37.406742444288 Raw:37.406742444288 Time:32513 TotalReward:5459.86416110895
ETask 106-106: Configuration:0 Energy:37.15358302278 Reward:-37.15358302278 Raw:37.15358302278 Time:32536 TotalReward:5497.01774413173
ETask 107-107: Configuration:0 Energy:37.150706039039996 Reward:-37.150706039039996 Raw:37.150706039039996 Time:32516 TotalReward:5534.1684501707705
ETask 108-108: Configuration:0 Energy:41.98140564700499 Reward:-41.98140564700499 Raw:41.98140564700499 Time:32501 TotalReward:5576.1498558177755
ETask 109-109: Configuration:0 Energy:37.874956798259994 Reward:-37.874956798259994 Raw:37.874956798259994 Time:32521 TotalReward:5614.024812616036
ETask 110-110: Configuration:0 Energy:37.34845526096999 Reward:-37.34845526096999 Raw:37.34845526096999 Time:32518 TotalReward:5651.373267877006
ETask 111-111: Configuration:0 Energy:37.556576247420004 Reward:-37.556576247420004 Raw:37.556576247420004 Time:32526 TotalReward:5688.9298441244255
ETask 112-112: Configuration:0 Energy:39.25105022358 Reward:-39.25105022358 Raw:39.25105022358 Time:32529 TotalReward:5728.1808943480055
ETask 113-113: Configuration:0 Energy:37.30067807003999 Reward:-37.30067807003999 Raw:37.30067807003999 Time:32509 TotalReward:5765.481572418045
ERun: Time:3679253
==END-RUN 0==
==ROUND-END==
STOKE: Config: 0 - Knobs: {interval:10000 priority:104 sensor-configuration:1 batch:5 }  | -- on:52 reward:-43.4319
STOKE: Config: 1 - Knobs: {interval:1000 priority:104 sensor-configuration:1 batch:5 }  | -- on:7 reward:-57.4202
STOKE: Config: 2 - Knobs: {interval:500 priority:104 sensor-configuration:1 batch:5 }  | -- on:5 reward:-59.1990
STOKE: Config: 3 - Knobs: {interval:10000 priority:100 sensor-configuration:1 batch:5 }  | -- on:3 reward:-45.1174
STOKE: Config: 4 - Knobs: {interval:1000 priority:100 sensor-configuration:1 batch:5 }  | -- on:3 reward:-46.2744
STOKE: Config: 5 - Knobs: {interval:500 priority:100 sensor-configuration:1 batch:5 }  | -- on:4 reward:-52.3225
STOKE: Config: 6 - Knobs: {interval:10000 priority:104 sensor-configuration:1 batch:1 }  | -- on:17 reward:-44.9151
STOKE: Config: 7 - Knobs: {interval:1000 priority:104 sensor-configuration:1 batch:1 }  | -- on:5 reward:-73.0749
STOKE: Config: 8 - Knobs: {interval:500 priority:104 sensor-configuration:1 batch:1 }  | -- on:7 reward:-51.4590
STOKE: Config: 9 - Knobs: {interval:10000 priority:100 sensor-configuration:1 batch:1 }  | -- on:4 reward:-52.3373
STOKE: Config: 10 - Knobs: {interval:1000 priority:100 sensor-configuration:1 batch:1 }  | -- on:2 reward:-106.4581
STOKE: Config: 11 - Knobs: {interval:500 priority:100 sensor-configuration:1 batch:1 }  | -- on:4 reward:-103.5523
