==RUN 0==
Bandit Runs:1 Tasks-in-Run:100
Self-Optimizer Rounds:0 Tasks-in-Round:0
Continuous Knob Rounds:Inf Tasks-in-Round:0
STOKE: Start Bat: 0.940000
ETask 1-1: Configuration:0 Energy:38.287601353616 Reward:-38.287601353616 Raw:38.287601353616 Time:32537 TotalReward:38.287601353616
ETask 2-2: Configuration:1 Energy:39.802084261822 Reward:-39.802084261822 Raw:39.802084261822 Time:32524 TotalReward:78.089685615438
ETask 3-3: Configuration:2 Energy:47.580328044891 Reward:-47.580328044891 Raw:47.580328044891 Time:32533 TotalReward:125.670013660329
ETask 4-4: Configuration:3 Energy:36.113256127395005 Reward:-36.113256127395005 Raw:36.113256127395005 Time:32560 TotalReward:161.783269787724
ETask 5-5: Configuration:4 Energy:41.36881570718399 Reward:-41.36881570718399 Raw:41.36881570718399 Time:32526 TotalReward:203.152085494908
ETask 6-6: Configuration:5 Energy:38.80541668499999 Reward:-38.80541668499999 Raw:38.80541668499999 Time:32533 TotalReward:241.95750217990798
ETask 7-7: Configuration:6 Energy:94.90711747870799 Reward:-94.90711747870799 Raw:94.90711747870799 Time:32535 TotalReward:336.864619658616
ETask 8-8: Configuration:7 Energy:49.24032816113999 Reward:-49.24032816113999 Raw:49.24032816113999 Time:32547 TotalReward:386.104947819756
ETask 9-9: Configuration:8 Energy:49.466992309488 Reward:-49.466992309488 Raw:49.466992309488 Time:32523 TotalReward:435.57194012924396
ETask 10-10: Configuration:9 Energy:41.994013623183 Reward:-41.994013623183 Raw:41.994013623183 Time:32534 TotalReward:477.56595375242694
ETask 11-11: Configuration:10 Energy:123.785130618288 Reward:-123.785130618288 Raw:123.785130618288 Time:32541 TotalReward:601.351084370715
ETask 12-12: Configuration:11 Energy:116.00827866989998 Reward:-116.00827866989998 Raw:116.00827866989998 Time:32523 TotalReward:717.3593630406149
ETask 13-13: Configuration:7 Energy:111.45565488351998 Reward:-111.45565488351998 Raw:111.45565488351998 Time:32526 TotalReward:828.8150179241348
ETask 14-14: Configuration:4 Energy:114.452537643616 Reward:-114.452537643616 Raw:114.452537643616 Time:32531 TotalReward:943.2675555677508
ETask 15-15: Configuration:5 Energy:41.987505442144005 Reward:-41.987505442144005 Raw:41.987505442144005 Time:32520 TotalReward:985.2550610098948
ETask 16-16: Configuration:7 Energy:31.013135352320003 Reward:-31.013135352320003 Raw:31.013135352320003 Time:32532 TotalReward:1016.2681963622148
ETask 17-17: Configuration:9 Energy:36.969741664128 Reward:-36.969741664128 Raw:36.969741664128 Time:32556 TotalReward:1053.2379380263428
ETask 18-18: Configuration:7 Energy:44.223541516672 Reward:-44.223541516672 Raw:44.223541516672 Time:32548 TotalReward:1097.4614795430148
ETask 19-19: Configuration:5 Energy:38.06012455448099 Reward:-38.06012455448099 Raw:38.06012455448099 Time:32543 TotalReward:1135.5216040974958
ETask 20-20: Configuration:4 Energy:42.577429722019 Reward:-42.577429722019 Raw:42.577429722019 Time:32520 TotalReward:1178.0990338195147
ETask 21-21: Configuration:11 Energy:126.609283655946 Reward:-126.609283655946 Raw:126.609283655946 Time:32535 TotalReward:1304.7083174754607
ETask 22-22: Configuration:3 Energy:32.186302733704 Reward:-32.186302733704 Raw:32.186302733704 Time:32541 TotalReward:1336.8946202091647
ETask 23-23: Configuration:3 Energy:50.244347601028004 Reward:-50.244347601028004 Raw:50.244347601028004 Time:32534 TotalReward:1387.1389678101928
ETask 24-24: Configuration:3 Energy:48.88282012185599 Reward:-48.88282012185599 Raw:48.88282012185599 Time:32510 TotalReward:1436.0217879320487
ETask 25-25: Configuration:4 Energy:52.378738909056 Reward:-52.378738909056 Raw:52.378738909056 Time:32524 TotalReward:1488.4005268411047
ETask 26-26: Configuration:11 Energy:121.13651866293603 Reward:-121.13651866293603 Raw:121.13651866293603 Time:32517 TotalReward:1609.5370455040406
ETask 27-27: Configuration:1 Energy:100.542842609664 Reward:-100.542842609664 Raw:100.542842609664 Time:32535 TotalReward:1710.0798881137046
ETask 28-28: Configuration:4 Energy:111.62775112957999 Reward:-111.62775112957999 Raw:111.62775112957999 Time:32538 TotalReward:1821.7076392432846
ETask 29-29: Configuration:4 Energy:35.21731209170999 Reward:-35.21731209170999 Raw:35.21731209170999 Time:32512 TotalReward:1856.9249513349946
ETask 30-30: Configuration:6 Energy:31.009773522756 Reward:-31.009773522756 Raw:31.009773522756 Time:32540 TotalReward:1887.9347248577506
ETask 31-31: Configuration:8 Energy:37.500814016388 Reward:-37.500814016388 Raw:37.500814016388 Time:32543 TotalReward:1925.4355388741385
ETask 32-32: Configuration:0 Energy:35.496047288448 Reward:-35.496047288448 Raw:35.496047288448 Time:32573 TotalReward:1960.9315861625864
ETask 33-33: Configuration:0 Energy:35.649239926284 Reward:-35.649239926284 Raw:35.649239926284 Time:32509 TotalReward:1996.5808260888705
ETask 34-34: Configuration:4 Energy:115.18340699915998 Reward:-115.18340699915998 Raw:115.18340699915998 Time:32543 TotalReward:2111.7642330880303
ETask 35-35: Configuration:0 Energy:35.582961002219996 Reward:-35.582961002219996 Raw:35.582961002219996 Time:32547 TotalReward:2147.3471940902505
ETask 36-36: Configuration:0 Energy:35.298084215376 Reward:-35.298084215376 Raw:35.298084215376 Time:32505 TotalReward:2182.6452783056266
ETask 37-37: Configuration:9 Energy:41.605599076956 Reward:-41.605599076956 Raw:41.605599076956 Time:32560 TotalReward:2224.2508773825825
ETask 38-38: Configuration:9 Energy:51.801867610399995 Reward:-51.801867610399995 Raw:51.801867610399995 Time:32503 TotalReward:2276.0527449929823
ETask 39-39: Configuration:10 Energy:102.6464583312 Reward:-102.6464583312 Raw:102.6464583312 Time:32528 TotalReward:2378.6992033241822
ETask 40-40: Configuration:6 Energy:75.453015590464 Reward:-75.453015590464 Raw:75.453015590464 Time:32545 TotalReward:2454.1522189146463
ETask 41-41: Configuration:4 Energy:59.787711286272 Reward:-59.787711286272 Raw:59.787711286272 Time:32523 TotalReward:2513.9399302009183
ETask 42-42: Configuration:2 Energy:46.161075492133996 Reward:-46.161075492133996 Raw:46.161075492133996 Time:32537 TotalReward:2560.1010056930522
ETask 43-43: Configuration:0 Energy:31.6645258009 Reward:-31.6645258009 Raw:31.6645258009 Time:32559 TotalReward:2591.765531493952
ETask 44-44: Configuration:0 Energy:32.270298427395 Reward:-32.270298427395 Raw:32.270298427395 Time:32508 TotalReward:2624.035829921347
ETask 45-45: Configuration:4 Energy:55.214829257203995 Reward:-55.214829257203995 Raw:55.214829257203995 Time:32531 TotalReward:2679.2506591785514
ETask 46-46: Configuration:0 Energy:35.649200268516 Reward:-35.649200268516 Raw:35.649200268516 Time:32538 TotalReward:2714.8998594470672
ETask 47-47: Configuration:0 Energy:81.78450477345 Reward:-81.78450477345 Raw:81.78450477345 Time:32506 TotalReward:2796.684364220517
ETask 48-48: Configuration:5 Energy:46.427473872476995 Reward:-46.427473872476995 Raw:46.427473872476995 Time:32535 TotalReward:2843.1118380929943
ETask 49-49: Configuration:0 Energy:34.466046877303 Reward:-34.466046877303 Raw:34.466046877303 Time:32570 TotalReward:2877.5778849702974
ETask 50-50: Configuration:0 Energy:32.187050328481995 Reward:-32.187050328481995 Raw:32.187050328481995 Time:32509 TotalReward:2909.7649352987796
ETask 51-51: Configuration:0 Energy:31.585097457143995 Reward:-31.585097457143995 Raw:31.585097457143995 Time:32541 TotalReward:2941.3500327559236
ETask 52-52: Configuration:0 Energy:41.121808763048996 Reward:-41.121808763048996 Raw:41.121808763048996 Time:32521 TotalReward:2982.4718415189727
ETask 53-53: Configuration:0 Energy:36.974653799891996 Reward:-36.974653799891996 Raw:36.974653799891996 Time:32545 TotalReward:3019.446495318865
ETask 54-54: Configuration:0 Energy:49.266378835968 Reward:-49.266378835968 Raw:49.266378835968 Time:32530 TotalReward:3068.712874154833
ETask 55-55: Configuration:0 Energy:49.344229291518 Reward:-49.344229291518 Raw:49.344229291518 Time:32507 TotalReward:3118.057103446351
ETask 56-56: Configuration:0 Energy:51.014362916978996 Reward:-51.014362916978996 Raw:51.014362916978996 Time:32537 TotalReward:3169.07146636333
ETask 57-57: Configuration:0 Energy:35.807240632980005 Reward:-35.807240632980005 Raw:35.807240632980005 Time:32511 TotalReward:3204.87870699631
ETask 58-58: Configuration:0 Energy:39.06105466299 Reward:-39.06105466299 Raw:39.06105466299 Time:32540 TotalReward:3243.9397616593
ETask 59-59: Configuration:0 Energy:76.310893906704 Reward:-76.310893906704 Raw:76.310893906704 Time:32517 TotalReward:3320.250655566004
ETask 60-60: Configuration:5 Energy:86.10913645137 Reward:-86.10913645137 Raw:86.10913645137 Time:32548 TotalReward:3406.359792017374
ETask 61-61: Configuration:10 Energy:83.466051159216 Reward:-83.466051159216 Raw:83.466051159216 Time:32523 TotalReward:3489.82584317659
ETask 62-62: Configuration:1 Energy:33.2577959979 Reward:-33.2577959979 Raw:33.2577959979 Time:32541 TotalReward:3523.0836391744897
ETask 63-63: Configuration:3 Energy:39.26557711424999 Reward:-39.26557711424999 Raw:39.26557711424999 Time:32569 TotalReward:3562.3492162887396
ETask 64-64: Configuration:5 Energy:38.788958553564 Reward:-38.788958553564 Raw:38.788958553564 Time:32522 TotalReward:3601.1381748423037
ETask 65-65: Configuration:3 Energy:41.856486566004 Reward:-41.856486566004 Raw:41.856486566004 Time:32562 TotalReward:3642.994661408308
ETask 66-66: Configuration:3 Energy:40.304743951212004 Reward:-40.304743951212004 Raw:40.304743951212004 Time:32509 TotalReward:3683.29940535952
ETask 67-67: Configuration:0 Energy:31.789809779615997 Reward:-31.789809779615997 Raw:31.789809779615997 Time:32578 TotalReward:3715.089215139136
ETask 68-68: Configuration:3 Energy:42.81427514447999 Reward:-42.81427514447999 Raw:42.81427514447999 Time:32551 TotalReward:3757.9034902836156
ETask 69-69: Configuration:5 Energy:51.53849587458599 Reward:-51.53849587458599 Raw:51.53849587458599 Time:32525 TotalReward:3809.4419861582014
ETask 70-70: Configuration:11 Energy:96.67439015556 Reward:-96.67439015556 Raw:96.67439015556 Time:32532 TotalReward:3906.1163763137615
ETask 71-71: Configuration:8 Energy:50.05468252239 Reward:-50.05468252239 Raw:50.05468252239 Time:32551 TotalReward:3956.1710588361516
ETask 72-72: Configuration:0 Energy:35.274177559655996 Reward:-35.274177559655996 Raw:35.274177559655996 Time:32544 TotalReward:3991.4452363958076
ETask 73-73: Configuration:0 Energy:31.793044885979995 Reward:-31.793044885979995 Raw:31.793044885979995 Time:32514 TotalReward:4023.2382812817877
ETask 74-74: Configuration:4 Energy:46.3960820319 Reward:-46.3960820319 Raw:46.3960820319 Time:32546 TotalReward:4069.6343633136876
ETask 75-75: Configuration:0 Energy:33.06224862617999 Reward:-33.06224862617999 Raw:33.06224862617999 Time:32568 TotalReward:4102.696611939868
ETask 76-76: Configuration:0 Energy:52.934409052667995 Reward:-52.934409052667995 Raw:52.934409052667995 Time:32506 TotalReward:4155.631020992536
ETask 77-77: Configuration:0 Energy:31.882981011264 Reward:-31.882981011264 Raw:31.882981011264 Time:32522 TotalReward:4187.5140020038
ETask 78-78: Configuration:0 Energy:31.462696664244 Reward:-31.462696664244 Raw:31.462696664244 Time:32518 TotalReward:4218.976698668043
ETask 79-79: Configuration:0 Energy:31.55285010768 Reward:-31.55285010768 Raw:31.55285010768 Time:32506 TotalReward:4250.529548775723
ETask 80-80: Configuration:0 Energy:54.216611859850005 Reward:-54.216611859850005 Raw:54.216611859850005 Time:32527 TotalReward:4304.746160635573
ETask 81-81: Configuration:0 Energy:32.77278920519999 Reward:-32.77278920519999 Raw:32.77278920519999 Time:32505 TotalReward:4337.518949840773
ETask 82-82: Configuration:0 Energy:31.561574934120003 Reward:-31.561574934120003 Raw:31.561574934120003 Time:32537 TotalReward:4369.080524774892
ETask 83-83: Configuration:0 Energy:37.942504792499996 Reward:-37.942504792499996 Raw:37.942504792499996 Time:32519 TotalReward:4407.023029567392
ETask 84-84: Configuration:0 Energy:32.0250795744 Reward:-32.0250795744 Raw:32.0250795744 Time:32540 TotalReward:4439.048109141791
ETask 85-85: Configuration:0 Energy:54.42219716505 Reward:-54.42219716505 Raw:54.42219716505 Time:32528 TotalReward:4493.470306306842
ETask 86-86: Configuration:0 Energy:51.6392392846 Reward:-51.6392392846 Raw:51.6392392846 Time:32537 TotalReward:4545.109545591442
ETask 87-87: Configuration:0 Energy:49.69292426714 Reward:-49.69292426714 Raw:49.69292426714 Time:32537 TotalReward:4594.802469858582
ETask 88-88: Configuration:0 Energy:84.63019582148999 Reward:-84.63019582148999 Raw:84.63019582148999 Time:32512 TotalReward:4679.432665680072
ETask 89-89: Configuration:3 Energy:38.77853532399 Reward:-38.77853532399 Raw:38.77853532399 Time:32538 TotalReward:4718.211201004062
ETask 90-90: Configuration:3 Energy:37.50190688552 Reward:-37.50190688552 Raw:37.50190688552 Time:32505 TotalReward:4755.713107889582
ETask 91-91: Configuration:3 Energy:37.37120699180001 Reward:-37.37120699180001 Raw:37.37120699180001 Time:32531 TotalReward:4793.084314881382
ETask 92-92: Configuration:3 Energy:38.20592541444 Reward:-38.20592541444 Raw:38.20592541444 Time:32509 TotalReward:4831.290240295822
ETask 93-93: Configuration:3 Energy:50.380468368552 Reward:-50.380468368552 Raw:50.380468368552 Time:32536 TotalReward:4881.670708664374
ETask 94-94: Configuration:3 Energy:79.534692127506 Reward:-79.534692127506 Raw:79.534692127506 Time:32513 TotalReward:4961.20540079188
ETask 95-95: Configuration:0 Energy:31.668741512940006 Reward:-31.668741512940006 Raw:31.668741512940006 Time:32556 TotalReward:4992.8741423048195
ETask 96-96: Configuration:0 Energy:31.717158716404004 Reward:-31.717158716404004 Raw:31.717158716404004 Time:32520 TotalReward:5024.591301021223
ETask 97-97: Configuration:0 Energy:31.582911076948 Reward:-31.582911076948 Raw:31.582911076948 Time:32511 TotalReward:5056.174212098172
ETask 98-98: Configuration:0 Energy:45.903202881872005 Reward:-45.903202881872005 Raw:45.903202881872005 Time:32525 TotalReward:5102.077414980044
ETask 99-99: Configuration:0 Energy:34.60097417767201 Reward:-34.60097417767201 Raw:34.60097417767201 Time:32527 TotalReward:5136.678389157715
ETask 100-100: Configuration:0 Energy:32.128064286024006 Reward:-32.128064286024006 Raw:32.128064286024006 Time:32536 TotalReward:5168.806453443739
ETask 101-101: Configuration:0 Energy:35.750201632026005 Reward:-35.750201632026005 Raw:35.750201632026005 Time:32533 TotalReward:5204.556655075765
ETask 102-102: Configuration:0 Energy:51.620056763352 Reward:-51.620056763352 Raw:51.620056763352 Time:32509 TotalReward:5256.176711839117
ETask 103-103: Configuration:0 Energy:49.87486915488 Reward:-49.87486915488 Raw:49.87486915488 Time:32512 TotalReward:5306.051580993997
ETask 104-104: Configuration:0 Energy:91.445205251526 Reward:-91.445205251526 Raw:91.445205251526 Time:32511 TotalReward:5397.496786245523
ETask 105-105: Configuration:0 Energy:82.875219801738 Reward:-82.875219801738 Raw:82.875219801738 Time:32512 TotalReward:5480.3720060472615
ETask 106-106: Configuration:0 Energy:31.304167895693002 Reward:-31.304167895693002 Raw:31.304167895693002 Time:32511 TotalReward:5511.676173942955
ETask 107-107: Configuration:0 Energy:31.320185098919996 Reward:-31.320185098919996 Raw:31.320185098919996 Time:32511 TotalReward:5542.996359041875
ETask 108-108: Configuration:0 Energy:31.305129591735998 Reward:-31.305129591735998 Raw:31.305129591735998 Time:32522 TotalReward:5574.3014886336105
ETask 109-109: Configuration:0 Energy:37.754953002061995 Reward:-37.754953002061995 Raw:37.754953002061995 Time:32522 TotalReward:5612.056441635673
ETask 110-110: Configuration:0 Energy:35.571541684766004 Reward:-35.571541684766004 Raw:35.571541684766004 Time:32526 TotalReward:5647.627983320439
ETask 111-111: Configuration:0 Energy:31.637424720231994 Reward:-31.637424720231994 Raw:31.637424720231994 Time:32538 TotalReward:5679.265408040671
ETask 112-112: Configuration:0 Energy:32.957399021815 Reward:-32.957399021815 Raw:32.957399021815 Time:32536 TotalReward:5712.222807062486
ETask 113-113: Configuration:8 Energy:31.825651894379998 Reward:-31.825651894379998 Raw:31.825651894379998 Time:32531 TotalReward:5744.048458956866
ERun: Time:3679443
==END-RUN 0==
==ROUND-END==
STOKE: Config: 0 - Knobs: {interval:10000 priority:104 sensor-configuration:1 batch:5 }  | -- on:55 reward:-41.7908
STOKE: Config: 1 - Knobs: {interval:1000 priority:104 sensor-configuration:1 batch:5 }  | -- on:3 reward:-57.8676
STOKE: Config: 2 - Knobs: {interval:500 priority:104 sensor-configuration:1 batch:5 }  | -- on:2 reward:-46.8707
STOKE: Config: 3 - Knobs: {interval:10000 priority:100 sensor-configuration:1 batch:5 }  | -- on:14 reward:-43.8172
STOKE: Config: 4 - Knobs: {interval:1000 priority:100 sensor-configuration:1 batch:5 }  | -- on:10 reward:-67.4205
STOKE: Config: 5 - Knobs: {interval:500 priority:100 sensor-configuration:1 batch:5 }  | -- on:7 reward:-48.8167
STOKE: Config: 6 - Knobs: {interval:10000 priority:104 sensor-configuration:1 batch:1 }  | -- on:3 reward:-67.1233
STOKE: Config: 7 - Knobs: {interval:1000 priority:104 sensor-configuration:1 batch:1 }  | -- on:4 reward:-58.9832
STOKE: Config: 8 - Knobs: {interval:500 priority:104 sensor-configuration:1 batch:1 }  | -- on:4 reward:-42.2120
STOKE: Config: 9 - Knobs: {interval:10000 priority:100 sensor-configuration:1 batch:1 }  | -- on:4 reward:-43.0928
STOKE: Config: 10 - Knobs: {interval:1000 priority:100 sensor-configuration:1 batch:1 }  | -- on:3 reward:-103.2992
STOKE: Config: 11 - Knobs: {interval:500 priority:100 sensor-configuration:1 batch:1 }  | -- on:4 reward:-115.1071
