==RUN 0==
Bandit Runs:1 Tasks-in-Run:100
Self-Optimizer Rounds:0 Tasks-in-Round:0
Continuous Knob Rounds:Inf Tasks-in-Round:0
STOKE: Start Bat: 0.920000
ETask 1-1: Configuration:0 Energy:38.9906568599 Reward:-38.9906568599 Raw:38.9906568599 Time:32510 TotalReward:38.9906568599
ETask 2-2: Configuration:1 Energy:38.067511122816 Reward:-38.067511122816 Raw:38.067511122816 Time:32539 TotalReward:77.058167982716
ETask 3-3: Configuration:2 Energy:44.365604842790006 Reward:-44.365604842790006 Raw:44.365604842790006 Time:32538 TotalReward:121.423772825506
ETask 4-4: Configuration:3 Energy:52.334464077585004 Reward:-52.334464077585004 Raw:52.334464077585004 Time:32568 TotalReward:173.75823690309102
ETask 5-5: Configuration:4 Energy:111.54806237418903 Reward:-111.54806237418903 Raw:111.54806237418903 Time:32530 TotalReward:285.30629927728006
ETask 6-6: Configuration:5 Energy:51.974011479127995 Reward:-51.974011479127995 Raw:51.974011479127995 Time:32522 TotalReward:337.2803107564081
ETask 7-7: Configuration:6 Energy:48.936329174015995 Reward:-48.936329174015995 Raw:48.936329174015995 Time:32563 TotalReward:386.2166399304241
ETask 8-8: Configuration:7 Energy:49.11032151202401 Reward:-49.11032151202401 Raw:49.11032151202401 Time:32556 TotalReward:435.3269614424481
ETask 9-9: Configuration:8 Energy:34.81357188897 Reward:-34.81357188897 Raw:34.81357188897 Time:32576 TotalReward:470.1405333314181
ETask 10-10: Configuration:9 Energy:107.72179677153301 Reward:-107.72179677153301 Raw:107.72179677153301 Time:32532 TotalReward:577.8623301029511
ETask 11-11: Configuration:10 Energy:77.65022685429601 Reward:-77.65022685429601 Raw:77.65022685429601 Time:32526 TotalReward:655.512556957247
ETask 12-12: Configuration:11 Energy:87.05577240416999 Reward:-87.05577240416999 Raw:87.05577240416999 Time:32530 TotalReward:742.568329361417
ETask 13-13: Configuration:2 Energy:46.131243938714995 Reward:-46.131243938714995 Raw:46.131243938714995 Time:32544 TotalReward:788.699573300132
ETask 14-14: Configuration:8 Energy:51.237687596157 Reward:-51.237687596157 Raw:51.237687596157 Time:32542 TotalReward:839.937260896289
ETask 15-15: Configuration:9 Energy:97.62786326743999 Reward:-97.62786326743999 Raw:97.62786326743999 Time:32530 TotalReward:937.565124163729
ETask 16-16: Configuration:11 Energy:82.895895273664 Reward:-82.895895273664 Raw:82.895895273664 Time:32524 TotalReward:1020.461019437393
ETask 17-17: Configuration:10 Energy:95.90673134592001 Reward:-95.90673134592001 Raw:95.90673134592001 Time:32531 TotalReward:1116.367750783313
ETask 18-18: Configuration:1 Energy:31.418920452863997 Reward:-31.418920452863997 Raw:31.418920452863997 Time:32565 TotalReward:1147.7866712361772
ETask 19-19: Configuration:4 Energy:37.76227213088 Reward:-37.76227213088 Raw:37.76227213088 Time:32539 TotalReward:1185.5489433670573
ETask 20-20: Configuration:1 Energy:31.143932058975995 Reward:-31.143932058975995 Raw:31.143932058975995 Time:32531 TotalReward:1216.6928754260332
ETask 21-21: Configuration:3 Energy:41.085763643904 Reward:-41.085763643904 Raw:41.085763643904 Time:32565 TotalReward:1257.7786390699373
ETask 22-22: Configuration:11 Energy:80.11688814182399 Reward:-80.11688814182399 Raw:80.11688814182399 Time:32526 TotalReward:1337.8955272117612
ETask 23-23: Configuration:3 Energy:36.503822738207994 Reward:-36.503822738207994 Raw:36.503822738207994 Time:32586 TotalReward:1374.3993499499693
ETask 24-24: Configuration:1 Energy:34.42354021999599 Reward:-34.42354021999599 Raw:34.42354021999599 Time:32537 TotalReward:1408.8228901699654
ETask 25-25: Configuration:1 Energy:32.554030995695996 Reward:-32.554030995695996 Raw:32.554030995695996 Time:32509 TotalReward:1441.3769211656613
ETask 26-26: Configuration:5 Energy:82.86289746316801 Reward:-82.86289746316801 Raw:82.86289746316801 Time:32540 TotalReward:1524.2398186288294
ETask 27-27: Configuration:1 Energy:35.224311652992 Reward:-35.224311652992 Raw:35.224311652992 Time:32556 TotalReward:1559.4641302818213
ETask 28-28: Configuration:11 Energy:98.07649221051 Reward:-98.07649221051 Raw:98.07649221051 Time:32531 TotalReward:1657.5406224923313
ETask 29-29: Configuration:1 Energy:50.728645060137005 Reward:-50.728645060137005 Raw:50.728645060137005 Time:32571 TotalReward:1708.2692675524684
ETask 30-30: Configuration:1 Energy:64.08569538350099 Reward:-64.08569538350099 Raw:64.08569538350099 Time:32521 TotalReward:1772.3549629359693
ETask 31-31: Configuration:7 Energy:97.29971034408901 Reward:-97.29971034408901 Raw:97.29971034408901 Time:32541 TotalReward:1869.6546732800582
ETask 32-32: Configuration:0 Energy:33.89879013048 Reward:-33.89879013048 Raw:33.89879013048 Time:32581 TotalReward:1903.5534634105381
ETask 33-33: Configuration:0 Energy:32.536964193525 Reward:-32.536964193525 Raw:32.536964193525 Time:32511 TotalReward:1936.090427604063
ETask 34-34: Configuration:0 Energy:31.272635249856002 Reward:-31.272635249856002 Raw:31.272635249856002 Time:32540 TotalReward:1967.363062853919
ETask 35-35: Configuration:0 Energy:31.090134556800002 Reward:-31.090134556800002 Raw:31.090134556800002 Time:32538 TotalReward:1998.453197410719
ETask 36-36: Configuration:4 Energy:38.3428436608 Reward:-38.3428436608 Raw:38.3428436608 Time:32536 TotalReward:2036.796041071519
ETask 37-37: Configuration:0 Energy:31.682724866999994 Reward:-31.682724866999994 Raw:31.682724866999994 Time:32574 TotalReward:2068.4787659385192
ETask 38-38: Configuration:0 Energy:35.6218557459 Reward:-35.6218557459 Raw:35.6218557459 Time:32507 TotalReward:2104.1006216844194
ETask 39-39: Configuration:0 Energy:34.438625089599995 Reward:-34.438625089599995 Raw:34.438625089599995 Time:32539 TotalReward:2138.5392467740194
ETask 40-40: Configuration:0 Energy:35.25461686399999 Reward:-35.25461686399999 Raw:35.25461686399999 Time:32518 TotalReward:2173.7938636380195
ETask 41-41: Configuration:0 Energy:31.4362235846 Reward:-31.4362235846 Raw:31.4362235846 Time:32537 TotalReward:2205.2300872226197
ETask 42-42: Configuration:5 Energy:39.263346251499996 Reward:-39.263346251499996 Raw:39.263346251499996 Time:32538 TotalReward:2244.4934334741197
ETask 43-43: Configuration:0 Energy:46.15381978559999 Reward:-46.15381978559999 Raw:46.15381978559999 Time:32561 TotalReward:2290.6472532597195
ETask 44-44: Configuration:7 Energy:31.543935627599996 Reward:-31.543935627599996 Raw:31.543935627599996 Time:32561 TotalReward:2322.1911888873196
ETask 45-45: Configuration:0 Energy:31.499845619784 Reward:-31.499845619784 Raw:31.499845619784 Time:32578 TotalReward:2353.6910345071037
ETask 46-46: Configuration:0 Energy:31.384785297852 Reward:-31.384785297852 Raw:31.384785297852 Time:32516 TotalReward:2385.0758198049557
ETask 47-47: Configuration:0 Energy:33.026121158958 Reward:-33.026121158958 Raw:33.026121158958 Time:32541 TotalReward:2418.101940963914
ETask 48-48: Configuration:0 Energy:31.439963654112002 Reward:-31.439963654112002 Raw:31.439963654112002 Time:32522 TotalReward:2449.541904618026
ETask 49-49: Configuration:0 Energy:53.84274724479601 Reward:-53.84274724479601 Raw:53.84274724479601 Time:32538 TotalReward:2503.384651862822
ETask 50-50: Configuration:0 Energy:49.547151118440006 Reward:-49.547151118440006 Raw:49.547151118440006 Time:32535 TotalReward:2552.931802981262
ETask 51-51: Configuration:0 Energy:98.12451237354 Reward:-98.12451237354 Raw:98.12451237354 Time:32511 TotalReward:2651.056315354802
ETask 52-52: Configuration:0 Energy:34.356080535768 Reward:-34.356080535768 Raw:34.356080535768 Time:32527 TotalReward:2685.4123958905698
ETask 53-53: Configuration:0 Energy:34.7921505036 Reward:-34.7921505036 Raw:34.7921505036 Time:32525 TotalReward:2720.20454639417
ETask 54-54: Configuration:0 Energy:32.288438200176 Reward:-32.288438200176 Raw:32.288438200176 Time:32537 TotalReward:2752.492984594346
ETask 55-55: Configuration:0 Energy:45.818686006200004 Reward:-45.818686006200004 Raw:45.818686006200004 Time:32537 TotalReward:2798.311670600546
ETask 56-56: Configuration:0 Energy:35.628743478276 Reward:-35.628743478276 Raw:35.628743478276 Time:32507 TotalReward:2833.9404140788224
ETask 57-57: Configuration:11 Energy:82.576093704696 Reward:-82.576093704696 Raw:82.576093704696 Time:32536 TotalReward:2916.5165077835186
ETask 58-58: Configuration:0 Energy:31.53376146348 Reward:-31.53376146348 Raw:31.53376146348 Time:32577 TotalReward:2948.0502692469986
ETask 59-59: Configuration:0 Energy:31.881783777624 Reward:-31.881783777624 Raw:31.881783777624 Time:32517 TotalReward:2979.9320530246227
ETask 60-60: Configuration:0 Energy:31.606834312872003 Reward:-31.606834312872003 Raw:31.606834312872003 Time:32537 TotalReward:3011.5388873374945
ETask 61-61: Configuration:0 Energy:34.672057403652005 Reward:-34.672057403652005 Raw:34.672057403652005 Time:32522 TotalReward:3046.2109447411467
ETask 62-62: Configuration:0 Energy:31.392058104316003 Reward:-31.392058104316003 Raw:31.392058104316003 Time:32541 TotalReward:3077.603002845463
ETask 63-63: Configuration:0 Energy:31.699641814533003 Reward:-31.699641814533003 Raw:31.699641814533003 Time:32536 TotalReward:3109.302644659996
ETask 64-64: Configuration:0 Energy:31.667538986634 Reward:-31.667538986634 Raw:31.667538986634 Time:32522 TotalReward:3140.97018364663
ETask 65-65: Configuration:0 Energy:34.740166938491996 Reward:-34.740166938491996 Raw:34.740166938491996 Time:32535 TotalReward:3175.7103505851223
ETask 66-66: Configuration:0 Energy:41.96827314768 Reward:-41.96827314768 Raw:41.96827314768 Time:32523 TotalReward:3217.6786237328024
ETask 67-67: Configuration:0 Energy:44.986412889600004 Reward:-44.986412889600004 Raw:44.986412889600004 Time:32538 TotalReward:3262.6650366224026
ETask 68-68: Configuration:0 Energy:31.762034200007996 Reward:-31.762034200007996 Raw:31.762034200007996 Time:32534 TotalReward:3294.4270708224108
ETask 69-69: Configuration:0 Energy:49.74709829320799 Reward:-49.74709829320799 Raw:49.74709829320799 Time:32539 TotalReward:3344.174169115619
ETask 70-70: Configuration:0 Energy:50.65436681648999 Reward:-50.65436681648999 Raw:50.65436681648999 Time:32520 TotalReward:3394.828535932109
ETask 71-71: Configuration:0 Energy:50.84722369177199 Reward:-50.84722369177199 Raw:50.84722369177199 Time:32510 TotalReward:3445.675759623881
ETask 72-72: Configuration:0 Energy:50.836471097886 Reward:-50.836471097886 Raw:50.836471097886 Time:32538 TotalReward:3496.5122307217666
ETask 73-73: Configuration:0 Energy:34.444406655287985 Reward:-34.444406655287985 Raw:34.444406655287985 Time:32511 TotalReward:3530.9566373770544
ETask 74-74: Configuration:0 Energy:34.782878347937995 Reward:-34.782878347937995 Raw:34.782878347937995 Time:32541 TotalReward:3565.7395157249925
ETask 75-75: Configuration:0 Energy:31.689912685616996 Reward:-31.689912685616996 Raw:31.689912685616996 Time:32547 TotalReward:3597.4294284106095
ETask 76-76: Configuration:0 Energy:35.00391629816401 Reward:-35.00391629816401 Raw:35.00391629816401 Time:32537 TotalReward:3632.4333447087733
ETask 77-77: Configuration:0 Energy:31.373313886949997 Reward:-31.373313886949997 Raw:31.373313886949997 Time:32522 TotalReward:3663.8066585957235
ETask 78-78: Configuration:0 Energy:31.390663184951997 Reward:-31.390663184951997 Raw:31.390663184951997 Time:32539 TotalReward:3695.1973217806753
ETask 79-79: Configuration:0 Energy:46.26271793832701 Reward:-46.26271793832701 Raw:46.26271793832701 Time:32510 TotalReward:3741.4600397190025
ETask 80-80: Configuration:0 Energy:31.480090581132 Reward:-31.480090581132 Raw:31.480090581132 Time:32540 TotalReward:3772.9401303001346
ETask 81-81: Configuration:0 Energy:33.800722639344 Reward:-33.800722639344 Raw:33.800722639344 Time:32525 TotalReward:3806.7408529394784
ETask 82-82: Configuration:0 Energy:31.594668548642996 Reward:-31.594668548642996 Raw:31.594668548642996 Time:32543 TotalReward:3838.3355214881212
ETask 83-83: Configuration:0 Energy:31.45736025608 Reward:-31.45736025608 Raw:31.45736025608 Time:32530 TotalReward:3869.792881744201
ETask 84-84: Configuration:0 Energy:31.37020274802 Reward:-31.37020274802 Raw:31.37020274802 Time:32537 TotalReward:3901.163084492221
ETask 85-85: Configuration:0 Energy:32.318788975224 Reward:-32.318788975224 Raw:32.318788975224 Time:32523 TotalReward:3933.481873467445
ETask 86-86: Configuration:5 Energy:84.06033908044499 Reward:-84.06033908044499 Raw:84.06033908044499 Time:32532 TotalReward:4017.54221254789
ETask 87-87: Configuration:0 Energy:32.942780741632 Reward:-32.942780741632 Raw:32.942780741632 Time:32560 TotalReward:4050.4849932895218
ETask 88-88: Configuration:0 Energy:31.794627091535 Reward:-31.794627091535 Raw:31.794627091535 Time:32513 TotalReward:4082.2796203810567
ETask 89-89: Configuration:0 Energy:36.07730647545 Reward:-36.07730647545 Raw:36.07730647545 Time:32534 TotalReward:4118.356926856507
ETask 90-90: Configuration:0 Energy:56.92933143040001 Reward:-56.92933143040001 Raw:56.92933143040001 Time:32520 TotalReward:4175.2862582869075
ETask 91-91: Configuration:0 Energy:50.810643963198 Reward:-50.810643963198 Raw:50.810643963198 Time:32545 TotalReward:4226.096902250106
ETask 92-92: Configuration:0 Energy:50.412160271088 Reward:-50.412160271088 Raw:50.412160271088 Time:32541 TotalReward:4276.509062521194
ETask 93-93: Configuration:0 Energy:50.355253853796 Reward:-50.355253853796 Raw:50.355253853796 Time:32536 TotalReward:4326.86431637499
ETask 94-94: Configuration:0 Energy:47.385500075678 Reward:-47.385500075678 Raw:47.385500075678 Time:32542 TotalReward:4374.249816450668
ETask 95-95: Configuration:0 Energy:35.09579527332 Reward:-35.09579527332 Raw:35.09579527332 Time:32519 TotalReward:4409.3456117239875
ETask 96-96: Configuration:0 Energy:31.960340496748003 Reward:-31.960340496748003 Raw:31.960340496748003 Time:32537 TotalReward:4441.305952220736
ETask 97-97: Configuration:0 Energy:31.694611348772003 Reward:-31.694611348772003 Raw:31.694611348772003 Time:32529 TotalReward:4473.000563569508
ETask 98-98: Configuration:0 Energy:31.256740174464 Reward:-31.256740174464 Raw:31.256740174464 Time:32503 TotalReward:4504.2573037439715
ETask 99-99: Configuration:0 Energy:34.737625185216004 Reward:-34.737625185216004 Raw:34.737625185216004 Time:32542 TotalReward:4538.994928929187
ETask 100-100: Configuration:0 Energy:63.16614310935999 Reward:-63.16614310935999 Raw:63.16614310935999 Time:32503 TotalReward:4602.161072038547
ETask 101-101: Configuration:0 Energy:40.197769889625995 Reward:-40.197769889625995 Raw:40.197769889625995 Time:32538 TotalReward:4642.358841928173
ETask 102-102: Configuration:0 Energy:45.11371363648999 Reward:-45.11371363648999 Raw:45.11371363648999 Time:32514 TotalReward:4687.472555564663
ETask 103-103: Configuration:0 Energy:31.42999848967199 Reward:-31.42999848967199 Raw:31.42999848967199 Time:32536 TotalReward:4718.902554054334
ETask 104-104: Configuration:0 Energy:31.925804383019 Reward:-31.925804383019 Raw:31.925804383019 Time:32528 TotalReward:4750.828358437353
ETask 105-105: Configuration:0 Energy:31.742499062399997 Reward:-31.742499062399997 Raw:31.742499062399997 Time:32540 TotalReward:4782.570857499753
ETask 106-106: Configuration:0 Energy:32.32129009365 Reward:-32.32129009365 Raw:32.32129009365 Time:32540 TotalReward:4814.892147593403
ETask 107-107: Configuration:0 Energy:34.466007889362 Reward:-34.466007889362 Raw:34.466007889362 Time:32522 TotalReward:4849.358155482765
ETask 108-108: Configuration:0 Energy:45.658358262107996 Reward:-45.658358262107996 Raw:45.658358262107996 Time:32539 TotalReward:4895.016513744873
ETask 109-109: Configuration:0 Energy:47.649254002998 Reward:-47.649254002998 Raw:47.649254002998 Time:32536 TotalReward:4942.665767747871
ETask 110-110: Configuration:0 Energy:44.659865261376 Reward:-44.659865261376 Raw:44.659865261376 Time:32535 TotalReward:4987.325633009246
ETask 111-111: Configuration:0 Energy:31.574488440887997 Reward:-31.574488440887997 Raw:31.574488440887997 Time:32541 TotalReward:5018.900121450134
ETask 112-112: Configuration:1 Energy:52.189111702638 Reward:-52.189111702638 Raw:52.189111702638 Time:32529 TotalReward:5071.089233152772
ETask 113-113: Configuration:0 Energy:67.43922363177 Reward:-67.43922363177 Raw:67.43922363177 Time:32568 TotalReward:5138.528456784542
ERun: Time:3680284
==END-RUN 0==
==ROUND-END==
STOKE: Config: 0 - Knobs: {interval:10000 priority:104 sensor-configuration:1 batch:5 }  | -- on:77 reward:-38.6999
STOKE: Config: 1 - Knobs: {interval:1000 priority:104 sensor-configuration:1 batch:5 }  | -- on:9 reward:-41.0929
STOKE: Config: 2 - Knobs: {interval:500 priority:104 sensor-configuration:1 batch:5 }  | -- on:2 reward:-45.2484
STOKE: Config: 3 - Knobs: {interval:10000 priority:100 sensor-configuration:1 batch:5 }  | -- on:3 reward:-43.3080
STOKE: Config: 4 - Knobs: {interval:1000 priority:100 sensor-configuration:1 batch:5 }  | -- on:3 reward:-62.5511
STOKE: Config: 5 - Knobs: {interval:500 priority:100 sensor-configuration:1 batch:5 }  | -- on:4 reward:-64.5401
STOKE: Config: 6 - Knobs: {interval:10000 priority:104 sensor-configuration:1 batch:1 }  | -- on:1 reward:-48.9363
STOKE: Config: 7 - Knobs: {interval:1000 priority:104 sensor-configuration:1 batch:1 }  | -- on:3 reward:-59.3180
STOKE: Config: 8 - Knobs: {interval:500 priority:104 sensor-configuration:1 batch:1 }  | -- on:2 reward:-43.0256
STOKE: Config: 9 - Knobs: {interval:10000 priority:100 sensor-configuration:1 batch:1 }  | -- on:2 reward:-102.6748
STOKE: Config: 10 - Knobs: {interval:1000 priority:100 sensor-configuration:1 batch:1 }  | -- on:2 reward:-86.7785
STOKE: Config: 11 - Knobs: {interval:500 priority:100 sensor-configuration:1 batch:1 }  | -- on:5 reward:-86.1442
