==RUN 0==
Bandit Runs:1 Tasks-in-Run:100
Self-Optimizer Rounds:0 Tasks-in-Round:0
Continuous Knob Rounds:Inf Tasks-in-Round:0
STOKE: Start Bat: 0.950000
MAPSME_GPS_RATE: 10000
MAPSME_GPS_PRIORITY: High Accuracy
MAPSME_GPS_BATCH: 1x

MAPSME_GPS_RATE: 10000
MAPSME_GPS_PRIORITY: High Accuracy
MAPSME_GPS_BATCH: 1x

MAPSME_GPS_RATE: 10000
MAPSME_GPS_PRIORITY: High Accuracy
MAPSME_GPS_BATCH: 1x

MAPSME_GPS_RATE: 10000
MAPSME_GPS_PRIORITY: High Accuracy
MAPSME_GPS_BATCH: 1x

ETask 1: Configuration:0 Energy:0.0 Power:0.0 Reward:36.79018217691301 Time:32517 TotalReward:36.79018217691301
ETask 2: Configuration:1 Energy:0.0 Power:0.0 Reward:41.124157650377995 Time:32622 TotalReward:77.914339827291
ETask 3: Configuration:2 Energy:0.0 Power:0.0 Reward:70.009224130296 Time:32616 TotalReward:147.92356395758702
ETask 4: Configuration:3 Energy:0.0 Power:0.0 Reward:84.59352189222 Time:32540 TotalReward:232.51708584980702
ETask 5: Configuration:4 Energy:0.0 Power:0.0 Reward:69.274853572496 Time:32596 TotalReward:301.791939422303
ETask 6: Configuration:5 Energy:0.0 Power:0.0 Reward:36.894266140446 Time:32626 TotalReward:338.686205562749
ETask 7: Configuration:6 Energy:0.0 Power:0.0 Reward:71.908962001947 Time:32613 TotalReward:410.595167564696
ETask 8: Configuration:1 Energy:0.0 Power:0.0 Reward:36.578688999723 Time:32589 TotalReward:447.173856564419
ETask 9: Configuration:1 Energy:0.0 Power:0.0 Reward:41.820508256618005 Time:32506 TotalReward:488.994364821037
ETask 10: Configuration:1 Energy:0.0 Power:0.0 Reward:58.05710530737 Time:32510 TotalReward:547.051470128407
ETask 11: Configuration:1 Energy:0.0 Power:0.0 Reward:38.55244841557201 Time:32508 TotalReward:585.603918543979
ETask 12: Configuration:1 Energy:0.0 Power:0.0 Reward:44.72295947236 Time:32506 TotalReward:630.326878016339
ETask 13: Configuration:1 Energy:0.0 Power:0.0 Reward:38.673837110818 Time:32507 TotalReward:669.000715127157
ETask 14: Configuration:1 Energy:0.0 Power:0.0 Reward:36.176673700752 Time:32504 TotalReward:705.177388827909
ETask 15: Configuration:1 Energy:0.0 Power:0.0 Reward:35.037602489526 Time:32509 TotalReward:740.214991317435
ETask 16: Configuration:1 Energy:0.0 Power:0.0 Reward:38.26616421045601 Time:32508 TotalReward:778.481155527891
ETask 17: Configuration:1 Energy:0.0 Power:0.0 Reward:65.38787094125 Time:32506 TotalReward:843.869026469141
ETask 18: Configuration:1 Energy:0.0 Power:0.0 Reward:39.94647096237 Time:32515 TotalReward:883.815497431511
ETask 19: Configuration:1 Energy:0.0 Power:0.0 Reward:38.408461913345995 Time:32519 TotalReward:922.2239593448569
ETask 20: Configuration:1 Energy:0.0 Power:0.0 Reward:64.885154651466 Time:32519 TotalReward:987.1091139963229
ETask 21: Configuration:1 Energy:0.0 Power:0.0 Reward:86.16951861249599 Time:32516 TotalReward:1073.278632608819
ETask 22: Configuration:1 Energy:0.0 Power:0.0 Reward:50.838915044904 Time:32522 TotalReward:1124.117547653723
ETask 23: Configuration:1 Energy:0.0 Power:0.0 Reward:55.046434338191986 Time:32516 TotalReward:1179.163981991915
ETask 24: Configuration:1 Energy:0.0 Power:0.0 Reward:51.384958452432 Time:32516 TotalReward:1230.5489404443472
ETask 25: Configuration:1 Energy:0.0 Power:0.0 Reward:35.17429643636999 Time:32515 TotalReward:1265.7232368807172
ETask 26: Configuration:1 Energy:0.0 Power:0.0 Reward:36.65565169812 Time:32513 TotalReward:1302.3788885788372
ETask 27: Configuration:1 Energy:0.0 Power:0.0 Reward:71.280294247176 Time:32504 TotalReward:1373.6591828260132
ETask 28: Configuration:1 Energy:0.0 Power:0.0 Reward:76.22512454927998 Time:32504 TotalReward:1449.8843073752932
ETask 29: Configuration:1 Energy:0.0 Power:0.0 Reward:39.745029031785 Time:32505 TotalReward:1489.6293364070782
ETask 30: Configuration:3 Energy:0.0 Power:0.0 Reward:40.534528047224 Time:32533 TotalReward:1530.1638644543023
ETask 31: Configuration:1 Energy:0.0 Power:0.0 Reward:45.42683396507999 Time:32562 TotalReward:1575.5906984193823
ETask 32: Configuration:1 Energy:0.0 Power:0.0 Reward:43.27159734825199 Time:32513 TotalReward:1618.8622957676344
ETask 33: Configuration:1 Energy:0.0 Power:0.0 Reward:36.193766227536 Time:32514 TotalReward:1655.0560619951702
ETask 34: Configuration:1 Energy:0.0 Power:0.0 Reward:69.05814684944399 Time:32507 TotalReward:1724.1142088446143
ETask 35: Configuration:1 Energy:0.0 Power:0.0 Reward:74.75840105168 Time:32504 TotalReward:1798.8726098962943
ETask 36: Configuration:1 Energy:0.0 Power:0.0 Reward:39.84629805181599 Time:32506 TotalReward:1838.7189079481102
ETask 37: Configuration:4 Energy:0.0 Power:0.0 Reward:38.149811734952 Time:32542 TotalReward:1876.8687196830622
ETask 38: Configuration:4 Energy:0.0 Power:0.0 Reward:38.115814299628 Time:32513 TotalReward:1914.9845339826902
ETask 39: Configuration:1 Energy:0.0 Power:0.0 Reward:40.72323032762399 Time:32553 TotalReward:1955.7077643103141
ETask 40: Configuration:1 Energy:0.0 Power:0.0 Reward:35.742534367228 Time:32513 TotalReward:1991.4502986775422
ETask 41: Configuration:1 Energy:0.0 Power:0.0 Reward:39.461531570999995 Time:32505 TotalReward:2030.9118302485422
ETask 42: Configuration:4 Energy:0.0 Power:0.0 Reward:72.54313318341599 Time:32546 TotalReward:2103.4549634319583
ETask 43: Configuration:4 Energy:0.0 Power:0.0 Reward:71.10574028417999 Time:32515 TotalReward:2174.560703716138
ETask 44: Configuration:4 Energy:0.0 Power:0.0 Reward:36.89721803980799 Time:32512 TotalReward:2211.4579217559462
ETask 45: Configuration:4 Energy:0.0 Power:0.0 Reward:81.28515961818 Time:32508 TotalReward:2292.743081374126
ETask 46: Configuration:6 Energy:0.0 Power:0.0 Reward:90.638060709435 Time:32547 TotalReward:2383.3811420835614
ETask 47: Configuration:4 Energy:0.0 Power:0.0 Reward:93.978416702745 Time:32553 TotalReward:2477.3595587863065
ETask 48: Configuration:1 Energy:0.0 Power:0.0 Reward:49.47050065213501 Time:32569 TotalReward:2526.8300594384414
ETask 49: Configuration:1 Energy:0.0 Power:0.0 Reward:35.804020196525 Time:32515 TotalReward:2562.6340796349664
ETask 50: Configuration:1 Energy:0.0 Power:0.0 Reward:37.98441959532 Time:32516 TotalReward:2600.6184992302865
ETask 51: Configuration:1 Energy:0.0 Power:0.0 Reward:66.35910435528399 Time:32506 TotalReward:2666.9776035855703
ETask 52: Configuration:0 Energy:0.0 Power:0.0 Reward:39.797348566117996 Time:32554 TotalReward:2706.7749521516885
ETask 53: Configuration:1 Energy:0.0 Power:0.0 Reward:35.328419259536 Time:32552 TotalReward:2742.1033714112245
ETask 54: Configuration:1 Energy:0.0 Power:0.0 Reward:71.280835489344 Time:32514 TotalReward:2813.3842069005686
ETask 55: Configuration:2 Energy:0.0 Power:0.0 Reward:66.687338541044 Time:32548 TotalReward:2880.0715454416127
ETask 56: Configuration:1 Energy:0.0 Power:0.0 Reward:36.95633468841599 Time:32544 TotalReward:2917.0278801300287
ETask 57: Configuration:1 Energy:0.0 Power:0.0 Reward:35.389211059475 Time:32515 TotalReward:2952.417091189504
ETask 58: Configuration:1 Energy:0.0 Power:0.0 Reward:64.47546494727 Time:32523 TotalReward:3016.892556136774
ETask 59: Configuration:1 Energy:0.0 Power:0.0 Reward:64.45564037236998 Time:32513 TotalReward:3081.348196509144
ETask 60: Configuration:1 Energy:0.0 Power:0.0 Reward:39.57852034620899 Time:32507 TotalReward:3120.9267168553533
ETask 61: Configuration:5 Energy:0.0 Power:0.0 Reward:66.68346171177598 Time:32556 TotalReward:3187.6101785671294
ETask 62: Configuration:5 Energy:0.0 Power:0.0 Reward:69.304244423865 Time:32505 TotalReward:3256.9144229909944
ETask 63: Configuration:5 Energy:0.0 Power:0.0 Reward:74.708293480479 Time:32509 TotalReward:3331.6227164714733
ETask 64: Configuration:1 Energy:0.0 Power:0.0 Reward:60.224547847104 Time:32568 TotalReward:3391.8472643185773
ETask 65: Configuration:1 Energy:0.0 Power:0.0 Reward:47.375495723745004 Time:32515 TotalReward:3439.2227600423225
ETask 66: Configuration:1 Energy:0.0 Power:0.0 Reward:52.723068936084005 Time:32524 TotalReward:3491.9458289784066
ETask 67: Configuration:1 Energy:0.0 Power:0.0 Reward:78.91059480831001 Time:32506 TotalReward:3570.8564237867167
ETask 68: Configuration:1 Energy:0.0 Power:0.0 Reward:71.92878127198199 Time:32503 TotalReward:3642.785205058699
ETask 69: Configuration:1 Energy:0.0 Power:0.0 Reward:66.122884228464 Time:32506 TotalReward:3708.908089287163
ETask 70: Configuration:1 Energy:0.0 Power:0.0 Reward:66.4476141231 Time:32508 TotalReward:3775.355703410263
ETask 71: Configuration:1 Energy:0.0 Power:0.0 Reward:69.7307286141 Time:32506 TotalReward:3845.0864320243627
ETask 72: Configuration:1 Energy:0.0 Power:0.0 Reward:44.34124732902 Time:32510 TotalReward:3889.4276793533827
ETask 73: Configuration:1 Energy:0.0 Power:0.0 Reward:38.229635195136005 Time:32512 TotalReward:3927.6573145485186
ETask 74: Configuration:1 Energy:0.0 Power:0.0 Reward:39.93619597052 Time:32510 TotalReward:3967.593510519039
ETask 75: Configuration:1 Energy:0.0 Power:0.0 Reward:35.600808247416005 Time:32511 TotalReward:4003.1943187664547
ETask 76: Configuration:1 Energy:0.0 Power:0.0 Reward:35.562545780579995 Time:32513 TotalReward:4038.7568645470346
ETask 77: Configuration:1 Energy:0.0 Power:0.0 Reward:35.785606605636005 Time:32514 TotalReward:4074.5424711526707
ETask 78: Configuration:1 Energy:0.0 Power:0.0 Reward:70.58056858405799 Time:32513 TotalReward:4145.123039736729
ETask 79: Configuration:1 Energy:0.0 Power:0.0 Reward:64.90619815104 Time:32520 TotalReward:4210.029237887769
ETask 80: Configuration:4 Energy:0.0 Power:0.0 Reward:37.21481611218 Time:32529 TotalReward:4247.24405399995
ETask 81: Configuration:4 Energy:0.0 Power:0.0 Reward:67.87347576333 Time:32511 TotalReward:4315.11752976328
ETask 82: Configuration:1 Energy:0.0 Power:0.0 Reward:36.27813929255999 Time:32555 TotalReward:4351.39566905584
ETask 83: Configuration:1 Energy:0.0 Power:0.0 Reward:67.56813889702799 Time:32522 TotalReward:4418.963807952868
ETask 84: Configuration:1 Energy:0.0 Power:0.0 Reward:39.03798433491 Time:32505 TotalReward:4458.001792287778
ETask 85: Configuration:1 Energy:0.0 Power:0.0 Reward:36.7230669246 Time:32508 TotalReward:4494.724859212378
ETask 86: Configuration:1 Energy:0.0 Power:0.0 Reward:37.01453195025 Time:32517 TotalReward:4531.739391162628
ETask 87: Configuration:1 Energy:0.0 Power:0.0 Reward:37.0868797125 Time:32510 TotalReward:4568.826270875128
ETask 88: Configuration:1 Energy:0.0 Power:0.0 Reward:68.72826750164998 Time:32519 TotalReward:4637.5545383767785
ETask 89: Configuration:1 Energy:0.0 Power:0.0 Reward:35.99863375724999 Time:32507 TotalReward:4673.5531721340285
ETask 90: Configuration:1 Energy:0.0 Power:0.0 Reward:46.332756317249995 Time:32513 TotalReward:4719.885928451278
ETask 91: Configuration:5 Energy:0.0 Power:0.0 Reward:87.9418620162 Time:32542 TotalReward:4807.827790467478
ETask 92: Configuration:6 Energy:0.0 Power:0.0 Reward:100.5340414455 Time:32530 TotalReward:4908.361831912978
ETask 93: Configuration:1 Energy:0.0 Power:0.0 Reward:51.44224553099999 Time:32555 TotalReward:4959.804077443978
ETask 94: Configuration:1 Energy:0.0 Power:0.0 Reward:51.11476185464999 Time:32513 TotalReward:5010.918839298628
ETask 95: Configuration:1 Energy:0.0 Power:0.0 Reward:92.442400988245 Time:32515 TotalReward:5103.361240286873
ETask 96: Configuration:1 Energy:0.0 Power:0.0 Reward:67.465396171425 Time:32525 TotalReward:5170.826636458298
ETask 97: Configuration:1 Energy:0.0 Power:0.0 Reward:39.458074932108005 Time:32511 TotalReward:5210.284711390405
ETask 98: Configuration:1 Energy:0.0 Power:0.0 Reward:35.62048996843399 Time:32507 TotalReward:5245.90520135884
ETask 99: Configuration:1 Energy:0.0 Power:0.0 Reward:35.352628725609996 Time:32515 TotalReward:5281.25783008445
ETask 100: Configuration:4 Energy:0.0 Power:0.0 Reward:70.81655418191998 Time:32532 TotalReward:5352.07438426637
ETask 101: Configuration:1 Energy:0.0 Power:0.0 Reward:40.94899661934 Time:32562 TotalReward:5393.023380885709
ETask 102: Configuration:1 Energy:0.0 Power:0.0 Reward:36.06144162145 Time:32522 TotalReward:5429.0848225071595
ETask 103: Configuration:1 Energy:0.0 Power:0.0 Reward:65.76081282010499 Time:32513 TotalReward:5494.845635327264
ETask 104: Configuration:1 Energy:0.0 Power:0.0 Reward:42.66064782952501 Time:32505 TotalReward:5537.506283156789
ETask 105: Configuration:6 Energy:0.0 Power:0.0 Reward:68.79709439767001 Time:32545 TotalReward:5606.303377554459
ETask 106: Configuration:1 Energy:0.0 Power:0.0 Reward:66.72604472975999 Time:32559 TotalReward:5673.029422284219
ETask 107: Configuration:1 Energy:0.0 Power:0.0 Reward:65.128019070717 Time:32523 TotalReward:5738.157441354936
ETask 108: Configuration:4 Energy:0.0 Power:0.0 Reward:67.634764989897 Time:32529 TotalReward:5805.792206344833
ERun: Time:3514356
==END-RUN 0==
STOKE: Config: 0 - Knobs: {interval:10000 priority:100 sensor-configuration:1 batch:1 }  | -- on:2 joules:38.29 reward:0.7933
STOKE: Config: 1 - Knobs: {interval:8000 priority:100 sensor-configuration:1 batch:1 }  | -- on:81 joules:50.06 reward:0.9054
STOKE: Config: 2 - Knobs: {interval:5000 priority:100 sensor-configuration:1 batch:1 }  | -- on:2 joules:68.35 reward:0.4603
STOKE: Config: 3 - Knobs: {interval:4000 priority:100 sensor-configuration:1 batch:1 }  | -- on:2 joules:62.56 reward:0.4878
STOKE: Config: 4 - Knobs: {interval:3000 priority:100 sensor-configuration:1 batch:1 }  | -- on:12 joules:62.07 reward:0.4901
STOKE: Config: 5 - Knobs: {interval:2000 priority:100 sensor-configuration:1 batch:1 }  | -- on:5 joules:67.11 reward:0.4662
STOKE: Config: 6 - Knobs: {interval:1000 priority:100 sensor-configuration:1 batch:1 }  | -- on:4 joules:82.97 reward:0.3906
ERROR: We got 'done' signal before finishing experiment!
STOKE: Config: 0 - Knobs: {interval:10000 priority:100 sensor-configuration:1 batch:1 }  | -- on:2 joules:38.29 reward:0.7933
STOKE: Config: 1 - Knobs: {interval:8000 priority:100 sensor-configuration:1 batch:1 }  | -- on:81 joules:50.06 reward:0.9054
STOKE: Config: 2 - Knobs: {interval:5000 priority:100 sensor-configuration:1 batch:1 }  | -- on:2 joules:68.35 reward:0.4603
STOKE: Config: 3 - Knobs: {interval:4000 priority:100 sensor-configuration:1 batch:1 }  | -- on:2 joules:62.56 reward:0.4878
STOKE: Config: 4 - Knobs: {interval:3000 priority:100 sensor-configuration:1 batch:1 }  | -- on:12 joules:62.07 reward:0.4901
STOKE: Config: 5 - Knobs: {interval:2000 priority:100 sensor-configuration:1 batch:1 }  | -- on:5 joules:67.11 reward:0.4662
STOKE: Config: 6 - Knobs: {interval:1000 priority:100 sensor-configuration:1 batch:1 }  | -- on:4 joules:82.97 reward:0.3906
