==RUN-0==
Signal: Info:LTE dBM:-89 level:4
STOKE: LOC: Got location 42.388627 -75.176608 with 2900.000000 accuracy
STOKE: LOC: Got location 42.388627 -75.176608 with 2900.000000 accuracy
Signal: Info:LTE dBM:-94 level:4
ETask 1: Configuration:0 Energy:3.60 Power:3.60 Reward:3.60 Time:5036
STOKE: LOC: Got location 42.383004 -75.186457 with 1200.000000 accuracy
Signal: Info:LTE dBM:-97 level:3
ETask 2: Configuration:0 Energy:8.40 Power:8.40 Reward:8.40 Time:5014
STOKE: LOC: Got location 42.383004 -75.186457 with 1200.000000 accuracy
Signal: Info:LTE dBM:-100 level:3
ETask 3: Configuration:0 Energy:4.30 Power:4.30 Reward:4.30 Time:5029
STOKE: LOC: Got location 42.383004 -75.186457 with 1200.000000 accuracy
Signal: Info:LTE dBM:-102 level:3
ETask 4: Configuration:0 Energy:0.70 Power:0.70 Reward:0.70 Time:5035
STOKE: LOC: Got location 42.386486 -75.164935 with 600.000000 accuracy
Signal: Info:LTE dBM:-98 level:3
ETask 5: Configuration:0 Energy:0.80 Power:0.80 Reward:0.80 Time:5033
STOKE: LOC: Got location 42.388627 -75.176608 with 2900.000000 accuracy
Signal: Info:LTE dBM:-95 level:4
ETask 6: Configuration:0 Energy:1.20 Power:1.20 Reward:1.20 Time:5028
STOKE: LOC: Got location 42.388627 -75.176608 with 2900.000000 accuracy
Signal: Info:LTE dBM:-95 level:4
ETask 7: Configuration:0 Energy:0.40 Power:0.40 Reward:0.40 Time:5031
STOKE: LOC: Got location 42.388627 -75.176608 with 2900.000000 accuracy
Signal: Info:LTE dBM:-85 level:4
ETask 8: Configuration:0 Energy:0.80 Power:0.80 Reward:0.80 Time:5032
STOKE: LOC: Got location 42.388627 -75.176608 with 2900.000000 accuracy
Signal: Info:LTE dBM:-90 level:4
ETask 9: Configuration:0 Energy:0.40 Power:0.40 Reward:0.40 Time:5031
STOKE: LOC: Got location 42.388627 -75.176608 with 2900.000000 accuracy
Signal: Info:LTE dBM:-88 level:4
ETask 10: Configuration:0 Energy:0.40 Power:0.40 Reward:0.40 Time:5030
STOKE: LOC: Got location 42.388627 -75.176608 with 2900.000000 accuracy
Signal: Info:LTE dBM:-81 level:4
ETask 11: Configuration:0 Energy:0.40 Power:0.40 Reward:0.40 Time:5034
STOKE: LOC: Got location 42.388627 -75.176608 with 2900.000000 accuracy
ERun: Reward:21.40 PostConfigReward:0.00 Time:57163
==RUN-1==
Signal: Info:LTE dBM:-96 level:3
STOKE: LOC: Got location 42.388627 -75.176608 with 2900.000000 accuracy
STOKE: LOC: Got location 42.390816 -75.179527 with 2599.999023 accuracy
Signal: Info:LTE dBM:-94 level:4
ETask 1: Configuration:0 Energy:3.70 Power:3.70 Reward:3.70 Time:5030
STOKE: LOC: Got location 42.388627 -75.176608 with 2900.000000 accuracy
Signal: Info:LTE dBM:-99 level:3
ETask 2: Configuration:0 Energy:8.30 Power:8.30 Reward:8.30 Time:5013
STOKE: LOC: Got location 42.388627 -75.176608 with 2900.000000 accuracy
Signal: Info:LTE dBM:-93 level:4
ETask 3: Configuration:0 Energy:7.80 Power:7.80 Reward:7.80 Time:5028
Signal: Info:LTE dBM:-83 level:4
ETask 4: Configuration:0 Energy:0.00 Power:0.00 Reward:0.00 Time:5026
STOKE: LOC: Got location 42.395234 -75.151437 with 1100.000000 accuracy
Signal: Info:LTE dBM:-82 level:4
ETask 5: Configuration:0 Energy:1.10 Power:1.10 Reward:1.10 Time:5027
STOKE: LOC: Got location 42.395234 -75.151437 with 1100.000000 accuracy
Signal: Info:LTE dBM:-80 level:4
ETask 6: Configuration:0 Energy:0.50 Power:0.50 Reward:0.50 Time:5037
STOKE: LOC: Got location 42.410294 -75.137938 with 2099.999023 accuracy
Signal: Info:LTE dBM:-87 level:4
ETask 7: Configuration:0 Energy:0.40 Power:0.40 Reward:0.40 Time:5030
STOKE: LOC: Got location 42.410294 -75.137938 with 2099.999023 accuracy
Signal: Info:LTE dBM:-86 level:4
ETask 8: Configuration:0 Energy:1.60 Power:1.60 Reward:1.60 Time:5035
STOKE: LOC: Got location 42.395234 -75.151437 with 1100.000000 accuracy
Signal: Info:LTE dBM:-80 level:4
ETask 9: Configuration:0 Energy:0.80 Power:0.80 Reward:0.80 Time:5028
STOKE: LOC: Got location 42.410294 -75.137938 with 2099.999023 accuracy
Signal: Info:LTE dBM:-82 level:4
ETask 10: Configuration:0 Energy:0.80 Power:0.80 Reward:0.80 Time:5028
STOKE: LOC: Got location 42.410294 -75.137938 with 2099.999023 accuracy
Signal: Info:LTE dBM:-80 level:4
ETask 11: Configuration:0 Energy:1.00 Power:1.00 Reward:1.00 Time:5031
STOKE: LOC: Got location 42.410294 -75.137938 with 2099.999023 accuracy
ERun: Reward:26.00 PostConfigReward:0.00 Time:57225
==RUN-2==
Signal: Info:LTE dBM:-84 level:4
STOKE: LOC: Got location 42.410294 -75.137938 with 2099.999023 accuracy
STOKE: LOC: Got location 42.403595 -75.144140 with 3099.999023 accuracy
Signal: Info:LTE dBM:-82 level:4
ETask 1: Configuration:0 Energy:3.40 Power:3.40 Reward:3.40 Time:5030
STOKE: LOC: Got location 42.410294 -75.137938 with 2099.999023 accuracy
Signal: Info:LTE dBM:-89 level:4
ETask 2: Configuration:0 Energy:9.40 Power:9.40 Reward:9.40 Time:5014
STOKE: LOC: Got location 42.410294 -75.137938 with 2099.999023 accuracy
Signal: Info:LTE dBM:-84 level:4
ETask 3: Configuration:0 Energy:7.60 Power:7.60 Reward:7.60 Time:5026
STOKE: LOC: Got location 42.410294 -75.137938 with 2099.999023 accuracy
Signal: Info:LTE dBM:-84 level:4
ETask 4: Configuration:0 Energy:0.40 Power:0.40 Reward:0.40 Time:5025
STOKE: LOC: Got location 42.410294 -75.137938 with 2099.999023 accuracy
Signal: Info:LTE dBM:-95 level:4
ETask 5: Configuration:0 Energy:0.40 Power:0.40 Reward:0.40 Time:5031
STOKE: LOC: Got location 42.410294 -75.137938 with 2099.999023 accuracy
Signal: Info:LTE dBM:-104 level:3
ETask 6: Configuration:0 Energy:0.40 Power:0.40 Reward:0.40 Time:5031
STOKE: LOC: Got location 42.410294 -75.137938 with 2099.999023 accuracy
Signal: Info:LTE dBM:-95 level:4
ETask 7: Configuration:0 Energy:0.80 Power:0.80 Reward:0.80 Time:5032
STOKE: LOC: Got location 42.410294 -75.137938 with 2099.999023 accuracy
Signal: Info:LTE dBM:-108 level:2
ETask 8: Configuration:0 Energy:0.80 Power:0.80 Reward:0.80 Time:5029
STOKE: LOC: Got location 42.410294 -75.137938 with 2099.999023 accuracy
Signal: Info:LTE dBM:-107 level:2
ETask 9: Configuration:0 Energy:0.80 Power:0.80 Reward:0.80 Time:5030
STOKE: LOC: Got location 42.410294 -75.137938 with 2099.999023 accuracy
Signal: Info:LTE dBM:-113 level:2
ETask 10: Configuration:0 Energy:0.40 Power:0.40 Reward:0.40 Time:5034
STOKE: LOC: Got location 42.410294 -75.137938 with 2099.999023 accuracy
Signal: Info:LTE dBM:-117 level:1
ETask 11: Configuration:0 Energy:0.40 Power:0.40 Reward:0.40 Time:5029
STOKE: LOC: Got location 42.410294 -75.137938 with 2099.999023 accuracy
ERun: Reward:24.80 PostConfigReward:0.00 Time:57199
==RUN-3==
Signal: Info:WCDMA dBM:-113 level:0
STOKE: LOC: Got location 42.403595 -75.144140 with 3099.999023 accuracy
STOKE: LOC: Got location 42.418063 -75.137573 with 2799.999023 accuracy
Signal: Info:WCDMA dBM:-113 level:0
ETask 1: Configuration:0 Energy:8.80 Power:8.80 Reward:8.80 Time:5030
STOKE: LOC: Got location 42.412254 -75.136843 with 2299.999023 accuracy
Signal: Info:WCDMA dBM:-113 level:0
ETask 2: Configuration:0 Energy:11.90 Power:11.90 Reward:11.90 Time:5016
STOKE: LOC: Got location 42.412254 -75.136843 with 2299.999023 accuracy
ETask 3: Configuration:0 Energy:12.30 Power:12.30 Reward:12.30 Time:5020
Signal: Info:WCDMA dBM:-109 level:0
ETask 4: Configuration:0 Energy:2.30 Power:2.30 Reward:2.30 Time:5029
STOKE: LOC: Got location 42.452259 -75.055456 with 2799.999023 accuracy
Signal: Info:WCDMA dBM:-95 level:3
ETask 5: Configuration:0 Energy:0.10 Power:0.10 Reward:0.10 Time:5009
STOKE: LOC: Got location 42.452259 -75.055456 with 2799.999023 accuracy
Signal: Info:WCDMA dBM:-93 level:3
ETask 6: Configuration:0 Energy:4.30 Power:4.30 Reward:4.30 Time:5021
STOKE: LOC: Got location 42.452259 -75.055456 with 2799.999023 accuracy
Signal: Info:WCDMA dBM:-101 level:2
ETask 7: Configuration:0 Energy:0.90 Power:0.90 Reward:0.90 Time:5014
STOKE: LOC: Got location 42.452259 -75.055456 with 2799.999023 accuracy
Signal: Info:WCDMA dBM:-113 level:0
ETask 8: Configuration:0 Energy:0.70 Power:0.70 Reward:0.70 Time:5025
STOKE: LOC: Got location 42.452259 -75.055456 with 2799.999023 accuracy
Signal: Info:LTE dBM:-103 level:3
ETask 9: Configuration:0 Energy:0.60 Power:0.60 Reward:0.60 Time:5019
STOKE: LOC: Got location 42.452744 -75.059107 with 2599.999023 accuracy
Signal: Info:LTE dBM:-106 level:2
ETask 10: Configuration:0 Energy:0.20 Power:0.20 Reward:0.20 Time:5030
STOKE: LOC: Got location 42.451349 -75.057647 with 2599.999023 accuracy
Signal: Info:LTE dBM:-111 level:2
ETask 11: Configuration:0 Energy:0.80 Power:0.80 Reward:0.80 Time:5032
STOKE: LOC: Got location 42.451349 -75.057647 with 2599.999023 accuracy
ERun: Reward:42.90 PostConfigReward:0.00 Time:57177
==RUN-4==
Signal: Info:LTE dBM:-115 level:2
STOKE: LOC: Got location 42.453142 -75.059837 with 2500.000000 accuracy
STOKE: LOC: Got location 42.453142 -75.059837 with 2500.000000 accuracy
Signal: Info:LTE dBM:-116 level:1
ETask 1: Configuration:0 Energy:5.00 Power:5.00 Reward:5.00 Time:5034
STOKE: LOC: Got location 42.453142 -75.059837 with 2500.000000 accuracy
Signal: Info:LTE dBM:-116 level:1
ETask 2: Configuration:0 Energy:8.80 Power:8.80 Reward:8.80 Time:5021
STOKE: LOC: Got location 42.453142 -75.059837 with 2500.000000 accuracy
Signal: Info:LTE dBM:-118 level:1
ETask 3: Configuration:0 Energy:9.80 Power:9.80 Reward:9.80 Time:5025
STOKE: LOC: Got location 42.453142 -75.059837 with 2500.000000 accuracy
Signal: Info:LTE dBM:-110 level:2
ETask 4: Configuration:0 Energy:0.90 Power:0.90 Reward:0.90 Time:5036
Signal: Info:LTE dBM:-116 level:1
ETask 5: Configuration:0 Energy:0.00 Power:0.00 Reward:0.00 Time:5025
STOKE: LOC: Got location 42.445337 -75.102906 with 2599.999023 accuracy
Signal: Info:LTE dBM:-112 level:2
ETask 6: Configuration:0 Energy:1.10 Power:1.10 Reward:1.10 Time:5031
STOKE: LOC: Got location 42.445337 -75.102906 with 2599.999023 accuracy
Signal: Info:LTE dBM:-115 level:2
ETask 7: Configuration:0 Energy:0.70 Power:0.70 Reward:0.70 Time:5044
STOKE: LOC: Got location 42.441399 -75.109475 with 2299.999023 accuracy
Signal: Info:LTE dBM:-118 level:1
ETask 8: Configuration:0 Energy:0.40 Power:0.40 Reward:0.40 Time:5036
STOKE: LOC: Got location 42.445337 -75.102906 with 2599.999023 accuracy
Signal: Info:LTE dBM:-118 level:1
ETask 9: Configuration:0 Energy:0.60 Power:0.60 Reward:0.60 Time:5034
STOKE: LOC: Got location 42.445337 -75.102906 with 2599.999023 accuracy
Signal: Info:LTE dBM:-115 level:2
ETask 10: Configuration:0 Energy:0.40 Power:0.40 Reward:0.40 Time:5032
STOKE: LOC: Got location 42.445337 -75.102906 with 2599.999023 accuracy
Signal: Info:LTE dBM:-109 level:2
ETask 11: Configuration:0 Energy:0.40 Power:0.40 Reward:0.40 Time:5030
STOKE: LOC: Got location 42.445337 -75.102906 with 2599.999023 accuracy
ERun: Reward:28.10 PostConfigReward:0.00 Time:57140
==RUN-5==
Signal: Info:LTE dBM:-98 level:3
STOKE: LOC: Got location 42.449088 -75.104001 with 1799.999023 accuracy
STOKE: LOC: Got location 42.449088 -75.104001 with 1799.999023 accuracy
Signal: Info:LTE dBM:-86 level:4
ETask 1: Configuration:0 Energy:4.50 Power:4.50 Reward:4.50 Time:5037
STOKE: LOC: Got location 42.449088 -75.104001 with 1799.999023 accuracy
Signal: Info:LTE dBM:-87 level:4
ETask 2: Configuration:0 Energy:8.40 Power:8.40 Reward:8.40 Time:5011
STOKE: LOC: Got location 42.445337 -75.102906 with 2599.999023 accuracy
Signal: Info:LTE dBM:-83 level:4
ETask 3: Configuration:0 Energy:9.40 Power:9.40 Reward:9.40 Time:5029
STOKE: LOC: Got location 42.445337 -75.102906 with 2599.999023 accuracy
Signal: Info:LTE dBM:-84 level:4
ETask 4: Configuration:0 Energy:0.90 Power:0.90 Reward:0.90 Time:5032
STOKE: LOC: Got location 42.449088 -75.104001 with 1799.999023 accuracy
Signal: Info:LTE dBM:-87 level:4
ETask 5: Configuration:0 Energy:1.50 Power:1.50 Reward:1.50 Time:5042
STOKE: LOC: Got location 42.449088 -75.104001 with 1799.999023 accuracy
Signal: Info:LTE dBM:-103 level:3
ETask 6: Configuration:0 Energy:0.80 Power:0.80 Reward:0.80 Time:5036
STOKE: LOC: Got location 42.451349 -75.057647 with 2599.999023 accuracy
Signal: Info:LTE dBM:-104 level:3
ETask 7: Configuration:0 Energy:0.80 Power:0.80 Reward:0.80 Time:5036
STOKE: LOC: Got location 42.451349 -75.057647 with 2599.999023 accuracy
Signal: Info:LTE dBM:-91 level:4
ETask 8: Configuration:0 Energy:0.50 Power:0.50 Reward:0.50 Time:5032
STOKE: LOC: Got location 42.451349 -75.057647 with 2599.999023 accuracy
Signal: Info:LTE dBM:-101 level:3
ETask 9: Configuration:0 Energy:0.80 Power:0.80 Reward:0.80 Time:5036
STOKE: LOC: Got location 42.451349 -75.057647 with 2599.999023 accuracy
Signal: Info:LTE dBM:-102 level:3
ETask 10: Configuration:0 Energy:0.70 Power:0.70 Reward:0.70 Time:5014
STOKE: LOC: Got location 42.452841 -75.059837 with 1200.000000 accuracy
Signal: Info:LTE dBM:-103 level:3
ETask 11: Configuration:0 Energy:2.00 Power:2.00 Reward:2.00 Time:5030
STOKE: LOC: Got location 42.451349 -75.057647 with 2599.999023 accuracy
ERun: Reward:30.30 PostConfigReward:0.00 Time:57190
==RUN-6==
Signal: Info:LTE dBM:-107 level:2
STOKE: LOC: Got location 42.451349 -75.057647 with 2599.999023 accuracy
STOKE: LOC: Got location 42.452744 -75.059107 with 2599.999023 accuracy
Signal: Info:LTE dBM:-106 level:2
ETask 1: Configuration:0 Energy:5.30 Power:5.30 Reward:5.30 Time:5036
STOKE: LOC: Got location 42.451349 -75.057647 with 2599.999023 accuracy
Signal: Info:LTE dBM:-105 level:3
ETask 2: Configuration:0 Energy:8.60 Power:8.60 Reward:8.60 Time:5016
STOKE: LOC: Got location 42.451349 -75.057647 with 2599.999023 accuracy
Signal: Info:LTE dBM:-110 level:2
ETask 3: Configuration:0 Energy:7.50 Power:7.50 Reward:7.50 Time:5026
STOKE: LOC: Got location 42.451349 -75.057647 with 2599.999023 accuracy
Signal: Info:LTE dBM:-112 level:2
ETask 4: Configuration:0 Energy:0.70 Power:0.70 Reward:0.70 Time:5031
STOKE: LOC: Got location 42.451349 -75.057647 with 2599.999023 accuracy
Signal: Info:LTE dBM:-109 level:2
ETask 5: Configuration:0 Energy:0.80 Power:0.80 Reward:0.80 Time:5036
STOKE: LOC: Got location 42.451349 -75.057647 with 2599.999023 accuracy
Signal: Info:LTE dBM:-107 level:2
ETask 6: Configuration:0 Energy:0.80 Power:0.80 Reward:0.80 Time:5038
STOKE: LOC: Got location 42.451349 -75.057647 with 2599.999023 accuracy
Signal: Info:LTE dBM:-106 level:2
ETask 7: Configuration:0 Energy:0.80 Power:0.80 Reward:0.80 Time:5036
STOKE: LOC: Got location 42.451349 -75.057647 with 2599.999023 accuracy
Signal: Info:LTE dBM:-94 level:4
ETask 8: Configuration:0 Energy:0.40 Power:0.40 Reward:0.40 Time:5033
STOKE: LOC: Got location 42.451349 -75.057647 with 2599.999023 accuracy
Signal: Info:LTE dBM:-98 level:3
ETask 9: Configuration:0 Energy:0.80 Power:0.80 Reward:0.80 Time:5031
STOKE: LOC: Got location 42.451349 -75.057647 with 2599.999023 accuracy
Signal: Info:LTE dBM:-111 level:2
ETask 10: Configuration:0 Energy:0.80 Power:0.80 Reward:0.80 Time:5033
STOKE: LOC: Got location 42.451349 -75.057647 with 2599.999023 accuracy
Signal: Info:LTE dBM:-105 level:3
ETask 11: Configuration:0 Energy:0.70 Power:0.70 Reward:0.70 Time:5039
STOKE: LOC: Got location 42.451349 -75.057647 with 2599.999023 accuracy
ERun: Reward:27.20 PostConfigReward:0.00 Time:57081
==RUN-7==
Signal: Info:LTE dBM:-87 level:4
STOKE: LOC: Got location 42.451349 -75.057647 with 2599.999023 accuracy
STOKE: LOC: Got location 42.451349 -75.057647 with 2599.999023 accuracy
Signal: Info:LTE dBM:-90 level:4
ETask 1: Configuration:0 Energy:3.50 Power:3.50 Reward:3.50 Time:5039
STOKE: LOC: Got location 42.451349 -75.057647 with 2599.999023 accuracy
Signal: Info:LTE dBM:-93 level:4
ETask 2: Configuration:0 Energy:8.40 Power:8.40 Reward:8.40 Time:5016
STOKE: LOC: Got location 42.451349 -75.057647 with 2599.999023 accuracy
Signal: Info:LTE dBM:-90 level:4
ETask 3: Configuration:0 Energy:9.00 Power:9.00 Reward:9.00 Time:5029
STOKE: LOC: Got location 42.451349 -75.057647 with 2599.999023 accuracy
Signal: Info:LTE dBM:-89 level:4
ETask 4: Configuration:0 Energy:0.80 Power:0.80 Reward:0.80 Time:5033
STOKE: LOC: Got location 42.451349 -75.057647 with 2599.999023 accuracy
Signal: Info:LTE dBM:-87 level:4
ETask 5: Configuration:0 Energy:0.90 Power:0.90 Reward:0.90 Time:5027
STOKE: LOC: Got location 42.451349 -75.057647 with 2599.999023 accuracy
Signal: Info:LTE dBM:-84 level:4
ETask 6: Configuration:0 Energy:1.00 Power:1.00 Reward:1.00 Time:5032
STOKE: LOC: Got location 42.451349 -75.057647 with 2599.999023 accuracy
Signal: Info:LTE dBM:-100 level:3
ETask 7: Configuration:0 Energy:1.10 Power:1.10 Reward:1.10 Time:5017
STOKE: LOC: Got location 42.451349 -75.057647 with 2599.999023 accuracy
Signal: Info:LTE dBM:-97 level:3
ETask 8: Configuration:0 Energy:3.90 Power:3.90 Reward:3.90 Time:5034
STOKE: LOC: Got location 42.451349 -75.057647 with 2599.999023 accuracy
Signal: Info:LTE dBM:-99 level:3
ETask 9: Configuration:0 Energy:0.80 Power:0.80 Reward:0.80 Time:5033
STOKE: LOC: Got location 42.451349 -75.057647 with 2599.999023 accuracy
Signal: Info:LTE dBM:-105 level:3
ETask 10: Configuration:0 Energy:1.00 Power:1.00 Reward:1.00 Time:5032
STOKE: LOC: Got location 42.451349 -75.057647 with 2599.999023 accuracy
Signal: Info:LTE dBM:-91 level:4
ETask 11: Configuration:0 Energy:0.50 Power:0.50 Reward:0.50 Time:5036
STOKE: LOC: Got location 42.451085 -75.048885 with 2700.000000 accuracy
ERun: Reward:30.90 PostConfigReward:0.00 Time:57191
==RUN-8==
Signal: Info:LTE dBM:-103 level:3
STOKE: LOC: Got location 42.460632 -75.014565 with 2599.999023 accuracy
STOKE: LOC: Got location 42.452569 -75.053266 with 3000.000000 accuracy
Signal: Info:LTE dBM:-96 level:3
ETask 1: Configuration:0 Energy:3.30 Power:3.30 Reward:3.30 Time:5044
STOKE: LOC: Got location 42.448673 -75.051076 with 1700.000000 accuracy
Signal: Info:LTE dBM:-94 level:4
ETask 2: Configuration:0 Energy:8.30 Power:8.30 Reward:8.30 Time:5014
STOKE: LOC: Got location 42.448673 -75.051076 with 1700.000000 accuracy
Signal: Info:LTE dBM:-101 level:3
ETask 3: Configuration:0 Energy:9.10 Power:9.10 Reward:9.10 Time:5034
STOKE: LOC: Got location 42.448673 -75.051076 with 1700.000000 accuracy
Signal: Info:LTE dBM:-109 level:2
ETask 4: Configuration:0 Energy:0.40 Power:0.40 Reward:0.40 Time:5043
STOKE: LOC: Got location 42.460632 -75.014565 with 2599.999023 accuracy
Signal: Info:LTE dBM:-102 level:3
ETask 5: Configuration:0 Energy:0.50 Power:0.50 Reward:0.50 Time:5033
STOKE: LOC: Got location 42.452569 -75.053266 with 3000.000000 accuracy
Signal: Info:LTE dBM:-109 level:2
ETask 6: Configuration:0 Energy:0.30 Power:0.30 Reward:0.30 Time:5033
STOKE: LOC: Got location 42.452569 -75.053266 with 3000.000000 accuracy
Signal: Info:LTE dBM:-102 level:3
ETask 7: Configuration:0 Energy:0.80 Power:0.80 Reward:0.80 Time:5035
STOKE: LOC: Got location 42.456024 -75.040854 with 3099.999023 accuracy
Signal: Info:LTE dBM:-104 level:3
ETask 8: Configuration:0 Energy:0.30 Power:0.30 Reward:0.30 Time:5029
STOKE: LOC: Got location 42.449941 -75.047060 with 1299.999023 accuracy
Signal: Info:LTE dBM:-91 level:4
ETask 9: Configuration:0 Energy:0.30 Power:0.30 Reward:0.30 Time:5030
STOKE: LOC: Got location 42.460632 -75.014565 with 2599.999023 accuracy
Signal: Info:LTE dBM:-95 level:4
ETask 10: Configuration:0 Energy:0.40 Power:0.40 Reward:0.40 Time:5030
STOKE: LOC: Got location 42.460632 -75.014565 with 2599.999023 accuracy
Signal: Info:LTE dBM:-103 level:3
ETask 11: Configuration:0 Energy:0.30 Power:0.30 Reward:0.30 Time:5031
STOKE: LOC: Got location 42.460632 -75.014565 with 2599.999023 accuracy
ERun: Reward:24.00 PostConfigReward:0.00 Time:57300
==RUN-9==
Signal: Info:LTE dBM:-107 level:2
STOKE: LOC: Got location 42.447887 -75.047425 with 1399.999023 accuracy
STOKE: LOC: Got location 42.461273 -75.017121 with 3500.000000 accuracy
Signal: Info:LTE dBM:-91 level:4
ETask 1: Configuration:0 Energy:3.40 Power:3.40 Reward:3.40 Time:5042
STOKE: LOC: Got location 42.456024 -75.040854 with 3099.999023 accuracy
Signal: Info:LTE dBM:-2147483647 level:1
ETask 2: Configuration:0 Energy:7.70 Power:7.70 Reward:7.70 Time:5013
Signal: Info:LTE dBM:-114 level:2
ETask 3: Configuration:0 Energy:6.70 Power:6.70 Reward:6.70 Time:5026
STOKE: LOC: Got location 42.460632 -75.014565 with 2599.999023 accuracy
Signal: Info:LTE dBM:-99 level:3
ETask 4: Configuration:0 Energy:0.60 Power:0.60 Reward:0.60 Time:5028
STOKE: LOC: Got location 42.460632 -75.014565 with 2599.999023 accuracy
Signal: Info:LTE dBM:-110 level:2
ETask 5: Configuration:0 Energy:0.80 Power:0.80 Reward:0.80 Time:5040
STOKE: LOC: Got location 42.460632 -75.014565 with 2599.999023 accuracy
Signal: Info:LTE dBM:-111 level:2
ETask 6: Configuration:0 Energy:0.30 Power:0.30 Reward:0.30 Time:5029
STOKE: LOC: Got location 42.460632 -75.014565 with 2599.999023 accuracy
Signal: Info:LTE dBM:-103 level:3
ETask 7: Configuration:0 Energy:0.30 Power:0.30 Reward:0.30 Time:5030
STOKE: LOC: Got location 42.460632 -75.014565 with 2599.999023 accuracy
Signal: Info:LTE dBM:-94 level:4
ETask 8: Configuration:0 Energy:0.30 Power:0.30 Reward:0.30 Time:5028
STOKE: LOC: Got location 42.460632 -75.014565 with 2599.999023 accuracy
Signal: Info:LTE dBM:-94 level:4
ETask 9: Configuration:0 Energy:0.30 Power:0.30 Reward:0.30 Time:5032
STOKE: LOC: Got location 42.460632 -75.014565 with 2599.999023 accuracy
Signal: Info:LTE dBM:-101 level:3
ETask 10: Configuration:0 Energy:0.30 Power:0.30 Reward:0.30 Time:5029
STOKE: LOC: Got location 42.460632 -75.014565 with 2599.999023 accuracy
Signal: Info:LTE dBM:-110 level:2
ETask 11: Configuration:0 Energy:0.30 Power:0.30 Reward:0.30 Time:5031
STOKE: LOC: Got location 42.460632 -75.014565 with 2599.999023 accuracy
ERun: Reward:21.00 PostConfigReward:0.00 Time:56803
