==RUN-0==
Signal: Info:LTE dBM:-92 level:4
STOKE: LOC: Got location 42.085493 -76.053032 with 39.599998 accuracy
STOKE: LOC: Got location 42.086196 -76.053175 with 48.900002 accuracy
Signal: Info:LTE dBM:-90 level:4
ETask 1: Configuration:0 Energy:13.10 Power:13.10 Reward:13.10 Time:5031
Signal: Info:LTE dBM:-90 level:4
ETask 2: Configuration:0 Energy:17.70 Power:17.70 Reward:17.70 Time:5036
Signal: Info:LTE dBM:-90 level:4
ETask 3: Configuration:0 Energy:14.80 Power:14.80 Reward:14.80 Time:5030
Signal: Info:LTE dBM:-89 level:4
ETask 4: Configuration:0 Energy:10.80 Power:10.80 Reward:10.80 Time:5029
Signal: Info:LTE dBM:-91 level:4
ETask 5: Configuration:0 Energy:12.50 Power:12.50 Reward:12.50 Time:5030
Signal: Info:LTE dBM:-89 level:4
ETask 6: Configuration:0 Energy:3.30 Power:3.30 Reward:3.30 Time:5034
STOKE: LOC: Got location 42.086196 -76.053175 with 60.000000 accuracy
Signal: Info:LTE dBM:-92 level:4
ETask 7: Configuration:0 Energy:7.70 Power:7.70 Reward:7.70 Time:5030
Signal: Info:LTE dBM:-91 level:4
ETask 8: Configuration:0 Energy:8.30 Power:8.30 Reward:8.30 Time:5029
Signal: Info:LTE dBM:-93 level:4
ETask 9: Configuration:0 Energy:1.90 Power:1.90 Reward:1.90 Time:5036
Signal: Info:LTE dBM:-95 level:4
ETask 10: Configuration:0 Energy:9.40 Power:9.40 Reward:9.40 Time:5031
Signal: Info:LTE dBM:-92 level:4
ETask 11: Configuration:0 Energy:14.40 Power:14.40 Reward:14.40 Time:5028
ERun: Reward:113.90 PostConfigReward:0.00 Time:58393
==RUN-1==
Signal: Info:LTE dBM:-91 level:4
STOKE: LOC: Got location 42.086196 -76.053175 with 60.000000 accuracy
STOKE: LOC: Got location 42.085923 -76.051640 with 56.099998 accuracy
Signal: Info:LTE dBM:-92 level:4
ETask 1: Configuration:0 Energy:15.80 Power:15.80 Reward:15.80 Time:5038
Signal: Info:LTE dBM:-87 level:4
ETask 2: Configuration:0 Energy:22.10 Power:22.10 Reward:22.10 Time:5017
Signal: Info:LTE dBM:-91 level:4
ETask 3: Configuration:0 Energy:18.40 Power:18.40 Reward:18.40 Time:5012
Signal: Info:LTE dBM:-80 level:4
ETask 4: Configuration:0 Energy:18.50 Power:18.50 Reward:18.50 Time:5014
Signal: Info:LTE dBM:-85 level:4
ETask 5: Configuration:0 Energy:18.30 Power:18.30 Reward:18.30 Time:5017
Signal: Info:LTE dBM:-84 level:4
ETask 6: Configuration:0 Energy:18.10 Power:18.10 Reward:18.10 Time:5017
STOKE: LOC: Got location 42.087036 -76.047871 with 50.000000 accuracy
Signal: Info:LTE dBM:-81 level:4
ETask 7: Configuration:0 Energy:18.00 Power:18.00 Reward:18.00 Time:5017
Signal: Info:LTE dBM:-83 level:4
ETask 8: Configuration:0 Energy:17.60 Power:17.60 Reward:17.60 Time:5016
Signal: Info:LTE dBM:-83 level:4
ETask 9: Configuration:0 Energy:17.40 Power:17.40 Reward:17.40 Time:5020
Signal: Info:LTE dBM:-83 level:4
ETask 10: Configuration:0 Energy:20.80 Power:20.80 Reward:20.80 Time:5023
Signal: Info:LTE dBM:-89 level:4
ETask 11: Configuration:0 Energy:16.00 Power:16.00 Reward:16.00 Time:5020
ERun: Reward:201.00 PostConfigReward:0.00 Time:57946
==RUN-2==
Signal: Info:LTE dBM:-102 level:3
STOKE: LOC: Got location 42.088328 -76.045208 with 50.000000 accuracy
STOKE: LOC: Got location 42.088328 -76.045208 with 419.889008 accuracy
Signal: Info:LTE dBM:-103 level:3
ETask 1: Configuration:0 Energy:8.10 Power:8.10 Reward:8.10 Time:5038
Signal: Info:LTE dBM:-97 level:3
ETask 2: Configuration:0 Energy:13.10 Power:13.10 Reward:13.10 Time:5016
Signal: Info:LTE dBM:-90 level:4
ETask 3: Configuration:0 Energy:15.10 Power:15.10 Reward:15.10 Time:5018
Signal: Info:LTE dBM:-85 level:4
ETask 4: Configuration:0 Energy:19.80 Power:19.80 Reward:19.80 Time:5018
Signal: Info:LTE dBM:-85 level:4
ETask 5: Configuration:0 Energy:17.00 Power:17.00 Reward:17.00 Time:5022
Signal: Info:LTE dBM:-84 level:4
ETask 6: Configuration:0 Energy:16.90 Power:16.90 Reward:16.90 Time:5024
Signal: Info:LTE dBM:-97 level:3
ETask 7: Configuration:0 Energy:17.00 Power:17.00 Reward:17.00 Time:5018
Signal: Info:LTE dBM:-91 level:4
ETask 8: Configuration:0 Energy:16.90 Power:16.90 Reward:16.90 Time:5019
Signal: Info:LTE dBM:-91 level:4
ETask 9: Configuration:0 Energy:16.60 Power:16.60 Reward:16.60 Time:5016
Signal: Info:LTE dBM:-89 level:4
ETask 10: Configuration:0 Energy:16.90 Power:16.90 Reward:16.90 Time:5017
Signal: Info:LTE dBM:-84 level:4
ETask 11: Configuration:0 Energy:16.60 Power:16.60 Reward:16.60 Time:5017
STOKE: LOC: Got location 42.089975 -76.040823 with 1100.000000 accuracy
ERun: Reward:174.00 PostConfigReward:0.00 Time:57009
==RUN-3==
Signal: Info:LTE dBM:-103 level:3
STOKE: LOC: Got location 42.089975 -76.040823 with 1100.000000 accuracy
STOKE: LOC: Got location 42.092952 -76.037922 with 1200.000000 accuracy
Signal: Info:LTE dBM:-102 level:3
ETask 1: Configuration:0 Energy:8.30 Power:8.30 Reward:8.30 Time:5045
Signal: Info:LTE dBM:-102 level:3
ETask 2: Configuration:0 Energy:13.30 Power:13.30 Reward:13.30 Time:5019
Signal: Info:LTE dBM:-94 level:4
ETask 3: Configuration:0 Energy:15.20 Power:15.20 Reward:15.20 Time:5015
Signal: Info:LTE dBM:-96 level:3
ETask 4: Configuration:0 Energy:15.90 Power:15.90 Reward:15.90 Time:5022
Signal: Info:LTE dBM:-93 level:4
ETask 5: Configuration:0 Energy:15.10 Power:15.10 Reward:15.10 Time:5018
Signal: Info:LTE dBM:-96 level:3
ETask 6: Configuration:0 Energy:15.60 Power:15.60 Reward:15.60 Time:5043
STOKE: LOC: Got location 42.092802 -76.053877 with 3000.000000 accuracy
Signal: Info:LTE dBM:-96 level:3
ETask 7: Configuration:0 Energy:2.90 Power:2.90 Reward:2.90 Time:5021
Signal: Info:LTE dBM:-84 level:4
ETask 8: Configuration:0 Energy:8.30 Power:8.30 Reward:8.30 Time:5020
Signal: Info:LTE dBM:-101 level:3
ETask 9: Configuration:0 Energy:10.70 Power:10.70 Reward:10.70 Time:5022
Signal: Info:LTE dBM:-112 level:2
ETask 10: Configuration:0 Energy:3.10 Power:3.10 Reward:3.10 Time:5022
Signal: Info:LTE dBM:-96 level:3
ETask 11: Configuration:0 Energy:8.80 Power:8.80 Reward:8.80 Time:5020
ERun: Reward:117.20 PostConfigReward:0.00 Time:57137
==RUN-4==
Signal: Info:LTE dBM:-103 level:3
STOKE: LOC: Got location 42.099615 -76.015799 with 2700.000000 accuracy
STOKE: LOC: Got location 42.099615 -76.015799 with 2700.000000 accuracy
Signal: Info:LTE dBM:-107 level:2
ETask 1: Configuration:0 Energy:8.90 Power:8.90 Reward:8.90 Time:5047
Signal: Info:LTE dBM:-107 level:2
ETask 2: Configuration:0 Energy:13.40 Power:13.40 Reward:13.40 Time:5016
Signal: Info:LTE dBM:-97 level:3
ETask 3: Configuration:0 Energy:15.10 Power:15.10 Reward:15.10 Time:5018
Signal: Info:LTE dBM:-101 level:3
ETask 4: Configuration:0 Energy:16.00 Power:16.00 Reward:16.00 Time:5017
Signal: Info:LTE dBM:-99 level:3
ETask 5: Configuration:0 Energy:16.80 Power:16.80 Reward:16.80 Time:5021
Signal: Info:LTE dBM:-98 level:3
ETask 6: Configuration:0 Energy:16.50 Power:16.50 Reward:16.50 Time:5019
STOKE: LOC: Got location 42.092802 -76.053877 with 3000.000000 accuracy
Signal: Info:LTE dBM:-96 level:3
ETask 7: Configuration:0 Energy:16.30 Power:16.30 Reward:16.30 Time:5019
Signal: Info:LTE dBM:-95 level:4
ETask 8: Configuration:0 Energy:15.60 Power:15.60 Reward:15.60 Time:5025
Signal: Info:LTE dBM:-105 level:3
ETask 9: Configuration:0 Energy:17.20 Power:17.20 Reward:17.20 Time:5024
Signal: Info:LTE dBM:-96 level:3
ETask 10: Configuration:0 Energy:13.90 Power:13.90 Reward:13.90 Time:5018
Signal: Info:LTE dBM:-113 level:2
ETask 11: Configuration:0 Energy:14.10 Power:14.10 Reward:14.10 Time:5026
ERun: Reward:163.80 PostConfigReward:0.00 Time:57216
==RUN-5==
Signal: Info:LTE dBM:-112 level:2
STOKE: LOC: Got location 42.092802 -76.053877 with 3000.000000 accuracy
Signal: Info:LTE dBM:-109 level:2
ETask 1: Configuration:0 Energy:8.80 Power:8.80 Reward:8.80 Time:5049
Signal: Info:LTE dBM:-107 level:2
ETask 2: Configuration:0 Energy:13.00 Power:13.00 Reward:13.00 Time:5014
Signal: Info:LTE dBM:-107 level:2
ETask 3: Configuration:0 Energy:13.90 Power:13.90 Reward:13.90 Time:5012
Signal: Info:LTE dBM:-106 level:2
ETask 4: Configuration:0 Energy:14.00 Power:14.00 Reward:14.00 Time:5021
Signal: Info:LTE dBM:-106 level:2
ETask 5: Configuration:0 Energy:14.40 Power:14.40 Reward:14.40 Time:5015
Signal: Info:LTE dBM:-96 level:3
ETask 6: Configuration:0 Energy:14.20 Power:14.20 Reward:14.20 Time:5029
STOKE: LOC: Got location 42.116508 -75.988231 with 2299.999023 accuracy
Signal: Info:LTE dBM:-83 level:4
ETask 7: Configuration:0 Energy:13.80 Power:13.80 Reward:13.80 Time:5024
Signal: Info:LTE dBM:-85 level:4
ETask 8: Configuration:0 Energy:14.40 Power:14.40 Reward:14.40 Time:5023
Signal: Info:LTE dBM:-100 level:3
ETask 9: Configuration:0 Energy:14.30 Power:14.30 Reward:14.30 Time:5018
Signal: Info:LTE dBM:-96 level:3
ETask 10: Configuration:0 Energy:17.00 Power:17.00 Reward:17.00 Time:5016
Signal: Info:LTE dBM:-88 level:4
ETask 11: Configuration:0 Energy:14.40 Power:14.40 Reward:14.40 Time:5018
ERun: Reward:152.20 PostConfigReward:0.00 Time:57198
==RUN-6==
Signal: Info:LTE dBM:-81 level:4
STOKE: LOC: Got location 42.117671 -75.978072 with 2799.999023 accuracy
STOKE: LOC: Got location 42.116762 -75.978072 with 2900.000000 accuracy
Signal: Info:LTE dBM:-88 level:4
ETask 1: Configuration:0 Energy:6.40 Power:6.40 Reward:6.40 Time:5042
Signal: Info:LTE dBM:-86 level:4
ETask 2: Configuration:0 Energy:14.50 Power:14.50 Reward:14.50 Time:5020
Signal: Info:LTE dBM:-80 level:4
ETask 3: Configuration:0 Energy:14.00 Power:14.00 Reward:14.00 Time:5017
Signal: Info:LTE dBM:-89 level:4
ETask 4: Configuration:0 Energy:8.60 Power:8.60 Reward:8.60 Time:5020
Signal: Info:LTE dBM:-83 level:4
ETask 5: Configuration:0 Energy:5.90 Power:5.90 Reward:5.90 Time:5015
Signal: Info:LTE dBM:-87 level:4
ETask 6: Configuration:0 Energy:10.20 Power:10.20 Reward:10.20 Time:5016
STOKE: LOC: Got location 42.122244 -75.966100 with 1100.000000 accuracy
Signal: Info:LTE dBM:-85 level:4
ETask 7: Configuration:0 Energy:11.80 Power:11.80 Reward:11.80 Time:5017
Signal: Info:LTE dBM:-94 level:4
ETask 8: Configuration:0 Energy:12.60 Power:12.60 Reward:12.60 Time:5014
Signal: Info:LTE dBM:-96 level:3
ETask 9: Configuration:0 Energy:13.40 Power:13.40 Reward:13.40 Time:5030
Signal: Info:LTE dBM:-95 level:4
ETask 10: Configuration:0 Energy:15.10 Power:15.10 Reward:15.10 Time:5013
Signal: Info:LTE dBM:-85 level:4
ETask 11: Configuration:0 Energy:11.70 Power:11.70 Reward:11.70 Time:5023
ERun: Reward:124.20 PostConfigReward:0.00 Time:57198
==RUN-7==
Signal: Info:LTE dBM:-99 level:3
STOKE: LOC: Got location 42.117621 -75.950860 with 1100.000000 accuracy
STOKE: LOC: Got location 42.120877 -75.952674 with 2500.000000 accuracy
Signal: Info:LTE dBM:-94 level:4
ETask 1: Configuration:0 Energy:3.70 Power:3.70 Reward:3.70 Time:5051
Signal: Info:LTE dBM:-97 level:3
ETask 2: Configuration:0 Energy:8.70 Power:8.70 Reward:8.70 Time:5024
Signal: Info:LTE dBM:-93 level:4
ETask 3: Configuration:0 Energy:13.10 Power:13.10 Reward:13.10 Time:5012
Signal: Info:LTE dBM:-103 level:3
ETask 4: Configuration:0 Energy:11.00 Power:11.00 Reward:11.00 Time:5027
Signal: Info:LTE dBM:-90 level:4
ETask 5: Configuration:0 Energy:10.80 Power:10.80 Reward:10.80 Time:5018
Signal: Info:LTE dBM:-92 level:4
ETask 6: Configuration:0 Energy:11.30 Power:11.30 Reward:11.30 Time:5019
STOKE: LOC: Got location 42.115614 -75.939610 with 3200.000000 accuracy
Signal: Info:LTE dBM:-94 level:4
ETask 7: Configuration:0 Energy:10.50 Power:10.50 Reward:10.50 Time:5011
Signal: Info:LTE dBM:-95 level:4
ETask 8: Configuration:0 Energy:6.50 Power:6.50 Reward:6.50 Time:5020
Signal: Info:LTE dBM:-103 level:3
ETask 9: Configuration:0 Energy:4.30 Power:4.30 Reward:4.30 Time:5016
Signal: Info:LTE dBM:-104 level:3
ETask 10: Configuration:0 Energy:6.20 Power:6.20 Reward:6.20 Time:5016
Signal: Info:LTE dBM:-102 level:3
ETask 11: Configuration:0 Energy:8.70 Power:8.70 Reward:8.70 Time:5021
ERun: Reward:94.80 PostConfigReward:0.00 Time:57136
==RUN-8==
Signal: Info:LTE dBM:-96 level:3
STOKE: LOC: Got location 42.115718 -75.942876 with 1500.000000 accuracy
STOKE: LOC: Got location 42.115563 -75.946505 with 2900.000000 accuracy
Signal: Info:LTE dBM:-103 level:3
ETask 1: Configuration:0 Energy:3.70 Power:3.70 Reward:3.70 Time:5055
Signal: Info:LTE dBM:-108 level:2
ETask 2: Configuration:0 Energy:8.60 Power:8.60 Reward:8.60 Time:5022
Signal: Info:LTE dBM:-113 level:2
ETask 3: Configuration:0 Energy:10.70 Power:10.70 Reward:10.70 Time:5019
Signal: Info:LTE dBM:-109 level:2
ETask 4: Configuration:0 Energy:13.50 Power:13.50 Reward:13.50 Time:5015
Signal: Info:LTE dBM:-100 level:3
ETask 5: Configuration:0 Energy:11.20 Power:11.20 Reward:11.20 Time:5017
Signal: Info:LTE dBM:-101 level:3
ETask 6: Configuration:0 Energy:11.40 Power:11.40 Reward:11.40 Time:5023
STOKE: LOC: Got location 42.113405 -75.900049 with 2700.000000 accuracy
Signal: Info:LTE dBM:-98 level:3
ETask 7: Configuration:0 Energy:10.60 Power:10.60 Reward:10.60 Time:5012
Signal: Info:LTE dBM:-93 level:4
ETask 8: Configuration:0 Energy:11.60 Power:11.60 Reward:11.60 Time:5013
Signal: Info:LTE dBM:-97 level:3
ETask 9: Configuration:0 Energy:11.80 Power:11.80 Reward:11.80 Time:5015
Signal: Info:LTE dBM:-95 level:4
ETask 10: Configuration:0 Energy:10.60 Power:10.60 Reward:10.60 Time:5022
Signal: Info:LTE dBM:-108 level:2
ETask 11: Configuration:0 Energy:9.50 Power:9.50 Reward:9.50 Time:5020
ERun: Reward:113.20 PostConfigReward:0.00 Time:57119
==RUN-9==
Signal: Info:LTE dBM:-99 level:3
STOKE: LOC: Got location 42.105191 -75.902227 with 1200.000000 accuracy
STOKE: LOC: Got location 42.113405 -75.900049 with 2700.000000 accuracy
Signal: Info:LTE dBM:-104 level:3
ETask 1: Configuration:0 Energy:5.50 Power:5.50 Reward:5.50 Time:5045
Signal: Info:LTE dBM:-102 level:3
ETask 2: Configuration:0 Energy:9.40 Power:9.40 Reward:9.40 Time:5022
Signal: Info:LTE dBM:-98 level:3
ETask 3: Configuration:0 Energy:10.30 Power:10.30 Reward:10.30 Time:5018
Signal: Info:LTE dBM:-101 level:3
ETask 4: Configuration:0 Energy:1.90 Power:1.90 Reward:1.90 Time:5020
Signal: Info:LTE dBM:-111 level:2
ETask 5: Configuration:0 Energy:6.50 Power:6.50 Reward:6.50 Time:5013
Signal: Info:LTE dBM:-92 level:4
ETask 6: Configuration:0 Energy:7.40 Power:7.40 Reward:7.40 Time:5016
STOKE: LOC: Got location 42.113405 -75.900049 with 2700.000000 accuracy
Signal: Info:LTE dBM:-95 level:4
ETask 7: Configuration:0 Energy:8.40 Power:8.40 Reward:8.40 Time:5020
Signal: Info:LTE dBM:-102 level:3
ETask 8: Configuration:0 Energy:8.20 Power:8.20 Reward:8.20 Time:5018
Signal: Info:LTE dBM:-99 level:3
ETask 9: Configuration:0 Energy:8.70 Power:8.70 Reward:8.70 Time:5020
Signal: Info:LTE dBM:-100 level:3
ETask 10: Configuration:0 Energy:8.70 Power:8.70 Reward:8.70 Time:5014
Signal: Info:LTE dBM:-96 level:3
ETask 11: Configuration:0 Energy:8.00 Power:8.00 Reward:8.00 Time:5013
ERun: Reward:83.00 PostConfigReward:0.00 Time:57143
