==RUN 0==
Bandit Runs:1 Tasks-in-Run:100
Self-Optimizer Rounds:0 Tasks-in-Round:0
Continuous Knob Rounds:Inf Tasks-in-Round:0
STOKE: Start Bat: 0.630000
ETask 1-1: Configuration:0 Energy:31.633605217895997 Reward:18.319899611853785 Raw:11.680100388146213 Time:32524 TotalReward:31.633605217895997
ETask 2-2: Configuration:1 Energy:36.12080689056 Reward:16.663086686562462 Raw:13.336913313437538 Time:32542 TotalReward:67.754412108456
ETask 3-3: Configuration:2 Energy:44.456954466743994 Reward:13.585124504586837 Raw:16.414875495413163 Time:32540 TotalReward:112.21136657519999
ETask 4-4: Configuration:3 Energy:74.33855749439999 Reward:2.5519172328369244 Raw:27.448082767163076 Time:32538 TotalReward:186.54992406959997
ETask 5-5: Configuration:4 Energy:80.22446206963198 Reward:0.37866015890512017 Raw:29.62133984109488 Time:32529 TotalReward:266.774386139232
ETask 6-6: Configuration:5 Energy:36.93682312788 Reward:16.361788383552003 Raw:13.638211616447999 Time:32578 TotalReward:303.711209267112
ETask 7-7: Configuration:6 Energy:37.941130592508 Reward:15.9909671658432 Raw:14.0090328341568 Time:32549 TotalReward:341.65233985962
ETask 8-8: Configuration:7 Energy:37.621453212378 Reward:16.109001890814277 Raw:13.890998109185723 Time:32559 TotalReward:379.273793071998
ETask 9-9: Configuration:8 Energy:84.810247163964 Reward:-1.3145527990020902 Raw:31.31455279900209 Time:32541 TotalReward:464.084040235962
ETask 10-10: Configuration:9 Energy:99.82640506594001 Reward:-6.858980332039394 Raw:36.858980332039394 Time:32535 TotalReward:563.910445301902
ETask 11-11: Configuration:10 Energy:54.283851191241006 Reward:9.956731867849477 Raw:20.043268132150523 Time:32544 TotalReward:618.1942964931429
ETask 12-12: Configuration:11 Energy:48.929956611263 Reward:11.933554481995195 Raw:18.066445518004805 Time:32548 TotalReward:667.124253104406
ETask 13-13: Configuration:12 Energy:49.070557965183994 Reward:11.881640135932063 Raw:18.118359864067937 Time:32562 TotalReward:716.19481106959
ETask 14-14: Configuration:13 Energy:38.934460241544 Reward:15.624199295429907 Raw:14.375800704570093 Time:32524 TotalReward:755.129271311134
ETask 15-15: Configuration:14 Energy:35.928117179136 Reward:16.7342336569344 Raw:13.265766343065602 Time:32540 TotalReward:791.05738849027
ETask 16-16: Configuration:15 Energy:42.372720253864 Reward:14.354687906265598 Raw:15.645312093734402 Time:32548 TotalReward:833.430108744134
ETask 17-17: Configuration:16 Energy:82.40250223082401 Reward:-0.42553928522732676 Raw:30.425539285227327 Time:32542 TotalReward:915.832610974958
ETask 18-18: Configuration:17 Energy:82.56252828672001 Reward:-0.48462582894277517 Raw:30.484625828942775 Time:32540 TotalReward:998.395139261678
ETask 19-19: Configuration:18 Energy:41.8653623764 Reward:14.542020045636924 Raw:15.457979954363076 Time:32532 TotalReward:1040.260501638078
ETask 20-20: Configuration:19 Energy:87.1154326368 Reward:-2.1656982043569286 Raw:32.16569820435693 Time:32536 TotalReward:1127.375934274878
ETask 21-21: Configuration:8 Energy:41.37928048377599 Reward:14.721496436759631 Raw:15.278503563240369 Time:32552 TotalReward:1168.7552147586541
ETask 22-22: Configuration:7 Energy:36.285753394396004 Reward:16.602183362069166 Raw:13.397816637930834 Time:32544 TotalReward:1205.04096815305
ETask 23-23: Configuration:4 Energy:33.565745097456 Reward:17.6064941178624 Raw:12.3935058821376 Time:32566 TotalReward:1238.6067132505061
ETask 24-24: Configuration:9 Energy:66.23899122656401 Reward:5.542526316345594 Raw:24.457473683654406 Time:32528 TotalReward:1304.84570447707
ETask 25-25: Configuration:10 Energy:43.873849308509996 Reward:13.800424870704003 Raw:16.199575129295997 Time:32539 TotalReward:1348.71955378558
ETask 26-26: Configuration:1 Energy:31.283400152627998 Reward:18.4492060974912 Raw:11.550793902508799 Time:32577 TotalReward:1380.002953938208
ETask 27-27: Configuration:19 Energy:80.89006652461798 Reward:0.13289851398720387 Raw:29.867101486012796 Time:32532 TotalReward:1460.8930204628261
ETask 28-28: Configuration:15 Energy:39.567280595309995 Reward:15.390542549424001 Raw:14.609457450575999 Time:32570 TotalReward:1500.460301058136
ETask 29-29: Configuration:19 Energy:84.82623642674999 Reward:-1.3204565267999904 Raw:31.32045652679999 Time:32531 TotalReward:1585.2865374848861
ETask 30-30: Configuration:18 Energy:40.91631833172 Reward:14.892436308288001 Raw:15.107563691711999 Time:32552 TotalReward:1626.2028558166062
ETask 31-31: Configuration:16 Energy:79.94676239104498 Reward:0.4811954248449304 Raw:29.51880457515507 Time:32542 TotalReward:1706.1496182076512
ETask 32-32: Configuration:17 Energy:43.414891440525 Reward:13.969886237344618 Raw:16.030113762655382 Time:32535 TotalReward:1749.5645096481762
ETask 33-33: Configuration:11 Energy:35.94305703483 Reward:16.728717402524307 Raw:13.271282597475693 Time:32538 TotalReward:1785.5075666830062
ETask 34-34: Configuration:1 Energy:33.587978716215 Reward:17.59828478170523 Raw:12.401715218294767 Time:32573 TotalReward:1819.0955453992212
ETask 35-35: Configuration:16 Energy:38.738834050950004 Reward:15.696430504264614 Raw:14.303569495735386 Time:32530 TotalReward:1857.8343794501711
ETask 36-36: Configuration:9 Energy:42.82106105475 Reward:14.189146687476928 Raw:15.810853312523072 Time:32533 TotalReward:1900.6554405049212
ETask 37-37: Configuration:13 Energy:87.41989574933999 Reward:-2.278115353602459 Raw:32.27811535360246 Time:32530 TotalReward:1988.0753362542612
ETask 38-38: Configuration:0 Energy:50.06600774603999 Reward:11.514089447616001 Raw:18.485910552384 Time:32571 TotalReward:2038.1413440003012
ETask 39-39: Configuration:19 Energy:103.64146218034799 Reward:-8.26761680505156 Raw:38.26761680505156 Time:32534 TotalReward:2141.782806180649
ETask 40-40: Configuration:9 Energy:95.74151189047198 Reward:-5.350712082635809 Raw:35.35071208263581 Time:32529 TotalReward:2237.524318071121
ETask 41-41: Configuration:9 Energy:84.43932408701401 Reward:-1.1775965859744062 Raw:31.177596585974406 Time:32508 TotalReward:2321.963642158135
ETask 42-42: Configuration:11 Energy:33.725195895152 Reward:17.547619977174648 Raw:12.452380022825354 Time:32523 TotalReward:2355.688838053287
ETask 43-43: Configuration:9 Energy:39.726046621008 Reward:15.331921247627813 Raw:14.668078752372187 Time:32542 TotalReward:2395.414884674295
ETask 44-44: Configuration:3 Energy:33.86530553522999 Reward:17.495887186992004 Raw:12.504112813007996 Time:32526 TotalReward:2429.2801902095252
ETask 45-45: Configuration:5 Energy:36.021654402399996 Reward:16.699696836036924 Raw:13.300303163963076 Time:32561 TotalReward:2465.3018446119254
ETask 46-46: Configuration:2 Energy:30.775843199879997 Reward:18.63661174158277 Raw:11.36338825841723 Time:32540 TotalReward:2496.0776878118054
ETask 47-47: Configuration:14 Energy:31.185550876059995 Reward:18.485335061147076 Raw:11.514664938852922 Time:32524 TotalReward:2527.2632386878654
ETask 48-48: Configuration:14 Energy:37.442391131898 Reward:16.17511712052997 Raw:13.82488287947003 Time:32510 TotalReward:2564.7056298197635
ETask 49-49: Configuration:19 Energy:105.20795538959999 Reward:-8.84601429769846 Raw:38.84601429769846 Time:32543 TotalReward:2669.9135852093636
ETask 50-50: Configuration:9 Energy:87.725434224148 Reward:-2.390929559685418 Raw:32.39092955968542 Time:32548 TotalReward:2757.6390194335117
ETask 51-51: Configuration:9 Energy:44.835564408978 Reward:13.445330064377355 Raw:16.554669935622645 Time:32507 TotalReward:2802.4745838424897
ETask 52-52: Configuration:9 Energy:47.21643080657999 Reward:12.566240932955079 Raw:17.43375906704492 Time:32511 TotalReward:2849.6910146490695
ETask 53-53: Configuration:19 Energy:84.53892116493599 Reward:-1.214370891668672 Raw:31.214370891668672 Time:32544 TotalReward:2934.2299358140053
ETask 54-54: Configuration:5 Energy:42.17952071656399 Reward:14.426023120037907 Raw:15.573976879962093 Time:32576 TotalReward:2976.4094565305695
ETask 55-55: Configuration:4 Energy:35.888217984149996 Reward:16.74896566739077 Raw:13.251034332609228 Time:32531 TotalReward:3012.2976745147193
ETask 56-56: Configuration:19 Energy:85.72718995260001 Reward:-1.6531162901907734 Raw:31.653116290190773 Time:32536 TotalReward:3098.0248644673193
ETask 57-57: Configuration:5 Energy:48.680060572079995 Reward:12.025823788770463 Raw:17.974176211229537 Time:32578 TotalReward:3146.7049250393993
ETask 58-58: Configuration:19 Energy:108.43594388063998 Reward:-10.03788697131322 Raw:40.03788697131322 Time:32522 TotalReward:3255.1408689200393
ETask 59-59: Configuration:19 Energy:89.091293051592 Reward:-2.895246665203196 Raw:32.895246665203196 Time:32502 TotalReward:3344.2321619716313
ETask 60-60: Configuration:14 Energy:47.145988662827996 Reward:12.592250339878891 Raw:17.40774966012111 Time:32537 TotalReward:3391.3781506344594
ETask 61-61: Configuration:10 Energy:70.82443352226 Reward:3.8494399302424647 Raw:26.150560069757535 Time:32548 TotalReward:3462.2025841567192
ETask 62-62: Configuration:19 Energy:112.99294595525998 Reward:-11.720472352711383 Raw:41.72047235271138 Time:32531 TotalReward:3575.195530111979
ETask 63-63: Configuration:5 Energy:56.414067276779996 Reward:9.170190543958157 Raw:20.829809456041843 Time:32575 TotalReward:3631.609597388759
ETask 64-64: Configuration:19 Energy:101.25272085802499 Reward:-7.38562000911692 Raw:37.38562000911692 Time:32539 TotalReward:3732.862318246784
ETask 65-65: Configuration:16 Energy:41.461265007746995 Reward:14.6912252279088 Raw:15.3087747720912 Time:32552 TotalReward:3774.323583254531
ETask 66-66: Configuration:19 Energy:85.93249109631999 Reward:-1.7289197894104582 Raw:31.728919789410458 Time:32528 TotalReward:3860.256074350851
ETask 67-67: Configuration:19 Energy:82.57081834301098 Reward:-0.4876867728040608 Raw:30.48768677280406 Time:32502 TotalReward:3942.826892693862
ETask 68-68: Configuration:19 Energy:82.35109269585598 Reward:-0.4065573030852896 Raw:30.40655730308529 Time:32504 TotalReward:4025.1779853897183
ETask 69-69: Configuration:19 Energy:85.107453841648 Reward:-1.4242906492238703 Raw:31.42429064922387 Time:32506 TotalReward:4110.285439231367
ETask 70-70: Configuration:19 Energy:85.831029417936 Reward:-1.6914570158532882 Raw:31.69145701585329 Time:32504 TotalReward:4196.116468649303
ETask 71-71: Configuration:19 Energy:83.597230580304 Reward:-0.8666697527276277 Raw:30.866669752727628 Time:32503 TotalReward:4279.713699229607
ETask 72-72: Configuration:19 Energy:82.838921862103 Reward:-0.5866788413918798 Raw:30.58667884139188 Time:32508 TotalReward:4362.5526210917105
ETask 73-73: Configuration:19 Energy:84.00825238366599 Reward:-1.0184316493535945 Raw:31.018431649353595 Time:32503 TotalReward:4446.560873475377
ETask 74-74: Configuration:3 Energy:34.956050617272 Reward:17.093150541314955 Raw:12.906849458685047 Time:32544 TotalReward:4481.516924092649
ETask 75-75: Configuration:19 Energy:97.79231994480001 Reward:-6.107933518080003 Raw:36.10793351808 Time:32540 TotalReward:4579.3092440374485
ETask 76-76: Configuration:19 Energy:94.7054466176 Reward:-4.968164904959998 Raw:34.96816490496 Time:32504 TotalReward:4674.014690655048
ETask 77-77: Configuration:19 Energy:88.4472222802 Reward:-2.6574359188430776 Raw:32.65743591884308 Time:32506 TotalReward:4762.461912935248
ETask 78-78: Configuration:4 Energy:30.964145068122 Reward:18.567084897924182 Raw:11.432915102075816 Time:32550 TotalReward:4793.42605800337
ETask 79-79: Configuration:19 Energy:85.214122857626 Reward:-1.4636761320465155 Raw:31.463676132046515 Time:32527 TotalReward:4878.640180860995
ETask 80-80: Configuration:19 Energy:81.46440700048001 Reward:-0.07916566171569528 Raw:30.079165661715695 Time:32502 TotalReward:4960.104587861475
ETask 81-81: Configuration:12 Energy:31.490997260184 Reward:18.372554857778216 Raw:11.627445142221784 Time:32552 TotalReward:4991.595585121659
ETask 82-82: Configuration:19 Energy:87.583525274784 Reward:-2.3385324091510142 Raw:32.338532409151014 Time:32542 TotalReward:5079.179110396442
ETask 83-83: Configuration:19 Energy:86.99055915455999 Reward:-2.119591072452913 Raw:32.11959107245291 Time:32503 TotalReward:5166.169669551003
ETask 84-84: Configuration:19 Energy:96.260392635264 Reward:-5.542298819174391 Raw:35.54229881917439 Time:32505 TotalReward:5262.430062186267
ETask 85-85: Configuration:19 Energy:103.02108544277999 Reward:-8.03855462502645 Raw:38.03855462502645 Time:32504 TotalReward:5365.451147629046
ETask 86-86: Configuration:19 Energy:97.62497093280001 Reward:-6.046143113649229 Raw:36.04614311364923 Time:32505 TotalReward:5463.076118561847
ETask 87-87: Configuration:19 Energy:97.87336965379198 Reward:-6.13785956447704 Raw:36.13785956447704 Time:32506 TotalReward:5560.949488215639
ETask 88-88: Configuration:19 Energy:100.10865626151201 Reward:-6.963196158096743 Raw:36.96319615809674 Time:32503 TotalReward:5661.058144477151
ETask 89-89: Configuration:19 Energy:84.97531894706398 Reward:-1.3755023804543924 Raw:31.375502380454392 Time:32504 TotalReward:5746.0334634242145
ETask 90-90: Configuration:19 Energy:91.076290623488 Reward:-3.6281688455955745 Raw:33.628168845595575 Time:32503 TotalReward:5837.109754047702
ETask 91-91: Configuration:19 Energy:82.236779639888 Reward:-0.3643494054971086 Raw:30.36434940549711 Time:32503 TotalReward:5919.34653368759
ETask 92-92: Configuration:19 Energy:85.530010305687 Reward:-1.580311497484427 Raw:31.580311497484427 Time:32507 TotalReward:6004.876543993277
ETask 93-93: Configuration:19 Energy:87.268132189404 Reward:-2.22207957762609 Raw:32.22207957762609 Time:32505 TotalReward:6092.144676182681
ETask 94-94: Configuration:19 Energy:90.26040828544299 Reward:-3.3269199823174134 Raw:33.32691998231741 Time:32505 TotalReward:6182.405084468124
ETask 95-95: Configuration:19 Energy:88.36138577323199 Reward:-2.625742439347192 Raw:32.62574243934719 Time:32504 TotalReward:6270.766470241356
ETask 96-96: Configuration:19 Energy:96.93404910980999 Reward:-5.791033517468307 Raw:35.79103351746831 Time:32505 TotalReward:6367.700519351166
ETask 97-97: Configuration:19 Energy:85.429139769498 Reward:-1.5430669918146442 Raw:31.543066991814644 Time:32502 TotalReward:6453.129659120664
ETask 98-98: Configuration:19 Energy:97.38773653593601 Reward:-5.95854887480715 Raw:35.95854887480715 Time:32502 TotalReward:6550.5173956566
ETask 99-99: Configuration:19 Energy:94.92060684443399 Reward:-5.047608681021785 Raw:35.047608681021785 Time:32505 TotalReward:6645.438002501033
ETask 100-100: Configuration:19 Energy:79.964034411492 Reward:0.47481806344911703 Raw:29.525181936550883 Time:32505 TotalReward:6725.402036912526
ETask 101-101: Configuration:19 Energy:81.39344088834 Reward:-0.052962789540920596 Raw:30.05296278954092 Time:32502 TotalReward:6806.795477800865
ETask 102-102: Configuration:19 Energy:105.03209732097599 Reward:-8.781082087744984 Raw:38.781082087744984 Time:32506 TotalReward:6911.827575121842
ETask 103-103: Configuration:19 Energy:84.23942343125398 Reward:-1.1037871130783934 Raw:31.103787113078393 Time:32503 TotalReward:6996.066998553096
ETask 104-104: Configuration:19 Energy:93.67158151427999 Reward:-4.586430097580305 Raw:34.586430097580305 Time:32503 TotalReward:7089.738580067376
ETask 105-105: Configuration:19 Energy:98.955344135557 Reward:-6.537357834667198 Raw:36.5373578346672 Time:32504 TotalReward:7188.693924202933
ETask 106-106: Configuration:19 Energy:100.663618978027 Reward:-7.168105468809976 Raw:37.168105468809976 Time:32504 TotalReward:7289.35754318096
ETask 107-107: Configuration:19 Energy:105.38422842074401 Reward:-8.9110997245824 Raw:38.9110997245824 Time:32503 TotalReward:7394.741771601704
ETask 108-108: Configuration:19 Energy:99.33417600623999 Reward:-6.677234217688607 Raw:36.67723421768861 Time:32503 TotalReward:7494.075947607945
ETask 109-109: Configuration:19 Energy:114.51190024776598 Reward:-12.281317014559747 Raw:42.28131701455975 Time:32503 TotalReward:7608.587847855711
ETask 110-110: Configuration:19 Energy:144.618807984945 Reward:-23.39771371751815 Raw:53.39771371751815 Time:32505 TotalReward:7753.206655840656
ETask 111-111: Configuration:4 Energy:35.776432429542 Reward:16.79024033370757 Raw:13.209759666292431 Time:32538 TotalReward:7788.983088270198
ETask 112-112: Configuration:19 Energy:81.07118939177998 Reward:0.06602237841969938 Raw:29.9339776215803 Time:32540 TotalReward:7870.054277661978
ETask 113-113: Configuration:19 Energy:91.13093031292799 Reward:-3.6483435001580204 Raw:33.64834350015802 Time:32502 TotalReward:7961.185207974906
ETask 114-114: Configuration:19 Energy:89.19556428085798 Reward:-2.9337468113937177 Raw:32.93374681139372 Time:32502 TotalReward:8050.380772255764
ETask 115-115: Configuration:19 Energy:86.368214236528 Reward:-1.8898021796411193 Raw:31.88980217964112 Time:32504 TotalReward:8136.748986492292
ETask 116-116: Configuration:19 Energy:99.94122152796601 Reward:-6.901374102633596 Raw:36.901374102633596 Time:32504 TotalReward:8236.690208020258
ETask 117-117: Configuration:19 Energy:84.94131249228799 Reward:-1.3629461509986385 Raw:31.36294615099864 Time:32504 TotalReward:8321.631520512547
ETask 118-118: Configuration:19 Energy:101.65096447895398 Reward:-7.53266380761378 Raw:37.53266380761378 Time:32502 TotalReward:8423.282484991501
ETask 119-119: Configuration:19 Energy:92.70094407952 Reward:-4.228040890899685 Raw:34.228040890899685 Time:32507 TotalReward:8515.98342907102
ETask 120-120: Configuration:19 Energy:84.26279539147599 Reward:-1.112416759929598 Raw:31.112416759929598 Time:32502 TotalReward:8600.246224462497
ETask 121-121: Configuration:19 Energy:93.377928607348 Reward:-4.478004408866951 Raw:34.47800440886695 Time:32502 TotalReward:8693.624153069844
ERun: Time:3940408
==END-RUN 0==
==ROUND-END==
STOKE: Config: 0 - Knobs: {interval:10000 priority:104 sensor-configuration:1 batch:5 }  | -- on:2 reward:14.9170
STOKE: Config: 1 - Knobs: {interval:7750 priority:104 sensor-configuration:1 batch:5 }  | -- on:3 reward:17.5702
STOKE: Config: 2 - Knobs: {interval:5500 priority:104 sensor-configuration:1 batch:5 }  | -- on:2 reward:16.1109
STOKE: Config: 3 - Knobs: {interval:3500 priority:104 sensor-configuration:1 batch:5 }  | -- on:3 reward:12.3803
STOKE: Config: 4 - Knobs: {interval:1000 priority:104 sensor-configuration:1 batch:5 }  | -- on:5 reward:14.0183
STOKE: Config: 5 - Knobs: {interval:10000 priority:100 sensor-configuration:1 batch:5 }  | -- on:5 reward:13.7367
STOKE: Config: 6 - Knobs: {interval:7750 priority:100 sensor-configuration:1 batch:5 }  | -- on:1 reward:15.9910
STOKE: Config: 7 - Knobs: {interval:5500 priority:100 sensor-configuration:1 batch:5 }  | -- on:2 reward:16.3556
STOKE: Config: 8 - Knobs: {interval:3500 priority:100 sensor-configuration:1 batch:5 }  | -- on:2 reward:6.7035
STOKE: Config: 9 - Knobs: {interval:1000 priority:100 sensor-configuration:1 batch:5 }  | -- on:9 reward:5.0330
STOKE: Config: 10 - Knobs: {interval:10000 priority:104 sensor-configuration:1 batch:1 }  | -- on:3 reward:9.2022
STOKE: Config: 11 - Knobs: {interval:7750 priority:104 sensor-configuration:1 batch:1 }  | -- on:3 reward:15.4033
STOKE: Config: 12 - Knobs: {interval:5500 priority:104 sensor-configuration:1 batch:1 }  | -- on:2 reward:15.1271
STOKE: Config: 13 - Knobs: {interval:3500 priority:104 sensor-configuration:1 batch:1 }  | -- on:2 reward:6.6730
STOKE: Config: 14 - Knobs: {interval:1000 priority:104 sensor-configuration:1 batch:1 }  | -- on:4 reward:15.9967
STOKE: Config: 15 - Knobs: {interval:10000 priority:100 sensor-configuration:1 batch:1 }  | -- on:2 reward:14.8726
STOKE: Config: 16 - Knobs: {interval:7750 priority:100 sensor-configuration:1 batch:1 }  | -- on:4 reward:7.6108
STOKE: Config: 17 - Knobs: {interval:5500 priority:100 sensor-configuration:1 batch:1 }  | -- on:2 reward:6.7426
STOKE: Config: 18 - Knobs: {interval:3500 priority:100 sensor-configuration:1 batch:1 }  | -- on:2 reward:14.7172
STOKE: Config: 19 - Knobs: {interval:1000 priority:100 sensor-configuration:1 batch:1 }  | -- on:63 reward:-4.1675
