==RUN 0==
Bandit Runs:1 Tasks-in-Run:80
Self-Optimizer Rounds:0 Tasks-in-Round:0
Continuous Knob Rounds:Inf Tasks-in-Round:0
STOKE: Start Bat: 0.900000
ETask 1-1: Configuration:0 Energy:40.71063601152 Reward:4.968380549592611 Raw:15.031619450407389 Time:32520 TotalReward:40.71063601152
ETask 2-2: Configuration:0 Energy:44.392419688447994 Reward:3.6089527304192046 Raw:16.391047269580795 Time:32520 TotalReward:85.103055699968
ETask 3-3: Configuration:1 Energy:56.8400852992 Reward:-0.9871084181661516 Raw:20.98710841816615 Time:32553 TotalReward:141.943140999168
ETask 4-4: Configuration:1 Energy:52.632743055359995 Reward:0.5663717949440006 Raw:19.433628205056 Time:32526 TotalReward:194.575884054528
ETask 5-5: Configuration:2 Energy:71.868578791424 Reward:-6.5360906306796345 Raw:26.536090630679634 Time:32535 TotalReward:266.444462845952
ETask 6-6: Configuration:2 Energy:102.9703696384 Reward:-18.01982878956308 Raw:38.01982878956308 Time:32529 TotalReward:369.414832484352
ETask 7-7: Configuration:3 Energy:56.5134823764 Reward:-0.8665165697476915 Raw:20.86651656974769 Time:32543 TotalReward:425.92831486075204
ETask 8-8: Configuration:3 Energy:52.15527490214999 Reward:0.7426677284369276 Raw:19.257332271563072 Time:32510 TotalReward:478.083589762902
ETask 9-9: Configuration:4 Energy:51.925099047423004 Reward:0.8276557363361192 Raw:19.17234426366388 Time:32537 TotalReward:530.008688810325
ETask 10-10: Configuration:4 Energy:39.346333731124005 Reward:5.472122930046522 Raw:14.527877069953478 Time:32504 TotalReward:569.355022541449
ETask 11-11: Configuration:5 Energy:36.97704070482799 Reward:6.346938816678893 Raw:13.653061183321107 Time:32558 TotalReward:606.332063246277
ETask 12-12: Configuration:5 Energy:36.947063954052 Reward:6.3580071554269555 Raw:13.641992844573045 Time:32504 TotalReward:643.279127200329
ETask 13-13: Configuration:6 Energy:42.297160580219995 Reward:4.3825868626880045 Raw:15.617413137311996 Time:32542 TotalReward:685.5762877805489
ETask 14-14: Configuration:6 Energy:46.84858780718201 Reward:2.7020598865789545 Raw:17.297940113421046 Time:32503 TotalReward:732.4248755877309
ETask 15-15: Configuration:7 Energy:37.152972853514 Reward:6.281979254087137 Raw:13.718020745912863 Time:32555 TotalReward:769.5778484412449
ETask 16-16: Configuration:7 Energy:37.810825183949994 Reward:6.039079932080002 Raw:13.960920067919998 Time:32527 TotalReward:807.3886736251949
ETask 17-17: Configuration:8 Energy:49.309691918759995 Reward:1.7933445223040039 Raw:18.206655477695996 Time:32534 TotalReward:856.6983655439549
ETask 18-18: Configuration:8 Energy:99.45790436783999 Reward:-16.72291853581784 Raw:36.72291853581784 Time:32522 TotalReward:956.1562699117949
ETask 19-19: Configuration:9 Energy:48.440263390999995 Reward:2.1143642864000043 Raw:17.885635713599996 Time:32535 TotalReward:1004.5965333027949
ETask 20-20: Configuration:9 Energy:53.34751977119999 Reward:0.30245423832615614 Raw:19.697545761673844 Time:32503 TotalReward:1057.9440530739948
ETask 21-21: Configuration:10 Energy:44.3007191409 Reward:3.642811394129229 Raw:16.35718860587077 Time:32552 TotalReward:1102.2447722148947
ETask 22-22: Configuration:10 Energy:35.73403443576 Reward:6.805894977565536 Raw:13.194105022434464 Time:32511 TotalReward:1137.9788066506546
ETask 23-23: Configuration:11 Energy:36.699560577599996 Reward:6.449393017501542 Raw:13.550606982498458 Time:32543 TotalReward:1174.6783672282547
ETask 24-24: Configuration:11 Energy:54.42157941456 Reward:-0.09412162999138474 Raw:20.094121629991385 Time:32509 TotalReward:1229.0999466428148
ETask 25-25: Configuration:12 Energy:99.90070117823998 Reward:-16.88641274273477 Raw:36.88641274273477 Time:32533 TotalReward:1329.0006478210548
ETask 26-26: Configuration:12 Energy:63.139180482377995 Reward:-3.3129281781087947 Raw:23.312928178108795 Time:32523 TotalReward:1392.1398283034328
ETask 27-27: Configuration:13 Energy:53.90908939382399 Reward:0.09510545458806519 Raw:19.904894545411935 Time:32554 TotalReward:1446.0489176972567
ETask 28-28: Configuration:13 Energy:96.64257746015998 Reward:-15.683413216059073 Raw:35.68341321605907 Time:32504 TotalReward:1542.6914951574167
ETask 29-29: Configuration:14 Energy:90.32200592861699 Reward:-13.349663727489357 Raw:33.34966372748936 Time:32529 TotalReward:1633.0135010860338
ETask 30-30: Configuration:14 Energy:93.597237688997 Reward:-14.558980069783509 Raw:34.55898006978351 Time:32503 TotalReward:1726.6107387750308
ETask 31-31: Configuration:15 Energy:42.22258857 Reward:4.410121143384615 Raw:15.589878856615385 Time:32545 TotalReward:1768.8333273450307
ETask 32-32: Configuration:15 Energy:37.407357116899995 Reward:6.188052756836925 Raw:13.811947243163075 Time:32504 TotalReward:1806.2406844619306
ETask 33-33: Configuration:16 Energy:37.116676216677995 Reward:6.295381089226584 Raw:13.704618910773416 Time:32534 TotalReward:1843.3573606786085
ETask 34-34: Configuration:16 Energy:66.81849912589499 Reward:-4.671445831099689 Raw:24.67144583109969 Time:32502 TotalReward:1910.1758598045035
ETask 35-35: Configuration:17 Energy:37.787829872352 Reward:6.047570508670034 Raw:13.952429491329966 Time:32553 TotalReward:1947.9636896768554
ETask 36-36: Configuration:17 Energy:42.480669015912 Reward:4.3148299018171095 Raw:15.68517009818289 Time:32504 TotalReward:1990.4443586927675
ETask 37-37: Configuration:18 Energy:38.373551112416 Reward:5.8313042046464005 Raw:14.1686957953536 Time:32520 TotalReward:2028.8179098051835
ETask 38-38: Configuration:18 Energy:82.6642954746 Reward:-10.522201406006147 Raw:30.522201406006147 Time:32509 TotalReward:2111.4822052797836
ETask 39-39: Configuration:19 Energy:96.46095740705199 Reward:-15.616353504142275 Raw:35.616353504142275 Time:32528 TotalReward:2207.9431626868354
ETask 40-40: Configuration:19 Energy:97.09484245795201 Reward:-15.850403369089975 Raw:35.850403369089975 Time:32505 TotalReward:2305.0380051447873
ETask 41-41: Configuration:3 Energy:42.628290229248 Reward:4.260323607662276 Raw:15.739676392337724 Time:32570 TotalReward:2347.666295374035
ETask 42-42: Configuration:3 Energy:45.122367348828 Reward:3.3394335942788906 Raw:16.66056640572111 Time:32526 TotalReward:2392.788662722863
ETask 43-43: Configuration:3 Energy:64.084767076224 Reward:-3.6620678435288596 Raw:23.66206784352886 Time:32512 TotalReward:2456.8734297990873
ETask 44-44: Configuration:3 Energy:67.27813692494998 Reward:-4.841158249212299 Raw:24.8411582492123 Time:32508 TotalReward:2524.1515667240374
ETask 45-45: Configuration:3 Energy:68.04403704871498 Reward:-5.123952141063995 Raw:25.123952141063995 Time:32520 TotalReward:2592.1956037727523
ETask 46-46: Configuration:3 Energy:98.91998534524599 Reward:-16.524302281321596 Raw:36.524302281321596 Time:32512 TotalReward:2691.1155891179983
ETask 47-47: Configuration:3 Energy:38.236841096999996 Reward:5.881781748800002 Raw:14.118218251199998 Time:32508 TotalReward:2729.352430214998
ETask 48-48: Configuration:3 Energy:41.69099596246001 Reward:4.606401490783995 Raw:15.393598509216005 Time:32516 TotalReward:2771.043426177458
ETask 49-49: Configuration:3 Energy:51.30677732073401 Reward:1.055959143113597 Raw:18.944040856886403 Time:32508 TotalReward:2822.350203498192
ETask 50-50: Configuration:3 Energy:65.633006578815 Reward:-4.233725506024005 Raw:24.233725506024005 Time:32504 TotalReward:2887.9832100770072
ETask 51-51: Configuration:3 Energy:41.313498295602 Reward:4.745785244700798 Raw:15.254214755299202 Time:32519 TotalReward:2929.2967083726094
ETask 52-52: Configuration:3 Energy:41.29320243227399 Reward:4.753279101929602 Raw:15.246720898070398 Time:32511 TotalReward:2970.5899108048834
ETask 53-53: Configuration:3 Energy:50.550972173207995 Reward:1.335025659123204 Raw:18.664974340876796 Time:32506 TotalReward:3021.140882978091
ETask 54-54: Configuration:3 Energy:53.37760542628801 Reward:0.2913456887551966 Raw:19.708654311244803 Time:32517 TotalReward:3074.5184884043792
ETask 55-55: Configuration:3 Energy:51.958761625200005 Reward:0.8152264768492294 Raw:19.18477352315077 Time:32504 TotalReward:3126.4772500295794
ETask 56-56: Configuration:3 Energy:40.91356056067199 Reward:4.893454562213419 Raw:15.10654543778658 Time:32506 TotalReward:3167.3908105902515
ETask 57-57: Configuration:3 Energy:62.414995688320005 Reward:-3.0455368695335387 Raw:23.04553686953354 Time:32512 TotalReward:3229.8058062785713
ETask 58-58: Configuration:3 Energy:96.065991375216 Reward:-15.470519892387443 Raw:35.47051989238744 Time:32513 TotalReward:3325.8717976537873
ETask 59-59: Configuration:3 Energy:55.676151202688 Reward:-0.557348136377108 Raw:20.557348136377108 Time:32507 TotalReward:3381.547948856475
ETask 60-60: Configuration:3 Energy:38.287333700351994 Reward:5.863138326023879 Raw:14.13686167397612 Time:32520 TotalReward:3419.835282556827
ETask 61-61: Configuration:3 Energy:41.314968296352 Reward:4.745242475193109 Raw:15.254757524806891 Time:32515 TotalReward:3461.1502508531794
ETask 62-62: Configuration:3 Energy:54.234998747759995 Reward:-0.02523030686522887 Raw:20.02523030686523 Time:32507 TotalReward:3515.3852496009395
ETask 63-63: Configuration:3 Energy:53.83516943987999 Reward:0.12239897604431249 Raw:19.877601023955688 Time:32521 TotalReward:3569.2204190408193
ETask 64-64: Configuration:3 Energy:100.3197199539 Reward:-17.04112736759386 Raw:37.04112736759386 Time:32512 TotalReward:3669.540138994719
ETask 65-65: Configuration:3 Energy:61.15179706613999 Reward:-2.579125070574765 Raw:22.579125070574765 Time:32506 TotalReward:3730.691936060859
ETask 66-66: Configuration:3 Energy:53.877827853134995 Reward:0.10664817730400244 Raw:19.893351822695998 Time:32520 TotalReward:3784.569763913994
ETask 67-67: Configuration:3 Energy:45.30181967286799 Reward:3.273174274633355 Raw:16.726825725366645 Time:32512 TotalReward:3829.871583586862
ETask 68-68: Configuration:3 Energy:41.362387192962 Reward:4.727733959521723 Raw:15.272266040478277 Time:32507 TotalReward:3871.233970779824
ETask 69-69: Configuration:3 Energy:38.440896165232004 Reward:5.80643833899126 Raw:14.19356166100874 Time:32519 TotalReward:3909.6748669450562
ETask 70-70: Configuration:3 Energy:38.66016969441 Reward:5.725475805140922 Raw:14.274524194859078 Time:32516 TotalReward:3948.335036639466
ETask 71-71: Configuration:3 Energy:83.594607211456 Reward:-10.865701124229904 Raw:30.865701124229904 Time:32506 TotalReward:4031.9296438509223
ETask 72-72: Configuration:3 Energy:38.41785879788999 Reward:5.814944443856005 Raw:14.185055556143995 Time:32518 TotalReward:4070.347502648812
ETask 73-73: Configuration:3 Energy:38.706729331874996 Reward:5.7082845543846155 Raw:14.291715445615385 Time:32515 TotalReward:4109.054231980687
ETask 74-74: Configuration:3 Energy:38.64116798289 Reward:5.732491821702151 Raw:14.267508178297849 Time:32506 TotalReward:4147.695399963577
ETask 75-75: Configuration:3 Energy:39.028452457148006 Reward:5.589494477360736 Raw:14.410505522639264 Time:32522 TotalReward:4186.723852420725
ETask 76-76: Configuration:3 Energy:38.595036026096004 Reward:5.749525159595322 Raw:14.250474840404678 Time:32513 TotalReward:4225.318888446821
ETask 77-77: Configuration:3 Energy:88.28282436204 Reward:-12.596735149060919 Raw:32.59673514906092 Time:32508 TotalReward:4313.601712808861
ETask 78-78: Configuration:3 Energy:50.20304980468799 Reward:1.4634893028844331 Raw:18.536510697115567 Time:32520 TotalReward:4363.8047626135485
ETask 79-79: Configuration:3 Energy:42.321069224896 Reward:4.373759055423015 Raw:15.626240944576985 Time:32506 TotalReward:4406.125831838444
ETask 80-80: Configuration:3 Energy:38.89853129725199 Reward:5.637465367168495 Raw:14.362534632831505 Time:32508 TotalReward:4445.024363135696
ETask 81-81: Configuration:3 Energy:41.27525697970199 Reward:4.759905115186957 Raw:15.240094884813043 Time:32513 TotalReward:4486.299620115398
ETask 82-82: Configuration:3 Energy:55.714345337222994 Reward:-0.5714505860515651 Raw:20.571450586051565 Time:32515 TotalReward:4542.013965452621
ETask 83-83: Configuration:3 Energy:54.83904089662799 Reward:-0.24826125413956746 Raw:20.248261254139567 Time:32508 TotalReward:4596.853006349249
ETask 84-84: Configuration:3 Energy:54.77463371884499 Reward:-0.2244801423427667 Raw:20.224480142342767 Time:32519 TotalReward:4651.627640068094
ETask 85-85: Configuration:3 Energy:39.159059030556 Reward:5.541270511794705 Raw:14.458729488205295 Time:32514 TotalReward:4690.7866990986495
ETask 86-86: Configuration:3 Energy:46.350797486859 Reward:2.8858593894674485 Raw:17.11414061053255 Time:32507 TotalReward:4737.137496585508
ETask 87-87: Configuration:3 Energy:39.282480850914 Reward:5.495699378124062 Raw:14.504300621875938 Time:32521 TotalReward:4776.419977436422
ETask 88-88: Configuration:3 Energy:38.82253845661799 Reward:5.665524262171816 Raw:14.334475737828184 Time:32514 TotalReward:4815.24251589304
ETask 89-89: Configuration:3 Energy:89.90809690933 Reward:-13.196835781906465 Raw:33.196835781906465 Time:32507 TotalReward:4905.15061280237
ETask 90-90: Configuration:3 Energy:38.89493116105499 Reward:5.638794648225847 Raw:14.361205351774153 Time:32504 TotalReward:4944.045543963425
ETask 91-91: Configuration:3 Energy:49.826642039686 Reward:1.6024706315005552 Raw:18.397529368499445 Time:32513 TotalReward:4993.872186003111
ETask 92-92: Configuration:3 Energy:40.389091756694995 Reward:5.087104582143388 Raw:14.912895417856612 Time:32509 TotalReward:5034.261277759806
ETask 93-93: Configuration:3 Energy:39.113239052538006 Reward:5.558188657524427 Raw:14.441811342475573 Time:32521 TotalReward:5073.374516812344
ETask 94-94: Configuration:3 Energy:41.684384218743 Reward:4.608842750002587 Raw:15.391157249997413 Time:32514 TotalReward:5115.058901031087
ETask 95-95: Configuration:3 Energy:86.77378462286599 Reward:-12.0395512453659 Raw:32.0395512453659 Time:32505 TotalReward:5201.8326856539525
ETask 96-96: Configuration:3 Energy:38.769983421914 Reward:5.684929198062525 Raw:14.315070801937475 Time:32518 TotalReward:5240.602669075866
ETask 97-97: Configuration:3 Energy:39.26207658767999 Reward:5.503233259933541 Raw:14.496766740066459 Time:32512 TotalReward:5279.864745663546
ETask 98-98: Configuration:3 Energy:41.958095924984995 Reward:4.5077799661593865 Raw:15.492220033840614 Time:32508 TotalReward:5321.822841588531
ETask 99-99: Configuration:3 Energy:39.794071725276005 Reward:5.306804286051937 Raw:14.693195713948063 Time:32521 TotalReward:5361.616913313807
ETask 100-100: Configuration:3 Energy:41.064455930946 Reward:4.837739348573786 Raw:15.162260651426214 Time:32515 TotalReward:5402.681369244753
ETask 101-101: Configuration:3 Energy:55.40244014969999 Reward:-0.4562855937353838 Raw:20.456285593735384 Time:32509 TotalReward:5458.083809394453
ETask 102-102: Configuration:3 Energy:107.71326527808002 Reward:-19.771051794983393 Raw:39.77105179498339 Time:32520 TotalReward:5565.797074672533
ETask 103-103: Configuration:3 Energy:54.26630971272 Reward:-0.03679127854277198 Raw:20.036791278542772 Time:32511 TotalReward:5620.063384385253
ETask 104-104: Configuration:3 Energy:43.421658316929 Reward:3.967387698364675 Raw:16.032612301635325 Time:32507 TotalReward:5663.485042702182
ETask 105-105: Configuration:3 Energy:38.90566180248 Reward:5.634832565238154 Raw:14.365167434761846 Time:32516 TotalReward:5702.390704504662
ETask 106-106: Configuration:3 Energy:41.516513554887005 Reward:4.670825764349416 Raw:15.329174235650584 Time:32513 TotalReward:5743.9072180595485
ETask 107-107: Configuration:3 Energy:41.904547674614996 Reward:4.5275516278344625 Raw:15.472448372165537 Time:32506 TotalReward:5785.811765734164
ETask 108-108: Configuration:3 Energy:42.34867529644799 Reward:4.363566044388431 Raw:15.636433955611569 Time:32520 TotalReward:5828.160441030612
ETask 109-109: Configuration:3 Energy:85.119435196206 Reward:-11.428714533983758 Raw:31.428714533983758 Time:32513 TotalReward:5913.279876226818
ETask 110-110: Configuration:3 Energy:49.81300904807999 Reward:1.607504351478159 Raw:18.39249564852184 Time:32507 TotalReward:5963.0928852748975
ETask 111-111: Configuration:3 Energy:57.48571388137499 Reward:-1.2254943561999987 Raw:21.2254943562 Time:32521 TotalReward:6020.5785991562725
ETask 112-112: Configuration:3 Energy:41.794038994645 Reward:4.568354832746463 Raw:15.431645167253537 Time:32515 TotalReward:6062.372638150918
ETask 113-113: Configuration:3 Energy:68.98339234493999 Reward:-5.470791019670148 Raw:25.47079101967015 Time:32508 TotalReward:6131.356030495857
ETask 114-114: Configuration:3 Energy:42.40514855163 Reward:4.342714380936615 Raw:15.657285619063385 Time:32507 TotalReward:6173.7611790474875
ETask 115-115: Configuration:3 Energy:41.479915881539995 Reward:4.684338751431387 Raw:15.315661248568613 Time:32514 TotalReward:6215.241094929028
ETask 116-116: Configuration:3 Energy:41.51516284917 Reward:4.6713244864603105 Raw:15.32867551353969 Time:32508 TotalReward:6256.756257778198
ETask 117-117: Configuration:3 Energy:71.39455429259999 Reward:-6.361066200344613 Raw:26.361066200344613 Time:32519 TotalReward:6328.150812070799
ETask 118-118: Configuration:3 Energy:41.3415767292 Reward:4.735417823064616 Raw:15.264582176935384 Time:32514 TotalReward:6369.4923887999985
ETask 119-119: Configuration:3 Energy:54.38336899298999 Reward:-0.0800131666424555 Raw:20.080013166642456 Time:32507 TotalReward:6423.875757792988
ETask 120-120: Configuration:3 Energy:100.6887949074 Reward:-17.177401196578458 Raw:37.17740119657846 Time:32522 TotalReward:6524.564552700388
ETask 121-121: Configuration:3 Energy:56.541195891449995 Reward:-0.8767492522276896 Raw:20.87674925222769 Time:32515 TotalReward:6581.105748591838
ERun: Time:3939552
==END-RUN 0==
==ROUND-END==
STOKE: Config: 0 - Knobs: {interval:10000 priority:104 sensor-configuration:1 batch:5 }  | -- on:2 reward:4.2887
STOKE: Config: 1 - Knobs: {interval:7750 priority:104 sensor-configuration:1 batch:5 }  | -- on:2 reward:-0.2104
STOKE: Config: 2 - Knobs: {interval:5500 priority:104 sensor-configuration:1 batch:5 }  | -- on:2 reward:-12.2780
STOKE: Config: 3 - Knobs: {interval:3500 priority:104 sensor-configuration:1 batch:5 }  | -- on:2 reward:-0.0619
STOKE: Config: 4 - Knobs: {interval:1000 priority:104 sensor-configuration:1 batch:5 }  | -- on:2 reward:3.1499
STOKE: Config: 5 - Knobs: {interval:10000 priority:100 sensor-configuration:1 batch:5 }  | -- on:2 reward:6.3525
STOKE: Config: 6 - Knobs: {interval:7750 priority:100 sensor-configuration:1 batch:5 }  | -- on:2 reward:3.5423
STOKE: Config: 7 - Knobs: {interval:5500 priority:100 sensor-configuration:1 batch:5 }  | -- on:2 reward:6.1605
STOKE: Config: 8 - Knobs: {interval:3500 priority:100 sensor-configuration:1 batch:5 }  | -- on:2 reward:-7.4648
STOKE: Config: 9 - Knobs: {interval:1000 priority:100 sensor-configuration:1 batch:5 }  | -- on:2 reward:1.2084
STOKE: Config: 10 - Knobs: {interval:10000 priority:104 sensor-configuration:1 batch:1 }  | -- on:2 reward:5.2244
STOKE: Config: 11 - Knobs: {interval:7750 priority:104 sensor-configuration:1 batch:1 }  | -- on:2 reward:3.1776
STOKE: Config: 12 - Knobs: {interval:5500 priority:104 sensor-configuration:1 batch:1 }  | -- on:2 reward:-10.0997
STOKE: Config: 13 - Knobs: {interval:3500 priority:104 sensor-configuration:1 batch:1 }  | -- on:2 reward:-7.7942
STOKE: Config: 14 - Knobs: {interval:1000 priority:104 sensor-configuration:1 batch:1 }  | -- on:2 reward:-13.9543
STOKE: Config: 15 - Knobs: {interval:10000 priority:100 sensor-configuration:1 batch:1 }  | -- on:2 reward:5.2991
STOKE: Config: 16 - Knobs: {interval:7750 priority:100 sensor-configuration:1 batch:1 }  | -- on:2 reward:0.8120
STOKE: Config: 17 - Knobs: {interval:5500 priority:100 sensor-configuration:1 batch:1 }  | -- on:2 reward:5.1812
STOKE: Config: 18 - Knobs: {interval:3500 priority:100 sensor-configuration:1 batch:1 }  | -- on:2 reward:-2.3454
STOKE: Config: 19 - Knobs: {interval:1000 priority:100 sensor-configuration:1 batch:1 }  | -- on:2 reward:-15.7334
