==RUN 0==
Bandit Runs:1 Tasks-in-Run:100
Self-Optimizer Rounds:0 Tasks-in-Round:0
Continuous Knob Rounds:Inf Tasks-in-Round:0
STOKE: Start Bat: 0.950000
ETask 1-1: Configuration:0 Energy:38.705960352644 Reward:6.135178381142447 Raw:13.864821618857553 Time:32539 TotalReward:38.705960352644
ETask 2-2: Configuration:1 Energy:35.09339399790001 Reward:7.429232000752236 Raw:12.570767999247764 Time:32534 TotalReward:73.79935435054401
ETask 3-3: Configuration:2 Energy:31.132992871992 Reward:8.847883150331224 Raw:11.152116849668776 Time:32563 TotalReward:104.93234722253601
ETask 4-4: Configuration:3 Energy:33.905663842856995 Reward:7.854687578678092 Raw:12.145312421321908 Time:32542 TotalReward:138.838011065393
ETask 5-5: Configuration:4 Energy:54.250774394781004 Reward:0.5668867839590419 Raw:19.433113216040958 Time:32532 TotalReward:193.088785460174
ETask 6-6: Configuration:5 Energy:52.31046302265 Reward:1.261923693379103 Raw:18.738076306620897 Time:32542 TotalReward:245.399248482824
ETask 7-7: Configuration:6 Energy:42.9583285248 Reward:4.611942020967165 Raw:15.388057979032835 Time:32561 TotalReward:288.357577007624
ETask 8-8: Configuration:7 Energy:41.17902821823 Reward:5.249303324813134 Raw:14.750696675186866 Time:32553 TotalReward:329.53660522585403
ETask 9-9: Configuration:8 Energy:43.80836427648 Reward:4.307451602454925 Raw:15.692548397545075 Time:32537 TotalReward:373.34496950233404
ETask 10-10: Configuration:9 Energy:40.913165641959 Reward:5.344537680492298 Raw:14.655462319507702 Time:32541 TotalReward:414.258135144293
ETask 11-11: Configuration:10 Energy:98.88654142223999 Reward:-15.422044688563574 Raw:35.422044688563574 Time:32530 TotalReward:513.144676566533
ETask 12-12: Configuration:11 Energy:34.923411145349995 Reward:7.49012138077015 Raw:12.50987861922985 Time:32533 TotalReward:548.068087711883
ETask 13-13: Configuration:12 Energy:31.619137939349997 Reward:8.673741633665673 Raw:11.326258366334327 Time:32559 TotalReward:579.687225651233
ETask 14-14: Configuration:13 Energy:46.84057138729799 Reward:3.2212878612663864 Raw:16.778712138733614 Time:32572 TotalReward:626.527797038531
ETask 15-15: Configuration:14 Energy:31.64024468124 Reward:8.666181009705074 Raw:11.333818990294926 Time:32546 TotalReward:658.168041719771
ETask 16-16: Configuration:15 Energy:39.669470218989 Reward:5.790040518571104 Raw:14.209959481428896 Time:32561 TotalReward:697.83751193876
ETask 17-17: Configuration:16 Energy:81.959103090774 Reward:-9.358484689232476 Raw:29.358484689232476 Time:32546 TotalReward:779.796615029534
ETask 18-18: Configuration:17 Energy:41.942936351198995 Reward:4.975664590615283 Raw:15.024335409384717 Time:32529 TotalReward:821.739551380733
ETask 19-19: Configuration:18 Energy:54.848996710872 Reward:0.3525981931204818 Raw:19.647401806879518 Time:32536 TotalReward:876.588548091605
ETask 20-20: Configuration:19 Energy:109.21051517103 Reward:-19.120184538876416 Raw:39.120184538876416 Time:32527 TotalReward:985.7990632626351
ETask 21-21: Configuration:2 Energy:55.581000333336 Reward:0.09038794029755337 Raw:19.909612059702447 Time:32575 TotalReward:1041.380063595971
ETask 22-22: Configuration:10 Energy:71.42721499465199 Reward:-5.585868057785785 Raw:25.585868057785785 Time:32536 TotalReward:1112.807278590623
ETask 23-23: Configuration:12 Energy:35.377850153448 Reward:7.327337258466388 Raw:12.672662741533612 Time:32531 TotalReward:1148.1851287440709
ETask 24-24: Configuration:17 Energy:44.8224640791 Reward:3.944191971665667 Raw:16.055808028334333 Time:32540 TotalReward:1193.0075928231709
ETask 25-25: Configuration:0 Energy:31.8882062646 Reward:8.577358949994029 Raw:11.422641050005971 Time:32561 TotalReward:1224.895799087771
ETask 26-26: Configuration:14 Energy:78.6902552784 Reward:-8.187554129576124 Raw:28.187554129576124 Time:32563 TotalReward:1303.5860543661709
ETask 27-27: Configuration:12 Energy:46.0861501347 Reward:3.491528309958209 Raw:16.50847169004179 Time:32554 TotalReward:1349.6722045008707
ETask 28-28: Configuration:1 Energy:46.0199395656 Reward:3.515245528740298 Raw:16.484754471259702 Time:32567 TotalReward:1395.6921440664707
ETask 29-29: Configuration:3 Energy:46.029344544599994 Reward:3.5118765810388126 Raw:16.488123418961187 Time:32554 TotalReward:1441.7214886110708
ETask 30-30: Configuration:14 Energy:56.8555928192 Reward:-0.36618250240000094 Raw:20.3661825024 Time:32551 TotalReward:1498.5770814302707
ETask 31-31: Configuration:14 Energy:38.07624906625001 Reward:6.360746603134325 Raw:13.639253396865675 Time:32537 TotalReward:1536.6533304965208
ETask 32-32: Configuration:16 Energy:45.819082288 Reward:3.5871944042985078 Raw:16.412805595701492 Time:32559 TotalReward:1582.4724127845207
ETask 33-33: Configuration:18 Energy:41.830400768450005 Reward:5.015975844137314 Raw:14.984024155862686 Time:32524 TotalReward:1624.3028135529707
ETask 34-34: Configuration:4 Energy:34.540626344854 Reward:7.627238324231403 Raw:12.372761675768597 Time:32520 TotalReward:1658.8434398978247
ETask 35-35: Configuration:5 Energy:36.614028477743 Reward:6.88452711245027 Raw:13.11547288754973 Time:32560 TotalReward:1695.4574683755677
ETask 36-36: Configuration:14 Energy:32.557197470607996 Reward:8.33772030903594 Raw:11.66227969096406 Time:32587 TotalReward:1728.0146658461756
ETask 37-37: Configuration:18 Energy:41.545432721838 Reward:5.118053950386388 Raw:14.881946049613612 Time:32527 TotalReward:1769.5600985680137
ETask 38-38: Configuration:14 Energy:79.05894275445 Reward:-8.319621285176115 Raw:28.319621285176115 Time:32538 TotalReward:1848.6190413224638
ETask 39-39: Configuration:14 Energy:34.572187837682 Reward:7.615932714860181 Raw:12.38406728513982 Time:32510 TotalReward:1883.1912291601457
ETask 40-40: Configuration:7 Energy:41.578694401599996 Reward:5.106139318829852 Raw:14.893860681170148 Time:32538 TotalReward:1924.7699235617456
ETask 41-41: Configuration:14 Energy:50.474303951174996 Reward:1.9196523159970198 Raw:18.08034768400298 Time:32532 TotalReward:1975.2442275129206
ETask 42-42: Configuration:14 Energy:50.360584558696 Reward:1.9603876207656121 Raw:18.039612379234388 Time:32514 TotalReward:2025.6048120716166
ETask 43-43: Configuration:14 Energy:59.54170076009999 Reward:-1.328370421528355 Raw:21.328370421528355 Time:32514 TotalReward:2085.146512831717
ETask 44-44: Configuration:11 Energy:35.911204262855996 Reward:7.136285040170987 Raw:12.863714959829013 Time:32538 TotalReward:2121.0577170945726
ETask 45-45: Configuration:10 Energy:35.103087201600005 Reward:7.425759808382088 Raw:12.574240191617912 Time:32533 TotalReward:2156.1608042961725
ETask 46-46: Configuration:14 Energy:77.23771000534 Reward:-7.667239404897913 Raw:27.667239404897913 Time:32523 TotalReward:2233.3985143015125
ETask 47-47: Configuration:11 Energy:31.886539532574993 Reward:8.577955988331347 Raw:11.422044011668653 Time:32565 TotalReward:2265.2850538340876
ETask 48-48: Configuration:14 Energy:81.98706176690999 Reward:-9.36849973740059 Raw:29.36849973740059 Time:32523 TotalReward:2347.2721156009975
ETask 49-49: Configuration:0 Energy:40.384105217679995 Reward:5.534051862323583 Raw:14.465948137676417 Time:32570 TotalReward:2387.6562208186774
ETask 50-50: Configuration:14 Energy:86.93799926081999 Reward:-11.141969884472836 Raw:31.141969884472836 Time:32521 TotalReward:2474.5942200794975
ETask 51-51: Configuration:14 Energy:81.33382190164 Reward:-9.134503367751634 Raw:29.134503367751634 Time:32503 TotalReward:2555.9280419811375
ETask 52-52: Configuration:14 Energy:87.24165808014 Reward:-11.250743192885974 Raw:31.250743192885974 Time:32504 TotalReward:2643.1697000612776
ETask 53-53: Configuration:9 Energy:51.78902610918 Reward:1.4487070653683567 Raw:18.551292934631643 Time:32542 TotalReward:2694.958726170458
ETask 54-54: Configuration:14 Energy:79.803121565076 Reward:-8.586192799430208 Raw:28.586192799430208 Time:32530 TotalReward:2774.7618477355336
ETask 55-55: Configuration:14 Energy:78.73611076746899 Reward:-8.2039799764068 Raw:28.2039799764068 Time:32511 TotalReward:2853.497958503003
ETask 56-56: Configuration:14 Energy:31.439229986976 Reward:8.738186273322032 Raw:11.261813726677968 Time:32505 TotalReward:2884.937188489979
ETask 57-57: Configuration:14 Energy:38.141145299438996 Reward:6.337500191245731 Raw:13.66249980875427 Time:32506 TotalReward:2923.0783337894177
ETask 58-58: Configuration:14 Energy:32.040279021996 Reward:8.522885126449193 Raw:11.477114873550807 Time:32705 TotalReward:2955.1186128114136
ETask 59-59: Configuration:14 Energy:30.956673676296 Reward:8.911042265207403 Raw:11.088957734792597 Time:32529 TotalReward:2986.0752864877095
ETask 60-60: Configuration:14 Energy:57.608743146239995 Reward:-0.6359676941755161 Raw:20.635967694175516 Time:32515 TotalReward:3043.6840296339496
ETask 61-61: Configuration:14 Energy:63.730381444784996 Reward:-2.8287933533558203 Raw:22.82879335335582 Time:32525 TotalReward:3107.4144110787347
ETask 62-62: Configuration:14 Energy:51.39561890479499 Reward:1.5896290490286589 Raw:18.41037095097134 Time:32507 TotalReward:3158.8100299835296
ETask 63-63: Configuration:14 Energy:48.945746922618014 Reward:2.467195132196533 Raw:17.532804867803467 Time:32537 TotalReward:3207.7557769061477
ETask 64-64: Configuration:14 Energy:50.0184213993 Reward:2.0829535286089573 Raw:17.917046471391043 Time:32537 TotalReward:3257.774198305448
ETask 65-65: Configuration:14 Energy:33.98556914025 Reward:7.826064785582091 Raw:12.17393521441791 Time:32527 TotalReward:3291.759767445698
ETask 66-66: Configuration:14 Energy:34.411621293084 Reward:7.673449089044535 Raw:12.326550910955465 Time:32514 TotalReward:3326.171388738782
ETask 67-67: Configuration:14 Energy:41.008547799039995 Reward:5.3103709376573125 Raw:14.689629062342688 Time:32532 TotalReward:3367.179936537822
ETask 68-68: Configuration:12 Energy:46.177006280704 Reward:3.4589828248224457 Raw:16.541017175177554 Time:32540 TotalReward:3413.356942818526
ETask 69-69: Configuration:15 Energy:40.755703136255995 Reward:5.400942160147107 Raw:14.599057839852893 Time:32525 TotalReward:3454.1126459547822
ETask 70-70: Configuration:14 Energy:79.370897227776 Reward:-8.43136617114364 Raw:28.43136617114364 Time:32537 TotalReward:3533.483543182558
ETask 71-71: Configuration:14 Energy:31.330986459136 Reward:8.776960074339344 Raw:11.223039925660656 Time:32508 TotalReward:3564.814529641694
ETask 72-72: Configuration:14 Energy:42.927370334208 Reward:4.623031522074749 Raw:15.376968477925251 Time:32502 TotalReward:3607.741899975902
ETask 73-73: Configuration:14 Energy:84.336489848832 Reward:-10.210085915999517 Raw:30.210085915999517 Time:32503 TotalReward:3692.078389824734
ETask 74-74: Configuration:14 Energy:87.438728101888 Reward:-11.32133543948228 Raw:31.32133543948228 Time:32504 TotalReward:3779.517117926622
ETask 75-75: Configuration:19 Energy:82.695245049261 Reward:-9.622177331078568 Raw:29.622177331078568 Time:32539 TotalReward:3862.212362975883
ETask 76-76: Configuration:14 Energy:35.007916529696004 Reward:7.459850795332773 Raw:12.540149204667227 Time:32551 TotalReward:3897.220279505579
ETask 77-77: Configuration:14 Energy:31.260322232265004 Reward:8.802272633218506 Raw:11.197727366781494 Time:32524 TotalReward:3928.480601737844
ETask 78-78: Configuration:14 Energy:31.108597190961003 Reward:8.856621901745314 Raw:11.143378098254686 Time:32514 TotalReward:3959.589198928805
ETask 79-79: Configuration:14 Energy:32.39100731277 Reward:8.39725111184358 Raw:11.60274888815642 Time:32505 TotalReward:3991.980206241575
ETask 80-80: Configuration:14 Energy:35.52517074264 Reward:7.274565704128953 Raw:12.725434295871047 Time:32509 TotalReward:4027.505376984215
ETask 81-81: Configuration:14 Energy:34.401672317118 Reward:7.6770129013308654 Raw:12.322987098669135 Time:32509 TotalReward:4061.9070493013332
ETask 82-82: Configuration:14 Energy:49.948765481793004 Reward:2.1079049020443 Raw:17.8920950979557 Time:32505 TotalReward:4111.855814783126
ETask 83-83: Configuration:14 Energy:98.73268236386401 Reward:-15.366930996010993 Raw:35.36693099601099 Time:32510 TotalReward:4210.58849714699
ETask 84-84: Configuration:14 Energy:109.58130456175199 Reward:-19.25300461913504 Raw:39.25300461913504 Time:32505 TotalReward:4320.169801708743
ETask 85-85: Configuration:14 Energy:108.86777320879798 Reward:-18.99741129867391 Raw:38.99741129867391 Time:32523 TotalReward:4429.037574917541
ETask 86-86: Configuration:14 Energy:35.439081683892006 Reward:7.305403575919282 Raw:12.694596424080718 Time:32504 TotalReward:4464.476656601433
ETask 87-87: Configuration:14 Energy:46.376337886677 Reward:3.3875804585037628 Raw:16.612419541496237 Time:32541 TotalReward:4510.85299448811
ETask 88-88: Configuration:7 Energy:38.90453212152 Reward:6.064048195276415 Raw:13.935951804723585 Time:32570 TotalReward:4549.75752660963
ETask 89-89: Configuration:14 Energy:91.77315308856002 Reward:-12.87396528545434 Raw:32.87396528545434 Time:32552 TotalReward:4641.53067969819
ETask 90-90: Configuration:14 Energy:36.80800440408 Reward:6.815043198538506 Raw:13.184956801461494 Time:32516 TotalReward:4678.33868410227
ETask 91-91: Configuration:14 Energy:40.69456345680001 Reward:5.422842940847758 Raw:14.577157059152242 Time:32519 TotalReward:4719.03324755907
ETask 92-92: Configuration:14 Energy:97.0231830918 Reward:-14.754573047808961 Raw:34.75457304780896 Time:32504 TotalReward:4816.05643065087
ETask 93-93: Configuration:14 Energy:93.49253279703 Reward:-13.489862494458507 Raw:33.48986249445851 Time:32504 TotalReward:4909.548963447901
ETask 94-94: Configuration:5 Energy:40.60834853034 Reward:5.4537258995797036 Raw:14.546274100420296 Time:32557 TotalReward:4950.157311978241
ETask 95-95: Configuration:14 Energy:31.572952234800006 Reward:8.690285766638803 Raw:11.309714233361197 Time:32543 TotalReward:4981.730264213041
ETask 96-96: Configuration:14 Energy:45.9249083073 Reward:3.5492865764895534 Raw:16.450713423510447 Time:32534 TotalReward:5027.655172520341
ETask 97-97: Configuration:14 Energy:34.293765961350005 Reward:7.715665924292537 Raw:12.284334075707463 Time:32503 TotalReward:5061.948938481691
ETask 98-98: Configuration:14 Energy:31.552839161319998 Reward:8.697490449676419 Raw:11.302509550323581 Time:32513 TotalReward:5093.50177764301
ETask 99-99: Configuration:14 Energy:35.73453211439999 Reward:7.199570585886569 Raw:12.800429414113431 Time:32510 TotalReward:5129.236309757411
ETask 100-100: Configuration:14 Energy:31.630164496688003 Reward:8.66979182208191 Raw:11.33020817791809 Time:32511 TotalReward:5160.866474254099
ETask 101-101: Configuration:14 Energy:84.11940290652 Reward:-10.132323429201186 Raw:30.132323429201186 Time:32504 TotalReward:5244.985877160619
ETask 102-102: Configuration:14 Energy:84.72882140515601 Reward:-10.350622592891703 Raw:30.350622592891703 Time:32526 TotalReward:5329.714698565775
ETask 103-103: Configuration:14 Energy:98.20342086711 Reward:-15.177344788218512 Raw:35.17734478821851 Time:32523 TotalReward:5427.918119432885
ETask 104-104: Configuration:14 Energy:52.81246750681001 Reward:1.0821011915904428 Raw:18.917898808409557 Time:32504 TotalReward:5480.730586939695
ETask 105-105: Configuration:14 Energy:51.113588496670005 Reward:1.6906548668644739 Raw:18.309345133135526 Time:32524 TotalReward:5531.844175436365
ETask 106-106: Configuration:14 Energy:69.517592972888 Reward:-4.901824348497193 Raw:24.901824348497193 Time:32509 TotalReward:5601.361768409253
ETask 107-107: Configuration:14 Energy:108.96723368553 Reward:-19.033038932130154 Raw:39.033038932130154 Time:32523 TotalReward:5710.329002094783
ETask 108-108: Configuration:14 Energy:92.12901115086001 Reward:-13.00143683015881 Raw:33.00143683015881 Time:32513 TotalReward:5802.458013245643
ETask 109-109: Configuration:14 Energy:31.921813424199996 Reward:8.565320564465672 Raw:11.434679435534328 Time:32503 TotalReward:5834.379826669843
ETask 110-110: Configuration:14 Energy:32.52213550088 Reward:8.3502798205803 Raw:11.6497201794197 Time:32505 TotalReward:5866.901962170723
ETask 111-111: Configuration:14 Energy:83.54787614454598 Reward:-9.927597424911994 Raw:29.927597424911994 Time:32519 TotalReward:5950.449838315269
ETask 112-112: Configuration:14 Energy:34.24171922955 Reward:7.734309529713432 Raw:12.265690470286568 Time:32504 TotalReward:5984.691557544818
ETask 113-113: Configuration:14 Energy:31.117975820685 Reward:8.853262392590448 Raw:11.146737607409552 Time:32528 TotalReward:6015.809533365504
ETask 114-114: Configuration:14 Energy:31.601660153364005 Reward:8.680002333123342 Raw:11.319997666876658 Time:32520 TotalReward:6047.411193518868
ETask 115-115: Configuration:14 Energy:31.819629679356 Reward:8.601923696947104 Raw:11.398076303052896 Time:32519 TotalReward:6079.230823198223
ETask 116-116: Configuration:14 Energy:31.9927117104 Reward:8.539924163438805 Raw:11.460075836561195 Time:32507 TotalReward:6111.223534908623
ETask 117-117: Configuration:14 Energy:43.170273128447995 Reward:4.5360215659290795 Raw:15.46397843407092 Time:32504 TotalReward:6154.393808037071
ETask 118-118: Configuration:14 Energy:97.43988909088002 Reward:-14.903840868374921 Raw:34.90384086837492 Time:32503 TotalReward:6251.8336971279505
ETask 119-119: Configuration:14 Energy:103.69958549371201 Reward:-17.146120176852065 Raw:37.146120176852065 Time:32503 TotalReward:6355.533282621663
ETask 120-120: Configuration:14 Energy:95.82401694095999 Reward:-14.325020993776711 Raw:34.32502099377671 Time:32503 TotalReward:6451.357299562623
ETask 121-121: Configuration:14 Energy:147.68430780043502 Reward:-32.90184160015583 Raw:52.90184160015583 Time:32503 TotalReward:6599.041607363058
ERun: Time:3940968
==END-RUN 0==
==ROUND-END==
STOKE: Config: 0 - Knobs: {interval:10000 priority:104 sensor-configuration:1 batch:5 }  | -- on:3 reward:6.7489
STOKE: Config: 1 - Knobs: {interval:7750 priority:104 sensor-configuration:1 batch:5 }  | -- on:2 reward:5.4722
STOKE: Config: 2 - Knobs: {interval:5500 priority:104 sensor-configuration:1 batch:5 }  | -- on:2 reward:4.4691
STOKE: Config: 3 - Knobs: {interval:3500 priority:104 sensor-configuration:1 batch:5 }  | -- on:2 reward:5.6833
STOKE: Config: 4 - Knobs: {interval:1000 priority:104 sensor-configuration:1 batch:5 }  | -- on:2 reward:4.0971
STOKE: Config: 5 - Knobs: {interval:10000 priority:100 sensor-configuration:1 batch:5 }  | -- on:3 reward:4.5334
STOKE: Config: 6 - Knobs: {interval:7750 priority:100 sensor-configuration:1 batch:5 }  | -- on:1 reward:4.6119
STOKE: Config: 7 - Knobs: {interval:5500 priority:100 sensor-configuration:1 batch:5 }  | -- on:3 reward:5.4732
STOKE: Config: 8 - Knobs: {interval:3500 priority:100 sensor-configuration:1 batch:5 }  | -- on:1 reward:4.3075
STOKE: Config: 9 - Knobs: {interval:1000 priority:100 sensor-configuration:1 batch:5 }  | -- on:2 reward:3.3966
STOKE: Config: 10 - Knobs: {interval:10000 priority:104 sensor-configuration:1 batch:1 }  | -- on:3 reward:-4.5274
STOKE: Config: 11 - Knobs: {interval:7750 priority:104 sensor-configuration:1 batch:1 }  | -- on:3 reward:7.7348
STOKE: Config: 12 - Knobs: {interval:5500 priority:104 sensor-configuration:1 batch:1 }  | -- on:4 reward:5.7379
STOKE: Config: 13 - Knobs: {interval:3500 priority:104 sensor-configuration:1 batch:1 }  | -- on:1 reward:3.2213
STOKE: Config: 14 - Knobs: {interval:1000 priority:104 sensor-configuration:1 batch:1 }  | -- on:78 reward:-1.0402
STOKE: Config: 15 - Knobs: {interval:10000 priority:100 sensor-configuration:1 batch:1 }  | -- on:2 reward:5.5955
STOKE: Config: 16 - Knobs: {interval:7750 priority:100 sensor-configuration:1 batch:1 }  | -- on:2 reward:-2.8856
STOKE: Config: 17 - Knobs: {interval:5500 priority:100 sensor-configuration:1 batch:1 }  | -- on:2 reward:4.4599
STOKE: Config: 18 - Knobs: {interval:3500 priority:100 sensor-configuration:1 batch:1 }  | -- on:3 reward:3.4955
STOKE: Config: 19 - Knobs: {interval:1000 priority:100 sensor-configuration:1 batch:1 }  | -- on:2 reward:-14.3712
==RUN 1==
Bandit Runs:1 Tasks-in-Run:100
Self-Optimizer Rounds:0 Tasks-in-Round:0
Continuous Knob Rounds:Inf Tasks-in-Round:0
STOKE: Start Bat: 0.950000
ETask 1-1: Configuration:0 Energy:43.62486687702 Reward:4.37318201420179 Raw:15.62681798579821 Time:32516 TotalReward:43.62486687702
ETask 2-2: Configuration:1 Energy:82.6134876747 Reward:-9.592891107355225 Raw:29.592891107355225 Time:32528 TotalReward:126.23835455172
ETask 3-3: Configuration:2 Energy:37.43072651808 Reward:6.59197856068776 Raw:13.40802143931224 Time:32538 TotalReward:163.6690810698
ETask 4-4: Configuration:3 Energy:89.76613247867999 Reward:-12.155032529676419 Raw:32.15503252967642 Time:32529 TotalReward:253.43521354848
ETask 5-5: Configuration:4 Energy:81.00508301064897 Reward:-9.016746153068294 Raw:29.016746153068294 Time:32523 TotalReward:334.44029655912897
ETask 6-6: Configuration:5 Energy:40.323931432596 Reward:5.555606651010386 Raw:14.444393348989614 Time:32564 TotalReward:374.76422799172497
ETask 7-7: Configuration:6 Energy:51.42430933667999 Reward:1.5793518793982138 Raw:18.420648120601786 Time:32539 TotalReward:426.18853732840495
ETask 8-8: Configuration:7 Energy:37.891635282732004 Reward:6.426876913648234 Raw:13.573123086351766 Time:32528 TotalReward:464.08017261113696
ETask 9-9: Configuration:8 Energy:41.86359384015899 Reward:5.004085788599763 Raw:14.995914211400237 Time:32527 TotalReward:505.94376645129597
ETask 10-10: Configuration:9 Energy:113.26960283914798 Reward:-20.5741860916351 Raw:40.5741860916351 Time:32533 TotalReward:619.213369290444
ETask 11-11: Configuration:10 Energy:38.208103869851996 Reward:6.313515031694807 Raw:13.686484968305193 Time:32534 TotalReward:657.421473160296
ETask 12-12: Configuration:11 Energy:36.38079941579999 Reward:6.968071851056719 Raw:13.031928148943281 Time:32542 TotalReward:693.802272576096
ETask 13-13: Configuration:12 Energy:97.86533520773997 Reward:-15.056239477399401 Raw:35.0562394773994 Time:32553 TotalReward:791.667607783836
ETask 14-14: Configuration:13 Energy:45.242606977188004 Reward:3.793693023096832 Raw:16.206306976903168 Time:32540 TotalReward:836.910214761024
ETask 15-15: Configuration:14 Energy:39.63819683177999 Reward:5.8012429259295555 Raw:14.198757074070445 Time:32526 TotalReward:876.548411592804
ETask 16-16: Configuration:15 Energy:54.25609294163999 Reward:0.5649816328453738 Raw:19.435018367154626 Time:32533 TotalReward:930.8045045344439
ETask 17-17: Configuration:16 Energy:53.711567263536 Reward:0.7600356070915808 Raw:19.23996439290842 Time:32554 TotalReward:984.51607179798
ETask 18-18: Configuration:17 Energy:96.02365691829598 Reward:-14.396533821479153 Raw:34.39653382147915 Time:32534 TotalReward:1080.539728716276
ETask 19-19: Configuration:18 Energy:51.106507160532004 Reward:1.6931914648840554 Raw:18.306808535115945 Time:32525 TotalReward:1131.6462358768079
ETask 20-20: Configuration:19 Energy:78.852074558016 Reward:-8.245519244662447 Raw:28.245519244662447 Time:32532 TotalReward:1210.498310434824
ETask 21-21: Configuration:14 Energy:36.698902190064 Reward:6.854124588633791 Raw:13.145875411366209 Time:32529 TotalReward:1247.197212624888
ETask 22-22: Configuration:15 Energy:40.0509780057 Reward:5.653381012883582 Raw:14.346618987116418 Time:32539 TotalReward:1287.248190630588
ETask 23-23: Configuration:5 Energy:39.80200721118 Reward:5.74256458106985 Raw:14.25743541893015 Time:32574 TotalReward:1327.0501978417678
ETask 24-24: Configuration:8 Energy:41.315765825039996 Reward:5.200322689537911 Raw:14.799677310462089 Time:32531 TotalReward:1368.3659636668078
ETask 25-25: Configuration:17 Energy:39.03023629632 Reward:6.0190198341540295 Raw:13.98098016584597 Time:32537 TotalReward:1407.3961999631279
ETask 26-26: Configuration:1 Energy:36.4297191039 Reward:6.9505483806925366 Raw:13.049451619307463 Time:32547 TotalReward:1443.8259190670278
ETask 27-27: Configuration:16 Energy:36.41004622818001 Reward:6.957595380950444 Raw:13.042404619049556 Time:32542 TotalReward:1480.2359652952077
ETask 28-28: Configuration:11 Energy:41.15375493243 Reward:5.2583564421146285 Raw:14.741643557885372 Time:32536 TotalReward:1521.3897202276378
ETask 29-29: Configuration:15 Energy:41.98254253667999 Reward:4.961477300293733 Raw:15.038522699706267 Time:32533 TotalReward:1563.3722627643178
ETask 30-30: Configuration:1 Energy:36.3692909667 Reward:6.972194280585073 Raw:13.027805719414927 Time:32551 TotalReward:1599.7415537310178
ETask 31-31: Configuration:7 Energy:49.47854213024999 Reward:2.2763431175223907 Raw:17.72365688247761 Time:32537 TotalReward:1649.2200958612677
ETask 32-32: Configuration:18 Energy:78.14732390565 Reward:-7.993071249785071 Raw:27.99307124978507 Time:32527 TotalReward:1727.3674197669177
ETask 33-33: Configuration:11 Energy:36.51770237592 Reward:6.919031984745075 Raw:13.080968015254925 Time:32531 TotalReward:1763.8851221428376
ETask 34-34: Configuration:1 Energy:35.814638112 Reward:7.170875900179105 Raw:12.829124099820895 Time:32571 TotalReward:1799.6997602548377
ETask 35-35: Configuration:18 Energy:38.86224566399999 Reward:6.0791955830447755 Raw:13.920804416955225 Time:32536 TotalReward:1838.5620059188377
ETask 36-36: Configuration:18 Energy:39.595267799999995 Reward:5.816620489552243 Raw:14.183379510447757 Time:32505 TotalReward:1878.1572737188378
ETask 37-37: Configuration:18 Energy:76.604198512875 Reward:-7.4403099150597 Raw:27.4403099150597 Time:32504 TotalReward:1954.7614722317128
ETask 38-38: Configuration:12 Energy:58.05487888199999 Reward:-0.7957775099701436 Raw:20.795777509970144 Time:32554 TotalReward:2012.8163511137127
ETask 39-39: Configuration:18 Energy:54.4682163795 Reward:0.48899711779104393 Raw:19.511002882208956 Time:32546 TotalReward:2067.2845674932128
ETask 40-40: Configuration:18 Energy:61.17042660299999 Reward:-1.911794604059697 Raw:21.911794604059697 Time:32507 TotalReward:2128.454994096213
ETask 41-41: Configuration:18 Energy:54.024191425874996 Reward:0.6480508325223902 Raw:19.35194916747761 Time:32506 TotalReward:2182.479185522088
ETask 42-42: Configuration:18 Energy:54.48620974418999 Reward:0.4825517334244793 Raw:19.51744826657552 Time:32511 TotalReward:2236.965395266278
ETask 43-43: Configuration:9 Energy:41.966047412799995 Reward:4.967386001385076 Raw:15.032613998614924 Time:32527 TotalReward:2278.931442679078
ETask 44-44: Configuration:3 Energy:36.75251617877 Reward:6.834919577754031 Raw:13.16508042224597 Time:32527 TotalReward:2315.6839588578478
ETask 45-45: Configuration:18 Energy:82.06729127423998 Reward:-9.397238665399396 Raw:29.397238665399396 Time:32528 TotalReward:2397.7512501320875
ETask 46-46: Configuration:18 Energy:40.09244131151999 Reward:5.638528485425676 Raw:14.361471514574324 Time:32509 TotalReward:2437.8436914436074
ETask 47-47: Configuration:18 Energy:39.67998165647999 Reward:5.786275227529556 Raw:14.213724772470444 Time:32504 TotalReward:2477.5236731000873
ETask 48-48: Configuration:17 Energy:53.96668896023999 Reward:0.6686487306603013 Raw:19.3313512693397 Time:32526 TotalReward:2531.4903620603272
ETask 49-49: Configuration:18 Energy:40.03237463939999 Reward:5.660044905289558 Raw:14.339955094710442 Time:32529 TotalReward:2571.5227366997274
ETask 50-50: Configuration:18 Energy:40.15415432915999 Reward:5.61642232985314 Raw:14.38357767014686 Time:32503 TotalReward:2611.6768910288874
ETask 51-51: Configuration:1 Energy:36.43364514492 Reward:6.949142037640598 Raw:13.050857962359402 Time:32571 TotalReward:2648.1105361738073
ETask 52-52: Configuration:18 Energy:77.75395581672 Reward:-7.852163277631043 Raw:27.852163277631043 Time:32541 TotalReward:2725.8644919905273
ETask 53-53: Configuration:2 Energy:36.656762256 Reward:6.869219490388058 Raw:13.130780509611942 Time:32573 TotalReward:2762.5212542465274
ETask 54-54: Configuration:18 Energy:51.20733093624 Reward:1.6570754855259722 Raw:18.342924514474028 Time:32534 TotalReward:2813.7285851827673
ETask 55-55: Configuration:18 Energy:40.165872105978 Reward:5.612224917261614 Raw:14.387775082738386 Time:32502 TotalReward:2853.8944572887453
ETask 56-56: Configuration:12 Energy:36.72709463563201 Reward:6.844025802161669 Raw:13.155974197838331 Time:32541 TotalReward:2890.6215519243774
ETask 57-57: Configuration:18 Energy:82.487946211056 Reward:-9.547921030826028 Raw:29.54792103082603 Time:32534 TotalReward:2973.1094981354336
ETask 58-58: Configuration:9 Energy:41.680959119568 Reward:5.06950718105027 Raw:14.93049281894973 Time:32533 TotalReward:3014.7904572550015
ETask 59-59: Configuration:18 Energy:95.74369647453001 Reward:-14.296249483413732 Raw:34.29624948341373 Time:32534 TotalReward:3110.5341537295317
ETask 60-60: Configuration:18 Energy:41.91454640813699 Reward:4.985834122458389 Raw:15.014165877541611 Time:32503 TotalReward:3152.4487001376688
ETask 61-61: Configuration:18 Energy:55.15961283935999 Reward:0.24133271425910863 Raw:19.75866728574089 Time:32510 TotalReward:3207.6083129770286
ETask 62-62: Configuration:3 Energy:52.31207324019199 Reward:1.2613468990357042 Raw:18.738653100964296 Time:32536 TotalReward:3259.9203862172208
ETask 63-63: Configuration:12 Energy:51.80481257608799 Reward:1.4430522115505724 Raw:18.556947788449428 Time:32556 TotalReward:3311.7251987933087
ETask 64-64: Configuration:18 Energy:98.14114444650201 Reward:-15.155036816657443 Raw:35.15503681665744 Time:32534 TotalReward:3409.8663432398107
ETask 65-65: Configuration:18 Energy:43.42194896885999 Reward:4.445869026080004 Raw:15.554130973919996 Time:32505 TotalReward:3453.2882922086706
ETask 66-66: Configuration:18 Energy:41.04206487149999 Reward:5.2983648221492565 Raw:14.701635177850743 Time:32503 TotalReward:3494.3303570801704
ETask 67-67: Configuration:18 Energy:40.06821620491799 Reward:5.647206135551762 Raw:14.352793864448238 Time:32509 TotalReward:3534.3985732850883
ETask 68-68: Configuration:18 Energy:79.82527809371499 Reward:-8.594129466405363 Raw:28.594129466405363 Time:32508 TotalReward:3614.2238513788034
ETask 69-69: Configuration:2 Energy:36.613612022987994 Reward:6.884676290272958 Raw:13.115323709727042 Time:32574 TotalReward:3650.8374634017914
ETask 70-70: Configuration:18 Energy:40.401739711872 Reward:5.527735028583168 Raw:14.472264971416832 Time:32536 TotalReward:3691.2392031136633
ETask 71-71: Configuration:18 Energy:40.31760935858699 Reward:5.5578712745360015 Raw:14.442128725463999 Time:32503 TotalReward:3731.5568124722504
ETask 72-72: Configuration:18 Energy:88.076789858057 Reward:-11.549894874527876 Raw:31.549894874527876 Time:32508 TotalReward:3819.6336023303074
ETask 73-73: Configuration:2 Energy:39.550566740761994 Reward:5.832632809279286 Raw:14.167367190720714 Time:32569 TotalReward:3859.1841690710694
ETask 74-74: Configuration:18 Energy:40.641478970179996 Reward:5.4418582793385095 Raw:14.55814172066149 Time:32532 TotalReward:3899.825648041249
ETask 75-75: Configuration:18 Energy:39.88859914929999 Reward:5.71154657338508 Raw:14.28845342661492 Time:32504 TotalReward:3939.714247190549
ETask 76-76: Configuration:15 Energy:75.628282819797 Reward:-7.090728174255634 Raw:27.090728174255634 Time:32542 TotalReward:4015.342530010346
ETask 77-77: Configuration:18 Energy:40.60607212347001 Reward:5.4545413289062665 Raw:14.545458671093733 Time:32549 TotalReward:4055.9486021338157
ETask 78-78: Configuration:18 Energy:43.524330018567994 Reward:4.409195217229376 Raw:15.590804782770624 Time:32503 TotalReward:4099.472932152384
ETask 79-79: Configuration:18 Energy:68.39352970047 Reward:-4.4991748180788065 Raw:24.499174818078806 Time:32507 TotalReward:4167.866461852854
ETask 80-80: Configuration:18 Energy:40.31271883859999 Reward:5.559623102591049 Raw:14.440376897408951 Time:32505 TotalReward:4208.179180691453
ETask 81-81: Configuration:14 Energy:47.786699958815994 Reward:2.8823761341554643 Raw:17.117623865844536 Time:32550 TotalReward:4255.965880650269
ETask 82-82: Configuration:18 Energy:82.464771839112 Reward:-9.539619763264 Raw:29.539619763264 Time:32525 TotalReward:4338.430652489381
ETask 83-83: Configuration:18 Energy:61.86126778858 Reward:-2.1592601033719454 Raw:22.159260103371945 Time:32506 TotalReward:4400.291920277961
ETask 84-84: Configuration:18 Energy:64.636094516838 Reward:-3.153227886628539 Raw:23.15322788662854 Time:32504 TotalReward:4464.928014794799
ETask 85-85: Configuration:18 Energy:106.38416923630798 Reward:-18.107762114498385 Raw:38.107762114498385 Time:32510 TotalReward:4571.312184031107
ETask 86-86: Configuration:18 Energy:53.127564060872004 Reward:0.9692307841652479 Raw:19.030769215834752 Time:32508 TotalReward:4624.439748091979
ETask 87-87: Configuration:18 Energy:97.8158884059 Reward:-15.038527190173134 Raw:35.038527190173134 Time:32505 TotalReward:4722.255636497879
ETask 88-88: Configuration:18 Energy:96.08077690859601 Reward:-14.416994713526933 Raw:34.41699471352693 Time:32509 TotalReward:4818.336413406475
ETask 89-89: Configuration:15 Energy:40.702651142099995 Reward:5.419945859546269 Raw:14.580054140453731 Time:32538 TotalReward:4859.039064548575
ETask 90-90: Configuration:18 Energy:41.040192606352 Reward:5.299035484291819 Raw:14.700964515708181 Time:32532 TotalReward:4900.079257154927
ETask 91-91: Configuration:18 Energy:43.488870178504 Reward:4.421897249491103 Raw:15.578102750508897 Time:32505 TotalReward:4943.568127333431
ETask 92-92: Configuration:18 Energy:87.679736753688 Reward:-11.407666896843466 Raw:31.407666896843466 Time:32509 TotalReward:5031.2478640871195
ETask 93-93: Configuration:18 Energy:40.354272281808 Reward:5.544738287113551 Raw:14.455261712886449 Time:32507 TotalReward:5071.602136368928
ETask 94-94: Configuration:18 Energy:95.25271606002599 Reward:-14.120375902098857 Raw:34.12037590209886 Time:32504 TotalReward:5166.854852428954
ETask 95-95: Configuration:3 Energy:40.550003547354 Reward:5.4746255949776685 Raw:14.525374405022331 Time:32544 TotalReward:5207.404855976308
ETask 96-96: Configuration:3 Energy:36.318022247367004 Reward:6.990559194973013 Raw:13.009440805026987 Time:32520 TotalReward:5243.722878223674
ETask 97-97: Configuration:18 Energy:43.32750946251801 Reward:4.479698102978626 Raw:15.520301897021374 Time:32540 TotalReward:5287.050387686192
ETask 98-98: Configuration:18 Energy:100.390175406873 Reward:-15.960659847238091 Raw:35.96065984723809 Time:32504 TotalReward:5387.440563093065
ETask 99-99: Configuration:6 Energy:44.709951247357 Reward:3.984495075573612 Raw:16.015504924426388 Time:32576 TotalReward:5432.150514340422
ETask 100-100: Configuration:18 Energy:40.471464522216 Reward:5.502758977116656 Raw:14.497241022883344 Time:32526 TotalReward:5472.621978862638
ETask 101-101: Configuration:18 Energy:103.47134360079201 Reward:-17.064361886850875 Raw:37.064361886850875 Time:32507 TotalReward:5576.09332246343
ETask 102-102: Configuration:3 Energy:36.832420770849 Reward:6.806297037307823 Raw:13.193702962692177 Time:32537 TotalReward:5612.925743234279
ETask 103-103: Configuration:18 Energy:53.915794395089996 Reward:0.6868796196692522 Raw:19.313120380330748 Time:32540 TotalReward:5666.84153762937
ETask 104-104: Configuration:18 Energy:55.410496872126 Reward:0.15146380699964013 Raw:19.84853619300036 Time:32503 TotalReward:5722.2520345014955
ETask 105-105: Configuration:18 Energy:102.400872977052 Reward:-16.6809097231231 Raw:36.6809097231231 Time:32508 TotalReward:5824.652907478548
ETask 106-106: Configuration:12 Energy:54.170845872225 Reward:0.5955178965164194 Raw:19.40448210348358 Time:32536 TotalReward:5878.823753350773
ETask 107-107: Configuration:12 Energy:38.075798021939995 Reward:6.360908171245374 Raw:13.639091828754626 Time:32519 TotalReward:5916.899551372712
ETask 108-108: Configuration:12 Energy:37.272142283943 Reward:6.6487848535129555 Raw:13.351215146487045 Time:32504 TotalReward:5954.171693656655
ETask 109-109: Configuration:12 Energy:36.590789371157996 Reward:6.89285156854042 Raw:13.10714843145958 Time:32508 TotalReward:5990.762483027814
ETask 110-110: Configuration:12 Energy:53.50896104714999 Reward:0.8326109681850795 Raw:19.16738903181492 Time:32509 TotalReward:6044.271444074963
ETask 111-111: Configuration:12 Energy:52.35714009204 Reward:1.2452035491200029 Raw:18.754796450879997 Time:32507 TotalReward:6096.628584167003
ETask 112-112: Configuration:12 Energy:43.400794542216 Reward:4.453446731146508 Raw:15.546553268853492 Time:32510 TotalReward:6140.02937870922
ETask 113-113: Configuration:12 Energy:36.664353689574 Reward:6.866500170898867 Raw:13.133499829101133 Time:32513 TotalReward:6176.693732398793
ETask 114-114: Configuration:15 Energy:81.058695095136 Reward:-9.035950481839762 Raw:29.035950481839762 Time:32529 TotalReward:6257.752427493929
ETask 115-115: Configuration:15 Energy:42.059755143174996 Reward:4.933819053191048 Raw:15.066180946808952 Time:32515 TotalReward:6299.812182637103
ETask 116-116: Configuration:15 Energy:53.259182503800005 Reward:0.9220838792358208 Raw:19.07791612076418 Time:32510 TotalReward:6353.071365140903
ETask 117-117: Configuration:15 Energy:43.19251070399999 Reward:4.528055867223882 Raw:15.471944132776118 Time:32511 TotalReward:6396.263875844903
ETask 118-118: Configuration:15 Energy:40.183305025500005 Reward:5.6059802893731305 Raw:14.39401971062687 Time:32502 TotalReward:6436.447180870403
ETask 119-119: Configuration:15 Energy:39.620878102575006 Reward:5.807446649823881 Raw:14.19255335017612 Time:32517 TotalReward:6476.068058972978
ETask 120-120: Configuration:18 Energy:84.61300416975 Reward:-10.309135822000005 Raw:30.309135822000005 Time:32529 TotalReward:6560.681063142728
ETask 121-121: Configuration:15 Energy:178.73857412302505 Reward:-44.025757894814944 Raw:64.02575789481494 Time:32536 TotalReward:6739.419637265753
ERun: Time:3940499
==END-RUN 1==
==ROUND-END==
STOKE: Config: 0 - Knobs: {interval:10000 priority:104 sensor-configuration:1 batch:5 }  | -- on:1 reward:4.3732
STOKE: Config: 1 - Knobs: {interval:7750 priority:104 sensor-configuration:1 batch:5 }  | -- on:5 reward:3.6900
STOKE: Config: 2 - Knobs: {interval:5500 priority:104 sensor-configuration:1 batch:5 }  | -- on:4 reward:6.5446
STOKE: Config: 3 - Knobs: {interval:3500 priority:104 sensor-configuration:1 batch:5 }  | -- on:6 reward:2.5355
STOKE: Config: 4 - Knobs: {interval:1000 priority:104 sensor-configuration:1 batch:5 }  | -- on:1 reward:-9.0167
STOKE: Config: 5 - Knobs: {interval:10000 priority:100 sensor-configuration:1 batch:5 }  | -- on:2 reward:5.6491
STOKE: Config: 6 - Knobs: {interval:7750 priority:100 sensor-configuration:1 batch:5 }  | -- on:2 reward:2.7819
STOKE: Config: 7 - Knobs: {interval:5500 priority:100 sensor-configuration:1 batch:5 }  | -- on:2 reward:4.3516
STOKE: Config: 8 - Knobs: {interval:3500 priority:100 sensor-configuration:1 batch:5 }  | -- on:2 reward:5.1022
STOKE: Config: 9 - Knobs: {interval:1000 priority:100 sensor-configuration:1 batch:5 }  | -- on:3 reward:-3.5124
STOKE: Config: 10 - Knobs: {interval:10000 priority:104 sensor-configuration:1 batch:1 }  | -- on:1 reward:6.3135
STOKE: Config: 11 - Knobs: {interval:7750 priority:104 sensor-configuration:1 batch:1 }  | -- on:3 reward:6.3818
STOKE: Config: 12 - Knobs: {interval:5500 priority:104 sensor-configuration:1 batch:1 }  | -- on:12 reward:2.1942
STOKE: Config: 13 - Knobs: {interval:3500 priority:104 sensor-configuration:1 batch:1 }  | -- on:1 reward:3.7937
STOKE: Config: 14 - Knobs: {interval:1000 priority:104 sensor-configuration:1 batch:1 }  | -- on:3 reward:5.1792
STOKE: Config: 15 - Knobs: {interval:10000 priority:100 sensor-configuration:1 batch:1 }  | -- on:12 reward:-1.8129
STOKE: Config: 16 - Knobs: {interval:7750 priority:100 sensor-configuration:1 batch:1 }  | -- on:2 reward:3.8588
STOKE: Config: 17 - Knobs: {interval:5500 priority:100 sensor-configuration:1 batch:1 }  | -- on:3 reward:-2.5696
STOKE: Config: 18 - Knobs: {interval:3500 priority:100 sensor-configuration:1 batch:1 }  | -- on:55 reward:-2.1033
STOKE: Config: 19 - Knobs: {interval:1000 priority:100 sensor-configuration:1 batch:1 }  | -- on:1 reward:-8.2455
==RUN 2==
Bandit Runs:1 Tasks-in-Run:100
Self-Optimizer Rounds:0 Tasks-in-Round:0
Continuous Knob Rounds:Inf Tasks-in-Round:0
STOKE: Start Bat: 0.950000
ETask 1-1: Configuration:0 Energy:55.884291887951996 Reward:-0.01825381060967146 Raw:20.01825381060967 Time:32537 TotalReward:55.884291887951996
ETask 2-2: Configuration:1 Energy:41.598915575437005 Reward:5.098895913276298 Raw:14.901104086723702 Time:32558 TotalReward:97.483207463389
ETask 3-3: Configuration:2 Energy:86.40531239340001 Reward:-10.951156678232842 Raw:30.95115667823284 Time:32529 TotalReward:183.888519856789
ETask 4-4: Configuration:3 Energy:37.47242505075301 Reward:6.577041772864593 Raw:13.422958227135407 Time:32546 TotalReward:221.360944907542
ETask 5-5: Configuration:4 Energy:40.524313317929995 Reward:5.483828065219107 Raw:14.516171934780893 Time:32526 TotalReward:261.885258225472
ETask 6-6: Configuration:5 Energy:45.38401382599999 Reward:3.743039823522391 Raw:16.25696017647761 Time:32557 TotalReward:307.269272051472
ETask 7-7: Configuration:6 Energy:102.74983706367799 Reward:-16.80591178400406 Raw:36.80591178400406 Time:32532 TotalReward:410.01910911515
ETask 8-8: Configuration:7 Energy:51.717217900106 Reward:1.4744294089172563 Raw:18.525570591082744 Time:32555 TotalReward:461.736327015256
ETask 9-9: Configuration:8 Energy:52.003902757734 Reward:1.3717363255878219 Raw:18.628263674412178 Time:32528 TotalReward:513.74022977299
ETask 10-10: Configuration:9 Energy:52.912926128664004 Reward:1.0461160136128917 Raw:18.95388398638711 Time:32533 TotalReward:566.653155901654
ETask 11-11: Configuration:10 Energy:30.889569913649993 Reward:8.93507943391642 Raw:11.06492056608358 Time:32530 TotalReward:597.542725815304
ETask 12-12: Configuration:11 Energy:36.058659313580996 Reward:7.083465320508301 Raw:12.916534679491699 Time:32526 TotalReward:633.601385128885
ETask 13-13: Configuration:12 Energy:59.600072812644 Reward:-1.349279813484415 Raw:21.349279813484415 Time:32539 TotalReward:693.201457941529
ETask 14-14: Configuration:13 Energy:118.66289934487502 Reward:-22.506113198164186 Raw:42.506113198164186 Time:32530 TotalReward:811.864357286404
ETask 15-15: Configuration:14 Energy:116.05700618323199 Reward:-21.572658931306975 Raw:41.572658931306975 Time:32521 TotalReward:927.921363469636
ETask 16-16: Configuration:15 Energy:52.343501473844995 Reward:1.2500890242943292 Raw:18.74991097570567 Time:32545 TotalReward:980.264864943481
ETask 17-17: Configuration:16 Energy:56.00995176492 Reward:-0.06326630385193965 Raw:20.06326630385194 Time:32536 TotalReward:1036.274816708401
ETask 18-18: Configuration:17 Energy:52.77964961469701 Reward:1.0938568544368934 Raw:18.906143145563107 Time:32558 TotalReward:1089.054466323098
ETask 19-19: Configuration:18 Energy:109.74721648972199 Reward:-19.312435757512354 Raw:39.312435757512354 Time:32522 TotalReward:1198.80168281282
ETask 20-20: Configuration:19 Energy:112.84083823964998 Reward:-20.420598772411928 Raw:40.42059877241193 Time:32548 TotalReward:1311.6425210524699
ETask 21-21: Configuration:19 Energy:91.552227140374 Reward:-12.79482763237278 Raw:32.79482763237278 Time:32503 TotalReward:1403.194748192844
ETask 22-22: Configuration:0 Energy:36.12009114829 Reward:7.061459887179701 Raw:12.938540112820299 Time:32554 TotalReward:1439.3148393411338
ETask 23-23: Configuration:5 Energy:37.531950179362006 Reward:6.555719338735999 Raw:13.444280661264001 Time:32544 TotalReward:1476.8467895204958
ETask 24-24: Configuration:16 Energy:40.732456183902 Reward:5.409269426661968 Raw:14.590730573338032 Time:32523 TotalReward:1517.5792457043979
ETask 25-25: Configuration:9 Energy:38.599637219693 Reward:6.173264279512955 Raw:13.826735720487045 Time:32539 TotalReward:1556.1788829240909
ETask 26-26: Configuration:17 Energy:38.727366529124005 Reward:6.127510497030208 Raw:13.872489502969792 Time:32534 TotalReward:1594.906249453215
ETask 27-27: Configuration:15 Energy:40.296935985 Reward:5.5652766620895555 Raw:14.434723337910444 Time:32536 TotalReward:1635.2031854382149
ETask 28-28: Configuration:12 Energy:49.081460710184004 Reward:2.4185812381430445 Raw:17.581418761856956 Time:32531 TotalReward:1684.284646148399
ETask 29-29: Configuration:4 Energy:48.899675854902 Reward:2.4836982012291315 Raw:17.51630179877087 Time:32528 TotalReward:1733.1843220033008
ETask 30-30: Configuration:1 Energy:30.946127760590002 Reward:8.914819906654326 Raw:11.085180093345674 Time:32575 TotalReward:1764.1304497638907
ETask 31-31: Configuration:8 Energy:41.534262217111994 Reward:5.122055325213614 Raw:14.877944674786386 Time:32539 TotalReward:1805.6647119810027
ETask 32-32: Configuration:5 Energy:41.815535177046 Reward:5.021300832102927 Raw:14.978699167897073 Time:32547 TotalReward:1847.4802471580488
ETask 33-33: Configuration:9 Energy:38.240672004248 Reward:6.301848834299223 Raw:13.698151165700777 Time:32528 TotalReward:1885.7209191622967
ETask 34-34: Configuration:12 Energy:92.80007340125898 Reward:-13.24181733776441 Raw:33.24181733776441 Time:32559 TotalReward:1978.5209925635556
ETask 35-35: Configuration:12 Energy:51.179316078388 Reward:1.6671106584878785 Raw:18.33288934151212 Time:32519 TotalReward:2029.7003086419436
ETask 36-36: Configuration:7 Energy:51.40028640263 Reward:1.5879571095056733 Raw:18.412042890494327 Time:32568 TotalReward:2081.1005950445738
ETask 37-37: Configuration:7 Energy:106.0010314836 Reward:-17.970518740394034 Raw:37.970518740394034 Time:32518 TotalReward:2187.1016265281737
ETask 38-38: Configuration:17 Energy:95.31046335319601 Reward:-14.141061499652302 Raw:34.1410614996523 Time:32527 TotalReward:2282.41208988137
ETask 39-39: Configuration:15 Energy:36.788272208861 Reward:6.82211144757218 Raw:13.17788855242782 Time:32530 TotalReward:2319.200362090231
ETask 40-40: Configuration:12 Energy:76.560517076391 Reward:-7.424662833334082 Raw:27.424662833334082 Time:32552 TotalReward:2395.760879166622
ETask 41-41: Configuration:19 Energy:90.669885853068 Reward:-12.478765081695997 Raw:32.478765081696 Time:32523 TotalReward:2486.43076501969
ETask 42-42: Configuration:17 Energy:44.0856508083 Reward:4.20812508359403 Raw:15.79187491640597 Time:32533 TotalReward:2530.5164158279904
ETask 43-43: Configuration:13 Energy:39.0083992961 Reward:6.026842043188058 Raw:13.973157956811942 Time:32553 TotalReward:2569.5248151240903
ETask 44-44: Configuration:8 Energy:37.934202589697996 Reward:6.4116289230932555 Raw:13.588371076906745 Time:32532 TotalReward:2607.4590177137884
ETask 45-45: Configuration:17 Energy:94.711668267084 Reward:-13.926567737462932 Raw:33.92656773746293 Time:32540 TotalReward:2702.1706859808723
ETask 46-46: Configuration:7 Energy:42.077474593561995 Reward:4.927471787380778 Raw:15.072528212619222 Time:32528 TotalReward:2744.248160574434
ETask 47-47: Configuration:2 Energy:34.915558934784 Reward:7.4929341129131934 Raw:12.507065887086807 Time:32529 TotalReward:2779.163719509218
ETask 48-48: Configuration:18 Energy:83.91355106041598 Reward:-10.05858545447737 Raw:30.05858545447737 Time:32529 TotalReward:2863.077270569634
ETask 49-49: Configuration:2 Energy:41.510736808244005 Reward:5.130482337345434 Raw:14.869517662654566 Time:32554 TotalReward:2904.588007377878
ETask 50-50: Configuration:2 Energy:54.39486381258599 Reward:0.5152726641483056 Raw:19.484727335851694 Time:32511 TotalReward:2958.9828711904643
ETask 51-51: Configuration:5 Energy:38.789098278204996 Reward:6.105397631687762 Raw:13.894602368312238 Time:32565 TotalReward:2997.7719694686693
ETask 52-52: Configuration:11 Energy:33.31874134017 Reward:8.064928475162985 Raw:11.935071524837015 Time:32526 TotalReward:3031.0907108088395
ETask 53-53: Configuration:2 Energy:51.05874371773999 Reward:1.7103007578244807 Raw:18.28969924217552 Time:32573 TotalReward:3082.1494545265796
ETask 54-54: Configuration:2 Energy:49.90764488494399 Reward:2.1226346680797654 Raw:17.877365331920235 Time:32528 TotalReward:3132.0570994115237
ETask 55-55: Configuration:2 Energy:57.68143121327399 Reward:-0.6620052107250096 Raw:20.66200521072501 Time:32504 TotalReward:3189.738530624798
ETask 56-56: Configuration:13 Energy:104.81143007134798 Reward:-17.544392861378384 Raw:37.544392861378384 Time:32524 TotalReward:3294.5499606961457
ETask 57-57: Configuration:2 Energy:42.979654250021994 Reward:4.604302955216005 Raw:15.395697044783995 Time:32542 TotalReward:3337.529614946168
ETask 58-58: Configuration:10 Energy:41.69940469605599 Reward:5.062899810368 Raw:14.937100189632 Time:32547 TotalReward:3379.2290196422236
ETask 59-59: Configuration:11 Energy:46.991718156838004 Reward:3.167145734863997 Raw:16.832854265136003 Time:32541 TotalReward:3426.2207377990617
ETask 60-60: Configuration:2 Energy:41.790756693839995 Reward:5.030176706684179 Raw:14.969823293315821 Time:32567 TotalReward:3468.011494492902
ETask 61-61: Configuration:2 Energy:37.03830634396199 Reward:6.732546981267346 Raw:13.267453018732654 Time:32510 TotalReward:3505.049800836864
ETask 62-62: Configuration:14 Energy:96.16667404251601 Reward:-14.44776383612514 Raw:34.44776383612514 Time:32531 TotalReward:3601.2164748793803
ETask 63-63: Configuration:2 Energy:42.182195129844004 Reward:4.889959953488715 Raw:15.110040046511285 Time:32549 TotalReward:3643.398670009224
ETask 64-64: Configuration:2 Energy:37.41443618990001 Reward:6.59781390212537 Raw:13.40218609787463 Time:32509 TotalReward:3680.813106199124
ETask 65-65: Configuration:8 Energy:41.683459058164004 Reward:5.068611680657668 Raw:14.931388319342332 Time:32525 TotalReward:3722.496565257288
ETask 66-66: Configuration:17 Energy:54.247859025283006 Reward:0.567931095421013 Raw:19.432068904578987 Time:32536 TotalReward:3776.744424282571
ETask 67-67: Configuration:6 Energy:37.457435519889 Reward:6.582411157054684 Raw:13.417588842945316 Time:32559 TotalReward:3814.2018598024597
ETask 68-68: Configuration:7 Energy:42.095165318109004 Reward:4.92113481142364 Raw:15.07886518857636 Time:32537 TotalReward:3856.297025120569
ETask 69-69: Configuration:7 Energy:51.46618265018999 Reward:1.5643524835140319 Raw:18.435647516485968 Time:32532 TotalReward:3907.763207770759
ETask 70-70: Configuration:7 Energy:84.99129736312798 Reward:-10.444643831568229 Raw:30.44464383156823 Time:32514 TotalReward:3992.754505133887
ETask 71-71: Configuration:7 Energy:57.33179677660499 Reward:-0.5367630244555173 Raw:20.536763024455517 Time:32532 TotalReward:4050.0863019104922
ETask 72-72: Configuration:7 Energy:59.71310600112 Reward:-1.3897693138340337 Raw:21.389769313834034 Time:32518 TotalReward:4109.799407911612
ETask 73-73: Configuration:7 Energy:37.466146281852 Reward:6.579290884112718 Raw:13.420709115887282 Time:32535 TotalReward:4147.265554193465
ETask 74-74: Configuration:7 Energy:97.20698910875998 Reward:-14.820414009108049 Raw:34.82041400910805 Time:32508 TotalReward:4244.472543302225
ETask 75-75: Configuration:7 Energy:143.81098945554598 Reward:-31.514384282583634 Raw:51.514384282583634 Time:32508 TotalReward:4388.283532757771
ETask 76-76: Configuration:16 Energy:37.874927905875 Reward:6.4328616456567165 Raw:13.567138354343284 Time:32531 TotalReward:4426.158460663646
ETask 77-77: Configuration:15 Energy:37.519315572257995 Reward:6.560245168146391 Raw:13.439754831853609 Time:32553 TotalReward:4463.677776235904
ETask 78-78: Configuration:17 Energy:41.921255431708005 Reward:4.983430890134445 Raw:15.016569109865555 Time:32543 TotalReward:4505.5990316676125
ETask 79-79: Configuration:0 Energy:48.50302964442 Reward:2.625780425879398 Raw:17.374219574120602 Time:32533 TotalReward:4554.102061312033
ETask 80-80: Configuration:17 Energy:100.707238785315 Reward:-16.07423478876955 Raw:36.07423478876955 Time:32546 TotalReward:4654.809300097348
ETask 81-81: Configuration:2 Energy:41.142415854831 Reward:5.262418201254565 Raw:14.737581798745435 Time:32545 TotalReward:4695.951715952178
ETask 82-82: Configuration:2 Energy:35.077224584224 Reward:7.435024029531702 Raw:12.564975970468298 Time:32535 TotalReward:4731.028940536402
ETask 83-83: Configuration:0 Energy:52.96043863484401 Reward:1.0290966084140862 Raw:18.970903391585914 Time:32522 TotalReward:4783.989379171246
ETask 84-84: Configuration:0 Energy:48.917004691092004 Reward:2.477490856922266 Raw:17.522509143077734 Time:32508 TotalReward:4832.906383862338
ETask 85-85: Configuration:0 Energy:60.453719306328004 Reward:-1.6550636321174963 Raw:21.655063632117496 Time:32522 TotalReward:4893.360103168666
ETask 86-86: Configuration:0 Energy:55.587039750204 Reward:0.08822456709110327 Raw:19.911775432908897 Time:32519 TotalReward:4948.94714291887
ETask 87-87: Configuration:19 Energy:133.103990908896 Reward:-27.679041519604546 Raw:47.679041519604546 Time:32524 TotalReward:5082.051133827766
ETask 88-88: Configuration:0 Energy:62.97736325375 Reward:-2.5590554938805994 Raw:22.5590554938806 Time:32574 TotalReward:5145.0284970815155
ETask 89-89: Configuration:0 Energy:69.648668005686 Reward:-4.948776599051705 Raw:24.948776599051705 Time:32513 TotalReward:5214.6771650872015
ETask 90-90: Configuration:0 Energy:55.5737462427 Reward:0.09298642052537431 Raw:19.907013579474626 Time:32506 TotalReward:5270.250911329901
ETask 91-91: Configuration:0 Energy:36.96718551168 Reward:6.758023100293732 Raw:13.241976899706268 Time:32535 TotalReward:5307.218096841581
ETask 92-92: Configuration:0 Energy:44.51897013399 Reward:4.052906220660297 Raw:15.947093779339703 Time:32512 TotalReward:5351.737066975571
ETask 93-93: Configuration:0 Energy:40.83296569488 Reward:5.373266019744477 Raw:14.626733980255523 Time:32534 TotalReward:5392.570032670451
ETask 94-94: Configuration:0 Energy:51.964614792030005 Reward:1.3858096267355222 Raw:18.614190373264478 Time:32515 TotalReward:5444.534647462481
ETask 95-95: Configuration:0 Energy:42.96757711674 Reward:4.608629092511045 Raw:15.391370907488955 Time:32506 TotalReward:5487.502224579222
ETask 96-96: Configuration:0 Energy:44.22491121664 Reward:4.158240758218508 Raw:15.841759241781492 Time:32520 TotalReward:5531.727135795862
ETask 97-97: Configuration:0 Energy:47.11063951641601 Reward:3.124547038895763 Raw:16.875452961104237 Time:32519 TotalReward:5578.837775312278
ETask 98-98: Configuration:0 Energy:37.56667864319999 Reward:6.543279291988062 Raw:13.456720708011938 Time:32526 TotalReward:5616.404453955478
ETask 99-99: Configuration:0 Energy:52.255951082496 Reward:1.281450358508895 Raw:18.718549641491105 Time:32535 TotalReward:5668.660405037974
ETask 100-100: Configuration:18 Energy:95.805887216116 Reward:-14.318526763981858 Raw:34.31852676398186 Time:32525 TotalReward:5764.46629225409
ETask 101-101: Configuration:0 Energy:51.831822889600005 Reward:1.4333768753671592 Raw:18.56662312463284 Time:32568 TotalReward:5816.29811514369
ETask 102-102: Configuration:0 Energy:31.09612565864 Reward:8.861089316308059 Raw:11.138910683691941 Time:32536 TotalReward:5847.3942408023295
ETask 103-103: Configuration:0 Energy:36.514053152024 Reward:6.92033916942424 Raw:13.07966083057576 Time:32509 TotalReward:5883.908293954353
ETask 104-104: Configuration:0 Energy:32.23012256586 Reward:8.45488146894567 Raw:11.54511853105433 Time:32537 TotalReward:5916.1384165202135
ETask 105-105: Configuration:0 Energy:41.684153017232 Reward:5.068363098304957 Raw:14.931636901695043 Time:32516 TotalReward:5957.822569537446
ETask 106-106: Configuration:0 Energy:56.104898845856 Reward:-0.09727719851558092 Raw:20.09727719851558 Time:32525 TotalReward:6013.927468383302
ETask 107-107: Configuration:0 Energy:72.56411572681401 Reward:-5.993116081246807 Raw:25.993116081246807 Time:32504 TotalReward:6086.491584110116
ETask 108-108: Configuration:0 Energy:57.188426341661994 Reward:-0.4854064507445983 Raw:20.4854064507446 Time:32537 TotalReward:6143.680010451778
ETask 109-109: Configuration:0 Energy:44.126175924096 Reward:4.193608624204421 Raw:15.80639137579558 Time:32521 TotalReward:6187.806186375874
ETask 110-110: Configuration:17 Energy:95.120542912712 Reward:-14.073030297090867 Raw:34.07303029709087 Time:32554 TotalReward:6282.926729288586
ETask 111-111: Configuration:0 Energy:55.568950009439995 Reward:0.09470447423045059 Raw:19.90529552576955 Time:32575 TotalReward:6338.4956792980265
ETask 112-112: Configuration:0 Energy:35.15375132135999 Reward:7.407611466975526 Raw:12.592388533024474 Time:32538 TotalReward:6373.649430619386
ETask 113-113: Configuration:0 Energy:40.162864365474 Reward:5.613302316845134 Raw:14.386697683154866 Time:32535 TotalReward:6413.81229498486
ETask 114-114: Configuration:13 Energy:44.200085940216006 Reward:4.1671333945494915 Raw:15.832866605450509 Time:32527 TotalReward:6458.012380925076
ETask 115-115: Configuration:0 Energy:42.33950446896 Reward:4.833610339477017 Raw:15.166389660522983 Time:32571 TotalReward:6500.351885394036
ETask 116-116: Configuration:0 Energy:41.094641568671996 Reward:5.2795313783861495 Raw:14.72046862161385 Time:32512 TotalReward:6541.446526962708
ETask 117-117: Configuration:0 Energy:37.492826380800004 Reward:6.569733833743282 Raw:13.430266166256718 Time:32535 TotalReward:6578.939353343508
ETask 118-118: Configuration:0 Energy:37.633747063608 Reward:6.519254783185195 Raw:13.480745216814805 Time:32517 TotalReward:6616.573100407116
ETask 119-119: Configuration:0 Energy:40.751157395519996 Reward:5.402570485186866 Raw:14.597429514813134 Time:32510 TotalReward:6657.324257802636
ETask 120-120: Configuration:0 Energy:39.61769060275199 Reward:5.808588440805259 Raw:14.19141155919474 Time:32522 TotalReward:6696.941948405388
ETask 121-121: Configuration:0 Energy:37.559911306848 Reward:6.545703412472358 Raw:13.454296587527642 Time:32522 TotalReward:6734.501859712236
ERun: Time:3941320
==END-RUN 2==
==ROUND-END==
STOKE: Config: 0 - Knobs: {interval:10000 priority:104 sensor-configuration:1 batch:5 }  | -- on:38 reward:3.2608
STOKE: Config: 1 - Knobs: {interval:7750 priority:104 sensor-configuration:1 batch:5 }  | -- on:2 reward:7.0069
STOKE: Config: 2 - Knobs: {interval:5500 priority:104 sensor-configuration:1 batch:5 }  | -- on:14 reward:3.2793
STOKE: Config: 3 - Knobs: {interval:3500 priority:104 sensor-configuration:1 batch:5 }  | -- on:1 reward:6.5770
STOKE: Config: 4 - Knobs: {interval:1000 priority:104 sensor-configuration:1 batch:5 }  | -- on:2 reward:3.9838
STOKE: Config: 5 - Knobs: {interval:10000 priority:100 sensor-configuration:1 batch:5 }  | -- on:4 reward:5.3564
STOKE: Config: 6 - Knobs: {interval:7750 priority:100 sensor-configuration:1 batch:5 }  | -- on:2 reward:-5.1118
STOKE: Config: 7 - Knobs: {interval:5500 priority:100 sensor-configuration:1 batch:5 }  | -- on:12 reward:-4.6352
STOKE: Config: 8 - Knobs: {interval:3500 priority:100 sensor-configuration:1 batch:5 }  | -- on:4 reward:4.4935
STOKE: Config: 9 - Knobs: {interval:1000 priority:100 sensor-configuration:1 batch:5 }  | -- on:3 reward:4.5071
STOKE: Config: 10 - Knobs: {interval:10000 priority:104 sensor-configuration:1 batch:1 }  | -- on:2 reward:6.9990
STOKE: Config: 11 - Knobs: {interval:7750 priority:104 sensor-configuration:1 batch:1 }  | -- on:3 reward:6.1052
STOKE: Config: 12 - Knobs: {interval:5500 priority:104 sensor-configuration:1 batch:1 }  | -- on:5 reward:-3.5860
STOKE: Config: 13 - Knobs: {interval:3500 priority:104 sensor-configuration:1 batch:1 }  | -- on:4 reward:-7.4641
STOKE: Config: 14 - Knobs: {interval:1000 priority:104 sensor-configuration:1 batch:1 }  | -- on:2 reward:-18.0102
STOKE: Config: 15 - Knobs: {interval:10000 priority:100 sensor-configuration:1 batch:1 }  | -- on:4 reward:5.0494
STOKE: Config: 16 - Knobs: {interval:7750 priority:100 sensor-configuration:1 batch:1 }  | -- on:3 reward:3.9263
STOKE: Config: 17 - Knobs: {interval:5500 priority:100 sensor-configuration:1 batch:1 }  | -- on:9 reward:-4.5816
STOKE: Config: 18 - Knobs: {interval:3500 priority:100 sensor-configuration:1 batch:1 }  | -- on:3 reward:-14.5632
STOKE: Config: 19 - Knobs: {interval:1000 priority:100 sensor-configuration:1 batch:1 }  | -- on:4 reward:-18.3433
==RUN 3==
Bandit Runs:1 Tasks-in-Run:100
Self-Optimizer Rounds:0 Tasks-in-Round:0
Continuous Knob Rounds:Inf Tasks-in-Round:0
STOKE: Start Bat: 0.880000
ETask 1-1: Configuration:0 Energy:43.971429083904 Reward:4.249040328153789 Raw:15.75095967184621 Time:32544 TotalReward:43.971429083904
ETask 2-2: Configuration:1 Energy:31.742180122967998 Reward:8.629666821623404 Raw:11.370333178376596 Time:32533 TotalReward:75.713609206872
ETask 3-3: Configuration:2 Energy:31.539089876469 Reward:8.70241556663797 Raw:11.29758443336203 Time:32552 TotalReward:107.25269908334099
ETask 4-4: Configuration:3 Energy:33.121404893416 Reward:8.135616157582326 Raw:11.864383842417674 Time:32532 TotalReward:140.374103976757
ETask 5-5: Configuration:4 Energy:38.87237820606 Reward:6.075566015739701 Raw:13.924433984260299 Time:32550 TotalReward:179.246482182817
ETask 6-6: Configuration:5 Energy:35.742566243874 Reward:7.196692688761551 Raw:12.803307311238449 Time:32566 TotalReward:214.989048426691
ETask 7-7: Configuration:6 Energy:39.486723177740004 Reward:5.855502145287163 Raw:14.144497854712837 Time:32552 TotalReward:254.475771604431
ETask 8-8: Configuration:7 Energy:46.71325164135501 Reward:3.26689493444 Raw:16.73310506556 Time:32546 TotalReward:301.189023245786
ETask 9-9: Configuration:8 Energy:38.93426670315 Reward:6.053397001856716 Raw:13.946602998143284 Time:32537 TotalReward:340.123289948936
ETask 10-10: Configuration:9 Energy:40.10485852756 Reward:5.634080527441194 Raw:14.365919472558806 Time:32537 TotalReward:380.228148476496
ETask 11-11: Configuration:10 Energy:49.4464180662 Reward:2.2878502449432823 Raw:17.712149755056718 Time:32543 TotalReward:429.674566542696
ETask 12-12: Configuration:11 Energy:31.711634841000002 Reward:8.640608415164179 Raw:11.359391584835821 Time:32553 TotalReward:461.386201383696
ETask 13-13: Configuration:12 Energy:49.712013605615994 Reward:2.1927115442569587 Raw:17.80728845574304 Time:32540 TotalReward:511.098214989312
ETask 14-14: Configuration:13 Energy:62.82636949674201 Reward:-2.504968177937439 Raw:22.50496817793744 Time:32536 TotalReward:573.924584486054
ETask 15-15: Configuration:14 Energy:58.403972490656 Reward:-0.9208259668021483 Raw:20.92082596680215 Time:32527 TotalReward:632.3285569767099
ETask 16-16: Configuration:15 Energy:45.238157156952 Reward:3.7952869885545084 Raw:16.20471301144549 Time:32545 TotalReward:677.5667141336619
ETask 17-17: Configuration:16 Energy:37.79639605200801 Reward:6.460992458982208 Raw:13.539007541017792 Time:32551 TotalReward:715.3631101856699
ETask 18-18: Configuration:17 Energy:35.622047204259005 Reward:7.239863688026626 Raw:12.760136311973374 Time:32529 TotalReward:750.985157389929
ETask 19-19: Configuration:18 Energy:90.81934825766399 Reward:-12.532303853491584 Raw:32.532303853491584 Time:32523 TotalReward:841.804505647593
ETask 20-20: Configuration:19 Energy:79.60036651628602 Reward:-8.51356412523678 Raw:28.51356412523678 Time:32535 TotalReward:921.4048721638791
ETask 21-21: Configuration:8 Energy:50.69413177835601 Reward:1.8409080196933694 Raw:18.15909198030663 Time:32563 TotalReward:972.0990039422351
ETask 22-22: Configuration:3 Energy:42.819493635468 Reward:4.661673921623404 Raw:15.338326078376596 Time:32548 TotalReward:1014.9184975777031
ETask 23-23: Configuration:12 Energy:31.302471935988 Reward:8.787174231884894 Raw:11.212825768115106 Time:32549 TotalReward:1046.220969513691
ETask 24-24: Configuration:14 Energy:31.797562356251998 Reward:8.609828409700777 Raw:11.390171590299223 Time:32545 TotalReward:1078.018531869943
ETask 25-25: Configuration:10 Energy:31.387111778879998 Reward:8.75685548219224 Raw:11.24314451780776 Time:32564 TotalReward:1109.405643648823
ETask 26-26: Configuration:13 Energy:78.972555442304 Reward:-8.288676576347697 Raw:28.288676576347697 Time:32538 TotalReward:1188.3781990911268
ETask 27-27: Configuration:15 Energy:40.592533093256996 Reward:5.459391130773614 Raw:14.540608869226386 Time:32543 TotalReward:1228.970732184384
ETask 28-28: Configuration:3 Energy:33.089288923584 Reward:8.14712038558185 Raw:11.85287961441815 Time:32544 TotalReward:1262.060021107968
ETask 29-29: Configuration:7 Energy:44.33698420431599 Reward:4.118095210394273 Raw:15.881904789605727 Time:32559 TotalReward:1306.397005312284
ETask 30-30: Configuration:2 Energy:56.17899520195999 Reward:-0.12381917682148824 Raw:20.12381917682149 Time:32561 TotalReward:1362.5760005142438
ETask 31-31: Configuration:7 Energy:51.42459258719999 Reward:1.5792504165253725 Raw:18.420749583474628 Time:32535 TotalReward:1414.0005931014439
ETask 32-32: Configuration:1 Energy:50.55560883122999 Reward:1.8905281798579168 Raw:18.109471820142083 Time:32563 TotalReward:1464.556201932674
ETask 33-33: Configuration:5 Energy:56.623855163725 Reward:-0.28317199894626555 Raw:20.283171998946266 Time:32536 TotalReward:1521.180057096399
ETask 34-34: Configuration:16 Energy:41.67380226788999 Reward:5.072070829412542 Raw:14.927929170587458 Time:32529 TotalReward:1562.853859364289
ETask 35-35: Configuration:12 Energy:87.82720608748798 Reward:-11.460491732831514 Raw:31.460491732831514 Time:32551 TotalReward:1650.6810654517772
ETask 36-36: Configuration:10 Energy:31.685883507572 Reward:8.649832773407045 Raw:11.350167226592955 Time:32556 TotalReward:1682.3669489593492
ETask 37-37: Configuration:12 Energy:31.419610516939997 Reward:8.745214143185674 Raw:11.254785856814326 Time:32548 TotalReward:1713.7865594762893
ETask 38-38: Configuration:12 Energy:34.76712033479999 Reward:7.546106148728363 Raw:12.453893851271637 Time:32509 TotalReward:1748.5536798110893
ETask 39-39: Configuration:7 Energy:35.796482889656005 Reward:7.177379263406804 Raw:12.822620736593196 Time:32553 TotalReward:1784.3501627007454
ETask 40-40: Configuration:19 Energy:91.830489273468 Reward:-12.894503620346747 Raw:32.89450362034675 Time:32528 TotalReward:1876.1806519742133
ETask 41-41: Configuration:11 Energy:34.563361418519996 Reward:7.619094417246567 Raw:12.380905582753433 Time:32568 TotalReward:1910.7440133927332
ETask 42-42: Configuration:12 Energy:31.876284737716 Reward:8.58162934768382 Raw:11.41837065231618 Time:32562 TotalReward:1942.6202981304493
ETask 43-43: Configuration:10 Energy:31.67713426073 Reward:8.652966831977313 Raw:11.347033168022687 Time:32535 TotalReward:1974.2974323911794
ETask 44-44: Configuration:5 Energy:35.811088325574 Reward:7.172147465466031 Raw:12.82785253453397 Time:32549 TotalReward:2010.1085207167534
ETask 45-45: Configuration:14 Energy:59.153789860863995 Reward:-1.1894172635930715 Raw:21.18941726359307 Time:32547 TotalReward:2069.2623105776174
ETask 46-46: Configuration:13 Energy:36.436346032500005 Reward:6.948174555522385 Raw:13.051825444477615 Time:32535 TotalReward:2105.6986566101173
ETask 47-47: Configuration:17 Energy:54.97668905625 Reward:0.3068576514925354 Raw:19.693142348507465 Time:32526 TotalReward:2160.6753456663673
ETask 48-48: Configuration:7 Energy:51.5311081443 Reward:1.5410955901014916 Raw:18.45890440989851 Time:32539 TotalReward:2212.2064538106674
ETask 49-49: Configuration:13 Energy:58.602301787249985 Reward:-0.9918692969253691 Raw:20.99186929692537 Time:32527 TotalReward:2270.8087555979173
ETask 50-50: Configuration:15 Energy:102.03039142605 Reward:-16.548199913808958 Raw:36.54819991380896 Time:32563 TotalReward:2372.839147023967
ETask 51-51: Configuration:13 Energy:36.105203169 Reward:7.066792894686566 Raw:12.933207105313434 Time:32545 TotalReward:2408.9443501929672
ETask 52-52: Configuration:5 Energy:36.6745297158 Reward:6.862855027176119 Raw:13.137144972823881 Time:32551 TotalReward:2445.618879908767
ETask 53-53: Configuration:13 Energy:69.92640759870001 Reward:-5.048265408489559 Raw:25.04826540848956 Time:32537 TotalReward:2515.545287507467
ETask 54-54: Configuration:16 Energy:41.4278108874 Reward:5.160187144811939 Raw:14.839812855188061 Time:32555 TotalReward:2556.973098394867
ETask 55-55: Configuration:13 Energy:32.088578004 Reward:8.505583998567165 Raw:11.494416001432835 Time:32530 TotalReward:2589.061676398867
ETask 56-56: Configuration:13 Energy:31.829924980799998 Reward:8.598235827773136 Raw:11.401764172226864 Time:32511 TotalReward:2620.891601379667
ETask 57-57: Configuration:13 Energy:31.766867297473002 Reward:8.620823654636535 Raw:11.379176345363465 Time:32509 TotalReward:2652.65846867714
ETask 58-58: Configuration:4 Energy:44.55416709909 Reward:4.0402983525647755 Raw:15.959701647435224 Time:32529 TotalReward:2697.21263577623
ETask 59-59: Configuration:14 Energy:32.634154081122 Reward:8.310153761986149 Raw:11.689846238013851 Time:32549 TotalReward:2729.8467898573517
ETask 60-60: Configuration:7 Energy:43.544494752187 Reward:4.401972029067339 Raw:15.59802797093266 Time:32552 TotalReward:2773.3912846095386
ETask 61-61: Configuration:2 Energy:39.090896343410996 Reward:5.997290862061734 Raw:14.002709137938266 Time:32544 TotalReward:2812.4821809529494
ETask 62-62: Configuration:15 Energy:75.30037347553699 Reward:-6.9732681106401095 Raw:26.97326811064011 Time:32557 TotalReward:2887.7825544284865
ETask 63-63: Configuration:4 Energy:88.24991047187099 Reward:-11.611908228729913 Raw:31.611908228729913 Time:32535 TotalReward:2976.0324649003574
ETask 64-64: Configuration:4 Energy:106.509910539636 Reward:-18.152803775392 Raw:38.152803775392 Time:32521 TotalReward:3082.5423754399935
ETask 65-65: Configuration:13 Energy:49.814013645165 Reward:2.1561742166573126 Raw:17.843825783342687 Time:32542 TotalReward:3132.3563890851583
ETask 66-66: Configuration:13 Energy:53.30298355980499 Reward:0.9063939487265671 Raw:19.093606051273433 Time:32506 TotalReward:3185.6593726449632
ETask 67-67: Configuration:13 Energy:35.618985666033 Reward:7.24096035843594 Raw:12.75903964156406 Time:32503 TotalReward:3221.2783583109963
ETask 68-68: Configuration:13 Energy:33.36059311174799 Reward:8.049936795791767 Raw:11.950063204208233 Time:32510 TotalReward:3254.6389514227444
ETask 69-69: Configuration:13 Energy:32.659156236095995 Reward:8.301197766174568 Raw:11.698802233825432 Time:32510 TotalReward:3287.2981076588403
ETask 70-70: Configuration:13 Energy:32.55220988912 Reward:8.339506905389852 Raw:11.660493094610148 Time:32505 TotalReward:3319.8503175479605
ETask 71-71: Configuration:15 Energy:36.301431129600005 Reward:6.996502281934326 Raw:13.003497718065674 Time:32563 TotalReward:3356.1517486775606
ETask 72-72: Configuration:15 Energy:47.667542111936 Reward:2.9250595419930754 Raw:17.074940458006925 Time:32505 TotalReward:3403.819290789497
ETask 73-73: Configuration:15 Energy:36.256775932416 Reward:7.012498173462925 Raw:12.987501826537075 Time:32506 TotalReward:3440.076066721913
ETask 74-74: Configuration:15 Energy:36.452185718336004 Reward:6.942500638207999 Raw:13.057499361792 Time:32509 TotalReward:3476.5282524402487
ETask 75-75: Configuration:15 Energy:40.504100721407994 Reward:5.491068398301614 Raw:14.508931601698386 Time:32512 TotalReward:3517.032353161657
ETask 76-76: Configuration:15 Energy:44.945794625536 Reward:3.9000138654796395 Raw:16.09998613452036 Time:32503 TotalReward:3561.978147787193
ETask 77-77: Configuration:15 Energy:40.127964781904 Reward:5.625803660213494 Raw:14.374196339786506 Time:32518 TotalReward:3602.106112569097
ETask 78-78: Configuration:15 Energy:36.974028042 Reward:6.7555720446567165 Raw:13.244427955343284 Time:32519 TotalReward:3639.0801406110972
ETask 79-79: Configuration:15 Energy:85.53640622841598 Reward:-10.639906708686322 Raw:30.639906708686322 Time:32506 TotalReward:3724.6165468395134
ETask 80-80: Configuration:15 Energy:52.78308398496 Reward:1.0926266322531362 Raw:18.907373367746864 Time:32504 TotalReward:3777.399630824473
ETask 81-81: Configuration:15 Energy:51.66557192706 Reward:1.4929294589635802 Raw:18.50707054103642 Time:32506 TotalReward:3829.0652027515334
ETask 82-82: Configuration:15 Energy:54.09080897471999 Reward:0.6241878299510475 Raw:19.375812170048953 Time:32510 TotalReward:3883.1560117262534
ETask 83-83: Configuration:15 Energy:49.92087568734 Reward:2.1178952761767142 Raw:17.882104723823286 Time:32516 TotalReward:3933.0768874135933
ETask 84-84: Configuration:7 Energy:50.69029757967 Reward:1.8422814639988054 Raw:18.157718536001195 Time:32548 TotalReward:3983.7671849932635
ETask 85-85: Configuration:15 Energy:41.17033234566001 Reward:5.252418264241191 Raw:14.747581735758809 Time:32525 TotalReward:4024.9375173389235
ETask 86-86: Configuration:15 Energy:36.219241406879995 Reward:7.025943376640001 Raw:12.97405662336 Time:32520 TotalReward:4061.1567587458035
ETask 87-87: Configuration:10 Energy:98.29652165088001 Reward:-15.21069432270329 Raw:35.21069432270329 Time:32540 TotalReward:4159.453280396683
ETask 88-88: Configuration:15 Energy:40.08366012294 Reward:5.641673985812535 Raw:14.358326014187465 Time:32544 TotalReward:4199.536940519623
ETask 89-89: Configuration:15 Energy:40.91361543444 Reward:5.344376560797615 Raw:14.655623439202385 Time:32515 TotalReward:4240.450555954063
ETask 90-90: Configuration:15 Energy:41.1061045416 Reward:5.275425238829849 Raw:14.724574761170151 Time:32507 TotalReward:4281.556660495663
ETask 91-91: Configuration:15 Energy:99.92208190391999 Reward:-15.792984562598207 Raw:35.79298456259821 Time:32512 TotalReward:4381.478742399583
ETask 92-92: Configuration:15 Energy:112.50584918649598 Reward:-20.3006026936702 Raw:40.3006026936702 Time:32503 TotalReward:4493.984591586079
ETask 93-93: Configuration:15 Energy:34.602941461248 Reward:7.6049164914932526 Raw:12.395083508506747 Time:32507 TotalReward:4528.587533047326
ETask 94-94: Configuration:15 Energy:34.54711379495999 Reward:7.624914461506869 Raw:12.375085538493131 Time:32517 TotalReward:4563.134646842286
ETask 95-95: Configuration:13 Energy:31.55685666544 Reward:8.696051343722985 Raw:11.303948656277015 Time:32538 TotalReward:4594.691503507726
ETask 96-96: Configuration:15 Energy:49.669544582600004 Reward:2.2079243286208943 Raw:17.792075671379106 Time:32530 TotalReward:4644.361048090326
ETask 97-97: Configuration:15 Energy:54.45689633744 Reward:0.4930520582304503 Raw:19.50694794176955 Time:32518 TotalReward:4698.817944427767
ETask 98-98: Configuration:17 Energy:97.64501722043998 Reward:-14.977319601351638 Raw:34.97731960135164 Time:32543 TotalReward:4796.462961648207
ETask 99-99: Configuration:15 Energy:105.85108144658001 Reward:-17.916805294297312 Raw:37.91680529429731 Time:32529 TotalReward:4902.314043094787
ETask 100-100: Configuration:15 Energy:36.50134600119 Reward:6.924890984648359 Raw:13.075109015351641 Time:32506 TotalReward:4938.815389095977
ETask 101-101: Configuration:15 Energy:36.051526115600005 Reward:7.086020495904476 Raw:12.913979504095524 Time:32503 TotalReward:4974.866915211576
ETask 102-102: Configuration:15 Energy:36.72553732966799 Reward:6.844583643104002 Raw:13.155416356895998 Time:32521 TotalReward:5011.592452541245
ETask 103-103: Configuration:15 Energy:36.595308753568 Reward:6.891232685289076 Raw:13.108767314710924 Time:32502 TotalReward:5048.187761294813
ETask 104-104: Configuration:15 Energy:36.3456281674 Reward:6.980670507199999 Raw:13.0193294928 Time:32507 TotalReward:5084.533389462213
ETask 105-105: Configuration:15 Energy:48.459002702448 Reward:2.6415512707648965 Raw:17.358448729235104 Time:32509 TotalReward:5132.9923921646605
ETask 106-106: Configuration:15 Energy:36.656266456188 Reward:6.869397090320717 Raw:13.130602909679283 Time:32510 TotalReward:5169.648658620848
ETask 107-107: Configuration:15 Energy:43.237298798208 Reward:4.512012370791162 Raw:15.487987629208838 Time:32502 TotalReward:5212.8859574190565
ETask 108-108: Configuration:15 Energy:52.283925575489995 Reward:1.2714296446005982 Raw:18.728570355399402 Time:32506 TotalReward:5265.169882994546
ETask 109-109: Configuration:15 Energy:59.550322656596 Reward:-1.3314588620642382 Raw:21.33145886206424 Time:32517 TotalReward:5324.720205651142
ETask 110-110: Configuration:15 Energy:113.59959019962 Reward:-20.692390519266866 Raw:40.692390519266866 Time:32512 TotalReward:5438.319795850763
ETask 111-111: Configuration:15 Energy:36.43010656525001 Reward:6.950409588567162 Raw:13.049590411432838 Time:32503 TotalReward:5474.749902416012
ETask 112-112: Configuration:15 Energy:39.386668266204 Reward:5.891342710613493 Raw:14.108657289386507 Time:32510 TotalReward:5514.136570682216
ETask 113-113: Configuration:15 Energy:52.07495794771601 Reward:1.346283720221134 Raw:18.653716279778866 Time:32508 TotalReward:5566.211528629932
ETask 114-114: Configuration:15 Energy:62.14328494499999 Reward:-2.2602811743283553 Raw:22.260281174328355 Time:32508 TotalReward:5628.354813574932
ETask 115-115: Configuration:15 Energy:48.28539562136399 Reward:2.7037388818994685 Raw:17.29626111810053 Time:32504 TotalReward:5676.640209196296
ETask 116-116: Configuration:15 Energy:47.679398912652 Reward:2.9208123297962985 Raw:17.0791876702037 Time:32507 TotalReward:5724.319608108948
ETask 117-117: Configuration:15 Energy:40.709129516064 Reward:5.417625247977075 Raw:14.582374752022925 Time:32509 TotalReward:5765.028737625013
ETask 118-118: Configuration:15 Energy:48.23180123881 Reward:2.7229368696799945 Raw:17.277063130320006 Time:32514 TotalReward:5813.260538863822
ETask 119-119: Configuration:15 Energy:55.142383176944 Reward:0.24750453363199654 Raw:19.752495466368003 Time:32514 TotalReward:5868.4029220407665
ETask 120-120: Configuration:15 Energy:89.1693682042 Reward:-11.941266222399996 Raw:31.941266222399996 Time:32516 TotalReward:5957.572290244966
ETask 121-121: Configuration:15 Energy:38.526543303125 Reward:6.199447174999996 Raw:13.800552825000004 Time:32510 TotalReward:5996.0988335480915
ERun: Time:3941009
==END-RUN 3==
==ROUND-END==
STOKE: Config: 0 - Knobs: {interval:10000 priority:104 sensor-configuration:1 batch:5 }  | -- on:1 reward:4.2490
STOKE: Config: 1 - Knobs: {interval:7750 priority:104 sensor-configuration:1 batch:5 }  | -- on:2 reward:5.2601
STOKE: Config: 2 - Knobs: {interval:5500 priority:104 sensor-configuration:1 batch:5 }  | -- on:3 reward:4.8586
STOKE: Config: 3 - Knobs: {interval:3500 priority:104 sensor-configuration:1 batch:5 }  | -- on:3 reward:6.9815
STOKE: Config: 4 - Knobs: {interval:1000 priority:104 sensor-configuration:1 batch:5 }  | -- on:4 reward:-4.9122
STOKE: Config: 5 - Knobs: {interval:10000 priority:100 sensor-configuration:1 batch:5 }  | -- on:4 reward:5.2371
STOKE: Config: 6 - Knobs: {interval:7750 priority:100 sensor-configuration:1 batch:5 }  | -- on:1 reward:5.8555
STOKE: Config: 7 - Knobs: {interval:5500 priority:100 sensor-configuration:1 batch:5 }  | -- on:7 reward:3.4181
STOKE: Config: 8 - Knobs: {interval:3500 priority:100 sensor-configuration:1 batch:5 }  | -- on:2 reward:3.9472
STOKE: Config: 9 - Knobs: {interval:1000 priority:100 sensor-configuration:1 batch:5 }  | -- on:1 reward:5.6341
STOKE: Config: 10 - Knobs: {interval:10000 priority:104 sensor-configuration:1 batch:1 }  | -- on:5 reward:2.6274
STOKE: Config: 11 - Knobs: {interval:7750 priority:104 sensor-configuration:1 batch:1 }  | -- on:2 reward:8.1299
STOKE: Config: 12 - Knobs: {interval:5500 priority:104 sensor-configuration:1 batch:1 }  | -- on:6 reward:4.0654
STOKE: Config: 13 - Knobs: {interval:3500 priority:104 sensor-configuration:1 batch:1 }  | -- on:16 reward:4.1623
STOKE: Config: 14 - Knobs: {interval:1000 priority:104 sensor-configuration:1 batch:1 }  | -- on:4 reward:3.7024
STOKE: Config: 15 - Knobs: {interval:10000 priority:100 sensor-configuration:1 batch:1 }  | -- on:51 reward:1.3084
STOKE: Config: 16 - Knobs: {interval:7750 priority:100 sensor-configuration:1 batch:1 }  | -- on:3 reward:5.5644
STOKE: Config: 17 - Knobs: {interval:5500 priority:100 sensor-configuration:1 batch:1 }  | -- on:3 reward:-2.4769
STOKE: Config: 18 - Knobs: {interval:3500 priority:100 sensor-configuration:1 batch:1 }  | -- on:1 reward:-12.5323
STOKE: Config: 19 - Knobs: {interval:1000 priority:100 sensor-configuration:1 batch:1 }  | -- on:2 reward:-10.7040
