STOKE: Start Bat: 1.000000
ETask 121: Configuration:0 Energy:3.00 Power:3.00 Reward:3.00 Time:1005
ETask 122: Configuration:0 Energy:3.00 Power:3.00 Reward:3.00 Time:1022
ETask 123: Configuration:0 Energy:3.00 Power:3.00 Reward:3.00 Time:1011
ETask 124: Configuration:0 Energy:3.20 Power:3.20 Reward:3.20 Time:1024
ETask 125: Configuration:0 Energy:3.20 Power:3.20 Reward:3.20 Time:1011
ETask 126: Configuration:0 Energy:3.10 Power:3.10 Reward:3.10 Time:1023
ETask 127: Configuration:0 Energy:3.00 Power:3.00 Reward:3.00 Time:1013
ETask 128: Configuration:0 Energy:3.00 Power:3.00 Reward:3.00 Time:1022
ETask 129: Configuration:0 Energy:3.20 Power:3.20 Reward:3.20 Time:1010
ETask 130: Configuration:0 Energy:3.20 Power:3.20 Reward:3.20 Time:1020
ETask 131: Configuration:0 Energy:3.10 Power:3.10 Reward:3.10 Time:1012
ETask 132: Configuration:0 Energy:3.00 Power:3.00 Reward:3.00 Time:1020
ETask 133: Configuration:0 Energy:3.00 Power:3.00 Reward:3.00 Time:1007
ETask 134: Configuration:0 Energy:3.00 Power:3.00 Reward:3.00 Time:1019
ETask 135: Configuration:0 Energy:3.20 Power:3.20 Reward:3.20 Time:1011
ETask 136: Configuration:0 Energy:3.20 Power:3.20 Reward:3.20 Time:1023
ETask 137: Configuration:0 Energy:3.10 Power:3.10 Reward:3.10 Time:1012
ETask 138: Configuration:0 Energy:3.00 Power:3.00 Reward:3.00 Time:1021
ETask 139: Configuration:0 Energy:2.90 Power:2.90 Reward:2.90 Time:1011
ETask 140: Configuration:0 Energy:3.00 Power:3.00 Reward:3.00 Time:1023
ETask 141: Configuration:0 Energy:3.10 Power:3.10 Reward:3.10 Time:1012
ETask 142: Configuration:0 Energy:3.00 Power:3.00 Reward:3.00 Time:1024
ETask 143: Configuration:0 Energy:2.90 Power:2.90 Reward:2.90 Time:1010
ETask 144: Configuration:0 Energy:3.00 Power:3.00 Reward:3.00 Time:1022
ETask 145: Configuration:0 Energy:3.10 Power:3.10 Reward:3.10 Time:1008
ETask 146: Configuration:0 Energy:3.10 Power:3.10 Reward:3.10 Time:1020
ETask 147: Configuration:0 Energy:3.00 Power:3.00 Reward:3.00 Time:1012
ETask 148: Configuration:0 Energy:2.90 Power:2.90 Reward:2.90 Time:1019
ETask 149: Configuration:0 Energy:3.00 Power:3.00 Reward:3.00 Time:1008
ETask 150: Configuration:0 Energy:3.10 Power:3.10 Reward:3.10 Time:1022
ETask 151: Configuration:0 Energy:3.10 Power:3.10 Reward:3.10 Time:1012
ETask 152: Configuration:0 Energy:3.00 Power:3.00 Reward:3.00 Time:1023
ETask 153: Configuration:0 Energy:2.90 Power:2.90 Reward:2.90 Time:1008
ETask 154: Configuration:0 Energy:3.00 Power:3.00 Reward:3.00 Time:1020
ETask 155: Configuration:0 Energy:3.20 Power:3.20 Reward:3.20 Time:1014
ETask 156: Configuration:0 Energy:3.20 Power:3.20 Reward:3.20 Time:1017
ETask 157: Configuration:0 Energy:3.10 Power:3.10 Reward:3.10 Time:1009
ETask 158: Configuration:0 Energy:3.20 Power:3.20 Reward:3.20 Time:1019
ETask 159: Configuration:0 Energy:3.20 Power:3.20 Reward:3.20 Time:1011
ETask 160: Configuration:0 Energy:3.40 Power:3.40 Reward:3.40 Time:1013
ETask 161: Configuration:0 Energy:3.60 Power:3.60 Reward:3.60 Time:1011
ETask 162: Configuration:0 Energy:3.60 Power:3.60 Reward:3.60 Time:1020
ETask 163: Configuration:0 Energy:3.50 Power:3.50 Reward:3.50 Time:1008
ETask 164: Configuration:0 Energy:3.40 Power:3.40 Reward:3.40 Time:1016
ETask 165: Configuration:0 Energy:3.50 Power:3.50 Reward:3.50 Time:1013
ETask 166: Configuration:0 Energy:3.70 Power:3.70 Reward:3.70 Time:1023
ETask 167: Configuration:0 Energy:3.70 Power:3.70 Reward:3.70 Time:1011
ETask 168: Configuration:0 Energy:3.60 Power:3.60 Reward:3.60 Time:1019
ETask 169: Configuration:0 Energy:3.50 Power:3.50 Reward:3.50 Time:1006
ETask 170: Configuration:0 Energy:3.70 Power:3.70 Reward:3.70 Time:1022
ETask 171: Configuration:0 Energy:3.80 Power:3.80 Reward:3.80 Time:1010
STOKE: End Bat: 1.000000
STOKE: Usage Bat: 0.000000
ERun: Reward:162.50 PostConfigReward:0.00 Time:52709
