==RUN 0==
Bandit Runs:1 Tasks-in-Run:100
Self-Optimizer Rounds:0 Tasks-in-Round:0
Continuous Knob Rounds:Inf Tasks-in-Round:0
STOKE: Start Bat: 0.800000
MAPSME_GPS_RATE: 10000
MAPSME_GPS_PRIORITY: High Accuracy
MAPSME_GPS_BATCH: 1x

MAPSME_GPS_RATE: 10000
MAPSME_GPS_PRIORITY: High Accuracy
MAPSME_GPS_BATCH: 1x

MAPSME_GPS_RATE: 10000
MAPSME_GPS_PRIORITY: High Accuracy
MAPSME_GPS_BATCH: 1x

MAPSME_GPS_RATE: 10000
MAPSME_GPS_PRIORITY: High Accuracy
MAPSME_GPS_BATCH: 1x

ETask 1: Configuration:0 Energy:0.0 Power:0.0 Reward:73.02957782857099 Time:32513 TotalReward:73.02957782857099
ETask 2: Configuration:1 Energy:0.0 Power:0.0 Reward:68.222994292674 Time:32622 TotalReward:141.252572121245
ETask 3: Configuration:2 Energy:0.0 Power:0.0 Reward:47.374997792954005 Time:32609 TotalReward:188.627569914199
ETask 4: Configuration:3 Energy:0.0 Power:0.0 Reward:37.019092889220005 Time:32542 TotalReward:225.64666280341902
ETask 5: Configuration:4 Energy:0.0 Power:0.0 Reward:54.369357616002006 Time:32533 TotalReward:280.016020419421
ETask 6: Configuration:5 Energy:0.0 Power:0.0 Reward:118.00934334160401 Time:32527 TotalReward:398.025363761025
ETask 7: Configuration:6 Energy:0.0 Power:0.0 Reward:101.56824014201999 Time:32547 TotalReward:499.593603903045
ETask 8: Configuration:4 Energy:0.0 Power:0.0 Reward:59.08942809198 Time:32542 TotalReward:558.683031995025
ETask 9: Configuration:4 Energy:0.0 Power:0.0 Reward:66.47435861724 Time:32508 TotalReward:625.157390612265
ETask 10: Configuration:4 Energy:0.0 Power:0.0 Reward:78.16831155123 Time:32507 TotalReward:703.325702163495
ETask 11: Configuration:3 Energy:0.0 Power:0.0 Reward:62.67398092692 Time:32549 TotalReward:765.9996830904149
ETask 12: Configuration:3 Energy:0.0 Power:0.0 Reward:65.86267794876 Time:32514 TotalReward:831.8623610391749
ETask 13: Configuration:3 Energy:0.0 Power:0.0 Reward:86.02419664866001 Time:32507 TotalReward:917.8865576878349
ETask 14: Configuration:2 Energy:0.0 Power:0.0 Reward:34.93802033543 Time:32555 TotalReward:952.8245780232648
ETask 15: Configuration:2 Energy:0.0 Power:0.0 Reward:69.4413985608 Time:32508 TotalReward:1022.2659765840649
ETask 16: Configuration:2 Energy:0.0 Power:0.0 Reward:72.24836174211599 Time:32506 TotalReward:1094.514338326181
ETask 17: Configuration:2 Energy:0.0 Power:0.0 Reward:69.19641064665 Time:32515 TotalReward:1163.710748972831
ETask 18: Configuration:2 Energy:0.0 Power:0.0 Reward:84.363166877535 Time:32509 TotalReward:1248.073915850366
ETask 19: Configuration:5 Energy:0.0 Power:0.0 Reward:49.582201924079996 Time:32540 TotalReward:1297.6561177744459
ETask 20: Configuration:3 Energy:0.0 Power:0.0 Reward:93.148909878024 Time:32552 TotalReward:1390.8050276524698
ETask 21: Configuration:2 Energy:0.0 Power:0.0 Reward:80.955634862088 Time:32548 TotalReward:1471.7606625145577
ETask 22: Configuration:6 Energy:0.0 Power:0.0 Reward:84.54475459294198 Time:32541 TotalReward:1556.3054171074996
ETask 23: Configuration:4 Energy:0.0 Power:0.0 Reward:74.01563818160399 Time:32556 TotalReward:1630.3210552891035
ETask 24: Configuration:2 Energy:0.0 Power:0.0 Reward:70.97063955565498 Time:32543 TotalReward:1701.2916948447585
ETask 25: Configuration:2 Energy:0.0 Power:0.0 Reward:45.700077491711994 Time:32512 TotalReward:1746.9917723364704
ETask 26: Configuration:2 Energy:0.0 Power:0.0 Reward:37.011145442228994 Time:32507 TotalReward:1784.0029177786994
ETask 27: Configuration:2 Energy:0.0 Power:0.0 Reward:38.837022721024 Time:32512 TotalReward:1822.8399404997233
ETask 28: Configuration:2 Energy:0.0 Power:0.0 Reward:40.255585994536 Time:32509 TotalReward:1863.0955264942593
ETask 29: Configuration:2 Energy:0.0 Power:0.0 Reward:71.24062173844 Time:32515 TotalReward:1934.3361482326993
ETask 30: Configuration:2 Energy:0.0 Power:0.0 Reward:65.712451643344 Time:32507 TotalReward:2000.0485998760432
ETask 31: Configuration:2 Energy:0.0 Power:0.0 Reward:66.275753550336 Time:32512 TotalReward:2066.3243534263793
ETask 32: Configuration:2 Energy:0.0 Power:0.0 Reward:37.470443314121994 Time:32507 TotalReward:2103.794796740501
ETask 33: Configuration:2 Energy:0.0 Power:0.0 Reward:35.103463974963 Time:32511 TotalReward:2138.898260715464
ETask 34: Configuration:2 Energy:0.0 Power:0.0 Reward:38.41937378298 Time:32514 TotalReward:2177.317634498444
ETask 35: Configuration:6 Energy:0.0 Power:0.0 Reward:72.072141039756 Time:32539 TotalReward:2249.3897755382
ETask 36: Configuration:2 Energy:0.0 Power:0.0 Reward:39.705510288347995 Time:32556 TotalReward:2289.0952858265478
ETask 37: Configuration:2 Energy:0.0 Power:0.0 Reward:37.84270649054999 Time:32510 TotalReward:2326.9379923170977
ETask 38: Configuration:2 Energy:0.0 Power:0.0 Reward:80.84843642265 Time:32506 TotalReward:2407.786428739748
ETask 39: Configuration:2 Energy:0.0 Power:0.0 Reward:65.63667344793001 Time:32511 TotalReward:2473.423102187678
ETask 40: Configuration:2 Energy:0.0 Power:0.0 Reward:45.99951690100001 Time:32506 TotalReward:2519.422619088678
ETask 41: Configuration:3 Energy:0.0 Power:0.0 Reward:38.0131966929 Time:32555 TotalReward:2557.4358157815777
ETask 42: Configuration:2 Energy:0.0 Power:0.0 Reward:51.338765449529994 Time:32562 TotalReward:2608.7745812311077
ETask 43: Configuration:2 Energy:0.0 Power:0.0 Reward:54.2808419907 Time:32507 TotalReward:2663.055423221808
ETask 44: Configuration:2 Energy:0.0 Power:0.0 Reward:57.144841702650005 Time:32514 TotalReward:2720.2002649244578
ETask 45: Configuration:2 Energy:0.0 Power:0.0 Reward:60.692229945164996 Time:32507 TotalReward:2780.8924948696226
ETask 46: Configuration:2 Energy:0.0 Power:0.0 Reward:35.594978283150006 Time:32505 TotalReward:2816.4874731527725
ETask 47: Configuration:2 Energy:0.0 Power:0.0 Reward:33.318826933392 Time:32516 TotalReward:2849.8063000861644
ETask 48: Configuration:2 Energy:0.0 Power:0.0 Reward:34.844831404488 Time:32507 TotalReward:2884.6511314906525
ETask 49: Configuration:2 Energy:0.0 Power:0.0 Reward:37.993103212781996 Time:32507 TotalReward:2922.6442347034344
ETask 50: Configuration:2 Energy:0.0 Power:0.0 Reward:38.889804607848006 Time:32514 TotalReward:2961.5340393112824
ETask 51: Configuration:2 Energy:0.0 Power:0.0 Reward:74.063607338934 Time:32509 TotalReward:3035.5976466502166
ETask 52: Configuration:2 Energy:0.0 Power:0.0 Reward:35.420280927336 Time:32514 TotalReward:3071.0179275775527
ETask 53: Configuration:0 Energy:0.0 Power:0.0 Reward:38.7955138032 Time:32550 TotalReward:3109.8134413807525
ETask 54: Configuration:1 Energy:0.0 Power:0.0 Reward:69.72207041205 Time:32550 TotalReward:3179.5355117928025
ETask 55: Configuration:0 Energy:0.0 Power:0.0 Reward:66.05589156191999 Time:32542 TotalReward:3245.5914033547224
ETask 56: Configuration:0 Energy:0.0 Power:0.0 Reward:35.72092288476001 Time:32520 TotalReward:3281.3123262394824
ETask 57: Configuration:0 Energy:0.0 Power:0.0 Reward:37.923455385045 Time:32509 TotalReward:3319.2357816245276
ETask 58: Configuration:2 Energy:0.0 Power:0.0 Reward:69.99408232325999 Time:32535 TotalReward:3389.2298639477876
ETask 59: Configuration:2 Energy:0.0 Power:0.0 Reward:38.744798157036 Time:32511 TotalReward:3427.9746621048234
ETask 60: Configuration:2 Energy:0.0 Power:0.0 Reward:52.67016712112401 Time:32508 TotalReward:3480.6448292259474
ETask 61: Configuration:0 Energy:0.0 Power:0.0 Reward:35.152330068287995 Time:32544 TotalReward:3515.7971592942354
ETask 62: Configuration:2 Energy:0.0 Power:0.0 Reward:40.10847565616399 Time:32547 TotalReward:3555.9056349503994
ETask 63: Configuration:2 Energy:0.0 Power:0.0 Reward:35.116685190822004 Time:32511 TotalReward:3591.0223201412214
ETask 64: Configuration:2 Energy:0.0 Power:0.0 Reward:97.32993070303999 Time:32515 TotalReward:3688.3522508442616
ETask 65: Configuration:2 Energy:0.0 Power:0.0 Reward:56.77924280190301 Time:32517 TotalReward:3745.1314936461645
ETask 66: Configuration:1 Energy:0.0 Power:0.0 Reward:53.7594569482 Time:32545 TotalReward:3798.8909505943643
ETask 67: Configuration:2 Energy:0.0 Power:0.0 Reward:50.559500542724 Time:32548 TotalReward:3849.4504511370883
ETask 68: Configuration:2 Energy:0.0 Power:0.0 Reward:73.722800980092 Time:32511 TotalReward:3923.1732521171803
ETask 69: Configuration:2 Energy:0.0 Power:0.0 Reward:49.756794519552 Time:32504 TotalReward:3972.930046636732
ETask 70: Configuration:2 Energy:0.0 Power:0.0 Reward:79.10038750428001 Time:32510 TotalReward:4052.0304341410124
ETask 71: Configuration:2 Energy:0.0 Power:0.0 Reward:81.352380880599 Time:32507 TotalReward:4133.382815021611
ETask 72: Configuration:2 Energy:0.0 Power:0.0 Reward:130.02039974143997 Time:32504 TotalReward:4263.403214763051
ETask 73: Configuration:2 Energy:0.0 Power:0.0 Reward:74.756117453376 Time:32502 TotalReward:4338.159332216427
ETask 74: Configuration:2 Energy:0.0 Power:0.0 Reward:35.402448266382 Time:32514 TotalReward:4373.561780482809
ETask 75: Configuration:2 Energy:0.0 Power:0.0 Reward:37.92559603392001 Time:32508 TotalReward:4411.487376516729
ETask 76: Configuration:2 Energy:0.0 Power:0.0 Reward:40.17795113612001 Time:32518 TotalReward:4451.665327652849
ETask 77: Configuration:2 Energy:0.0 Power:0.0 Reward:55.509629536152 Time:32504 TotalReward:4507.174957189
ETask 78: Configuration:2 Energy:0.0 Power:0.0 Reward:40.372720150149 Time:32517 TotalReward:4547.547677339149
ETask 79: Configuration:5 Energy:0.0 Power:0.0 Reward:78.17618024143201 Time:32526 TotalReward:4625.723857580581
ETask 80: Configuration:0 Energy:0.0 Power:0.0 Reward:40.295851579638004 Time:32533 TotalReward:4666.0197091602195
ETask 81: Configuration:2 Energy:0.0 Power:0.0 Reward:69.96058034250599 Time:32537 TotalReward:4735.980289502725
ETask 82: Configuration:2 Energy:0.0 Power:0.0 Reward:40.291704080478006 Time:32514 TotalReward:4776.271993583203
ETask 83: Configuration:2 Energy:0.0 Power:0.0 Reward:42.183759753215995 Time:32512 TotalReward:4818.455753336419
ETask 84: Configuration:2 Energy:0.0 Power:0.0 Reward:41.415608942531996 Time:32516 TotalReward:4859.871362278951
ETask 85: Configuration:2 Energy:0.0 Power:0.0 Reward:159.237875680569 Time:32507 TotalReward:5019.10923795952
ETask 86: Configuration:2 Energy:0.0 Power:0.0 Reward:86.78147738015599 Time:32507 TotalReward:5105.890715339676
ETask 87: Configuration:2 Energy:0.0 Power:0.0 Reward:84.86805977020201 Time:32511 TotalReward:5190.758775109878
ETask 88: Configuration:2 Energy:0.0 Power:0.0 Reward:86.738591405412 Time:32517 TotalReward:5277.49736651529
ETask 89: Configuration:2 Energy:0.0 Power:0.0 Reward:93.877663331896 Time:32506 TotalReward:5371.375029847186
ETask 90: Configuration:2 Energy:0.0 Power:0.0 Reward:38.684313457794005 Time:32517 TotalReward:5410.05934330498
ETask 91: Configuration:2 Energy:0.0 Power:0.0 Reward:39.569721856019996 Time:32506 TotalReward:5449.629065161
ETask 92: Configuration:2 Energy:0.0 Power:0.0 Reward:75.38517710010002 Time:32511 TotalReward:5525.0142422611
ETask 93: Configuration:5 Energy:0.0 Power:0.0 Reward:63.589807838325996 Time:32531 TotalReward:5588.604050099426
ETask 94: Configuration:2 Energy:0.0 Power:0.0 Reward:49.806625778699996 Time:32550 TotalReward:5638.410675878126
ETask 95: Configuration:2 Energy:0.0 Power:0.0 Reward:39.79402152206799 Time:32509 TotalReward:5678.204697400194
ETask 96: Configuration:2 Energy:0.0 Power:0.0 Reward:68.609102198758 Time:32509 TotalReward:5746.813799598952
ETask 97: Configuration:2 Energy:0.0 Power:0.0 Reward:202.88677710334 Time:32510 TotalReward:5949.700576702292
ETask 98: Configuration:0 Energy:0.0 Power:0.0 Reward:34.0392936114 Time:32550 TotalReward:5983.739870313692
ETask 99: Configuration:0 Energy:0.0 Power:0.0 Reward:33.83916483981 Time:32506 TotalReward:6017.579035153502
ETask 100: Configuration:0 Energy:0.0 Power:0.0 Reward:35.359542520335005 Time:32505 TotalReward:6052.938577673837
ETask 101: Configuration:0 Energy:0.0 Power:0.0 Reward:35.330826069528 Time:32514 TotalReward:6088.269403743365
ETask 102: Configuration:0 Energy:0.0 Power:0.0 Reward:35.014094357 Time:32524 TotalReward:6123.283498100365
ETask 103: Configuration:0 Energy:0.0 Power:0.0 Reward:38.77757305422001 Time:32545 TotalReward:6162.061071154585
ETask 104: Configuration:0 Energy:0.0 Power:0.0 Reward:52.049066928804 Time:32524 TotalReward:6214.110138083389
ETask 105: Configuration:0 Energy:0.0 Power:0.0 Reward:42.054116476614 Time:32514 TotalReward:6256.1642545600025
ETask 106: Configuration:0 Energy:0.0 Power:0.0 Reward:39.390986503968 Time:32523 TotalReward:6295.55524106397
ETask 107: Configuration:0 Energy:0.0 Power:0.0 Reward:78.042236754944 Time:32519 TotalReward:6373.597477818914
ETask 108: Configuration:0 Energy:0.0 Power:0.0 Reward:81.873154656832 Time:32522 TotalReward:6455.470632475746
ERun: Time:3514023
==END-RUN 0==
STOKE: Config: 0 - Knobs: {interval:10000 priority:100 sensor-configuration:1 batch:1 }  | -- on:18 joules:46.26 reward:0.9549
STOKE: Config: 1 - Knobs: {interval:8000 priority:100 sensor-configuration:1 batch:1 }  | -- on:3 joules:63.90 reward:0.4936
STOKE: Config: 2 - Knobs: {interval:5000 priority:100 sensor-configuration:1 batch:1 }  | -- on:69 joules:60.12 reward:0.4998
STOKE: Config: 3 - Knobs: {interval:4000 priority:100 sensor-configuration:1 batch:1 }  | -- on:6 joules:63.79 reward:0.4938
STOKE: Config: 4 - Knobs: {interval:3000 priority:100 sensor-configuration:1 batch:1 }  | -- on:5 joules:66.42 reward:0.4894
STOKE: Config: 5 - Knobs: {interval:2000 priority:100 sensor-configuration:1 batch:1 }  | -- on:4 joules:77.34 reward:0.4715
STOKE: Config: 6 - Knobs: {interval:1000 priority:100 sensor-configuration:1 batch:1 }  | -- on:3 joules:86.06 reward:0.4572
ERROR: We got 'done' signal before finishing experiment!
STOKE: Config: 0 - Knobs: {interval:10000 priority:100 sensor-configuration:1 batch:1 }  | -- on:18 joules:46.26 reward:0.9549
STOKE: Config: 1 - Knobs: {interval:8000 priority:100 sensor-configuration:1 batch:1 }  | -- on:3 joules:63.90 reward:0.4936
STOKE: Config: 2 - Knobs: {interval:5000 priority:100 sensor-configuration:1 batch:1 }  | -- on:69 joules:60.12 reward:0.4998
STOKE: Config: 3 - Knobs: {interval:4000 priority:100 sensor-configuration:1 batch:1 }  | -- on:6 joules:63.79 reward:0.4938
STOKE: Config: 4 - Knobs: {interval:3000 priority:100 sensor-configuration:1 batch:1 }  | -- on:5 joules:66.42 reward:0.4894
STOKE: Config: 5 - Knobs: {interval:2000 priority:100 sensor-configuration:1 batch:1 }  | -- on:4 joules:77.34 reward:0.4715
STOKE: Config: 6 - Knobs: {interval:1000 priority:100 sensor-configuration:1 batch:1 }  | -- on:3 joules:86.06 reward:0.4572
