==RUN 0==
Bandit Runs:1 Tasks-in-Run:100
Self-Optimizer Rounds:0 Tasks-in-Round:0
Continuous Knob Rounds:Inf Tasks-in-Round:0
STOKE: Start Bat: 0.950000
ETask 1-1: Configuration:0 Energy:43.62486687702 Reward:4.37318201420179 Raw:15.62681798579821 Time:32516 TotalReward:43.62486687702
ETask 2-2: Configuration:1 Energy:82.6134876747 Reward:-9.592891107355225 Raw:29.592891107355225 Time:32528 TotalReward:126.23835455172
ETask 3-3: Configuration:2 Energy:37.43072651808 Reward:6.59197856068776 Raw:13.40802143931224 Time:32538 TotalReward:163.6690810698
ETask 4-4: Configuration:3 Energy:89.76613247867999 Reward:-12.155032529676419 Raw:32.15503252967642 Time:32529 TotalReward:253.43521354848
ETask 5-5: Configuration:4 Energy:81.00508301064897 Reward:-9.016746153068294 Raw:29.016746153068294 Time:32523 TotalReward:334.44029655912897
ETask 6-6: Configuration:5 Energy:40.323931432596 Reward:5.555606651010386 Raw:14.444393348989614 Time:32564 TotalReward:374.76422799172497
ETask 7-7: Configuration:6 Energy:51.42430933667999 Reward:1.5793518793982138 Raw:18.420648120601786 Time:32539 TotalReward:426.18853732840495
ETask 8-8: Configuration:7 Energy:37.891635282732004 Reward:6.426876913648234 Raw:13.573123086351766 Time:32528 TotalReward:464.08017261113696
ETask 9-9: Configuration:8 Energy:41.86359384015899 Reward:5.004085788599763 Raw:14.995914211400237 Time:32527 TotalReward:505.94376645129597
ETask 10-10: Configuration:9 Energy:113.26960283914798 Reward:-20.5741860916351 Raw:40.5741860916351 Time:32533 TotalReward:619.213369290444
ETask 11-11: Configuration:10 Energy:38.208103869851996 Reward:6.313515031694807 Raw:13.686484968305193 Time:32534 TotalReward:657.421473160296
ETask 12-12: Configuration:11 Energy:36.38079941579999 Reward:6.968071851056719 Raw:13.031928148943281 Time:32542 TotalReward:693.802272576096
ETask 13-13: Configuration:12 Energy:97.86533520773997 Reward:-15.056239477399401 Raw:35.0562394773994 Time:32553 TotalReward:791.667607783836
ETask 14-14: Configuration:13 Energy:45.242606977188004 Reward:3.793693023096832 Raw:16.206306976903168 Time:32540 TotalReward:836.910214761024
ETask 15-15: Configuration:14 Energy:39.63819683177999 Reward:5.8012429259295555 Raw:14.198757074070445 Time:32526 TotalReward:876.548411592804
ETask 16-16: Configuration:15 Energy:54.25609294163999 Reward:0.5649816328453738 Raw:19.435018367154626 Time:32533 TotalReward:930.8045045344439
ETask 17-17: Configuration:16 Energy:53.711567263536 Reward:0.7600356070915808 Raw:19.23996439290842 Time:32554 TotalReward:984.51607179798
ETask 18-18: Configuration:17 Energy:96.02365691829598 Reward:-14.396533821479153 Raw:34.39653382147915 Time:32534 TotalReward:1080.539728716276
ETask 19-19: Configuration:18 Energy:51.106507160532004 Reward:1.6931914648840554 Raw:18.306808535115945 Time:32525 TotalReward:1131.6462358768079
ETask 20-20: Configuration:19 Energy:78.852074558016 Reward:-8.245519244662447 Raw:28.245519244662447 Time:32532 TotalReward:1210.498310434824
ETask 21-21: Configuration:14 Energy:36.698902190064 Reward:6.854124588633791 Raw:13.145875411366209 Time:32529 TotalReward:1247.197212624888
ETask 22-22: Configuration:15 Energy:40.0509780057 Reward:5.653381012883582 Raw:14.346618987116418 Time:32539 TotalReward:1287.248190630588
ETask 23-23: Configuration:5 Energy:39.80200721118 Reward:5.74256458106985 Raw:14.25743541893015 Time:32574 TotalReward:1327.0501978417678
ETask 24-24: Configuration:8 Energy:41.315765825039996 Reward:5.200322689537911 Raw:14.799677310462089 Time:32531 TotalReward:1368.3659636668078
ETask 25-25: Configuration:17 Energy:39.03023629632 Reward:6.0190198341540295 Raw:13.98098016584597 Time:32537 TotalReward:1407.3961999631279
ETask 26-26: Configuration:1 Energy:36.4297191039 Reward:6.9505483806925366 Raw:13.049451619307463 Time:32547 TotalReward:1443.8259190670278
ETask 27-27: Configuration:16 Energy:36.41004622818001 Reward:6.957595380950444 Raw:13.042404619049556 Time:32542 TotalReward:1480.2359652952077
ETask 28-28: Configuration:11 Energy:41.15375493243 Reward:5.2583564421146285 Raw:14.741643557885372 Time:32536 TotalReward:1521.3897202276378
ETask 29-29: Configuration:15 Energy:41.98254253667999 Reward:4.961477300293733 Raw:15.038522699706267 Time:32533 TotalReward:1563.3722627643178
ETask 30-30: Configuration:1 Energy:36.3692909667 Reward:6.972194280585073 Raw:13.027805719414927 Time:32551 TotalReward:1599.7415537310178
ETask 31-31: Configuration:7 Energy:49.47854213024999 Reward:2.2763431175223907 Raw:17.72365688247761 Time:32537 TotalReward:1649.2200958612677
ETask 32-32: Configuration:18 Energy:78.14732390565 Reward:-7.993071249785071 Raw:27.99307124978507 Time:32527 TotalReward:1727.3674197669177
ETask 33-33: Configuration:11 Energy:36.51770237592 Reward:6.919031984745075 Raw:13.080968015254925 Time:32531 TotalReward:1763.8851221428376
ETask 34-34: Configuration:1 Energy:35.814638112 Reward:7.170875900179105 Raw:12.829124099820895 Time:32571 TotalReward:1799.6997602548377
ETask 35-35: Configuration:18 Energy:38.86224566399999 Reward:6.0791955830447755 Raw:13.920804416955225 Time:32536 TotalReward:1838.5620059188377
ETask 36-36: Configuration:18 Energy:39.595267799999995 Reward:5.816620489552243 Raw:14.183379510447757 Time:32505 TotalReward:1878.1572737188378
ETask 37-37: Configuration:18 Energy:76.604198512875 Reward:-7.4403099150597 Raw:27.4403099150597 Time:32504 TotalReward:1954.7614722317128
ETask 38-38: Configuration:12 Energy:58.05487888199999 Reward:-0.7957775099701436 Raw:20.795777509970144 Time:32554 TotalReward:2012.8163511137127
ETask 39-39: Configuration:18 Energy:54.4682163795 Reward:0.48899711779104393 Raw:19.511002882208956 Time:32546 TotalReward:2067.2845674932128
ETask 40-40: Configuration:18 Energy:61.17042660299999 Reward:-1.911794604059697 Raw:21.911794604059697 Time:32507 TotalReward:2128.454994096213
ETask 41-41: Configuration:18 Energy:54.024191425874996 Reward:0.6480508325223902 Raw:19.35194916747761 Time:32506 TotalReward:2182.479185522088
ETask 42-42: Configuration:18 Energy:54.48620974418999 Reward:0.4825517334244793 Raw:19.51744826657552 Time:32511 TotalReward:2236.965395266278
ETask 43-43: Configuration:9 Energy:41.966047412799995 Reward:4.967386001385076 Raw:15.032613998614924 Time:32527 TotalReward:2278.931442679078
ETask 44-44: Configuration:3 Energy:36.75251617877 Reward:6.834919577754031 Raw:13.16508042224597 Time:32527 TotalReward:2315.6839588578478
ETask 45-45: Configuration:18 Energy:82.06729127423998 Reward:-9.397238665399396 Raw:29.397238665399396 Time:32528 TotalReward:2397.7512501320875
ETask 46-46: Configuration:18 Energy:40.09244131151999 Reward:5.638528485425676 Raw:14.361471514574324 Time:32509 TotalReward:2437.8436914436074
ETask 47-47: Configuration:18 Energy:39.67998165647999 Reward:5.786275227529556 Raw:14.213724772470444 Time:32504 TotalReward:2477.5236731000873
ETask 48-48: Configuration:17 Energy:53.96668896023999 Reward:0.6686487306603013 Raw:19.3313512693397 Time:32526 TotalReward:2531.4903620603272
ETask 49-49: Configuration:18 Energy:40.03237463939999 Reward:5.660044905289558 Raw:14.339955094710442 Time:32529 TotalReward:2571.5227366997274
ETask 50-50: Configuration:18 Energy:40.15415432915999 Reward:5.61642232985314 Raw:14.38357767014686 Time:32503 TotalReward:2611.6768910288874
ETask 51-51: Configuration:1 Energy:36.43364514492 Reward:6.949142037640598 Raw:13.050857962359402 Time:32571 TotalReward:2648.1105361738073
ETask 52-52: Configuration:18 Energy:77.75395581672 Reward:-7.852163277631043 Raw:27.852163277631043 Time:32541 TotalReward:2725.8644919905273
ETask 53-53: Configuration:2 Energy:36.656762256 Reward:6.869219490388058 Raw:13.130780509611942 Time:32573 TotalReward:2762.5212542465274
ETask 54-54: Configuration:18 Energy:51.20733093624 Reward:1.6570754855259722 Raw:18.342924514474028 Time:32534 TotalReward:2813.7285851827673
ETask 55-55: Configuration:18 Energy:40.165872105978 Reward:5.612224917261614 Raw:14.387775082738386 Time:32502 TotalReward:2853.8944572887453
ETask 56-56: Configuration:12 Energy:36.72709463563201 Reward:6.844025802161669 Raw:13.155974197838331 Time:32541 TotalReward:2890.6215519243774
ETask 57-57: Configuration:18 Energy:82.487946211056 Reward:-9.547921030826028 Raw:29.54792103082603 Time:32534 TotalReward:2973.1094981354336
ETask 58-58: Configuration:9 Energy:41.680959119568 Reward:5.06950718105027 Raw:14.93049281894973 Time:32533 TotalReward:3014.7904572550015
ETask 59-59: Configuration:18 Energy:95.74369647453001 Reward:-14.296249483413732 Raw:34.29624948341373 Time:32534 TotalReward:3110.5341537295317
ETask 60-60: Configuration:18 Energy:41.91454640813699 Reward:4.985834122458389 Raw:15.014165877541611 Time:32503 TotalReward:3152.4487001376688
ETask 61-61: Configuration:18 Energy:55.15961283935999 Reward:0.24133271425910863 Raw:19.75866728574089 Time:32510 TotalReward:3207.6083129770286
ETask 62-62: Configuration:3 Energy:52.31207324019199 Reward:1.2613468990357042 Raw:18.738653100964296 Time:32536 TotalReward:3259.9203862172208
ETask 63-63: Configuration:12 Energy:51.80481257608799 Reward:1.4430522115505724 Raw:18.556947788449428 Time:32556 TotalReward:3311.7251987933087
ETask 64-64: Configuration:18 Energy:98.14114444650201 Reward:-15.155036816657443 Raw:35.15503681665744 Time:32534 TotalReward:3409.8663432398107
ETask 65-65: Configuration:18 Energy:43.42194896885999 Reward:4.445869026080004 Raw:15.554130973919996 Time:32505 TotalReward:3453.2882922086706
ETask 66-66: Configuration:18 Energy:41.04206487149999 Reward:5.2983648221492565 Raw:14.701635177850743 Time:32503 TotalReward:3494.3303570801704
ETask 67-67: Configuration:18 Energy:40.06821620491799 Reward:5.647206135551762 Raw:14.352793864448238 Time:32509 TotalReward:3534.3985732850883
ETask 68-68: Configuration:18 Energy:79.82527809371499 Reward:-8.594129466405363 Raw:28.594129466405363 Time:32508 TotalReward:3614.2238513788034
ETask 69-69: Configuration:2 Energy:36.613612022987994 Reward:6.884676290272958 Raw:13.115323709727042 Time:32574 TotalReward:3650.8374634017914
ETask 70-70: Configuration:18 Energy:40.401739711872 Reward:5.527735028583168 Raw:14.472264971416832 Time:32536 TotalReward:3691.2392031136633
ETask 71-71: Configuration:18 Energy:40.31760935858699 Reward:5.5578712745360015 Raw:14.442128725463999 Time:32503 TotalReward:3731.5568124722504
ETask 72-72: Configuration:18 Energy:88.076789858057 Reward:-11.549894874527876 Raw:31.549894874527876 Time:32508 TotalReward:3819.6336023303074
ETask 73-73: Configuration:2 Energy:39.550566740761994 Reward:5.832632809279286 Raw:14.167367190720714 Time:32569 TotalReward:3859.1841690710694
ETask 74-74: Configuration:18 Energy:40.641478970179996 Reward:5.4418582793385095 Raw:14.55814172066149 Time:32532 TotalReward:3899.825648041249
ETask 75-75: Configuration:18 Energy:39.88859914929999 Reward:5.71154657338508 Raw:14.28845342661492 Time:32504 TotalReward:3939.714247190549
ETask 76-76: Configuration:15 Energy:75.628282819797 Reward:-7.090728174255634 Raw:27.090728174255634 Time:32542 TotalReward:4015.342530010346
ETask 77-77: Configuration:18 Energy:40.60607212347001 Reward:5.4545413289062665 Raw:14.545458671093733 Time:32549 TotalReward:4055.9486021338157
ETask 78-78: Configuration:18 Energy:43.524330018567994 Reward:4.409195217229376 Raw:15.590804782770624 Time:32503 TotalReward:4099.472932152384
ETask 79-79: Configuration:18 Energy:68.39352970047 Reward:-4.4991748180788065 Raw:24.499174818078806 Time:32507 TotalReward:4167.866461852854
ETask 80-80: Configuration:18 Energy:40.31271883859999 Reward:5.559623102591049 Raw:14.440376897408951 Time:32505 TotalReward:4208.179180691453
ETask 81-81: Configuration:14 Energy:47.786699958815994 Reward:2.8823761341554643 Raw:17.117623865844536 Time:32550 TotalReward:4255.965880650269
ETask 82-82: Configuration:18 Energy:82.464771839112 Reward:-9.539619763264 Raw:29.539619763264 Time:32525 TotalReward:4338.430652489381
ETask 83-83: Configuration:18 Energy:61.86126778858 Reward:-2.1592601033719454 Raw:22.159260103371945 Time:32506 TotalReward:4400.291920277961
ETask 84-84: Configuration:18 Energy:64.636094516838 Reward:-3.153227886628539 Raw:23.15322788662854 Time:32504 TotalReward:4464.928014794799
ETask 85-85: Configuration:18 Energy:106.38416923630798 Reward:-18.107762114498385 Raw:38.107762114498385 Time:32510 TotalReward:4571.312184031107
ETask 86-86: Configuration:18 Energy:53.127564060872004 Reward:0.9692307841652479 Raw:19.030769215834752 Time:32508 TotalReward:4624.439748091979
ETask 87-87: Configuration:18 Energy:97.8158884059 Reward:-15.038527190173134 Raw:35.038527190173134 Time:32505 TotalReward:4722.255636497879
ETask 88-88: Configuration:18 Energy:96.08077690859601 Reward:-14.416994713526933 Raw:34.41699471352693 Time:32509 TotalReward:4818.336413406475
ETask 89-89: Configuration:15 Energy:40.702651142099995 Reward:5.419945859546269 Raw:14.580054140453731 Time:32538 TotalReward:4859.039064548575
ETask 90-90: Configuration:18 Energy:41.040192606352 Reward:5.299035484291819 Raw:14.700964515708181 Time:32532 TotalReward:4900.079257154927
ETask 91-91: Configuration:18 Energy:43.488870178504 Reward:4.421897249491103 Raw:15.578102750508897 Time:32505 TotalReward:4943.568127333431
ETask 92-92: Configuration:18 Energy:87.679736753688 Reward:-11.407666896843466 Raw:31.407666896843466 Time:32509 TotalReward:5031.2478640871195
ETask 93-93: Configuration:18 Energy:40.354272281808 Reward:5.544738287113551 Raw:14.455261712886449 Time:32507 TotalReward:5071.602136368928
ETask 94-94: Configuration:18 Energy:95.25271606002599 Reward:-14.120375902098857 Raw:34.12037590209886 Time:32504 TotalReward:5166.854852428954
ETask 95-95: Configuration:3 Energy:40.550003547354 Reward:5.4746255949776685 Raw:14.525374405022331 Time:32544 TotalReward:5207.404855976308
ETask 96-96: Configuration:3 Energy:36.318022247367004 Reward:6.990559194973013 Raw:13.009440805026987 Time:32520 TotalReward:5243.722878223674
ETask 97-97: Configuration:18 Energy:43.32750946251801 Reward:4.479698102978626 Raw:15.520301897021374 Time:32540 TotalReward:5287.050387686192
ETask 98-98: Configuration:18 Energy:100.390175406873 Reward:-15.960659847238091 Raw:35.96065984723809 Time:32504 TotalReward:5387.440563093065
ETask 99-99: Configuration:6 Energy:44.709951247357 Reward:3.984495075573612 Raw:16.015504924426388 Time:32576 TotalReward:5432.150514340422
ETask 100-100: Configuration:18 Energy:40.471464522216 Reward:5.502758977116656 Raw:14.497241022883344 Time:32526 TotalReward:5472.621978862638
ETask 101-101: Configuration:18 Energy:103.47134360079201 Reward:-17.064361886850875 Raw:37.064361886850875 Time:32507 TotalReward:5576.09332246343
ETask 102-102: Configuration:3 Energy:36.832420770849 Reward:6.806297037307823 Raw:13.193702962692177 Time:32537 TotalReward:5612.925743234279
ETask 103-103: Configuration:18 Energy:53.915794395089996 Reward:0.6868796196692522 Raw:19.313120380330748 Time:32540 TotalReward:5666.84153762937
ETask 104-104: Configuration:18 Energy:55.410496872126 Reward:0.15146380699964013 Raw:19.84853619300036 Time:32503 TotalReward:5722.2520345014955
ETask 105-105: Configuration:18 Energy:102.400872977052 Reward:-16.6809097231231 Raw:36.6809097231231 Time:32508 TotalReward:5824.652907478548
ETask 106-106: Configuration:12 Energy:54.170845872225 Reward:0.5955178965164194 Raw:19.40448210348358 Time:32536 TotalReward:5878.823753350773
ETask 107-107: Configuration:12 Energy:38.075798021939995 Reward:6.360908171245374 Raw:13.639091828754626 Time:32519 TotalReward:5916.899551372712
ETask 108-108: Configuration:12 Energy:37.272142283943 Reward:6.6487848535129555 Raw:13.351215146487045 Time:32504 TotalReward:5954.171693656655
ETask 109-109: Configuration:12 Energy:36.590789371157996 Reward:6.89285156854042 Raw:13.10714843145958 Time:32508 TotalReward:5990.762483027814
ETask 110-110: Configuration:12 Energy:53.50896104714999 Reward:0.8326109681850795 Raw:19.16738903181492 Time:32509 TotalReward:6044.271444074963
ETask 111-111: Configuration:12 Energy:52.35714009204 Reward:1.2452035491200029 Raw:18.754796450879997 Time:32507 TotalReward:6096.628584167003
ETask 112-112: Configuration:12 Energy:43.400794542216 Reward:4.453446731146508 Raw:15.546553268853492 Time:32510 TotalReward:6140.02937870922
ETask 113-113: Configuration:12 Energy:36.664353689574 Reward:6.866500170898867 Raw:13.133499829101133 Time:32513 TotalReward:6176.693732398793
ETask 114-114: Configuration:15 Energy:81.058695095136 Reward:-9.035950481839762 Raw:29.035950481839762 Time:32529 TotalReward:6257.752427493929
ETask 115-115: Configuration:15 Energy:42.059755143174996 Reward:4.933819053191048 Raw:15.066180946808952 Time:32515 TotalReward:6299.812182637103
ETask 116-116: Configuration:15 Energy:53.259182503800005 Reward:0.9220838792358208 Raw:19.07791612076418 Time:32510 TotalReward:6353.071365140903
ETask 117-117: Configuration:15 Energy:43.19251070399999 Reward:4.528055867223882 Raw:15.471944132776118 Time:32511 TotalReward:6396.263875844903
ETask 118-118: Configuration:15 Energy:40.183305025500005 Reward:5.6059802893731305 Raw:14.39401971062687 Time:32502 TotalReward:6436.447180870403
ETask 119-119: Configuration:15 Energy:39.620878102575006 Reward:5.807446649823881 Raw:14.19255335017612 Time:32517 TotalReward:6476.068058972978
ETask 120-120: Configuration:18 Energy:84.61300416975 Reward:-10.309135822000005 Raw:30.309135822000005 Time:32529 TotalReward:6560.681063142728
ETask 121-121: Configuration:15 Energy:178.73857412302505 Reward:-44.025757894814944 Raw:64.02575789481494 Time:32536 TotalReward:6739.419637265753
ERun: Time:3940499
==END-RUN 0==
==ROUND-END==
STOKE: Config: 0 - Knobs: {interval:10000 priority:104 sensor-configuration:1 batch:5 }  | -- on:1 reward:4.3732
STOKE: Config: 1 - Knobs: {interval:7750 priority:104 sensor-configuration:1 batch:5 }  | -- on:5 reward:3.6900
STOKE: Config: 2 - Knobs: {interval:5500 priority:104 sensor-configuration:1 batch:5 }  | -- on:4 reward:6.5446
STOKE: Config: 3 - Knobs: {interval:3500 priority:104 sensor-configuration:1 batch:5 }  | -- on:6 reward:2.5355
STOKE: Config: 4 - Knobs: {interval:1000 priority:104 sensor-configuration:1 batch:5 }  | -- on:1 reward:-9.0167
STOKE: Config: 5 - Knobs: {interval:10000 priority:100 sensor-configuration:1 batch:5 }  | -- on:2 reward:5.6491
STOKE: Config: 6 - Knobs: {interval:7750 priority:100 sensor-configuration:1 batch:5 }  | -- on:2 reward:2.7819
STOKE: Config: 7 - Knobs: {interval:5500 priority:100 sensor-configuration:1 batch:5 }  | -- on:2 reward:4.3516
STOKE: Config: 8 - Knobs: {interval:3500 priority:100 sensor-configuration:1 batch:5 }  | -- on:2 reward:5.1022
STOKE: Config: 9 - Knobs: {interval:1000 priority:100 sensor-configuration:1 batch:5 }  | -- on:3 reward:-3.5124
STOKE: Config: 10 - Knobs: {interval:10000 priority:104 sensor-configuration:1 batch:1 }  | -- on:1 reward:6.3135
STOKE: Config: 11 - Knobs: {interval:7750 priority:104 sensor-configuration:1 batch:1 }  | -- on:3 reward:6.3818
STOKE: Config: 12 - Knobs: {interval:5500 priority:104 sensor-configuration:1 batch:1 }  | -- on:12 reward:2.1942
STOKE: Config: 13 - Knobs: {interval:3500 priority:104 sensor-configuration:1 batch:1 }  | -- on:1 reward:3.7937
STOKE: Config: 14 - Knobs: {interval:1000 priority:104 sensor-configuration:1 batch:1 }  | -- on:3 reward:5.1792
STOKE: Config: 15 - Knobs: {interval:10000 priority:100 sensor-configuration:1 batch:1 }  | -- on:12 reward:-1.8129
STOKE: Config: 16 - Knobs: {interval:7750 priority:100 sensor-configuration:1 batch:1 }  | -- on:2 reward:3.8588
STOKE: Config: 17 - Knobs: {interval:5500 priority:100 sensor-configuration:1 batch:1 }  | -- on:3 reward:-2.5696
STOKE: Config: 18 - Knobs: {interval:3500 priority:100 sensor-configuration:1 batch:1 }  | -- on:55 reward:-2.1033
STOKE: Config: 19 - Knobs: {interval:1000 priority:100 sensor-configuration:1 batch:1 }  | -- on:1 reward:-8.2455
