==RUN 0==
Bandit Runs:1 Tasks-in-Run:80
Self-Optimizer Rounds:0 Tasks-in-Round:0
Continuous Knob Rounds:Inf Tasks-in-Round:0
STOKE: Start Bat: 0.800000
ETask 1-1: Configuration:0 Energy:68.79300194097398 Reward:4.599506975640377 Raw:25.400493024359623 Time:32537 TotalReward:68.79300194097398
ETask 2-2: Configuration:0 Energy:50.86930499926499 Reward:11.217487384886773 Raw:18.782512615113227 Time:32541 TotalReward:119.66230694023898
ETask 3-3: Configuration:1 Energy:49.351538857616006 Reward:11.777893344880244 Raw:18.222106655119756 Time:32671 TotalReward:169.01384579785497
ETask 4-4: Configuration:1 Energy:54.000274641371995 Reward:10.061437055493418 Raw:19.938562944506582 Time:32512 TotalReward:223.01412043922696
ETask 5-5: Configuration:2 Energy:52.643550362256 Reward:10.562381404705473 Raw:19.437618595294527 Time:32571 TotalReward:275.65767080148294
ETask 6-6: Configuration:2 Energy:34.701935260344 Reward:17.18697775002683 Raw:12.81302224997317 Time:32530 TotalReward:310.3596060618269
ETask 7-7: Configuration:3 Energy:36.01783374179801 Reward:16.701107541489968 Raw:13.298892458510034 Time:32530 TotalReward:346.37743980362495
ETask 8-8: Configuration:3 Energy:32.202524213204 Reward:18.109837213586214 Raw:11.890162786413786 Time:32504 TotalReward:378.57996401682897
ETask 9-9: Configuration:4 Energy:35.776045412074005 Reward:16.790383232464983 Raw:13.209616767535016 Time:32526 TotalReward:414.35600942890295
ETask 10-10: Configuration:4 Energy:43.220266049664 Reward:14.041747920124063 Raw:15.958252079875937 Time:32509 TotalReward:457.57627547856697
ETask 11-11: Configuration:5 Energy:49.979224918 Reward:11.54613233796923 Raw:18.45386766203077 Time:32540 TotalReward:507.55550039656697
ETask 12-12: Configuration:5 Energy:51.63843519752 Reward:10.933500850146462 Raw:19.066499149853538 Time:32536 TotalReward:559.193935594087
ETask 13-13: Configuration:6 Energy:85.84810399871999 Reward:-1.6977614764504594 Raw:31.69776147645046 Time:32542 TotalReward:645.042039592807
ETask 14-14: Configuration:6 Energy:36.862286226112 Reward:16.38930970112788 Raw:13.610690298872122 Time:32531 TotalReward:681.904325818919
ETask 15-15: Configuration:7 Energy:45.26908137285 Reward:13.285262262332306 Raw:16.714737737667694 Time:32543 TotalReward:727.173407191769
ETask 16-16: Configuration:7 Energy:36.824284960729 Reward:16.403340937576985 Raw:13.596659062423015 Time:32518 TotalReward:763.997692152498
ETask 17-17: Configuration:8 Energy:40.28442499417 Reward:15.125750771383386 Raw:14.874249228616614 Time:32545 TotalReward:804.2821171466679
ETask 18-18: Configuration:8 Energy:39.204488900863 Reward:15.524496405835201 Raw:14.475503594164799 Time:32504 TotalReward:843.4866060475309
ETask 19-19: Configuration:9 Energy:82.741210414413 Reward:-0.5506007683986489 Raw:30.55060076839865 Time:32538 TotalReward:926.2278164619439
ETask 20-20: Configuration:9 Energy:100.22983104545001 Reward:-7.00793761678154 Raw:37.00793761678154 Time:32509 TotalReward:1026.4576475073939
ETask 21-21: Configuration:10 Energy:31.524147699600007 Reward:18.360314695532303 Raw:11.639685304467697 Time:32532 TotalReward:1057.9817952069939
ETask 22-22: Configuration:10 Energy:48.924839274402004 Reward:11.935443960220798 Raw:18.0645560397792 Time:32538 TotalReward:1106.906634481396
ETask 23-23: Configuration:11 Energy:94.422670001856 Reward:-4.863755077608367 Raw:34.86375507760837 Time:32541 TotalReward:1201.329304483252
ETask 24-24: Configuration:11 Energy:50.2964196903 Reward:11.429014268196923 Raw:18.570985731803077 Time:32518 TotalReward:1251.6257241735518
ETask 25-25: Configuration:12 Energy:49.51468163634299 Reward:11.717656011196432 Raw:18.282343988803568 Time:32557 TotalReward:1301.140405809895
ETask 26-26: Configuration:12 Energy:34.890102431856 Reward:17.11750064054548 Raw:12.882499359454522 Time:32541 TotalReward:1336.0305082417508
ETask 27-27: Configuration:13 Energy:34.742407408214 Reward:17.172034187736372 Raw:12.82796581226363 Time:32549 TotalReward:1370.7729156499647
ETask 28-28: Configuration:13 Energy:42.81076858207799 Reward:14.192946985078896 Raw:15.807053014921104 Time:32530 TotalReward:1413.5836842320427
ETask 29-29: Configuration:14 Energy:37.41303569119799 Reward:16.18595605248074 Raw:13.814043947519258 Time:32534 TotalReward:1450.9967199232408
ETask 30-30: Configuration:14 Energy:35.84712964891 Reward:16.764136745017847 Raw:13.235863254982153 Time:32518 TotalReward:1486.8438495721507
ETask 31-31: Configuration:15 Energy:35.511965550792 Reward:16.887889642784494 Raw:13.112110357215506 Time:32576 TotalReward:1522.3558151229427
ETask 32-32: Configuration:15 Energy:36.950689333039996 Reward:16.356668553954464 Raw:13.643331446045536 Time:32505 TotalReward:1559.3065044559826
ETask 33-33: Configuration:16 Energy:37.310672875228 Reward:16.22375155376197 Raw:13.77624844623803 Time:32535 TotalReward:1596.6171773312105
ETask 34-34: Configuration:16 Energy:56.50650071595 Reward:9.13606127411077 Raw:20.86393872588923 Time:32502 TotalReward:1653.1236780471606
ETask 35-35: Configuration:17 Energy:40.996438302612 Reward:14.8628535498048 Raw:15.1371464501952 Time:32554 TotalReward:1694.1201163497726
ETask 36-36: Configuration:17 Energy:37.21638726561601 Reward:16.258564701926396 Raw:13.741435298073602 Time:32510 TotalReward:1731.3365036153887
ETask 37-37: Configuration:18 Energy:52.918122898746006 Reward:10.461000775847626 Raw:19.538999224152374 Time:32530 TotalReward:1784.2546265141348
ETask 38-38: Configuration:18 Energy:38.06694981504 Reward:15.944510837523692 Raw:14.055489162476308 Time:32504 TotalReward:1822.3215763291748
ETask 39-39: Configuration:19 Energy:82.49235159013001 Reward:-0.4587144332787787 Raw:30.45871443327878 Time:32534 TotalReward:1904.813927919305
ETask 40-40: Configuration:19 Energy:82.41383327826 Reward:-0.42972305658830834 Raw:30.42972305658831 Time:32504 TotalReward:1987.2277611975649
ETask 41-41: Configuration:19 Energy:86.32729507108 Reward:-1.8746935647064618 Raw:31.87469356470646 Time:32503 TotalReward:2073.555056268645
ETask 42-42: Configuration:19 Energy:102.550816159704 Reward:-7.864916735890702 Raw:37.8649167358907 Time:32502 TotalReward:2176.105872428349
ETask 43-43: Configuration:19 Energy:98.84017273004999 Reward:-6.494833008018453 Raw:36.49483300801845 Time:32503 TotalReward:2274.946045158399
ETask 44-44: Configuration:19 Energy:98.883109789 Reward:-6.51068669132308 Raw:36.51068669132308 Time:32502 TotalReward:2373.8291549473993
ETask 45-45: Configuration:19 Energy:109.33802300468001 Reward:-10.37096234018955 Raw:40.37096234018955 Time:32504 TotalReward:2483.1671779520793
ETask 46-46: Configuration:19 Energy:90.05529826863 Reward:-3.2511870530326163 Raw:33.251187053032616 Time:32504 TotalReward:2573.2224762207093
ETask 47-47: Configuration:19 Energy:85.4077462767 Reward:-1.5351678560123005 Raw:31.5351678560123 Time:32504 TotalReward:2658.6302224974092
ETask 48-48: Configuration:19 Energy:82.572072939592 Reward:-0.48815000846474277 Raw:30.488150008464743 Time:32502 TotalReward:2741.2022954370013
ETask 49-49: Configuration:19 Energy:79.94557976396 Reward:0.4816320871532369 Raw:29.518367912846763 Time:32504 TotalReward:2821.147875200961
ETask 50-50: Configuration:19 Energy:83.92325328674998 Reward:-0.9870473674153821 Raw:30.987047367415382 Time:32504 TotalReward:2905.071128487711
ETask 51-51: Configuration:19 Energy:113.44263379649999 Reward:-11.886510940246147 Raw:41.88651094024615 Time:32502 TotalReward:3018.513762284211
ETask 52-52: Configuration:19 Energy:87.8713799418 Reward:-2.4448172092799965 Raw:32.44481720928 Time:32502 TotalReward:3106.3851422260113
ETask 53-53: Configuration:19 Energy:86.01611413769999 Reward:-1.7597959893046102 Raw:31.75979598930461 Time:32504 TotalReward:3192.401256363711
ETask 54-54: Configuration:19 Energy:83.447577635175 Reward:-0.8114132806799965 Raw:30.811413280679997 Time:32505 TotalReward:3275.848833998886
ETask 55-55: Configuration:19 Energy:80.186632271235 Reward:0.3926280844670771 Raw:29.607371915532923 Time:32504 TotalReward:3356.035466270121
ETask 56-56: Configuration:19 Energy:94.87267387038 Reward:-5.0299103521403055 Raw:35.029910352140305 Time:32504 TotalReward:3450.908140140501
ETask 57-57: Configuration:19 Energy:96.55982715116 Reward:-5.652859255812913 Raw:35.65285925581291 Time:32504 TotalReward:3547.467967291661
ETask 58-58: Configuration:19 Energy:93.36184364947998 Reward:-4.472065347500298 Raw:34.4720653475003 Time:32504 TotalReward:3640.8298109411407
ETask 59-59: Configuration:19 Energy:82.07145344889702 Reward:-0.30330588882351606 Raw:30.303305888823516 Time:32501 TotalReward:3722.901264390038
ETask 60-60: Configuration:19 Energy:96.935527052914 Reward:-5.791579219537475 Raw:35.791579219537475 Time:32502 TotalReward:3819.836791442952
ETask 61-61: Configuration:19 Energy:97.68247038131999 Reward:-6.067373679256612 Raw:36.06737367925661 Time:32504 TotalReward:3917.519261824272
ETask 62-62: Configuration:19 Energy:96.61446424674 Reward:-5.673032952642458 Raw:35.67303295264246 Time:32503 TotalReward:4014.1337260710116
ETask 63-63: Configuration:19 Energy:93.61552240655999 Reward:-4.565731350114461 Raw:34.56573135011446 Time:32505 TotalReward:4107.749248477571
ETask 64-64: Configuration:19 Energy:79.03928331696 Reward:0.8162646214301539 Raw:29.183735378569846 Time:32505 TotalReward:4186.788531794531
ETask 65-65: Configuration:19 Energy:81.786304564272 Reward:-0.19802014680811908 Raw:30.19802014680812 Time:32505 TotalReward:4268.574836358803
ETask 66-66: Configuration:19 Energy:91.00815022339198 Reward:-3.6030093132524286 Raw:33.60300931325243 Time:32505 TotalReward:4359.582986582194
ETask 67-67: Configuration:19 Energy:87.689789048241 Reward:-2.377768263965905 Raw:32.377768263965905 Time:32503 TotalReward:4447.272775630436
ETask 68-68: Configuration:19 Energy:94.260321778194 Reward:-4.803811118102402 Raw:34.8038111181024 Time:32503 TotalReward:4541.53309740863
ETask 69-69: Configuration:19 Energy:82.93302919372802 Reward:-0.6214261638380378 Raw:30.621426163838038 Time:32507 TotalReward:4624.466126602358
ETask 70-70: Configuration:19 Energy:83.65204033771198 Reward:-0.8869072016167294 Raw:30.88690720161673 Time:32502 TotalReward:4708.118166940069
ETask 71-71: Configuration:19 Energy:83.18378834553599 Reward:-0.7140141583517448 Raw:30.714014158351745 Time:32504 TotalReward:4791.301955285606
ETask 72-72: Configuration:19 Energy:92.44203089009201 Reward:-4.132442174803202 Raw:34.1324421748032 Time:32502 TotalReward:4883.7439861756975
ETask 73-73: Configuration:19 Energy:81.2589815748 Reward:-0.0033162737723131386 Raw:30.003316273772313 Time:32508 TotalReward:4965.002967750497
ETask 74-74: Configuration:19 Energy:79.25743000300798 Reward:0.7357181527355188 Raw:29.26428184726448 Time:32504 TotalReward:5044.2603977535055
ETask 75-75: Configuration:19 Energy:80.18341703047199 Reward:0.39381525028726827 Raw:29.60618474971273 Time:32503 TotalReward:5124.443814783977
ETask 76-76: Configuration:19 Energy:82.978397303592 Reward:-0.6381774659416735 Raw:30.638177465941673 Time:32502 TotalReward:5207.422212087569
ETask 77-77: Configuration:19 Energy:98.006339028864 Reward:-6.186955949119017 Raw:36.18695594911902 Time:32504 TotalReward:5305.4285511164335
ETask 78-78: Configuration:19 Energy:100.51624871819999 Reward:-7.1136918344123075 Raw:37.11369183441231 Time:32503 TotalReward:5405.944799834633
ETask 79-79: Configuration:19 Energy:82.08848586624 Reward:-0.3095947813809268 Raw:30.309594781380927 Time:32502 TotalReward:5488.033285700873
ETask 80-80: Configuration:19 Energy:76.98407071840798 Reward:1.575112350126286 Raw:28.424887649873714 Time:32505 TotalReward:5565.017356419281
ETask 81-81: Configuration:19 Energy:68.42391368147999 Reward:4.735785717607392 Raw:25.264214282392608 Time:32503 TotalReward:5633.441270100761
ETask 82-82: Configuration:19 Energy:68.43402050415999 Reward:4.732053967694771 Raw:25.26794603230523 Time:32503 TotalReward:5701.875290604921
ETask 83-83: Configuration:19 Energy:66.90765864678 Reward:5.295633730419688 Raw:24.704366269580312 Time:32503 TotalReward:5768.782949251701
ETask 84-84: Configuration:19 Energy:68.30637908952 Reward:4.779183105408002 Raw:25.220816894591998 Time:32501 TotalReward:5837.0893283412215
ETask 85-85: Configuration:19 Energy:69.43408549473 Reward:4.362799201945844 Raw:25.637200798054156 Time:32503 TotalReward:5906.523413835952
ETask 86-86: Configuration:19 Energy:70.4336940648 Reward:3.993712960689237 Raw:26.006287039310763 Time:32504 TotalReward:5976.957107900752
ETask 87-87: Configuration:19 Energy:73.48474561881 Reward:2.8671708484393896 Raw:27.13282915156061 Time:32504 TotalReward:6050.441853519562
ETask 88-88: Configuration:19 Energy:82.90242728141999 Reward:-0.6101269962166072 Raw:30.610126996216607 Time:32502 TotalReward:6133.344280800982
ETask 89-89: Configuration:19 Energy:67.94110642077 Reward:4.914053013869541 Raw:25.08594698613046 Time:32504 TotalReward:6201.285387221752
ETask 90-90: Configuration:19 Energy:72.51379337994 Reward:3.225676290483694 Raw:26.774323709516306 Time:32503 TotalReward:6273.799180601692
ETask 91-91: Configuration:19 Energy:73.44673276028999 Reward:2.881206365431389 Raw:27.11879363456861 Time:32502 TotalReward:6347.245913361981
ETask 92-92: Configuration:19 Energy:82.12208078255999 Reward:-0.3219990581759937 Raw:30.321999058175994 Time:32501 TotalReward:6429.367994144542
ETask 93-93: Configuration:19 Energy:85.2181588035 Reward:-1.4651663274461555 Raw:31.465166327446155 Time:32502 TotalReward:6514.586152948042
ETask 94-94: Configuration:19 Energy:85.13331322635 Reward:-1.4338387297292243 Raw:31.433838729729224 Time:32502 TotalReward:6599.7194661743915
ETask 95-95: Configuration:19 Energy:87.67742266448 Reward:-2.3732022145772333 Raw:32.37320221457723 Time:32506 TotalReward:6687.396888838872
ETask 96-96: Configuration:19 Energy:71.34085498355999 Reward:3.658761236839389 Raw:26.34123876316061 Time:32503 TotalReward:6758.737743822432
ETask 97-97: Configuration:19 Energy:71.224767539884 Reward:3.70162429296591 Raw:26.29837570703409 Time:32501 TotalReward:6829.962511362316
ETask 98-98: Configuration:19 Energy:70.099453856298 Reward:4.117124729982276 Raw:25.882875270017724 Time:32502 TotalReward:6900.061965218614
ETask 99-99: Configuration:19 Energy:102.354741297444 Reward:-7.792519863671629 Raw:37.79251986367163 Time:32502 TotalReward:7002.416706516058
ETask 100-100: Configuration:19 Energy:70.12267959695 Reward:4.108549071895389 Raw:25.89145092810461 Time:32503 TotalReward:7072.539386113008
ETask 101-101: Configuration:19 Energy:71.047186822162 Reward:3.767192557970951 Raw:26.23280744202905 Time:32502 TotalReward:7143.58657293517
ETask 102-102: Configuration:19 Energy:86.21083236288601 Reward:-1.8316919493732975 Raw:31.831691949373297 Time:32504 TotalReward:7229.797405298056
ETask 103-103: Configuration:19 Energy:75.15369467950498 Reward:2.2509435029520084 Raw:27.74905649704799 Time:32502 TotalReward:7304.951099977561
ETask 104-104: Configuration:19 Energy:71.30567777597999 Reward:3.6717497442535425 Raw:26.328250255746457 Time:32503 TotalReward:7376.256777753541
ETask 105-105: Configuration:19 Energy:75.891170516913 Reward:1.9786447322167398 Raw:28.02135526778326 Time:32502 TotalReward:7452.147948270454
ETask 106-106: Configuration:19 Energy:79.51702820706 Reward:0.6398665081624628 Raw:29.360133491837537 Time:32502 TotalReward:7531.664976477515
ETask 107-107: Configuration:19 Energy:76.836054268818 Reward:1.6297645776671956 Raw:28.370235422332804 Time:32505 TotalReward:7608.501030746333
ETask 108-108: Configuration:19 Energy:79.03553175414 Reward:0.8176498138560007 Raw:29.182350186144 Time:32504 TotalReward:7687.536562500472
ETask 109-109: Configuration:19 Energy:86.09417647474801 Reward:-1.7886190060607987 Raw:31.7886190060608 Time:32502 TotalReward:7773.63073897522
ETask 110-110: Configuration:19 Energy:84.19906282787998 Reward:-1.0888847364479908 Raw:31.08888473644799 Time:32503 TotalReward:7857.8298018031
ETask 111-111: Configuration:19 Energy:88.93195570604802 Reward:-2.836414414540805 Raw:32.836414414540805 Time:32503 TotalReward:7946.761757509148
ETask 112-112: Configuration:19 Energy:83.98666186144 Reward:-1.0104597642239952 Raw:31.010459764223995 Time:32503 TotalReward:8030.748419370588
ETask 113-113: Configuration:19 Energy:73.34750807404801 Reward:2.9178431726591967 Raw:27.082156827340803 Time:32504 TotalReward:8104.095927444636
ETask 114-114: Configuration:19 Energy:69.85263425579998 Reward:4.20825812093539 Raw:25.79174187906461 Time:32503 TotalReward:8173.948561700436
ETask 115-115: Configuration:19 Energy:70.06951738247999 Reward:4.128178197238164 Raw:25.871821802761836 Time:32503 TotalReward:8244.018079082916
ETask 116-116: Configuration:19 Energy:74.56625266167 Reward:2.4678451710756946 Raw:27.532154828924305 Time:32502 TotalReward:8318.584331744587
ETask 117-117: Configuration:19 Energy:71.5939989996 Reward:3.5652926770707687 Raw:26.43470732292923 Time:32505 TotalReward:8390.178330744187
ETask 118-118: Configuration:19 Energy:69.69113933628 Reward:4.267887014296612 Raw:25.732112985703388 Time:32502 TotalReward:8459.869470080468
ETask 119-119: Configuration:19 Energy:83.74017374711998 Reward:-0.9194487681673778 Raw:30.919448768167378 Time:32503 TotalReward:8543.609643827587
ETask 120-120: Configuration:19 Energy:72.835268187825 Reward:3.1069778998800004 Raw:26.89302210012 Time:32504 TotalReward:8616.444912015411
ETask 121-121: Configuration:19 Energy:69.080080987104 Reward:4.493508558607758 Raw:25.506491441392242 Time:32502 TotalReward:8685.524993002515
ERun: Time:3938277
==END-RUN 0==
==ROUND-END==
STOKE: Config: 0 - Knobs: {interval:10000 priority:104 sensor-configuration:1 batch:5 }  | -- on:2 reward:7.9085
STOKE: Config: 1 - Knobs: {interval:7750 priority:104 sensor-configuration:1 batch:5 }  | -- on:2 reward:10.9197
STOKE: Config: 2 - Knobs: {interval:5500 priority:104 sensor-configuration:1 batch:5 }  | -- on:2 reward:13.8747
STOKE: Config: 3 - Knobs: {interval:3500 priority:104 sensor-configuration:1 batch:5 }  | -- on:2 reward:17.4055
STOKE: Config: 4 - Knobs: {interval:1000 priority:104 sensor-configuration:1 batch:5 }  | -- on:2 reward:15.4161
STOKE: Config: 5 - Knobs: {interval:10000 priority:100 sensor-configuration:1 batch:5 }  | -- on:2 reward:11.2398
STOKE: Config: 6 - Knobs: {interval:7750 priority:100 sensor-configuration:1 batch:5 }  | -- on:2 reward:7.3458
STOKE: Config: 7 - Knobs: {interval:5500 priority:100 sensor-configuration:1 batch:5 }  | -- on:2 reward:14.8443
STOKE: Config: 8 - Knobs: {interval:3500 priority:100 sensor-configuration:1 batch:5 }  | -- on:2 reward:15.3251
STOKE: Config: 9 - Knobs: {interval:1000 priority:100 sensor-configuration:1 batch:5 }  | -- on:2 reward:-3.7793
STOKE: Config: 10 - Knobs: {interval:10000 priority:104 sensor-configuration:1 batch:1 }  | -- on:2 reward:15.1479
STOKE: Config: 11 - Knobs: {interval:7750 priority:104 sensor-configuration:1 batch:1 }  | -- on:2 reward:3.2826
STOKE: Config: 12 - Knobs: {interval:5500 priority:104 sensor-configuration:1 batch:1 }  | -- on:2 reward:14.4176
STOKE: Config: 13 - Knobs: {interval:3500 priority:104 sensor-configuration:1 batch:1 }  | -- on:2 reward:15.6825
STOKE: Config: 14 - Knobs: {interval:1000 priority:104 sensor-configuration:1 batch:1 }  | -- on:2 reward:16.4750
STOKE: Config: 15 - Knobs: {interval:10000 priority:100 sensor-configuration:1 batch:1 }  | -- on:2 reward:16.6223
STOKE: Config: 16 - Knobs: {interval:7750 priority:100 sensor-configuration:1 batch:1 }  | -- on:2 reward:12.6799
STOKE: Config: 17 - Knobs: {interval:5500 priority:100 sensor-configuration:1 batch:1 }  | -- on:2 reward:15.5607
STOKE: Config: 18 - Knobs: {interval:3500 priority:100 sensor-configuration:1 batch:1 }  | -- on:2 reward:13.2028
STOKE: Config: 19 - Knobs: {interval:1000 priority:100 sensor-configuration:1 batch:1 }  | -- on:2 reward:-0.4442
