==RUN 0==
Bandit Runs:1 Tasks-in-Run:100
Self-Optimizer Rounds:0 Tasks-in-Round:0
Continuous Knob Rounds:Inf Tasks-in-Round:0
STOKE: Start Bat: 0.730000
ETask 1-1: Configuration:0 Energy:40.590023520383994 Reward:10.460290082250511 Raw:14.539709917749489 Time:32544 TotalReward:40.590023520383994
ETask 2-2: Configuration:1 Energy:27.107769966004003 Reward:15.289754042028417 Raw:9.710245957971583 Time:32528 TotalReward:67.697793486388
ETask 3-3: Configuration:2 Energy:26.334333985518004 Reward:15.566805736530863 Raw:9.433194263469137 Time:32559 TotalReward:94.032127471906
ETask 4-4: Configuration:3 Energy:87.61761415133998 Reward:-6.385414024360589 Raw:31.38541402436059 Time:32540 TotalReward:181.64974162324597
ETask 5-5: Configuration:4 Energy:40.980551754480004 Reward:10.320399371529552 Raw:14.679600628470448 Time:32541 TotalReward:222.630293377726
ETask 6-6: Configuration:5 Energy:32.678836031660005 Reward:13.294148287166566 Raw:11.705851712833434 Time:32554 TotalReward:255.309129409386
ETask 7-7: Configuration:6 Energy:50.39259129261601 Reward:6.948922522047994 Raw:18.051077477952006 Time:32543 TotalReward:305.70172070200204
ETask 8-8: Configuration:7 Energy:54.619829651695 Reward:5.434687885959999 Raw:19.56531211404 Time:32543 TotalReward:360.32155035369703
ETask 9-9: Configuration:8 Energy:49.711872197183 Reward:7.192762198023999 Raw:17.807237801976 Time:32529 TotalReward:410.03342255088
ETask 10-10: Configuration:9 Energy:71.53126601474699 Reward:-0.6231400649839962 Raw:25.623140064983996 Time:32530 TotalReward:481.56468856562697
ETask 11-11: Configuration:10 Energy:31.352746974191998 Reward:13.769165262976001 Raw:11.230834737023999 Time:32559 TotalReward:512.9174355398189
ETask 12-12: Configuration:11 Energy:27.206321861532 Reward:15.254451870496002 Raw:9.745548129503998 Time:32531 TotalReward:540.123757401351
ETask 13-13: Configuration:12 Energy:34.34490849325601 Reward:12.697346211370984 Raw:12.302653788629016 Time:32549 TotalReward:574.4686658946069
ETask 14-14: Configuration:13 Energy:78.885403418547 Reward:-3.2574579409720634 Raw:28.257457940972063 Time:32540 TotalReward:653.3540693131539
ETask 15-15: Configuration:14 Energy:42.10213312715099 Reward:9.918638879826512 Raw:15.081361120173488 Time:32536 TotalReward:695.4562024403049
ETask 16-16: Configuration:15 Energy:33.530568445385 Reward:12.989050109115823 Raw:12.010949890884177 Time:32544 TotalReward:728.9867708856899
ETask 17-17: Configuration:16 Energy:33.308935948884 Reward:13.068440854131104 Raw:11.931559145868896 Time:32545 TotalReward:762.2957068345739
ETask 18-18: Configuration:17 Energy:32.92873533567101 Reward:13.204632118565609 Raw:11.795367881434391 Time:32522 TotalReward:795.224442170245
ETask 19-19: Configuration:18 Energy:85.04321276463999 Reward:-5.46324039330387 Raw:30.46324039330387 Time:32534 TotalReward:880.267654934885
ETask 20-20: Configuration:19 Energy:84.276208272672 Reward:-5.188492515583995 Raw:30.188492515583995 Time:32534 TotalReward:964.5438632075569
ETask 21-21: Configuration:13 Energy:27.460151176639997 Reward:15.163527936725972 Raw:9.836472063274028 Time:32584 TotalReward:992.0040143841969
ETask 22-22: Configuration:14 Energy:28.685671885728 Reward:14.724535443918327 Raw:10.275464556081673 Time:32539 TotalReward:1020.6896862699249
ETask 23-23: Configuration:14 Energy:32.275076099135994 Reward:13.438778710757258 Raw:11.561221289242742 Time:32519 TotalReward:1052.964762369061
ETask 24-24: Configuration:19 Energy:83.461717347008 Reward:-4.89673457206257 Raw:29.89673457206257 Time:32529 TotalReward:1136.426479716069
ETask 25-25: Configuration:13 Energy:46.757650798144006 Reward:8.25099075887379 Raw:16.74900924112621 Time:32568 TotalReward:1183.184130514213
ETask 26-26: Configuration:9 Energy:97.715677611552 Reward:-10.002630786227584 Raw:35.002630786227584 Time:32538 TotalReward:1280.899808125765
ETask 27-27: Configuration:3 Energy:45.443857363423994 Reward:8.721603332504841 Raw:16.27839666749516 Time:32528 TotalReward:1326.343665489189
ETask 28-28: Configuration:18 Energy:75.13721784269998 Reward:-1.9148243018626765 Raw:26.914824301862676 Time:32536 TotalReward:1401.4808833318891
ETask 29-29: Configuration:3 Energy:42.3072812136 Reward:9.845152998113436 Raw:15.154847001886564 Time:32546 TotalReward:1443.788164545489
ETask 30-30: Configuration:18 Energy:33.6076361556 Reward:12.96144376515821 Raw:12.03855623484179 Time:32540 TotalReward:1477.395800701089
ETask 31-31: Configuration:18 Energy:36.476205448799995 Reward:11.933896555653732 Raw:13.066103444346268 Time:32503 TotalReward:1513.872006149889
ETask 32-32: Configuration:10 Energy:78.37921185563998 Reward:-3.0761355900799963 Raw:28.076135590079996 Time:32562 TotalReward:1592.2512180055292
ETask 33-33: Configuration:3 Energy:62.685794779775996 Reward:2.545386944557851 Raw:22.45461305544215 Time:32538 TotalReward:1654.9370127853051
ETask 34-34: Configuration:3 Energy:28.034396779919998 Reward:14.957828019133133 Raw:10.042171980866867 Time:32540 TotalReward:1682.971409565225
ETask 35-35: Configuration:18 Energy:90.818160852544 Reward:-7.531878514344115 Raw:32.531878514344115 Time:32534 TotalReward:1773.789570417769
ETask 36-36: Configuration:12 Energy:26.983542121600003 Reward:15.334253568382088 Raw:9.665746431617912 Time:32557 TotalReward:1800.773112539369
ETask 37-37: Configuration:12 Energy:26.817958499279996 Reward:15.393567104735524 Raw:9.606432895264476 Time:32512 TotalReward:1827.591071038649
ETask 38-38: Configuration:19 Energy:92.886855134652 Reward:-8.272903331815641 Raw:33.27290333181564 Time:32534 TotalReward:1920.477926173301
ETask 39-39: Configuration:0 Energy:27.137684040029995 Reward:15.279038552825078 Raw:9.720961447174922 Time:32579 TotalReward:1947.6156102133311
ETask 40-40: Configuration:18 Energy:33.865662545324994 Reward:12.869016401674628 Raw:12.130983598325372 Time:32525 TotalReward:1981.4812727586561
ETask 41-41: Configuration:2 Energy:26.784453766229998 Reward:15.405568800156418 Raw:9.594431199843582 Time:32570 TotalReward:2008.265726524886
ETask 42-42: Configuration:18 Energy:48.415084966079995 Reward:7.657282997225074 Raw:17.342717002774926 Time:32530 TotalReward:2056.680811490966
ETask 43-43: Configuration:18 Energy:62.92806663336299 Reward:2.458602997004302 Raw:22.541397002995698 Time:32504 TotalReward:2119.608878124329
ETask 44-44: Configuration:17 Energy:47.502459222498 Reward:7.984193711344002 Raw:17.015806288655998 Time:32558 TotalReward:2167.111337346827
ETask 45-45: Configuration:18 Energy:82.899159929712 Reward:-4.6952214673595165 Raw:29.695221467359517 Time:32524 TotalReward:2250.010497276539
ETask 46-46: Configuration:18 Energy:47.196977592294 Reward:8.093619966939464 Raw:16.906380033060536 Time:32511 TotalReward:2297.207474868833
ETask 47-47: Configuration:0 Energy:37.938340561482 Reward:11.410146664543763 Raw:13.589853335456237 Time:32567 TotalReward:2335.145815430315
ETask 48-48: Configuration:18 Energy:45.476322292800006 Reward:8.709974104071641 Raw:16.29002589592836 Time:32535 TotalReward:2380.622137723115
ETask 49-49: Configuration:18 Energy:33.806840454486 Reward:12.890087001378149 Raw:12.109912998621851 Time:32503 TotalReward:2414.428978177601
ETask 50-50: Configuration:5 Energy:36.565968776652 Reward:11.901742527766448 Raw:13.098257472233552 Time:32578 TotalReward:2450.994946954253
ETask 51-51: Configuration:18 Energy:74.8679456448 Reward:-1.8183685891820893 Raw:26.81836858918209 Time:32524 TotalReward:2525.862892599053
ETask 52-52: Configuration:18 Energy:34.359361453872 Reward:12.692169031448834 Raw:12.307830968551166 Time:32504 TotalReward:2560.2222540529247
ETask 53-53: Configuration:18 Energy:34.373534515488 Reward:12.687092113855046 Raw:12.312907886144954 Time:32511 TotalReward:2594.5957885684124
ETask 54-54: Configuration:9 Energy:34.20368996436 Reward:12.747931953065073 Raw:12.252068046934927 Time:32527 TotalReward:2628.7994785327724
ETask 55-55: Configuration:4 Energy:74.23780758559201 Reward:-1.5926474933463908 Raw:26.59264749334639 Time:32528 TotalReward:2703.037286118364
ETask 56-56: Configuration:9 Energy:62.738388783000005 Reward:2.526547301611938 Raw:22.473452698388062 Time:32557 TotalReward:2765.7756749013643
ETask 57-57: Configuration:9 Energy:36.43487288217 Reward:11.948702251162986 Raw:13.051297748837014 Time:32514 TotalReward:2802.2105477835344
ETask 58-58: Configuration:9 Energy:40.18339639881 Reward:10.605947558635222 Raw:14.394052441364778 Time:32506 TotalReward:2842.3939441823445
ETask 59-59: Configuration:4 Energy:29.034940715172 Reward:14.599424221430926 Raw:10.400575778569074 Time:32551 TotalReward:2871.4288848975166
ETask 60-60: Configuration:0 Energy:49.090212869039995 Reward:7.415446136463288 Raw:17.584553863536712 Time:32570 TotalReward:2920.5190977665566
ETask 61-61: Configuration:9 Energy:124.26565903003198 Reward:-19.513071891354734 Raw:44.513071891354734 Time:32535 TotalReward:3044.7847567965887
ETask 62-62: Configuration:0 Energy:45.07564161930401 Reward:8.85350150950304 Raw:16.14649849049696 Time:32562 TotalReward:3089.8603984158926
ETask 63-63: Configuration:9 Energy:56.454447996128 Reward:4.777511165566086 Raw:20.222488834433914 Time:32538 TotalReward:3146.3148464120204
ETask 64-64: Configuration:9 Energy:36.823688092164 Reward:11.809425161015882 Raw:13.190574838984118 Time:32508 TotalReward:3183.1385345041845
ETask 65-65: Configuration:9 Energy:40.598826819707995 Reward:10.457136661597135 Raw:14.542863338402865 Time:32512 TotalReward:3223.7373613238924
ETask 66-66: Configuration:9 Energy:80.261977815428 Reward:-3.7505592174667512 Raw:28.75055921746675 Time:32515 TotalReward:3303.9993391393205
ETask 67-67: Configuration:9 Energy:78.20688720487999 Reward:-3.014407356971933 Raw:28.014407356971933 Time:32504 TotalReward:3382.2062263442003
ETask 68-68: Configuration:9 Energy:86.02562719229199 Reward:-5.8151500390299695 Raw:30.81515003902997 Time:32510 TotalReward:3468.2318535364925
ETask 69-69: Configuration:9 Energy:33.900873007596005 Reward:12.85640369877158 Raw:12.14359630122842 Time:32511 TotalReward:3502.1327265440887
ETask 70-70: Configuration:17 Energy:38.101881433223994 Reward:11.351564859740655 Raw:13.648435140259345 Time:32549 TotalReward:3540.234607977313
ETask 71-71: Configuration:9 Energy:33.86462260482 Reward:12.869388917676416 Raw:12.130611082323584 Time:32526 TotalReward:3574.099230582133
ETask 72-72: Configuration:9 Energy:34.159735594323 Reward:12.763676802033553 Raw:12.236323197966447 Time:32507 TotalReward:3608.258966176456
ETask 73-73: Configuration:10 Energy:109.05110186128199 Reward:-14.063081263742802 Raw:39.0630812637428 Time:32558 TotalReward:3717.310068037738
ETask 74-74: Configuration:10 Energy:35.31636105472799 Reward:12.34936320427654 Raw:12.65063679572346 Time:32513 TotalReward:3752.626429092466
ETask 75-75: Configuration:10 Energy:26.744198629139998 Reward:15.419988550755821 Raw:9.580011449244179 Time:32511 TotalReward:3779.370627721606
ETask 76-76: Configuration:9 Energy:34.06000473162 Reward:12.79940129016597 Raw:12.20059870983403 Time:32534 TotalReward:3813.4306324532263
ETask 77-77: Configuration:9 Energy:54.225157427405996 Reward:5.57606301107845 Raw:19.42393698892155 Time:32507 TotalReward:3867.6557898806323
ETask 78-78: Configuration:9 Energy:47.774822986394994 Reward:7.88663057203761 Raw:17.11336942796239 Time:32509 TotalReward:3915.4306128670273
ETask 79-79: Configuration:9 Energy:50.477974431633 Reward:6.918337517026988 Raw:18.081662482973012 Time:32510 TotalReward:3965.90858729866
ETask 80-80: Configuration:9 Energy:51.8089483065 Reward:6.441570755880598 Raw:18.558429244119402 Time:32505 TotalReward:4017.7175356051603
ETask 81-81: Configuration:9 Energy:95.47964716675 Reward:-9.201664656746267 Raw:34.20166465674627 Time:32508 TotalReward:4113.19718277191
ETask 82-82: Configuration:9 Energy:87.83161910984998 Reward:-6.462072516961182 Raw:31.462072516961182 Time:32510 TotalReward:4201.02880188176
ETask 83-83: Configuration:9 Energy:87.1605906402 Reward:-6.221704109922385 Raw:31.221704109922385 Time:32505 TotalReward:4288.18939252196
ETask 84-84: Configuration:9 Energy:40.1002604772 Reward:10.635727590256717 Raw:14.364272409743283 Time:32503 TotalReward:4328.28965299916
ETask 85-85: Configuration:9 Energy:37.423229208749994 Reward:11.594664164029853 Raw:13.405335835970147 Time:32505 TotalReward:4365.71288220791
ETask 86-86: Configuration:9 Energy:39.12444822055001 Reward:10.985272279205969 Raw:14.014727720794031 Time:32512 TotalReward:4404.8373304284605
ETask 87-87: Configuration:9 Energy:53.828311626617 Reward:5.718216730764059 Raw:19.28178326923594 Time:32508 TotalReward:4458.665642055077
ETask 88-88: Configuration:9 Energy:37.475720751413995 Reward:11.57586122337409 Raw:13.42413877662591 Time:32503 TotalReward:4496.141362806491
ETask 89-89: Configuration:9 Energy:38.012202458999994 Reward:11.383688671402988 Raw:13.616311328597012 Time:32504 TotalReward:4534.153565265491
ETask 90-90: Configuration:9 Energy:37.37504809885 Reward:11.611923069068657 Raw:13.388076930931343 Time:32508 TotalReward:4571.528613364341
ETask 91-91: Configuration:6 Energy:99.3245072127 Reward:-10.578927956788057 Raw:35.57892795678806 Time:32538 TotalReward:4670.853120577041
ETask 92-92: Configuration:19 Energy:93.3057283697 Reward:-8.422947475713435 Raw:33.422947475713435 Time:32524 TotalReward:4764.158848946741
ETask 93-93: Configuration:6 Energy:47.3120445259 Reward:8.052401960871642 Raw:16.94759803912836 Time:32571 TotalReward:4811.470893472641
ETask 94-94: Configuration:6 Energy:43.67480631745 Reward:9.355293259420895 Raw:15.644706740579105 Time:32524 TotalReward:4855.145699790091
ETask 95-95: Configuration:6 Energy:48.6091439526 Reward:7.587769330411938 Raw:17.412230669588062 Time:32506 TotalReward:4903.754843742691
ETask 96-96: Configuration:6 Energy:47.976551699999995 Reward:7.814369540298507 Raw:17.185630459701493 Time:32516 TotalReward:4951.731395442691
ETask 97-97: Configuration:6 Energy:63.231951629 Reward:2.3497486702089496 Raw:22.65025132979105 Time:32503 TotalReward:5014.963347071691
ETask 98-98: Configuration:6 Energy:32.87949288855 Reward:13.222271204101492 Raw:11.777728795898508 Time:32525 TotalReward:5047.842839960241
ETask 99-99: Configuration:10 Energy:26.952171274548 Reward:15.345490886729076 Raw:9.654509113270924 Time:32558 TotalReward:5074.795011234789
ETask 100-100: Configuration:9 Energy:39.6270545922 Reward:10.805234175928359 Raw:14.194765824071641 Time:32530 TotalReward:5114.422065826989
ETask 101-101: Configuration:9 Energy:75.65206917772798 Reward:-2.0992486606786827 Raw:27.099248660678683 Time:32508 TotalReward:5190.0741350047165
ETask 102-102: Configuration:9 Energy:59.927958819216 Reward:3.5332684826688947 Raw:21.466731517331105 Time:32509 TotalReward:5250.002093823932
ETask 103-103: Configuration:9 Energy:55.789824112236 Reward:5.0155853926318805 Raw:19.98441460736812 Time:32510 TotalReward:5305.791917936168
ETask 104-104: Configuration:9 Energy:52.74094529987999 Reward:6.107721086610155 Raw:18.892278913389845 Time:32503 TotalReward:5358.532863236048
ETask 105-105: Configuration:9 Energy:87.809267822205 Reward:-6.454066085565973 Raw:31.454066085565973 Time:32509 TotalReward:5446.342131058253
ETask 106-106: Configuration:12 Energy:31.775838506387995 Reward:13.617610087264003 Raw:11.382389912735997 Time:32530 TotalReward:5478.117969564641
ETask 107-107: Configuration:9 Energy:53.08363744987199 Reward:5.984965689598091 Raw:19.01503431040191 Time:32540 TotalReward:5531.201607014513
ETask 108-108: Configuration:9 Energy:56.976582269249995 Reward:4.590477993104479 Raw:20.40952200689552 Time:32508 TotalReward:5588.178189283763
ETask 109-109: Configuration:9 Energy:50.21720676881999 Reward:7.0117468290794065 Raw:17.988253170920594 Time:32512 TotalReward:5638.395396052582
ETask 110-110: Configuration:9 Energy:54.687851417500006 Reward:5.410321880298504 Raw:19.589678119701496 Time:32513 TotalReward:5693.083247470082
ETask 111-111: Configuration:9 Energy:40.68879026855999 Reward:10.424910948575524 Raw:14.575089051424476 Time:32506 TotalReward:5733.772037738642
ETask 112-112: Configuration:9 Energy:45.29204522902499 Reward:8.775983798558212 Raw:16.22401620144179 Time:32505 TotalReward:5779.064082967667
ETask 113-113: Configuration:9 Energy:41.57177364375 Reward:10.108618396268657 Raw:14.891381603731343 Time:32504 TotalReward:5820.635856611417
ETask 114-114: Configuration:9 Energy:84.58116805137999 Reward:-5.297731839300294 Raw:30.297731839300294 Time:32506 TotalReward:5905.217024662797
ETask 115-115: Configuration:9 Energy:83.53845347981 Reward:-4.924222142021492 Raw:29.924222142021492 Time:32503 TotalReward:5988.755478142607
ETask 116-116: Configuration:9 Energy:65.98627664243999 Reward:1.3631247847976162 Raw:23.636875215202384 Time:32507 TotalReward:6054.741754785047
ETask 117-117: Configuration:9 Energy:52.95338889720001 Reward:6.031621887570143 Raw:18.968378112429857 Time:32503 TotalReward:6107.695143682247
ETask 118-118: Configuration:9 Energy:37.33449158032 Reward:11.626450777198807 Raw:13.373549222801193 Time:32507 TotalReward:6145.029635262567
ETask 119-119: Configuration:9 Energy:42.67333952639999 Reward:9.714027632334329 Raw:15.285972367665671 Time:32502 TotalReward:6187.702974788967
ETask 120-120: Configuration:9 Energy:41.393027508272 Reward:10.17264686270854 Raw:14.82735313729146 Time:32510 TotalReward:6229.0960022972395
ETask 121-121: Configuration:9 Energy:85.183227776504 Reward:-5.513395024419346 Raw:30.513395024419346 Time:32503 TotalReward:6314.279230073744
ERun: Time:3940642
==END-RUN 0==
==ROUND-END==
STOKE: Config: 0 - Knobs: {interval:10000 priority:104 sensor-configuration:1 batch:5 }  | -- on:5 reward:10.6837
STOKE: Config: 1 - Knobs: {interval:7750 priority:104 sensor-configuration:1 batch:5 }  | -- on:1 reward:15.2898
STOKE: Config: 2 - Knobs: {interval:5500 priority:104 sensor-configuration:1 batch:5 }  | -- on:2 reward:15.4862
STOKE: Config: 3 - Knobs: {interval:3500 priority:104 sensor-configuration:1 batch:5 }  | -- on:5 reward:5.9369
STOKE: Config: 4 - Knobs: {interval:1000 priority:104 sensor-configuration:1 batch:5 }  | -- on:3 reward:7.7757
STOKE: Config: 5 - Knobs: {interval:10000 priority:100 sensor-configuration:1 batch:5 }  | -- on:2 reward:12.5979
STOKE: Config: 6 - Knobs: {interval:7750 priority:100 sensor-configuration:1 batch:5 }  | -- on:8 reward:5.5940
STOKE: Config: 7 - Knobs: {interval:5500 priority:100 sensor-configuration:1 batch:5 }  | -- on:1 reward:5.4347
STOKE: Config: 8 - Knobs: {interval:3500 priority:100 sensor-configuration:1 batch:5 }  | -- on:1 reward:7.1928
STOKE: Config: 9 - Knobs: {interval:1000 priority:100 sensor-configuration:1 batch:5 }  | -- on:52 reward:4.6976
STOKE: Config: 10 - Knobs: {interval:10000 priority:104 sensor-configuration:1 batch:1 }  | -- on:6 reward:6.6241
STOKE: Config: 11 - Knobs: {interval:7750 priority:104 sensor-configuration:1 batch:1 }  | -- on:1 reward:15.2545
STOKE: Config: 12 - Knobs: {interval:5500 priority:104 sensor-configuration:1 batch:1 }  | -- on:4 reward:14.2607
STOKE: Config: 13 - Knobs: {interval:3500 priority:104 sensor-configuration:1 batch:1 }  | -- on:3 reward:6.7190
STOKE: Config: 14 - Knobs: {interval:1000 priority:104 sensor-configuration:1 batch:1 }  | -- on:3 reward:12.6940
STOKE: Config: 15 - Knobs: {interval:10000 priority:100 sensor-configuration:1 batch:1 }  | -- on:1 reward:12.9891
STOKE: Config: 16 - Knobs: {interval:7750 priority:100 sensor-configuration:1 batch:1 }  | -- on:1 reward:13.0684
STOKE: Config: 17 - Knobs: {interval:5500 priority:100 sensor-configuration:1 batch:1 }  | -- on:3 reward:10.8468
STOKE: Config: 18 - Knobs: {interval:3500 priority:100 sensor-configuration:1 batch:1 }  | -- on:15 reward:5.4353
STOKE: Config: 19 - Knobs: {interval:1000 priority:100 sensor-configuration:1 batch:1 }  | -- on:4 reward:-6.6953
==RUN 1==
Bandit Runs:1 Tasks-in-Run:100
Self-Optimizer Rounds:0 Tasks-in-Round:0
Continuous Knob Rounds:Inf Tasks-in-Round:0
STOKE: Start Bat: 0.760000
ETask 1-1: Configuration:0 Energy:37.31168331814 Reward:11.634620900964777 Raw:13.365379099035223 Time:32527 TotalReward:37.31168331814
ETask 2-2: Configuration:1 Energy:35.190330153859996 Reward:12.394508601602391 Raw:12.605491398397609 Time:32546 TotalReward:72.50201347199999
ETask 3-3: Configuration:2 Energy:93.857548370768 Reward:-8.620614341767642 Raw:33.62061434176764 Time:32530 TotalReward:166.359561842768
ETask 4-4: Configuration:3 Energy:103.04677877127199 Reward:-11.912278962843693 Raw:36.91227896284369 Time:32528 TotalReward:269.40634061404
ETask 5-5: Configuration:4 Energy:86.04417335122 Reward:-5.821793439242985 Raw:30.821793439242985 Time:32533 TotalReward:355.45051396526003
ETask 6-6: Configuration:5 Energy:55.437958744839996 Reward:5.14162671826627 Raw:19.85837328173373 Time:32548 TotalReward:410.8884727101
ETask 7-7: Configuration:6 Energy:37.97883987324 Reward:11.395639448391643 Raw:13.604360551608357 Time:32533 TotalReward:448.86731258334004
ETask 8-8: Configuration:7 Energy:37.649125596211995 Reward:11.513746055088243 Raw:13.486253944911757 Time:32566 TotalReward:486.51643817955204
ETask 9-9: Configuration:8 Energy:47.105183470077996 Reward:8.126501443554151 Raw:16.87349855644585 Time:32527 TotalReward:533.62162164963
ETask 10-10: Configuration:9 Energy:63.027145214724 Reward:2.423112161889911 Raw:22.57688783811009 Time:32532 TotalReward:596.648766864354
ETask 11-11: Configuration:10 Energy:60.29096082917599 Reward:3.4032379119369622 Raw:21.596762088063038 Time:32531 TotalReward:656.93972769353
ETask 12-12: Configuration:11 Energy:67.005982300348 Reward:0.9978570864425116 Raw:24.00214291355749 Time:32547 TotalReward:723.945709993878
ETask 13-13: Configuration:12 Energy:70.041044143686 Reward:-0.08932924549946009 Raw:25.08932924549946 Time:32545 TotalReward:793.986754137564
ETask 14-14: Configuration:13 Energy:38.18203432836 Reward:11.322853374915823 Raw:13.677146625084177 Time:32539 TotalReward:832.1687884659241
ETask 15-15: Configuration:14 Energy:78.710347582421 Reward:-3.1947513728075165 Raw:28.194751372807517 Time:32539 TotalReward:910.8791360483451
ETask 16-16: Configuration:15 Energy:42.1177750214 Reward:9.913035813229849 Raw:15.086964186770151 Time:32550 TotalReward:952.9969110697451
ETask 17-17: Configuration:16 Energy:80.392842093798 Reward:-3.797435973897791 Raw:28.79743597389779 Time:32568 TotalReward:1033.3897531635432
ETask 18-18: Configuration:17 Energy:80.804435445 Reward:-3.9448723982089575 Raw:28.944872398208958 Time:32536 TotalReward:1114.1941886085433
ETask 19-19: Configuration:18 Energy:40.405562716800006 Reward:10.52636559398209 Raw:14.47363440601791 Time:32527 TotalReward:1154.5997513253433
ETask 20-20: Configuration:19 Energy:84.11991826799999 Reward:-5.1325080362985105 Raw:30.13250803629851 Time:32523 TotalReward:1238.7196695933433
ETask 21-21: Configuration:10 Energy:75.52009940265 Reward:-2.0519759054268647 Raw:27.051975905426865 Time:32573 TotalReward:1314.2397689959932
ETask 22-22: Configuration:10 Energy:34.171142200199995 Reward:12.759590853659702 Raw:12.240409146340298 Time:32508 TotalReward:1348.4109111961932
ETask 23-23: Configuration:4 Energy:45.131652223 Reward:8.833438009671639 Raw:16.16656199032836 Time:32534 TotalReward:1393.5425634191931
ETask 24-24: Configuration:14 Energy:36.896996609999995 Reward:11.783165393432837 Raw:13.216834606567163 Time:32536 TotalReward:1430.4395600291932
ETask 25-25: Configuration:19 Energy:84.20825620625 Reward:-5.164151476865673 Raw:30.164151476865673 Time:32529 TotalReward:1514.6478162354433
ETask 26-26: Configuration:5 Energy:37.671005572199995 Reward:11.505908451749258 Raw:13.494091548250742 Time:32558 TotalReward:1552.3188218076434
ETask 27-27: Configuration:2 Energy:37.648964619599994 Reward:11.513803718352241 Raw:13.486196281647759 Time:32534 TotalReward:1589.9677864272435
ETask 28-28: Configuration:2 Energy:38.350541819549996 Reward:11.262492482549254 Raw:13.737507517450746 Time:32512 TotalReward:1628.3183282467935
ETask 29-29: Configuration:1 Energy:38.031568590554 Reward:11.376751549652298 Raw:13.623248450347702 Time:32554 TotalReward:1666.3498968373474
ETask 30-30: Configuration:12 Energy:40.542865142000004 Reward:10.477182635701489 Raw:14.522817364298511 Time:32555 TotalReward:1706.8927619793474
ETask 31-31: Configuration:11 Energy:65.769929613 Reward:1.4406222281791052 Raw:23.559377771820895 Time:32531 TotalReward:1772.6626915923473
ETask 32-32: Configuration:13 Energy:60.1479175712 Reward:3.454477287928359 Raw:21.54552271207164 Time:32538 TotalReward:1832.8106091635473
ETask 33-33: Configuration:11 Energy:62.17220770046 Reward:2.729358435656117 Raw:22.270641564343883 Time:32544 TotalReward:1894.9828168640072
ETask 34-34: Configuration:1 Energy:49.4932029872 Reward:7.271091467271646 Raw:17.728908532728354 Time:32527 TotalReward:1944.4760198512072
ETask 35-35: Configuration:5 Energy:38.2286281986 Reward:11.306163033337315 Raw:13.693836966662685 Time:32538 TotalReward:1982.7046480498072
ETask 36-36: Configuration:11 Energy:48.264293616 Reward:7.711297809194029 Raw:17.28870219080597 Time:32523 TotalReward:2030.9689416658073
ETask 37-37: Configuration:3 Energy:37.269539432760006 Reward:11.64971721811582 Raw:13.35028278188418 Time:32551 TotalReward:2068.2384810985673
ETask 38-38: Configuration:1 Energy:68.99629898403 Reward:0.28490782661612 Raw:24.71509217338388 Time:32548 TotalReward:2137.2347800825974
ETask 39-39: Configuration:3 Energy:37.31930154068 Reward:11.631891985428059 Raw:13.368108014571941 Time:32546 TotalReward:2174.5540816232774
ETask 40-40: Configuration:16 Energy:52.441769512912 Reward:6.214888532688235 Raw:18.785111467311765 Time:32538 TotalReward:2226.9958511361892
ETask 41-41: Configuration:9 Energy:41.384452429179994 Reward:10.175718532831048 Raw:14.824281467168952 Time:32540 TotalReward:2268.380303565369
ETask 42-42: Configuration:16 Energy:43.1307545333 Reward:9.550177480608955 Raw:15.449822519391045 Time:32539 TotalReward:2311.5110580986693
ETask 43-43: Configuration:4 Energy:39.64984839508 Reward:10.797069231613136 Raw:14.202930768386864 Time:32541 TotalReward:2351.1609064937493
ETask 44-44: Configuration:4 Energy:37.280756727844 Reward:11.645699082563343 Raw:13.354300917436657 Time:32508 TotalReward:2388.4416632215934
ETask 45-45: Configuration:11 Energy:52.01435901625601 Reward:6.367990800147101 Raw:18.6320091998529 Time:32530 TotalReward:2440.4560222378495
ETask 46-46: Configuration:3 Energy:37.044295380716 Reward:11.730401654668896 Raw:13.269598345331104 Time:32548 TotalReward:2477.5003176185655
ETask 47-47: Configuration:11 Energy:40.06651482694 Reward:10.6478155843797 Raw:14.3521844156203 Time:32542 TotalReward:2517.5668324455055
ETask 48-48: Configuration:5 Energy:42.375395184 Reward:9.820753963940298 Raw:15.179246036059702 Time:32545 TotalReward:2559.9422276295054
ETask 49-49: Configuration:17 Energy:42.3571915776 Reward:9.827274658770147 Raw:15.172725341229853 Time:32537 TotalReward:2602.2994192071055
ETask 50-50: Configuration:17 Energy:85.633378218048 Reward:-5.674642943778384 Raw:30.674642943778384 Time:32503 TotalReward:2687.9327974251537
ETask 51-51: Configuration:17 Energy:56.49418291968 Reward:4.763277760114626 Raw:20.236722239885374 Time:32504 TotalReward:2744.4269803448337
ETask 52-52: Configuration:17 Energy:55.001524492415996 Reward:5.297961375850985 Raw:19.702038624149015 Time:32504 TotalReward:2799.42850483725
ETask 53-53: Configuration:17 Energy:56.03469096556799 Reward:4.927871892930874 Raw:20.072128107069126 Time:32504 TotalReward:2855.463195802818
ETask 54-54: Configuration:17 Energy:64.54070913504 Reward:1.8809400113289527 Raw:23.119059988671047 Time:32506 TotalReward:2920.003904937858
ETask 55-55: Configuration:15 Energy:44.92322697676799 Reward:8.908097799366686 Raw:16.091902200633314 Time:32531 TotalReward:2964.927131914626
ETask 56-56: Configuration:17 Energy:44.133577761408 Reward:9.190957219794148 Raw:15.809042780205852 Time:32540 TotalReward:3009.060709676034
ETask 57-57: Configuration:17 Energy:40.122899927136 Reward:10.627617936548301 Raw:14.372382063451699 Time:32505 TotalReward:3049.18360960317
ETask 58-58: Configuration:16 Energy:73.58678712403201 Reward:-1.359446133981617 Raw:26.359446133981617 Time:32535 TotalReward:3122.7703967272023
ETask 59-59: Configuration:0 Energy:37.14733076947199 Reward:11.693493455711527 Raw:13.306506544288473 Time:32541 TotalReward:3159.917727496674
ETask 60-60: Configuration:4 Energy:102.83181390405 Reward:-11.83527662234627 Raw:36.83527662234627 Time:32553 TotalReward:3262.749541400724
ETask 61-61: Configuration:16 Energy:84.03359406911699 Reward:-5.1015859352060815 Raw:30.10158593520608 Time:32557 TotalReward:3346.783135469841
ETask 62-62: Configuration:16 Energy:91.08468376461299 Reward:-7.62734940821958 Raw:32.62734940821958 Time:32503 TotalReward:3437.867819234454
ETask 63-63: Configuration:16 Energy:87.825478058934 Reward:-6.459872737528599 Raw:31.4598727375286 Time:32508 TotalReward:3525.6932972933882
ETask 64-64: Configuration:16 Energy:81.41517347039999 Reward:-4.16364422820299 Raw:29.16364422820299 Time:32507 TotalReward:3607.1084707637883
ETask 65-65: Configuration:16 Energy:82.86419526046201 Reward:-4.682696809717733 Raw:29.682696809717733 Time:32509 TotalReward:3689.9726660242504
ETask 66-66: Configuration:12 Energy:37.491771732722995 Reward:11.570111618129074 Raw:13.429888381870926 Time:32531 TotalReward:3727.4644377569734
ETask 67-67: Configuration:16 Energy:139.05815326425 Reward:-24.811875796149252 Raw:49.81187579614925 Time:32531 TotalReward:3866.5225910212234
ETask 68-68: Configuration:4 Energy:40.98438811133999 Reward:10.319025154146871 Raw:14.680974845853129 Time:32538 TotalReward:3907.5069791325636
ETask 69-69: Configuration:4 Energy:37.13802280632 Reward:11.696827651467462 Raw:13.303172348532538 Time:32519 TotalReward:3944.6450019388835
ETask 70-70: Configuration:19 Energy:86.66298800812798 Reward:-6.043458390971214 Raw:31.043458390971214 Time:32527 TotalReward:4031.3079899470117
ETask 71-71: Configuration:17 Energy:51.5100136368 Reward:6.548651831594032 Raw:18.451348168405968 Time:32552 TotalReward:4082.818003583812
ETask 72-72: Configuration:16 Energy:55.880574971159994 Reward:4.983077622271043 Raw:20.016922377728957 Time:32530 TotalReward:4138.698578554971
ETask 73-73: Configuration:16 Energy:60.53827894807199 Reward:3.3146463469592895 Raw:21.68535365304071 Time:32504 TotalReward:4199.236857503043
ETask 74-74: Configuration:16 Energy:55.67247961675199 Reward:5.057619241760481 Raw:19.94238075823952 Time:32504 TotalReward:4254.909337119795
ETask 75-75: Configuration:16 Energy:142.38940188379198 Reward:-26.005158883746375 Raw:51.005158883746375 Time:32508 TotalReward:4397.298739003587
ETask 76-76: Configuration:16 Energy:38.573967636599996 Reward:11.182459354053732 Raw:13.817540645946268 Time:32516 TotalReward:4435.872706640187
ETask 77-77: Configuration:16 Energy:38.40832385851999 Reward:11.241794438739108 Raw:13.758205561260892 Time:32507 TotalReward:4474.281030498707
ETask 78-78: Configuration:16 Energy:38.08726445742399 Reward:11.35680079137051 Raw:13.64319920862949 Time:32504 TotalReward:4512.368294956131
ETask 79-79: Configuration:6 Energy:39.687896830848 Reward:10.783439941188776 Raw:14.216560058811224 Time:32543 TotalReward:4552.056191786979
ETask 80-80: Configuration:9 Energy:44.07559100364 Reward:9.211728595711044 Raw:15.788271404288956 Time:32528 TotalReward:4596.131782790619
ETask 81-81: Configuration:16 Energy:38.012946779695994 Reward:11.383422049064123 Raw:13.616577950935877 Time:32537 TotalReward:4634.144729570315
ETask 82-82: Configuration:16 Energy:46.052972658896 Reward:8.503412778902923 Raw:16.496587221097077 Time:32503 TotalReward:4680.19770222921
ETask 83-83: Configuration:16 Energy:38.59215098155199 Reward:11.175945917056003 Raw:13.824054082943997 Time:32504 TotalReward:4718.789853210762
ETask 84-84: Configuration:16 Energy:37.756434828615994 Reward:11.475306927062928 Raw:13.524693072937072 Time:32507 TotalReward:4756.546288039378
ETask 85-85: Configuration:16 Energy:37.940043595632 Reward:11.409536622460179 Raw:13.590463377539821 Time:32507 TotalReward:4794.48633163501
ETask 86-86: Configuration:16 Energy:51.46545366476799 Reward:6.564613612620416 Raw:18.435386387379584 Time:32509 TotalReward:4845.951785299778
ETask 87-87: Configuration:16 Energy:40.890198098112 Reward:10.352764860377787 Raw:14.647235139622213 Time:32510 TotalReward:4886.84198339789
ETask 88-88: Configuration:16 Energy:84.81617778796799 Reward:-5.381914431510925 Raw:30.381914431510925 Time:32503 TotalReward:4971.658161185857
ETask 89-89: Configuration:16 Energy:71.98498658982399 Reward:-0.7856668381459073 Raw:25.785666838145907 Time:32506 TotalReward:5043.643147775681
ETask 90-90: Configuration:16 Energy:38.551107944448 Reward:11.190647900496238 Raw:13.809352099503762 Time:32504 TotalReward:5082.194255720129
ETask 91-91: Configuration:16 Energy:96.436501805248 Reward:-9.54441855710376 Raw:34.54441855710376 Time:32509 TotalReward:5178.630757525377
ETask 92-92: Configuration:16 Energy:53.62065889487999 Reward:5.792599798848958 Raw:19.207400201151042 Time:32503 TotalReward:5232.251416420257
ETask 93-93: Configuration:16 Energy:99.38409553811198 Reward:-10.60027302857742 Raw:35.60027302857742 Time:32510 TotalReward:5331.635511958369
ETask 94-94: Configuration:16 Energy:83.102587256832 Reward:-4.768090957671159 Raw:29.76809095767116 Time:32508 TotalReward:5414.7380992152
ETask 95-95: Configuration:16 Energy:40.36976178048 Reward:10.539189809977312 Raw:14.460810190022688 Time:32508 TotalReward:5455.10786099568
ETask 96-96: Configuration:16 Energy:37.787233735415995 Reward:11.464274482836062 Raw:13.535725517163938 Time:32510 TotalReward:5492.895094731096
ETask 97-97: Configuration:8 Energy:38.371434307248 Reward:11.255008606358924 Raw:13.744991393641076 Time:32533 TotalReward:5531.266529038344
ETask 98-98: Configuration:16 Energy:44.646828809128 Reward:9.007106098222803 Raw:15.992893901777197 Time:32537 TotalReward:5575.913357847472
ETask 99-99: Configuration:16 Energy:37.734765081279996 Reward:11.483069224616122 Raw:13.516930775383878 Time:32511 TotalReward:5613.648122928752
ETask 100-100: Configuration:16 Energy:38.70337559270399 Reward:11.136104265300062 Raw:13.863895734699938 Time:32508 TotalReward:5652.351498521456
ETask 101-101: Configuration:16 Energy:36.015429566 Reward:12.09895060322388 Raw:12.90104939677612 Time:32507 TotalReward:5688.3669280874565
ETask 102-102: Configuration:11 Energy:45.85620964124801 Reward:8.573895053881312 Raw:16.426104946118688 Time:32531 TotalReward:5734.223137728704
ETask 103-103: Configuration:16 Energy:43.17087711383999 Reward:9.53580521295284 Raw:15.46419478704716 Time:32548 TotalReward:5777.3940148425445
ETask 104-104: Configuration:15 Energy:61.82480636384 Reward:2.8538007054901513 Raw:22.14619929450985 Time:32538 TotalReward:5839.218821206385
ETask 105-105: Configuration:16 Energy:44.886423006909 Reward:8.92128131095797 Raw:16.07871868904203 Time:32542 TotalReward:5884.105244213294
ETask 106-106: Configuration:16 Energy:38.43425569787399 Reward:11.232505421657077 Raw:13.767494578342923 Time:32509 TotalReward:5922.539499911168
ETask 107-107: Configuration:16 Energy:39.756309727994996 Reward:10.758933828777913 Raw:14.241066171222087 Time:32502 TotalReward:5962.295809639163
ETask 108-108: Configuration:16 Energy:50.65874311145999 Reward:6.853584557088961 Raw:18.14641544291104 Time:32505 TotalReward:6012.954552750623
ETask 109-109: Configuration:16 Energy:40.29941797963199 Reward:10.564387589385555 Raw:14.435612410614445 Time:32506 TotalReward:6053.253970730256
ETask 110-110: Configuration:17 Energy:43.78858243257599 Reward:9.314537636092178 Raw:15.685462363907822 Time:32530 TotalReward:6097.042553162832
ETask 111-111: Configuration:16 Energy:84.16602703097699 Reward:-5.149024608111159 Raw:30.14902460811116 Time:32558 TotalReward:6181.208580193808
ETask 112-112: Configuration:16 Energy:50.53279803477199 Reward:6.898699211424958 Raw:18.101300788575042 Time:32503 TotalReward:6231.74137822858
ETask 113-113: Configuration:16 Energy:40.7926596866 Reward:10.387703992859702 Raw:14.612296007140298 Time:32504 TotalReward:6272.53403791518
ETask 114-114: Configuration:16 Energy:48.564039126667 Reward:7.603926282984954 Raw:17.396073717015046 Time:32505 TotalReward:6321.098077041847
ETask 115-115: Configuration:16 Energy:50.59865159924 Reward:6.875109874899106 Raw:18.124890125100894 Time:32508 TotalReward:6371.696728641087
ETask 116-116: Configuration:16 Energy:43.383933923823996 Reward:9.459486355645137 Raw:15.540513644354863 Time:32505 TotalReward:6415.080662564911
ETask 117-117: Configuration:16 Energy:50.150641615068 Reward:7.035591063259222 Raw:17.964408936740778 Time:32505 TotalReward:6465.231304179979
ETask 118-118: Configuration:16 Energy:63.562903849071 Reward:2.2311986212283017 Raw:22.7688013787717 Time:32505 TotalReward:6528.7942080290495
ETask 119-119: Configuration:16 Energy:39.04359476687999 Reward:11.014234710371346 Raw:13.985765289628654 Time:32507 TotalReward:6567.83780279593
ETask 120-120: Configuration:16 Energy:40.331397011776 Reward:10.55293241369218 Raw:14.44706758630782 Time:32508 TotalReward:6608.169199807706
ETask 121-121: Configuration:16 Energy:40.655730621584 Reward:10.436753210178864 Raw:14.563246789821136 Time:32508 TotalReward:6648.824930429289
ERun: Time:3940421
==END-RUN 1==
==ROUND-END==
STOKE: Config: 0 - Knobs: {interval:10000 priority:104 sensor-configuration:1 batch:5 }  | -- on:2 reward:11.6641
STOKE: Config: 1 - Knobs: {interval:7750 priority:104 sensor-configuration:1 batch:5 }  | -- on:4 reward:7.8318
STOKE: Config: 2 - Knobs: {interval:5500 priority:104 sensor-configuration:1 batch:5 }  | -- on:3 reward:4.7186
STOKE: Config: 3 - Knobs: {interval:3500 priority:104 sensor-configuration:1 batch:5 }  | -- on:4 reward:5.7749
STOKE: Config: 4 - Knobs: {interval:1000 priority:104 sensor-configuration:1 batch:5 }  | -- on:7 reward:5.0907
STOKE: Config: 5 - Knobs: {interval:10000 priority:100 sensor-configuration:1 batch:5 }  | -- on:4 reward:9.4436
STOKE: Config: 6 - Knobs: {interval:7750 priority:100 sensor-configuration:1 batch:5 }  | -- on:2 reward:11.0895
STOKE: Config: 7 - Knobs: {interval:5500 priority:100 sensor-configuration:1 batch:5 }  | -- on:1 reward:11.5137
STOKE: Config: 8 - Knobs: {interval:3500 priority:100 sensor-configuration:1 batch:5 }  | -- on:2 reward:9.6908
STOKE: Config: 9 - Knobs: {interval:1000 priority:100 sensor-configuration:1 batch:5 }  | -- on:3 reward:7.2702
STOKE: Config: 10 - Knobs: {interval:10000 priority:104 sensor-configuration:1 batch:1 }  | -- on:3 reward:4.7036
STOKE: Config: 11 - Knobs: {interval:7750 priority:104 sensor-configuration:1 batch:1 }  | -- on:7 reward:5.4955
STOKE: Config: 12 - Knobs: {interval:5500 priority:104 sensor-configuration:1 batch:1 }  | -- on:3 reward:7.3193
STOKE: Config: 13 - Knobs: {interval:3500 priority:104 sensor-configuration:1 batch:1 }  | -- on:2 reward:7.3887
STOKE: Config: 14 - Knobs: {interval:1000 priority:104 sensor-configuration:1 batch:1 }  | -- on:2 reward:4.2942
STOKE: Config: 15 - Knobs: {interval:10000 priority:100 sensor-configuration:1 batch:1 }  | -- on:3 reward:7.2250
STOKE: Config: 16 - Knobs: {interval:7750 priority:100 sensor-configuration:1 batch:1 }  | -- on:54 reward:4.3815
STOKE: Config: 17 - Knobs: {interval:5500 priority:100 sensor-configuration:1 batch:1 }  | -- on:11 reward:4.7963
STOKE: Config: 18 - Knobs: {interval:3500 priority:100 sensor-configuration:1 batch:1 }  | -- on:1 reward:10.5264
STOKE: Config: 19 - Knobs: {interval:1000 priority:100 sensor-configuration:1 batch:1 }  | -- on:3 reward:-5.4467
==RUN 2==
Bandit Runs:1 Tasks-in-Run:100
Self-Optimizer Rounds:0 Tasks-in-Round:0
Continuous Knob Rounds:Inf Tasks-in-Round:0
STOKE: Start Bat: 0.570000
ETask 1-1: Configuration:0 Energy:49.588633222823994 Reward:7.236907502272004 Raw:17.763092497727996 Time:32504 TotalReward:49.588633222823994
ETask 2-2: Configuration:1 Energy:50.001438704669994 Reward:7.089036881909262 Raw:17.910963118090738 Time:32550 TotalReward:99.590071927494
ETask 3-3: Configuration:2 Energy:41.575437646012 Reward:10.107305917846446 Raw:14.892694082153554 Time:32537 TotalReward:141.165509573506
ETask 4-4: Configuration:3 Energy:37.523395158125005 Reward:11.558783823955224 Raw:13.441216176044776 Time:32543 TotalReward:178.688904731631
ETask 5-5: Configuration:4 Energy:39.12158478635399 Reward:10.986297986977675 Raw:14.013702013022325 Time:32531 TotalReward:217.810489517985
ETask 6-6: Configuration:5 Energy:38.269782477217994 Reward:11.291421202190568 Raw:13.708578797809432 Time:32567 TotalReward:256.08027199520296
ETask 7-7: Configuration:6 Energy:33.182024508966 Reward:13.113901668430088 Raw:11.886098331569912 Time:32538 TotalReward:289.26229650416894
ETask 8-8: Configuration:7 Energy:34.186954675744 Reward:12.753926683315584 Raw:12.246073316684416 Time:32553 TotalReward:323.44925117991295
ETask 9-9: Configuration:8 Energy:34.81389714198001 Reward:12.529350277499699 Raw:12.470649722500301 Time:32532 TotalReward:358.26314832189297
ETask 10-10: Configuration:9 Energy:34.70974677638 Reward:12.566657871147463 Raw:12.433342128852537 Time:32542 TotalReward:392.97289509827294
ETask 11-11: Configuration:10 Energy:26.605524418265 Reward:15.469662894949852 Raw:9.530337105050148 Time:32541 TotalReward:419.57841951653796
ETask 12-12: Configuration:11 Energy:26.267606572479995 Reward:15.590708093440002 Raw:9.409291906559998 Time:32563 TotalReward:445.846026089018
ETask 13-13: Configuration:12 Energy:28.67294560923 Reward:14.729094110126567 Raw:10.270905889873433 Time:32551 TotalReward:474.518971698248
ETask 14-14: Configuration:13 Energy:26.18236887552 Reward:15.62124099981373 Raw:9.37875900018627 Time:32540 TotalReward:500.701340573768
ETask 15-15: Configuration:14 Energy:84.5960154624 Reward:-5.303050314889553 Raw:30.303050314889553 Time:32540 TotalReward:585.297356036168
ETask 16-16: Configuration:15 Energy:48.368700334079996 Reward:7.673898387792242 Raw:17.326101612207758 Time:32533 TotalReward:633.666056370248
ETask 17-17: Configuration:16 Energy:63.1717540608 Reward:2.3713119782208985 Raw:22.6286880217791 Time:32547 TotalReward:696.8378104310481
ETask 18-18: Configuration:17 Energy:49.25330044415999 Reward:7.3570267065695525 Raw:17.642973293430448 Time:32540 TotalReward:746.0911108752081
ETask 19-19: Configuration:18 Energy:81.12824045726401 Reward:-4.060862253348301 Raw:29.0608622533483 Time:32535 TotalReward:827.2193513324721
ETask 20-20: Configuration:19 Energy:95.39644335980002 Reward:-9.171860307988062 Raw:34.17186030798806 Time:32539 TotalReward:922.6157946922722
ETask 21-21: Configuration:4 Energy:23.488011076992 Reward:16.58638409182376 Raw:8.413615908176238 Time:32557 TotalReward:946.1038057692642
ETask 22-22: Configuration:0 Energy:26.387950086432 Reward:15.547599969039286 Raw:9.452400030960714 Time:32549 TotalReward:972.4917558556963
ETask 23-23: Configuration:10 Energy:32.414901555872 Reward:13.38869197998615 Raw:11.61130802001385 Time:32557 TotalReward:1004.9066574115683
ETask 24-24: Configuration:2 Energy:33.751764273392006 Reward:12.90981578266555 Raw:12.09018421733445 Time:32529 TotalReward:1038.6584216849603
ETask 25-25: Configuration:19 Energy:83.7556378846 Reward:-5.002019540752244 Raw:30.002019540752244 Time:32522 TotalReward:1122.4140595695603
ETask 26-26: Configuration:16 Energy:34.449809189663995 Reward:12.659769842508418 Raw:12.340230157491582 Time:32548 TotalReward:1156.8638687592243
ETask 27-27: Configuration:18 Energy:93.63443676540801 Reward:-8.540693766713318 Raw:33.54069376671332 Time:32530 TotalReward:1250.4983055246323
ETask 28-28: Configuration:13 Energy:27.378299981648002 Reward:15.19284776776788 Raw:9.80715223223212 Time:32533 TotalReward:1277.8766055062804
ETask 29-29: Configuration:3 Energy:40.844387565696 Reward:10.369174603332775 Raw:14.630825396667225 Time:32543 TotalReward:1318.7209930719764
ETask 30-30: Configuration:4 Energy:26.630066113496994 Reward:15.460871839941376 Raw:9.539128160058624 Time:32530 TotalReward:1345.3510591854733
ETask 31-31: Configuration:14 Energy:86.113743898824 Reward:-5.846714232414566 Raw:30.846714232414566 Time:32527 TotalReward:1431.4648030842973
ETask 32-32: Configuration:14 Energy:102.36958542029998 Reward:-11.669702240107455 Raw:36.669702240107455 Time:32503 TotalReward:1533.8343885045972
ETask 33-33: Configuration:12 Energy:63.70565189921999 Reward:2.1800649913241834 Raw:22.819935008675817 Time:32548 TotalReward:1597.540040403817
ETask 34-34: Configuration:9 Energy:49.541236185525 Reward:7.25388554548358 Raw:17.74611445451642 Time:32529 TotalReward:1647.081276589342
ETask 35-35: Configuration:8 Energy:32.288191906737 Reward:13.434080511019582 Raw:11.565919488980418 Time:32548 TotalReward:1679.369468496079
ETask 36-36: Configuration:18 Energy:91.19032780421999 Reward:-7.665192049272832 Raw:32.66519204927283 Time:32532 TotalReward:1770.559796300299
ETask 37-37: Configuration:18 Energy:83.58173787455998 Reward:-4.939726999842378 Raw:29.939726999842378 Time:32503 TotalReward:1854.141534174859
ETask 38-38: Configuration:16 Energy:78.60636856519199 Reward:-3.157505157680717 Raw:28.157505157680717 Time:32540 TotalReward:1932.7479027400511
ETask 39-39: Configuration:10 Energy:27.182473645012 Reward:15.262994515219582 Raw:9.737005484780418 Time:32565 TotalReward:1959.930376385063
ETask 40-40: Configuration:16 Energy:33.12248119869001 Reward:13.135230615394626 Raw:11.864769384605374 Time:32547 TotalReward:1993.052857583753
ETask 41-41: Configuration:16 Energy:32.933363902109996 Reward:13.202974124617313 Raw:11.797025875382687 Time:32508 TotalReward:2025.9862214858629
ETask 42-42: Configuration:17 Energy:46.057684718885 Reward:8.501724876817317 Raw:16.498275123182683 Time:32541 TotalReward:2072.043906204748
ETask 43-43: Configuration:19 Energy:88.94158907328 Reward:-6.859673697891349 Raw:31.85967369789135 Time:32536 TotalReward:2160.985495278028
ETask 44-44: Configuration:18 Energy:82.81240983144001 Reward:-4.664146805291942 Raw:29.664146805291942 Time:32534 TotalReward:2243.797905109468
ETask 45-45: Configuration:18 Energy:33.83833179938699 Reward:12.878806519622572 Raw:12.121193480377428 Time:32503 TotalReward:2277.636236908855
ETask 46-46: Configuration:18 Energy:33.737748657184 Reward:12.91483630190424 Raw:12.08516369809576 Time:32511 TotalReward:2311.373985566039
ETask 47-47: Configuration:18 Energy:62.794106593920006 Reward:2.5065886827749218 Raw:22.49341131722508 Time:32506 TotalReward:2374.168092159959
ETask 48-48: Configuration:18 Energy:51.92928495534 Reward:6.398465090624477 Raw:18.601534909375523 Time:32505 TotalReward:2426.097377115299
ETask 49-49: Configuration:18 Energy:98.79948556568999 Reward:-10.39086050114269 Raw:35.39086050114269 Time:32510 TotalReward:2524.8968626809888
ETask 50-50: Configuration:18 Energy:34.83765195976 Reward:12.520841089041193 Raw:12.479158910958807 Time:32506 TotalReward:2559.734514640749
ETask 51-51: Configuration:18 Energy:78.97537633073601 Reward:-3.289687043845735 Raw:28.289687043845735 Time:32503 TotalReward:2638.7098909714846
ETask 52-52: Configuration:18 Energy:34.734529490473996 Reward:12.557780481024242 Raw:12.442219518975758 Time:32511 TotalReward:2673.4444204619585
ETask 53-53: Configuration:18 Energy:35.423319938679995 Reward:12.31104957420418 Raw:12.68895042579582 Time:32507 TotalReward:2708.8677404006385
ETask 54-54: Configuration:10 Energy:29.268701522496 Reward:14.515689006867104 Raw:10.484310993132896 Time:32558 TotalReward:2738.1364419231345
ETask 55-55: Configuration:18 Energy:79.818456723272 Reward:-3.591685990425791 Raw:28.59168599042579 Time:32549 TotalReward:2817.9548986464065
ETask 56-56: Configuration:3 Energy:32.27892805698 Reward:13.437398904962388 Raw:11.562601095037612 Time:32572 TotalReward:2850.2338267033865
ETask 57-57: Configuration:18 Energy:47.429318659211994 Reward:8.010393316103166 Raw:16.989606683896834 Time:32538 TotalReward:2897.6631453625987
ETask 58-58: Configuration:18 Energy:35.007948003087 Reward:12.459839521282268 Raw:12.540160478717732 Time:32507 TotalReward:2932.671093365686
ETask 59-59: Configuration:18 Energy:36.048609467136 Reward:12.087065265503524 Raw:12.912934734496476 Time:32510 TotalReward:2968.719702832822
ETask 60-60: Configuration:3 Energy:26.971888076712 Reward:15.338428151625553 Raw:9.661571848374447 Time:32542 TotalReward:2995.6915909095337
ETask 61-61: Configuration:18 Energy:34.930697834142 Reward:12.487511223590925 Raw:12.512488776409075 Time:32542 TotalReward:3030.6222887436757
ETask 62-62: Configuration:18 Energy:35.095291124309995 Reward:12.428552433082988 Raw:12.571447566917012 Time:32504 TotalReward:3065.7175798679855
ETask 63-63: Configuration:18 Energy:75.37256795817899 Reward:-1.999128820840241 Raw:26.99912882084024 Time:32508 TotalReward:3141.0901478261644
ETask 64-64: Configuration:19 Energy:102.52330926014099 Reward:-11.72476749616991 Raw:36.72476749616991 Time:32533 TotalReward:3243.6134570863055
ETask 65-65: Configuration:18 Energy:68.982213773373 Reward:0.28995327520966896 Raw:24.71004672479033 Time:32532 TotalReward:3312.5956708596786
ETask 66-66: Configuration:18 Energy:39.683887874015 Reward:10.784875985427464 Raw:14.215124014572536 Time:32505 TotalReward:3352.2795587336936
ETask 67-67: Configuration:18 Energy:107.794467097625 Reward:-13.61294343795523 Raw:38.61294343795523 Time:32507 TotalReward:3460.0740258313185
ETask 68-68: Configuration:4 Energy:34.508252497334006 Reward:12.638834926328116 Raw:12.361165073671884 Time:32544 TotalReward:3494.5822783286526
ETask 69-69: Configuration:11 Energy:27.99551406036 Reward:14.971756157482986 Raw:10.028243842517014 Time:32546 TotalReward:3522.5777923890128
ETask 70-70: Configuration:18 Energy:43.354324165152 Reward:9.470092836363461 Raw:15.529907163636539 Time:32556 TotalReward:3565.9321165541646
ETask 71-71: Configuration:18 Energy:36.375106618752 Reward:11.970111061939583 Raw:13.029888938060417 Time:32508 TotalReward:3602.3072231729166
ETask 72-72: Configuration:18 Energy:34.983140347232 Reward:12.468725845767642 Raw:12.531274154232358 Time:32507 TotalReward:3637.2903635201487
ETask 73-73: Configuration:18 Energy:118.24703541763199 Reward:-17.35714701527116 Raw:42.35714701527116 Time:32510 TotalReward:3755.537398937781
ETask 74-74: Configuration:18 Energy:35.301625626432 Reward:12.354641566651225 Raw:12.645358433348775 Time:32509 TotalReward:3790.8390245642127
ETask 75-75: Configuration:18 Energy:108.15968398521 Reward:-13.743767397687158 Raw:38.74376739768716 Time:32505 TotalReward:3898.9987085494226
ETask 76-76: Configuration:18 Energy:32.70196637253 Reward:13.285862791929553 Raw:11.714137208070447 Time:32508 TotalReward:3931.7006749219527
ETask 77-77: Configuration:16 Energy:31.035582434804994 Reward:13.88277644126388 Raw:11.11722355873612 Time:32536 TotalReward:3962.7362573567575
ETask 78-78: Configuration:18 Energy:47.48690708385 Reward:7.989764626680596 Raw:17.010235373319404 Time:32534 TotalReward:4010.2231644406074
ETask 79-79: Configuration:18 Energy:46.716201005174995 Reward:8.265838445907463 Raw:16.734161554092537 Time:32510 TotalReward:4056.9393654457826
ETask 80-80: Configuration:18 Energy:55.04431807075499 Reward:5.282632332863884 Raw:19.717367667136116 Time:32505 TotalReward:4111.983683516538
ETask 81-81: Configuration:18 Energy:31.872552527400003 Reward:13.582966258841791 Raw:11.417033741158209 Time:32514 TotalReward:4143.856236043938
ETask 82-82: Configuration:18 Energy:82.267898375325 Reward:-4.469097925489557 Raw:29.469097925489557 Time:32508 TotalReward:4226.124134419263
ETask 83-83: Configuration:18 Energy:32.10985279788 Reward:13.497963176878805 Raw:11.502036823121195 Time:32503 TotalReward:4258.233987217143
ETask 84-84: Configuration:18 Energy:82.92596620737 Reward:-4.704823716072834 Raw:29.704823716072834 Time:32511 TotalReward:4341.159953424513
ETask 85-85: Configuration:18 Energy:32.269360585168 Reward:13.440826059044296 Raw:11.559173940955704 Time:32507 TotalReward:4373.429314009682
ETask 86-86: Configuration:15 Energy:45.851637435743996 Reward:8.575532858837974 Raw:16.424467141162026 Time:32531 TotalReward:4419.280951445426
ETask 87-87: Configuration:18 Energy:69.166985313664 Reward:0.22376645480693114 Raw:24.77623354519307 Time:32550 TotalReward:4488.447936759089
ETask 88-88: Configuration:18 Energy:35.757437663294006 Reward:12.191365613148415 Raw:12.808634386851585 Time:32503 TotalReward:4524.205374422383
ETask 89-89: Configuration:18 Energy:31.726190259855002 Reward:13.635394533783282 Raw:11.364605466216718 Time:32509 TotalReward:4555.931564682238
ETask 90-90: Configuration:18 Energy:88.760829711604 Reward:-6.794924075798448 Raw:31.79492407579845 Time:32507 TotalReward:4644.692394393842
ETask 91-91: Configuration:18 Energy:48.186897516398005 Reward:7.739021785170863 Raw:17.260978214829137 Time:32504 TotalReward:4692.87929191024
ETask 92-92: Configuration:18 Energy:86.11379780429999 Reward:-5.846733541838798 Raw:30.8467335418388 Time:32512 TotalReward:4778.99308971454
ETask 93-93: Configuration:18 Energy:34.225523511166 Reward:12.740110981074864 Raw:12.259889018925136 Time:32506 TotalReward:4813.218613225706
ETask 94-94: Configuration:18 Energy:49.018396294571 Reward:7.441171476571583 Raw:17.558828523428417 Time:32502 TotalReward:4862.237009520277
ETask 95-95: Configuration:18 Energy:50.043750682947994 Reward:7.073880352376836 Raw:17.926119647623164 Time:32510 TotalReward:4912.280760203224
ETask 96-96: Configuration:18 Energy:85.41753228546801 Reward:-5.597324997779584 Raw:30.597324997779584 Time:32509 TotalReward:4997.6982924886925
ETask 97-97: Configuration:18 Energy:35.435348412879996 Reward:12.306740867028061 Raw:12.693259132971939 Time:32502 TotalReward:5033.133640901572
ETask 98-98: Configuration:19 Energy:84.16180258793999 Reward:-5.147511374784475 Raw:30.147511374784475 Time:32547 TotalReward:5117.295443489512
ETask 99-99: Configuration:18 Energy:67.9773970524 Reward:0.6498876230208985 Raw:24.3501123769791 Time:32543 TotalReward:5185.272840541912
ETask 100-100: Configuration:18 Energy:34.171114409744 Reward:12.759600808449912 Raw:12.240399191550088 Time:32511 TotalReward:5219.443954951656
ETask 101-101: Configuration:18 Energy:67.32815926939199 Reward:0.882450410964065 Raw:24.117549589035935 Time:32509 TotalReward:5286.7721142210485
ETask 102-102: Configuration:18 Energy:51.1793250948 Reward:6.667107428728357 Raw:18.332892571271643 Time:32503 TotalReward:5337.951439315849
ETask 103-103: Configuration:18 Energy:36.16573572348 Reward:12.045109591589254 Raw:12.954890408410746 Time:32510 TotalReward:5374.117175039329
ETask 104-104: Configuration:18 Energy:38.6586108 Reward:11.152139414925374 Raw:13.847860585074626 Time:32506 TotalReward:5412.775785839329
ETask 105-105: Configuration:18 Energy:40.47110907 Reward:10.502886303283585 Raw:14.497113696716415 Time:32511 TotalReward:5453.246894909329
ETask 106-106: Configuration:18 Energy:84.25012573079 Reward:-5.179149515506868 Raw:30.179149515506868 Time:32506 TotalReward:5537.497020640119
ETask 107-107: Configuration:18 Energy:35.04410654270799 Reward:12.446887208582211 Raw:12.553112791417789 Time:32504 TotalReward:5572.541127182827
ETask 108-108: Configuration:18 Energy:39.942260523899996 Reward:10.692324588453733 Raw:14.307675411546267 Time:32508 TotalReward:5612.483387706727
ETask 109-109: Configuration:18 Energy:43.098932166164 Reward:9.561576537493494 Raw:15.438423462506506 Time:32508 TotalReward:5655.58231987289
ETask 110-110: Configuration:18 Energy:36.802687591082 Reward:11.816947728567644 Raw:13.183052271432356 Time:32505 TotalReward:5692.385007463972
ETask 111-111: Configuration:18 Energy:75.920246153622 Reward:-2.1953120550287757 Raw:27.195312055028776 Time:32509 TotalReward:5768.305253617595
ETask 112-112: Configuration:18 Energy:45.15270527577 Reward:8.825896617634623 Raw:16.174103382365377 Time:32508 TotalReward:5813.457958893365
ETask 113-113: Configuration:9 Energy:44.28822173918999 Reward:9.135562362081197 Raw:15.864437637918803 Time:32535 TotalReward:5857.746180632555
ETask 114-114: Configuration:2 Energy:49.476082011048 Reward:7.277224354251462 Raw:17.722775645748538 Time:32531 TotalReward:5907.222262643602
ETask 115-115: Configuration:18 Energy:40.40488880651999 Reward:10.526606994679407 Raw:14.473393005320593 Time:32535 TotalReward:5947.627151450122
ETask 116-116: Configuration:18 Energy:40.761174194454 Reward:10.398982378106028 Raw:14.601017621893972 Time:32507 TotalReward:5988.388325644576
ETask 117-117: Configuration:18 Energy:37.913103332831994 Reward:11.419186865851229 Raw:13.580813134148771 Time:32505 TotalReward:6026.301428977408
ETask 118-118: Configuration:18 Energy:85.70395652574 Reward:-5.699924725638205 Raw:30.699924725638205 Time:32509 TotalReward:6112.005385503148
ETask 119-119: Configuration:18 Energy:38.276431613658005 Reward:11.289039421973253 Raw:13.710960578026747 Time:32507 TotalReward:6150.281817116806
ETask 120-120: Configuration:18 Energy:97.69950635003998 Reward:-9.996838095536717 Raw:34.99683809553672 Time:32503 TotalReward:6247.981323466846
ETask 121-121: Configuration:18 Energy:38.98757026079999 Reward:11.034303190161197 Raw:13.965696809838803 Time:32511 TotalReward:6286.968893727646
ERun: Time:3940469
==END-RUN 2==
==ROUND-END==
STOKE: Config: 0 - Knobs: {interval:10000 priority:104 sensor-configuration:1 batch:5 }  | -- on:2 reward:11.3923
STOKE: Config: 1 - Knobs: {interval:7750 priority:104 sensor-configuration:1 batch:5 }  | -- on:1 reward:7.0890
STOKE: Config: 2 - Knobs: {interval:5500 priority:104 sensor-configuration:1 batch:5 }  | -- on:3 reward:10.0981
STOKE: Config: 3 - Knobs: {interval:3500 priority:104 sensor-configuration:1 batch:5 }  | -- on:4 reward:12.6759
STOKE: Config: 4 - Knobs: {interval:1000 priority:104 sensor-configuration:1 batch:5 }  | -- on:4 reward:13.9181
STOKE: Config: 5 - Knobs: {interval:10000 priority:100 sensor-configuration:1 batch:5 }  | -- on:1 reward:11.2914
STOKE: Config: 6 - Knobs: {interval:7750 priority:100 sensor-configuration:1 batch:5 }  | -- on:1 reward:13.1139
STOKE: Config: 7 - Knobs: {interval:5500 priority:100 sensor-configuration:1 batch:5 }  | -- on:1 reward:12.7539
STOKE: Config: 8 - Knobs: {interval:3500 priority:100 sensor-configuration:1 batch:5 }  | -- on:2 reward:12.9817
STOKE: Config: 9 - Knobs: {interval:1000 priority:100 sensor-configuration:1 batch:5 }  | -- on:3 reward:9.6520
STOKE: Config: 10 - Knobs: {interval:10000 priority:104 sensor-configuration:1 batch:1 }  | -- on:4 reward:14.6593
STOKE: Config: 11 - Knobs: {interval:7750 priority:104 sensor-configuration:1 batch:1 }  | -- on:2 reward:15.2812
STOKE: Config: 12 - Knobs: {interval:5500 priority:104 sensor-configuration:1 batch:1 }  | -- on:2 reward:8.4546
STOKE: Config: 13 - Knobs: {interval:3500 priority:104 sensor-configuration:1 batch:1 }  | -- on:2 reward:15.4070
STOKE: Config: 14 - Knobs: {interval:1000 priority:104 sensor-configuration:1 batch:1 }  | -- on:3 reward:-7.6065
STOKE: Config: 15 - Knobs: {interval:10000 priority:100 sensor-configuration:1 batch:1 }  | -- on:2 reward:8.1247
STOKE: Config: 16 - Knobs: {interval:7750 priority:100 sensor-configuration:1 batch:1 }  | -- on:6 reward:8.6824
STOKE: Config: 17 - Knobs: {interval:5500 priority:100 sensor-configuration:1 batch:1 }  | -- on:2 reward:7.9294
STOKE: Config: 18 - Knobs: {interval:3500 priority:100 sensor-configuration:1 batch:1 }  | -- on:71 reward:4.9849
STOKE: Config: 19 - Knobs: {interval:1000 priority:100 sensor-configuration:1 batch:1 }  | -- on:5 reward:-7.5812
==RUN 3==
Bandit Runs:1 Tasks-in-Run:100
Self-Optimizer Rounds:0 Tasks-in-Round:0
Continuous Knob Rounds:Inf Tasks-in-Round:0
STOKE: Start Bat: 0.680000
ETask 1-1: Configuration:0 Energy:26.971271578790002 Reward:15.338648986702088 Raw:9.661351013297912 Time:32518 TotalReward:26.971271578790002
ETask 2-2: Configuration:1 Energy:26.9127647679 Reward:15.359606650304476 Raw:9.640393349695524 Time:32550 TotalReward:53.88403634669
ETask 3-3: Configuration:2 Energy:44.791851719296005 Reward:8.955157593088 Raw:16.044842406912 Time:32557 TotalReward:98.67588806598602
ETask 4-4: Configuration:3 Energy:29.535282200831997 Reward:14.420197420597493 Raw:10.579802579402507 Time:32570 TotalReward:128.21117026681802
ETask 5-5: Configuration:4 Energy:58.30685484876799 Reward:4.1139624422323635 Raw:20.886037557767636 Time:32543 TotalReward:186.518025115586
ETask 6-6: Configuration:5 Energy:36.429298747775995 Reward:11.950698956020538 Raw:13.049301043979462 Time:32559 TotalReward:222.947323863362
ETask 7-7: Configuration:6 Energy:34.968446066688 Reward:12.473989468649071 Raw:12.526010531350929 Time:32571 TotalReward:257.91576993005
ETask 8-8: Configuration:7 Energy:38.64303153561599 Reward:11.157720046943526 Raw:13.842279953056474 Time:32558 TotalReward:296.55880146566597
ETask 9-9: Configuration:8 Energy:49.922673381503984 Reward:7.117251326028423 Raw:17.882748673971577 Time:32532 TotalReward:346.4814748471699
ETask 10-10: Configuration:9 Energy:99.9331623552 Reward:-10.796953679474633 Raw:35.79695367947463 Time:32540 TotalReward:446.41463720236993
ETask 11-11: Configuration:10 Energy:47.564275585919994 Reward:7.962050536386865 Raw:17.037949463613135 Time:32546 TotalReward:493.9789127882899
ETask 12-12: Configuration:11 Energy:34.443058090518 Reward:12.66218814668012 Raw:12.33781185331988 Time:32555 TotalReward:528.4219708788079
ETask 13-13: Configuration:12 Energy:34.00069752156 Reward:12.820645663918807 Raw:12.179354336081193 Time:32563 TotalReward:562.4226684003679
ETask 14-14: Configuration:13 Energy:30.488815363841997 Reward:14.078633302504361 Raw:10.921366697495639 Time:32523 TotalReward:592.91148376421
ETask 15-15: Configuration:14 Energy:31.993141865256 Reward:13.539770078117254 Raw:11.460229921882746 Time:32542 TotalReward:624.904625629466
ETask 16-16: Configuration:15 Energy:42.43198691344801 Reward:9.800482299660418 Raw:15.199517700339582 Time:32548 TotalReward:667.3366125429139
ETask 17-17: Configuration:16 Energy:91.038650219616 Reward:-7.6108597801609505 Raw:32.61085978016095 Time:32544 TotalReward:758.3752627625299
ETask 18-18: Configuration:17 Energy:79.05392172678 Reward:-3.317822708100305 Raw:28.317822708100305 Time:32547 TotalReward:837.4291844893099
ETask 19-19: Configuration:18 Energy:38.3131388178 Reward:11.27589057272836 Raw:13.72410942727164 Time:32519 TotalReward:875.7423233071099
ETask 20-20: Configuration:19 Energy:86.34689339506 Reward:-5.930230469872232 Raw:30.93023046987223 Time:32541 TotalReward:962.0892167021699
ETask 21-21: Configuration:16 Energy:33.19488534636 Reward:13.10929480130388 Raw:11.89070519869612 Time:32551 TotalReward:995.2841020485299
ETask 22-22: Configuration:7 Energy:71.01920902859999 Reward:-0.4397166669611927 Raw:25.439716666961193 Time:32540 TotalReward:1066.3033110771298
ETask 23-23: Configuration:0 Energy:36.761701641600006 Reward:11.831629262710445 Raw:13.168370737289555 Time:32529 TotalReward:1103.0650127187298
ETask 24-24: Configuration:10 Energy:35.46218572092 Reward:12.297127502954032 Raw:12.702872497045968 Time:32550 TotalReward:1138.5271984396497
ETask 25-25: Configuration:8 Energy:54.634186374600006 Reward:5.429545179247757 Raw:19.570454820752243 Time:32544 TotalReward:1193.1613848142497
ETask 26-26: Configuration:16 Energy:51.89192121968 Reward:6.411849115338509 Raw:18.58815088466149 Time:32532 TotalReward:1245.0533060339296
ETask 27-27: Configuration:13 Energy:50.753653278 Reward:6.819586885492534 Raw:18.180413114507466 Time:32560 TotalReward:1295.8069593119296
ETask 28-28: Configuration:11 Energy:36.475035724259996 Reward:11.934315561459107 Raw:13.065684438540893 Time:32523 TotalReward:1332.2819950361895
ETask 29-29: Configuration:6 Energy:37.043516978839996 Reward:11.730680485191643 Raw:13.269319514808357 Time:32577 TotalReward:1369.3255120150295
ETask 30-30: Configuration:17 Energy:50.53127513168901 Reward:6.899244728947224 Raw:18.100755271052776 Time:32535 TotalReward:1419.8567871467185
ETask 31-31: Configuration:17 Energy:41.492221146354 Reward:10.137114813246328 Raw:14.862885186753672 Time:32506 TotalReward:1461.3490082930725
ETask 32-32: Configuration:8 Energy:38.390227215744 Reward:11.248276818240955 Raw:13.751723181759045 Time:32533 TotalReward:1499.7392355088166
ETask 33-33: Configuration:9 Energy:38.340739353098 Reward:11.26600381381564 Raw:13.73399618618436 Time:32541 TotalReward:1538.0799748619147
ETask 34-34: Configuration:8 Energy:38.188307286897 Reward:11.320606344992116 Raw:13.679393655007884 Time:32536 TotalReward:1576.2682821488117
ETask 35-35: Configuration:7 Energy:41.492106446396996 Reward:10.13715589979809 Raw:14.86284410020191 Time:32540 TotalReward:1617.7603885952087
ETask 36-36: Configuration:9 Energy:37.939414830128996 Reward:11.409761851894093 Raw:13.590238148105907 Time:32525 TotalReward:1655.6998034253377
ETask 37-37: Configuration:0 Energy:33.17831877972 Reward:13.115229093831642 Raw:11.884770906168358 Time:32555 TotalReward:1688.8781222050577
ETask 38-38: Configuration:9 Energy:51.72459325992 Reward:6.471787488983882 Raw:18.528212511016118 Time:32537 TotalReward:1740.6027154649778
ETask 39-39: Configuration:16 Energy:35.86237220687999 Reward:12.153777119923586 Raw:12.846222880076414 Time:32541 TotalReward:1776.4650876718579
ETask 40-40: Configuration:2 Energy:36.262444291583996 Reward:12.010467716447524 Raw:12.989532283552476 Time:32551 TotalReward:1812.7275319634418
ETask 41-41: Configuration:19 Energy:97.028433528 Reward:-9.756453801074628 Raw:34.75645380107463 Time:32524 TotalReward:1909.7559654914419
ETask 42-42: Configuration:12 Energy:66.39489813238399 Reward:1.21675290780275 Raw:23.78324709219725 Time:32580 TotalReward:1976.150863623826
ETask 43-43: Configuration:9 Energy:67.605831197632 Reward:0.7829858396542093 Raw:24.21701416034579 Time:32534 TotalReward:2043.7566948214578
ETask 44-44: Configuration:2 Energy:32.56264495575999 Reward:13.33576897107105 Raw:11.66423102892895 Time:32527 TotalReward:2076.319339777218
ETask 45-45: Configuration:9 Energy:102.88415318843201 Reward:-11.854025022721913 Raw:36.85402502272191 Time:32544 TotalReward:2179.2034929656497
ETask 46-46: Configuration:9 Energy:38.7194612168 Reward:11.130342250698508 Raw:13.869657749301492 Time:32512 TotalReward:2217.9229541824498
ETask 47-47: Configuration:9 Energy:38.354481828463996 Reward:11.261081136072596 Raw:13.738918863927404 Time:32512 TotalReward:2256.277436010914
ETask 48-48: Configuration:9 Energy:80.56219959723599 Reward:-3.858101348263638 Raw:28.858101348263638 Time:32505 TotalReward:2336.83963560815
ETask 49-49: Configuration:12 Energy:31.696586916575995 Reward:13.64599871645039 Raw:11.35400128354961 Time:32554 TotalReward:2368.536222524726
ETask 50-50: Configuration:10 Energy:31.866756609516 Reward:13.585042408531582 Raw:11.414957591468418 Time:32553 TotalReward:2400.402979134242
ETask 51-51: Configuration:18 Energy:38.964384843030004 Reward:11.04260841443701 Raw:13.95739158556299 Time:32548 TotalReward:2439.367363977272
ETask 52-52: Configuration:17 Energy:40.629790220303995 Reward:10.446045294219466 Raw:14.553954705780534 Time:32546 TotalReward:2479.997154197576
ETask 53-53: Configuration:6 Energy:37.583716345056 Reward:11.537176234606806 Raw:13.462823765393194 Time:32558 TotalReward:2517.580870542632
ETask 54-54: Configuration:10 Energy:33.773353565663996 Reward:12.902082304836776 Raw:12.097917695163224 Time:32557 TotalReward:2551.354224108296
ETask 55-55: Configuration:9 Energy:41.096953994544 Reward:10.278703046730506 Raw:14.721296953269494 Time:32534 TotalReward:2592.45117810284
ETask 56-56: Configuration:5 Energy:48.497542789920004 Reward:7.627745866297314 Raw:17.372254133702686 Time:32562 TotalReward:2640.94872089276
ETask 57-57: Configuration:9 Energy:59.64576540373499 Reward:3.6343526911994033 Raw:21.365647308800597 Time:32525 TotalReward:2700.594486296495
ETask 58-58: Configuration:9 Energy:53.27773269868 Reward:5.915439033308658 Raw:19.084560966691342 Time:32507 TotalReward:2753.872218995175
ETask 59-59: Configuration:9 Energy:53.71752409799999 Reward:5.7579018156417945 Raw:19.242098184358206 Time:32511 TotalReward:2807.589743093175
ETask 60-60: Configuration:3 Energy:45.854190438524995 Reward:8.574618350379108 Raw:16.425381649620892 Time:32537 TotalReward:2853.4439335317
ETask 61-61: Configuration:9 Energy:91.58767294180001 Reward:-7.80752463586866 Raw:32.80752463586866 Time:32539 TotalReward:2945.0316064735002
ETask 62-62: Configuration:9 Energy:82.60159364456999 Reward:-4.588630559248951 Raw:29.58863055924895 Time:32506 TotalReward:3027.6332001180704
ETask 63-63: Configuration:13 Energy:80.08541234785 Reward:-3.6873118857970084 Raw:28.68731188579701 Time:32535 TotalReward:3107.71861246592
ETask 64-64: Configuration:19 Energy:96.14170614279 Reward:-9.438820110850152 Raw:34.43882011085015 Time:32537 TotalReward:3203.8603186087103
ETask 65-65: Configuration:9 Energy:39.05014299645 Reward:11.011889075898505 Raw:13.988110924101495 Time:32541 TotalReward:3242.9104616051604
ETask 66-66: Configuration:9 Energy:41.539841376 Reward:10.120056820537314 Raw:14.879943179462686 Time:32503 TotalReward:3284.4503029811603
ETask 67-67: Configuration:15 Energy:38.65153688178 Reward:11.1546733557803 Raw:13.8453266442197 Time:32541 TotalReward:3323.1018398629403
ETask 68-68: Configuration:9 Energy:43.925352408148 Reward:9.265545406036539 Raw:15.734454593963461 Time:32526 TotalReward:3367.027192271088
ETask 69-69: Configuration:9 Energy:42.802015425996 Reward:9.667934772777553 Raw:15.332065227222447 Time:32509 TotalReward:3409.8292076970843
ETask 70-70: Configuration:17 Energy:82.425446854828 Reward:-4.525533201729427 Raw:29.525533201729427 Time:32542 TotalReward:3492.254654551912
ETask 71-71: Configuration:17 Energy:41.5105966124 Reward:10.130532556752238 Raw:14.869467443247762 Time:32509 TotalReward:3533.7652511643123
ETask 72-72: Configuration:4 Energy:40.86526329899 Reward:10.361696728720002 Raw:14.638303271279998 Time:32531 TotalReward:3574.6305144633025
ETask 73-73: Configuration:9 Energy:56.754621310400005 Reward:4.6699863962746235 Raw:20.330013603725376 Time:32552 TotalReward:3631.3851357737026
ETask 74-74: Configuration:9 Energy:53.63935676255 Reward:5.785902055205973 Raw:19.214097944794027 Time:32509 TotalReward:3685.0244925362526
ETask 75-75: Configuration:9 Energy:52.397166757200004 Reward:6.230865639211942 Raw:18.76913436078806 Time:32513 TotalReward:3737.4216592934526
ETask 76-76: Configuration:9 Energy:42.78741713320001 Reward:9.673164011988057 Raw:15.326835988011943 Time:32510 TotalReward:3780.2090764266527
ETask 77-77: Configuration:9 Energy:36.914893219199996 Reward:11.776754667749254 Raw:13.223245332250746 Time:32507 TotalReward:3817.123969645853
ETask 78-78: Configuration:9 Energy:39.5721517396 Reward:10.824900869397014 Raw:14.175099130602986 Time:32510 TotalReward:3856.696121385453
ETask 79-79: Configuration:17 Energy:35.4381786506 Reward:12.305727050531342 Raw:12.694272949468658 Time:32536 TotalReward:3892.134300036053
ETask 80-80: Configuration:9 Energy:94.69700138360001 Reward:-8.921313928453735 Raw:33.921313928453735 Time:32535 TotalReward:3986.831301419653
ETask 81-81: Configuration:9 Energy:82.6313173266 Reward:-4.5992778483343315 Raw:29.59927784833433 Time:32508 TotalReward:4069.4626187462527
ETask 82-82: Configuration:19 Energy:95.146826818176 Reward:-9.082445427406327 Raw:34.08244542740633 Time:32530 TotalReward:4164.609445564429
ETask 83-83: Configuration:9 Energy:36.275089461534 Reward:12.005938103331102 Raw:12.994061896668898 Time:32540 TotalReward:4200.884535025963
ETask 84-84: Configuration:9 Energy:39.150602051792 Reward:10.975903742641673 Raw:14.024096257358327 Time:32508 TotalReward:4240.035137077754
ETask 85-85: Configuration:9 Energy:53.35271181954 Reward:5.88858084076179 Raw:19.11141915923821 Time:32512 TotalReward:4293.387848897294
ETask 86-86: Configuration:9 Energy:61.204740774971995 Reward:3.0759137522488373 Raw:21.924086247751163 Time:32506 TotalReward:4354.5925896722665
ETask 87-87: Configuration:9 Energy:54.929087678421 Reward:5.323908891311881 Raw:19.67609110868812 Time:32503 TotalReward:4409.521677350687
ETask 88-88: Configuration:9 Energy:52.012638169260995 Reward:6.368607222951287 Raw:18.631392777048713 Time:32509 TotalReward:4461.534315519948
ETask 89-89: Configuration:9 Energy:102.71101533209999 Reward:-11.792005492095527 Raw:36.79200549209553 Time:32510 TotalReward:4564.245330852048
ETask 90-90: Configuration:9 Energy:95.216705214679 Reward:-9.107476494810385 Raw:34.107476494810385 Time:32506 TotalReward:4659.462036066727
ETask 91-91: Configuration:9 Energy:88.51949998455198 Reward:-6.7084776064066745 Raw:31.708477606406674 Time:32504 TotalReward:4747.981536051278
ETask 92-92: Configuration:9 Energy:40.327498056356994 Reward:10.554329054439286 Raw:14.445670945560714 Time:32509 TotalReward:4788.309034107636
ETask 93-93: Configuration:1 Energy:29.162125625616 Reward:14.553865447540538 Raw:10.446134552459462 Time:32542 TotalReward:4817.471159733252
ETask 94-94: Configuration:9 Energy:36.092795448786 Reward:12.071237451181137 Raw:12.928762548818863 Time:32531 TotalReward:4853.563955182038
ETask 95-95: Configuration:9 Energy:42.18487651016999 Reward:9.888999459043585 Raw:15.111000540956415 Time:32508 TotalReward:4895.748831692208
ETask 96-96: Configuration:9 Energy:35.97288495779999 Reward:12.114190462877616 Raw:12.885809537122384 Time:32513 TotalReward:4931.721716650008
ETask 97-97: Configuration:9 Energy:78.57904464432 Reward:-3.1477174845325386 Raw:28.14771748453254 Time:32513 TotalReward:5010.3007612943275
ETask 98-98: Configuration:9 Energy:81.314425211178 Reward:-4.127555299526449 Raw:29.12755529952645 Time:32503 TotalReward:5091.615186505505
ETask 99-99: Configuration:9 Energy:36.272742280024 Reward:12.006778884767526 Raw:12.993221115232474 Time:32508 TotalReward:5127.88792878553
ETask 100-100: Configuration:9 Energy:35.976200431067994 Reward:12.11300283066221 Raw:12.88699716933779 Time:32509 TotalReward:5163.864129216598
ETask 101-101: Configuration:9 Energy:36.498447477744 Reward:11.925929261703644 Raw:13.074070738296356 Time:32511 TotalReward:5200.362576694341
ETask 102-102: Configuration:9 Energy:40.42185370214399 Reward:10.520530017142452 Raw:14.479469982857548 Time:32506 TotalReward:5240.784430396486
ETask 103-103: Configuration:9 Energy:39.469041741648006 Reward:10.861835794036535 Raw:14.138164205963465 Time:32509 TotalReward:5280.2534721381335
ETask 104-104: Configuration:9 Energy:40.548715577984005 Reward:10.475086957140057 Raw:14.524913042859943 Time:32512 TotalReward:5320.802187716117
ETask 105-105: Configuration:9 Energy:40.843400393016005 Reward:10.369528217427106 Raw:14.630471782572894 Time:32512 TotalReward:5361.645588109133
ETask 106-106: Configuration:6 Energy:88.55115655780801 Reward:-6.7198172744386895 Raw:31.71981727443869 Time:32536 TotalReward:5450.196744666941
ETask 107-107: Configuration:9 Energy:49.263437512416 Reward:7.353395517940534 Raw:17.646604482059466 Time:32533 TotalReward:5499.460182179358
ETask 108-108: Configuration:9 Energy:41.835654801204 Reward:10.014093802553791 Raw:14.985906197446209 Time:32508 TotalReward:5541.295836980562
ETask 109-109: Configuration:9 Energy:91.12753767499198 Reward:-7.642700062683694 Raw:32.642700062683694 Time:32510 TotalReward:5632.423374655554
ETask 110-110: Configuration:9 Energy:89.290055151174 Reward:-6.984497367584719 Raw:31.98449736758472 Time:32511 TotalReward:5721.713429806728
ETask 111-111: Configuration:9 Energy:100.23623830536 Reward:-10.905518198934928 Raw:35.90551819893493 Time:32505 TotalReward:5821.949668112087
ETask 112-112: Configuration:9 Energy:45.58146006644999 Reward:8.67231281201791 Raw:16.32768718798209 Time:32509 TotalReward:5867.531128178537
ETask 113-113: Configuration:9 Energy:42.04629654499999 Reward:9.938640043582094 Raw:15.061359956417906 Time:32509 TotalReward:5909.577424723537
ETask 114-114: Configuration:9 Energy:41.501987830275 Reward:10.133616299602986 Raw:14.866383700397014 Time:32508 TotalReward:5951.079412553811
ETask 115-115: Configuration:9 Energy:42.17809795199999 Reward:9.891427599283587 Raw:15.108572400716413 Time:32503 TotalReward:5993.257510505811
ETask 116-116: Configuration:9 Energy:125.75876257852498 Reward:-20.047914953501483 Raw:45.04791495350148 Time:32514 TotalReward:6119.016273084337
ETask 117-117: Configuration:9 Energy:99.84041794079998 Reward:-10.763731799689545 Raw:35.763731799689545 Time:32505 TotalReward:6218.856691025137
ETask 118-118: Configuration:9 Energy:40.482240126724996 Reward:10.498899059083584 Raw:14.501100940916416 Time:32503 TotalReward:6259.338931151861
ETask 119-119: Configuration:9 Energy:40.252020596575 Reward:10.581365756450746 Raw:14.418634243549254 Time:32504 TotalReward:6299.590951748436
ETask 120-120: Configuration:9 Energy:53.08986602925 Reward:5.982734556686566 Raw:19.017265443313434 Time:32506 TotalReward:6352.680817777686
ETask 121-121: Configuration:9 Energy:87.111626674934 Reward:-6.204164779080834 Raw:31.204164779080834 Time:32504 TotalReward:6439.79244445262
ERun: Time:3940780
==END-RUN 3==
==ROUND-END==
STOKE: Config: 0 - Knobs: {interval:10000 priority:104 sensor-configuration:1 batch:5 }  | -- on:3 reward:13.4285
STOKE: Config: 1 - Knobs: {interval:7750 priority:104 sensor-configuration:1 batch:5 }  | -- on:2 reward:14.9567
STOKE: Config: 2 - Knobs: {interval:5500 priority:104 sensor-configuration:1 batch:5 }  | -- on:3 reward:11.4338
STOKE: Config: 3 - Knobs: {interval:3500 priority:104 sensor-configuration:1 batch:5 }  | -- on:2 reward:11.4974
STOKE: Config: 4 - Knobs: {interval:1000 priority:104 sensor-configuration:1 batch:5 }  | -- on:2 reward:7.2378
STOKE: Config: 5 - Knobs: {interval:10000 priority:100 sensor-configuration:1 batch:5 }  | -- on:2 reward:9.7892
STOKE: Config: 6 - Knobs: {interval:7750 priority:100 sensor-configuration:1 batch:5 }  | -- on:4 reward:7.2555
STOKE: Config: 7 - Knobs: {interval:5500 priority:100 sensor-configuration:1 batch:5 }  | -- on:3 reward:6.9517
STOKE: Config: 8 - Knobs: {interval:3500 priority:100 sensor-configuration:1 batch:5 }  | -- on:4 reward:8.7789
STOKE: Config: 9 - Knobs: {interval:1000 priority:100 sensor-configuration:1 batch:5 }  | -- on:64 reward:4.1669
STOKE: Config: 10 - Knobs: {interval:10000 priority:104 sensor-configuration:1 batch:1 }  | -- on:4 reward:11.6866
STOKE: Config: 11 - Knobs: {interval:7750 priority:104 sensor-configuration:1 batch:1 }  | -- on:2 reward:12.2983
STOKE: Config: 12 - Knobs: {interval:5500 priority:104 sensor-configuration:1 batch:1 }  | -- on:3 reward:9.2278
STOKE: Config: 13 - Knobs: {interval:3500 priority:104 sensor-configuration:1 batch:1 }  | -- on:3 reward:5.7370
STOKE: Config: 14 - Knobs: {interval:1000 priority:104 sensor-configuration:1 batch:1 }  | -- on:1 reward:13.5398
STOKE: Config: 15 - Knobs: {interval:10000 priority:100 sensor-configuration:1 batch:1 }  | -- on:2 reward:10.4776
STOKE: Config: 16 - Knobs: {interval:7750 priority:100 sensor-configuration:1 batch:1 }  | -- on:4 reward:6.0160
STOKE: Config: 17 - Knobs: {interval:5500 priority:100 sensor-configuration:1 batch:1 }  | -- on:7 reward:6.0108
STOKE: Config: 18 - Knobs: {interval:3500 priority:100 sensor-configuration:1 batch:1 }  | -- on:2 reward:11.1592
STOKE: Config: 19 - Knobs: {interval:1000 priority:100 sensor-configuration:1 batch:1 }  | -- on:4 reward:-8.5520
