STOKE: Start Bat: 0.950000
ELocation 0: Diff:1 ms Accuracy:10.00
ELocation 1: Diff:0 ms Accuracy:10.00
ELocation 2: Diff:6515 ms Accuracy:32.00
ELocation 3: Diff:-4 ms Accuracy:32.00
ELocation 4: Diff:0 ms Accuracy:32.00
ELocation 5: Diff:6926 ms Accuracy:85.67
ELocation 6: Diff:-9 ms Accuracy:85.67
ELocation 7: Diff:11379 ms Accuracy:20.00
ELocation 8: Diff:11818 ms Accuracy:97.05
ETask 7: Configuration:0 Energy:0.00 Power:0.00 Reward:2.35 Time:5019
ETask 8: Configuration:0 Energy:0.00 Power:0.00 Reward:2.35 Time:5011
ETask 9: Configuration:0 Energy:0.00 Power:0.00 Reward:2.35 Time:5011
ELocation 9: Diff:18111 ms Accuracy:14.10
ETask 10: Configuration:0 Energy:0.00 Power:0.00 Reward:2.35 Time:5012
ETask 11: Configuration:0 Energy:0.00 Power:0.00 Reward:2.35 Time:5012
ELocation 10: Diff:10935 ms Accuracy:21.00
ETask 12: Configuration:0 Energy:0.00 Power:0.00 Reward:2.35 Time:5012
ECycle 0: Energy:0.00 Power:0.00 Drain:0.00
ELocation 11: Diff:8185 ms Accuracy:25.64
ELocation 12: Diff:1 ms Accuracy:25.64
ETask 14: Configuration:1 Energy:0.00 Power:0.00 Reward:1.27 Time:5014
ELocation 13: Diff:5814 ms Accuracy:7.00
ETask 15: Configuration:1 Energy:0.00 Power:0.00 Reward:1.27 Time:5014
ELocation 14: Diff:5000 ms Accuracy:4.00
ETask 16: Configuration:1 Energy:0.00 Power:0.00 Reward:1.27 Time:5013
ELocation 15: Diff:6000 ms Accuracy:3.00
ETask 17: Configuration:1 Energy:0.00 Power:0.00 Reward:1.27 Time:5012
ELocation 16: Diff:6000 ms Accuracy:3.00
ETask 18: Configuration:1 Energy:0.00 Power:0.00 Reward:1.27 Time:5012
ELocation 17: Diff:6000 ms Accuracy:4.00
ETask 19: Configuration:1 Energy:0.00 Power:0.00 Reward:1.63 Time:5007
ECycle 1: Energy:0.00 Power:0.00 Drain:0.00
ELocation 18: Diff:6000 ms Accuracy:4.00
ELocation 19: Diff:542 ms Accuracy:4.00
ELocation 20: Diff:1 ms Accuracy:4.00
ELocation 21: Diff:1457 ms Accuracy:3.00
ELocation 22: Diff:1000 ms Accuracy:3.00
ELocation 23: Diff:1000 ms Accuracy:3.00
ELocation 24: Diff:1000 ms Accuracy:3.00
ETask 21: Configuration:2 Energy:0.00 Power:0.00 Reward:1.63 Time:5009
ELocation 25: Diff:1000 ms Accuracy:3.00
ELocation 26: Diff:1000 ms Accuracy:4.00
ELocation 27: Diff:1000 ms Accuracy:4.00
ELocation 28: Diff:1000 ms Accuracy:4.00
ELocation 29: Diff:1000 ms Accuracy:4.00
ETask 22: Configuration:2 Energy:0.00 Power:0.00 Reward:1.63 Time:5010
ELocation 30: Diff:1000 ms Accuracy:4.00
ELocation 31: Diff:1000 ms Accuracy:3.00
ELocation 32: Diff:1000 ms Accuracy:3.00
ELocation 33: Diff:1000 ms Accuracy:3.00
ELocation 34: Diff:1000 ms Accuracy:3.00
ETask 23: Configuration:2 Energy:0.00 Power:0.00 Reward:1.63 Time:5007
ELocation 35: Diff:1000 ms Accuracy:3.00
ELocation 36: Diff:1000 ms Accuracy:3.00
ELocation 37: Diff:1000 ms Accuracy:3.00
ELocation 38: Diff:1000 ms Accuracy:3.00
ELocation 39: Diff:1000 ms Accuracy:4.00
ETask 24: Configuration:2 Energy:0.00 Power:0.00 Reward:1.63 Time:5005
ELocation 40: Diff:1000 ms Accuracy:4.00
ELocation 41: Diff:1000 ms Accuracy:4.00
ELocation 42: Diff:1000 ms Accuracy:4.00
ELocation 43: Diff:1000 ms Accuracy:4.00
ELocation 44: Diff:1000 ms Accuracy:4.00
ETask 25: Configuration:2 Energy:0.00 Power:0.00 Reward:2.88 Time:5008
ELocation 45: Diff:1000 ms Accuracy:4.00
ELocation 46: Diff:1000 ms Accuracy:4.00
ELocation 47: Diff:1000 ms Accuracy:9.00
ELocation 48: Diff:1000 ms Accuracy:9.00
ELocation 49: Diff:1000 ms Accuracy:9.00
ETask 26: Configuration:2 Energy:0.00 Power:0.00 Reward:2.88 Time:5007
ECycle 2: Energy:0.00 Power:0.00 Drain:0.00
ELocation 50: Diff:1000 ms Accuracy:9.00
ELocation 51: Diff:1000 ms Accuracy:9.00
ELocation 52: Diff:1000 ms Accuracy:9.00
ELocation 53: Diff:1000 ms Accuracy:10.00
ELocation 54: Diff:1000 ms Accuracy:10.00
ELocation 55: Diff:876 ms Accuracy:10.00
ELocation 56: Diff:-10 ms Accuracy:10.00
ETask 28: Configuration:3 Energy:0.00 Power:0.00 Reward:2.88 Time:5009
ETask 29: Configuration:3 Energy:0.00 Power:0.00 Reward:2.88 Time:5013
ELocation 57: Diff:11182 ms Accuracy:10.00
ETask 30: Configuration:3 Energy:0.00 Power:0.00 Reward:2.88 Time:5006
ETask 31: Configuration:3 Energy:0.00 Power:0.00 Reward:1.73 Time:5009
ELocation 58: Diff:10952 ms Accuracy:24.00
ETask 32: Configuration:3 Energy:0.00 Power:0.00 Reward:1.73 Time:5008
ETask 33: Configuration:3 Energy:0.00 Power:0.00 Reward:1.73 Time:5008
ECycle 3: Energy:0.00 Power:0.00 Drain:0.00
ELocation 59: Diff:10000 ms Accuracy:25.00
ELocation 60: Diff:3191 ms Accuracy:25.00
ELocation 61: Diff:513 ms Accuracy:25.00
ETask 35: Configuration:4 Energy:0.00 Power:0.00 Reward:1.73 Time:5008
ELocation 62: Diff:6296 ms Accuracy:9.00
ETask 36: Configuration:4 Energy:0.00 Power:0.00 Reward:1.73 Time:5009
ELocation 63: Diff:5000 ms Accuracy:10.00
ETask 37: Configuration:4 Energy:0.00 Power:0.00 Reward:2.63 Time:5014
ELocation 64: Diff:6000 ms Accuracy:7.00
ETask 38: Configuration:4 Energy:0.00 Power:0.00 Reward:2.63 Time:5009
ELocation 65: Diff:5000 ms Accuracy:4.00
ETask 39: Configuration:4 Energy:0.00 Power:0.00 Reward:2.62 Time:5009
ELocation 66: Diff:6000 ms Accuracy:3.00
ETask 40: Configuration:4 Energy:0.00 Power:0.00 Reward:2.62 Time:5007
ECycle 4: Energy:0.00 Power:0.00 Drain:0.01
ELocation 67: Diff:5000 ms Accuracy:4.00
ELocation 68: Diff:1546 ms Accuracy:4.00
ELocation 69: Diff:454 ms Accuracy:4.00
ELocation 70: Diff:1000 ms Accuracy:4.00
ELocation 71: Diff:1000 ms Accuracy:4.00
ELocation 72: Diff:1000 ms Accuracy:4.00
ELocation 73: Diff:1000 ms Accuracy:4.00
ETask 42: Configuration:5 Energy:0.00 Power:0.00 Reward:2.62 Time:5007
ELocation 74: Diff:1000 ms Accuracy:4.00
ELocation 75: Diff:1000 ms Accuracy:4.00
ELocation 76: Diff:1000 ms Accuracy:4.00
ELocation 77: Diff:1000 ms Accuracy:4.00
ELocation 78: Diff:1000 ms Accuracy:4.00
ETask 43: Configuration:5 Energy:0.00 Power:0.00 Reward:2.72 Time:5008
ELocation 79: Diff:1000 ms Accuracy:4.00
ELocation 80: Diff:1000 ms Accuracy:4.00
ELocation 81: Diff:1000 ms Accuracy:4.00
ELocation 82: Diff:1000 ms Accuracy:4.00
ELocation 83: Diff:1000 ms Accuracy:4.00
ETask 44: Configuration:5 Energy:0.00 Power:0.00 Reward:2.72 Time:5009
ELocation 84: Diff:1000 ms Accuracy:4.00
ELocation 85: Diff:1000 ms Accuracy:3.00
ELocation 86: Diff:1000 ms Accuracy:4.00
ELocation 87: Diff:1000 ms Accuracy:4.00
ELocation 88: Diff:1000 ms Accuracy:4.00
ETask 45: Configuration:5 Energy:0.00 Power:0.00 Reward:2.72 Time:5007
ELocation 89: Diff:1000 ms Accuracy:4.00
ELocation 90: Diff:1000 ms Accuracy:3.00
ELocation 91: Diff:1000 ms Accuracy:9.00
ELocation 92: Diff:1000 ms Accuracy:9.00
ELocation 93: Diff:1000 ms Accuracy:9.00
ETask 46: Configuration:5 Energy:0.00 Power:0.00 Reward:2.72 Time:5006
ELocation 94: Diff:1000 ms Accuracy:9.00
ELocation 95: Diff:1000 ms Accuracy:9.00
ELocation 96: Diff:1000 ms Accuracy:9.00
ELocation 97: Diff:1000 ms Accuracy:9.00
ELocation 98: Diff:1000 ms Accuracy:9.00
ETask 47: Configuration:5 Energy:0.00 Power:0.00 Reward:2.72 Time:5007
ECycle 5: Energy:0.00 Power:0.00 Drain:0.00
ELocation 99: Diff:1000 ms Accuracy:9.00
ELocation 100: Diff:1000 ms Accuracy:9.00
ELocation 101: Diff:1000 ms Accuracy:9.00
ELocation 102: Diff:1000 ms Accuracy:9.00
ELocation 103: Diff:1000 ms Accuracy:9.00
ELocation 104: Diff:872 ms Accuracy:9.00
ELocation 105: Diff:-9 ms Accuracy:9.00
ETask 49: Configuration:6 Energy:0.00 Power:0.00 Reward:1.68 Time:5005
ETask 50: Configuration:6 Energy:0.00 Power:0.00 Reward:1.68 Time:5012
ELocation 106: Diff:11184 ms Accuracy:9.00
ETask 51: Configuration:6 Energy:0.00 Power:0.00 Reward:1.68 Time:5008
ETask 52: Configuration:6 Energy:0.00 Power:0.00 Reward:1.68 Time:5005
ELocation 107: Diff:10953 ms Accuracy:15.00
ETask 53: Configuration:6 Energy:0.00 Power:0.00 Reward:1.68 Time:5004
ETask 54: Configuration:6 Energy:0.00 Power:0.00 Reward:1.68 Time:5002
ECycle 6: Energy:0.00 Power:0.00 Drain:0.00
ELocation 108: Diff:10000 ms Accuracy:27.00
ELocation 109: Diff:3140 ms Accuracy:27.00
ELocation 110: Diff:524 ms Accuracy:23.00
ETask 56: Configuration:7 Energy:0.00 Power:0.00 Reward:2.91 Time:5023
ELocation 111: Diff:6336 ms Accuracy:4.00
ETask 57: Configuration:7 Energy:0.00 Power:0.00 Reward:2.91 Time:5003
ELocation 112: Diff:6000 ms Accuracy:3.00
ETask 58: Configuration:7 Energy:0.00 Power:0.00 Reward:2.91 Time:5008
ELocation 113: Diff:5000 ms Accuracy:3.00
ETask 59: Configuration:7 Energy:0.00 Power:0.00 Reward:2.91 Time:5005
ELocation 114: Diff:5000 ms Accuracy:3.00
ETask 60: Configuration:7 Energy:0.00 Power:0.00 Reward:2.91 Time:5004
ELocation 115: Diff:5000 ms Accuracy:3.00
ETask 61: Configuration:7 Energy:0.00 Power:0.00 Reward:2.91 Time:5006
ECycle 7: Energy:0.00 Power:0.00 Drain:0.00
ELocation 116: Diff:5000 ms Accuracy:3.00
ELocation 117: Diff:2382 ms Accuracy:3.00
ELocation 118: Diff:618 ms Accuracy:3.00
ELocation 119: Diff:1000 ms Accuracy:3.00
ELocation 120: Diff:1000 ms Accuracy:3.00
ELocation 121: Diff:1000 ms Accuracy:3.00
ELocation 122: Diff:1000 ms Accuracy:3.00
ETask 63: Configuration:8 Energy:0.00 Power:0.00 Reward:2.10 Time:5006
ELocation 123: Diff:1000 ms Accuracy:3.00
ELocation 124: Diff:1000 ms Accuracy:3.00
ELocation 125: Diff:1000 ms Accuracy:3.00
ELocation 126: Diff:1000 ms Accuracy:3.00
ELocation 127: Diff:1000 ms Accuracy:3.00
ETask 64: Configuration:8 Energy:0.00 Power:0.00 Reward:2.10 Time:5011
ELocation 128: Diff:1000 ms Accuracy:3.00
ELocation 129: Diff:1000 ms Accuracy:3.00
ELocation 130: Diff:1000 ms Accuracy:4.00
ELocation 131: Diff:1000 ms Accuracy:4.00
ELocation 132: Diff:1000 ms Accuracy:4.00
ETask 65: Configuration:8 Energy:0.00 Power:0.00 Reward:2.10 Time:5005
ELocation 133: Diff:1000 ms Accuracy:5.00
ELocation 134: Diff:1000 ms Accuracy:5.00
ELocation 135: Diff:1000 ms Accuracy:5.00
ELocation 136: Diff:1000 ms Accuracy:5.00
ELocation 137: Diff:1000 ms Accuracy:5.00
ETask 66: Configuration:8 Energy:0.00 Power:0.00 Reward:2.10 Time:5005
ELocation 138: Diff:1000 ms Accuracy:5.00
ELocation 139: Diff:1000 ms Accuracy:5.00
ELocation 140: Diff:1000 ms Accuracy:10.00
ELocation 141: Diff:1000 ms Accuracy:10.00
ELocation 142: Diff:1000 ms Accuracy:10.00
ETask 67: Configuration:8 Energy:0.00 Power:0.00 Reward:2.10 Time:5008
ELocation 143: Diff:1000 ms Accuracy:10.00
ELocation 144: Diff:1000 ms Accuracy:10.00
ELocation 145: Diff:1000 ms Accuracy:10.00
ELocation 146: Diff:1000 ms Accuracy:10.00
ELocation 147: Diff:1000 ms Accuracy:10.00
ETask 68: Configuration:8 Energy:0.00 Power:0.00 Reward:3.37 Time:5006
ECycle 8: Energy:0.00 Power:0.00 Drain:0.00
ELocation 148: Diff:1000 ms Accuracy:10.00
ELocation 149: Diff:1000 ms Accuracy:10.00
ELocation 150: Diff:1000 ms Accuracy:10.00
ELocation 151: Diff:1000 ms Accuracy:10.00
ELocation 152: Diff:1000 ms Accuracy:10.00
ELocation 153: Diff:644 ms Accuracy:10.00
ELocation 154: Diff:-7 ms Accuracy:10.00
ELocation 155: Diff:5363 ms Accuracy:10.00
ELocation 156: Diff:6000 ms Accuracy:10.00
ELocation 157: Diff:6000 ms Accuracy:9.00
STOKE: End Bat: 0.940000
STOKE: Usage Bat: 0.010000
ERun: Reward:119.81 PostConfigReward:0.00 Time:335513
