STOKE: Range:9000 Partition:2250 Middle:5500
STOKE: Generated seeds: [10000, 7750, 5500, 3250, 1000]
==RUN 0==
==ROUND-START==
Bandit Runs:1 Tasks-in-Run:10
Self-Optimizer Rounds:0 Tasks-in-Round:0
Continuous Knob Rounds:Inf Tasks-in-Round:0
STOKE: Start Bat: 0.730000
ETask 1-1: Configuration:0 Energy:48.75229384128 Reward:12.536491758347463 Raw:17.463508241652537 Time:32532 TotalReward:48.75229384128
ETask 2-2: Configuration:0 Energy:55.279492475732994 Reward:10.198390754961316 Raw:19.801609245038684 Time:32516 TotalReward:104.031786317013
ETask 3-3: Configuration:1 Energy:34.97922464166 Reward:17.47012848656955 Raw:12.529871513430448 Time:32547 TotalReward:139.011010958673
ETask 4-4: Configuration:1 Energy:73.45656786432 Reward:3.6871995709898506 Raw:26.31280042901015 Time:32502 TotalReward:212.467578822993
ETask 5-5: Configuration:2 Energy:75.717183793776 Reward:2.8774267007369545 Raw:27.122573299263045 Time:32549 TotalReward:288.18476261676904
ETask 6-6: Configuration:2 Energy:39.353626554912 Reward:15.903178547494207 Raw:14.096821452505793 Time:32507 TotalReward:327.53838917168105
ETask 7-7: Configuration:3 Energy:35.95677371352 Reward:17.119961654858507 Raw:12.880038345141493 Time:32540 TotalReward:363.49516288520107
ETask 8-8: Configuration:3 Energy:38.707886225736 Reward:16.13448851615427 Raw:13.86551148384573 Time:32511 TotalReward:402.20304911093706
ETask 9-9: Configuration:4 Energy:88.59239269104 Reward:-1.7345884266411957 Raw:31.734588426641196 Time:32540 TotalReward:490.79544180197706
ETask 10-10: Configuration:4 Energy:85.01397830168001 Reward:-0.45276834687044953 Raw:30.45276834687045 Time:32505 TotalReward:575.8094201036571
ETask 11-11: Configuration:1 Energy:36.27793716068 Reward:17.004918031995228 Raw:12.995081968004772 Time:32549 TotalReward:612.0873572643371
ETask 12-12: Configuration:4 Energy:97.75177934995199 Reward:-5.015562752221612 Raw:35.01556275222161 Time:32536 TotalReward:709.8391366142891
ETask 13-13: Configuration:0 Energy:35.336494292724 Reward:17.34215129812872 Raw:12.657848701871282 Time:32557 TotalReward:745.1756309070131
ETask 14-14: Configuration:0 Energy:37.95923724192 Reward:16.402661286476416 Raw:13.597338713523584 Time:32507 TotalReward:783.1348681489332
ETask 15-15: Configuration:4 Energy:75.96061243937199 Reward:2.7902283799264502 Raw:27.20977162007355 Time:32525 TotalReward:859.0954805883051
STOKE: 0 convergence rate 0.27
STOKE: 1 convergence rate 0.20
STOKE: 2 convergence rate 0.13
STOKE: 3 convergence rate 0.13
STOKE: 4 convergence rate 0.27
STOKE: minQ:1.10 minInd:4
STOKE: minId:4
ETask 16-16: Configuration:0 Energy:35.789219464679995 Reward:17.179981087278808 Raw:12.820018912721192 Time:32546 TotalReward:894.8847000529851
STOKE: 0 convergence rate 0.31
STOKE: 1 convergence rate 0.19
STOKE: 2 convergence rate 0.12
STOKE: 3 convergence rate 0.12
STOKE: 4 convergence rate 0.25
STOKE: minQ:1.10 minInd:4
STOKE: minId:4
ETask 17-17: Configuration:4 Energy:94.10693378097598 Reward:-3.7099464290063224 Raw:33.70994642900632 Time:32532 TotalReward:988.991633833961
STOKE: 0 convergence rate 0.29
STOKE: 1 convergence rate 0.18
STOKE: 2 convergence rate 0.12
STOKE: 3 convergence rate 0.12
STOKE: 4 convergence rate 0.29
STOKE: minQ:1.62 minInd:4
STOKE: minId:4
ETask 18-18: Configuration:1 Energy:36.58742685374399 Reward:16.894056052390212 Raw:13.105943947609786 Time:32553 TotalReward:1025.5790606877051
STOKE: 0 convergence rate 0.28
STOKE: 1 convergence rate 0.22
STOKE: 2 convergence rate 0.11
STOKE: 3 convergence rate 0.11
STOKE: 4 convergence rate 0.28
STOKE: minQ:1.62 minInd:4
STOKE: minId:4
ETask 19-19: Configuration:0 Energy:72.298372248576 Reward:4.102075612450385 Raw:25.897924387549615 Time:32549 TotalReward:1097.8774329362811
STOKE: 0 convergence rate 0.32
STOKE: 1 convergence rate 0.21
STOKE: 2 convergence rate 0.11
STOKE: 3 convergence rate 0.11
STOKE: 4 convergence rate 0.26
STOKE: minQ:1.62 minInd:4
STOKE: minId:4
ETask 20-20: Configuration:3 Energy:93.04745332608 Reward:-3.3304310421779135 Raw:33.33043104217791 Time:32533 TotalReward:1190.924886262361
STOKE: 0 convergence rate 0.30
STOKE: 1 convergence rate 0.20
STOKE: 2 convergence rate 0.10
STOKE: 3 convergence rate 0.15
STOKE: 4 convergence rate 0.25
STOKE: minQ:1.62 minInd:4
STOKE: minId:4
ETask 21-21: Configuration:4 Energy:105.02043995663999 Reward:-7.619262074020291 Raw:37.61926207402029 Time:32538 TotalReward:1295.9453262190011
STOKE: 0 convergence rate 0.29
STOKE: 1 convergence rate 0.19
STOKE: 2 convergence rate 0.10
STOKE: 3 convergence rate 0.14
STOKE: 4 convergence rate 0.29
STOKE: minQ:2.62 minInd:4
STOKE: minId:4
ETask 22-22: Configuration:1 Energy:52.624707523199994 Reward:11.149358499152243 Raw:18.850641500847757 Time:32573 TotalReward:1348.570033742201
STOKE: 0 convergence rate 0.27
STOKE: 1 convergence rate 0.23
STOKE: 2 convergence rate 0.09
STOKE: 3 convergence rate 0.14
STOKE: 4 convergence rate 0.27
STOKE: minQ:2.62 minInd:4
STOKE: minId:4
ETask 23-23: Configuration:3 Energy:50.021981568 Reward:12.081678244298509 Raw:17.91832175570149 Time:32530 TotalReward:1398.592015310201
STOKE: 0 convergence rate 0.26
STOKE: 1 convergence rate 0.22
STOKE: 2 convergence rate 0.09
STOKE: 3 convergence rate 0.17
STOKE: 4 convergence rate 0.26
STOKE: minQ:2.62 minInd:4
STOKE: minId:4
STOKE: shouldConverge:false tickUp:true
STOKE: Tightening intervals (empty round)
STOKE: Config: 0 - Knobs: {interval:10000 priority:100 sensor-configuration:1 batch:1 }  | -- on:6 reward:12.9603
STOKE: Config: 1 - Knobs: {interval:7750 priority:100 sensor-configuration:1 batch:1 }  | -- on:5 reward:13.2411
STOKE: Config: 2 - Knobs: {interval:5500 priority:100 sensor-configuration:1 batch:1 }  | -- on:2 reward:9.3903
STOKE: Config: 3 - Knobs: {interval:3250 priority:100 sensor-configuration:1 batch:1 }  | -- on:4 reward:10.5014
STOKE: Config: 4 - Knobs: {interval:1000 priority:100 sensor-configuration:1 batch:1 }  | -- on:6 reward:-2.6236
==ROUND-END==
STOKE: Range:4500 Partition:1125 Middle:1000
STOKE: Generated seeds before boundary adjust: [3250, 2125, 1000]
STOKE: Generated seeds: [3250, 2125, 1750, 1375, 1000]
STOKE: Config: 0 - Knobs: {interval:3250 priority:100 sensor-configuration:1 batch:1 }  | -- on:4 reward:10.5014
STOKE: Config: 1 - Knobs: {interval:2125 priority:100 sensor-configuration:1 batch:1 }  | -- on:0 reward:0.0000
STOKE: Config: 2 - Knobs: {interval:1750 priority:100 sensor-configuration:1 batch:1 }  | -- on:0 reward:0.0000
STOKE: Config: 3 - Knobs: {interval:1375 priority:100 sensor-configuration:1 batch:1 }  | -- on:0 reward:0.0000
STOKE: Config: 4 - Knobs: {interval:1000 priority:100 sensor-configuration:1 batch:1 }  | -- on:6 reward:-2.6236
==ROUND-START==
ETask 24-1: Configuration:0 Energy:33.559658498304 Reward:17.978629791652295 Raw:12.021370208347705 Time:32503 TotalReward:33.559658498304
ETask 25-2: Configuration:0 Energy:33.286075894656 Reward:18.076629530272477 Raw:11.923370469727525 Time:32509 TotalReward:66.84573439296
ETask 26-3: Configuration:1 Energy:81.32798517408 Reward:0.8675874003295547 Raw:29.132412599670445 Time:32549 TotalReward:148.17371956704
ETask 27-4: Configuration:1 Energy:75.21934428518401 Reward:3.0557572709788587 Raw:26.94424272902114 Time:32505 TotalReward:223.393063852224
ETask 28-5: Configuration:2 Energy:86.98663138463999 Reward:-1.1593903467367142 Raw:31.159390346736714 Time:32530 TotalReward:310.379695236864
ETask 29-6: Configuration:2 Energy:75.96347236592399 Reward:2.789203928624243 Raw:27.210796071375757 Time:32507 TotalReward:386.34316760278796
ETask 30-7: Configuration:3 Energy:75.54368450540998 Reward:2.9395756995546343 Raw:27.060424300445366 Time:32541 TotalReward:461.88685210819796
ETask 31-8: Configuration:3 Energy:78.09537995770499 Reward:2.025535537538513 Raw:27.974464462461487 Time:32504 TotalReward:539.982232065903
ETask 32-9: Configuration:4 Energy:83.683196115442 Reward:0.0239297496924209 Raw:29.97607025030758 Time:32536 TotalReward:623.665428181345
ETask 33-10: Configuration:4 Energy:85.96991219808599 Reward:-0.7951924291651267 Raw:30.795192429165127 Time:32504 TotalReward:709.635340379431
ETask 34-11: Configuration:3 Energy:74.85273847698599 Reward:3.1870787545124806 Raw:26.81292124548752 Time:32544 TotalReward:784.488078856417
ETask 35-12: Configuration:2 Energy:75.298394062926 Reward:3.027440932683227 Raw:26.972559067316773 Time:32533 TotalReward:859.786472919343
ETask 36-13: Configuration:1 Energy:74.838196159446 Reward:3.1922879428850095 Raw:26.80771205711499 Time:32544 TotalReward:934.6246690787891
ETask 37-14: Configuration:0 Energy:40.390737215295005 Reward:15.53167622138686 Raw:14.46832377861314 Time:32556 TotalReward:975.0154062940841
ETask 38-15: Configuration:2 Energy:75.22393352006698 Reward:3.054113365946158 Raw:26.945886634053842 Time:32523 TotalReward:1050.239339814151
STOKE: 0 convergence rate 0.20
STOKE: 1 convergence rate 0.20
STOKE: 2 convergence rate 0.27
STOKE: 3 convergence rate 0.20
STOKE: 4 convergence rate 0.13
STOKE: minQ:1.93 minInd:2
STOKE: minId:2
ETask 39-16: Configuration:2 Energy:47.578642244067 Reward:12.956904270781973 Raw:17.043095729218027 Time:32507 TotalReward:1097.817982058218
STOKE: 0 convergence rate 0.19
STOKE: 1 convergence rate 0.19
STOKE: 2 convergence rate 0.31
STOKE: 3 convergence rate 0.19
STOKE: 4 convergence rate 0.12
STOKE: minQ:2.06 minInd:4
STOKE: minId:4
ETask 40-17: Configuration:4 Energy:93.94889568105 Reward:-3.6533357663462738 Raw:33.653335766346274 Time:32538 TotalReward:1191.766877739268
STOKE: 0 convergence rate 0.18
STOKE: 1 convergence rate 0.18
STOKE: 2 convergence rate 0.29
STOKE: 3 convergence rate 0.18
STOKE: 4 convergence rate 0.18
STOKE: minQ:2.24 minInd:4
STOKE: minId:4
ETask 41-18: Configuration:4 Energy:97.115869592225 Reward:-4.787774182289546 Raw:34.787774182289546 Time:32502 TotalReward:1288.882747331493
STOKE: 0 convergence rate 0.17
STOKE: 1 convergence rate 0.17
STOKE: 2 convergence rate 0.28
STOKE: 3 convergence rate 0.17
STOKE: 4 convergence rate 0.22
STOKE: minQ:2.37 minInd:1
STOKE: minId:1
ETask 42-19: Configuration:4 Energy:118.16042448887 Reward:-12.326122204968364 Raw:42.326122204968364 Time:32506 TotalReward:1407.0431718203629
STOKE: 0 convergence rate 0.16
STOKE: 1 convergence rate 0.16
STOKE: 2 convergence rate 0.26
STOKE: 3 convergence rate 0.16
STOKE: 4 convergence rate 0.26
STOKE: minQ:2.37 minInd:1
STOKE: minId:1
ETask 43-20: Configuration:1 Energy:37.296686032635 Reward:16.639993062936718 Raw:13.360006937063282 Time:32542 TotalReward:1444.339857852998
STOKE: 0 convergence rate 0.15
STOKE: 1 convergence rate 0.20
STOKE: 2 convergence rate 0.25
STOKE: 3 convergence rate 0.15
STOKE: 4 convergence rate 0.25
STOKE: minQ:2.72 minInd:3
STOKE: minId:3
ETask 44-21: Configuration:2 Energy:82.795490325995 Reward:0.3419139130764215 Raw:29.65808608692358 Time:32540 TotalReward:1527.135348178993
STOKE: 0 convergence rate 0.14
STOKE: 1 convergence rate 0.19
STOKE: 2 convergence rate 0.29
STOKE: 3 convergence rate 0.14
STOKE: 4 convergence rate 0.24
STOKE: minQ:2.72 minInd:3
STOKE: minId:3
ETask 45-22: Configuration:1 Energy:34.32766241086001 Reward:17.703523912527757 Raw:12.296476087472243 Time:32548 TotalReward:1561.463010589853
STOKE: 0 convergence rate 0.14
STOKE: 1 convergence rate 0.23
STOKE: 2 convergence rate 0.27
STOKE: 3 convergence rate 0.14
STOKE: 4 convergence rate 0.23
STOKE: minQ:2.72 minInd:3
STOKE: minId:3
ETask 46-23: Configuration:3 Energy:96.915119047 Reward:-4.715863539223882 Raw:34.71586353922388 Time:32547 TotalReward:1658.378129636853
STOKE: 0 convergence rate 0.13
STOKE: 1 convergence rate 0.22
STOKE: 2 convergence rate 0.26
STOKE: 3 convergence rate 0.17
STOKE: 4 convergence rate 0.22
STOKE: minQ:0.86 minInd:3
STOKE: minId:3
STOKE: shouldConverge:false tickUp:true
STOKE: At threshold 0.86
ETask 47-24: Configuration:1 Energy:34.652023804552 Reward:17.587334756578386 Raw:12.412665243421612 Time:32537 TotalReward:1693.030153441405
STOKE: 0 convergence rate 0.12
STOKE: 1 convergence rate 0.25
STOKE: 2 convergence rate 0.25
STOKE: 3 convergence rate 0.17
STOKE: 4 convergence rate 0.21
STOKE: minQ:0.86 minInd:3
STOKE: minId:3
STOKE: shouldConverge:false tickUp:true
STOKE: At threshold 0.86
ETask 48-25: Configuration:2 Energy:87.59791926245799 Reward:-1.3783591387909198 Raw:31.37835913879092 Time:32537 TotalReward:1780.628072703863
STOKE: 0 convergence rate 0.12
STOKE: 1 convergence rate 0.24
STOKE: 2 convergence rate 0.28
STOKE: 3 convergence rate 0.16
STOKE: 4 convergence rate 0.20
STOKE: minQ:0.86 minInd:3
STOKE: minId:3
STOKE: shouldConverge:false tickUp:true
STOKE: At threshold 0.86
ETask 49-26: Configuration:1 Energy:34.39904208325199 Reward:17.677955074656005 Raw:12.322044925343997 Time:32538 TotalReward:1815.027114787115
STOKE: 0 convergence rate 0.12
STOKE: 1 convergence rate 0.27
STOKE: 2 convergence rate 0.27
STOKE: 3 convergence rate 0.15
STOKE: 4 convergence rate 0.19
STOKE: minQ:0.86 minInd:3
STOKE: minId:3
STOKE: shouldConverge:false tickUp:true
STOKE: At threshold 0.86
ETask 50-27: Configuration:3 Energy:80.39076102629001 Reward:1.2033094831199946 Raw:28.796690516880005 Time:32533 TotalReward:1895.4178758134049
STOKE: 0 convergence rate 0.11
STOKE: 1 convergence rate 0.26
STOKE: 2 convergence rate 0.26
STOKE: 3 convergence rate 0.19
STOKE: 4 convergence rate 0.19
STOKE: minQ:0.93 minInd:3
STOKE: minId:3
STOKE: shouldConverge:false tickUp:true
STOKE: At threshold 0.93
ETask 51-28: Configuration:0 Energy:38.810935231068 Reward:16.09757543961743 Raw:13.902424560382569 Time:32548 TotalReward:1934.2288110444729
STOKE: 0 convergence rate 0.14
STOKE: 1 convergence rate 0.25
STOKE: 2 convergence rate 0.25
STOKE: 3 convergence rate 0.18
STOKE: 4 convergence rate 0.18
STOKE: minQ:0.93 minInd:3
STOKE: minId:3
STOKE: shouldConverge:false tickUp:true
STOKE: At threshold 0.93
ETask 52-29: Configuration:0 Energy:45.425872503483994 Reward:13.728045670393794 Raw:16.271954329606206 Time:32504 TotalReward:1979.654683547957
STOKE: 0 convergence rate 0.17
STOKE: 1 convergence rate 0.24
STOKE: 2 convergence rate 0.24
STOKE: 3 convergence rate 0.17
STOKE: 4 convergence rate 0.17
STOKE: minQ:0.93 minInd:3
STOKE: minId:3
STOKE: shouldConverge:false tickUp:true
STOKE: At threshold 0.93
ETask 53-30: Configuration:4 Energy:134.02532485419 Reward:-18.00907158956059 Raw:48.00907158956059 Time:32534 TotalReward:2113.680008402147
STOKE: 0 convergence rate 0.17
STOKE: 1 convergence rate 0.23
STOKE: 2 convergence rate 0.23
STOKE: 3 convergence rate 0.17
STOKE: 4 convergence rate 0.20
STOKE: minQ:0.93 minInd:3
STOKE: minId:3
STOKE: shouldConverge:false tickUp:true
STOKE: At threshold 0.93
ETask 54-31: Configuration:3 Energy:93.29604138068399 Reward:-3.4194775094987406 Raw:33.41947750949874 Time:32542 TotalReward:2206.976049782831
STOKE: 0 convergence rate 0.16
STOKE: 1 convergence rate 0.23
STOKE: 2 convergence rate 0.23
STOKE: 3 convergence rate 0.19
STOKE: 4 convergence rate 0.19
STOKE: minQ:0.20 minInd:3
STOKE: minId:3
STOKE: shouldConverge:false tickUp:true
STOKE: At threshold 0.20
ETask 55-32: Configuration:3 Energy:85.395954264291 Reward:-0.5895955573579705 Raw:30.58959555735797 Time:32503 TotalReward:2292.372004047122
STOKE: 0 convergence rate 0.16
STOKE: 1 convergence rate 0.22
STOKE: 2 convergence rate 0.22
STOKE: 3 convergence rate 0.22
STOKE: 4 convergence rate 0.19
STOKE: minQ:0.09 minInd:3
STOKE: minId:3
STOKE: shouldConverge:false tickUp:true
STOKE: At threshold 0.09
ETask 56-33: Configuration:3 Energy:87.62305776534 Reward:-1.3873639756441705 Raw:31.38736397564417 Time:32505 TotalReward:2379.995061812462
STOKE: 0 convergence rate 0.15
STOKE: 1 convergence rate 0.21
STOKE: 2 convergence rate 0.21
STOKE: 3 convergence rate 0.24
STOKE: 4 convergence rate 0.18
STOKE: minQ:0.09 minInd:3
STOKE: minId:3
STOKE: shouldConverge:false tickUp:true
STOKE: At threshold 0.09
ETask 57-34: Configuration:3 Energy:96.71090526764999 Reward:-4.6427123346805885 Raw:34.64271233468059 Time:32504 TotalReward:2476.7059670801123
STOKE: 0 convergence rate 0.15
STOKE: 1 convergence rate 0.21
STOKE: 2 convergence rate 0.21
STOKE: 3 convergence rate 0.26
STOKE: 4 convergence rate 0.18
STOKE: minQ:0.60 minInd:3
STOKE: minId:3
STOKE: shouldConverge:false tickUp:true
STOKE: At threshold 0.60
ETask 58-35: Configuration:3 Energy:142.944971155272 Reward:-21.204168772037725 Raw:51.204168772037725 Time:32503 TotalReward:2619.6509382353843
STOKE: 0 convergence rate 0.14
STOKE: 1 convergence rate 0.20
STOKE: 2 convergence rate 0.20
STOKE: 3 convergence rate 0.29
STOKE: 4 convergence rate 0.17
STOKE: minQ:2.66 minInd:3
STOKE: minId:3
STOKE: shouldConverge:false tickUp:true
STOKE: Last/Min -- -2.6236 -- 2.6604
STOKE: Crossing boundary Last:1000 This:1375
STOKE: Config: 0 - Knobs: {interval:3250 priority:100 sensor-configuration:1 batch:1 }  | -- on:9 reward:13.7131
STOKE: Config: 1 - Knobs: {interval:2125 priority:100 sensor-configuration:1 batch:1 }  | -- on:7 reward:10.9606
STOKE: Config: 2 - Knobs: {interval:1750 priority:100 sensor-configuration:1 batch:1 }  | -- on:7 reward:2.8045
STOKE: Config: 3 - Knobs: {interval:1375 priority:100 sensor-configuration:1 batch:1 }  | -- on:10 reward:-2.6604
STOKE: Config: 4 - Knobs: {interval:1000 priority:100 sensor-configuration:1 batch:1 }  | -- on:12 reward:-4.6075
==ROUND-END==
STOKE: Config: 0 - Knobs: {interval:1375 priority:100 sensor-configuration:1 batch:1 }  | -- on:10 reward:-2.6604
STOKE: Config: 1 - Knobs: {interval:1282 priority:100 sensor-configuration:1 batch:1 }  | -- on:0 reward:0.0000
STOKE: Config: 2 - Knobs: {interval:1189 priority:100 sensor-configuration:1 batch:1 }  | -- on:0 reward:0.0000
STOKE: Config: 3 - Knobs: {interval:1096 priority:100 sensor-configuration:1 batch:1 }  | -- on:0 reward:0.0000
STOKE: Config: 4 - Knobs: {interval:1000 priority:100 sensor-configuration:1 batch:1 }  | -- on:12 reward:-4.6075
==ROUND-START==
ETask 59-1: Configuration:0 Energy:110.904101130636 Reward:-9.726842196048707 Raw:39.72684219604871 Time:32503 TotalReward:110.904101130636
ETask 60-2: Configuration:0 Energy:108.24634841803199 Reward:-8.774811373623393 Raw:38.77481137362339 Time:32502 TotalReward:219.15044954866798
ETask 61-3: Configuration:1 Energy:101.81331301640398 Reward:-6.470440483487991 Raw:36.47044048348799 Time:32547 TotalReward:320.963762565072
ETask 62-4: Configuration:1 Energy:85.4301483981 Reward:-0.601844202304477 Raw:30.601844202304477 Time:32504 TotalReward:406.393910963172
ETask 63-5: Configuration:2 Energy:66.62569904099999 Reward:6.13407795546269 Raw:23.86592204453731 Time:32535 TotalReward:473.019610004172
ETask 64-6: Configuration:2 Energy:65.73890375791198 Reward:6.451735967315113 Raw:23.548264032684887 Time:32503 TotalReward:538.758513762084
ETask 65-7: Configuration:3 Energy:72.5776915167 Reward:4.002020949241789 Raw:25.99797905075821 Time:32537 TotalReward:611.3362052787841
ETask 66-8: Configuration:3 Energy:81.987198095088 Reward:0.6314514286251942 Raw:29.368548571374806 Time:32502 TotalReward:693.3234033738721
ETask 67-9: Configuration:4 Energy:84.500175305678 Reward:-0.26871951248167747 Raw:30.268719512481677 Time:32533 TotalReward:777.8235786795501
ETask 68-10: Configuration:4 Energy:84.97325882969 Reward:-0.43818226735164245 Raw:30.438182267351642 Time:32502 TotalReward:862.79683750924
ETask 69-11: Configuration:1 Energy:76.90557926449199 Reward:2.451732800778988 Raw:27.548267199221012 Time:32539 TotalReward:939.702416773732
ETask 70-12: Configuration:2 Energy:86.9707124649 Reward:-1.153688047128366 Raw:31.153688047128366 Time:32549 TotalReward:1026.673129238632
ETask 71-13: Configuration:1 Energy:75.329079813748 Reward:3.016449021941014 Raw:26.983550978058986 Time:32535 TotalReward:1102.00220905238
ETask 72-14: Configuration:0 Energy:77.846570849035 Reward:2.114661188405371 Raw:27.88533881159463 Time:32550 TotalReward:1179.8487799014151
ETask 73-15: Configuration:3 Energy:78.667605580828 Reward:1.8205591949272844 Raw:28.179440805072716 Time:32534 TotalReward:1258.516385482243
STOKE: 0 convergence rate 0.20
STOKE: 1 convergence rate 0.27
STOKE: 2 convergence rate 0.20
STOKE: 3 convergence rate 0.20
STOKE: 4 convergence rate 0.13
STOKE: minQ:0.40 minInd:1
STOKE: minId:1
ETask 74-16: Configuration:1 Energy:82.79569997023198 Reward:0.34183881663332016 Raw:29.65816118336668 Time:32537 TotalReward:1341.312085452475
STOKE: 0 convergence rate 0.19
STOKE: 1 convergence rate 0.31
STOKE: 2 convergence rate 0.19
STOKE: 3 convergence rate 0.19
STOKE: 4 convergence rate 0.12
STOKE: minQ:0.25 minInd:1
STOKE: minId:1
ETask 75-17: Configuration:1 Energy:91.635390089802 Reward:-2.824617345600714 Raw:32.824617345600714 Time:32501 TotalReward:1432.947475542277
STOKE: 0 convergence rate 0.18
STOKE: 1 convergence rate 0.35
STOKE: 2 convergence rate 0.18
STOKE: 3 convergence rate 0.18
STOKE: 4 convergence rate 0.12
STOKE: minQ:0.68 minInd:1
STOKE: minId:1
ETask 76-18: Configuration:4 Energy:95.04626206004998 Reward:-4.046422230465666 Raw:34.046422230465666 Time:32535 TotalReward:1527.993737602327
STOKE: 0 convergence rate 0.17
STOKE: 1 convergence rate 0.33
STOKE: 2 convergence rate 0.17
STOKE: 3 convergence rate 0.17
STOKE: 4 convergence rate 0.17
STOKE: minQ:0.68 minInd:1
STOKE: minId:1
ETask 77-19: Configuration:1 Energy:103.213856936124 Reward:-6.9721278577160675 Raw:36.97212785771607 Time:32544 TotalReward:1631.207594538451
STOKE: 0 convergence rate 0.16
STOKE: 1 convergence rate 0.37
STOKE: 2 convergence rate 0.16
STOKE: 3 convergence rate 0.16
STOKE: 4 convergence rate 0.16
STOKE: minQ:1.58 minInd:1
STOKE: minId:1
ETask 78-20: Configuration:1 Energy:73.358564224644 Reward:3.7223053523663303 Raw:26.27769464763367 Time:32504 TotalReward:1704.566158763095
STOKE: 0 convergence rate 0.15
STOKE: 1 convergence rate 0.40
STOKE: 2 convergence rate 0.15
STOKE: 3 convergence rate 0.15
STOKE: 4 convergence rate 0.15
STOKE: minQ:0.92 minInd:1
STOKE: minId:1
ETask 79-21: Configuration:0 Energy:73.471312540494 Reward:3.6819178959424512 Raw:26.31808210405755 Time:32547 TotalReward:1778.037471303589
STOKE: 0 convergence rate 0.19
STOKE: 1 convergence rate 0.38
STOKE: 2 convergence rate 0.14
STOKE: 3 convergence rate 0.14
STOKE: 4 convergence rate 0.14
STOKE: minQ:0.92 minInd:1
STOKE: minId:1
ETask 80-22: Configuration:1 Energy:78.952287390905 Reward:1.7185836211683565 Raw:28.281416378831643 Time:32531 TotalReward:1856.989758694494
STOKE: 0 convergence rate 0.18
STOKE: 1 convergence rate 0.41
STOKE: 2 convergence rate 0.14
STOKE: 3 convergence rate 0.14
STOKE: 4 convergence rate 0.14
STOKE: minQ:0.62 minInd:1
STOKE: minId:1
ETask 81-23: Configuration:1 Energy:95.80374718686 Reward:-4.317760186337907 Raw:34.31776018633791 Time:32502 TotalReward:1952.793505881354
STOKE: 0 convergence rate 0.17
STOKE: 1 convergence rate 0.43
STOKE: 2 convergence rate 0.13
STOKE: 3 convergence rate 0.13
STOKE: 4 convergence rate 0.13
STOKE: minQ:0.99 minInd:1
STOKE: minId:1
STOKE: shouldConverge:false tickUp:true
STOKE: At threshold 0.99
ETask 82-24: Configuration:1 Energy:81.76405985603 Reward:0.7113815441086544 Raw:29.288618455891346 Time:32503 TotalReward:2034.5575657373838
STOKE: 0 convergence rate 0.17
STOKE: 1 convergence rate 0.46
STOKE: 2 convergence rate 0.12
STOKE: 3 convergence rate 0.12
STOKE: 4 convergence rate 0.12
STOKE: minQ:0.84 minInd:1
STOKE: minId:1
STOKE: shouldConverge:false tickUp:true
STOKE: At threshold 0.84
ETask 83-25: Configuration:1 Energy:79.452037618002 Reward:1.5395686144470524 Raw:28.460431385552948 Time:32502 TotalReward:2114.009603355386
STOKE: 0 convergence rate 0.16
STOKE: 1 convergence rate 0.48
STOKE: 2 convergence rate 0.12
STOKE: 3 convergence rate 0.12
STOKE: 4 convergence rate 0.12
STOKE: minQ:0.64 minInd:1
STOKE: minId:1
STOKE: shouldConverge:false tickUp:true
STOKE: At threshold 0.64
ETask 84-26: Configuration:1 Energy:78.84433059171 Reward:1.7572547134173107 Raw:28.24274528658269 Time:32502 TotalReward:2192.853933947096
STOKE: 0 convergence rate 0.15
STOKE: 1 convergence rate 0.50
STOKE: 2 convergence rate 0.12
STOKE: 3 convergence rate 0.12
STOKE: 4 convergence rate 0.12
STOKE: minQ:0.46 minInd:1
STOKE: minId:1
STOKE: shouldConverge:false tickUp:true
STOKE: At threshold 0.46
ETask 85-27: Configuration:1 Energy:79.71498448452 Reward:1.445378692112243 Raw:28.554621307887757 Time:32503 TotalReward:2272.5689184316157
STOKE: 0 convergence rate 0.15
STOKE: 1 convergence rate 0.52
STOKE: 2 convergence rate 0.11
STOKE: 3 convergence rate 0.11
STOKE: 4 convergence rate 0.11
STOKE: minQ:0.32 minInd:1
STOKE: minId:1
STOKE: shouldConverge:false tickUp:true
STOKE: At threshold 0.32
ETask 86-28: Configuration:1 Energy:80.77933133549999 Reward:1.0641201186268638 Raw:28.935879881373136 Time:32503 TotalReward:2353.3482497671157
STOKE: 0 convergence rate 0.14
STOKE: 1 convergence rate 0.54
STOKE: 2 convergence rate 0.11
STOKE: 3 convergence rate 0.11
STOKE: 4 convergence rate 0.11
STOKE: minQ:0.23 minInd:1
STOKE: minId:1
STOKE: shouldConverge:false tickUp:true
STOKE: At threshold 0.23
ETask 87-29: Configuration:1 Energy:84.74807369070001 Reward:-0.35751893398208523 Raw:30.357518933982085 Time:32503 TotalReward:2438.0963234578157
STOKE: 0 convergence rate 0.14
STOKE: 1 convergence rate 0.55
STOKE: 2 convergence rate 0.10
STOKE: 3 convergence rate 0.10
STOKE: 4 convergence rate 0.10
STOKE: minQ:0.24 minInd:1
STOKE: minId:1
STOKE: shouldConverge:false tickUp:true
STOKE: At threshold 0.24
ETask 88-30: Configuration:1 Energy:74.9075020155 Reward:3.167461964597017 Raw:26.832538035402983 Time:32506 TotalReward:2513.003825473316
STOKE: 0 convergence rate 0.13
STOKE: 1 convergence rate 0.57
STOKE: 2 convergence rate 0.10
STOKE: 3 convergence rate 0.10
STOKE: 4 convergence rate 0.10
STOKE: minQ:0.04 minInd:1
STOKE: minId:1
STOKE: shouldConverge:false tickUp:true
STOKE: At threshold 0.04
ETask 89-31: Configuration:1 Energy:77.06270338703999 Reward:2.395449533000601 Raw:27.6045504669994 Time:32504 TotalReward:2590.066528860356
STOKE: 0 convergence rate 0.13
STOKE: 1 convergence rate 0.58
STOKE: 2 convergence rate 0.10
STOKE: 3 convergence rate 0.10
STOKE: 4 convergence rate 0.10
STOKE: minQ:0.10 minInd:1
STOKE: minId:1
STOKE: shouldConverge:false tickUp:true
STOKE: At threshold 0.10
ETask 90-32: Configuration:1 Energy:75.73017859430401 Reward:2.8727718468164767 Raw:27.127228153183523 Time:32504 TotalReward:2665.79670745466
STOKE: 0 convergence rate 0.12
STOKE: 1 convergence rate 0.59
STOKE: 2 convergence rate 0.09
STOKE: 3 convergence rate 0.09
STOKE: 4 convergence rate 0.09
STOKE: minQ:0.25 minInd:1
STOKE: minId:1
STOKE: shouldConverge:false tickUp:true
STOKE: At threshold 0.25
ETask 91-33: Configuration:1 Energy:101.313879245056 Reward:-6.291538834049909 Raw:36.29153883404991 Time:32503 TotalReward:2767.110586699716
STOKE: 0 convergence rate 0.12
STOKE: 1 convergence rate 0.61
STOKE: 2 convergence rate 0.09
STOKE: 3 convergence rate 0.09
STOKE: 4 convergence rate 0.09
STOKE: minQ:0.08 minInd:1
STOKE: minId:1
STOKE: shouldConverge:true tickUp:true
STOKE: At threshold 0.08
ETask 92-34: Configuration:1 Energy:96.403809878464 Reward:-4.532708016166211 Raw:34.53270801616621 Time:32504 TotalReward:2863.51439657818
STOKE: 0 convergence rate 0.12
STOKE: 1 convergence rate 0.62
STOKE: 2 convergence rate 0.09
STOKE: 3 convergence rate 0.09
STOKE: 4 convergence rate 0.09
STOKE: minQ:0.29 minInd:1
STOKE: minId:1
STOKE: shouldConverge:true tickUp:true
STOKE: At threshold 0.29
ETask 93-35: Configuration:1 Energy:92.31933209216 Reward:-3.0696114956990996 Raw:33.0696114956991 Time:32504 TotalReward:2955.83372867034
STOKE: 0 convergence rate 0.11
STOKE: 1 convergence rate 0.63
STOKE: 2 convergence rate 0.09
STOKE: 3 convergence rate 0.09
STOKE: 4 convergence rate 0.09
STOKE: minQ:0.42 minInd:1
STOKE: minId:1
STOKE: shouldConverge:true tickUp:true
STOKE: At threshold 0.42
ETask 94-36: Configuration:2 Energy:94.855301531136 Reward:-3.9780184589143914 Raw:33.97801845891439 Time:32545 TotalReward:3050.689030201476
STOKE: 0 convergence rate 0.11
STOKE: 1 convergence rate 0.61
STOKE: 2 convergence rate 0.11
STOKE: 3 convergence rate 0.08
STOKE: 4 convergence rate 0.08
STOKE: minQ:0.42 minInd:1
STOKE: minId:1
STOKE: shouldConverge:true tickUp:true
STOKE: At threshold 0.42
ETask 95-37: Configuration:1 Energy:81.66370660454399 Reward:0.7473289774767764 Raw:29.252671022523224 Time:32540 TotalReward:3132.35273680602
STOKE: 0 convergence rate 0.11
STOKE: 1 convergence rate 0.62
STOKE: 2 convergence rate 0.11
STOKE: 3 convergence rate 0.08
STOKE: 4 convergence rate 0.08
STOKE: minQ:0.37 minInd:1
STOKE: minId:1
STOKE: shouldConverge:true tickUp:true
STOKE: At threshold 0.37
ETask 96-38: Configuration:1 Energy:79.60038743808 Reward:1.486428380389249 Raw:28.51357161961075 Time:32502 TotalReward:3211.9531242441
STOKE: 0 convergence rate 0.11
STOKE: 1 convergence rate 0.63
STOKE: 2 convergence rate 0.11
STOKE: 3 convergence rate 0.08
STOKE: 4 convergence rate 0.08
STOKE: minQ:0.29 minInd:1
STOKE: minId:1
STOKE: shouldConverge:true tickUp:true
STOKE: At threshold 0.29
ETask 97-39: Configuration:1 Energy:77.43193318168 Reward:2.2631881140250734 Raw:27.736811885974927 Time:32508 TotalReward:3289.38505742578
STOKE: 0 convergence rate 0.10
STOKE: 1 convergence rate 0.64
STOKE: 2 convergence rate 0.10
STOKE: 3 convergence rate 0.08
STOKE: 4 convergence rate 0.08
STOKE: minQ:0.19 minInd:1
STOKE: minId:1
STOKE: shouldConverge:true tickUp:true
STOKE: At threshold 0.19
ETask 98-40: Configuration:1 Energy:79.475724784918 Reward:1.531083659133845 Raw:28.468916340866155 Time:32502 TotalReward:3368.860782210698
STOKE: 0 convergence rate 0.10
STOKE: 1 convergence rate 0.65
STOKE: 2 convergence rate 0.10
STOKE: 3 convergence rate 0.08
STOKE: 4 convergence rate 0.08
STOKE: minQ:0.12 minInd:1
STOKE: minId:1
STOKE: shouldConverge:true tickUp:true
STOKE: At threshold 0.12
ETask 99-41: Configuration:1 Energy:80.476614601152 Reward:1.1725559637664524 Raw:28.827444036233548 Time:32502 TotalReward:3449.33739681185
STOKE: 0 convergence rate 0.10
STOKE: 1 convergence rate 0.66
STOKE: 2 convergence rate 0.10
STOKE: 3 convergence rate 0.07
STOKE: 4 convergence rate 0.07
STOKE: minQ:0.08 minInd:1
STOKE: minId:1
STOKE: shouldConverge:true tickUp:true
STOKE: At threshold 0.08
ETask 100-42: Configuration:1 Energy:75.686043510336 Reward:2.8885814291333674 Raw:27.111418570866633 Time:32504 TotalReward:3525.0234403221857
STOKE: 0 convergence rate 0.10
STOKE: 1 convergence rate 0.67
STOKE: 2 convergence rate 0.10
STOKE: 3 convergence rate 0.07
STOKE: 4 convergence rate 0.07
STOKE: minQ:0.03 minInd:1
STOKE: minId:1
STOKE: shouldConverge:true tickUp:true
STOKE: At threshold 0.03
ETask 101-43: Configuration:1 Energy:74.30465792903998 Reward:3.383406114970761 Raw:26.61659388502924 Time:32506 TotalReward:3599.3280982512256
STOKE: 0 convergence rate 0.09
STOKE: 1 convergence rate 0.67
STOKE: 2 convergence rate 0.09
STOKE: 3 convergence rate 0.07
STOKE: 4 convergence rate 0.07
STOKE: minQ:0.15 minInd:1
STOKE: minId:1
STOKE: shouldConverge:true tickUp:true
STOKE: At threshold 0.15
ETask 102-44: Configuration:1 Energy:75.61596479564399 Reward:2.9136842523066306 Raw:27.08631574769337 Time:32502 TotalReward:3674.9440630468694
STOKE: 0 convergence rate 0.09
STOKE: 1 convergence rate 0.68
STOKE: 2 convergence rate 0.09
STOKE: 3 convergence rate 0.07
STOKE: 4 convergence rate 0.07
STOKE: minQ:0.24 minInd:1
STOKE: minId:1
STOKE: shouldConverge:true tickUp:true
STOKE: At threshold 0.24
ETask 103-45: Configuration:1 Energy:83.50657059093601 Reward:0.08719859429158205 Raw:29.912801405708418 Time:32503 TotalReward:3758.4506336378054
STOKE: 0 convergence rate 0.09
STOKE: 1 convergence rate 0.69
STOKE: 2 convergence rate 0.09
STOKE: 3 convergence rate 0.07
STOKE: 4 convergence rate 0.07
STOKE: minQ:0.23 minInd:1
STOKE: minId:1
STOKE: shouldConverge:true tickUp:true
STOKE: At threshold 0.23
ETask 104-46: Configuration:1 Energy:84.538705925718 Reward:-0.2825215256303295 Raw:30.28252152563033 Time:32509 TotalReward:3842.9893395635236
STOKE: 0 convergence rate 0.09
STOKE: 1 convergence rate 0.70
STOKE: 2 convergence rate 0.09
STOKE: 3 convergence rate 0.07
STOKE: 4 convergence rate 0.07
STOKE: minQ:0.22 minInd:1
STOKE: minId:1
STOKE: shouldConverge:true tickUp:true
STOKE: At threshold 0.22
ETask 105-47: Configuration:1 Energy:73.79239874461199 Reward:3.5669019422285437 Raw:26.433098057771456 Time:32505 TotalReward:3916.7817383081356
STOKE: 0 convergence rate 0.09
STOKE: 1 convergence rate 0.70
STOKE: 2 convergence rate 0.09
STOKE: 3 convergence rate 0.06
STOKE: 4 convergence rate 0.06
STOKE: minQ:0.32 minInd:1
STOKE: minId:1
STOKE: shouldConverge:true tickUp:true
STOKE: At threshold 0.32
ETask 106-48: Configuration:1 Energy:75.64133418309 Reward:2.904596710534925 Raw:27.095403289465075 Time:32503 TotalReward:3992.4230724912254
STOKE: 0 convergence rate 0.08
STOKE: 1 convergence rate 0.71
STOKE: 2 convergence rate 0.08
STOKE: 3 convergence rate 0.06
STOKE: 4 convergence rate 0.06
STOKE: minQ:0.39 minInd:1
STOKE: minId:1
STOKE: shouldConverge:true tickUp:true
STOKE: At threshold 0.39
ETask 107-49: Configuration:1 Energy:73.14255044654399 Reward:3.799683422133498 Raw:26.200316577866502 Time:32503 TotalReward:4065.5656229377696
STOKE: 0 convergence rate 0.08
STOKE: 1 convergence rate 0.71
STOKE: 2 convergence rate 0.08
STOKE: 3 convergence rate 0.06
STOKE: 4 convergence rate 0.06
STOKE: minQ:0.49 minInd:1
STOKE: minId:1
STOKE: shouldConverge:true tickUp:true
STOKE: At threshold 0.49
ETask 108-50: Configuration:1 Energy:71.126151888411 Reward:4.5219754429572525 Raw:25.478024557042747 Time:32503 TotalReward:4136.69177482618
STOKE: 0 convergence rate 0.08
STOKE: 1 convergence rate 0.72
STOKE: 2 convergence rate 0.08
STOKE: 3 convergence rate 0.06
STOKE: 4 convergence rate 0.06
STOKE: minQ:0.60 minInd:1
STOKE: minId:1
STOKE: shouldConverge:true tickUp:true
STOKE: At threshold 0.60
ETask 109-51: Configuration:1 Energy:93.03687791132398 Reward:-3.326642833907094 Raw:33.326642833907094 Time:32502 TotalReward:4229.7286527375045
STOKE: 0 convergence rate 0.08
STOKE: 1 convergence rate 0.73
STOKE: 2 convergence rate 0.08
STOKE: 3 convergence rate 0.06
STOKE: 4 convergence rate 0.06
STOKE: minQ:0.50 minInd:1
STOKE: minId:1
STOKE: shouldConverge:true tickUp:true
STOKE: At threshold 0.50
ETask 110-52: Configuration:1 Energy:91.14783452964001 Reward:-2.6499705777814953 Raw:32.649970577781495 Time:32501 TotalReward:4320.8764872671445
STOKE: 0 convergence rate 0.08
STOKE: 1 convergence rate 0.73
STOKE: 2 convergence rate 0.08
STOKE: 3 convergence rate 0.06
STOKE: 4 convergence rate 0.06
STOKE: minQ:0.42 minInd:1
STOKE: minId:1
STOKE: shouldConverge:true tickUp:true
STOKE: At threshold 0.42
ETask 111-53: Configuration:1 Energy:82.53548747812201 Reward:0.4350492615682384 Raw:29.56495073843176 Time:32503 TotalReward:4403.411974745267
STOKE: 0 convergence rate 0.08
STOKE: 1 convergence rate 0.74
STOKE: 2 convergence rate 0.08
STOKE: 3 convergence rate 0.06
STOKE: 4 convergence rate 0.06
STOKE: minQ:0.42 minInd:1
STOKE: minId:1
STOKE: shouldConverge:true tickUp:true
STOKE: At threshold 0.42
ETask 112-54: Configuration:1 Energy:83.159366996042 Reward:0.2115700312685469 Raw:29.788429968731453 Time:32505 TotalReward:4486.571341741309
STOKE: 0 convergence rate 0.07
STOKE: 1 convergence rate 0.74
STOKE: 2 convergence rate 0.07
STOKE: 3 convergence rate 0.06
STOKE: 4 convergence rate 0.06
STOKE: minQ:0.41 minInd:1
STOKE: minId:1
STOKE: shouldConverge:true tickUp:true
STOKE: At threshold 0.41
ETask 113-55: Configuration:1 Energy:70.483608244224 Reward:4.752140330427224 Raw:25.247859669572776 Time:32508 TotalReward:4557.054949985533
STOKE: 0 convergence rate 0.07
STOKE: 1 convergence rate 0.75
STOKE: 2 convergence rate 0.07
STOKE: 3 convergence rate 0.05
STOKE: 4 convergence rate 0.05
STOKE: minQ:0.52 minInd:1
STOKE: minId:1
STOKE: shouldConverge:true tickUp:true
STOKE: At threshold 0.52
ETask 114-56: Configuration:1 Energy:66.61150488934999 Reward:6.139162427695528 Raw:23.860837572304472 Time:32502 TotalReward:4623.666454874883
STOKE: 0 convergence rate 0.07
STOKE: 1 convergence rate 0.75
STOKE: 2 convergence rate 0.07
STOKE: 3 convergence rate 0.05
STOKE: 4 convergence rate 0.05
STOKE: minQ:0.65 minInd:1
STOKE: minId:1
STOKE: shouldConverge:true tickUp:true
STOKE: At threshold 0.65
ETask 115-57: Configuration:1 Energy:77.56444734416 Reward:2.2157203543307418 Raw:27.78427964566926 Time:32504 TotalReward:4701.230902219043
STOKE: 0 convergence rate 0.07
STOKE: 1 convergence rate 0.75
STOKE: 2 convergence rate 0.07
STOKE: 3 convergence rate 0.05
STOKE: 4 convergence rate 0.05
STOKE: minQ:0.69 minInd:1
STOKE: minId:1
STOKE: shouldConverge:true tickUp:true
STOKE: At threshold 0.69
ETask 116-58: Configuration:1 Energy:71.124664546926 Reward:4.522508221996663 Raw:25.477491778003337 Time:32505 TotalReward:4772.355566765969
STOKE: 0 convergence rate 0.07
STOKE: 1 convergence rate 0.76
STOKE: 2 convergence rate 0.07
STOKE: 3 convergence rate 0.05
STOKE: 4 convergence rate 0.05
STOKE: minQ:0.77 minInd:1
STOKE: minId:1
STOKE: shouldConverge:true tickUp:true
STOKE: At threshold 0.77
ETask 117-59: Configuration:1 Energy:70.758241431852 Reward:4.653764263217191 Raw:25.34623573678281 Time:32504 TotalReward:4843.1138081978215
STOKE: 0 convergence rate 0.07
STOKE: 1 convergence rate 0.76
STOKE: 2 convergence rate 0.07
STOKE: 3 convergence rate 0.05
STOKE: 4 convergence rate 0.05
STOKE: minQ:0.86 minInd:1
STOKE: minId:1
STOKE: shouldConverge:true tickUp:true
STOKE: At threshold 0.86
ETask 118-60: Configuration:1 Energy:66.28526397 Reward:6.256024846567161 Raw:23.74397515343284 Time:32502 TotalReward:4909.399072167822
STOKE: 0 convergence rate 0.07
STOKE: 1 convergence rate 0.77
STOKE: 2 convergence rate 0.07
STOKE: 3 convergence rate 0.05
STOKE: 4 convergence rate 0.05
STOKE: minQ:0.98 minInd:1
STOKE: minId:1
STOKE: shouldConverge:true tickUp:true
STOKE: At threshold 0.98
ETask 119-61: Configuration:1 Energy:81.478915533855 Reward:0.813522793842985 Raw:29.186477206157015 Time:32502 TotalReward:4990.877987701677
STOKE: 0 convergence rate 0.07
STOKE: 1 convergence rate 0.77
STOKE: 2 convergence rate 0.07
STOKE: 3 convergence rate 0.05
STOKE: 4 convergence rate 0.05
STOKE: minQ:0.97 minInd:1
STOKE: minId:1
STOKE: shouldConverge:true tickUp:true
STOKE: At threshold 0.97
ETask 120-62: Configuration:1 Energy:67.594862570175 Reward:5.786914900235825 Raw:24.213085099764175 Time:32506 TotalReward:5058.472850271852
STOKE: 0 convergence rate 0.06
STOKE: 1 convergence rate 0.77
STOKE: 2 convergence rate 0.06
STOKE: 3 convergence rate 0.05
STOKE: 4 convergence rate 0.05
STOKE: minQ:1.07 minInd:1
STOKE: minId:1
STOKE: shouldConverge:true tickUp:true
STOKE: Last/Min -- -2.6604 -- 1.0742
STOKE: Crossing boundary Last:1375 This:1282
STOKE: Config: 0 - Knobs: {interval:1375 priority:100 sensor-configuration:1 batch:1 }  | -- on:14 reward:-2.8078
STOKE: Config: 1 - Knobs: {interval:1282 priority:100 sensor-configuration:1 batch:1 }  | -- on:48 reward:1.0742
STOKE: Config: 2 - Knobs: {interval:1189 priority:100 sensor-configuration:1 batch:1 }  | -- on:4 reward:1.8635
STOKE: Config: 3 - Knobs: {interval:1096 priority:100 sensor-configuration:1 batch:1 }  | -- on:3 reward:2.1513
STOKE: Config: 4 - Knobs: {interval:1000 priority:100 sensor-configuration:1 batch:1 }  | -- on:15 reward:-4.0029
==ROUND-END==
STOKE: Config: 0 - Knobs: {interval:1375 priority:100 sensor-configuration:1 batch:1 }  | -- on:14 reward:-2.8078
STOKE: Config: 1 - Knobs: {interval:1352 priority:100 sensor-configuration:1 batch:1 }  | -- on:0 reward:0.0000
STOKE: Config: 2 - Knobs: {interval:1329 priority:100 sensor-configuration:1 batch:1 }  | -- on:0 reward:0.0000
STOKE: Config: 3 - Knobs: {interval:1306 priority:100 sensor-configuration:1 batch:1 }  | -- on:0 reward:0.0000
STOKE: Config: 4 - Knobs: {interval:1282 priority:100 sensor-configuration:1 batch:1 }  | -- on:48 reward:1.0742
==ROUND-START==
ETask 121-1: Configuration:0 Energy:79.41804946514999 Reward:1.5517434751701558 Raw:28.448256524829844 Time:32526 TotalReward:79.41804946514999
Hit safety!
ERun: Time:3937957
==END-RUN 0==
==ROUND-END==
STOKE: Config: 0 - Knobs: {interval:1375 priority:100 sensor-configuration:1 batch:1 }  | -- on:15 reward:-2.5171
STOKE: Config: 1 - Knobs: {interval:1352 priority:100 sensor-configuration:1 batch:1 }  | -- on:0 reward:0.0000
STOKE: Config: 2 - Knobs: {interval:1329 priority:100 sensor-configuration:1 batch:1 }  | -- on:0 reward:0.0000
STOKE: Config: 3 - Knobs: {interval:1306 priority:100 sensor-configuration:1 batch:1 }  | -- on:0 reward:0.0000
STOKE: Config: 4 - Knobs: {interval:1282 priority:100 sensor-configuration:1 batch:1 }  | -- on:48 reward:1.0742
