==RUN 0==
Bandit Runs:1 Tasks-in-Run:100
Self-Optimizer Rounds:0 Tasks-in-Round:0
Continuous Knob Rounds:Inf Tasks-in-Round:0
STOKE: Start Bat: 0.940000
ETask 1-1: Configuration:0 Energy:37.1605246155 Reward:6.279190911199999 Raw:13.720809088800001 Time:32510 TotalReward:37.1605246155
ETask 2-2: Configuration:1 Energy:63.77574646989 Reward:-3.5479679273440006 Raw:23.547967927344 Time:32538 TotalReward:100.93627108539
ETask 3-3: Configuration:2 Energy:38.67192083056499 Reward:5.7211369240990795 Raw:14.27886307590092 Time:32525 TotalReward:139.608191915955
ETask 4-4: Configuration:3 Energy:40.182574049100005 Reward:5.163357274178461 Raw:14.83664272582154 Time:32536 TotalReward:179.790765965055
ETask 5-5: Configuration:4 Energy:40.19614507503001 Reward:5.158346433835073 Raw:14.841653566164927 Time:32537 TotalReward:219.986911040085
ETask 6-6: Configuration:5 Energy:49.72146799347001 Reward:1.6413041254879985 Raw:18.358695874512 Time:32565 TotalReward:269.708379033555
ETask 7-7: Configuration:6 Energy:35.329688048526 Reward:6.955192105159631 Raw:13.04480789484037 Time:32555 TotalReward:305.038067082081
ETask 8-8: Configuration:7 Energy:46.05178336720199 Reward:2.9962646028792648 Raw:17.003735397120735 Time:32561 TotalReward:351.089850449283
ETask 9-9: Configuration:8 Energy:45.231339678873 Reward:3.2991976570315096 Raw:16.70080234296849 Time:32531 TotalReward:396.321190128156
ETask 10-10: Configuration:9 Energy:37.359944011223995 Reward:6.205559134317294 Raw:13.794440865682706 Time:32538 TotalReward:433.68113413938
ETask 11-11: Configuration:10 Energy:31.714835654312996 Reward:8.289906835330587 Raw:11.710093164669413 Time:32539 TotalReward:465.395969793693
ETask 12-12: Configuration:11 Energy:32.372650231935 Reward:8.047021452824 Raw:11.952978547176 Time:32535 TotalReward:497.76862002562797
ETask 13-13: Configuration:12 Energy:53.62629513082799 Reward:0.1995217978481243 Raw:19.800478202151876 Time:32530 TotalReward:551.3949151564559
ETask 14-14: Configuration:13 Energy:50.404071590217 Reward:1.3892658743814152 Raw:18.610734125618585 Time:32563 TotalReward:601.7989867466729
ETask 15-15: Configuration:14 Energy:50.429786217612 Reward:1.3797712427278768 Raw:18.620228757272123 Time:32537 TotalReward:652.2287729642849
ETask 16-16: Configuration:15 Energy:40.55918501750399 Reward:5.024300916613912 Raw:14.975699083386088 Time:32537 TotalReward:692.7879579817888
ETask 17-17: Configuration:16 Energy:40.38302014992 Reward:5.089346406183385 Raw:14.910653593816615 Time:32553 TotalReward:733.1709781317088
ETask 18-18: Configuration:17 Energy:48.772897448058 Reward:1.9915455576401229 Raw:18.008454442359877 Time:32536 TotalReward:781.9438755797668
ETask 19-19: Configuration:18 Energy:42.954393676887 Reward:4.139916180841723 Raw:15.860083819158277 Time:32529 TotalReward:824.8982692566537
ETask 20-20: Configuration:19 Energy:94.202450111643 Reward:-14.78244311814511 Raw:34.78244311814511 Time:32534 TotalReward:919.1007193682967
ETask 21-21: Configuration:9 Energy:42.673461422228 Reward:4.2436450133312 Raw:15.7563549866688 Time:32523 TotalReward:961.7741807905247
ETask 22-22: Configuration:5 Energy:38.986880723405996 Reward:5.604844040588553 Raw:14.395155959411447 Time:32539 TotalReward:1000.7610615139307
ETask 23-23: Configuration:12 Energy:34.710375942148005 Reward:7.1838611905915055 Raw:12.816138809408494 Time:32528 TotalReward:1035.4714374560788
ETask 24-24: Configuration:12 Energy:40.407050151924 Reward:5.080473790058832 Raw:14.919526209941168 Time:32510 TotalReward:1075.8784876080028
ETask 25-25: Configuration:4 Energy:42.305035076598 Reward:4.379679356333044 Raw:15.620320643666956 Time:32525 TotalReward:1118.1835226846008
ETask 26-26: Configuration:14 Energy:81.621677132412 Reward:-10.137234633505969 Raw:30.13723463350597 Time:32524 TotalReward:1199.8051998170129
ETask 27-27: Configuration:13 Energy:87.81389450801501 Reward:-12.423591818344 Raw:32.423591818344 Time:32539 TotalReward:1287.6190943250278
ETask 28-28: Configuration:17 Energy:46.973529023850006 Reward:2.655927745039996 Raw:17.344072254960004 Time:32546 TotalReward:1334.5926233488779
ETask 29-29: Configuration:17 Energy:85.5108966153 Reward:-11.573254134879999 Raw:31.57325413488 Time:32513 TotalReward:1420.1035199641778
ETask 30-30: Configuration:17 Energy:46.596374853600004 Reward:2.795184669440001 Raw:17.20481533056 Time:32510 TotalReward:1466.699894817778
ETask 31-31: Configuration:19 Energy:88.26594362274 Reward:-12.590502260704 Raw:32.590502260704 Time:32523 TotalReward:1554.965838440518
ETask 32-32: Configuration:17 Energy:43.45769062336 Reward:3.9540834621439984 Raw:16.045916537856 Time:32544 TotalReward:1598.4235290638778
ETask 33-33: Configuration:4 Energy:53.16419781101 Reward:0.37014234670400015 Raw:19.629857653296 Time:32540 TotalReward:1651.5877268748877
ETask 34-34: Configuration:0 Energy:48.717186456120004 Reward:2.0121157700479984 Raw:17.987884229952 Time:32582 TotalReward:1700.3049133310078
ETask 35-35: Configuration:1 Energy:134.72295177525 Reward:-29.743859117015397 Raw:49.7438591170154 Time:32549 TotalReward:1835.0278651062579
ETask 36-36: Configuration:10 Energy:47.019481778608 Reward:2.638960574052433 Raw:17.361039425947567 Time:32525 TotalReward:1882.0473468848659
ETask 37-37: Configuration:17 Energy:49.70311600137 Reward:1.648080245648 Raw:18.351919754352 Time:32535 TotalReward:1931.750462886236
ETask 38-38: Configuration:2 Energy:33.159873560576 Reward:7.756354377633475 Raw:12.243645622366525 Time:32590 TotalReward:1964.910336446812
ETask 39-39: Configuration:2 Energy:31.494945962646 Reward:8.371096875330705 Raw:11.628903124669295 Time:32526 TotalReward:1996.4052824094579
ETask 40-40: Configuration:5 Energy:34.914193519697996 Reward:7.108605469649971 Raw:12.891394530350029 Time:32558 TotalReward:2031.319475929156
ETask 41-41: Configuration:17 Energy:41.813550307074 Reward:4.561150655849598 Raw:15.438849344150402 Time:32524 TotalReward:2073.13302623623
ETask 42-42: Configuration:10 Energy:50.61949187082401 Reward:1.3097260784649798 Raw:18.69027392153502 Time:32538 TotalReward:2123.7525181070537
ETask 43-43: Configuration:18 Energy:85.15192738540101 Reward:-11.440711649994213 Raw:31.440711649994213 Time:32535 TotalReward:2208.9044454924547
ETask 44-44: Configuration:17 Energy:44.059774232340004 Reward:3.7317756680590755 Raw:16.268224331940925 Time:32552 TotalReward:2252.9642197247945
ETask 45-45: Configuration:4 Energy:48.220432830675 Reward:2.195532493289228 Raw:17.804467506710772 Time:32542 TotalReward:2301.1846525554693
ETask 46-46: Configuration:4 Energy:33.59557999943999 Reward:7.595478154052927 Raw:12.404521845947073 Time:32517 TotalReward:2334.780232554909
ETask 47-47: Configuration:17 Energy:38.659150508625 Reward:5.725852119892311 Raw:14.274147880107689 Time:32534 TotalReward:2373.439383063534
ETask 48-48: Configuration:17 Energy:48.39608253870001 Reward:2.1306772164799987 Raw:17.86932278352 Time:32511 TotalReward:2421.835465602234
ETask 49-49: Configuration:5 Energy:36.145445207760005 Reward:6.653989461750152 Raw:13.346010538249848 Time:32570 TotalReward:2457.980910809994
ETask 50-50: Configuration:0 Energy:34.98396051645 Reward:7.0828453477723095 Raw:12.91715465222769 Time:32538 TotalReward:2492.964871326444
ETask 51-51: Configuration:1 Energy:33.685066373759994 Reward:7.562437031227079 Raw:12.437562968772921 Time:32568 TotalReward:2526.649937700204
ETask 52-52: Configuration:17 Energy:38.76383695931999 Reward:5.687198661174159 Raw:14.31280133882584 Time:32552 TotalReward:2565.4137746595243
ETask 53-53: Configuration:17 Energy:84.09076631009998 Reward:-11.048898329883073 Raw:31.048898329883073 Time:32504 TotalReward:2649.504540969624
ETask 54-54: Configuration:5 Energy:39.296178131039994 Reward:5.490641920846771 Raw:14.509358079153229 Time:32572 TotalReward:2688.800719100664
ETask 55-55: Configuration:18 Energy:66.38406794171 Reward:-4.511040470785236 Raw:24.511040470785236 Time:32523 TotalReward:2755.184787042374
ETask 56-56: Configuration:17 Energy:93.157945470128 Reward:-14.396779865893421 Raw:34.39677986589342 Time:32550 TotalReward:2848.342732512502
ETask 57-57: Configuration:18 Energy:94.79537636112 Reward:-15.001369733336617 Raw:35.00136973333662 Time:32530 TotalReward:2943.138108873622
ETask 58-58: Configuration:11 Energy:53.45780414279201 Reward:0.2617338549691013 Raw:19.7382661450309 Time:32538 TotalReward:2996.595913016414
ETask 59-59: Configuration:17 Energy:111.85554150737201 Reward:-21.300507633491193 Raw:41.30050763349119 Time:32548 TotalReward:3108.451454523786
ETask 60-60: Configuration:17 Energy:42.8510801418 Reward:4.178062716873848 Raw:15.821937283126152 Time:32510 TotalReward:3151.3025346655863
ETask 61-61: Configuration:17 Energy:85.41644906267399 Reward:-11.538381192371933 Raw:31.538381192371933 Time:32510 TotalReward:3236.7189837282604
ETask 62-62: Configuration:17 Energy:45.137068108704 Reward:3.334005621401598 Raw:16.665994378598402 Time:32509 TotalReward:3281.8560518369645
ETask 63-63: Configuration:17 Energy:38.024218984533 Reward:5.96028837494166 Raw:14.03971162505834 Time:32512 TotalReward:3319.8802708214976
ETask 64-64: Configuration:11 Energy:31.612821233522 Reward:8.327573698391877 Raw:11.672426301608123 Time:32528 TotalReward:3351.4930920550196
ETask 65-65: Configuration:17 Energy:56.88299800823499 Reward:-1.0029531107329177 Raw:21.002953110732918 Time:32557 TotalReward:3408.3760900632547
ETask 66-66: Configuration:17 Energy:82.87317508760398 Reward:-10.599326186192236 Raw:30.599326186192236 Time:32504 TotalReward:3491.2492651508587
ETask 67-67: Configuration:17 Energy:43.618510113671995 Reward:3.8947039580288028 Raw:16.105296041971197 Time:32510 TotalReward:3534.867775264531
ETask 68-68: Configuration:17 Energy:36.19488834542099 Reward:6.635733533998403 Raw:13.364266466001597 Time:32508 TotalReward:3571.062663609952
ETask 69-69: Configuration:17 Energy:39.83630676641 Reward:5.29120980932554 Raw:14.70879019067446 Time:32508 TotalReward:3610.898970376362
ETask 70-70: Configuration:17 Energy:36.285874821372 Reward:6.602138527493416 Raw:13.397861472506584 Time:32502 TotalReward:3647.184845197734
ETask 71-71: Configuration:17 Energy:80.23085975229999 Reward:-9.62370206238769 Raw:29.62370206238769 Time:32508 TotalReward:3727.415704950034
ETask 72-72: Configuration:17 Energy:42.38555792078399 Reward:4.349947844633602 Raw:15.650052155366398 Time:32507 TotalReward:3769.801262870818
ETask 73-73: Configuration:17 Energy:39.87260629248 Reward:5.2778069073920015 Raw:14.722193092607998 Time:32508 TotalReward:3809.673869163298
ETask 74-74: Configuration:17 Energy:38.77731041329599 Reward:5.682223847398406 Raw:14.317776152601594 Time:32507 TotalReward:3848.4511795765943
ETask 75-75: Configuration:17 Energy:39.537807783136 Reward:5.401424818534398 Raw:14.598575181465602 Time:32507 TotalReward:3887.9889873597303
ETask 76-76: Configuration:17 Energy:91.036671807536 Reward:-13.613540359705596 Raw:33.613540359705596 Time:32507 TotalReward:3979.0256591672664
ETask 77-77: Configuration:17 Energy:59.75197632206399 Reward:-2.0622681804543923 Raw:22.062268180454392 Time:32505 TotalReward:4038.7776354893304
ETask 78-78: Configuration:17 Energy:54.41447758593599 Reward:-0.09149941634559866 Raw:20.0914994163456 Time:32505 TotalReward:4093.192113075266
ETask 79-79: Configuration:15 Energy:95.039511244496 Reward:-15.091511844121598 Raw:35.0915118441216 Time:32533 TotalReward:4188.231624319762
ETask 80-80: Configuration:17 Energy:84.46289942875201 Reward:-11.186301327539205 Raw:31.186301327539205 Time:32537 TotalReward:4272.694523748514
ETask 81-81: Configuration:17 Energy:43.36270413474 Reward:3.9891553964036923 Raw:16.010844603596308 Time:32505 TotalReward:4316.057227883254
ETask 82-82: Configuration:6 Energy:98.05698281868001 Reward:-16.205655194589546 Raw:36.205655194589546 Time:32543 TotalReward:4414.114210701934
ETask 83-83: Configuration:17 Energy:86.213174827794 Reward:-11.832556859493167 Raw:31.832556859493167 Time:32536 TotalReward:4500.327385529728
ETask 84-84: Configuration:17 Energy:41.725630538385005 Reward:4.593613339673228 Raw:15.406386660326772 Time:32510 TotalReward:4542.053016068114
ETask 85-85: Configuration:17 Energy:38.148954385940996 Reward:5.914232226729478 Raw:14.085767773270522 Time:32509 TotalReward:4580.201970454054
ETask 86-86: Configuration:17 Energy:38.539529894249995 Reward:5.77001973135385 Raw:14.22998026864615 Time:32509 TotalReward:4618.741500348305
ETask 87-87: Configuration:17 Energy:52.40078729376001 Reward:0.6520169992270723 Raw:19.347983000772928 Time:32509 TotalReward:4671.142287642065
ETask 88-88: Configuration:17 Energy:41.395602875426995 Reward:4.715469707534645 Raw:15.284530292465355 Time:32501 TotalReward:4712.537890517492
ETask 89-89: Configuration:11 Energy:36.89705087053599 Reward:6.376473524725171 Raw:13.62352647527483 Time:32558 TotalReward:4749.434941388028
ETask 90-90: Configuration:17 Energy:59.24126741620601 Reward:-1.8736987382914485 Raw:21.87369873829145 Time:32533 TotalReward:4808.676208804234
ETask 91-91: Configuration:17 Energy:54.36752922142 Reward:-0.07416463560123177 Raw:20.07416463560123 Time:32501 TotalReward:4863.043738025654
ETask 92-92: Configuration:17 Energy:38.38773812972399 Reward:5.826065921332679 Raw:14.17393407866732 Time:32510 TotalReward:4901.431476155379
ETask 93-93: Configuration:17 Energy:37.03288637750399 Reward:6.326318875998526 Raw:13.673681124001474 Time:32510 TotalReward:4938.464362532883
ETask 94-94: Configuration:11 Energy:34.19391234182999 Reward:7.374555443016618 Raw:12.625444556983382 Time:32543 TotalReward:4972.658274874712
ETask 95-95: Configuration:17 Energy:39.42025424099 Reward:5.444829203326773 Raw:14.555170796673227 Time:32543 TotalReward:5012.078529115703
ETask 96-96: Configuration:17 Energy:87.49265032972798 Reward:-12.304978583284182 Raw:32.30497858328418 Time:32507 TotalReward:5099.571179445431
ETask 97-97: Configuration:17 Energy:42.95161382399999 Reward:4.140942588061542 Raw:15.859057411938458 Time:32504 TotalReward:5142.522793269431
ETask 98-98: Configuration:17 Energy:38.644217799488 Reward:5.731365735573663 Raw:14.268634264426337 Time:32504 TotalReward:5181.167011068918
ETask 99-99: Configuration:2 Energy:46.2919580486 Reward:2.9075847205169225 Raw:17.092415279483077 Time:32574 TotalReward:5227.458969117518
ETask 100-100: Configuration:17 Energy:39.38443346221 Reward:5.458055337030151 Raw:14.541944662969849 Time:32530 TotalReward:5266.843402579728
ETask 101-101: Configuration:15 Energy:54.40717011397001 Reward:-0.08880127285046768 Raw:20.088801272850468 Time:32534 TotalReward:5321.250572693698
ETask 102-102: Configuration:17 Energy:86.35649316112 Reward:-11.885474397952002 Raw:31.885474397952002 Time:32542 TotalReward:5407.607065854818
ETask 103-103: Configuration:17 Energy:43.65032580289999 Reward:3.8829566266215423 Raw:16.117043373378458 Time:32506 TotalReward:5451.257391657718
ETask 104-104: Configuration:17 Energy:39.71163710563199 Reward:5.337241684074341 Raw:14.66275831592566 Time:32505 TotalReward:5490.969028763349
ETask 105-105: Configuration:17 Energy:59.437283751192 Reward:-1.9460740004401238 Raw:21.946074000440124 Time:32503 TotalReward:5550.406312514541
ETask 106-106: Configuration:17 Energy:51.334542897119995 Reward:1.0457072379864627 Raw:18.954292762013537 Time:32508 TotalReward:5601.740855411661
ETask 107-107: Configuration:17 Energy:97.06482339564602 Reward:-15.839319407623137 Raw:35.83931940762314 Time:32504 TotalReward:5698.805678807307
ETask 108-108: Configuration:17 Energy:56.290554888669995 Reward:-0.7842048819704601 Raw:20.78420488197046 Time:32504 TotalReward:5755.096233695977
ETask 109-109: Configuration:17 Energy:78.304714648842 Reward:-8.912510024187817 Raw:28.912510024187817 Time:32504 TotalReward:5833.400948344819
ETask 110-110: Configuration:17 Energy:39.538543954350004 Reward:5.401153001470766 Raw:14.598846998529234 Time:32509 TotalReward:5872.939492299169
ETask 111-111: Configuration:17 Energy:52.676098466747995 Reward:0.550363643046893 Raw:19.449636356953107 Time:32504 TotalReward:5925.615590765917
ETask 112-112: Configuration:17 Energy:48.354680185559 Reward:2.1459642391782126 Raw:17.854035760821787 Time:32513 TotalReward:5973.970270951476
ETask 113-113: Configuration:17 Energy:81.777989049808 Reward:-10.194949803006029 Raw:30.19494980300603 Time:32505 TotalReward:6055.748260001284
ETask 114-114: Configuration:17 Energy:41.66695548813 Reward:4.615277973613537 Raw:15.384722026386463 Time:32506 TotalReward:6097.415215489414
ETask 115-115: Configuration:17 Energy:72.210145773064 Reward:-6.662207670054396 Raw:26.662207670054396 Time:32508 TotalReward:6169.625361262478
ETask 116-116: Configuration:17 Energy:49.930505723264 Reward:1.564120963717908 Raw:18.435879036282092 Time:32510 TotalReward:6219.555866985742
ETask 117-117: Configuration:17 Energy:47.123957376886004 Reward:2.6003849685343994 Raw:17.3996150314656 Time:32502 TotalReward:6266.679824362628
ETask 118-118: Configuration:17 Energy:50.71257287984999 Reward:1.2753577059015413 Raw:18.72464229409846 Time:32505 TotalReward:6317.392397242478
ETask 119-119: Configuration:17 Energy:56.113170079323 Reward:-0.718708952365418 Raw:20.718708952365418 Time:32505 TotalReward:6373.505567321801
ETask 120-120: Configuration:17 Energy:39.378475476144004 Reward:5.46025520880837 Raw:14.53974479119163 Time:32505 TotalReward:6412.884042797945
ETask 121-121: Configuration:17 Energy:43.240603128576 Reward:4.034238844833478 Raw:15.965761155166522 Time:32506 TotalReward:6456.124645926521
ERun: Time:3940322
==END-RUN 0==
==ROUND-END==
STOKE: Config: 0 - Knobs: {interval:10000 priority:104 sensor-configuration:1 batch:5 }  | -- on:3 reward:5.1247
STOKE: Config: 1 - Knobs: {interval:7750 priority:104 sensor-configuration:1 batch:5 }  | -- on:3 reward:-8.5765
STOKE: Config: 2 - Knobs: {interval:5500 priority:104 sensor-configuration:1 batch:5 }  | -- on:4 reward:6.1890
STOKE: Config: 3 - Knobs: {interval:3500 priority:104 sensor-configuration:1 batch:5 }  | -- on:1 reward:5.1634
STOKE: Config: 4 - Knobs: {interval:1000 priority:104 sensor-configuration:1 batch:5 }  | -- on:5 reward:3.9398
STOKE: Config: 5 - Knobs: {interval:10000 priority:100 sensor-configuration:1 batch:5 }  | -- on:5 reward:5.2999
STOKE: Config: 6 - Knobs: {interval:7750 priority:100 sensor-configuration:1 batch:5 }  | -- on:2 reward:-4.6252
STOKE: Config: 7 - Knobs: {interval:5500 priority:100 sensor-configuration:1 batch:5 }  | -- on:1 reward:2.9963
STOKE: Config: 8 - Knobs: {interval:3500 priority:100 sensor-configuration:1 batch:5 }  | -- on:1 reward:3.2992
STOKE: Config: 9 - Knobs: {interval:1000 priority:100 sensor-configuration:1 batch:5 }  | -- on:2 reward:5.2246
STOKE: Config: 10 - Knobs: {interval:10000 priority:104 sensor-configuration:1 batch:1 }  | -- on:3 reward:4.0795
STOKE: Config: 11 - Knobs: {interval:7750 priority:104 sensor-configuration:1 batch:1 }  | -- on:5 reward:6.0775
STOKE: Config: 12 - Knobs: {interval:5500 priority:104 sensor-configuration:1 batch:1 }  | -- on:3 reward:4.1546
STOKE: Config: 13 - Knobs: {interval:3500 priority:104 sensor-configuration:1 batch:1 }  | -- on:2 reward:-5.5172
STOKE: Config: 14 - Knobs: {interval:1000 priority:104 sensor-configuration:1 batch:1 }  | -- on:2 reward:-4.3787
STOKE: Config: 15 - Knobs: {interval:10000 priority:100 sensor-configuration:1 batch:1 }  | -- on:3 reward:-3.3853
STOKE: Config: 16 - Knobs: {interval:7750 priority:100 sensor-configuration:1 batch:1 }  | -- on:1 reward:5.0893
STOKE: Config: 17 - Knobs: {interval:5500 priority:100 sensor-configuration:1 batch:1 }  | -- on:69 reward:-0.1899
STOKE: Config: 18 - Knobs: {interval:3500 priority:100 sensor-configuration:1 batch:1 }  | -- on:4 reward:-6.7033
STOKE: Config: 19 - Knobs: {interval:1000 priority:100 sensor-configuration:1 batch:1 }  | -- on:2 reward:-13.6865
