==RUN 0==
Bandit Runs:0 Tasks-in-Run:0
Self-Optimizer Rounds:5 Tasks-in-Round:8
Continuous Knob Rounds:Inf Tasks-in-Round:0
STOKE: Start Bat: 0.590000
MAPSME_GPS_RATE: 10000
MAPSME_GPS_PRIORITY: High Accuracy
MAPSME_GPS_BATCH: 1x

ELocation 0: Accuracy:10.00
ELocation 1: Accuracy:19.00
ELocation 2: Accuracy:19.00
ELocation 3: Accuracy:96.00
ELocation 4: Accuracy:9.00
ELocation 5: Accuracy:9.00
ELocation 6: Accuracy:8.00
ELocation 7: Accuracy:8.00
ELocation 8: Accuracy:7.00
ELocation 9: Accuracy:7.00
ETask 1: Configuration:3 Energy:0.0 Power:0.0 Reward:2.145311448 Time:10050 TotalReward:2.145311448
ELocation 10: Accuracy:7.00
ELocation 11: Accuracy:7.00
ELocation 12: Accuracy:5.00
ELocation 13: Accuracy:5.00
ELocation 14: Accuracy:11.00
ELocation 15: Accuracy:8.00
ELocation 16: Accuracy:8.00
ELocation 17: Accuracy:7.00
ELocation 18: Accuracy:6.00
ELocation 19: Accuracy:6.00
ELocation 20: Accuracy:6.00
ELocation 21: Accuracy:5.00
ETask 2: Configuration:3 Energy:0.0 Power:0.0 Reward:0.0 Time:10048 TotalReward:2.145311448
ELocation 22: Accuracy:5.00
ELocation 23: Accuracy:5.00
ELocation 24: Accuracy:6.00
ELocation 25: Accuracy:6.00
ELocation 26: Accuracy:8.00
ELocation 27: Accuracy:7.00
ELocation 28: Accuracy:6.00
ELocation 29: Accuracy:6.00
ELocation 30: Accuracy:6.00
ELocation 31: Accuracy:6.00
ELocation 32: Accuracy:5.00
ETask 3: Configuration:3 Energy:0.0 Power:0.0 Reward:0.0 Time:10055 TotalReward:2.145311448
ELocation 33: Accuracy:5.00
ELocation 34: Accuracy:5.00
ELocation 35: Accuracy:5.00
ELocation 36: Accuracy:5.00
ELocation 37: Accuracy:9.00
ELocation 38: Accuracy:8.00
ELocation 39: Accuracy:7.00
ELocation 40: Accuracy:6.00
ELocation 41: Accuracy:6.00
ELocation 42: Accuracy:6.00
ELocation 43: Accuracy:5.00
ELocation 44: Accuracy:4.00
ELocation 45: Accuracy:4.00
ETask 4: Configuration:3 Energy:0.0 Power:0.0 Reward:1.6207589760000003 Time:10039 TotalReward:3.7660704240000005
ELocation 46: Accuracy:4.00
ELocation 47: Accuracy:4.00
ELocation 48: Accuracy:4.00
ELocation 49: Accuracy:4.00
ELocation 50: Accuracy:9.00
ELocation 51: Accuracy:8.00
ELocation 52: Accuracy:6.00
ELocation 53: Accuracy:6.00
ELocation 54: Accuracy:5.00
ELocation 55: Accuracy:5.00
ELocation 56: Accuracy:5.00
ELocation 57: Accuracy:5.00
ELocation 58: Accuracy:5.00
ETask 5: Configuration:3 Energy:0.0 Power:0.0 Reward:0.0 Time:10055 TotalReward:3.7660704240000005
ELocation 59: Accuracy:5.00
ELocation 60: Accuracy:5.00
ELocation 61: Accuracy:5.00
ELocation 62: Accuracy:5.00
ELocation 63: Accuracy:13.00
ELocation 64: Accuracy:12.00
ELocation 65: Accuracy:11.00
ELocation 66: Accuracy:9.00
ELocation 67: Accuracy:8.00
ELocation 68: Accuracy:7.00
ELocation 69: Accuracy:7.00
ELocation 70: Accuracy:6.00
ELocation 71: Accuracy:6.00
ETask 6: Configuration:3 Energy:0.0 Power:0.0 Reward:0.0 Time:10051 TotalReward:3.7660704240000005
ELocation 72: Accuracy:6.00
ELocation 73: Accuracy:6.00
ELocation 74: Accuracy:6.00
ELocation 75: Accuracy:6.00
ELocation 76: Accuracy:14.00
ELocation 77: Accuracy:11.00
ELocation 78: Accuracy:9.00
ELocation 79: Accuracy:9.00
ELocation 80: Accuracy:8.00
ELocation 81: Accuracy:8.00
ELocation 82: Accuracy:7.00
ELocation 83: Accuracy:7.00
ETask 7: Configuration:3 Energy:0.0 Power:0.0 Reward:1.5597442 Time:10054 TotalReward:5.325814624
ELocation 84: Accuracy:7.00
ELocation 85: Accuracy:7.00
ELocation 86: Accuracy:7.00
ELocation 87: Accuracy:7.00
ELocation 88: Accuracy:11.00
ELocation 89: Accuracy:9.00
ELocation 90: Accuracy:9.00
ELocation 91: Accuracy:9.00
ELocation 92: Accuracy:9.00
ELocation 93: Accuracy:9.00
ELocation 94: Accuracy:8.00
ELocation 95: Accuracy:7.00
ELocation 96: Accuracy:8.00
ETask 8: Configuration:3 Energy:0.0 Power:0.0 Reward:0.0 Time:10052 TotalReward:5.325814624
ELocation 97: Accuracy:8.00
ELocation 98: Accuracy:8.00
ELocation 99: Accuracy:8.00
ELocation 100: Accuracy:8.00
ELocation 101: Accuracy:15.00
ELocation 102: Accuracy:14.00
ELocation 103: Accuracy:11.00
ELocation 104: Accuracy:9.00
ELocation 105: Accuracy:8.00
ELocation 106: Accuracy:7.00
ELocation 107: Accuracy:6.00
ELocation 108: Accuracy:6.00
ETask 9: Configuration:3 Energy:0.0 Power:0.0 Reward:0.0 Time:10049 TotalReward:5.325814624
ELocation 109: Accuracy:6.00
ELocation 110: Accuracy:6.00
ELocation 111: Accuracy:5.00
ELocation 112: Accuracy:5.00
ELocation 113: Accuracy:11.00
ELocation 114: Accuracy:9.00
ELocation 115: Accuracy:8.00
ELocation 116: Accuracy:7.00
ELocation 117: Accuracy:6.00
ELocation 118: Accuracy:7.00
ELocation 119: Accuracy:7.00
ELocation 120: Accuracy:8.00
ETask 10: Configuration:3 Energy:0.0 Power:0.0 Reward:0.0 Time:10047 TotalReward:5.325814624
ELocation 121: Accuracy:8.00
ELocation 122: Accuracy:8.00
ELocation 123: Accuracy:9.00
ELocation 124: Accuracy:9.00
ELocation 125: Accuracy:10.00
ELocation 126: Accuracy:9.00
ELocation 127: Accuracy:8.00
ELocation 128: Accuracy:7.00
ELocation 129: Accuracy:6.00
ELocation 130: Accuracy:5.00
ELocation 131: Accuracy:5.00
ELocation 132: Accuracy:5.00
ETask 11: Configuration:3 Energy:0.0 Power:0.0 Reward:0.0 Time:10035 TotalReward:5.325814624
ELocation 133: Accuracy:5.00
ELocation 134: Accuracy:5.00
ELocation 135: Accuracy:6.00
ELocation 136: Accuracy:6.00
ELocation 137: Accuracy:11.00
ELocation 138: Accuracy:9.00
ELocation 139: Accuracy:8.00
ELocation 140: Accuracy:7.00
ELocation 141: Accuracy:7.00
ELocation 142: Accuracy:7.00
ELocation 143: Accuracy:7.00
ELocation 144: Accuracy:6.00
ELocation 145: Accuracy:6.00
ETask 1: Configuration:4 Energy:0.0 Power:0.0 Reward:0.43544959999999966 Time:10059 TotalReward:0.43544959999999966
ELocation 146: Accuracy:6.00
ELocation 147: Accuracy:6.00
ELocation 148: Accuracy:4.00
ELocation 149: Accuracy:4.00
ELocation 150: Accuracy:10.00
ELocation 151: Accuracy:8.00
ELocation 152: Accuracy:7.00
ELocation 153: Accuracy:6.00
ELocation 154: Accuracy:6.00
ELocation 155: Accuracy:5.00
ELocation 156: Accuracy:5.00
ELocation 157: Accuracy:4.00
ELocation 158: Accuracy:4.00
ETask 2: Configuration:4 Energy:0.0 Power:0.0 Reward:0.0 Time:10055 TotalReward:0.43544959999999966
ELocation 159: Accuracy:4.00
ELocation 160: Accuracy:4.00
ELocation 161: Accuracy:4.00
ELocation 162: Accuracy:4.00
ELocation 163: Accuracy:10.00
ELocation 164: Accuracy:8.00
ELocation 165: Accuracy:7.00
ELocation 166: Accuracy:6.00
ELocation 167: Accuracy:6.00
ELocation 168: Accuracy:5.00
ELocation 169: Accuracy:5.00
ELocation 170: Accuracy:4.00
ELocation 171: Accuracy:4.00
ETask 3: Configuration:4 Energy:0.0 Power:0.0 Reward:0.0 Time:10050 TotalReward:0.43544959999999966
ELocation 172: Accuracy:4.00
ELocation 173: Accuracy:4.00
ELocation 174: Accuracy:4.00
ELocation 175: Accuracy:4.00
ELocation 176: Accuracy:11.00
ELocation 177: Accuracy:9.00
ELocation 178: Accuracy:8.00
ELocation 179: Accuracy:7.00
ELocation 180: Accuracy:7.00
ELocation 181: Accuracy:6.00
ELocation 182: Accuracy:7.00
ELocation 183: Accuracy:7.00
ELocation 184: Accuracy:6.00
ETask 4: Configuration:4 Energy:0.0 Power:0.0 Reward:0.07074080000000027 Time:10046 TotalReward:0.5061903999999999
ELocation 185: Accuracy:6.00
ELocation 186: Accuracy:6.00
ELocation 187: Accuracy:6.00
ELocation 188: Accuracy:6.00
ELocation 189: Accuracy:10.00
ELocation 190: Accuracy:8.00
ELocation 191: Accuracy:7.00
ELocation 192: Accuracy:7.00
ELocation 193: Accuracy:7.00
ELocation 194: Accuracy:6.00
ELocation 195: Accuracy:7.00
ELocation 196: Accuracy:8.00
ETask 5: Configuration:4 Energy:0.0 Power:0.0 Reward:0.0 Time:10051 TotalReward:0.5061903999999999
ELocation 197: Accuracy:8.00
ELocation 198: Accuracy:8.00
ELocation 199: Accuracy:8.00
ELocation 200: Accuracy:8.00
ELocation 201: Accuracy:14.00
ELocation 202: Accuracy:13.00
ELocation 203: Accuracy:10.00
ELocation 204: Accuracy:9.00
ELocation 205: Accuracy:9.00
ELocation 206: Accuracy:9.00
ELocation 207: Accuracy:9.00
ELocation 208: Accuracy:9.00
ETask 6: Configuration:4 Energy:0.0 Power:0.0 Reward:0.0 Time:10043 TotalReward:0.5061903999999999
ELocation 209: Accuracy:9.00
ELocation 210: Accuracy:9.00
ELocation 211: Accuracy:11.28
ELocation 212: Accuracy:11.28
ELocation 213: Accuracy:16.00
ELocation 214: Accuracy:14.00
ELocation 215: Accuracy:13.00
ELocation 216: Accuracy:11.00
ELocation 217: Accuracy:10.00
ELocation 218: Accuracy:10.00
ELocation 219: Accuracy:9.00
ETask 7: Configuration:4 Energy:0.0 Power:0.0 Reward:1.519310031 Time:10056 TotalReward:2.025500431
ELocation 220: Accuracy:9.00
ELocation 221: Accuracy:9.00
ELocation 222: Accuracy:9.00
ELocation 223: Accuracy:9.00
ELocation 224: Accuracy:9.00
ELocation 225: Accuracy:9.00
ELocation 226: Accuracy:7.00
ELocation 227: Accuracy:8.00
ELocation 228: Accuracy:9.00
ELocation 229: Accuracy:8.00
ELocation 230: Accuracy:8.00
ELocation 231: Accuracy:8.00
ETask 8: Configuration:4 Energy:0.0 Power:0.0 Reward:0.0 Time:10048 TotalReward:2.025500431
ELocation 232: Accuracy:8.00
ELocation 233: Accuracy:8.00
ELocation 234: Accuracy:7.00
ELocation 235: Accuracy:7.00
ELocation 236: Accuracy:15.00
ELocation 237: Accuracy:14.00
ELocation 238: Accuracy:10.00
ELocation 239: Accuracy:8.00
ELocation 240: Accuracy:7.00
ELocation 241: Accuracy:6.00
ELocation 242: Accuracy:6.00
ELocation 243: Accuracy:5.00
ELocation 244: Accuracy:5.00
ETask 9: Configuration:4 Energy:0.0 Power:0.0 Reward:0.0 Time:10044 TotalReward:2.025500431
ELocation 245: Accuracy:5.00
ELocation 246: Accuracy:5.00
ELocation 247: Accuracy:4.00
ELocation 248: Accuracy:4.00
ELocation 249: Accuracy:9.00
ELocation 250: Accuracy:8.00
ELocation 251: Accuracy:7.00
ELocation 252: Accuracy:6.00
ELocation 253: Accuracy:6.00
ELocation 254: Accuracy:6.00
ELocation 255: Accuracy:6.00
ELocation 256: Accuracy:6.00
ELocation 257: Accuracy:5.00
ETask 10: Configuration:4 Energy:0.0 Power:0.0 Reward:1.649284569 Time:10048 TotalReward:3.674785
ELocation 258: Accuracy:5.00
ELocation 259: Accuracy:5.00
ELocation 260: Accuracy:5.00
ELocation 261: Accuracy:5.00
ELocation 262: Accuracy:13.00
ELocation 263: Accuracy:8.00
ELocation 264: Accuracy:8.00
ELocation 265: Accuracy:7.00
ELocation 266: Accuracy:8.00
ELocation 267: Accuracy:7.00
ELocation 268: Accuracy:6.00
ETask 11: Configuration:4 Energy:0.0 Power:0.0 Reward:0.03681615599999999 Time:10042 TotalReward:3.711601156
ELocation 269: Accuracy:6.00
ELocation 270: Accuracy:6.00
ELocation 271: Accuracy:5.00
ELocation 272: Accuracy:5.00
ELocation 273: Accuracy:13.00
ELocation 274: Accuracy:11.00
ELocation 275: Accuracy:9.00
ELocation 276: Accuracy:7.00
ELocation 277: Accuracy:5.00
ELocation 278: Accuracy:5.00
ELocation 279: Accuracy:4.00
ELocation 280: Accuracy:4.00
ELocation 281: Accuracy:4.00
ETask 1: Configuration:5 Energy:0.0 Power:0.0 Reward:0.0 Time:10048 TotalReward:0.0
ELocation 282: Accuracy:4.00
ELocation 283: Accuracy:4.00
ELocation 284: Accuracy:4.00
ELocation 285: Accuracy:4.00
ELocation 286: Accuracy:96.00
ELocation 287: Accuracy:10.00
ELocation 288: Accuracy:8.00
ELocation 289: Accuracy:7.00
ELocation 290: Accuracy:7.00
ELocation 291: Accuracy:8.00
ELocation 292: Accuracy:8.00
ELocation 293: Accuracy:8.00
ELocation 294: Accuracy:8.00
ETask 2: Configuration:5 Energy:0.0 Power:0.0 Reward:1.7886471699999997 Time:10059 TotalReward:1.7886471699999997
ELocation 295: Accuracy:8.00
ELocation 296: Accuracy:8.00
ELocation 297: Accuracy:9.00
ELocation 298: Accuracy:9.00
ELocation 299: Accuracy:17.00
ELocation 300: Accuracy:16.00
ELocation 301: Accuracy:15.00
ELocation 302: Accuracy:15.00
ELocation 303: Accuracy:16.00
ELocation 304: Accuracy:15.00
ELocation 305: Accuracy:14.00
ELocation 306: Accuracy:14.00
ETask 3: Configuration:5 Energy:0.0 Power:0.0 Reward:0.0 Time:10054 TotalReward:1.7886471699999997
ELocation 307: Accuracy:14.00
ELocation 308: Accuracy:14.00
ELocation 309: Accuracy:13.00
ELocation 310: Accuracy:13.00
ELocation 311: Accuracy:17.00
ELocation 312: Accuracy:12.00
ELocation 313: Accuracy:10.00
ELocation 314: Accuracy:8.00
ELocation 315: Accuracy:9.00
ELocation 316: Accuracy:8.00
ELocation 317: Accuracy:8.00
ETask 4: Configuration:5 Energy:0.0 Power:0.0 Reward:0.0 Time:10046 TotalReward:1.7886471699999997
ELocation 318: Accuracy:8.00
ELocation 319: Accuracy:8.00
ELocation 320: Accuracy:6.00
ELocation 321: Accuracy:6.00
ELocation 322: Accuracy:11.00
ELocation 323: Accuracy:13.00
ELocation 324: Accuracy:14.00
ELocation 325: Accuracy:13.00
ELocation 326: Accuracy:11.00
ELocation 327: Accuracy:9.00
ETask 5: Configuration:5 Energy:0.0 Power:0.0 Reward:1.42306159 Time:10056 TotalReward:3.2117087599999996
ELocation 328: Accuracy:9.00
ELocation 329: Accuracy:9.00
ELocation 330: Accuracy:9.00
ELocation 331: Accuracy:8.00
ELocation 332: Accuracy:8.00
ELocation 333: Accuracy:16.00
ELocation 334: Accuracy:15.00
ELocation 335: Accuracy:12.00
ELocation 336: Accuracy:10.00
ELocation 337: Accuracy:10.00
ELocation 338: Accuracy:9.00
ELocation 339: Accuracy:8.00
ELocation 340: Accuracy:7.00
ELocation 341: Accuracy:7.00
ETask 6: Configuration:5 Energy:0.0 Power:0.0 Reward:0.0 Time:10047 TotalReward:3.2117087599999996
ELocation 342: Accuracy:7.00
ELocation 343: Accuracy:7.00
ELocation 344: Accuracy:6.00
ELocation 345: Accuracy:6.00
ELocation 346: Accuracy:13.00
ELocation 347: Accuracy:12.00
ELocation 348: Accuracy:12.00
ELocation 349: Accuracy:13.00
ELocation 350: Accuracy:14.00
ELocation 351: Accuracy:12.00
ELocation 352: Accuracy:11.00
ELocation 353: Accuracy:9.00
ELocation 354: Accuracy:8.00
ETask 7: Configuration:5 Energy:0.0 Power:0.0 Reward:0.0 Time:10054 TotalReward:3.2117087599999996
ELocation 355: Accuracy:8.00
ELocation 356: Accuracy:8.00
ELocation 357: Accuracy:6.00
ELocation 358: Accuracy:6.00
ELocation 359: Accuracy:10.00
ELocation 360: Accuracy:9.00
ELocation 361: Accuracy:9.00
ELocation 362: Accuracy:9.00
ELocation 363: Accuracy:8.00
ELocation 364: Accuracy:7.00
ELocation 365: Accuracy:6.00
ELocation 366: Accuracy:7.00
ELocation 367: Accuracy:6.00
ETask 8: Configuration:5 Energy:0.0 Power:0.0 Reward:1.8194526869999998 Time:10040 TotalReward:5.031161447
ELocation 368: Accuracy:6.00
ELocation 369: Accuracy:6.00
ELocation 370: Accuracy:6.00
ELocation 371: Accuracy:6.00
ELocation 372: Accuracy:13.00
ELocation 373: Accuracy:12.00
ELocation 374: Accuracy:11.00
ELocation 375: Accuracy:8.00
ELocation 376: Accuracy:8.00
ELocation 377: Accuracy:6.00
ELocation 378: Accuracy:6.00
ELocation 379: Accuracy:5.00
ELocation 380: Accuracy:5.00
ETask 9: Configuration:5 Energy:0.0 Power:0.0 Reward:0.0 Time:10045 TotalReward:5.031161447
ELocation 381: Accuracy:5.00
ELocation 382: Accuracy:5.00
ELocation 383: Accuracy:5.00
ELocation 384: Accuracy:5.00
ELocation 385: Accuracy:9.00
ELocation 386: Accuracy:8.00
ELocation 387: Accuracy:7.00
ELocation 388: Accuracy:7.00
ELocation 389: Accuracy:6.00
ELocation 390: Accuracy:5.00
ELocation 391: Accuracy:5.00
ELocation 392: Accuracy:4.00
ELocation 393: Accuracy:4.00
ETask 10: Configuration:5 Energy:0.0 Power:0.0 Reward:0.0 Time:10044 TotalReward:5.031161447
ELocation 394: Accuracy:4.00
ELocation 395: Accuracy:4.00
ELocation 396: Accuracy:4.00
ELocation 397: Accuracy:4.00
ELocation 398: Accuracy:9.00
ELocation 399: Accuracy:7.00
ELocation 400: Accuracy:7.00
ELocation 401: Accuracy:5.00
ELocation 402: Accuracy:5.00
ELocation 403: Accuracy:5.00
ELocation 404: Accuracy:4.00
ELocation 405: Accuracy:4.00
ETask 11: Configuration:5 Energy:0.0 Power:0.0 Reward:1.2794349859999996 Time:10042 TotalReward:6.310596432999999
ELocation 406: Accuracy:4.00
ELocation 407: Accuracy:4.00
ELocation 408: Accuracy:3.00
ELocation 409: Accuracy:3.00
ELocation 410: Accuracy:8.00
ELocation 411: Accuracy:6.00
ELocation 412: Accuracy:6.00
ELocation 413: Accuracy:6.00
ELocation 414: Accuracy:5.00
ELocation 415: Accuracy:5.00
ELocation 416: Accuracy:5.00
ELocation 417: Accuracy:4.00
ETask 1: Configuration:6 Energy:0.0 Power:0.0 Reward:0.0 Time:10049 TotalReward:0.0
ELocation 418: Accuracy:4.00
ELocation 419: Accuracy:4.00
ELocation 420: Accuracy:4.00
ELocation 421: Accuracy:4.00
ELocation 422: Accuracy:11.00
ELocation 423: Accuracy:9.00
ELocation 424: Accuracy:7.00
ELocation 425: Accuracy:5.00
ELocation 426: Accuracy:5.00
ELocation 427: Accuracy:4.00
ELocation 428: Accuracy:4.00
ELocation 429: Accuracy:3.90
ETask 2: Configuration:6 Energy:0.0 Power:0.0 Reward:0.0 Time:10052 TotalReward:0.0
ELocation 430: Accuracy:3.90
ELocation 431: Accuracy:3.90
ELocation 432: Accuracy:3.00
ELocation 433: Accuracy:3.00
ELocation 434: Accuracy:8.00
ELocation 435: Accuracy:7.00
ELocation 436: Accuracy:7.00
ELocation 437: Accuracy:6.00
ELocation 438: Accuracy:5.00
ELocation 439: Accuracy:5.00
ELocation 440: Accuracy:6.00
ELocation 441: Accuracy:5.00
ELocation 442: Accuracy:5.00
ETask 3: Configuration:6 Energy:0.0 Power:0.0 Reward:0.0 Time:10046 TotalReward:0.0
ELocation 443: Accuracy:5.00
ELocation 444: Accuracy:5.00
ELocation 445: Accuracy:5.00
ELocation 446: Accuracy:5.00
ELocation 447: Accuracy:10.00
ELocation 448: Accuracy:10.00
ELocation 449: Accuracy:8.00
ELocation 450: Accuracy:7.00
ELocation 451: Accuracy:7.00
ELocation 452: Accuracy:6.00
ELocation 453: Accuracy:6.00
ELocation 454: Accuracy:5.00
ELocation 455: Accuracy:5.00
ETask 4: Configuration:6 Energy:0.0 Power:0.0 Reward:0.0 Time:10048 TotalReward:0.0
ELocation 456: Accuracy:5.00
ELocation 457: Accuracy:5.00
ELocation 458: Accuracy:5.00
ELocation 459: Accuracy:5.00
ELocation 460: Accuracy:12.00
ELocation 461: Accuracy:9.00
ELocation 462: Accuracy:8.00
ELocation 463: Accuracy:7.00
ELocation 464: Accuracy:6.00
ELocation 465: Accuracy:6.00
ELocation 466: Accuracy:6.00
ELocation 467: Accuracy:6.00
ELocation 468: Accuracy:5.00
ETask 5: Configuration:6 Energy:0.0 Power:0.0 Reward:0.49110360200000036 Time:10046 TotalReward:0.49110360200000036
ELocation 469: Accuracy:5.00
ELocation 470: Accuracy:5.00
ELocation 471: Accuracy:4.00
ELocation 472: Accuracy:4.00
ELocation 473: Accuracy:13.00
ELocation 474: Accuracy:11.00
ELocation 475: Accuracy:10.00
ELocation 476: Accuracy:10.00
ELocation 477: Accuracy:8.00
ELocation 478: Accuracy:8.00
ELocation 479: Accuracy:8.00
ELocation 480: Accuracy:8.00
ELocation 481: Accuracy:8.00
ETask 6: Configuration:6 Energy:0.0 Power:0.0 Reward:0.0 Time:10050 TotalReward:0.49110360200000036
ELocation 482: Accuracy:8.00
ELocation 483: Accuracy:8.00
ELocation 484: Accuracy:7.00
ELocation 485: Accuracy:7.00
ELocation 486: Accuracy:16.00
ELocation 487: Accuracy:14.00
ELocation 488: Accuracy:12.00
ELocation 489: Accuracy:10.00
ELocation 490: Accuracy:9.00
ELocation 491: Accuracy:8.00
ELocation 492: Accuracy:8.00
ELocation 493: Accuracy:7.00
ETask 7: Configuration:6 Energy:0.0 Power:0.0 Reward:0.0 Time:10048 TotalReward:0.49110360200000036
ELocation 494: Accuracy:7.00
ELocation 495: Accuracy:7.00
ELocation 496: Accuracy:6.00
ELocation 497: Accuracy:6.00
ELocation 498: Accuracy:15.00
ELocation 499: Accuracy:11.00
ELocation 500: Accuracy:10.00
ELocation 501: Accuracy:8.00
ELocation 502: Accuracy:7.00
ELocation 503: Accuracy:9.00
ELocation 504: Accuracy:9.00
ELocation 505: Accuracy:9.00
ETask 8: Configuration:6 Energy:0.0 Power:0.0 Reward:0.05606172300000001 Time:10043 TotalReward:0.5471653250000004
ELocation 506: Accuracy:9.00
ELocation 507: Accuracy:9.00
ELocation 508: Accuracy:9.00
ELocation 509: Accuracy:9.00
ELocation 510: Accuracy:16.00
ELocation 511: Accuracy:12.00
ELocation 512: Accuracy:12.00
ELocation 513: Accuracy:11.00
ELocation 514: Accuracy:9.00
ELocation 515: Accuracy:8.00
ELocation 516: Accuracy:9.00
ELocation 517: Accuracy:8.00
ETask 9: Configuration:6 Energy:0.0 Power:0.0 Reward:0.0 Time:10042 TotalReward:0.5471653250000004
ELocation 518: Accuracy:8.00
ELocation 519: Accuracy:8.00
ELocation 520: Accuracy:7.00
ELocation 521: Accuracy:7.00
ELocation 522: Accuracy:15.00
ELocation 523: Accuracy:12.00
ELocation 524: Accuracy:11.00
ELocation 525: Accuracy:9.00
ELocation 526: Accuracy:9.00
ELocation 527: Accuracy:8.00
ELocation 528: Accuracy:8.00
ELocation 529: Accuracy:7.00
ETask 10: Configuration:6 Energy:0.0 Power:0.0 Reward:0.0 Time:10049 TotalReward:0.5471653250000004
ELocation 530: Accuracy:7.00
ELocation 531: Accuracy:7.00
ELocation 532: Accuracy:6.00
ELocation 533: Accuracy:6.00
ELocation 534: Accuracy:9.00
ELocation 535: Accuracy:9.00
ELocation 536: Accuracy:7.00
ELocation 537: Accuracy:5.00
ELocation 538: Accuracy:5.00
ELocation 539: Accuracy:4.00
ELocation 540: Accuracy:4.00
ELocation 541: Accuracy:3.90
ETask 11: Configuration:6 Energy:0.0 Power:0.0 Reward:0.016297222000000167 Time:10044 TotalReward:0.5634625470000005
ELocation 542: Accuracy:3.90
ELocation 543: Accuracy:3.90
ELocation 544: Accuracy:3.00
ELocation 545: Accuracy:3.00
ELocation 546: Accuracy:8.00
ELocation 547: Accuracy:6.00
ELocation 548: Accuracy:6.00
ELocation 549: Accuracy:6.00
ELocation 550: Accuracy:5.00
ELocation 551: Accuracy:4.00
ELocation 552: Accuracy:4.00
ELocation 553: Accuracy:4.00
ELocation 554: Accuracy:4.00
ETask 1: Configuration:7 Energy:0.0 Power:0.0 Reward:0.0 Time:10043 TotalReward:0.0
ELocation 555: Accuracy:4.00
ELocation 556: Accuracy:4.00
ELocation 557: Accuracy:3.00
ELocation 558: Accuracy:3.00
ELocation 559: Accuracy:10.00
ELocation 560: Accuracy:7.00
ELocation 561: Accuracy:5.00
ELocation 562: Accuracy:5.00
ELocation 563: Accuracy:5.00
ELocation 564: Accuracy:5.00
ELocation 565: Accuracy:5.00
ELocation 566: Accuracy:5.00
ELocation 567: Accuracy:5.00
ETask 2: Configuration:7 Energy:0.0 Power:0.0 Reward:0.0 Time:10041 TotalReward:0.0
ELocation 568: Accuracy:5.00
ELocation 569: Accuracy:5.00
ELocation 570: Accuracy:5.00
ELocation 571: Accuracy:5.00
ELocation 572: Accuracy:12.00
ELocation 573: Accuracy:9.00
ELocation 574: Accuracy:7.00
ELocation 575: Accuracy:5.00
ELocation 576: Accuracy:5.00
ELocation 577: Accuracy:5.00
ELocation 578: Accuracy:4.00
ELocation 579: Accuracy:4.00
ELocation 580: Accuracy:4.00
ETask 3: Configuration:7 Energy:0.0 Power:0.0 Reward:1.4013742059999998 Time:10040 TotalReward:1.4013742059999998
ELocation 581: Accuracy:4.00
ELocation 582: Accuracy:4.00
ELocation 583: Accuracy:4.00
ELocation 584: Accuracy:4.00
ELocation 585: Accuracy:11.00
ELocation 586: Accuracy:8.00
ELocation 587: Accuracy:6.00
ELocation 588: Accuracy:5.00
ELocation 589: Accuracy:5.00
ELocation 590: Accuracy:5.00
ELocation 591: Accuracy:4.00
ELocation 592: Accuracy:4.00
ELocation 593: Accuracy:4.00
ETask 4: Configuration:7 Energy:0.0 Power:0.0 Reward:0.0 Time:10048 TotalReward:1.4013742059999998
ELocation 594: Accuracy:4.00
ELocation 595: Accuracy:4.00
ELocation 596: Accuracy:4.00
ELocation 597: Accuracy:4.00
ELocation 598: Accuracy:12.00
ELocation 599: Accuracy:11.00
ELocation 600: Accuracy:10.00
ELocation 601: Accuracy:7.00
ELocation 602: Accuracy:6.00
ELocation 603: Accuracy:5.00
ELocation 604: Accuracy:5.00
ELocation 605: Accuracy:4.00
ELocation 606: Accuracy:4.00
ETask 5: Configuration:7 Energy:0.0 Power:0.0 Reward:0.0 Time:10037 TotalReward:1.4013742059999998
ELocation 607: Accuracy:4.00
ELocation 608: Accuracy:4.00
ELocation 609: Accuracy:4.00
ELocation 610: Accuracy:4.00
ELocation 611: Accuracy:14.00
ELocation 612: Accuracy:9.00
ELocation 613: Accuracy:7.00
ELocation 614: Accuracy:6.00
ELocation 615: Accuracy:6.00
ELocation 616: Accuracy:6.00
ELocation 617: Accuracy:5.00
ELocation 618: Accuracy:5.00
ETask 6: Configuration:7 Energy:0.0 Power:0.0 Reward:1.850072236 Time:10052 TotalReward:3.2514464419999998
ELocation 619: Accuracy:5.00
ELocation 620: Accuracy:5.00
ELocation 621: Accuracy:4.00
ELocation 622: Accuracy:4.00
ELocation 623: Accuracy:13.00
ELocation 624: Accuracy:10.00
ELocation 625: Accuracy:9.00
ELocation 626: Accuracy:8.00
ELocation 627: Accuracy:7.00
ELocation 628: Accuracy:7.00
ELocation 629: Accuracy:7.00
ELocation 630: Accuracy:6.00
ETask 7: Configuration:7 Energy:0.0 Power:0.0 Reward:0.0 Time:10039 TotalReward:3.2514464419999998
ELocation 631: Accuracy:6.00
ELocation 632: Accuracy:6.00
ELocation 633: Accuracy:6.00
ELocation 634: Accuracy:6.00
ELocation 635: Accuracy:14.00
ELocation 636: Accuracy:11.00
ELocation 637: Accuracy:10.00
ELocation 638: Accuracy:8.00
ELocation 639: Accuracy:7.00
ELocation 640: Accuracy:6.00
ELocation 641: Accuracy:6.00
ELocation 642: Accuracy:5.00
ETask 8: Configuration:7 Energy:0.0 Power:0.0 Reward:5.47785999999828E-4 Time:10044 TotalReward:3.2519942279999996
ELocation 643: Accuracy:5.00
ELocation 644: Accuracy:5.00
ELocation 645: Accuracy:5.00
ELocation 646: Accuracy:5.00
ELocation 647: Accuracy:15.00
ELocation 648: Accuracy:11.00
ELocation 649: Accuracy:8.00
ELocation 650: Accuracy:7.00
ELocation 651: Accuracy:6.00
ELocation 652: Accuracy:6.00
ELocation 653: Accuracy:6.00
ELocation 654: Accuracy:5.00
ELocation 655: Accuracy:5.00
ETask 9: Configuration:7 Energy:0.0 Power:0.0 Reward:2.0945643919999997 Time:10049 TotalReward:5.34655862
ELocation 656: Accuracy:5.00
ELocation 657: Accuracy:5.00
ELocation 658: Accuracy:4.00
ELocation 659: Accuracy:4.00
ELocation 660: Accuracy:10.00
ELocation 661: Accuracy:8.00
ELocation 662: Accuracy:7.00
ELocation 663: Accuracy:6.00
ELocation 664: Accuracy:6.00
ELocation 665: Accuracy:6.00
ELocation 666: Accuracy:6.00
ELocation 667: Accuracy:5.00
ELocation 668: Accuracy:5.00
ETask 10: Configuration:7 Energy:0.0 Power:0.0 Reward:0.0 Time:10048 TotalReward:5.34655862
ELocation 669: Accuracy:5.00
ELocation 670: Accuracy:5.00
ELocation 671: Accuracy:5.00
ELocation 672: Accuracy:5.00
ELocation 673: Accuracy:14.00
ELocation 674: Accuracy:10.00
ELocation 675: Accuracy:8.00
ELocation 676: Accuracy:8.00
ELocation 677: Accuracy:6.00
ELocation 678: Accuracy:6.00
ELocation 679: Accuracy:5.00
ELocation 680: Accuracy:4.00
ELocation 681: Accuracy:4.00
ETask 11: Configuration:7 Energy:0.0 Power:0.0 Reward:0.0 Time:10044 TotalReward:5.34655862
ELocation 682: Accuracy:4.00
ELocation 683: Accuracy:4.00
ELocation 684: Accuracy:4.00
ELocation 685: Accuracy:4.00
ELocation 686: Accuracy:13.00
ELocation 687: Accuracy:11.00
ELocation 688: Accuracy:9.00
ELocation 689: Accuracy:7.00
ELocation 690: Accuracy:7.00
ELocation 691: Accuracy:6.00
ELocation 692: Accuracy:6.00
ELocation 693: Accuracy:5.00
ELocation 694: Accuracy:4.00
ETask 12: Configuration:7 Energy:0.0 Power:0.0 Reward:1.411110912 Time:10051 TotalReward:6.7576695319999995
ELocation 695: Accuracy:4.00
ELocation 696: Accuracy:4.00
ELocation 697: Accuracy:4.00
ELocation 698: Accuracy:4.00
ELocation 699: Accuracy:11.00
ELocation 700: Accuracy:8.00
ELocation 701: Accuracy:6.00
ELocation 702: Accuracy:6.00
ELocation 703: Accuracy:5.00
ELocation 704: Accuracy:5.00
ELocation 705: Accuracy:5.00
ELocation 706: Accuracy:5.00
ELocation 707: Accuracy:4.00
ETask 13: Configuration:7 Energy:0.0 Power:0.0 Reward:0.02813091599999984 Time:10050 TotalReward:6.785800448
ELocation 708: Accuracy:4.00
ELocation 709: Accuracy:4.00
ELocation 710: Accuracy:4.00
ELocation 711: Accuracy:4.00
ELocation 712: Accuracy:10.00
ELocation 713: Accuracy:7.00
ELocation 714: Accuracy:6.00
ELocation 715: Accuracy:5.00
ELocation 716: Accuracy:5.00
ELocation 717: Accuracy:4.00
ELocation 718: Accuracy:4.00
ELocation 719: Accuracy:4.00
ELocation 720: Accuracy:4.00
ETask 14: Configuration:7 Energy:0.0 Power:0.0 Reward:0.0 Time:10046 TotalReward:6.785800448
ELocation 721: Accuracy:4.00
ELocation 722: Accuracy:4.00
ELocation 723: Accuracy:4.00
ELocation 724: Accuracy:4.00
ELocation 725: Accuracy:9.00
ELocation 726: Accuracy:8.00
ELocation 727: Accuracy:6.00
ELocation 728: Accuracy:5.00
ELocation 729: Accuracy:4.00
ELocation 730: Accuracy:4.00
ELocation 731: Accuracy:4.00
ELocation 732: Accuracy:4.00
ETask 15: Configuration:7 Energy:0.0 Power:0.0 Reward:1.979545176 Time:10038 TotalReward:8.765345624
ELocation 733: Accuracy:4.00
ELocation 734: Accuracy:4.00
ELocation 735: Accuracy:3.00
ELocation 736: Accuracy:3.00
ELocation 737: Accuracy:10.00
ELocation 738: Accuracy:10.00
ELocation 739: Accuracy:9.00
ELocation 740: Accuracy:8.00
ELocation 741: Accuracy:6.00
ELocation 742: Accuracy:5.00
ELocation 743: Accuracy:6.00
ELocation 744: Accuracy:5.00
ETask 16: Configuration:7 Energy:0.0 Power:0.0 Reward:0.0 Time:10046 TotalReward:8.765345624
ELocation 745: Accuracy:5.00
ELocation 746: Accuracy:5.00
ELocation 747: Accuracy:4.00
ELocation 748: Accuracy:4.00
ELocation 749: Accuracy:13.00
ELocation 750: Accuracy:12.00
ELocation 751: Accuracy:11.00
ELocation 752: Accuracy:9.00
ELocation 753: Accuracy:7.00
ELocation 754: Accuracy:6.00
ELocation 755: Accuracy:6.00
ETask 17: Configuration:7 Energy:0.0 Power:0.0 Reward:0.0 Time:10039 TotalReward:8.765345624
ELocation 756: Accuracy:6.00
ELocation 757: Accuracy:6.00
ELocation 758: Accuracy:6.00
ELocation 759: Accuracy:6.00
ELocation 760: Accuracy:14.00
ELocation 761: Accuracy:12.00
ELocation 762: Accuracy:11.00
ELocation 763: Accuracy:8.00
ELocation 764: Accuracy:7.00
ELocation 765: Accuracy:6.00
ELocation 766: Accuracy:6.00
ELocation 767: Accuracy:5.00
ELocation 768: Accuracy:5.00
ETask 18: Configuration:7 Energy:0.0 Power:0.0 Reward:1.6230773040000002 Time:10039 TotalReward:10.388422928
ELocation 769: Accuracy:5.00
ELocation 770: Accuracy:5.00
ELocation 771: Accuracy:5.00
ELocation 772: Accuracy:5.00
ELocation 773: Accuracy:15.00
ELocation 774: Accuracy:14.00
ELocation 775: Accuracy:11.00
ELocation 776: Accuracy:10.00
ELocation 777: Accuracy:9.00
ELocation 778: Accuracy:9.00
ELocation 779: Accuracy:9.00
ELocation 780: Accuracy:8.00
ELocation 781: Accuracy:8.00
ETask 19: Configuration:7 Energy:0.0 Power:0.0 Reward:0.0 Time:10046 TotalReward:10.388422928
ELocation 782: Accuracy:8.00
ELocation 783: Accuracy:8.00
ELocation 784: Accuracy:8.00
ELocation 785: Accuracy:8.00
ELocation 786: Accuracy:14.00
ELocation 787: Accuracy:11.00
ELocation 788: Accuracy:9.00
ELocation 789: Accuracy:8.00
ELocation 790: Accuracy:7.00
ELocation 791: Accuracy:6.00
ELocation 792: Accuracy:5.00
ELocation 793: Accuracy:5.00
ELocation 794: Accuracy:4.00
ETask 20: Configuration:7 Energy:0.0 Power:0.0 Reward:0.814125384 Time:10056 TotalReward:11.202548312000001
ELocation 795: Accuracy:4.00
ELocation 796: Accuracy:4.00
ELocation 797: Accuracy:5.00
ELocation 798: Accuracy:5.00
ELocation 799: Accuracy:13.00
ELocation 800: Accuracy:11.00
ELocation 801: Accuracy:10.00
ELocation 802: Accuracy:10.00
ELocation 803: Accuracy:10.00
ELocation 804: Accuracy:10.00
ELocation 805: Accuracy:9.00
ELocation 806: Accuracy:8.00
ETask 21: Configuration:7 Energy:0.0 Power:0.0 Reward:0.0 Time:10046 TotalReward:11.202548312000001
ELocation 807: Accuracy:8.00
ELocation 808: Accuracy:8.00
ELocation 809: Accuracy:8.00
ELocation 810: Accuracy:8.00
ELocation 811: Accuracy:13.00
ELocation 812: Accuracy:9.00
ELocation 813: Accuracy:9.00
ELocation 814: Accuracy:6.00
ELocation 815: Accuracy:6.00
ELocation 816: Accuracy:6.00
ELocation 817: Accuracy:5.00
ELocation 818: Accuracy:5.00
ETask 22: Configuration:7 Energy:0.0 Power:0.0 Reward:0.0 Time:10041 TotalReward:11.202548312000001
ELocation 819: Accuracy:5.00
ELocation 820: Accuracy:5.00
ELocation 821: Accuracy:5.00
ELocation 822: Accuracy:5.00
ELocation 823: Accuracy:9.00
ELocation 824: Accuracy:8.00
ELocation 825: Accuracy:5.00
ELocation 826: Accuracy:5.00
ELocation 827: Accuracy:4.00
ELocation 828: Accuracy:4.00
ELocation 829: Accuracy:3.90
ELocation 830: Accuracy:3.90
ETask 23: Configuration:7 Energy:0.0 Power:0.0 Reward:1.071702096 Time:10042 TotalReward:12.274250408
ELocation 831: Accuracy:3.90
ELocation 832: Accuracy:3.90
ELocation 833: Accuracy:3.00
ELocation 834: Accuracy:3.00
ELocation 835: Accuracy:8.00
ELocation 836: Accuracy:8.00
ELocation 837: Accuracy:8.00
ELocation 838: Accuracy:7.00
ELocation 839: Accuracy:6.00
ELocation 840: Accuracy:6.00
ELocation 841: Accuracy:5.00
ELocation 842: Accuracy:4.00
ETask 24: Configuration:7 Energy:0.0 Power:0.0 Reward:0.0 Time:10043 TotalReward:12.274250408
ELocation 843: Accuracy:4.00
ELocation 844: Accuracy:4.00
ELocation 845: Accuracy:4.00
ELocation 846: Accuracy:4.00
ELocation 847: Accuracy:9.00
ELocation 848: Accuracy:8.00
ELocation 849: Accuracy:7.00
ELocation 850: Accuracy:7.00
ELocation 851: Accuracy:6.00
ELocation 852: Accuracy:6.00
ELocation 853: Accuracy:6.00
ETask 25: Configuration:7 Energy:0.0 Power:0.0 Reward:0.0 Time:10045 TotalReward:12.274250408
ELocation 854: Accuracy:6.00
ELocation 855: Accuracy:6.00
ELocation 856: Accuracy:6.00
ELocation 857: Accuracy:6.00
ELocation 858: Accuracy:6.00
ELocation 859: Accuracy:10.00
ELocation 860: Accuracy:8.00
ELocation 861: Accuracy:7.00
ELocation 862: Accuracy:7.00
ELocation 863: Accuracy:6.00
ELocation 864: Accuracy:5.00
ELocation 865: Accuracy:5.00
ELocation 866: Accuracy:5.00
ELocation 867: Accuracy:4.00
ETask 26: Configuration:7 Energy:0.0 Power:0.0 Reward:0.16903624799999983 Time:10039 TotalReward:12.443286656
ELocation 868: Accuracy:4.00
ELocation 869: Accuracy:4.00
ELocation 870: Accuracy:4.00
ELocation 871: Accuracy:4.00
ELocation 872: Accuracy:11.00
ELocation 873: Accuracy:11.00
ELocation 874: Accuracy:10.00
ELocation 875: Accuracy:8.00
ELocation 876: Accuracy:7.00
ELocation 877: Accuracy:7.00
ELocation 878: Accuracy:7.00
ELocation 879: Accuracy:7.00
ELocation 880: Accuracy:7.00
ETask 27: Configuration:7 Energy:0.0 Power:0.0 Reward:0.008946170999999836 Time:10045 TotalReward:12.452232827
ELocation 881: Accuracy:7.00
ELocation 882: Accuracy:7.00
ELocation 883: Accuracy:6.00
ELocation 884: Accuracy:6.00
ELocation 885: Accuracy:12.00
ELocation 886: Accuracy:9.00
ELocation 887: Accuracy:8.00
ELocation 888: Accuracy:7.00
ELocation 889: Accuracy:6.00
ELocation 890: Accuracy:5.00
ELocation 891: Accuracy:5.00
ELocation 892: Accuracy:5.00
ELocation 893: Accuracy:5.00
ETask 28: Configuration:7 Energy:0.0 Power:0.0 Reward:0.0 Time:10044 TotalReward:12.452232827
ELocation 894: Accuracy:5.00
ELocation 895: Accuracy:5.00
ELocation 896: Accuracy:4.00
ELocation 897: Accuracy:4.00
ELocation 898: Accuracy:12.00
ELocation 899: Accuracy:9.00
ELocation 900: Accuracy:7.00
ELocation 901: Accuracy:6.00
ELocation 902: Accuracy:5.00
ELocation 903: Accuracy:4.00
ELocation 904: Accuracy:4.00
ELocation 905: Accuracy:4.00
ELocation 906: Accuracy:4.00
ETask 29: Configuration:7 Energy:0.0 Power:0.0 Reward:2.0059472849999995 Time:10046 TotalReward:14.458180111999999
ELocation 907: Accuracy:4.00
ELocation 908: Accuracy:4.00
ELocation 909: Accuracy:3.00
ELocation 910: Accuracy:3.00
ELocation 911: Accuracy:7.00
ELocation 912: Accuracy:7.00
ELocation 913: Accuracy:6.00
ELocation 914: Accuracy:5.00
ELocation 915: Accuracy:5.00
ELocation 916: Accuracy:4.00
ELocation 917: Accuracy:4.00
ELocation 918: Accuracy:4.00
ELocation 919: Accuracy:4.00
ETask 30: Configuration:7 Energy:0.0 Power:0.0 Reward:0.0 Time:10053 TotalReward:14.458180111999999
ELocation 920: Accuracy:4.00
ELocation 921: Accuracy:4.00
ELocation 922: Accuracy:4.00
ELocation 923: Accuracy:4.00
ELocation 924: Accuracy:8.00
ELocation 925: Accuracy:7.00
ELocation 926: Accuracy:5.00
ELocation 927: Accuracy:4.00
ELocation 928: Accuracy:4.00
ELocation 929: Accuracy:4.00
ELocation 930: Accuracy:4.00
ELocation 931: Accuracy:4.00
ELocation 932: Accuracy:4.00
ETask 31: Configuration:7 Energy:0.0 Power:0.0 Reward:0.0 Time:10041 TotalReward:14.458180111999999
ELocation 933: Accuracy:4.00
ELocation 934: Accuracy:4.00
ELocation 935: Accuracy:4.00
ELocation 936: Accuracy:4.00
ELocation 937: Accuracy:10.00
ELocation 938: Accuracy:8.00
ELocation 939: Accuracy:6.00
ELocation 940: Accuracy:5.00
ELocation 941: Accuracy:5.00
ELocation 942: Accuracy:4.00
ELocation 943: Accuracy:4.00
ELocation 944: Accuracy:4.00
ETask 32: Configuration:7 Energy:0.0 Power:0.0 Reward:1.8168717699999997 Time:10044 TotalReward:16.275051882
ELocation 945: Accuracy:4.00
ELocation 946: Accuracy:4.00
ELocation 947: Accuracy:4.00
ELocation 948: Accuracy:4.00
ELocation 949: Accuracy:9.00
ELocation 950: Accuracy:8.00
ELocation 951: Accuracy:9.00
ELocation 952: Accuracy:8.00
ELocation 953: Accuracy:7.00
ELocation 954: Accuracy:7.00
ELocation 955: Accuracy:6.00
ELocation 956: Accuracy:5.00
ETask 33: Configuration:7 Energy:0.0 Power:0.0 Reward:0.0 Time:10056 TotalReward:16.275051882
ELocation 957: Accuracy:4.00
ELocation 958: Accuracy:5.00
ELocation 959: Accuracy:4.00
ELocation 960: Accuracy:4.00
ELocation 961: Accuracy:8.00
ELocation 962: Accuracy:6.00
ELocation 963: Accuracy:5.00
ELocation 964: Accuracy:5.00
ELocation 965: Accuracy:5.00
ELocation 966: Accuracy:5.00
ELocation 967: Accuracy:5.00
ELocation 968: Accuracy:5.00
ELocation 969: Accuracy:4.00
ETask 34: Configuration:7 Energy:0.0 Power:0.0 Reward:0.0 Time:10044 TotalReward:16.275051882
ELocation 970: Accuracy:4.00
ELocation 971: Accuracy:4.00
ELocation 972: Accuracy:4.00
ELocation 973: Accuracy:4.00
ELocation 974: Accuracy:11.00
ELocation 975: Accuracy:10.00
ELocation 976: Accuracy:8.00
ELocation 977: Accuracy:6.00
ELocation 978: Accuracy:6.00
ELocation 979: Accuracy:5.00
ELocation 980: Accuracy:5.00
ELocation 981: Accuracy:5.00
ELocation 982: Accuracy:4.00
ETask 35: Configuration:7 Energy:0.0 Power:0.0 Reward:1.8741655599999996 Time:10048 TotalReward:18.149217441999998
ELocation 983: Accuracy:4.00
ELocation 984: Accuracy:4.00
ELocation 985: Accuracy:4.00
ELocation 986: Accuracy:4.00
ELocation 987: Accuracy:11.00
ELocation 988: Accuracy:8.00
ELocation 989: Accuracy:7.00
ELocation 990: Accuracy:7.00
ELocation 991: Accuracy:6.00
ELocation 992: Accuracy:5.00
ELocation 993: Accuracy:5.00
ELocation 994: Accuracy:4.00
ELocation 995: Accuracy:4.00
ETask 36: Configuration:7 Energy:0.0 Power:0.0 Reward:0.0 Time:10061 TotalReward:18.149217441999998
ELocation 996: Accuracy:4.00
ELocation 997: Accuracy:4.00
ELocation 998: Accuracy:4.00
ELocation 999: Accuracy:4.00
ELocation 1000: Accuracy:11.00
ELocation 1001: Accuracy:11.00
ELocation 1002: Accuracy:9.00
ELocation 1003: Accuracy:9.00
ELocation 1004: Accuracy:8.00
ELocation 1005: Accuracy:7.00
ELocation 1006: Accuracy:6.00
ELocation 1007: Accuracy:6.00
ELocation 1008: Accuracy:6.00
ETask 37: Configuration:7 Energy:0.0 Power:0.0 Reward:0.0 Time:10047 TotalReward:18.149217441999998
ELocation 1009: Accuracy:6.00
ELocation 1010: Accuracy:6.00
ELocation 1011: Accuracy:5.00
ELocation 1012: Accuracy:5.00
ELocation 1013: Accuracy:11.00
ELocation 1014: Accuracy:9.00
ELocation 1015: Accuracy:8.00
ELocation 1016: Accuracy:7.00
ELocation 1017: Accuracy:7.00
ELocation 1018: Accuracy:6.00
ELocation 1019: Accuracy:6.00
ELocation 1020: Accuracy:5.00
ETask 38: Configuration:7 Energy:0.0 Power:0.0 Reward:1.494756326 Time:10043 TotalReward:19.643973768
ELocation 1021: Accuracy:5.00
ELocation 1022: Accuracy:5.00
ELocation 1023: Accuracy:4.00
ELocation 1024: Accuracy:4.00
ELocation 1025: Accuracy:9.00
ELocation 1026: Accuracy:7.00
ELocation 1027: Accuracy:7.00
ELocation 1028: Accuracy:5.00
ELocation 1029: Accuracy:5.00
ELocation 1030: Accuracy:5.00
ELocation 1031: Accuracy:5.00
ELocation 1032: Accuracy:5.00
ETask 39: Configuration:7 Energy:0.0 Power:0.0 Reward:0.0 Time:10039 TotalReward:19.643973768
ELocation 1033: Accuracy:5.00
ELocation 1034: Accuracy:5.00
ELocation 1035: Accuracy:5.00
ELocation 1036: Accuracy:5.00
ELocation 1037: Accuracy:13.00
ELocation 1038: Accuracy:10.00
ELocation 1039: Accuracy:8.00
ELocation 1040: Accuracy:8.00
ELocation 1041: Accuracy:7.00
ELocation 1042: Accuracy:6.00
ELocation 1043: Accuracy:5.00
ELocation 1044: Accuracy:5.00
ETask 40: Configuration:7 Energy:0.0 Power:0.0 Reward:0.0030788999999999955 Time:10043 TotalReward:19.647052667999997
ELocation 1045: Accuracy:5.00
ELocation 1046: Accuracy:5.00
ELocation 1047: Accuracy:4.00
ELocation 1048: Accuracy:4.00
ELocation 1049: Accuracy:10.00
ELocation 1050: Accuracy:8.00
ELocation 1051: Accuracy:6.00
ELocation 1052: Accuracy:5.00
ELocation 1053: Accuracy:5.00
ELocation 1054: Accuracy:5.00
ELocation 1055: Accuracy:5.00
ELocation 1056: Accuracy:4.00
ETask 41: Configuration:7 Energy:0.0 Power:0.0 Reward:1.5362595850000005 Time:10045 TotalReward:21.183312252999997
ELocation 1057: Accuracy:4.00
ELocation 1058: Accuracy:4.00
ELocation 1059: Accuracy:4.00
ELocation 1060: Accuracy:4.00
ELocation 1061: Accuracy:9.00
ELocation 1062: Accuracy:8.00
ELocation 1063: Accuracy:7.00
ELocation 1064: Accuracy:6.00
ELocation 1065: Accuracy:6.00
ELocation 1066: Accuracy:5.00
ELocation 1067: Accuracy:5.00
ELocation 1068: Accuracy:5.00
ELocation 1069: Accuracy:6.00
ETask 42: Configuration:7 Energy:0.0 Power:0.0 Reward:0.0 Time:10040 TotalReward:21.183312252999997
ELocation 1070: Accuracy:6.00
ELocation 1071: Accuracy:6.00
ELocation 1072: Accuracy:5.00
ELocation 1073: Accuracy:5.00
ELocation 1074: Accuracy:13.00
ELocation 1075: Accuracy:11.00
ELocation 1076: Accuracy:11.00
ELocation 1077: Accuracy:9.00
ELocation 1078: Accuracy:8.00
ELocation 1079: Accuracy:7.00
ELocation 1080: Accuracy:6.00
ELocation 1081: Accuracy:5.00
ELocation 1082: Accuracy:5.00
ETask 43: Configuration:7 Energy:0.0 Power:0.0 Reward:0.0 Time:10042 TotalReward:21.183312252999997
ELocation 1083: Accuracy:5.00
ELocation 1084: Accuracy:5.00
ELocation 1085: Accuracy:5.00
ELocation 1086: Accuracy:5.00
ELocation 1087: Accuracy:9.00
ELocation 1088: Accuracy:8.00
ELocation 1089: Accuracy:6.00
ELocation 1090: Accuracy:6.00
ELocation 1091: Accuracy:5.00
ELocation 1092: Accuracy:6.00
ELocation 1093: Accuracy:6.00
ELocation 1094: Accuracy:5.00
ELocation 1095: Accuracy:5.00
ETask 44: Configuration:7 Energy:0.0 Power:0.0 Reward:1.435767835 Time:10041 TotalReward:22.619080087999997
ELocation 1096: Accuracy:5.00
ELocation 1097: Accuracy:5.00
ELocation 1098: Accuracy:5.00
ELocation 1099: Accuracy:5.00
ELocation 1100: Accuracy:12.00
ELocation 1101: Accuracy:9.00
ELocation 1102: Accuracy:9.00
ELocation 1103: Accuracy:8.00
ELocation 1104: Accuracy:8.00
ELocation 1105: Accuracy:7.00
ELocation 1106: Accuracy:7.00
ELocation 1107: Accuracy:7.00
ELocation 1108: Accuracy:6.00
ETask 45: Configuration:7 Energy:0.0 Power:0.0 Reward:0.0 Time:10046 TotalReward:22.619080087999997
ELocation 1109: Accuracy:6.00
ELocation 1110: Accuracy:6.00
ELocation 1111: Accuracy:5.00
ELocation 1112: Accuracy:5.00
ELocation 1113: Accuracy:12.00
ELocation 1114: Accuracy:10.00
ELocation 1115: Accuracy:8.00
ELocation 1116: Accuracy:6.00
ELocation 1117: Accuracy:6.00
ELocation 1118: Accuracy:5.00
ELocation 1119: Accuracy:4.00
ELocation 1120: Accuracy:4.00
ELocation 1121: Accuracy:4.00
ETask 46: Configuration:7 Energy:0.0 Power:0.0 Reward:0.0 Time:10048 TotalReward:22.619080087999997
ELocation 1122: Accuracy:4.00
ELocation 1123: Accuracy:4.00
ELocation 1124: Accuracy:4.00
ELocation 1125: Accuracy:4.00
ELocation 1126: Accuracy:10.00
ELocation 1127: Accuracy:8.00
ELocation 1128: Accuracy:8.00
ELocation 1129: Accuracy:6.00
ELocation 1130: Accuracy:6.00
ELocation 1131: Accuracy:5.00
ELocation 1132: Accuracy:5.00
ELocation 1133: Accuracy:5.00
ELocation 1134: Accuracy:5.00
ETask 47: Configuration:7 Energy:0.0 Power:0.0 Reward:0.0 Time:10042 TotalReward:22.619080087999997
ELocation 1135: Accuracy:5.00
ELocation 1136: Accuracy:5.00
ELocation 1137: Accuracy:4.00
ELocation 1138: Accuracy:4.00
ELocation 1139: Accuracy:11.00
ELocation 1140: Accuracy:9.00
ELocation 1141: Accuracy:7.00
ELocation 1142: Accuracy:6.00
ELocation 1143: Accuracy:5.00
ELocation 1144: Accuracy:4.00
ELocation 1145: Accuracy:4.00
ELocation 1146: Accuracy:4.00
ETask 48: Configuration:7 Energy:0.0 Power:0.0 Reward:0.0 Time:10050 TotalReward:22.619080087999997
ELocation 1147: Accuracy:4.00
ELocation 1148: Accuracy:4.00
ELocation 1149: Accuracy:3.00
ELocation 1150: Accuracy:3.00
ELocation 1151: Accuracy:6.00
ELocation 1152: Accuracy:5.00
ELocation 1153: Accuracy:4.00
ELocation 1154: Accuracy:4.00
ELocation 1155: Accuracy:4.00
ELocation 1156: Accuracy:3.90
ELocation 1157: Accuracy:3.90
ELocation 1158: Accuracy:3.90
ETask 49: Configuration:7 Energy:0.0 Power:0.0 Reward:0.4296883400000002 Time:10055 TotalReward:23.048768427999995
ELocation 1159: Accuracy:3.90
ELocation 1160: Accuracy:3.90
ELocation 1161: Accuracy:3.00
ELocation 1162: Accuracy:3.00
ELocation 1163: Accuracy:7.00
ELocation 1164: Accuracy:5.00
ELocation 1165: Accuracy:5.00
ELocation 1166: Accuracy:4.00
ELocation 1167: Accuracy:4.00
ELocation 1168: Accuracy:4.00
ELocation 1169: Accuracy:4.00
ELocation 1170: Accuracy:3.90
ETask 50: Configuration:7 Energy:0.0 Power:0.0 Reward:0.0 Time:10056 TotalReward:23.048768427999995
ELocation 1171: Accuracy:3.90
ELocation 1172: Accuracy:3.90
ELocation 1173: Accuracy:3.00
ELocation 1174: Accuracy:3.00
ELocation 1175: Accuracy:12.00
ELocation 1176: Accuracy:9.00
ELocation 1177: Accuracy:7.00
ELocation 1178: Accuracy:6.00
ELocation 1179: Accuracy:5.00
ELocation 1180: Accuracy:4.00
ELocation 1181: Accuracy:4.00
ELocation 1182: Accuracy:4.00
ELocation 1183: Accuracy:3.90
ETask 51: Configuration:7 Energy:0.0 Power:0.0 Reward:0.0 Time:10047 TotalReward:23.048768427999995
ERROR: We got 'done' signal before finishing experiment!
ERun: Time:1911433
==END-RUN 0==
STOKE: Config: 7 - Knobs: {task-interval:10000 } Records:{location_accuracy:6.08} | -- on:51 reward:0.05
