==RUN-0==
Signal: Info:LTE dBM:-94 level:4
STOKE: LOC: Got location 42.130535 -75.903743 with 64.098999 accuracy
STOKE: LOC: Got location 42.130535 -75.903743 with 271.253998 accuracy
Signal: Info:LTE dBM:-99 level:3
ETask 1: Configuration:0 Energy:5.20 Power:5.20 Reward:5.20 Time:5040
Signal: Info:LTE dBM:-99 level:3
ETask 2: Configuration:0 Energy:9.00 Power:9.00 Reward:9.00 Time:5017
STOKE: LOC: Got location 42.130535 -75.903743 with 401.410004 accuracy
Signal: Info:LTE dBM:-97 level:3
ETask 3: Configuration:0 Energy:10.60 Power:10.60 Reward:10.60 Time:5013
Signal: Info:LTE dBM:-101 level:3
ETask 4: Configuration:0 Energy:11.60 Power:11.60 Reward:11.60 Time:5022
Signal: Info:LTE dBM:-98 level:3
ETask 5: Configuration:0 Energy:11.20 Power:11.20 Reward:11.20 Time:5019
Signal: Info:LTE dBM:-98 level:3
ETask 6: Configuration:0 Energy:13.30 Power:13.30 Reward:13.30 Time:5020
STOKE: LOC: Got location 42.130535 -75.903743 with 661.578979 accuracy
Signal: Info:LTE dBM:-106 level:2
ETask 7: Configuration:0 Energy:11.10 Power:11.10 Reward:11.10 Time:5012
Signal: Info:LTE dBM:-114 level:2
ETask 8: Configuration:0 Energy:10.00 Power:10.00 Reward:10.00 Time:5019
STOKE: LOC: Got location 42.130535 -75.903743 with 791.656982 accuracy
Signal: Info:LTE dBM:-117 level:1
ETask 9: Configuration:0 Energy:9.60 Power:9.60 Reward:9.60 Time:5022
Signal: Info:LTE dBM:-104 level:3
ETask 10: Configuration:0 Energy:9.40 Power:9.40 Reward:9.40 Time:5022
STOKE: LOC: Got location 42.136098 -75.902227 with 2599.999023 accuracy
Signal: Info:LTE dBM:-101 level:3
ETask 11: Configuration:0 Energy:9.70 Power:9.70 Reward:9.70 Time:5015
ERun: Reward:110.70 PostConfigReward:0.00 Time:56910
==RUN-1==
Signal: Info:LTE dBM:-107 level:2
STOKE: LOC: Got location 42.136098 -75.902227 with 2599.999023 accuracy
Signal: Info:LTE dBM:-93 level:4
ETask 1: Configuration:0 Energy:5.60 Power:5.60 Reward:5.60 Time:5032
Signal: Info:LTE dBM:-88 level:4
ETask 2: Configuration:0 Energy:9.50 Power:9.50 Reward:9.50 Time:5021
STOKE: LOC: Got location 42.157148 -75.891336 with 1200.000000 accuracy
Signal: Info:LTE dBM:-102 level:3
ETask 3: Configuration:0 Energy:10.60 Power:10.60 Reward:10.60 Time:5017
Signal: Info:LTE dBM:-100 level:3
ETask 4: Configuration:0 Energy:11.50 Power:11.50 Reward:11.50 Time:5021
STOKE: LOC: Got location 42.153303 -75.884802 with 1200.000000 accuracy
Signal: Info:LTE dBM:-103 level:3
ETask 5: Configuration:0 Energy:11.20 Power:11.20 Reward:11.20 Time:5019
Signal: Info:LTE dBM:-97 level:3
ETask 6: Configuration:0 Energy:10.80 Power:10.80 Reward:10.80 Time:5020
STOKE: LOC: Got location 42.148805 -75.892426 with 1500.000000 accuracy
Signal: Info:LTE dBM:-92 level:4
ETask 7: Configuration:0 Energy:11.10 Power:11.10 Reward:11.10 Time:5018
Signal: Info:LTE dBM:-98 level:3
ETask 8: Configuration:0 Energy:10.50 Power:10.50 Reward:10.50 Time:5018
STOKE: LOC: Got location 42.148805 -75.892426 with 1500.000000 accuracy
Signal: Info:LTE dBM:-101 level:3
ETask 9: Configuration:0 Energy:10.10 Power:10.10 Reward:10.10 Time:5016
Signal: Info:LTE dBM:-102 level:3
ETask 10: Configuration:0 Energy:12.80 Power:12.80 Reward:12.80 Time:5018
Signal: Info:LTE dBM:-100 level:3
ETask 11: Configuration:0 Energy:9.90 Power:9.90 Reward:9.90 Time:5022
ERun: Reward:113.60 PostConfigReward:0.00 Time:57240
==RUN-2==
Signal: Info:LTE dBM:-103 level:3
STOKE: LOC: Got location 42.148735 -75.890206 with 39.667999 accuracy
STOKE: LOC: Got location 42.155407 -75.889521 with 2599.999023 accuracy
Signal: Info:LTE dBM:-98 level:3
ETask 1: Configuration:0 Energy:4.10 Power:4.10 Reward:4.10 Time:5043
Signal: Info:LTE dBM:-85 level:4
ETask 2: Configuration:0 Energy:9.40 Power:9.40 Reward:9.40 Time:5017
Signal: Info:LTE dBM:-87 level:4
ETask 3: Configuration:0 Energy:6.40 Power:6.40 Reward:6.40 Time:5015
Signal: Info:LTE dBM:-92 level:4
ETask 4: Configuration:0 Energy:3.40 Power:3.40 Reward:3.40 Time:5039
STOKE: LOC: Got location 42.154892 -75.897508 with 1399.999023 accuracy
Signal: Info:LTE dBM:-96 level:3
ETask 5: Configuration:0 Energy:1.70 Power:1.70 Reward:1.70 Time:5024
Signal: Info:LTE dBM:-89 level:4
ETask 6: Configuration:0 Energy:2.30 Power:2.30 Reward:2.30 Time:5019
STOKE: LOC: Got location 42.158374 -75.893878 with 899.999023 accuracy
Signal: Info:LTE dBM:-88 level:4
ETask 7: Configuration:0 Energy:4.60 Power:4.60 Reward:4.60 Time:5020
Signal: Info:LTE dBM:-90 level:4
ETask 8: Configuration:0 Energy:2.00 Power:2.00 Reward:2.00 Time:5008
STOKE: LOC: Got location 42.155407 -75.889521 with 2599.999023 accuracy
Signal: Info:LTE dBM:-101 level:3
ETask 9: Configuration:0 Energy:5.90 Power:5.90 Reward:5.90 Time:5017
Signal: Info:LTE dBM:-106 level:2
ETask 10: Configuration:0 Energy:8.70 Power:8.70 Reward:8.70 Time:5018
STOKE: LOC: Got location 42.148805 -75.892426 with 1500.000000 accuracy
Signal: Info:LTE dBM:-102 level:3
ETask 11: Configuration:0 Energy:12.00 Power:12.00 Reward:12.00 Time:5021
ERun: Reward:60.50 PostConfigReward:0.00 Time:57183
==RUN-3==
Signal: Info:LTE dBM:-107 level:2
STOKE: LOC: Got location 42.157148 -75.891336 with 1200.000000 accuracy
STOKE: LOC: Got location 42.162009 -75.879394 with 42.500000 accuracy
Signal: Info:LTE dBM:-113 level:2
ETask 1: Configuration:0 Energy:4.00 Power:4.00 Reward:4.00 Time:5039
Signal: Info:LTE dBM:-116 level:1
ETask 2: Configuration:0 Energy:9.50 Power:9.50 Reward:9.50 Time:5020
STOKE: LOC: Got location 42.162009 -75.879394 with 316.721985 accuracy
Signal: Info:LTE dBM:-112 level:2
ETask 3: Configuration:0 Energy:10.40 Power:10.40 Reward:10.40 Time:5019
Signal: Info:LTE dBM:-104 level:3
ETask 4: Configuration:0 Energy:3.10 Power:3.10 Reward:3.10 Time:5019
Signal: Info:LTE dBM:-108 level:2
ETask 5: Configuration:0 Energy:2.20 Power:2.20 Reward:2.20 Time:5025
Signal: Info:LTE dBM:-114 level:2
ETask 6: Configuration:0 Energy:0.40 Power:0.40 Reward:0.40 Time:5030
STOKE: LOC: Got location 42.164278 -75.875726 with 1299.999023 accuracy
Signal: Info:LTE dBM:-112 level:2
ETask 7: Configuration:0 Energy:1.30 Power:1.30 Reward:1.30 Time:5034
Signal: Info:LTE dBM:-107 level:2
ETask 8: Configuration:0 Energy:0.00 Power:0.00 Reward:0.00 Time:5032
STOKE: LOC: Got location 42.163869 -75.879719 with 1000.000000 accuracy
Signal: Info:LTE dBM:-109 level:2
ETask 9: Configuration:0 Energy:0.80 Power:0.80 Reward:0.80 Time:5035
Signal: Info:LTE dBM:-98 level:3
ETask 10: Configuration:0 Energy:0.00 Power:0.00 Reward:0.00 Time:5033
STOKE: LOC: Got location 42.164278 -75.875726 with 1299.999023 accuracy
Signal: Info:LTE dBM:-101 level:3
ETask 11: Configuration:0 Energy:0.80 Power:0.80 Reward:0.80 Time:5037
ERun: Reward:32.50 PostConfigReward:0.00 Time:57042
==RUN-4==
Signal: Info:LTE dBM:-108 level:2
STOKE: LOC: Got location 42.164278 -75.875726 with 1299.999023 accuracy
STOKE: LOC: Got location 42.166154 -75.871369 with 1000.000000 accuracy
Signal: Info:LTE dBM:-102 level:3
ETask 1: Configuration:0 Energy:4.10 Power:4.10 Reward:4.10 Time:5056
Signal: Info:LTE dBM:-103 level:3
ETask 2: Configuration:0 Energy:9.20 Power:9.20 Reward:9.20 Time:5021
STOKE: LOC: Got location 42.166154 -75.871369 with 1000.000000 accuracy
Signal: Info:LTE dBM:-103 level:3
ETask 3: Configuration:0 Energy:8.40 Power:8.40 Reward:8.40 Time:5032
Signal: Info:LTE dBM:-104 level:3
ETask 4: Configuration:0 Energy:0.00 Power:0.00 Reward:0.00 Time:5036
STOKE: LOC: Got location 42.166154 -75.871369 with 1000.000000 accuracy
Signal: Info:LTE dBM:-106 level:2
ETask 5: Configuration:0 Energy:1.00 Power:1.00 Reward:1.00 Time:5027
Signal: Info:LTE dBM:-115 level:2
ETask 6: Configuration:0 Energy:0.00 Power:0.00 Reward:0.00 Time:5039
STOKE: LOC: Got location 42.166154 -75.871369 with 1000.000000 accuracy
Signal: Info:LTE dBM:-115 level:2
ETask 7: Configuration:0 Energy:0.80 Power:0.80 Reward:0.80 Time:5036
Signal: Info:LTE dBM:-118 level:1
ETask 8: Configuration:0 Energy:0.00 Power:0.00 Reward:0.00 Time:5034
STOKE: LOC: Got location 42.166154 -75.871369 with 1000.000000 accuracy
Signal: Info:LTE dBM:-118 level:1
ETask 9: Configuration:0 Energy:0.60 Power:0.60 Reward:0.60 Time:5045
Signal: Info:LTE dBM:-116 level:1
ETask 10: Configuration:0 Energy:0.00 Power:0.00 Reward:0.00 Time:5022
STOKE: LOC: Got location 42.163186 -75.867012 with 1700.000000 accuracy
Signal: Info:LTE dBM:-120 level:1
ETask 11: Configuration:0 Energy:1.20 Power:1.20 Reward:1.20 Time:5038
ERun: Reward:25.30 PostConfigReward:0.00 Time:57008
==RUN-5==
Signal: Info:LTE dBM:-108 level:2
STOKE: LOC: Got location 42.666552 -73.783534 with 72.900002 accuracy
STOKE: LOC: Got location 42.666552 -73.783534 with 72.900002 accuracy
Signal: Info:LTE dBM:-108 level:2
ETask 1: Configuration:0 Energy:4.60 Power:4.60 Reward:4.60 Time:5033
Signal: Info:LTE dBM:-114 level:2
ETask 2: Configuration:0 Energy:9.70 Power:9.70 Reward:9.70 Time:5013
STOKE: LOC: Got location 42.166078 -75.832151 with 2900.000000 accuracy
Signal: Info:LTE dBM:-110 level:2
ETask 3: Configuration:0 Energy:11.40 Power:11.40 Reward:11.40 Time:5012
Signal: Info:LTE dBM:-111 level:2
ETask 4: Configuration:0 Energy:4.60 Power:4.60 Reward:4.60 Time:5034
STOKE: LOC: Got location 42.166078 -75.832151 with 2900.000000 accuracy
Signal: Info:LTE dBM:-113 level:2
ETask 5: Configuration:0 Energy:1.20 Power:1.20 Reward:1.20 Time:5031
ETask 6: Configuration:0 Energy:0.00 Power:0.00 Reward:0.00 Time:5024
STOKE: LOC: Got location 42.161934 -75.813628 with 3000.000000 accuracy
Signal: Info:LTE dBM:-105 level:3
ETask 7: Configuration:0 Energy:0.80 Power:0.80 Reward:0.80 Time:5029
Signal: Info:LTE dBM:-105 level:3
ETask 8: Configuration:0 Energy:0.00 Power:0.00 Reward:0.00 Time:5029
STOKE: LOC: Got location 42.166078 -75.832151 with 2900.000000 accuracy
Signal: Info:LTE dBM:-101 level:3
ETask 9: Configuration:0 Energy:0.80 Power:0.80 Reward:0.80 Time:5030
Signal: Info:LTE dBM:-90 level:4
ETask 10: Configuration:0 Energy:0.00 Power:0.00 Reward:0.00 Time:5027
STOKE: LOC: Got location 42.166078 -75.832151 with 2900.000000 accuracy
Signal: Info:LTE dBM:-88 level:4
ETask 11: Configuration:0 Energy:1.10 Power:1.10 Reward:1.10 Time:5031
ERun: Reward:34.20 PostConfigReward:0.00 Time:56899
==RUN-6==
Signal: Info:LTE dBM:-88 level:4
STOKE: LOC: Got location 42.166078 -75.832151 with 2900.000000 accuracy
STOKE: LOC: Got location 42.166078 -75.832151 with 2900.000000 accuracy
Signal: Info:LTE dBM:-88 level:4
ETask 1: Configuration:0 Energy:3.40 Power:3.40 Reward:3.40 Time:5029
Signal: Info:LTE dBM:-87 level:4
ETask 2: Configuration:0 Energy:7.60 Power:7.60 Reward:7.60 Time:5015
STOKE: LOC: Got location 42.166078 -75.832151 with 2900.000000 accuracy
Signal: Info:LTE dBM:-87 level:4
ETask 3: Configuration:0 Energy:9.90 Power:9.90 Reward:9.90 Time:5027
Signal: Info:LTE dBM:-85 level:4
ETask 4: Configuration:0 Energy:0.00 Power:0.00 Reward:0.00 Time:5029
STOKE: LOC: Got location 42.166078 -75.832151 with 2900.000000 accuracy
Signal: Info:LTE dBM:-84 level:4
ETask 5: Configuration:0 Energy:0.90 Power:0.90 Reward:0.90 Time:5034
Signal: Info:LTE dBM:-86 level:4
ETask 6: Configuration:0 Energy:0.00 Power:0.00 Reward:0.00 Time:5031
STOKE: LOC: Got location 42.166078 -75.832151 with 2900.000000 accuracy
Signal: Info:LTE dBM:-86 level:4
ETask 7: Configuration:0 Energy:0.80 Power:0.80 Reward:0.80 Time:5032
Signal: Info:LTE dBM:-86 level:4
ETask 8: Configuration:0 Energy:0.00 Power:0.00 Reward:0.00 Time:5029
STOKE: LOC: Got location 42.161934 -75.813628 with 3000.000000 accuracy
Signal: Info:LTE dBM:-97 level:3
ETask 9: Configuration:0 Energy:0.90 Power:0.90 Reward:0.90 Time:5036
Signal: Info:LTE dBM:-93 level:4
ETask 10: Configuration:0 Energy:0.00 Power:0.00 Reward:0.00 Time:5028
STOKE: LOC: Got location 42.166078 -75.832151 with 2900.000000 accuracy
Signal: Info:LTE dBM:-86 level:4
ETask 11: Configuration:0 Energy:0.90 Power:0.90 Reward:0.90 Time:5033
ERun: Reward:24.40 PostConfigReward:0.00 Time:57103
==RUN-7==
Signal: Info:LTE dBM:-106 level:2
STOKE: LOC: Got location 42.166078 -75.832151 with 2900.000000 accuracy
STOKE: LOC: Got location 42.166078 -75.832151 with 2900.000000 accuracy
Signal: Info:LTE dBM:-106 level:2
ETask 1: Configuration:0 Energy:3.90 Power:3.90 Reward:3.90 Time:5052
Signal: Info:LTE dBM:-107 level:2
ETask 2: Configuration:0 Energy:7.90 Power:7.90 Reward:7.90 Time:5014
STOKE: LOC: Got location 42.166078 -75.832151 with 2900.000000 accuracy
Signal: Info:LTE dBM:-113 level:2
ETask 3: Configuration:0 Energy:9.80 Power:9.80 Reward:9.80 Time:5028
Signal: Info:LTE dBM:-114 level:2
ETask 4: Configuration:0 Energy:0.00 Power:0.00 Reward:0.00 Time:5033
STOKE: LOC: Got location 42.166078 -75.832151 with 2900.000000 accuracy
Signal: Info:LTE dBM:-113 level:2
ETask 5: Configuration:0 Energy:0.80 Power:0.80 Reward:0.80 Time:5027
Signal: Info:LTE dBM:-114 level:2
ETask 6: Configuration:0 Energy:0.00 Power:0.00 Reward:0.00 Time:5034
STOKE: LOC: Got location 42.166078 -75.832151 with 2900.000000 accuracy
Signal: Info:LTE dBM:-117 level:1
ETask 7: Configuration:0 Energy:0.60 Power:0.60 Reward:0.60 Time:5027
Signal: Info:LTE dBM:-111 level:2
ETask 8: Configuration:0 Energy:0.00 Power:0.00 Reward:0.00 Time:5033
STOKE: LOC: Got location 42.166078 -75.832151 with 2900.000000 accuracy
Signal: Info:LTE dBM:-113 level:2
ETask 9: Configuration:0 Energy:0.60 Power:0.60 Reward:0.60 Time:5032
Signal: Info:LTE dBM:-118 level:1
ETask 10: Configuration:0 Energy:0.00 Power:0.00 Reward:0.00 Time:5031
STOKE: LOC: Got location 42.166078 -75.832151 with 2900.000000 accuracy
Signal: Info:LTE dBM:-120 level:1
ETask 11: Configuration:0 Energy:0.80 Power:0.80 Reward:0.80 Time:5042
ERun: Reward:24.40 PostConfigReward:0.00 Time:56870
==RUN-8==
Signal: Info:LTE dBM:-102 level:3
STOKE: LOC: Got location 42.162358 -75.768944 with 2900.000000 accuracy
STOKE: LOC: Got location 42.162358 -75.768944 with 2900.000000 accuracy
Signal: Info:LTE dBM:-101 level:3
ETask 1: Configuration:0 Energy:4.90 Power:4.90 Reward:4.90 Time:5030
Signal: Info:LTE dBM:-100 level:3
ETask 2: Configuration:0 Energy:8.80 Power:8.80 Reward:8.80 Time:5015
STOKE: LOC: Got location 42.162358 -75.768944 with 2900.000000 accuracy
Signal: Info:LTE dBM:-100 level:3
ETask 3: Configuration:0 Energy:9.80 Power:9.80 Reward:9.80 Time:5029
Signal: Info:LTE dBM:-96 level:3
ETask 4: Configuration:0 Energy:0.00 Power:0.00 Reward:0.00 Time:5034
STOKE: LOC: Got location 42.162358 -75.768944 with 2900.000000 accuracy
Signal: Info:LTE dBM:-99 level:3
ETask 5: Configuration:0 Energy:0.50 Power:0.50 Reward:0.50 Time:5028
Signal: Info:LTE dBM:-105 level:3
ETask 6: Configuration:0 Energy:0.00 Power:0.00 Reward:0.00 Time:5035
STOKE: LOC: Got location 42.162358 -75.768944 with 2900.000000 accuracy
Signal: Info:LTE dBM:-105 level:3
ETask 7: Configuration:0 Energy:0.40 Power:0.40 Reward:0.40 Time:5029
Signal: Info:LTE dBM:-108 level:2
ETask 8: Configuration:0 Energy:0.00 Power:0.00 Reward:0.00 Time:5028
STOKE: LOC: Got location 42.162358 -75.768944 with 2900.000000 accuracy
Signal: Info:LTE dBM:-107 level:2
ETask 9: Configuration:0 Energy:1.00 Power:1.00 Reward:1.00 Time:5030
Signal: Info:LTE dBM:-109 level:2
ETask 10: Configuration:0 Energy:0.00 Power:0.00 Reward:0.00 Time:5035
STOKE: LOC: Got location 42.172893 -75.749323 with 2299.999023 accuracy
Signal: Info:LTE dBM:-110 level:2
ETask 11: Configuration:0 Energy:0.70 Power:0.70 Reward:0.70 Time:5036
ERun: Reward:26.10 PostConfigReward:0.00 Time:57042
==RUN-9==
Signal: Info:LTE dBM:-92 level:4
STOKE: LOC: Got location 42.172893 -75.749323 with 2299.999023 accuracy
STOKE: LOC: Got location 42.172893 -75.749323 with 2299.999023 accuracy
Signal: Info:LTE dBM:-91 level:4
ETask 1: Configuration:0 Energy:4.40 Power:4.40 Reward:4.40 Time:5035
Signal: Info:LTE dBM:-91 level:4
ETask 2: Configuration:0 Energy:8.40 Power:8.40 Reward:8.40 Time:5018
STOKE: LOC: Got location 42.172893 -75.749323 with 2299.999023 accuracy
Signal: Info:LTE dBM:-90 level:4
ETask 3: Configuration:0 Energy:9.10 Power:9.10 Reward:9.10 Time:5028
Signal: Info:LTE dBM:-92 level:4
ETask 4: Configuration:0 Energy:0.00 Power:0.00 Reward:0.00 Time:5031
STOKE: LOC: Got location 42.172893 -75.749323 with 2299.999023 accuracy
Signal: Info:LTE dBM:-90 level:4
ETask 5: Configuration:0 Energy:0.80 Power:0.80 Reward:0.80 Time:5030
Signal: Info:LTE dBM:-90 level:4
ETask 6: Configuration:0 Energy:0.00 Power:0.00 Reward:0.00 Time:5034
STOKE: LOC: Got location 42.174150 -75.749686 with 3000.000000 accuracy
Signal: Info:LTE dBM:-91 level:4
ETask 7: Configuration:0 Energy:0.50 Power:0.50 Reward:0.50 Time:5024
Signal: Info:LTE dBM:-92 level:4
ETask 8: Configuration:0 Energy:0.00 Power:0.00 Reward:0.00 Time:5030
STOKE: LOC: Got location 42.174150 -75.749686 with 3000.000000 accuracy
Signal: Info:LTE dBM:-92 level:4
ETask 9: Configuration:0 Energy:0.40 Power:0.40 Reward:0.40 Time:5033
Signal: Info:LTE dBM:-98 level:3
ETask 10: Configuration:0 Energy:0.00 Power:0.00 Reward:0.00 Time:5028
STOKE: LOC: Got location 42.174150 -75.749686 with 3000.000000 accuracy
Signal: Info:LTE dBM:-93 level:4
ETask 11: Configuration:0 Energy:0.40 Power:0.40 Reward:0.40 Time:5030
ERun: Reward:24.00 PostConfigReward:0.00 Time:57101
