==RUN 0==
Bandit Runs:1 Tasks-in-Run:60
Self-Optimizer Rounds:0 Tasks-in-Round:0
Continuous Knob Rounds:Inf Tasks-in-Round:0
STOKE: Start Bat: 1.000000
ETask 1-1: Configuration:0 Energy:58.009807579412005 Reward:-1.4190058754752073 Raw:21.419005875475207 Time:32518 TotalReward:58.009807579412005
ETask 2-2: Configuration:0 Energy:50.304326420048994 Reward:1.4260948602896022 Raw:18.573905139710398 Time:32517 TotalReward:108.314133999461
ETask 3-3: Configuration:0 Energy:36.688389652511994 Reward:6.453517666764803 Raw:13.546482333235197 Time:32509 TotalReward:145.002523651973
ETask 4-4: Configuration:1 Energy:77.42265739981498 Reward:-8.586827347623995 Raw:28.586827347623995 Time:32532 TotalReward:222.425181051788
ETask 5-5: Configuration:1 Energy:105.71757145209001 Reward:-19.034180228464002 Raw:39.034180228464 Time:32511 TotalReward:328.142752503878
ETask 6-6: Configuration:1 Energy:40.918728204287994 Reward:4.891546509185972 Raw:15.108453490814028 Time:32513 TotalReward:369.061480708166
ETask 7-7: Configuration:2 Energy:74.69900610188799 Reward:-7.581171483774028 Raw:27.58117148377403 Time:32533 TotalReward:443.760486810054
ETask 8-8: Configuration:2 Energy:91.1965823208 Reward:-13.672584241526152 Raw:33.67258424152615 Time:32505 TotalReward:534.9570691308539
ETask 9-9: Configuration:2 Energy:53.281001034144 Reward:0.3270150027776033 Raw:19.672984997222397 Time:32504 TotalReward:588.2380701649979
ETask 10-10: Configuration:3 Energy:65.14973994444298 Reward:-4.055288594871254 Raw:24.055288594871254 Time:32537 TotalReward:653.3878101094409
ETask 11-11: Configuration:3 Energy:99.36876337891199 Reward:-16.690004939905975 Raw:36.690004939905975 Time:32502 TotalReward:752.756573488353
ETask 12-12: Configuration:3 Energy:104.25400424563499 Reward:-18.493786183003685 Raw:38.493786183003685 Time:32504 TotalReward:857.0105777339879
ETask 13-13: Configuration:4 Energy:88.03239398292 Reward:-12.504268547539688 Raw:32.50426854753969 Time:32534 TotalReward:945.0429717169079
ETask 14-14: Configuration:4 Energy:88.078626464094 Reward:-12.521339002127021 Raw:32.52133900212702 Time:32504 TotalReward:1033.121598181002
ETask 15-15: Configuration:4 Energy:87.348015308457 Reward:-12.251574883122586 Raw:32.251574883122586 Time:32502 TotalReward:1120.4696134894589
ETask 16-16: Configuration:5 Energy:33.903704834775006 Reward:7.481708984083076 Raw:12.518291015916924 Time:32541 TotalReward:1154.3733183242339
ETask 17-17: Configuration:5 Energy:34.631213857793995 Reward:7.213090267891447 Raw:12.786909732108553 Time:32529 TotalReward:1189.0045321820278
ETask 18-18: Configuration:5 Energy:34.12181640805199 Reward:7.401175480103882 Raw:12.598824519896118 Time:32514 TotalReward:1223.1263485900797
ETask 19-19: Configuration:6 Energy:37.79134230142799 Reward:6.046273611780435 Raw:13.953726388219565 Time:32557 TotalReward:1260.9176908915076
ETask 20-20: Configuration:6 Energy:99.22729152789 Reward:-16.63776917952862 Raw:36.63776917952862 Time:32505 TotalReward:1360.1449824193976
ETask 21-21: Configuration:6 Energy:36.3711123342 Reward:6.570666215064614 Raw:13.429333784935386 Time:32519 TotalReward:1396.5160947535976
ETask 22-22: Configuration:7 Energy:39.98737720755 Reward:5.235429954135386 Raw:14.764570045864614 Time:32535 TotalReward:1436.5034719611476
ETask 23-23: Configuration:7 Energy:36.818683385759996 Reward:6.405409211411692 Raw:13.594590788588308 Time:32506 TotalReward:1473.3221553469077
ETask 24-24: Configuration:7 Energy:41.02565387759999 Reward:4.852066260578464 Raw:15.147933739421536 Time:32515 TotalReward:1514.3478092245077
ETask 25-25: Configuration:8 Energy:39.612461610132 Reward:5.373860328566646 Raw:14.626139671433354 Time:32530 TotalReward:1553.9602708346397
ETask 26-26: Configuration:8 Energy:36.003244113465 Reward:6.706494481182153 Raw:13.293505518817847 Time:32515 TotalReward:1589.9635149481046
ETask 27-27: Configuration:8 Energy:34.91487163904601 Reward:7.108355087121472 Raw:12.891644912878528 Time:32518 TotalReward:1624.8783865871505
ETask 28-28: Configuration:9 Energy:81.1865267388 Reward:-9.97656371894153 Raw:29.97656371894153 Time:32541 TotalReward:1706.0649133259506
ETask 29-29: Configuration:9 Energy:79.4933631828 Reward:-9.35139563672615 Raw:29.35139563672615 Time:32507 TotalReward:1785.5582765087506
ETask 30-30: Configuration:9 Energy:36.298871918399996 Reward:6.5973395993600015 Raw:13.402660400639999 Time:32512 TotalReward:1821.8571484271506
ETask 31-31: Configuration:10 Energy:45.096554811000004 Reward:3.348964377476925 Raw:16.651035622523075 Time:32555 TotalReward:1866.9537032381506
ETask 32-32: Configuration:10 Energy:33.648253254 Reward:7.576029567753848 Raw:12.423970432246152 Time:32534 TotalReward:1900.6019564921507
ETask 33-33: Configuration:10 Energy:33.98118444 Reward:7.453101129846154 Raw:12.546898870153846 Time:32509 TotalReward:1934.5831409321509
ETask 34-34: Configuration:11 Energy:30.3897647508 Reward:8.779163784319998 Raw:11.220836215680002 Time:32546 TotalReward:1964.9729056829508
ETask 35-35: Configuration:11 Energy:37.863477288000006 Reward:6.019639155199998 Raw:13.980360844800002 Time:32512 TotalReward:2002.8363829709508
ETask 36-36: Configuration:11 Energy:35.630181375599996 Reward:6.844240722855385 Raw:13.155759277144615 Time:32513 TotalReward:2038.4665643465507
ETask 37-37: Configuration:12 Energy:96.57319360500001 Reward:-15.657794561846153 Raw:35.65779456184615 Time:32538 TotalReward:2135.0397579515507
ETask 38-38: Configuration:12 Energy:49.36501224756899 Reward:1.7729185547437574 Raw:18.227081445256243 Time:32510 TotalReward:2184.40477019912
ETask 39-39: Configuration:12 Energy:49.425620833368 Reward:1.750539999987197 Raw:18.249460000012803 Time:32513 TotalReward:2233.830391032488
ETask 40-40: Configuration:13 Energy:53.268309328023 Reward:0.3317011711915079 Raw:19.668298828808492 Time:32531 TotalReward:2287.098700360511
ETask 41-41: Configuration:13 Energy:83.32839093801599 Reward:-10.767405884805907 Raw:30.767405884805907 Time:32507 TotalReward:2370.427091298527
ETask 42-42: Configuration:13 Energy:60.141393980810996 Reward:-2.206053162145597 Raw:22.206053162145597 Time:32503 TotalReward:2430.568485279338
ETask 43-43: Configuration:14 Energy:87.86813230493999 Reward:-12.443618081823992 Raw:32.44361808182399 Time:32536 TotalReward:2518.436617584278
ETask 44-44: Configuration:14 Energy:87.995926465155 Reward:-12.490803617903389 Raw:32.49080361790339 Time:32503 TotalReward:2606.432544049433
ETask 45-45: Configuration:14 Energy:80.9702796042 Reward:-9.896718623089235 Raw:29.896718623089235 Time:32503 TotalReward:2687.4028236536333
ETask 46-46: Configuration:15 Energy:34.78682664657201 Reward:7.155633238188798 Raw:12.844366761811202 Time:32547 TotalReward:2722.1896503002054
ETask 47-47: Configuration:15 Energy:39.76912059954 Reward:5.316017009400616 Raw:14.683982990599384 Time:32507 TotalReward:2761.9587708997456
ETask 48-48: Configuration:15 Energy:35.48066389035 Reward:6.8994471789476925 Raw:13.100552821052307 Time:32509 TotalReward:2797.4394347900957
ETask 49-49: Configuration:16 Energy:35.020094989628 Reward:7.069503388445046 Raw:12.930496611554954 Time:32532 TotalReward:2832.4595297797237
ETask 50-50: Configuration:16 Energy:81.32593134614399 Reward:-10.028036189345471 Raw:30.02803618934547 Time:32511 TotalReward:2913.7854611258676
ETask 51-51: Configuration:16 Energy:91.228078181952 Reward:-13.68421348256689 Raw:33.68421348256689 Time:32512 TotalReward:3005.0135393078194
ETask 52-52: Configuration:17 Energy:45.258082167298 Reward:3.2893235074591978 Raw:16.710676492540802 Time:32539 TotalReward:3050.2716214751176
ETask 53-53: Configuration:17 Energy:34.55545383398 Reward:7.2410631997612285 Raw:12.758936800238772 Time:32507 TotalReward:3084.827075309098
ETask 54-54: Configuration:17 Energy:78.373474900379 Reward:-8.937898424755314 Raw:28.937898424755314 Time:32503 TotalReward:3163.2005502094767
ETask 55-55: Configuration:18 Energy:82.668498546408 Reward:-10.523753309442952 Raw:30.523753309442952 Time:32541 TotalReward:3245.8690487558847
ETask 56-56: Configuration:18 Energy:35.32617354909299 Reward:6.95648976648874 Raw:13.04351023351126 Time:32502 TotalReward:3281.1952223049775
ETask 57-57: Configuration:18 Energy:35.691493523625 Reward:6.821602391276922 Raw:13.178397608723078 Time:32510 TotalReward:3316.8867158286025
ETask 58-58: Configuration:19 Energy:81.85700241985501 Reward:-10.224123970408002 Raw:30.224123970408 Time:32530 TotalReward:3398.7437182484573
ETask 59-59: Configuration:19 Energy:94.60796768136 Reward:-14.932172682348302 Raw:34.9321726823483 Time:32503 TotalReward:3493.3516859298174
ETask 60-60: Configuration:19 Energy:104.9998890501 Reward:-18.769189803113846 Raw:38.769189803113846 Time:32504 TotalReward:3598.3515749799176
ETask 61-61: Configuration:17 Energy:43.65613878624001 Reward:3.880810294311381 Raw:16.11918970568862 Time:32551 TotalReward:3642.0077137661574
ETask 62-62: Configuration:17 Energy:49.27117454064 Reward:1.807566323456001 Raw:18.192433676544 Time:32507 TotalReward:3691.2788883067974
ETask 63-63: Configuration:17 Energy:66.316281968475 Reward:-4.486011803744617 Raw:24.486011803744617 Time:32504 TotalReward:3757.5951702752723
ETask 64-64: Configuration:17 Energy:50.3430350376 Reward:1.4118024476553828 Raw:18.588197552344617 Time:32503 TotalReward:3807.9382053128725
ETask 65-65: Configuration:17 Energy:155.46687082099197 Reward:-37.4031523031355 Raw:57.4031523031355 Time:32503 TotalReward:3963.4050761338644
ETask 66-66: Configuration:17 Energy:50.121436113791994 Reward:1.4936235887537244 Raw:18.506376411246276 Time:32501 TotalReward:4013.5265122476562
ETask 67-67: Configuration:17 Energy:36.75786264259201 Reward:6.427866101196798 Raw:13.572133898803202 Time:32501 TotalReward:4050.2843748902483
ETask 68-68: Configuration:17 Energy:39.696386489088 Reward:5.342872680952123 Raw:14.657127319047877 Time:32507 TotalReward:4089.9807613793364
ETask 69-69: Configuration:17 Energy:39.773651032896 Reward:5.314344234007633 Raw:14.685655765992367 Time:32514 TotalReward:4129.754412412232
ETask 70-70: Configuration:17 Energy:44.22808917792 Reward:3.669628611229541 Raw:16.33037138877046 Time:32512 TotalReward:4173.982501590152
ETask 71-71: Configuration:17 Energy:34.713936891935994 Reward:7.182546378362096 Raw:12.817453621637904 Time:32515 TotalReward:4208.6964384820885
ETask 72-72: Configuration:17 Energy:36.711027993408 Reward:6.445158894741658 Raw:13.554841105258342 Time:32511 TotalReward:4245.407466475496
ETask 73-73: Configuration:17 Energy:85.989704985408 Reward:-11.75004491768911 Raw:31.75004491768911 Time:32507 TotalReward:4331.397171460904
ETask 74-74: Configuration:17 Energy:36.017426527199994 Reward:6.701257897649233 Raw:13.298742102350767 Time:32511 TotalReward:4367.414597988104
ETask 75-75: Configuration:17 Energy:34.689248298144 Reward:7.191662166839137 Raw:12.808337833160863 Time:32512 TotalReward:4402.103846286248
ETask 76-76: Configuration:17 Energy:38.36144203871999 Reward:5.835775247241848 Raw:14.164224752758152 Time:32509 TotalReward:4440.465288324968
ETask 77-77: Configuration:17 Energy:75.66093845913599 Reward:-7.93634650798867 Raw:27.93634650798867 Time:32511 TotalReward:4516.126226784104
ETask 78-78: Configuration:17 Energy:38.46869215199999 Reward:5.796175205415388 Raw:14.203824794584612 Time:32509 TotalReward:4554.594918936104
ETask 79-79: Configuration:17 Energy:34.870039895625 Reward:7.124908346230768 Raw:12.875091653769232 Time:32503 TotalReward:4589.464958831729
ETask 80-80: Configuration:17 Energy:35.39502784125 Reward:6.9310666432307695 Raw:13.06893335676923 Time:32508 TotalReward:4624.859986672979
ETask 81-81: Configuration:17 Energy:34.60360798124999 Reward:7.22328320692308 Raw:12.77671679307692 Time:32509 TotalReward:4659.463594654229
ETask 82-82: Configuration:17 Energy:84.21929991750001 Reward:-11.096356892615393 Raw:31.096356892615393 Time:32509 TotalReward:4743.68289457173
ETask 83-83: Configuration:17 Energy:37.80911308144499 Reward:6.039712093004926 Raw:13.960287906995074 Time:32505 TotalReward:4781.492007653174
ETask 84-84: Configuration:17 Energy:35.101344015185994 Reward:7.039503748239017 Raw:12.960496251760983 Time:32508 TotalReward:4816.593351668361
ETask 85-85: Configuration:17 Energy:81.343367291046 Reward:-10.034474076693904 Raw:30.034474076693904 Time:32506 TotalReward:4897.936718959407
ETask 86-86: Configuration:17 Energy:41.34788983751999 Reward:4.733086829223387 Raw:15.266913170776613 Time:32505 TotalReward:4939.2846087969265
ETask 87-87: Configuration:17 Energy:50.37833001225599 Reward:1.3987704570131712 Raw:18.60122954298683 Time:32503 TotalReward:4989.662938809182
ETask 88-88: Configuration:17 Energy:48.51954143510399 Reward:2.0850923931923724 Raw:17.914907606807628 Time:32502 TotalReward:5038.182480244286
ETask 89-89: Configuration:17 Energy:52.762494222336 Reward:0.5184636717528619 Raw:19.481536328247138 Time:32504 TotalReward:5090.944974466622
ETask 90-90: Configuration:17 Energy:96.724063223808 Reward:-15.713500267252186 Raw:35.713500267252186 Time:32503 TotalReward:5187.66903769043
ETask 91-91: Configuration:17 Energy:38.973515268096 Reward:5.609778977933786 Raw:14.390221022066214 Time:32513 TotalReward:5226.642552958526
ETask 92-92: Configuration:17 Energy:41.87200998604799 Reward:4.539565543613051 Raw:15.460434456386949 Time:32507 TotalReward:5268.514562944574
ETask 93-93: Configuration:17 Energy:37.507836518400005 Reward:6.150952670129229 Raw:13.849047329870771 Time:32515 TotalReward:5306.022399462974
ETask 94-94: Configuration:17 Energy:35.25439372083199 Reward:6.982993087692803 Raw:13.017006912307197 Time:32512 TotalReward:5341.276793183806
ETask 95-95: Configuration:17 Energy:73.65516608307199 Reward:-7.195753630672733 Raw:27.195753630672733 Time:32513 TotalReward:5414.931959266878
ETask 96-96: Configuration:17 Energy:34.780025606143994 Reward:7.158144391577604 Raw:12.841855608422396 Time:32512 TotalReward:5449.711984873022
ETask 97-97: Configuration:17 Energy:34.67083956223999 Reward:7.198459238557543 Raw:12.801540761442457 Time:32512 TotalReward:5484.382824435262
ETask 98-98: Configuration:17 Energy:55.538045337599996 Reward:-0.5063552015753814 Raw:20.50635520157538 Time:32513 TotalReward:5539.920869772862
ETask 99-99: Configuration:17 Energy:82.14256402432001 Reward:-10.329562101287387 Raw:30.329562101287387 Time:32510 TotalReward:5622.0634337971815
ETask 100-100: Configuration:17 Energy:39.73911003135999 Reward:5.32709783457477 Raw:14.67290216542523 Time:32510 TotalReward:5661.802543828541
ETask 101-101: Configuration:17 Energy:57.278733434879996 Reward:-1.1490708067249216 Raw:21.14907080672492 Time:32508 TotalReward:5719.081277263422
ETask 102-102: Configuration:17 Energy:35.282539027548005 Reward:6.972600974443813 Raw:13.027399025556187 Time:32509 TotalReward:5754.36381629097
ETask 103-103: Configuration:17 Energy:74.64479811432001 Reward:-7.561156226825851 Raw:27.56115622682585 Time:32506 TotalReward:5829.00861440529
ETask 104-104: Configuration:17 Energy:38.46530642054001 Reward:5.797425321646767 Raw:14.202574678353233 Time:32510 TotalReward:5867.473920825831
ETask 105-105: Configuration:17 Energy:34.84879080685601 Reward:7.132754163622398 Raw:12.867245836377602 Time:32505 TotalReward:5902.322711632687
ETask 106-106: Configuration:17 Energy:39.17019590024001 Reward:5.537158436834458 Raw:14.462841563165542 Time:32509 TotalReward:5941.492907532927
ETask 107-107: Configuration:17 Energy:59.087596830372 Reward:-1.8169588296758157 Raw:21.816958829675816 Time:32506 TotalReward:6000.580504363299
ETask 108-108: Configuration:17 Energy:57.326514462072 Reward:-1.1667130321496622 Raw:21.166713032149662 Time:32507 TotalReward:6057.907018825371
ETask 109-109: Configuration:17 Energy:34.95643127814001 Reward:7.093009989609843 Raw:12.906990010390157 Time:32505 TotalReward:6092.863450103511
ETask 110-110: Configuration:17 Energy:34.854145733376 Reward:7.130776959984246 Raw:12.869223040015754 Time:32506 TotalReward:6127.717595836887
ETask 111-111: Configuration:17 Energy:52.341971999616 Reward:0.6737334155263994 Raw:19.3262665844736 Time:32503 TotalReward:6180.059567836503
ETask 112-112: Configuration:17 Energy:94.259192593059 Reward:-14.803394188206404 Raw:34.803394188206404 Time:32505 TotalReward:6274.318760429563
ETask 113-113: Configuration:17 Energy:73.945509825564 Reward:-7.3029574740543985 Raw:27.3029574740544 Time:32502 TotalReward:6348.264270255127
ETask 114-114: Configuration:17 Energy:50.633396168732986 Reward:1.3045921838524386 Raw:18.69540781614756 Time:32503 TotalReward:6398.89766642386
ETask 115-115: Configuration:17 Energy:49.936350055179 Reward:1.5619630565492955 Raw:18.438036943450705 Time:32504 TotalReward:6448.834016479039
ETask 116-116: Configuration:17 Energy:35.090346870366005 Reward:7.043564232480245 Raw:12.956435767519755 Time:32512 TotalReward:6483.924363349405
ETask 117-117: Configuration:17 Energy:37.203590299382995 Reward:6.2632897356124335 Raw:13.736710264387566 Time:32513 TotalReward:6521.127953648788
ETask 118-118: Configuration:17 Energy:39.49406324985599 Reward:5.417576646207019 Raw:14.582423353792981 Time:32512 TotalReward:6560.622016898644
ETask 119-119: Configuration:17 Energy:38.298368394492 Reward:5.859063977418339 Raw:14.140936022581661 Time:32508 TotalReward:6598.920385293136
ETask 120-120: Configuration:17 Energy:76.67965835451999 Reward:-8.312489238591994 Raw:28.312489238591994 Time:32512 TotalReward:6675.600043647656
ETask 121-121: Configuration:17 Energy:43.594649277946 Reward:3.903514112758401 Raw:16.0964858872416 Time:32506 TotalReward:6719.194692925602
ERun: Time:3938491
==END-RUN 0==
==ROUND-END==
STOKE: Config: 0 - Knobs: {interval:10000 priority:104 sensor-configuration:1 batch:5 }  | -- on:3 reward:2.1535
STOKE: Config: 1 - Knobs: {interval:7750 priority:104 sensor-configuration:1 batch:5 }  | -- on:3 reward:-7.5765
STOKE: Config: 2 - Knobs: {interval:5500 priority:104 sensor-configuration:1 batch:5 }  | -- on:3 reward:-6.9756
STOKE: Config: 3 - Knobs: {interval:3500 priority:104 sensor-configuration:1 batch:5 }  | -- on:3 reward:-13.0797
STOKE: Config: 4 - Knobs: {interval:1000 priority:104 sensor-configuration:1 batch:5 }  | -- on:3 reward:-12.4257
STOKE: Config: 5 - Knobs: {interval:10000 priority:100 sensor-configuration:1 batch:5 }  | -- on:3 reward:7.3653
STOKE: Config: 6 - Knobs: {interval:7750 priority:100 sensor-configuration:1 batch:5 }  | -- on:3 reward:-1.3403
STOKE: Config: 7 - Knobs: {interval:5500 priority:100 sensor-configuration:1 batch:5 }  | -- on:3 reward:5.4976
STOKE: Config: 8 - Knobs: {interval:3500 priority:100 sensor-configuration:1 batch:5 }  | -- on:3 reward:6.3962
STOKE: Config: 9 - Knobs: {interval:1000 priority:100 sensor-configuration:1 batch:5 }  | -- on:3 reward:-4.2435
STOKE: Config: 10 - Knobs: {interval:10000 priority:104 sensor-configuration:1 batch:1 }  | -- on:3 reward:6.1260
STOKE: Config: 11 - Knobs: {interval:7750 priority:104 sensor-configuration:1 batch:1 }  | -- on:3 reward:7.2143
STOKE: Config: 12 - Knobs: {interval:5500 priority:104 sensor-configuration:1 batch:1 }  | -- on:3 reward:-4.0448
STOKE: Config: 13 - Knobs: {interval:3500 priority:104 sensor-configuration:1 batch:1 }  | -- on:3 reward:-4.2139
STOKE: Config: 14 - Knobs: {interval:1000 priority:104 sensor-configuration:1 batch:1 }  | -- on:3 reward:-11.6104
STOKE: Config: 15 - Knobs: {interval:10000 priority:100 sensor-configuration:1 batch:1 }  | -- on:3 reward:6.4570
STOKE: Config: 16 - Knobs: {interval:7750 priority:100 sensor-configuration:1 batch:1 }  | -- on:3 reward:-5.5476
STOKE: Config: 17 - Knobs: {interval:5500 priority:100 sensor-configuration:1 batch:1 }  | -- on:3 reward:0.5308
STOKE: Config: 18 - Knobs: {interval:3500 priority:100 sensor-configuration:1 batch:1 }  | -- on:3 reward:1.0848
STOKE: Config: 19 - Knobs: {interval:1000 priority:100 sensor-configuration:1 batch:1 }  | -- on:3 reward:-14.6418
