STOKE: Range:9000 Partition:2250 Middle:5500
==RUN 0==
==ROUND-START==
Bandit Runs:1 Tasks-in-Run:10
Self-Optimizer Rounds:0 Tasks-in-Round:0
Continuous Knob Rounds:Inf Tasks-in-Round:0
STOKE: Start Bat: 0.760000
MAPSME_GPS_RATE: 10000
MAPSME_GPS_PRIORITY: High Accuracy
MAPSME_GPS_BATCH: 1x

MAPSME_GPS_RATE: 10000
MAPSME_GPS_PRIORITY: High Accuracy
MAPSME_GPS_BATCH: 1x

MAPSME_GPS_RATE: 10000
MAPSME_GPS_PRIORITY: High Accuracy
MAPSME_GPS_BATCH: 1x

MAPSME_GPS_RATE: 10000
MAPSME_GPS_PRIORITY: High Accuracy
MAPSME_GPS_BATCH: 1x

ETask 1: Configuration:0 Energy:0.0 Power:0.0 Reward:40.92469850733799 Time:32507 TotalReward:40.92469850733799
ETask 2: Configuration:1 Energy:0.0 Power:0.0 Reward:82.82770721489999 Time:32610 TotalReward:123.75240572223798
ETask 3: Configuration:2 Energy:0.0 Power:0.0 Reward:60.994306408728 Time:32542 TotalReward:184.746712130966
ETask 4: Configuration:3 Energy:0.0 Power:0.0 Reward:72.53518044326398 Time:32532 TotalReward:257.28189257422997
ETask 5: Configuration:4 Energy:0.0 Power:0.0 Reward:73.367351641584 Time:32538 TotalReward:330.64924421581395
ETask 6: Configuration:3 Energy:0.0 Power:0.0 Reward:71.43109904076299 Time:32553 TotalReward:402.08034325657695
ETask 7: Configuration:3 Energy:0.0 Power:0.0 Reward:237.92975124764996 Time:32507 TotalReward:640.0100945042269
ETask 8: Configuration:4 Energy:0.0 Power:0.0 Reward:95.62132855090199 Time:32534 TotalReward:735.631423055129
ETask 9: Configuration:2 Energy:0.0 Power:0.0 Reward:40.64353368192 Time:32537 TotalReward:776.2749567370489
ETask 10: Configuration:1 Energy:0.0 Power:0.0 Reward:76.33141814664 Time:32540 TotalReward:852.6063748836889
ETask 11: Configuration:1 Energy:0.0 Power:0.0 Reward:37.566127932795 Time:32505 TotalReward:890.1725028164839
ETask 12: Configuration:1 Energy:0.0 Power:0.0 Reward:83.157375916134 Time:32509 TotalReward:973.3298787326179
ETask 13: Configuration:1 Energy:0.0 Power:0.0 Reward:94.37078892906 Time:32510 TotalReward:1067.700667661678
ETask 14: Configuration:2 Energy:0.0 Power:0.0 Reward:52.087748727014 Time:32539 TotalReward:1119.788416388692
ETask 15: Configuration:1 Energy:0.0 Power:0.0 Reward:96.502339848222 Time:32538 TotalReward:1216.290756236914
ETask 16: Configuration:1 Energy:0.0 Power:0.0 Reward:37.45144824498001 Time:32505 TotalReward:1253.7422044818939
ETask 17: Configuration:1 Energy:0.0 Power:0.0 Reward:90.140984393082 Time:32509 TotalReward:1343.8831888749758
ETask 18: Configuration:1 Energy:0.0 Power:0.0 Reward:43.930836744704 Time:32512 TotalReward:1387.8140256196798
ETask 19: Configuration:3 Energy:0.0 Power:0.0 Reward:37.790995204704004 Time:32528 TotalReward:1425.6050208243837
ETask 20: Configuration:1 Energy:0.0 Power:0.0 Reward:41.231241860676 Time:32557 TotalReward:1466.8362626850596
ETask 21: Configuration:1 Energy:0.0 Power:0.0 Reward:40.86778564182199 Time:32507 TotalReward:1507.7040483268815
ETask 22: Configuration:1 Energy:0.0 Power:0.0 Reward:40.614670407024 Time:32508 TotalReward:1548.3187187339056
ETask 23: Configuration:1 Energy:0.0 Power:0.0 Reward:37.789205783208 Time:32519 TotalReward:1586.1079245171136
ETask 24: Configuration:1 Energy:0.0 Power:0.0 Reward:43.375746759848 Time:32509 TotalReward:1629.4836712769616
ETask 25: Configuration:4 Energy:0.0 Power:0.0 Reward:76.03420425611999 Time:32538 TotalReward:1705.5178755330815
ETask 26: Configuration:1 Energy:0.0 Power:0.0 Reward:35.872068342384 Time:32556 TotalReward:1741.3899438754654
ETask 27: Configuration:1 Energy:0.0 Power:0.0 Reward:37.249197691722 Time:32509 TotalReward:1778.6391415671874
ETask 28: Configuration:4 Energy:0.0 Power:0.0 Reward:77.74103635571001 Time:32539 TotalReward:1856.3801779228975
ETask 29: Configuration:4 Energy:0.0 Power:0.0 Reward:71.533422538851 Time:32509 TotalReward:1927.9136004617485
ETask 30: Configuration:0 Energy:0.0 Power:0.0 Reward:36.839465366729996 Time:32554 TotalReward:1964.7530658284786
ETask 31: Configuration:4 Energy:0.0 Power:0.0 Reward:79.627591358822 Time:32531 TotalReward:2044.3806571873006
ETask 32: Configuration:4 Energy:0.0 Power:0.0 Reward:87.490236834858 Time:32506 TotalReward:2131.8708940221586
ETask 33: Configuration:4 Energy:0.0 Power:0.0 Reward:84.962989699776 Time:32506 TotalReward:2216.8338837219344
ETask 34: Configuration:4 Energy:0.0 Power:0.0 Reward:99.96306891380999 Time:32510 TotalReward:2316.796952635744
ETask 35: Configuration:1 Energy:0.0 Power:0.0 Reward:90.43956114849 Time:32559 TotalReward:2407.2365137842344
ETask 36: Configuration:1 Energy:0.0 Power:0.0 Reward:67.85877620667598 Time:32506 TotalReward:2475.0952899909103
ETask 37: Configuration:1 Energy:0.0 Power:0.0 Reward:37.500694628544004 Time:32508 TotalReward:2512.595984619454
ETask 38: Configuration:1 Energy:0.0 Power:0.0 Reward:37.92621450491999 Time:32510 TotalReward:2550.5221991243743
ETask 39: Configuration:1 Energy:0.0 Power:0.0 Reward:69.98500599660001 Time:32520 TotalReward:2620.5072051209745
ETask 40: Configuration:1 Energy:0.0 Power:0.0 Reward:38.525038792602 Time:32521 TotalReward:2659.0322439135766
ETask 41: Configuration:1 Energy:0.0 Power:0.0 Reward:67.59878830716602 Time:32514 TotalReward:2726.631032220743
ETask 42: Configuration:1 Energy:0.0 Power:0.0 Reward:65.55631276789201 Time:32514 TotalReward:2792.187344988635
ETask 43: Configuration:1 Energy:0.0 Power:0.0 Reward:67.45433225241 Time:32510 TotalReward:2859.641677241045
ETask 44: Configuration:1 Energy:0.0 Power:0.0 Reward:41.28663327588001 Time:32520 TotalReward:2900.9283105169247
ETask 45: Configuration:1 Energy:0.0 Power:0.0 Reward:42.539510394117 Time:32511 TotalReward:2943.4678209110416
ETask 46: Configuration:1 Energy:0.0 Power:0.0 Reward:43.16595673446001 Time:32514 TotalReward:2986.6337776455016
ETask 47: Configuration:4 Energy:0.0 Power:0.0 Reward:78.647742023598 Time:32538 TotalReward:3065.2815196690995
ETask 48: Configuration:4 Energy:0.0 Power:0.0 Reward:85.385569132738 Time:32507 TotalReward:3150.6670888018375
ETask 49: Configuration:4 Energy:0.0 Power:0.0 Reward:71.546277572721 Time:32509 TotalReward:3222.2133663745585
ETask 50: Configuration:4 Energy:0.0 Power:0.0 Reward:70.827055891515 Time:32505 TotalReward:3293.0404222660736
ETask 51: Configuration:4 Energy:0.0 Power:0.0 Reward:84.973896859866 Time:32511 TotalReward:3378.0143191259394
ETask 52: Configuration:4 Energy:0.0 Power:0.0 Reward:97.719243549184 Time:32512 TotalReward:3475.7335626751233
ETask 53: Configuration:4 Energy:0.0 Power:0.0 Reward:86.16949097425201 Time:32508 TotalReward:3561.903053649375
ETask 54: Configuration:4 Energy:0.0 Power:0.0 Reward:79.899657078852 Time:32514 TotalReward:3641.8027107282273
ETask 55: Configuration:4 Energy:0.0 Power:0.0 Reward:72.10411223400001 Time:32505 TotalReward:3713.906822962227
ETask 56: Configuration:4 Energy:0.0 Power:0.0 Reward:71.57389959719998 Time:32507 TotalReward:3785.4807225594272
ETask 57: Configuration:4 Energy:0.0 Power:0.0 Reward:77.8017263562 Time:32508 TotalReward:3863.2824489156274
ETask 58: Configuration:4 Energy:0.0 Power:0.0 Reward:71.3873095705 Time:32509 TotalReward:3934.669758486127
ETask 59: Configuration:4 Energy:0.0 Power:0.0 Reward:67.96673328060001 Time:32508 TotalReward:4002.636491766727
ETask 60: Configuration:4 Energy:0.0 Power:0.0 Reward:68.11942335660001 Time:32508 TotalReward:4070.755915123327
ETask 61: Configuration:4 Energy:0.0 Power:0.0 Reward:69.34169489940001 Time:32508 TotalReward:4140.097610022727
ETask 62: Configuration:4 Energy:0.0 Power:0.0 Reward:70.58013373340799 Time:32506 TotalReward:4210.677743756135
ETask 63: Configuration:4 Energy:0.0 Power:0.0 Reward:77.348517560496 Time:32511 TotalReward:4288.026261316631
ETask 64: Configuration:4 Energy:0.0 Power:0.0 Reward:69.11053253249598 Time:32506 TotalReward:4357.136793849127
ETask 65: Configuration:4 Energy:0.0 Power:0.0 Reward:68.21763360048 Time:32508 TotalReward:4425.354427449607
ETask 66: Configuration:4 Energy:0.0 Power:0.0 Reward:69.70431982519199 Time:32507 TotalReward:4495.058747274799
ETask 67: Configuration:4 Energy:0.0 Power:0.0 Reward:80.21185964376001 Time:32511 TotalReward:4575.27060691856
ETask 68: Configuration:4 Energy:0.0 Power:0.0 Reward:84.53902951215001 Time:32506 TotalReward:4659.809636430709
ETask 69: Configuration:4 Energy:0.0 Power:0.0 Reward:86.00513803560001 Time:32508 TotalReward:4745.814774466309
ETask 70: Configuration:4 Energy:0.0 Power:0.0 Reward:83.97186705 Time:32510 TotalReward:4829.786641516309
ETask 71: Configuration:4 Energy:0.0 Power:0.0 Reward:85.64035421872802 Time:32511 TotalReward:4915.426995735037
ETask 72: Configuration:4 Energy:0.0 Power:0.0 Reward:69.162492369024 Time:32507 TotalReward:4984.589488104061
ETask 73: Configuration:4 Energy:0.0 Power:0.0 Reward:71.225637283008 Time:32507 TotalReward:5055.815125387069
ETask 74: Configuration:4 Energy:0.0 Power:0.0 Reward:72.115300301472 Time:32507 TotalReward:5127.930425688542
ETask 75: Configuration:4 Energy:0.0 Power:0.0 Reward:107.86355201916001 Time:32508 TotalReward:5235.793977707702
ETask 76: Configuration:4 Energy:0.0 Power:0.0 Reward:74.958855724872 Time:32508 TotalReward:5310.752833432573
ETask 77: Configuration:4 Energy:0.0 Power:0.0 Reward:71.847754287468 Time:32506 TotalReward:5382.600587720041
ETask 78: Configuration:4 Energy:0.0 Power:0.0 Reward:70.896324755208 Time:32504 TotalReward:5453.49691247525
ETask 79: Configuration:4 Energy:0.0 Power:0.0 Reward:74.476189882272 Time:32504 TotalReward:5527.973102357521
ETask 80: Configuration:3 Energy:0.0 Power:0.0 Reward:86.913295808157 Time:32551 TotalReward:5614.886398165679
ETask 81: Configuration:4 Energy:0.0 Power:0.0 Reward:71.44734409248001 Time:32530 TotalReward:5686.333742258159
ETask 82: Configuration:4 Energy:0.0 Power:0.0 Reward:91.228621578304 Time:32506 TotalReward:5777.562363836463
ETask 83: Configuration:4 Energy:0.0 Power:0.0 Reward:75.40064555496001 Time:32505 TotalReward:5852.963009391423
ETask 84: Configuration:4 Energy:0.0 Power:0.0 Reward:101.485829247672 Time:32509 TotalReward:5954.448838639095
ETask 85: Configuration:4 Energy:0.0 Power:0.0 Reward:97.71084353514001 Time:32505 TotalReward:6052.159682174235
ETask 86: Configuration:4 Energy:0.0 Power:0.0 Reward:87.86610483399998 Time:32504 TotalReward:6140.025787008235
ETask 87: Configuration:3 Energy:0.0 Power:0.0 Reward:143.86771484849996 Time:32534 TotalReward:6283.893501856735
ETask 88: Configuration:4 Energy:0.0 Power:0.0 Reward:93.735088123 Time:32533 TotalReward:6377.628589979736
ETask 89: Configuration:4 Energy:0.0 Power:0.0 Reward:81.3693702718 Time:32504 TotalReward:6458.997960251536
ETask 90: Configuration:4 Energy:0.0 Power:0.0 Reward:78.72700168709999 Time:32503 TotalReward:6537.724961938636
ETask 91: Configuration:4 Energy:0.0 Power:0.0 Reward:90.34313915479999 Time:32506 TotalReward:6628.068101093436
ETask 92: Configuration:4 Energy:0.0 Power:0.0 Reward:68.81803187094 Time:32505 TotalReward:6696.886132964376
ETask 93: Configuration:4 Energy:0.0 Power:0.0 Reward:96.63025801942399 Time:32506 TotalReward:6793.5163909838
ETask 94: Configuration:4 Energy:0.0 Power:0.0 Reward:76.00766984596801 Time:32508 TotalReward:6869.524060829768
ETask 95: Configuration:2 Energy:0.0 Power:0.0 Reward:33.08213211974999 Time:32550 TotalReward:6902.606192949518
ETask 96: Configuration:4 Energy:0.0 Power:0.0 Reward:67.07898264994 Time:32537 TotalReward:6969.6851755994585
ETask 97: Configuration:4 Energy:0.0 Power:0.0 Reward:67.65022831731198 Time:32504 TotalReward:7037.335403916771
ETask 98: Configuration:4 Energy:0.0 Power:0.0 Reward:79.05155388457499 Time:32507 TotalReward:7116.3869578013455
ETask 99: Configuration:4 Energy:0.0 Power:0.0 Reward:74.03446937919999 Time:32506 TotalReward:7190.421427180546
ETask 100: Configuration:4 Energy:0.0 Power:0.0 Reward:115.3700153266 Time:32504 TotalReward:7305.791442507146
ETask 101: Configuration:4 Energy:0.0 Power:0.0 Reward:68.20718507239998 Time:32504 TotalReward:7373.998627579545
ETask 102: Configuration:4 Energy:0.0 Power:0.0 Reward:86.2051074765 Time:32506 TotalReward:7460.203735056046
ETask 103: Configuration:4 Energy:0.0 Power:0.0 Reward:108.95135848162501 Time:32505 TotalReward:7569.155093537671
ETask 104: Configuration:4 Energy:0.0 Power:0.0 Reward:83.89553270716799 Time:32506 TotalReward:7653.050626244839
ETask 105: Configuration:4 Energy:0.0 Power:0.0 Reward:66.83831996452801 Time:32506 TotalReward:7719.888946209367
ETask 106: Configuration:4 Energy:0.0 Power:0.0 Reward:93.45666957883199 Time:32504 TotalReward:7813.345615788198
ETask 107: Configuration:4 Energy:0.0 Power:0.0 Reward:80.51596390554398 Time:32507 TotalReward:7893.861579693742
ETask 108: Configuration:4 Energy:0.0 Power:0.0 Reward:101.37768972710401 Time:32508 TotalReward:7995.239269420846
ETask 109: Configuration:4 Energy:0.0 Power:0.0 Reward:80.978156133984 Time:32506 TotalReward:8076.21742555483
ETask 110: Configuration:4 Energy:0.0 Power:0.0 Reward:101.690277968496 Time:32503 TotalReward:8177.907703523326
ETask 111: Configuration:4 Energy:0.0 Power:0.0 Reward:67.0462744248 Time:32505 TotalReward:8244.953977948126
ETask 112: Configuration:4 Energy:0.0 Power:0.0 Reward:67.04421177984 Time:32504 TotalReward:8311.998189727965
ETask 113: Configuration:4 Energy:0.0 Power:0.0 Reward:95.617589454372 Time:32503 TotalReward:8407.615779182337
ETask 114: Configuration:4 Energy:0.0 Power:0.0 Reward:67.350630676896 Time:32508 TotalReward:8474.966409859233
ETask 115: Configuration:4 Energy:0.0 Power:0.0 Reward:69.269555031264 Time:32508 TotalReward:8544.235964890497
ETask 116: Configuration:4 Energy:0.0 Power:0.0 Reward:81.549833888892 Time:32509 TotalReward:8625.785798779389
ETask 117: Configuration:4 Energy:0.0 Power:0.0 Reward:80.79926052615 Time:32510 TotalReward:8706.585059305538
Hit safety!
ERROR: We got 'done' signal before finishing experiment!
ERun: Time:3806583
==END-RUN 0==
STOKE: Config: 0 - Knobs: {interval:10000 priority:100 sensor-configuration:1 batch:1 }  | -- on:2 joules:38.88 reward:0.9128
STOKE: Config: 1 - Knobs: {interval:7750 priority:100 sensor-configuration:1 batch:1 }  | -- on:28 joules:56.75 reward:0.9629
STOKE: Config: 2 - Knobs: {interval:5500 priority:100 sensor-configuration:1 batch:1 }  | -- on:4 joules:46.70 reward:0.9347
STOKE: Config: 3 - Knobs: {interval:3250 priority:100 sensor-configuration:1 batch:1 }  | -- on:6 joules:108.41 reward:0.8924
STOKE: Config: 4 - Knobs: {interval:1000 priority:100 sensor-configuration:1 batch:1 }  | -- on:77 joules:80.55 reward:0.9704
STOKE: Range:9000 Partition:2250 Middle:5500
==RUN 1==
==ROUND-START==
Bandit Runs:1 Tasks-in-Run:10
Self-Optimizer Rounds:0 Tasks-in-Round:0
Continuous Knob Rounds:Inf Tasks-in-Round:0
STOKE: Start Bat: 0.710000
MAPSME_GPS_RATE: 10000
MAPSME_GPS_PRIORITY: High Accuracy
MAPSME_GPS_BATCH: 1x

MAPSME_GPS_RATE: 10000
MAPSME_GPS_PRIORITY: High Accuracy
MAPSME_GPS_BATCH: 1x

MAPSME_GPS_RATE: 10000
MAPSME_GPS_PRIORITY: High Accuracy
MAPSME_GPS_BATCH: 1x

MAPSME_GPS_RATE: 10000
MAPSME_GPS_PRIORITY: High Accuracy
MAPSME_GPS_BATCH: 1x

ETask 1: Configuration:0 Energy:0.0 Power:0.0 Reward:63.423701529000006 Time:32520 TotalReward:63.423701529000006
ETask 2: Configuration:1 Energy:0.0 Power:0.0 Reward:39.61779259107001 Time:32658 TotalReward:103.04149412007001
ETask 3: Configuration:2 Energy:0.0 Power:0.0 Reward:39.387262915225 Time:32563 TotalReward:142.428757035295
ETask 4: Configuration:3 Energy:0.0 Power:0.0 Reward:39.97233508593 Time:32539 TotalReward:182.40109212122502
ETask 5: Configuration:4 Energy:0.0 Power:0.0 Reward:104.05685139548 Time:32548 TotalReward:286.45794351670503
ETask 6: Configuration:0 Energy:0.0 Power:0.0 Reward:36.008954251215 Time:32547 TotalReward:322.46689776792005
ETask 7: Configuration:0 Energy:0.0 Power:0.0 Reward:276.99377966407496 Time:32507 TotalReward:599.460677431995
ETask 8: Configuration:3 Energy:0.0 Power:0.0 Reward:281.90001544556395 Time:32532 TotalReward:881.3606928775589
ETask 9: Configuration:1 Energy:0.0 Power:0.0 Reward:79.01645095205998 Time:32553 TotalReward:960.377143829619
ETask 10: Configuration:1 Energy:0.0 Power:0.0 Reward:50.02663072843799 Time:32506 TotalReward:1010.403774558057
ETask 11: Configuration:1 Energy:0.0 Power:0.0 Reward:72.38387415267401 Time:32506 TotalReward:1082.787648710731
ETask 12: Configuration:1 Energy:0.0 Power:0.0 Reward:46.322979581165 Time:32515 TotalReward:1129.110628291896
ETask 13: Configuration:1 Energy:0.0 Power:0.0 Reward:40.538512946688 Time:32512 TotalReward:1169.649141238584
ETask 14: Configuration:1 Energy:0.0 Power:0.0 Reward:43.943317314624004 Time:32508 TotalReward:1213.592458553208
ETask 15: Configuration:1 Energy:0.0 Power:0.0 Reward:74.51015026546 Time:32515 TotalReward:1288.102608818668
ETask 16: Configuration:1 Energy:0.0 Power:0.0 Reward:56.247410200527 Time:32507 TotalReward:1344.3500190191949
ETask 17: Configuration:1 Energy:0.0 Power:0.0 Reward:51.69263652707701 Time:32511 TotalReward:1396.0426555462718
ETask 18: Configuration:1 Energy:0.0 Power:0.0 Reward:37.595788762629994 Time:32515 TotalReward:1433.6384443089019
ETask 19: Configuration:1 Energy:0.0 Power:0.0 Reward:40.962087642872 Time:32516 TotalReward:1474.6005319517737
ETask 20: Configuration:1 Energy:0.0 Power:0.0 Reward:38.312433914832 Time:32516 TotalReward:1512.9129658666056
ETask 21: Configuration:1 Energy:0.0 Power:0.0 Reward:36.632115640836005 Time:32518 TotalReward:1549.5450815074416
ETask 22: Configuration:1 Energy:0.0 Power:0.0 Reward:38.22042683256 Time:32520 TotalReward:1587.7655083400016
ETask 23: Configuration:1 Energy:0.0 Power:0.0 Reward:36.93029138114401 Time:32508 TotalReward:1624.6957997211457
ETask 24: Configuration:1 Energy:0.0 Power:0.0 Reward:76.15563010566 Time:32522 TotalReward:1700.8514298268058
STOKE: jouleRange: 19.46
STOKE: Tightening intervals
STOKE: Config: 0 - Knobs: {interval:10000 priority:100 sensor-configuration:1 batch:1 }  | -- on:3 joules:125.48 reward:0.8665
STOKE: Config: 1 - Knobs: {interval:7750 priority:100 sensor-configuration:1 batch:1 }  | -- on:17 joules:50.54 reward:0.9532
STOKE: Config: 2 - Knobs: {interval:5500 priority:100 sensor-configuration:1 batch:1 }  | -- on:1 joules:39.39 reward:0.9263
STOKE: Config: 3 - Knobs: {interval:3250 priority:100 sensor-configuration:1 batch:1 }  | -- on:2 joules:160.94 reward:0.7811
STOKE: Config: 4 - Knobs: {interval:1000 priority:100 sensor-configuration:1 batch:1 }  | -- on:1 joules:104.06 reward:0.9180
==ROUND-END==
STOKE: Range:4500 Partition:1125 Middle:7750
STOKE: Config: 0 - Knobs: {interval:10000 priority:100 sensor-configuration:1 batch:1 }  | -- on:0 joules:NaN reward:NaN
STOKE: Config: 1 - Knobs: {interval:8875 priority:100 sensor-configuration:1 batch:1 }  | -- on:0 joules:NaN reward:NaN
STOKE: Config: 2 - Knobs: {interval:7750 priority:100 sensor-configuration:1 batch:1 }  | -- on:0 joules:NaN reward:NaN
STOKE: Config: 3 - Knobs: {interval:6625 priority:100 sensor-configuration:1 batch:1 }  | -- on:0 joules:NaN reward:NaN
STOKE: Config: 4 - Knobs: {interval:5500 priority:100 sensor-configuration:1 batch:1 }  | -- on:0 joules:NaN reward:NaN
==ROUND-START==
ETask 1: Configuration:0 Energy:0.0 Power:0.0 Reward:35.92589105491199 Time:32544 TotalReward:35.92589105491199
ETask 2: Configuration:1 Energy:0.0 Power:0.0 Reward:34.52450184218 Time:32555 TotalReward:70.450392897092
ETask 3: Configuration:2 Energy:0.0 Power:0.0 Reward:36.022682573568 Time:32544 TotalReward:106.47307547066
ETask 4: Configuration:3 Energy:0.0 Power:0.0 Reward:59.164845920224 Time:32548 TotalReward:165.637921390884
ETask 5: Configuration:4 Energy:0.0 Power:0.0 Reward:36.94114026226799 Time:32541 TotalReward:202.579061653152
ETask 6: Configuration:3 Energy:0.0 Power:0.0 Reward:66.41382794550898 Time:32547 TotalReward:268.992889598661
ETask 7: Configuration:3 Energy:0.0 Power:0.0 Reward:39.10182945382999 Time:32510 TotalReward:308.094719052491
ETask 8: Configuration:3 Energy:0.0 Power:0.0 Reward:35.86576113428 Time:32510 TotalReward:343.96048018677095
ETask 9: Configuration:3 Energy:0.0 Power:0.0 Reward:35.887372871999986 Time:32510 TotalReward:379.84785305877097
ETask 10: Configuration:3 Energy:0.0 Power:0.0 Reward:35.9659472211 Time:32511 TotalReward:415.813800279871
ETask 11: Configuration:3 Energy:0.0 Power:0.0 Reward:69.3780318504 Time:32511 TotalReward:485.191832130271
ETask 12: Configuration:3 Energy:0.0 Power:0.0 Reward:45.4002167814 Time:32506 TotalReward:530.592048911671
ETask 13: Configuration:3 Energy:0.0 Power:0.0 Reward:50.0357003094 Time:32514 TotalReward:580.627749221071
ETask 14: Configuration:3 Energy:0.0 Power:0.0 Reward:83.6161088256 Time:32518 TotalReward:664.243858046671
STOKE: jouleRange: 17.92
STOKE: Tightening intervals
STOKE: Config: 0 - Knobs: {interval:10000 priority:100 sensor-configuration:1 batch:1 }  | -- on:1 joules:35.93 reward:0.9180
STOKE: Config: 1 - Knobs: {interval:8875 priority:100 sensor-configuration:1 batch:1 }  | -- on:1 joules:34.52 reward:0.9146
STOKE: Config: 2 - Knobs: {interval:7750 priority:100 sensor-configuration:1 batch:1 }  | -- on:1 joules:36.02 reward:0.9182
STOKE: Config: 3 - Knobs: {interval:6625 priority:100 sensor-configuration:1 batch:1 }  | -- on:10 joules:52.08 reward:0.9569
STOKE: Config: 4 - Knobs: {interval:5500 priority:100 sensor-configuration:1 batch:1 }  | -- on:1 joules:36.94 reward:0.9204
==ROUND-END==
STOKE: Range:2250 Partition:562 Middle:6625
STOKE: Config: 0 - Knobs: {interval:7749 priority:100 sensor-configuration:1 batch:1 }  | -- on:0 joules:NaN reward:NaN
STOKE: Config: 1 - Knobs: {interval:7187 priority:100 sensor-configuration:1 batch:1 }  | -- on:0 joules:NaN reward:NaN
STOKE: Config: 2 - Knobs: {interval:6625 priority:100 sensor-configuration:1 batch:1 }  | -- on:0 joules:NaN reward:NaN
STOKE: Config: 3 - Knobs: {interval:6063 priority:100 sensor-configuration:1 batch:1 }  | -- on:0 joules:NaN reward:NaN
STOKE: Config: 4 - Knobs: {interval:5501 priority:100 sensor-configuration:1 batch:1 }  | -- on:0 joules:NaN reward:NaN
==ROUND-START==
ETask 1: Configuration:0 Energy:0.0 Power:0.0 Reward:80.73960983095799 Time:32546 TotalReward:80.73960983095799
ETask 2: Configuration:1 Energy:0.0 Power:0.0 Reward:68.31119532806999 Time:32535 TotalReward:149.05080515902796
ETask 3: Configuration:2 Energy:0.0 Power:0.0 Reward:102.20811149781 Time:32553 TotalReward:251.25891665683795
ETask 4: Configuration:3 Energy:0.0 Power:0.0 Reward:66.71435927009101 Time:32539 TotalReward:317.973275926929
ETask 5: Configuration:4 Energy:0.0 Power:0.0 Reward:38.117777228057996 Time:32549 TotalReward:356.091053154987
ETask 6: Configuration:1 Energy:0.0 Power:0.0 Reward:36.11970135294 Time:32540 TotalReward:392.210754507927
ETask 7: Configuration:3 Energy:0.0 Power:0.0 Reward:38.932661377197 Time:32559 TotalReward:431.143415885124
ETask 8: Configuration:0 Energy:0.0 Power:0.0 Reward:76.263660593124 Time:32561 TotalReward:507.407076478248
ETask 9: Configuration:0 Energy:0.0 Power:0.0 Reward:40.284444845736004 Time:32508 TotalReward:547.691521323984
ETask 10: Configuration:0 Energy:0.0 Power:0.0 Reward:38.39551347013201 Time:32509 TotalReward:586.087034794116
ETask 11: Configuration:0 Energy:0.0 Power:0.0 Reward:36.86108842956801 Time:32512 TotalReward:622.948123223684
ETask 12: Configuration:0 Energy:0.0 Power:0.0 Reward:51.640236031488 Time:32512 TotalReward:674.588359255172
ETask 13: Configuration:0 Energy:0.0 Power:0.0 Reward:71.945070833264 Time:32504 TotalReward:746.533430088436
ETask 14: Configuration:0 Energy:0.0 Power:0.0 Reward:37.695882276480994 Time:32513 TotalReward:784.2293123649171
ETask 15: Configuration:3 Energy:0.0 Power:0.0 Reward:41.570813976608 Time:32564 TotalReward:825.800126341525
ETask 16: Configuration:0 Energy:0.0 Power:0.0 Reward:37.0533550757 Time:32554 TotalReward:862.853481417225
ETask 17: Configuration:0 Energy:0.0 Power:0.0 Reward:48.17248560555199 Time:32516 TotalReward:911.025967022777
ETask 18: Configuration:1 Energy:0.0 Power:0.0 Reward:67.39467092950599 Time:32534 TotalReward:978.420637952283
ETask 19: Configuration:1 Energy:0.0 Power:0.0 Reward:37.4934180702 Time:32520 TotalReward:1015.914056022483
ETask 20: Configuration:1 Energy:0.0 Power:0.0 Reward:38.12058754003199 Time:32507 TotalReward:1054.034643562515
ETask 21: Configuration:0 Energy:0.0 Power:0.0 Reward:80.839731904408 Time:32546 TotalReward:1134.8743754669229
ETask 22: Configuration:0 Energy:0.0 Power:0.0 Reward:62.63647378329001 Time:32505 TotalReward:1197.510849250213
ETask 23: Configuration:0 Energy:0.0 Power:0.0 Reward:84.452936658432 Time:32512 TotalReward:1281.963785908645
ETask 24: Configuration:0 Energy:0.0 Power:0.0 Reward:51.59357827351201 Time:32511 TotalReward:1333.557364182157
ETask 25: Configuration:0 Energy:0.0 Power:0.0 Reward:49.276926136831996 Time:32512 TotalReward:1382.834290318989
ETask 26: Configuration:0 Energy:0.0 Power:0.0 Reward:77.788021812618 Time:32513 TotalReward:1460.6223121316068
ETask 27: Configuration:0 Energy:0.0 Power:0.0 Reward:40.438470113773995 Time:32507 TotalReward:1501.0607822453808
ETask 28: Configuration:0 Energy:0.0 Power:0.0 Reward:39.881719709992 Time:32506 TotalReward:1540.9425019553728
ETask 29: Configuration:0 Energy:0.0 Power:0.0 Reward:40.484231457696 Time:32513 TotalReward:1581.4267334130689
ETask 30: Configuration:0 Energy:0.0 Power:0.0 Reward:36.59354301126601 Time:32511 TotalReward:1618.020276424335
ETask 31: Configuration:0 Energy:0.0 Power:0.0 Reward:42.018663004416 Time:32512 TotalReward:1660.0389394287508
ETask 32: Configuration:0 Energy:0.0 Power:0.0 Reward:36.493275052395006 Time:32515 TotalReward:1696.5322144811457
ETask 33: Configuration:0 Energy:0.0 Power:0.0 Reward:36.676059088788 Time:32508 TotalReward:1733.2082735699337
ETask 34: Configuration:0 Energy:0.0 Power:0.0 Reward:36.496642108374004 Time:32518 TotalReward:1769.7049156783078
STOKE: jouleRange: 18.55
STOKE: Widening intervals
STOKE: Config: 0 - Knobs: {interval:7749 priority:100 sensor-configuration:1 batch:1 }  | -- on:24 joules:51.45 reward:0.9553
STOKE: Config: 1 - Knobs: {interval:7187 priority:100 sensor-configuration:1 batch:1 }  | -- on:5 joules:49.49 reward:0.9506
STOKE: Config: 2 - Knobs: {interval:6625 priority:100 sensor-configuration:1 batch:1 }  | -- on:1 joules:102.21 reward:0.9225
STOKE: Config: 3 - Knobs: {interval:6063 priority:100 sensor-configuration:1 batch:1 }  | -- on:3 joules:49.07 reward:0.9496
STOKE: Config: 4 - Knobs: {interval:5501 priority:100 sensor-configuration:1 batch:1 }  | -- on:1 joules:38.12 reward:0.9233
==ROUND-END==
STOKE: Config: 0 - Knobs: {interval:10000 priority:100 sensor-configuration:1 batch:1 }  | -- on:0 joules:NaN reward:NaN
STOKE: Config: 1 - Knobs: {interval:8875 priority:100 sensor-configuration:1 batch:1 }  | -- on:0 joules:NaN reward:NaN
STOKE: Config: 2 - Knobs: {interval:7750 priority:100 sensor-configuration:1 batch:1 }  | -- on:0 joules:NaN reward:NaN
STOKE: Config: 3 - Knobs: {interval:6625 priority:100 sensor-configuration:1 batch:1 }  | -- on:0 joules:NaN reward:NaN
STOKE: Config: 4 - Knobs: {interval:5500 priority:100 sensor-configuration:1 batch:1 }  | -- on:0 joules:NaN reward:NaN
==ROUND-START==
ETask 1: Configuration:0 Energy:0.0 Power:0.0 Reward:36.624607805772 Time:32564 TotalReward:36.624607805772
ETask 2: Configuration:1 Energy:0.0 Power:0.0 Reward:40.31231892407999 Time:32535 TotalReward:76.93692672985199
ETask 3: Configuration:2 Energy:0.0 Power:0.0 Reward:48.019966635311995 Time:32548 TotalReward:124.95689336516398
ETask 4: Configuration:3 Energy:0.0 Power:0.0 Reward:40.86294075939 Time:32537 TotalReward:165.81983412455398
ETask 5: Configuration:4 Energy:0.0 Power:0.0 Reward:170.97977177746003 Time:32533 TotalReward:336.79960590201404
ETask 6: Configuration:2 Energy:0.0 Power:0.0 Reward:71.38174273037001 Time:32563 TotalReward:408.181348632384
ETask 7: Configuration:2 Energy:0.0 Power:0.0 Reward:94.59501848984 Time:32516 TotalReward:502.77636712222403
ETask 8: Configuration:2 Energy:0.0 Power:0.0 Reward:94.38592207571999 Time:32516 TotalReward:597.162289197944
ETask 9: Configuration:1 Energy:0.0 Power:0.0 Reward:54.388603603359996 Time:32552 TotalReward:651.550892801304
ETask 10: Configuration:2 Energy:0.0 Power:0.0 Reward:103.9132787371 Time:32542 TotalReward:755.464171538404
ETask 11: Configuration:2 Energy:0.0 Power:0.0 Reward:107.04702012906002 Time:32505 TotalReward:862.511191667464
ETask 12: Configuration:2 Energy:0.0 Power:0.0 Reward:257.20058826462 Time:32505 TotalReward:1119.711779932084
ETask 13: Configuration:1 Energy:0.0 Power:0.0 Reward:223.38803621719202 Time:32529 TotalReward:1343.099816149276
ETask 14: Configuration:3 Energy:0.0 Power:0.0 Reward:40.78042076985599 Time:32541 TotalReward:1383.880236919132
ETask 15: Configuration:3 Energy:0.0 Power:0.0 Reward:37.09888302612 Time:32514 TotalReward:1420.9791199452518
ETask 16: Configuration:3 Energy:0.0 Power:0.0 Reward:79.11930143215999 Time:32510 TotalReward:1500.0984213774118
ETask 17: Configuration:3 Energy:0.0 Power:0.0 Reward:39.97441855285199 Time:32508 TotalReward:1540.0728399302639
ETask 18: Configuration:3 Energy:0.0 Power:0.0 Reward:36.6535656881 Time:32506 TotalReward:1576.726405618364
ETask 19: Configuration:3 Energy:0.0 Power:0.0 Reward:85.291275335168 Time:32506 TotalReward:1662.017680953532
ETask 20: Configuration:3 Energy:0.0 Power:0.0 Reward:39.149767344240004 Time:32508 TotalReward:1701.167448297772
ETask 21: Configuration:3 Energy:0.0 Power:0.0 Reward:68.37878396664 Time:32507 TotalReward:1769.5462322644119
ETask 22: Configuration:3 Energy:0.0 Power:0.0 Reward:36.339520001400004 Time:32510 TotalReward:1805.8857522658118
ETask 23: Configuration:3 Energy:0.0 Power:0.0 Reward:42.43495414032 Time:32511 TotalReward:1848.3207064061319
ETask 24: Configuration:3 Energy:0.0 Power:0.0 Reward:149.00097840767998 Time:32507 TotalReward:1997.3216848138118
ETask 25: Configuration:3 Energy:0.0 Power:0.0 Reward:40.458502728000006 Time:32520 TotalReward:2037.7801875418118
ETask 26: Configuration:3 Energy:0.0 Power:0.0 Reward:36.902100349799994 Time:32510 TotalReward:2074.682287891612
ETask 27: Configuration:3 Energy:0.0 Power:0.0 Reward:81.71346822408 Time:32516 TotalReward:2156.3957561156917
ETask 28: Configuration:3 Energy:0.0 Power:0.0 Reward:39.51328878 Time:32514 TotalReward:2195.9090448956917
ETask 29: Configuration:3 Energy:0.0 Power:0.0 Reward:51.83582977727 Time:32515 TotalReward:2247.744874672962
ETask 30: Configuration:4 Energy:0.0 Power:0.0 Reward:67.8064262497 Time:32530 TotalReward:2315.551300922662
ETask 31: Configuration:3 Energy:0.0 Power:0.0 Reward:63.45604674913599 Time:32554 TotalReward:2379.007347671798
ETask 32: Configuration:3 Energy:0.0 Power:0.0 Reward:34.550801800502 Time:32509 TotalReward:2413.5581494723
ETask 33: Configuration:3 Energy:0.0 Power:0.0 Reward:141.61689400395 Time:32509 TotalReward:2555.1750434762503
ETask 34: Configuration:3 Energy:0.0 Power:0.0 Reward:39.08399161161601 Time:32514 TotalReward:2594.2590350878663
ETask 35: Configuration:3 Energy:0.0 Power:0.0 Reward:40.642301421447996 Time:32507 TotalReward:2634.901336509314
ETask 36: Configuration:3 Energy:0.0 Power:0.0 Reward:38.522573002871994 Time:32507 TotalReward:2673.423909512186
ETask 37: Configuration:3 Energy:0.0 Power:0.0 Reward:35.50089157932799 Time:32507 TotalReward:2708.924801091514
ETask 38: Configuration:3 Energy:0.0 Power:0.0 Reward:38.853864757061 Time:32503 TotalReward:2747.7786658485747
ETask 39: Configuration:3 Energy:0.0 Power:0.0 Reward:53.918247645969 Time:32511 TotalReward:2801.696913494544
ETask 40: Configuration:3 Energy:0.0 Power:0.0 Reward:38.854069575232 Time:32519 TotalReward:2840.550983069776
ETask 41: Configuration:3 Energy:0.0 Power:0.0 Reward:71.875023462662 Time:32518 TotalReward:2912.426006532438
ETask 42: Configuration:3 Energy:0.0 Power:0.0 Reward:44.41262037247099 Time:32513 TotalReward:2956.838626904909
ETask 43: Configuration:3 Energy:0.0 Power:0.0 Reward:50.185943248258994 Time:32513 TotalReward:3007.0245701531676
ETask 44: Configuration:3 Energy:0.0 Power:0.0 Reward:68.65035892991999 Time:32510 TotalReward:3075.6749290830876
STOKE: jouleRange: 14.98
STOKE: Tightening intervals
STOKE: Config: 0 - Knobs: {interval:10000 priority:100 sensor-configuration:1 batch:1 }  | -- on:1 joules:36.62 reward:0.9197
STOKE: Config: 1 - Knobs: {interval:8875 priority:100 sensor-configuration:1 batch:1 }  | -- on:3 joules:106.03 reward:0.9133
STOKE: Config: 2 - Knobs: {interval:7750 priority:100 sensor-configuration:1 batch:1 }  | -- on:7 joules:110.93 reward:0.9015
STOKE: Config: 3 - Knobs: {interval:6625 priority:100 sensor-configuration:1 batch:1 }  | -- on:31 joules:55.02 reward:0.9639
STOKE: Config: 4 - Knobs: {interval:5500 priority:100 sensor-configuration:1 batch:1 }  | -- on:2 joules:119.39 reward:0.8811
==ROUND-END==
STOKE: Range:2250 Partition:562 Middle:6625
STOKE: Config: 0 - Knobs: {interval:7749 priority:100 sensor-configuration:1 batch:1 }  | -- on:0 joules:NaN reward:NaN
STOKE: Config: 1 - Knobs: {interval:7187 priority:100 sensor-configuration:1 batch:1 }  | -- on:0 joules:NaN reward:NaN
STOKE: Config: 2 - Knobs: {interval:6625 priority:100 sensor-configuration:1 batch:1 }  | -- on:0 joules:NaN reward:NaN
STOKE: Config: 3 - Knobs: {interval:6063 priority:100 sensor-configuration:1 batch:1 }  | -- on:0 joules:NaN reward:NaN
STOKE: Config: 4 - Knobs: {interval:5501 priority:100 sensor-configuration:1 batch:1 }  | -- on:0 joules:NaN reward:NaN
==ROUND-START==
ETask 1: Configuration:0 Energy:0.0 Power:0.0 Reward:38.926472017164 Time:32548 TotalReward:38.926472017164
Hit safety!
ERROR: We got 'done' signal before finishing experiment!
ERun: Time:3847538
==END-RUN 1==
STOKE: Config: 0 - Knobs: {interval:7749 priority:100 sensor-configuration:1 batch:1 }  | -- on:1 joules:38.93 reward:0.9252
STOKE: Config: 1 - Knobs: {interval:7187 priority:100 sensor-configuration:1 batch:1 }  | -- on:0 joules:NaN reward:NaN
STOKE: Config: 2 - Knobs: {interval:6625 priority:100 sensor-configuration:1 batch:1 }  | -- on:0 joules:NaN reward:NaN
STOKE: Config: 3 - Knobs: {interval:6063 priority:100 sensor-configuration:1 batch:1 }  | -- on:0 joules:NaN reward:NaN
STOKE: Config: 4 - Knobs: {interval:5501 priority:100 sensor-configuration:1 batch:1 }  | -- on:0 joules:NaN reward:NaN
