==RUN 0==
Bandit Runs:1 Tasks-in-Run:50
Self-Optimizer Rounds:0 Tasks-in-Round:0
Continuous Knob Rounds:Inf Tasks-in-Round:0
STOKE: Start Bat: 0.440000
MAPSME_GPS_RATE: 10000
MAPSME_GPS_PRIORITY: High Accuracy
MAPSME_GPS_BATCH: 1x

ETask 1: Configuration:0 Energy:0.0 Power:0.0 Reward:38.383858720845 Time:32519 TotalReward:38.383858720845
ETask 2: Configuration:1 Energy:0.0 Power:0.0 Reward:91.39096202260198 Time:32538 TotalReward:129.77482074344698
ETask 3: Configuration:2 Energy:0.0 Power:0.0 Reward:83.38455647135999 Time:32540 TotalReward:213.15937721480697
ETask 4: Configuration:3 Energy:0.0 Power:0.0 Reward:78.23469483585599 Time:32552 TotalReward:291.39407205066294
ETask 5: Configuration:4 Energy:0.0 Power:0.0 Reward:80.817551951169 Time:32549 TotalReward:372.2116240018319
ETask 6: Configuration:5 Energy:0.0 Power:0.0 Reward:94.878484421952 Time:32536 TotalReward:467.09010842378393
ETask 7: Configuration:6 Energy:0.0 Power:0.0 Reward:87.80961362659198 Time:32544 TotalReward:554.8997220503759
ETask 8: Configuration:3 Energy:0.0 Power:0.0 Reward:78.060560565768 Time:32548 TotalReward:632.9602826161439
ETask 9: Configuration:3 Energy:0.0 Power:0.0 Reward:79.69212631353601 Time:32511 TotalReward:712.65240892968
ETask 10: Configuration:3 Energy:0.0 Power:0.0 Reward:36.25396283124 Time:32508 TotalReward:748.9063717609199
ETask 11: Configuration:3 Energy:0.0 Power:0.0 Reward:75.30564218199 Time:32510 TotalReward:824.21201394291
ETask 12: Configuration:6 Energy:0.0 Power:0.0 Reward:93.136904254416 Time:32542 TotalReward:917.3489181973259
ETask 13: Configuration:3 Energy:0.0 Power:0.0 Reward:77.614216989705 Time:32555 TotalReward:994.963135187031
ETask 14: Configuration:3 Energy:0.0 Power:0.0 Reward:39.89913345693 Time:32509 TotalReward:1034.862268643961
ETask 15: Configuration:3 Energy:0.0 Power:0.0 Reward:46.695651222870005 Time:32517 TotalReward:1081.557919866831
ETask 16: Configuration:3 Energy:0.0 Power:0.0 Reward:77.161281372 Time:32508 TotalReward:1158.7192012388311
ETask 17: Configuration:3 Energy:0.0 Power:0.0 Reward:35.922508753824 Time:32511 TotalReward:1194.6417099926553
ETask 18: Configuration:3 Energy:0.0 Power:0.0 Reward:39.442752932856 Time:32513 TotalReward:1234.0844629255112
ETask 19: Configuration:3 Energy:0.0 Power:0.0 Reward:76.35176835686401 Time:32512 TotalReward:1310.4362312823753
ETask 20: Configuration:4 Energy:0.0 Power:0.0 Reward:37.846668990592 Time:32549 TotalReward:1348.2829002729673
ETask 21: Configuration:3 Energy:0.0 Power:0.0 Reward:37.400600479199994 Time:32550 TotalReward:1385.6835007521672
ETask 22: Configuration:3 Energy:0.0 Power:0.0 Reward:36.72182030608 Time:32510 TotalReward:1422.4053210582472
ETask 23: Configuration:4 Energy:0.0 Power:0.0 Reward:83.768413688792 Time:32537 TotalReward:1506.1737347470391
ETask 24: Configuration:4 Energy:0.0 Power:0.0 Reward:77.02669214184002 Time:32514 TotalReward:1583.200426888879
ETask 25: Configuration:4 Energy:0.0 Power:0.0 Reward:36.039785453056 Time:32516 TotalReward:1619.2402123419351
ETask 26: Configuration:4 Energy:0.0 Power:0.0 Reward:40.243243280968 Time:32513 TotalReward:1659.4834556229032
ETask 27: Configuration:4 Energy:0.0 Power:0.0 Reward:38.461474950912 Time:32512 TotalReward:1697.944930573815
ETask 28: Configuration:3 Energy:0.0 Power:0.0 Reward:36.655159742201 Time:32543 TotalReward:1734.6000903160161
ETask 29: Configuration:3 Energy:0.0 Power:0.0 Reward:48.991301403204005 Time:32514 TotalReward:1783.5913917192202
ETask 30: Configuration:4 Energy:0.0 Power:0.0 Reward:36.781602471396 Time:32556 TotalReward:1820.372994190616
ETask 31: Configuration:3 Energy:0.0 Power:0.0 Reward:36.669318571756 Time:32539 TotalReward:1857.0423127623721
ETask 32: Configuration:3 Energy:0.0 Power:0.0 Reward:79.98314541201599 Time:32516 TotalReward:1937.0254581743882
ETask 33: Configuration:3 Energy:0.0 Power:0.0 Reward:36.8741680425 Time:32514 TotalReward:1973.8996262168882
ETask 34: Configuration:3 Energy:0.0 Power:0.0 Reward:77.19700921500001 Time:32509 TotalReward:2051.0966354318884
ETask 35: Configuration:3 Energy:0.0 Power:0.0 Reward:37.564881254999996 Time:32516 TotalReward:2088.6615166868883
ETask 36: Configuration:3 Energy:0.0 Power:0.0 Reward:78.27650760375 Time:32517 TotalReward:2166.938024290638
ETask 37: Configuration:3 Energy:0.0 Power:0.0 Reward:36.7124063475 Time:32519 TotalReward:2203.650430638138
ETask 38: Configuration:0 Energy:0.0 Power:0.0 Reward:34.681144340812 Time:32551 TotalReward:2238.33157497895
ETask 39: Configuration:2 Energy:0.0 Power:0.0 Reward:39.071454231488 Time:32533 TotalReward:2277.403029210438
ETask 40: Configuration:2 Energy:0.0 Power:0.0 Reward:45.268131649564 Time:32507 TotalReward:2322.671160860002
ETask 41: Configuration:2 Energy:0.0 Power:0.0 Reward:42.80216959488 Time:32512 TotalReward:2365.473330454882
ETask 42: Configuration:3 Energy:0.0 Power:0.0 Reward:36.639752123832 Time:32538 TotalReward:2402.113082578714
ETask 43: Configuration:3 Energy:0.0 Power:0.0 Reward:43.437025107096005 Time:32514 TotalReward:2445.55010768581
ETask 44: Configuration:3 Energy:0.0 Power:0.0 Reward:38.898767005488 Time:32513 TotalReward:2484.448874691298
ETask 45: Configuration:3 Energy:0.0 Power:0.0 Reward:45.901630052208 Time:32508 TotalReward:2530.350504743506
ETask 46: Configuration:4 Energy:0.0 Power:0.0 Reward:83.21692705568 Time:32560 TotalReward:2613.567431799186
ETask 47: Configuration:4 Energy:0.0 Power:0.0 Reward:77.554496904184 Time:32509 TotalReward:2691.12192870337
ETask 48: Configuration:4 Energy:0.0 Power:0.0 Reward:39.934167203744 Time:32516 TotalReward:2731.056095907114
ETask 49: Configuration:4 Energy:0.0 Power:0.0 Reward:50.41372124174399 Time:32507 TotalReward:2781.469817148858
ETask 50: Configuration:4 Energy:0.0 Power:0.0 Reward:36.419604535296 Time:32512 TotalReward:2817.889421684154
ETask 51: Configuration:4 Energy:0.0 Power:0.0 Reward:79.20270630265499 Time:32513 TotalReward:2897.092127986809
ETask 52: Configuration:4 Energy:0.0 Power:0.0 Reward:84.529657952775 Time:32515 TotalReward:2981.621785939584
ETask 53: Configuration:6 Energy:0.0 Power:0.0 Reward:77.41992466628999 Time:32535 TotalReward:3059.041710605874
ETask 54: Configuration:4 Energy:0.0 Power:0.0 Reward:37.284494564457006 Time:32557 TotalReward:3096.326205170331
ETask 55: Configuration:4 Energy:0.0 Power:0.0 Reward:73.566722389248 Time:32512 TotalReward:3169.8929275595788
ETask 56: Configuration:4 Energy:0.0 Power:0.0 Reward:37.929072036033006 Time:32511 TotalReward:3207.821999595612
ETask 57: Configuration:4 Energy:0.0 Power:0.0 Reward:47.86880726571 Time:32510 TotalReward:3255.690806861322
ETask 58: Configuration:4 Energy:0.0 Power:0.0 Reward:87.60024188395899 Time:32507 TotalReward:3343.291048745281
ERun: Time:1887377
==END-RUN 0==
STOKE: Config: 0 - Knobs: {interval:10000 priority:100 sensor-configuration:1 batch:1 }  | -- on:2 joules:36.53 reward:0.79
STOKE: Config: 1 - Knobs: {interval:8000 priority:100 sensor-configuration:1 batch:1 }  | -- on:1 joules:91.39 reward:0.81
STOKE: Config: 2 - Knobs: {interval:5000 priority:100 sensor-configuration:1 batch:1 }  | -- on:4 joules:52.63 reward:0.91
STOKE: Config: 3 - Knobs: {interval:4000 priority:100 sensor-configuration:1 batch:1 }  | -- on:27 joules:53.65 reward:0.92
STOKE: Config: 4 - Knobs: {interval:3000 priority:100 sensor-configuration:1 batch:1 }  | -- on:20 joules:58.33 reward:0.95
STOKE: Config: 5 - Knobs: {interval:2000 priority:100 sensor-configuration:1 batch:1 }  | -- on:1 joules:94.88 reward:0.78
STOKE: Config: 6 - Knobs: {interval:1000 priority:100 sensor-configuration:1 batch:1 }  | -- on:3 joules:86.12 reward:0.85
ERROR: We got 'done' signal before finishing experiment!
STOKE: Config: 0 - Knobs: {interval:10000 priority:100 sensor-configuration:1 batch:1 }  | -- on:2 joules:36.53 reward:0.79
STOKE: Config: 1 - Knobs: {interval:8000 priority:100 sensor-configuration:1 batch:1 }  | -- on:1 joules:91.39 reward:0.81
STOKE: Config: 2 - Knobs: {interval:5000 priority:100 sensor-configuration:1 batch:1 }  | -- on:4 joules:52.63 reward:0.91
STOKE: Config: 3 - Knobs: {interval:4000 priority:100 sensor-configuration:1 batch:1 }  | -- on:27 joules:53.65 reward:0.92
STOKE: Config: 4 - Knobs: {interval:3000 priority:100 sensor-configuration:1 batch:1 }  | -- on:20 joules:58.33 reward:0.95
STOKE: Config: 5 - Knobs: {interval:2000 priority:100 sensor-configuration:1 batch:1 }  | -- on:1 joules:94.88 reward:0.78
STOKE: Config: 6 - Knobs: {interval:1000 priority:100 sensor-configuration:1 batch:1 }  | -- on:3 joules:86.12 reward:0.85
