==RUN 0==
Bandit Runs:1 Tasks-in-Run:100
Self-Optimizer Rounds:0 Tasks-in-Round:0
Continuous Knob Rounds:Inf Tasks-in-Round:0
STOKE: Start Bat: 0.950000
ETask 1-1: Configuration:0 Energy:38.705960352644 Reward:6.135178381142447 Raw:13.864821618857553 Time:32539 TotalReward:38.705960352644
ETask 2-2: Configuration:1 Energy:35.09339399790001 Reward:7.429232000752236 Raw:12.570767999247764 Time:32534 TotalReward:73.79935435054401
ETask 3-3: Configuration:2 Energy:31.132992871992 Reward:8.847883150331224 Raw:11.152116849668776 Time:32563 TotalReward:104.93234722253601
ETask 4-4: Configuration:3 Energy:33.905663842856995 Reward:7.854687578678092 Raw:12.145312421321908 Time:32542 TotalReward:138.838011065393
ETask 5-5: Configuration:4 Energy:54.250774394781004 Reward:0.5668867839590419 Raw:19.433113216040958 Time:32532 TotalReward:193.088785460174
ETask 6-6: Configuration:5 Energy:52.31046302265 Reward:1.261923693379103 Raw:18.738076306620897 Time:32542 TotalReward:245.399248482824
ETask 7-7: Configuration:6 Energy:42.9583285248 Reward:4.611942020967165 Raw:15.388057979032835 Time:32561 TotalReward:288.357577007624
ETask 8-8: Configuration:7 Energy:41.17902821823 Reward:5.249303324813134 Raw:14.750696675186866 Time:32553 TotalReward:329.53660522585403
ETask 9-9: Configuration:8 Energy:43.80836427648 Reward:4.307451602454925 Raw:15.692548397545075 Time:32537 TotalReward:373.34496950233404
ETask 10-10: Configuration:9 Energy:40.913165641959 Reward:5.344537680492298 Raw:14.655462319507702 Time:32541 TotalReward:414.258135144293
ETask 11-11: Configuration:10 Energy:98.88654142223999 Reward:-15.422044688563574 Raw:35.422044688563574 Time:32530 TotalReward:513.144676566533
ETask 12-12: Configuration:11 Energy:34.923411145349995 Reward:7.49012138077015 Raw:12.50987861922985 Time:32533 TotalReward:548.068087711883
ETask 13-13: Configuration:12 Energy:31.619137939349997 Reward:8.673741633665673 Raw:11.326258366334327 Time:32559 TotalReward:579.687225651233
ETask 14-14: Configuration:13 Energy:46.84057138729799 Reward:3.2212878612663864 Raw:16.778712138733614 Time:32572 TotalReward:626.527797038531
ETask 15-15: Configuration:14 Energy:31.64024468124 Reward:8.666181009705074 Raw:11.333818990294926 Time:32546 TotalReward:658.168041719771
ETask 16-16: Configuration:15 Energy:39.669470218989 Reward:5.790040518571104 Raw:14.209959481428896 Time:32561 TotalReward:697.83751193876
ETask 17-17: Configuration:16 Energy:81.959103090774 Reward:-9.358484689232476 Raw:29.358484689232476 Time:32546 TotalReward:779.796615029534
ETask 18-18: Configuration:17 Energy:41.942936351198995 Reward:4.975664590615283 Raw:15.024335409384717 Time:32529 TotalReward:821.739551380733
ETask 19-19: Configuration:18 Energy:54.848996710872 Reward:0.3525981931204818 Raw:19.647401806879518 Time:32536 TotalReward:876.588548091605
ETask 20-20: Configuration:19 Energy:109.21051517103 Reward:-19.120184538876416 Raw:39.120184538876416 Time:32527 TotalReward:985.7990632626351
ETask 21-21: Configuration:2 Energy:55.581000333336 Reward:0.09038794029755337 Raw:19.909612059702447 Time:32575 TotalReward:1041.380063595971
ETask 22-22: Configuration:10 Energy:71.42721499465199 Reward:-5.585868057785785 Raw:25.585868057785785 Time:32536 TotalReward:1112.807278590623
ETask 23-23: Configuration:12 Energy:35.377850153448 Reward:7.327337258466388 Raw:12.672662741533612 Time:32531 TotalReward:1148.1851287440709
ETask 24-24: Configuration:17 Energy:44.8224640791 Reward:3.944191971665667 Raw:16.055808028334333 Time:32540 TotalReward:1193.0075928231709
ETask 25-25: Configuration:0 Energy:31.8882062646 Reward:8.577358949994029 Raw:11.422641050005971 Time:32561 TotalReward:1224.895799087771
ETask 26-26: Configuration:14 Energy:78.6902552784 Reward:-8.187554129576124 Raw:28.187554129576124 Time:32563 TotalReward:1303.5860543661709
ETask 27-27: Configuration:12 Energy:46.0861501347 Reward:3.491528309958209 Raw:16.50847169004179 Time:32554 TotalReward:1349.6722045008707
ETask 28-28: Configuration:1 Energy:46.0199395656 Reward:3.515245528740298 Raw:16.484754471259702 Time:32567 TotalReward:1395.6921440664707
ETask 29-29: Configuration:3 Energy:46.029344544599994 Reward:3.5118765810388126 Raw:16.488123418961187 Time:32554 TotalReward:1441.7214886110708
ETask 30-30: Configuration:14 Energy:56.8555928192 Reward:-0.36618250240000094 Raw:20.3661825024 Time:32551 TotalReward:1498.5770814302707
ETask 31-31: Configuration:14 Energy:38.07624906625001 Reward:6.360746603134325 Raw:13.639253396865675 Time:32537 TotalReward:1536.6533304965208
ETask 32-32: Configuration:16 Energy:45.819082288 Reward:3.5871944042985078 Raw:16.412805595701492 Time:32559 TotalReward:1582.4724127845207
ETask 33-33: Configuration:18 Energy:41.830400768450005 Reward:5.015975844137314 Raw:14.984024155862686 Time:32524 TotalReward:1624.3028135529707
ETask 34-34: Configuration:4 Energy:34.540626344854 Reward:7.627238324231403 Raw:12.372761675768597 Time:32520 TotalReward:1658.8434398978247
ETask 35-35: Configuration:5 Energy:36.614028477743 Reward:6.88452711245027 Raw:13.11547288754973 Time:32560 TotalReward:1695.4574683755677
ETask 36-36: Configuration:14 Energy:32.557197470607996 Reward:8.33772030903594 Raw:11.66227969096406 Time:32587 TotalReward:1728.0146658461756
ETask 37-37: Configuration:18 Energy:41.545432721838 Reward:5.118053950386388 Raw:14.881946049613612 Time:32527 TotalReward:1769.5600985680137
ETask 38-38: Configuration:14 Energy:79.05894275445 Reward:-8.319621285176115 Raw:28.319621285176115 Time:32538 TotalReward:1848.6190413224638
ETask 39-39: Configuration:14 Energy:34.572187837682 Reward:7.615932714860181 Raw:12.38406728513982 Time:32510 TotalReward:1883.1912291601457
ETask 40-40: Configuration:7 Energy:41.578694401599996 Reward:5.106139318829852 Raw:14.893860681170148 Time:32538 TotalReward:1924.7699235617456
ETask 41-41: Configuration:14 Energy:50.474303951174996 Reward:1.9196523159970198 Raw:18.08034768400298 Time:32532 TotalReward:1975.2442275129206
ETask 42-42: Configuration:14 Energy:50.360584558696 Reward:1.9603876207656121 Raw:18.039612379234388 Time:32514 TotalReward:2025.6048120716166
ETask 43-43: Configuration:14 Energy:59.54170076009999 Reward:-1.328370421528355 Raw:21.328370421528355 Time:32514 TotalReward:2085.146512831717
ETask 44-44: Configuration:11 Energy:35.911204262855996 Reward:7.136285040170987 Raw:12.863714959829013 Time:32538 TotalReward:2121.0577170945726
ETask 45-45: Configuration:10 Energy:35.103087201600005 Reward:7.425759808382088 Raw:12.574240191617912 Time:32533 TotalReward:2156.1608042961725
ETask 46-46: Configuration:14 Energy:77.23771000534 Reward:-7.667239404897913 Raw:27.667239404897913 Time:32523 TotalReward:2233.3985143015125
ETask 47-47: Configuration:11 Energy:31.886539532574993 Reward:8.577955988331347 Raw:11.422044011668653 Time:32565 TotalReward:2265.2850538340876
ETask 48-48: Configuration:14 Energy:81.98706176690999 Reward:-9.36849973740059 Raw:29.36849973740059 Time:32523 TotalReward:2347.2721156009975
ETask 49-49: Configuration:0 Energy:40.384105217679995 Reward:5.534051862323583 Raw:14.465948137676417 Time:32570 TotalReward:2387.6562208186774
ETask 50-50: Configuration:14 Energy:86.93799926081999 Reward:-11.141969884472836 Raw:31.141969884472836 Time:32521 TotalReward:2474.5942200794975
ETask 51-51: Configuration:14 Energy:81.33382190164 Reward:-9.134503367751634 Raw:29.134503367751634 Time:32503 TotalReward:2555.9280419811375
ETask 52-52: Configuration:14 Energy:87.24165808014 Reward:-11.250743192885974 Raw:31.250743192885974 Time:32504 TotalReward:2643.1697000612776
ETask 53-53: Configuration:9 Energy:51.78902610918 Reward:1.4487070653683567 Raw:18.551292934631643 Time:32542 TotalReward:2694.958726170458
ETask 54-54: Configuration:14 Energy:79.803121565076 Reward:-8.586192799430208 Raw:28.586192799430208 Time:32530 TotalReward:2774.7618477355336
ETask 55-55: Configuration:14 Energy:78.73611076746899 Reward:-8.2039799764068 Raw:28.2039799764068 Time:32511 TotalReward:2853.497958503003
ETask 56-56: Configuration:14 Energy:31.439229986976 Reward:8.738186273322032 Raw:11.261813726677968 Time:32505 TotalReward:2884.937188489979
ETask 57-57: Configuration:14 Energy:38.141145299438996 Reward:6.337500191245731 Raw:13.66249980875427 Time:32506 TotalReward:2923.0783337894177
ETask 58-58: Configuration:14 Energy:32.040279021996 Reward:8.522885126449193 Raw:11.477114873550807 Time:32705 TotalReward:2955.1186128114136
ETask 59-59: Configuration:14 Energy:30.956673676296 Reward:8.911042265207403 Raw:11.088957734792597 Time:32529 TotalReward:2986.0752864877095
ETask 60-60: Configuration:14 Energy:57.608743146239995 Reward:-0.6359676941755161 Raw:20.635967694175516 Time:32515 TotalReward:3043.6840296339496
ETask 61-61: Configuration:14 Energy:63.730381444784996 Reward:-2.8287933533558203 Raw:22.82879335335582 Time:32525 TotalReward:3107.4144110787347
ETask 62-62: Configuration:14 Energy:51.39561890479499 Reward:1.5896290490286589 Raw:18.41037095097134 Time:32507 TotalReward:3158.8100299835296
ETask 63-63: Configuration:14 Energy:48.945746922618014 Reward:2.467195132196533 Raw:17.532804867803467 Time:32537 TotalReward:3207.7557769061477
ETask 64-64: Configuration:14 Energy:50.0184213993 Reward:2.0829535286089573 Raw:17.917046471391043 Time:32537 TotalReward:3257.774198305448
ETask 65-65: Configuration:14 Energy:33.98556914025 Reward:7.826064785582091 Raw:12.17393521441791 Time:32527 TotalReward:3291.759767445698
ETask 66-66: Configuration:14 Energy:34.411621293084 Reward:7.673449089044535 Raw:12.326550910955465 Time:32514 TotalReward:3326.171388738782
ETask 67-67: Configuration:14 Energy:41.008547799039995 Reward:5.3103709376573125 Raw:14.689629062342688 Time:32532 TotalReward:3367.179936537822
ETask 68-68: Configuration:12 Energy:46.177006280704 Reward:3.4589828248224457 Raw:16.541017175177554 Time:32540 TotalReward:3413.356942818526
ETask 69-69: Configuration:15 Energy:40.755703136255995 Reward:5.400942160147107 Raw:14.599057839852893 Time:32525 TotalReward:3454.1126459547822
ETask 70-70: Configuration:14 Energy:79.370897227776 Reward:-8.43136617114364 Raw:28.43136617114364 Time:32537 TotalReward:3533.483543182558
ETask 71-71: Configuration:14 Energy:31.330986459136 Reward:8.776960074339344 Raw:11.223039925660656 Time:32508 TotalReward:3564.814529641694
ETask 72-72: Configuration:14 Energy:42.927370334208 Reward:4.623031522074749 Raw:15.376968477925251 Time:32502 TotalReward:3607.741899975902
ETask 73-73: Configuration:14 Energy:84.336489848832 Reward:-10.210085915999517 Raw:30.210085915999517 Time:32503 TotalReward:3692.078389824734
ETask 74-74: Configuration:14 Energy:87.438728101888 Reward:-11.32133543948228 Raw:31.32133543948228 Time:32504 TotalReward:3779.517117926622
ETask 75-75: Configuration:19 Energy:82.695245049261 Reward:-9.622177331078568 Raw:29.622177331078568 Time:32539 TotalReward:3862.212362975883
ETask 76-76: Configuration:14 Energy:35.007916529696004 Reward:7.459850795332773 Raw:12.540149204667227 Time:32551 TotalReward:3897.220279505579
ETask 77-77: Configuration:14 Energy:31.260322232265004 Reward:8.802272633218506 Raw:11.197727366781494 Time:32524 TotalReward:3928.480601737844
ETask 78-78: Configuration:14 Energy:31.108597190961003 Reward:8.856621901745314 Raw:11.143378098254686 Time:32514 TotalReward:3959.589198928805
ETask 79-79: Configuration:14 Energy:32.39100731277 Reward:8.39725111184358 Raw:11.60274888815642 Time:32505 TotalReward:3991.980206241575
ETask 80-80: Configuration:14 Energy:35.52517074264 Reward:7.274565704128953 Raw:12.725434295871047 Time:32509 TotalReward:4027.505376984215
ETask 81-81: Configuration:14 Energy:34.401672317118 Reward:7.6770129013308654 Raw:12.322987098669135 Time:32509 TotalReward:4061.9070493013332
ETask 82-82: Configuration:14 Energy:49.948765481793004 Reward:2.1079049020443 Raw:17.8920950979557 Time:32505 TotalReward:4111.855814783126
ETask 83-83: Configuration:14 Energy:98.73268236386401 Reward:-15.366930996010993 Raw:35.36693099601099 Time:32510 TotalReward:4210.58849714699
ETask 84-84: Configuration:14 Energy:109.58130456175199 Reward:-19.25300461913504 Raw:39.25300461913504 Time:32505 TotalReward:4320.169801708743
ETask 85-85: Configuration:14 Energy:108.86777320879798 Reward:-18.99741129867391 Raw:38.99741129867391 Time:32523 TotalReward:4429.037574917541
ETask 86-86: Configuration:14 Energy:35.439081683892006 Reward:7.305403575919282 Raw:12.694596424080718 Time:32504 TotalReward:4464.476656601433
ETask 87-87: Configuration:14 Energy:46.376337886677 Reward:3.3875804585037628 Raw:16.612419541496237 Time:32541 TotalReward:4510.85299448811
ETask 88-88: Configuration:7 Energy:38.90453212152 Reward:6.064048195276415 Raw:13.935951804723585 Time:32570 TotalReward:4549.75752660963
ETask 89-89: Configuration:14 Energy:91.77315308856002 Reward:-12.87396528545434 Raw:32.87396528545434 Time:32552 TotalReward:4641.53067969819
ETask 90-90: Configuration:14 Energy:36.80800440408 Reward:6.815043198538506 Raw:13.184956801461494 Time:32516 TotalReward:4678.33868410227
ETask 91-91: Configuration:14 Energy:40.69456345680001 Reward:5.422842940847758 Raw:14.577157059152242 Time:32519 TotalReward:4719.03324755907
ETask 92-92: Configuration:14 Energy:97.0231830918 Reward:-14.754573047808961 Raw:34.75457304780896 Time:32504 TotalReward:4816.05643065087
ETask 93-93: Configuration:14 Energy:93.49253279703 Reward:-13.489862494458507 Raw:33.48986249445851 Time:32504 TotalReward:4909.548963447901
ETask 94-94: Configuration:5 Energy:40.60834853034 Reward:5.4537258995797036 Raw:14.546274100420296 Time:32557 TotalReward:4950.157311978241
ETask 95-95: Configuration:14 Energy:31.572952234800006 Reward:8.690285766638803 Raw:11.309714233361197 Time:32543 TotalReward:4981.730264213041
ETask 96-96: Configuration:14 Energy:45.9249083073 Reward:3.5492865764895534 Raw:16.450713423510447 Time:32534 TotalReward:5027.655172520341
ETask 97-97: Configuration:14 Energy:34.293765961350005 Reward:7.715665924292537 Raw:12.284334075707463 Time:32503 TotalReward:5061.948938481691
ETask 98-98: Configuration:14 Energy:31.552839161319998 Reward:8.697490449676419 Raw:11.302509550323581 Time:32513 TotalReward:5093.50177764301
ETask 99-99: Configuration:14 Energy:35.73453211439999 Reward:7.199570585886569 Raw:12.800429414113431 Time:32510 TotalReward:5129.236309757411
ETask 100-100: Configuration:14 Energy:31.630164496688003 Reward:8.66979182208191 Raw:11.33020817791809 Time:32511 TotalReward:5160.866474254099
ETask 101-101: Configuration:14 Energy:84.11940290652 Reward:-10.132323429201186 Raw:30.132323429201186 Time:32504 TotalReward:5244.985877160619
ETask 102-102: Configuration:14 Energy:84.72882140515601 Reward:-10.350622592891703 Raw:30.350622592891703 Time:32526 TotalReward:5329.714698565775
ETask 103-103: Configuration:14 Energy:98.20342086711 Reward:-15.177344788218512 Raw:35.17734478821851 Time:32523 TotalReward:5427.918119432885
ETask 104-104: Configuration:14 Energy:52.81246750681001 Reward:1.0821011915904428 Raw:18.917898808409557 Time:32504 TotalReward:5480.730586939695
ETask 105-105: Configuration:14 Energy:51.113588496670005 Reward:1.6906548668644739 Raw:18.309345133135526 Time:32524 TotalReward:5531.844175436365
ETask 106-106: Configuration:14 Energy:69.517592972888 Reward:-4.901824348497193 Raw:24.901824348497193 Time:32509 TotalReward:5601.361768409253
ETask 107-107: Configuration:14 Energy:108.96723368553 Reward:-19.033038932130154 Raw:39.033038932130154 Time:32523 TotalReward:5710.329002094783
ETask 108-108: Configuration:14 Energy:92.12901115086001 Reward:-13.00143683015881 Raw:33.00143683015881 Time:32513 TotalReward:5802.458013245643
ETask 109-109: Configuration:14 Energy:31.921813424199996 Reward:8.565320564465672 Raw:11.434679435534328 Time:32503 TotalReward:5834.379826669843
ETask 110-110: Configuration:14 Energy:32.52213550088 Reward:8.3502798205803 Raw:11.6497201794197 Time:32505 TotalReward:5866.901962170723
ETask 111-111: Configuration:14 Energy:83.54787614454598 Reward:-9.927597424911994 Raw:29.927597424911994 Time:32519 TotalReward:5950.449838315269
ETask 112-112: Configuration:14 Energy:34.24171922955 Reward:7.734309529713432 Raw:12.265690470286568 Time:32504 TotalReward:5984.691557544818
ETask 113-113: Configuration:14 Energy:31.117975820685 Reward:8.853262392590448 Raw:11.146737607409552 Time:32528 TotalReward:6015.809533365504
ETask 114-114: Configuration:14 Energy:31.601660153364005 Reward:8.680002333123342 Raw:11.319997666876658 Time:32520 TotalReward:6047.411193518868
ETask 115-115: Configuration:14 Energy:31.819629679356 Reward:8.601923696947104 Raw:11.398076303052896 Time:32519 TotalReward:6079.230823198223
ETask 116-116: Configuration:14 Energy:31.9927117104 Reward:8.539924163438805 Raw:11.460075836561195 Time:32507 TotalReward:6111.223534908623
ETask 117-117: Configuration:14 Energy:43.170273128447995 Reward:4.5360215659290795 Raw:15.46397843407092 Time:32504 TotalReward:6154.393808037071
ETask 118-118: Configuration:14 Energy:97.43988909088002 Reward:-14.903840868374921 Raw:34.90384086837492 Time:32503 TotalReward:6251.8336971279505
ETask 119-119: Configuration:14 Energy:103.69958549371201 Reward:-17.146120176852065 Raw:37.146120176852065 Time:32503 TotalReward:6355.533282621663
ETask 120-120: Configuration:14 Energy:95.82401694095999 Reward:-14.325020993776711 Raw:34.32502099377671 Time:32503 TotalReward:6451.357299562623
ETask 121-121: Configuration:14 Energy:147.68430780043502 Reward:-32.90184160015583 Raw:52.90184160015583 Time:32503 TotalReward:6599.041607363058
ERun: Time:3940968
==END-RUN 0==
==ROUND-END==
STOKE: Config: 0 - Knobs: {interval:10000 priority:104 sensor-configuration:1 batch:5 }  | -- on:3 reward:6.7489
STOKE: Config: 1 - Knobs: {interval:7750 priority:104 sensor-configuration:1 batch:5 }  | -- on:2 reward:5.4722
STOKE: Config: 2 - Knobs: {interval:5500 priority:104 sensor-configuration:1 batch:5 }  | -- on:2 reward:4.4691
STOKE: Config: 3 - Knobs: {interval:3500 priority:104 sensor-configuration:1 batch:5 }  | -- on:2 reward:5.6833
STOKE: Config: 4 - Knobs: {interval:1000 priority:104 sensor-configuration:1 batch:5 }  | -- on:2 reward:4.0971
STOKE: Config: 5 - Knobs: {interval:10000 priority:100 sensor-configuration:1 batch:5 }  | -- on:3 reward:4.5334
STOKE: Config: 6 - Knobs: {interval:7750 priority:100 sensor-configuration:1 batch:5 }  | -- on:1 reward:4.6119
STOKE: Config: 7 - Knobs: {interval:5500 priority:100 sensor-configuration:1 batch:5 }  | -- on:3 reward:5.4732
STOKE: Config: 8 - Knobs: {interval:3500 priority:100 sensor-configuration:1 batch:5 }  | -- on:1 reward:4.3075
STOKE: Config: 9 - Knobs: {interval:1000 priority:100 sensor-configuration:1 batch:5 }  | -- on:2 reward:3.3966
STOKE: Config: 10 - Knobs: {interval:10000 priority:104 sensor-configuration:1 batch:1 }  | -- on:3 reward:-4.5274
STOKE: Config: 11 - Knobs: {interval:7750 priority:104 sensor-configuration:1 batch:1 }  | -- on:3 reward:7.7348
STOKE: Config: 12 - Knobs: {interval:5500 priority:104 sensor-configuration:1 batch:1 }  | -- on:4 reward:5.7379
STOKE: Config: 13 - Knobs: {interval:3500 priority:104 sensor-configuration:1 batch:1 }  | -- on:1 reward:3.2213
STOKE: Config: 14 - Knobs: {interval:1000 priority:104 sensor-configuration:1 batch:1 }  | -- on:78 reward:-1.0402
STOKE: Config: 15 - Knobs: {interval:10000 priority:100 sensor-configuration:1 batch:1 }  | -- on:2 reward:5.5955
STOKE: Config: 16 - Knobs: {interval:7750 priority:100 sensor-configuration:1 batch:1 }  | -- on:2 reward:-2.8856
STOKE: Config: 17 - Knobs: {interval:5500 priority:100 sensor-configuration:1 batch:1 }  | -- on:2 reward:4.4599
STOKE: Config: 18 - Knobs: {interval:3500 priority:100 sensor-configuration:1 batch:1 }  | -- on:3 reward:3.4955
STOKE: Config: 19 - Knobs: {interval:1000 priority:100 sensor-configuration:1 batch:1 }  | -- on:2 reward:-14.3712
