STOKE: Range:9000 Partition:2250 Middle:5500
==RUN 0==
==ROUND-START==
Bandit Runs:1 Tasks-in-Run:10
Self-Optimizer Rounds:0 Tasks-in-Round:0
Continuous Knob Rounds:Inf Tasks-in-Round:0
STOKE: Start Bat: 0.990000
MAPSME_GPS_RATE: 10000
MAPSME_GPS_PRIORITY: High Accuracy
MAPSME_GPS_BATCH: 1x

MAPSME_GPS_RATE: 10000
MAPSME_GPS_PRIORITY: High Accuracy
MAPSME_GPS_BATCH: 1x

MAPSME_GPS_RATE: 10000
MAPSME_GPS_PRIORITY: High Accuracy
MAPSME_GPS_BATCH: 1x

ETask 1: Configuration:0 Energy:0.0 Power:0.0 Reward:48.745993750080004 Time:32505 TotalReward:48.745993750080004
ETask 2: Configuration:1 Energy:0.0 Power:0.0 Reward:64.09754075455201 Time:32607 TotalReward:112.84353450463202
ETask 3: Configuration:2 Energy:0.0 Power:0.0 Reward:35.778372325956 Time:32617 TotalReward:148.62190683058802
ETask 4: Configuration:3 Energy:0.0 Power:0.0 Reward:38.5663849284 Time:32592 TotalReward:187.18829175898802
ETask 5: Configuration:4 Energy:0.0 Power:0.0 Reward:72.037419339612 Time:32532 TotalReward:259.2257110986
ETask 6: Configuration:4 Energy:0.0 Power:0.0 Reward:73.70100490222399 Time:32522 TotalReward:332.926716000824
ETask 7: Configuration:4 Energy:0.0 Power:0.0 Reward:78.94563351329998 Time:32506 TotalReward:411.872349514124
ETask 8: Configuration:4 Energy:0.0 Power:0.0 Reward:69.80286936014399 Time:32504 TotalReward:481.67521887426796
ETask 9: Configuration:4 Energy:0.0 Power:0.0 Reward:70.89541556427 Time:32505 TotalReward:552.5706344385379
ETask 10: Configuration:4 Energy:0.0 Power:0.0 Reward:72.75196257241599 Time:32506 TotalReward:625.3225970109539
ETask 11: Configuration:4 Energy:0.0 Power:0.0 Reward:85.23266514323198 Time:32504 TotalReward:710.5552621541859
STOKE: jouleRange: 4.77
STOKE: Tightening intervals
STOKE: Config: 0 - Knobs: {interval:10000 priority:100 sensor-configuration:1 batch:1 }  | -- on:1 joules:48.75 reward:0.8077
STOKE: Config: 1 - Knobs: {interval:7750 priority:100 sensor-configuration:1 batch:1 }  | -- on:1 joules:64.10 reward:0.9466
STOKE: Config: 2 - Knobs: {interval:5500 priority:100 sensor-configuration:1 batch:1 }  | -- on:1 joules:35.78 reward:0.6904
STOKE: Config: 3 - Knobs: {interval:3250 priority:100 sensor-configuration:1 batch:1 }  | -- on:1 joules:38.57 reward:0.7157
STOKE: Config: 4 - Knobs: {interval:1000 priority:100 sensor-configuration:1 batch:1 }  | -- on:7 joules:74.77 reward:0.9569
==ROUND-END==
STOKE: Range:4500 Partition:1125 Middle:1000
STOKE: Config: 0 - Knobs: {interval:3250 priority:100 sensor-configuration:1 batch:1 }  | -- on:0 joules:NaN reward:NaN
STOKE: Config: 1 - Knobs: {interval:2125 priority:100 sensor-configuration:1 batch:1 }  | -- on:0 joules:NaN reward:NaN
STOKE: Config: 2 - Knobs: {interval:1000 priority:100 sensor-configuration:1 batch:1 }  | -- on:0 joules:NaN reward:NaN
==ROUND-START==
ETask 1: Configuration:0 Energy:0.0 Power:0.0 Reward:72.15980011845001 Time:32549 TotalReward:72.15980011845001
ETask 2: Configuration:1 Energy:0.0 Power:0.0 Reward:68.3815690497 Time:32546 TotalReward:140.54136916815003
ETask 3: Configuration:2 Energy:0.0 Power:0.0 Reward:71.44584106555001 Time:32543 TotalReward:211.98721023370004
ETask 4: Configuration:2 Energy:0.0 Power:0.0 Reward:70.7058939864 Time:32506 TotalReward:282.69310422010005
ETask 5: Configuration:2 Energy:0.0 Power:0.0 Reward:76.96809608040002 Time:32508 TotalReward:359.66120030050007
ETask 6: Configuration:1 Energy:0.0 Power:0.0 Reward:44.95575642680001 Time:32551 TotalReward:404.6169567273001
ETask 7: Configuration:0 Energy:0.0 Power:0.0 Reward:39.61956617639999 Time:32553 TotalReward:444.23652290370006
ETask 8: Configuration:2 Energy:0.0 Power:0.0 Reward:71.66805596955 Time:32541 TotalReward:515.9045788732501
ETask 9: Configuration:2 Energy:0.0 Power:0.0 Reward:84.97304691593199 Time:32507 TotalReward:600.877625789182
ETask 10: Configuration:2 Energy:0.0 Power:0.0 Reward:86.82342861116999 Time:32510 TotalReward:687.7010544003521
ETask 11: Configuration:2 Energy:0.0 Power:0.0 Reward:89.011264069064 Time:32509 TotalReward:776.712318469416
STOKE: jouleRange: 8.80
STOKE: Widening intervals
STOKE: Config: 0 - Knobs: {interval:3250 priority:100 sensor-configuration:1 batch:1 }  | -- on:2 joules:55.89 reward:0.8724
STOKE: Config: 1 - Knobs: {interval:2125 priority:100 sensor-configuration:1 batch:1 }  | -- on:2 joules:56.67 reward:0.8794
STOKE: Config: 2 - Knobs: {interval:1000 priority:100 sensor-configuration:1 batch:1 }  | -- on:7 joules:78.80 reward:0.9204
==ROUND-END==
STOKE: Config: 0 - Knobs: {interval:10000 priority:100 sensor-configuration:1 batch:1 }  | -- on:0 joules:NaN reward:NaN
STOKE: Config: 1 - Knobs: {interval:7750 priority:100 sensor-configuration:1 batch:1 }  | -- on:0 joules:NaN reward:NaN
STOKE: Config: 2 - Knobs: {interval:5500 priority:100 sensor-configuration:1 batch:1 }  | -- on:0 joules:NaN reward:NaN
STOKE: Config: 3 - Knobs: {interval:3250 priority:100 sensor-configuration:1 batch:1 }  | -- on:0 joules:NaN reward:NaN
STOKE: Config: 4 - Knobs: {interval:1000 priority:100 sensor-configuration:1 batch:1 }  | -- on:0 joules:NaN reward:NaN
==ROUND-START==
ETask 1: Configuration:0 Energy:0.0 Power:0.0 Reward:51.537200379874 Time:32554 TotalReward:51.537200379874
ETask 2: Configuration:1 Energy:0.0 Power:0.0 Reward:38.31235292923999 Time:32552 TotalReward:89.84955330911399
ETask 3: Configuration:2 Energy:0.0 Power:0.0 Reward:69.91620875507998 Time:32540 TotalReward:159.76576206419395
ETask 4: Configuration:3 Energy:0.0 Power:0.0 Reward:56.605169334527 Time:32533 TotalReward:216.37093139872096
ETask 5: Configuration:4 Energy:0.0 Power:0.0 Reward:69.68893068650398 Time:32537 TotalReward:286.05986208522495
ETask 6: Configuration:2 Energy:0.0 Power:0.0 Reward:39.056143477248 Time:32563 TotalReward:325.11600556247294
ETask 7: Configuration:4 Energy:0.0 Power:0.0 Reward:72.73174298208001 Time:32533 TotalReward:397.8477485445529
ETask 8: Configuration:4 Energy:0.0 Power:0.0 Reward:69.65113905152 Time:32512 TotalReward:467.4988875960729
ETask 9: Configuration:4 Energy:0.0 Power:0.0 Reward:69.41978376319999 Time:32510 TotalReward:536.9186713592729
ETask 10: Configuration:4 Energy:0.0 Power:0.0 Reward:81.32936154720001 Time:32511 TotalReward:618.248032906473
ETask 11: Configuration:4 Energy:0.0 Power:0.0 Reward:87.79845276383999 Time:32507 TotalReward:706.046485670313
STOKE: jouleRange: 5.10
STOKE: Tightening intervals
STOKE: Config: 0 - Knobs: {interval:10000 priority:100 sensor-configuration:1 batch:1 }  | -- on:1 joules:51.54 reward:0.8330
STOKE: Config: 1 - Knobs: {interval:7750 priority:100 sensor-configuration:1 batch:1 }  | -- on:1 joules:38.31 reward:0.7134
STOKE: Config: 2 - Knobs: {interval:5500 priority:100 sensor-configuration:1 batch:1 }  | -- on:2 joules:54.49 reward:0.8597
STOKE: Config: 3 - Knobs: {interval:3250 priority:100 sensor-configuration:1 batch:1 }  | -- on:1 joules:56.61 reward:0.8788
STOKE: Config: 4 - Knobs: {interval:1000 priority:100 sensor-configuration:1 batch:1 }  | -- on:6 joules:75.10 reward:0.9538
==ROUND-END==
STOKE: Range:4500 Partition:1125 Middle:1000
STOKE: Config: 0 - Knobs: {interval:3250 priority:100 sensor-configuration:1 batch:1 }  | -- on:0 joules:NaN reward:NaN
STOKE: Config: 1 - Knobs: {interval:2125 priority:100 sensor-configuration:1 batch:1 }  | -- on:0 joules:NaN reward:NaN
STOKE: Config: 2 - Knobs: {interval:1000 priority:100 sensor-configuration:1 batch:1 }  | -- on:0 joules:NaN reward:NaN
==ROUND-START==
ETask 1: Configuration:0 Energy:0.0 Power:0.0 Reward:85.26005946432 Time:32562 TotalReward:85.26005946432
ETask 2: Configuration:1 Energy:0.0 Power:0.0 Reward:37.71299336479999 Time:32555 TotalReward:122.97305282911998
ETask 3: Configuration:2 Energy:0.0 Power:0.0 Reward:70.29804966911999 Time:32544 TotalReward:193.27110249823997
ETask 4: Configuration:2 Energy:0.0 Power:0.0 Reward:77.62904603674599 Time:32507 TotalReward:270.900148534986
ETask 5: Configuration:2 Energy:0.0 Power:0.0 Reward:69.23425673551998 Time:32510 TotalReward:340.13440527050597
ETask 6: Configuration:2 Energy:0.0 Power:0.0 Reward:83.97850503932999 Time:32510 TotalReward:424.11291030983597
ETask 7: Configuration:2 Energy:0.0 Power:0.0 Reward:84.646218074544 Time:32508 TotalReward:508.75912838437995
ETask 8: Configuration:2 Energy:0.0 Power:0.0 Reward:92.904926772168 Time:32508 TotalReward:601.664055156548
ETask 9: Configuration:2 Energy:0.0 Power:0.0 Reward:86.338773588564 Time:32508 TotalReward:688.002828745112
ETask 10: Configuration:0 Energy:0.0 Power:0.0 Reward:52.487416894823994 Time:32558 TotalReward:740.490245639936
ETask 11: Configuration:0 Energy:0.0 Power:0.0 Reward:40.374459279793996 Time:32507 TotalReward:780.86470491973
ETask 12: Configuration:0 Energy:0.0 Power:0.0 Reward:64.644058235916 Time:32514 TotalReward:845.508763155646
ETask 13: Configuration:0 Energy:0.0 Power:0.0 Reward:69.376942110872 Time:32516 TotalReward:914.885705266518
ETask 14: Configuration:0 Energy:0.0 Power:0.0 Reward:68.48617891461602 Time:32511 TotalReward:983.3718841811341
ETask 15: Configuration:0 Energy:0.0 Power:0.0 Reward:83.0082341186 Time:32515 TotalReward:1066.380118299734
ETask 16: Configuration:0 Energy:0.0 Power:0.0 Reward:56.097698065920014 Time:32508 TotalReward:1122.477816365654
ETask 17: Configuration:0 Energy:0.0 Power:0.0 Reward:37.19499775250001 Time:32515 TotalReward:1159.672814118154
STOKE: jouleRange: 8.12
STOKE: Widening intervals
STOKE: Config: 0 - Knobs: {interval:3250 priority:100 sensor-configuration:1 batch:1 }  | -- on:9 joules:61.88 reward:0.9266
STOKE: Config: 1 - Knobs: {interval:2125 priority:100 sensor-configuration:1 batch:1 }  | -- on:1 joules:37.71 reward:0.7079
STOKE: Config: 2 - Knobs: {interval:1000 priority:100 sensor-configuration:1 batch:1 }  | -- on:7 joules:80.72 reward:0.9030
==ROUND-END==
STOKE: Config: 0 - Knobs: {interval:10000 priority:100 sensor-configuration:1 batch:1 }  | -- on:0 joules:NaN reward:NaN
STOKE: Config: 1 - Knobs: {interval:7750 priority:100 sensor-configuration:1 batch:1 }  | -- on:0 joules:NaN reward:NaN
STOKE: Config: 2 - Knobs: {interval:5500 priority:100 sensor-configuration:1 batch:1 }  | -- on:0 joules:NaN reward:NaN
STOKE: Config: 3 - Knobs: {interval:3250 priority:100 sensor-configuration:1 batch:1 }  | -- on:0 joules:NaN reward:NaN
STOKE: Config: 4 - Knobs: {interval:1000 priority:100 sensor-configuration:1 batch:1 }  | -- on:0 joules:NaN reward:NaN
==ROUND-START==
ETask 1: Configuration:0 Energy:0.0 Power:0.0 Reward:36.591603825762 Time:32561 TotalReward:36.591603825762
ETask 2: Configuration:1 Energy:0.0 Power:0.0 Reward:38.722688354602006 Time:32543 TotalReward:75.314292180364
ETask 3: Configuration:2 Energy:0.0 Power:0.0 Reward:39.951952341392 Time:32543 TotalReward:115.26624452175601
ETask 4: Configuration:3 Energy:0.0 Power:0.0 Reward:37.61166005118601 Time:32539 TotalReward:152.87790457294201
ETask 5: Configuration:4 Energy:0.0 Power:0.0 Reward:74.787138344952 Time:32551 TotalReward:227.66504291789403
ETask 6: Configuration:4 Energy:0.0 Power:0.0 Reward:87.973065989424 Time:32508 TotalReward:315.63810890731804
ETask 7: Configuration:4 Energy:0.0 Power:0.0 Reward:70.423308487224 Time:32508 TotalReward:386.06141739454205
ETask 8: Configuration:4 Energy:0.0 Power:0.0 Reward:85.70267393666 Time:32506 TotalReward:471.76409133120205
ETask 9: Configuration:4 Energy:0.0 Power:0.0 Reward:93.33112290304 Time:32512 TotalReward:565.095214234242
ETask 10: Configuration:4 Energy:0.0 Power:0.0 Reward:89.67121379053201 Time:32517 TotalReward:654.766428024774
ETask 11: Configuration:4 Energy:0.0 Power:0.0 Reward:90.836305743456 Time:32508 TotalReward:745.60273376823
STOKE: jouleRange: 14.67
STOKE: Tightening intervals
STOKE: Config: 0 - Knobs: {interval:10000 priority:100 sensor-configuration:1 batch:1 }  | -- on:1 joules:36.59 reward:0.6978
STOKE: Config: 1 - Knobs: {interval:7750 priority:100 sensor-configuration:1 batch:1 }  | -- on:1 joules:38.72 reward:0.7171
STOKE: Config: 2 - Knobs: {interval:5500 priority:100 sensor-configuration:1 batch:1 }  | -- on:1 joules:39.95 reward:0.7282
STOKE: Config: 3 - Knobs: {interval:3250 priority:100 sensor-configuration:1 batch:1 }  | -- on:1 joules:37.61 reward:0.7070
STOKE: Config: 4 - Knobs: {interval:1000 priority:100 sensor-configuration:1 batch:1 }  | -- on:7 joules:84.67 reward:0.8673
==ROUND-END==
STOKE: Range:4500 Partition:1125 Middle:1000
STOKE: Config: 0 - Knobs: {interval:3250 priority:100 sensor-configuration:1 batch:1 }  | -- on:0 joules:NaN reward:NaN
STOKE: Config: 1 - Knobs: {interval:2125 priority:100 sensor-configuration:1 batch:1 }  | -- on:0 joules:NaN reward:NaN
STOKE: Config: 2 - Knobs: {interval:1000 priority:100 sensor-configuration:1 batch:1 }  | -- on:0 joules:NaN reward:NaN
==ROUND-START==
ETask 1: Configuration:0 Energy:0.0 Power:0.0 Reward:74.15015246802 Time:32559 TotalReward:74.15015246802
ETask 2: Configuration:1 Energy:0.0 Power:0.0 Reward:88.124505218232 Time:32543 TotalReward:162.274657686252
ETask 3: Configuration:2 Energy:0.0 Power:0.0 Reward:69.25023882705601 Time:32536 TotalReward:231.52489651330802
ETask 4: Configuration:2 Energy:0.0 Power:0.0 Reward:69.815227752648 Time:32508 TotalReward:301.34012426595604
ETask 5: Configuration:2 Energy:0.0 Power:0.0 Reward:70.26499500174 Time:32511 TotalReward:371.60511926769607
ETask 6: Configuration:2 Energy:0.0 Power:0.0 Reward:85.070518797876 Time:32509 TotalReward:456.67563806557206
ETask 7: Configuration:2 Energy:0.0 Power:0.0 Reward:75.74134032829201 Time:32509 TotalReward:532.416978393864
ETask 8: Configuration:2 Energy:0.0 Power:0.0 Reward:71.906299080518 Time:32507 TotalReward:604.323277474382
ETask 9: Configuration:2 Energy:0.0 Power:0.0 Reward:70.138046217316 Time:32506 TotalReward:674.461323691698
ETask 10: Configuration:2 Energy:0.0 Power:0.0 Reward:71.000944187152 Time:32506 TotalReward:745.46226787885
ETask 11: Configuration:2 Energy:0.0 Power:0.0 Reward:72.987674370408 Time:32506 TotalReward:818.4499422492579
STOKE: jouleRange: 2.91
STOKE: Tightening intervals
STOKE: Config: 0 - Knobs: {interval:3250 priority:100 sensor-configuration:1 batch:1 }  | -- on:1 joules:74.15 reward:0.9625
STOKE: Config: 1 - Knobs: {interval:2125 priority:100 sensor-configuration:1 batch:1 }  | -- on:1 joules:88.12 reward:0.8361
STOKE: Config: 2 - Knobs: {interval:1000 priority:100 sensor-configuration:1 batch:1 }  | -- on:9 joules:72.91 reward:0.9737
==ROUND-END==
STOKE: Range:1125 Partition:281 Middle:1000
STOKE: Config: 0 - Knobs: {interval:1562 priority:100 sensor-configuration:1 batch:1 }  | -- on:0 joules:NaN reward:NaN
STOKE: Config: 1 - Knobs: {interval:1281 priority:100 sensor-configuration:1 batch:1 }  | -- on:0 joules:NaN reward:NaN
STOKE: Config: 2 - Knobs: {interval:1000 priority:100 sensor-configuration:1 batch:1 }  | -- on:0 joules:NaN reward:NaN
==ROUND-START==
ETask 1: Configuration:0 Energy:0.0 Power:0.0 Reward:71.936678451288 Time:32548 TotalReward:71.936678451288
ETask 2: Configuration:1 Energy:0.0 Power:0.0 Reward:82.405707108872 Time:32548 TotalReward:154.34238556015998
ETask 3: Configuration:2 Energy:0.0 Power:0.0 Reward:84.733186399134 Time:32539 TotalReward:239.075571959294
ETask 4: Configuration:0 Energy:0.0 Power:0.0 Reward:82.08172153922399 Time:32534 TotalReward:321.157293498518
ETask 5: Configuration:0 Energy:0.0 Power:0.0 Reward:92.273175402408 Time:32508 TotalReward:413.43046890092603
ETask 6: Configuration:0 Energy:0.0 Power:0.0 Reward:84.82984968754799 Time:32508 TotalReward:498.26031858847404
ETask 7: Configuration:1 Energy:0.0 Power:0.0 Reward:84.38179001370298 Time:32543 TotalReward:582.642108602177
ETask 8: Configuration:0 Energy:0.0 Power:0.0 Reward:74.04109579250999 Time:32555 TotalReward:656.683204394687
ETask 9: Configuration:0 Energy:0.0 Power:0.0 Reward:92.47247727352 Time:32509 TotalReward:749.155681668207
ETask 10: Configuration:0 Energy:0.0 Power:0.0 Reward:151.298461928726 Time:32507 TotalReward:900.4541435969329
ETask 11: Configuration:1 Energy:0.0 Power:0.0 Reward:98.253136956904 Time:32537 TotalReward:998.7072805538369
ETask 12: Configuration:2 Energy:0.0 Power:0.0 Reward:69.59733402971001 Time:32545 TotalReward:1068.304614583547
ETask 13: Configuration:2 Energy:0.0 Power:0.0 Reward:71.61832239710401 Time:32508 TotalReward:1139.922936980651
ETask 14: Configuration:2 Energy:0.0 Power:0.0 Reward:80.46903051891202 Time:32506 TotalReward:1220.391967499563
ETask 15: Configuration:2 Energy:0.0 Power:0.0 Reward:90.59205449992001 Time:32506 TotalReward:1310.984021999483
ETask 16: Configuration:2 Energy:0.0 Power:0.0 Reward:80.652247680312 Time:32508 TotalReward:1391.636269679795
ETask 17: Configuration:2 Energy:0.0 Power:0.0 Reward:79.33977819004 Time:32506 TotalReward:1470.9760478698352
ETask 18: Configuration:2 Energy:0.0 Power:0.0 Reward:67.30149626774799 Time:32509 TotalReward:1538.2775441375832
ETask 19: Configuration:0 Energy:0.0 Power:0.0 Reward:67.22350971930399 Time:32548 TotalReward:1605.5010538568872
ETask 20: Configuration:2 Energy:0.0 Power:0.0 Reward:76.822667919452 Time:32539 TotalReward:1682.3237217763392
ETask 21: Configuration:2 Energy:0.0 Power:0.0 Reward:75.32296014852001 Time:32508 TotalReward:1757.6466819248592
ETask 22: Configuration:2 Energy:0.0 Power:0.0 Reward:88.200448721784 Time:32508 TotalReward:1845.847130646643
ETask 23: Configuration:2 Energy:0.0 Power:0.0 Reward:99.11039248588801 Time:32506 TotalReward:1944.9575231325312
STOKE: jouleRange: 10.31
STOKE: Widening intervals
STOKE: Config: 0 - Knobs: {interval:1562 priority:100 sensor-configuration:1 batch:1 }  | -- on:8 joules:89.52 reward:0.9140
STOKE: Config: 1 - Knobs: {interval:1281 priority:100 sensor-configuration:1 batch:1 }  | -- on:3 joules:88.35 reward:0.9192
STOKE: Config: 2 - Knobs: {interval:1000 priority:100 sensor-configuration:1 batch:1 }  | -- on:12 joules:80.31 reward:0.9546
==ROUND-END==
STOKE: Config: 0 - Knobs: {interval:3250 priority:100 sensor-configuration:1 batch:1 }  | -- on:0 joules:NaN reward:NaN
STOKE: Config: 1 - Knobs: {interval:2125 priority:100 sensor-configuration:1 batch:1 }  | -- on:0 joules:NaN reward:NaN
STOKE: Config: 2 - Knobs: {interval:1000 priority:100 sensor-configuration:1 batch:1 }  | -- on:0 joules:NaN reward:NaN
==ROUND-START==
ETask 1: Configuration:0 Energy:0.0 Power:0.0 Reward:84.20630950692 Time:32580 TotalReward:84.20630950692
ETask 2: Configuration:1 Energy:0.0 Power:0.0 Reward:70.21581650487201 Time:32563 TotalReward:154.422126011792
ETask 3: Configuration:2 Energy:0.0 Power:0.0 Reward:70.489934633944 Time:32543 TotalReward:224.912060645736
ETask 4: Configuration:1 Energy:0.0 Power:0.0 Reward:49.808608431749995 Time:32550 TotalReward:274.720669077486
ETask 5: Configuration:2 Energy:0.0 Power:0.0 Reward:70.8699127149 Time:32539 TotalReward:345.590581792386
ETask 6: Configuration:2 Energy:0.0 Power:0.0 Reward:82.60016607396 Time:32507 TotalReward:428.190747866346
ETask 7: Configuration:2 Energy:0.0 Power:0.0 Reward:69.72744673529999 Time:32507 TotalReward:497.91819460164595
ETask 8: Configuration:2 Energy:0.0 Power:0.0 Reward:70.47795501945001 Time:32505 TotalReward:568.3961496210959
ETask 9: Configuration:2 Energy:0.0 Power:0.0 Reward:72.12007135386199 Time:32507 TotalReward:640.5162209749578
ETask 10: Configuration:2 Energy:0.0 Power:0.0 Reward:81.075837557748 Time:32507 TotalReward:721.5920585327058
ETask 11: Configuration:2 Energy:0.0 Power:0.0 Reward:78.691355335404 Time:32508 TotalReward:800.2834138681097
STOKE: jouleRange: 4.51
STOKE: Tightening intervals
STOKE: Config: 0 - Knobs: {interval:3250 priority:100 sensor-configuration:1 batch:1 }  | -- on:1 joules:84.21 reward:0.9374
STOKE: Config: 1 - Knobs: {interval:2125 priority:100 sensor-configuration:1 batch:1 }  | -- on:2 joules:60.01 reward:0.9560
STOKE: Config: 2 - Knobs: {interval:1000 priority:100 sensor-configuration:1 batch:1 }  | -- on:8 joules:74.51 reward:0.9801
==ROUND-END==
STOKE: Range:1125 Partition:281 Middle:1000
STOKE: Config: 0 - Knobs: {interval:1562 priority:100 sensor-configuration:1 batch:1 }  | -- on:0 joules:NaN reward:NaN
STOKE: Config: 1 - Knobs: {interval:1281 priority:100 sensor-configuration:1 batch:1 }  | -- on:0 joules:NaN reward:NaN
STOKE: Config: 2 - Knobs: {interval:1000 priority:100 sensor-configuration:1 batch:1 }  | -- on:0 joules:NaN reward:NaN
==ROUND-START==
ETask 1: Configuration:0 Energy:0.0 Power:0.0 Reward:72.87173600647199 Time:32552 TotalReward:72.87173600647199
ETask 2: Configuration:1 Energy:0.0 Power:0.0 Reward:105.53145064665 Time:32658 TotalReward:178.403186653122
ETask 3: Configuration:2 Energy:0.0 Power:0.0 Reward:71.51308474740499 Time:32545 TotalReward:249.91627140052697
ETask 4: Configuration:2 Energy:0.0 Power:0.0 Reward:69.36892367488 Time:32512 TotalReward:319.28519507540693
ETask 5: Configuration:2 Energy:0.0 Power:0.0 Reward:85.23710075681998 Time:32507 TotalReward:404.5222958322269
ETask 6: Configuration:0 Energy:0.0 Power:0.0 Reward:150.9387359931 Time:32535 TotalReward:555.4610318253269
ETask 7: Configuration:2 Energy:0.0 Power:0.0 Reward:99.720616446 Time:32540 TotalReward:655.1816482713269
ETask 8: Configuration:1 Energy:0.0 Power:0.0 Reward:72.771970849905 Time:32533 TotalReward:727.9536191212319
ETask 9: Configuration:2 Energy:0.0 Power:0.0 Reward:66.646421120475 Time:32535 TotalReward:794.6000402417069
ETask 10: Configuration:2 Energy:0.0 Power:0.0 Reward:69.21119006549999 Time:32507 TotalReward:863.8112303072069
ETask 11: Configuration:2 Energy:0.0 Power:0.0 Reward:76.97921017223798 Time:32507 TotalReward:940.7904404794449
Hit safety!
ERROR: We got 'done' signal before finishing experiment!
ERun: Time:3887070
==END-RUN 0==
STOKE: Config: 0 - Knobs: {interval:1562 priority:100 sensor-configuration:1 batch:1 }  | -- on:2 joules:111.91 reward:0.8154
STOKE: Config: 1 - Knobs: {interval:1281 priority:100 sensor-configuration:1 batch:1 }  | -- on:2 joules:89.15 reward:0.9156
STOKE: Config: 2 - Knobs: {interval:1000 priority:100 sensor-configuration:1 batch:1 }  | -- on:7 joules:76.95 reward:0.9694
STOKE: Range:9000 Partition:2250 Middle:5500
==RUN 1==
==ROUND-START==
Bandit Runs:1 Tasks-in-Run:10
Self-Optimizer Rounds:0 Tasks-in-Round:0
Continuous Knob Rounds:Inf Tasks-in-Round:0
STOKE: Start Bat: 0.950000
MAPSME_GPS_RATE: 10000
MAPSME_GPS_PRIORITY: High Accuracy
MAPSME_GPS_BATCH: 1x

MAPSME_GPS_RATE: 10000
MAPSME_GPS_PRIORITY: High Accuracy
MAPSME_GPS_BATCH: 1x

MAPSME_GPS_RATE: 10000
MAPSME_GPS_PRIORITY: High Accuracy
MAPSME_GPS_BATCH: 1x

ETask 1: Configuration:0 Energy:0.0 Power:0.0 Reward:54.051125596272 Time:32514 TotalReward:54.051125596272
ETask 2: Configuration:1 Energy:0.0 Power:0.0 Reward:83.393873248596 Time:32609 TotalReward:137.444998844868
ETask 3: Configuration:2 Energy:0.0 Power:0.0 Reward:36.03386852545499 Time:32631 TotalReward:173.47886737032297
ETask 4: Configuration:3 Energy:0.0 Power:0.0 Reward:75.32375131511999 Time:32620 TotalReward:248.80261868544295
ETask 5: Configuration:4 Energy:0.0 Power:0.0 Reward:78.00594092181299 Time:32533 TotalReward:326.8085596072559
ETask 6: Configuration:3 Energy:0.0 Power:0.0 Reward:35.243438431426 Time:32542 TotalReward:362.0519980386819
ETask 7: Configuration:4 Energy:0.0 Power:0.0 Reward:128.715755944655 Time:32549 TotalReward:490.7677539833369
ETask 8: Configuration:1 Energy:0.0 Power:0.0 Reward:77.328302633868 Time:32539 TotalReward:568.0960566172049
ETask 9: Configuration:1 Energy:0.0 Power:0.0 Reward:66.05545134622399 Time:32504 TotalReward:634.1515079634289
ETask 10: Configuration:1 Energy:0.0 Power:0.0 Reward:68.40793224561601 Time:32506 TotalReward:702.559440209045
ETask 11: Configuration:1 Energy:0.0 Power:0.0 Reward:103.520695478928 Time:32511 TotalReward:806.080135687973
ETask 12: Configuration:1 Energy:0.0 Power:0.0 Reward:80.776024392222 Time:32511 TotalReward:886.856160080195
ETask 13: Configuration:1 Energy:0.0 Power:0.0 Reward:79.32841428372 Time:32515 TotalReward:966.184574363915
STOKE: jouleRange: 9.83
STOKE: Tightening intervals
STOKE: Config: 0 - Knobs: {interval:10000 priority:100 sensor-configuration:1 batch:1 }  | -- on:1 joules:54.05 reward:0.9174
STOKE: Config: 1 - Knobs: {interval:7750 priority:100 sensor-configuration:1 batch:1 }  | -- on:7 joules:79.83 reward:0.9491
STOKE: Config: 2 - Knobs: {interval:5500 priority:100 sensor-configuration:1 batch:1 }  | -- on:1 joules:36.03 reward:0.8241
STOKE: Config: 3 - Knobs: {interval:3250 priority:100 sensor-configuration:1 batch:1 }  | -- on:2 joules:55.28 reward:0.9238
STOKE: Config: 4 - Knobs: {interval:1000 priority:100 sensor-configuration:1 batch:1 }  | -- on:2 joules:103.36 reward:0.8272
==ROUND-END==
STOKE: Range:4500 Partition:1125 Middle:7750
STOKE: Config: 0 - Knobs: {interval:10000 priority:100 sensor-configuration:1 batch:1 }  | -- on:0 joules:NaN reward:NaN
STOKE: Config: 1 - Knobs: {interval:8875 priority:100 sensor-configuration:1 batch:1 }  | -- on:0 joules:NaN reward:NaN
STOKE: Config: 2 - Knobs: {interval:7750 priority:100 sensor-configuration:1 batch:1 }  | -- on:0 joules:NaN reward:NaN
STOKE: Config: 3 - Knobs: {interval:6625 priority:100 sensor-configuration:1 batch:1 }  | -- on:0 joules:NaN reward:NaN
STOKE: Config: 4 - Knobs: {interval:5500 priority:100 sensor-configuration:1 batch:1 }  | -- on:0 joules:NaN reward:NaN
==ROUND-START==
ETask 1: Configuration:0 Energy:0.0 Power:0.0 Reward:50.402114048819996 Time:32542 TotalReward:50.402114048819996
ETask 2: Configuration:1 Energy:0.0 Power:0.0 Reward:66.34249534499999 Time:32550 TotalReward:116.74460939381999
ETask 3: Configuration:2 Energy:0.0 Power:0.0 Reward:97.55251954843197 Time:32547 TotalReward:214.29712894225196
ETask 4: Configuration:3 Energy:0.0 Power:0.0 Reward:65.28961177055999 Time:32535 TotalReward:279.58674071281195
ETask 5: Configuration:4 Energy:0.0 Power:0.0 Reward:83.612073074244 Time:32534 TotalReward:363.19881378705594
ETask 6: Configuration:1 Energy:0.0 Power:0.0 Reward:44.764414378096 Time:32536 TotalReward:407.9632281651519
ETask 7: Configuration:3 Energy:0.0 Power:0.0 Reward:34.58164728899 Time:32545 TotalReward:442.5448754541419
ETask 8: Configuration:4 Energy:0.0 Power:0.0 Reward:85.10268770549999 Time:32535 TotalReward:527.6475631596419
ETask 9: Configuration:4 Energy:0.0 Power:0.0 Reward:66.090755570112 Time:32508 TotalReward:593.7383187297539
ETask 10: Configuration:4 Energy:0.0 Power:0.0 Reward:72.264193292612 Time:32509 TotalReward:666.002512022366
ETask 11: Configuration:4 Energy:0.0 Power:0.0 Reward:35.559540448671996 Time:32507 TotalReward:701.562052471038
ETask 12: Configuration:4 Energy:0.0 Power:0.0 Reward:35.418080011104 Time:32508 TotalReward:736.980132482142
ETask 13: Configuration:4 Energy:0.0 Power:0.0 Reward:36.86191100975199 Time:32506 TotalReward:773.8420434918941
STOKE: jouleRange: 10.73
STOKE: Widening intervals
STOKE: Config: 0 - Knobs: {interval:10000 priority:100 sensor-configuration:1 batch:1 }  | -- on:1 joules:50.40 reward:0.8985
STOKE: Config: 1 - Knobs: {interval:8875 priority:100 sensor-configuration:1 batch:1 }  | -- on:2 joules:55.55 reward:0.9252
STOKE: Config: 2 - Knobs: {interval:7750 priority:100 sensor-configuration:1 batch:1 }  | -- on:1 joules:97.55 reward:0.8573
STOKE: Config: 3 - Knobs: {interval:6625 priority:100 sensor-configuration:1 batch:1 }  | -- on:2 joules:49.94 reward:0.8961
STOKE: Config: 4 - Knobs: {interval:5500 priority:100 sensor-configuration:1 batch:1 }  | -- on:7 joules:59.27 reward:0.9444
==ROUND-END==
STOKE: Config: 0 - Knobs: {interval:10000 priority:100 sensor-configuration:1 batch:1 }  | -- on:0 joules:NaN reward:NaN
STOKE: Config: 1 - Knobs: {interval:7750 priority:100 sensor-configuration:1 batch:1 }  | -- on:0 joules:NaN reward:NaN
STOKE: Config: 2 - Knobs: {interval:5500 priority:100 sensor-configuration:1 batch:1 }  | -- on:0 joules:NaN reward:NaN
STOKE: Config: 3 - Knobs: {interval:3250 priority:100 sensor-configuration:1 batch:1 }  | -- on:0 joules:NaN reward:NaN
STOKE: Config: 4 - Knobs: {interval:1000 priority:100 sensor-configuration:1 batch:1 }  | -- on:0 joules:NaN reward:NaN
==ROUND-START==
ETask 1: Configuration:0 Energy:0.0 Power:0.0 Reward:67.60684925876701 Time:32541 TotalReward:67.60684925876701
ETask 2: Configuration:1 Energy:0.0 Power:0.0 Reward:36.124306451100004 Time:32570 TotalReward:103.73115570986701
ETask 3: Configuration:2 Energy:0.0 Power:0.0 Reward:49.498374469635 Time:32539 TotalReward:153.229530179502
ETask 4: Configuration:3 Energy:0.0 Power:0.0 Reward:69.0330674733 Time:32532 TotalReward:222.26259765280201
ETask 5: Configuration:4 Energy:0.0 Power:0.0 Reward:67.482397673908 Time:32554 TotalReward:289.74499532671
ETask 6: Configuration:3 Energy:0.0 Power:0.0 Reward:72.96397170832 Time:32560 TotalReward:362.70896703503
ETask 7: Configuration:3 Energy:0.0 Power:0.0 Reward:78.016891162322 Time:32506 TotalReward:440.725858197352
ETask 8: Configuration:0 Energy:0.0 Power:0.0 Reward:35.5902711654 Time:32550 TotalReward:476.316129362752
ETask 9: Configuration:4 Energy:0.0 Power:0.0 Reward:72.871275462006 Time:32546 TotalReward:549.187404824758
ETask 10: Configuration:4 Energy:0.0 Power:0.0 Reward:69.02315268080402 Time:32508 TotalReward:618.2105575055621
ETask 11: Configuration:4 Energy:0.0 Power:0.0 Reward:82.40588328823202 Time:32508 TotalReward:700.616440793794
ETask 12: Configuration:4 Energy:0.0 Power:0.0 Reward:83.66735362759202 Time:32508 TotalReward:784.283794421386
ETask 13: Configuration:3 Energy:0.0 Power:0.0 Reward:51.940119971376 Time:32568 TotalReward:836.223914392762
ETask 14: Configuration:3 Energy:0.0 Power:0.0 Reward:53.28584244550001 Time:32506 TotalReward:889.5097568382621
ETask 15: Configuration:3 Energy:0.0 Power:0.0 Reward:37.11766409523201 Time:32512 TotalReward:926.6274209334941
ETask 16: Configuration:4 Energy:0.0 Power:0.0 Reward:69.19448980310999 Time:32553 TotalReward:995.8219107366041
ETask 17: Configuration:4 Energy:0.0 Power:0.0 Reward:73.475706650738 Time:32509 TotalReward:1069.2976173873421
ETask 18: Configuration:4 Energy:0.0 Power:0.0 Reward:73.209017766528 Time:32508 TotalReward:1142.50663515387
ETask 19: Configuration:4 Energy:0.0 Power:0.0 Reward:72.386643869617 Time:32507 TotalReward:1214.8932790234871
ETask 20: Configuration:0 Energy:0.0 Power:0.0 Reward:36.146075162004 Time:32558 TotalReward:1251.0393541854912
ETask 21: Configuration:4 Energy:0.0 Power:0.0 Reward:72.67242895515899 Time:32527 TotalReward:1323.7117831406501
ETask 22: Configuration:4 Energy:0.0 Power:0.0 Reward:69.576149755503 Time:32511 TotalReward:1393.287932896153
ETask 23: Configuration:4 Energy:0.0 Power:0.0 Reward:82.72888167096002 Time:32508 TotalReward:1476.016814567113
STOKE: jouleRange: 4.06
STOKE: Tightening intervals
STOKE: Config: 0 - Knobs: {interval:10000 priority:100 sensor-configuration:1 batch:1 }  | -- on:3 joules:46.45 reward:0.8780
STOKE: Config: 1 - Knobs: {interval:7750 priority:100 sensor-configuration:1 batch:1 }  | -- on:1 joules:36.12 reward:0.8245
STOKE: Config: 2 - Knobs: {interval:5500 priority:100 sensor-configuration:1 batch:1 }  | -- on:1 joules:49.50 reward:0.8938
STOKE: Config: 3 - Knobs: {interval:3250 priority:100 sensor-configuration:1 batch:1 }  | -- on:6 joules:60.39 reward:0.9502
STOKE: Config: 4 - Knobs: {interval:1000 priority:100 sensor-configuration:1 batch:1 }  | -- on:12 joules:74.06 reward:0.9790
==ROUND-END==
STOKE: Range:4500 Partition:1125 Middle:1000
STOKE: Config: 0 - Knobs: {interval:3250 priority:100 sensor-configuration:1 batch:1 }  | -- on:0 joules:NaN reward:NaN
STOKE: Config: 1 - Knobs: {interval:2125 priority:100 sensor-configuration:1 batch:1 }  | -- on:0 joules:NaN reward:NaN
STOKE: Config: 2 - Knobs: {interval:1000 priority:100 sensor-configuration:1 batch:1 }  | -- on:0 joules:NaN reward:NaN
==ROUND-START==
ETask 1: Configuration:0 Energy:0.0 Power:0.0 Reward:37.655050697685006 Time:32573 TotalReward:37.655050697685006
ETask 2: Configuration:1 Energy:0.0 Power:0.0 Reward:70.379866853226 Time:32543 TotalReward:108.03491755091102
ETask 3: Configuration:2 Energy:0.0 Power:0.0 Reward:94.59068967527402 Time:32539 TotalReward:202.62560722618502
ETask 4: Configuration:1 Energy:0.0 Power:0.0 Reward:37.092629844 Time:32528 TotalReward:239.718237070185
ETask 5: Configuration:1 Energy:0.0 Power:0.0 Reward:72.28161280991398 Time:32507 TotalReward:311.99984988009896
ETask 6: Configuration:1 Energy:0.0 Power:0.0 Reward:37.48118177556 Time:32506 TotalReward:349.48103165565897
ETask 7: Configuration:1 Energy:0.0 Power:0.0 Reward:70.637264570376 Time:32508 TotalReward:420.118296226035
ETask 8: Configuration:1 Energy:0.0 Power:0.0 Reward:75.80504971607999 Time:32510 TotalReward:495.923345942115
ETask 9: Configuration:1 Energy:0.0 Power:0.0 Reward:53.636551633631996 Time:32516 TotalReward:549.5598975757471
ETask 10: Configuration:1 Energy:0.0 Power:0.0 Reward:89.56921192877999 Time:32518 TotalReward:639.129109504527
ETask 11: Configuration:1 Energy:0.0 Power:0.0 Reward:85.69716348591598 Time:32507 TotalReward:724.826272990443
STOKE: jouleRange: 4.16
STOKE: Widening intervals
STOKE: Config: 0 - Knobs: {interval:3250 priority:100 sensor-configuration:1 batch:1 }  | -- on:1 joules:37.66 reward:0.8325
STOKE: Config: 1 - Knobs: {interval:2125 priority:100 sensor-configuration:1 batch:1 }  | -- on:9 joules:65.84 reward:0.9785
STOKE: Config: 2 - Knobs: {interval:1000 priority:100 sensor-configuration:1 batch:1 }  | -- on:1 joules:94.59 reward:0.8726
==ROUND-END==
STOKE: Config: 0 - Knobs: {interval:10000 priority:100 sensor-configuration:1 batch:1 }  | -- on:0 joules:NaN reward:NaN
STOKE: Config: 1 - Knobs: {interval:7750 priority:100 sensor-configuration:1 batch:1 }  | -- on:0 joules:NaN reward:NaN
STOKE: Config: 2 - Knobs: {interval:5500 priority:100 sensor-configuration:1 batch:1 }  | -- on:0 joules:NaN reward:NaN
STOKE: Config: 3 - Knobs: {interval:3250 priority:100 sensor-configuration:1 batch:1 }  | -- on:0 joules:NaN reward:NaN
STOKE: Config: 4 - Knobs: {interval:1000 priority:100 sensor-configuration:1 batch:1 }  | -- on:0 joules:NaN reward:NaN
==ROUND-START==
ETask 1: Configuration:0 Energy:0.0 Power:0.0 Reward:50.440428318876 Time:32566 TotalReward:50.440428318876
ETask 2: Configuration:1 Energy:0.0 Power:0.0 Reward:55.307313724776 Time:32554 TotalReward:105.74774204365201
ETask 3: Configuration:2 Energy:0.0 Power:0.0 Reward:38.457494374739994 Time:32540 TotalReward:144.20523641839202
ETask 4: Configuration:3 Energy:0.0 Power:0.0 Reward:72.98909058038001 Time:32539 TotalReward:217.19432699877203
ETask 5: Configuration:4 Energy:0.0 Power:0.0 Reward:81.62487923393999 Time:32541 TotalReward:298.819206232712
ETask 6: Configuration:3 Energy:0.0 Power:0.0 Reward:40.725511280960006 Time:32560 TotalReward:339.544717513672
ETask 7: Configuration:4 Energy:0.0 Power:0.0 Reward:69.859298676552 Time:32543 TotalReward:409.404016190224
ETask 8: Configuration:2 Energy:0.0 Power:0.0 Reward:36.237335912832 Time:32561 TotalReward:445.641352103056
ETask 9: Configuration:4 Energy:0.0 Power:0.0 Reward:72.155162354688 Time:32544 TotalReward:517.796514457744
ETask 10: Configuration:4 Energy:0.0 Power:0.0 Reward:69.65707836516002 Time:32505 TotalReward:587.453592822904
ETask 11: Configuration:4 Energy:0.0 Power:0.0 Reward:68.67239204826001 Time:32505 TotalReward:656.1259848711641
ETask 12: Configuration:4 Energy:0.0 Power:0.0 Reward:71.078456369452 Time:32506 TotalReward:727.204441240616
ETask 13: Configuration:4 Energy:0.0 Power:0.0 Reward:97.121878600894 Time:32506 TotalReward:824.32631984151
STOKE: jouleRange: 5.74
STOKE: Tightening intervals
STOKE: Config: 0 - Knobs: {interval:10000 priority:100 sensor-configuration:1 batch:1 }  | -- on:1 joules:50.44 reward:0.8987
STOKE: Config: 1 - Knobs: {interval:7750 priority:100 sensor-configuration:1 batch:1 }  | -- on:1 joules:55.31 reward:0.9239
STOKE: Config: 2 - Knobs: {interval:5500 priority:100 sensor-configuration:1 batch:1 }  | -- on:2 joules:37.35 reward:0.8309
STOKE: Config: 3 - Knobs: {interval:3250 priority:100 sensor-configuration:1 batch:1 }  | -- on:2 joules:56.86 reward:0.9319
STOKE: Config: 4 - Knobs: {interval:1000 priority:100 sensor-configuration:1 batch:1 }  | -- on:7 joules:75.74 reward:0.9703
==ROUND-END==
STOKE: Range:4500 Partition:1125 Middle:1000
STOKE: Config: 0 - Knobs: {interval:3250 priority:100 sensor-configuration:1 batch:1 }  | -- on:0 joules:NaN reward:NaN
STOKE: Config: 1 - Knobs: {interval:2125 priority:100 sensor-configuration:1 batch:1 }  | -- on:0 joules:NaN reward:NaN
STOKE: Config: 2 - Knobs: {interval:1000 priority:100 sensor-configuration:1 batch:1 }  | -- on:0 joules:NaN reward:NaN
==ROUND-START==
ETask 1: Configuration:0 Energy:0.0 Power:0.0 Reward:72.64353225995599 Time:32561 TotalReward:72.64353225995599
ETask 2: Configuration:1 Energy:0.0 Power:0.0 Reward:37.04038912167999 Time:32540 TotalReward:109.68392138163598
ETask 3: Configuration:2 Energy:0.0 Power:0.0 Reward:84.33893105164799 Time:32544 TotalReward:194.02285243328396
ETask 4: Configuration:0 Energy:0.0 Power:0.0 Reward:80.01355281682 Time:32555 TotalReward:274.03640525010394
ETask 5: Configuration:0 Energy:0.0 Power:0.0 Reward:50.789379997607995 Time:32509 TotalReward:324.8257852477119
ETask 6: Configuration:0 Energy:0.0 Power:0.0 Reward:52.876293633933 Time:32511 TotalReward:377.7020788816449
ETask 7: Configuration:0 Energy:0.0 Power:0.0 Reward:52.230196264752 Time:32516 TotalReward:429.93227514639693
ETask 8: Configuration:0 Energy:0.0 Power:0.0 Reward:52.49934780606 Time:32509 TotalReward:482.4316229524569
ETask 9: Configuration:0 Energy:0.0 Power:0.0 Reward:166.32175620164 Time:32513 TotalReward:648.7533791540969
ETask 10: Configuration:0 Energy:0.0 Power:0.0 Reward:72.89298413236 Time:32506 TotalReward:721.6463632864569
ETask 11: Configuration:0 Energy:0.0 Power:0.0 Reward:74.70696618813999 Time:32513 TotalReward:796.3533294745969
STOKE: jouleRange: 5.00
STOKE: Tightening intervals
STOKE: Config: 0 - Knobs: {interval:3250 priority:100 sensor-configuration:1 batch:1 }  | -- on:9 joules:75.00 reward:0.9741
STOKE: Config: 1 - Knobs: {interval:2125 priority:100 sensor-configuration:1 batch:1 }  | -- on:1 joules:37.04 reward:0.8293
STOKE: Config: 2 - Knobs: {interval:1000 priority:100 sensor-configuration:1 batch:1 }  | -- on:1 joules:84.34 reward:0.9257
==ROUND-END==
STOKE: Range:1125 Partition:281 Middle:3250
STOKE: Config: 0 - Knobs: {interval:3250 priority:100 sensor-configuration:1 batch:1 }  | -- on:0 joules:NaN reward:NaN
STOKE: Config: 1 - Knobs: {interval:2969 priority:100 sensor-configuration:1 batch:1 }  | -- on:0 joules:NaN reward:NaN
STOKE: Config: 2 - Knobs: {interval:2688 priority:100 sensor-configuration:1 batch:1 }  | -- on:0 joules:NaN reward:NaN
==ROUND-START==
ETask 1: Configuration:0 Energy:0.0 Power:0.0 Reward:71.50136125885999 Time:32513 TotalReward:71.50136125885999
ETask 2: Configuration:1 Energy:0.0 Power:0.0 Reward:94.72474177795999 Time:32554 TotalReward:166.22610303681998
ETask 3: Configuration:2 Energy:0.0 Power:0.0 Reward:63.98006099256 Time:32530 TotalReward:230.20616402937998
ETask 4: Configuration:0 Energy:0.0 Power:0.0 Reward:34.16684993726399 Time:32538 TotalReward:264.37301396664395
ETask 5: Configuration:2 Energy:0.0 Power:0.0 Reward:268.209883520904 Time:32539 TotalReward:532.5828974875479
ETask 6: Configuration:0 Energy:0.0 Power:0.0 Reward:38.32465084507199 Time:32537 TotalReward:570.90754833262
ETask 7: Configuration:0 Energy:0.0 Power:0.0 Reward:69.143480455032 Time:32507 TotalReward:640.051028787652
ETask 8: Configuration:0 Energy:0.0 Power:0.0 Reward:68.312666996736 Time:32509 TotalReward:708.3636957843879
ETask 9: Configuration:0 Energy:0.0 Power:0.0 Reward:83.33867417904 Time:32515 TotalReward:791.7023699634279
ETask 10: Configuration:0 Energy:0.0 Power:0.0 Reward:67.616885972256 Time:32509 TotalReward:859.3192559356839
ETask 11: Configuration:0 Energy:0.0 Power:0.0 Reward:36.109093082087995 Time:32513 TotalReward:895.4283490177719
STOKE: jouleRange: 11.44
STOKE: Widening intervals
STOKE: Config: 0 - Knobs: {interval:3250 priority:100 sensor-configuration:1 batch:1 }  | -- on:8 joules:58.56 reward:0.9716
STOKE: Config: 1 - Knobs: {interval:2969 priority:100 sensor-configuration:1 batch:1 }  | -- on:1 joules:94.72 reward:0.9385
STOKE: Config: 2 - Knobs: {interval:2688 priority:100 sensor-configuration:1 batch:1 }  | -- on:2 joules:166.09 reward:0.7611
==ROUND-END==
STOKE: Config: 0 - Knobs: {interval:3250 priority:100 sensor-configuration:1 batch:1 }  | -- on:0 joules:NaN reward:NaN
STOKE: Config: 1 - Knobs: {interval:2125 priority:100 sensor-configuration:1 batch:1 }  | -- on:0 joules:NaN reward:NaN
STOKE: Config: 2 - Knobs: {interval:1000 priority:100 sensor-configuration:1 batch:1 }  | -- on:0 joules:NaN reward:NaN
==ROUND-START==
ETask 1: Configuration:0 Energy:0.0 Power:0.0 Reward:35.09729343792 Time:32515 TotalReward:35.09729343792
ETask 2: Configuration:1 Energy:0.0 Power:0.0 Reward:67.545689603648 Time:32537 TotalReward:102.642983041568
ETask 3: Configuration:2 Energy:0.0 Power:0.0 Reward:69.66055575144 Time:32545 TotalReward:172.303538793008
ETask 4: Configuration:2 Energy:0.0 Power:0.0 Reward:96.421882337168 Time:32506 TotalReward:268.72542113017596
ETask 5: Configuration:1 Energy:0.0 Power:0.0 Reward:50.06864683777 Time:32558 TotalReward:318.794067967946
ETask 6: Configuration:1 Energy:0.0 Power:0.0 Reward:75.26111705109798 Time:32507 TotalReward:394.05518501904396
ETask 7: Configuration:1 Energy:0.0 Power:0.0 Reward:69.21637460891999 Time:32508 TotalReward:463.27155962796394
ETask 8: Configuration:1 Energy:0.0 Power:0.0 Reward:40.02613331138401 Time:32509 TotalReward:503.29769293934794
ETask 9: Configuration:1 Energy:0.0 Power:0.0 Reward:68.28562569829 Time:32515 TotalReward:571.583318637638
ETask 10: Configuration:1 Energy:0.0 Power:0.0 Reward:68.506327975068 Time:32517 TotalReward:640.0896466127059
ETask 11: Configuration:1 Energy:0.0 Power:0.0 Reward:49.95278729254099 Time:32507 TotalReward:690.0424339052469
STOKE: jouleRange: 8.89
STOKE: Widening intervals
STOKE: Config: 0 - Knobs: {interval:3250 priority:100 sensor-configuration:1 batch:1 }  | -- on:1 joules:35.10 reward:0.9132
STOKE: Config: 1 - Knobs: {interval:2125 priority:100 sensor-configuration:1 batch:1 }  | -- on:8 joules:61.11 reward:0.9779
STOKE: Config: 2 - Knobs: {interval:1000 priority:100 sensor-configuration:1 batch:1 }  | -- on:2 joules:83.04 reward:0.9676
==ROUND-END==
STOKE: Config: 0 - Knobs: {interval:10000 priority:100 sensor-configuration:1 batch:1 }  | -- on:0 joules:NaN reward:NaN
STOKE: Config: 1 - Knobs: {interval:7750 priority:100 sensor-configuration:1 batch:1 }  | -- on:0 joules:NaN reward:NaN
STOKE: Config: 2 - Knobs: {interval:5500 priority:100 sensor-configuration:1 batch:1 }  | -- on:0 joules:NaN reward:NaN
STOKE: Config: 3 - Knobs: {interval:3250 priority:100 sensor-configuration:1 batch:1 }  | -- on:0 joules:NaN reward:NaN
STOKE: Config: 4 - Knobs: {interval:1000 priority:100 sensor-configuration:1 batch:1 }  | -- on:0 joules:NaN reward:NaN
==ROUND-START==
ETask 1: Configuration:0 Energy:0.0 Power:0.0 Reward:32.576599636565994 Time:32558 TotalReward:32.576599636565994
ETask 2: Configuration:1 Energy:0.0 Power:0.0 Reward:48.254100477478 Time:32546 TotalReward:80.83070011404399
ETask 3: Configuration:2 Energy:0.0 Power:0.0 Reward:33.222751603184 Time:32552 TotalReward:114.053451717228
ETask 4: Configuration:3 Energy:0.0 Power:0.0 Reward:68.8116657236 Time:32540 TotalReward:182.865117440828
ETask 5: Configuration:4 Energy:0.0 Power:0.0 Reward:92.774970391642 Time:32609 TotalReward:275.64008783247
ETask 6: Configuration:3 Energy:0.0 Power:0.0 Reward:86.34532022355802 Time:32566 TotalReward:361.985408056028
ETask 7: Configuration:3 Energy:0.0 Power:0.0 Reward:45.646030509127996 Time:32504 TotalReward:407.63143856515603
ETask 8: Configuration:3 Energy:0.0 Power:0.0 Reward:35.62706464280599 Time:32513 TotalReward:443.258503207962
ETask 9: Configuration:3 Energy:0.0 Power:0.0 Reward:41.332638162564 Time:32509 TotalReward:484.59114137052603
ETask 10: Configuration:3 Energy:0.0 Power:0.0 Reward:35.38342054582299 Time:32507 TotalReward:519.974561916349
ETask 11: Configuration:3 Energy:0.0 Power:0.0 Reward:34.678611923409996 Time:32513 TotalReward:554.653173839759
Hit safety!
ERROR: We got 'done' signal before finishing experiment!
ERun: Time:3887745
==END-RUN 1==
STOKE: Config: 0 - Knobs: {interval:10000 priority:100 sensor-configuration:1 batch:1 }  | -- on:1 joules:32.58 reward:0.9070
STOKE: Config: 1 - Knobs: {interval:7750 priority:100 sensor-configuration:1 batch:1 }  | -- on:1 joules:48.25 reward:0.9459
STOKE: Config: 2 - Knobs: {interval:5500 priority:100 sensor-configuration:1 batch:1 }  | -- on:1 joules:33.22 reward:0.9086
STOKE: Config: 3 - Knobs: {interval:3250 priority:100 sensor-configuration:1 batch:1 }  | -- on:7 joules:49.69 reward:0.9495
STOKE: Config: 4 - Knobs: {interval:1000 priority:100 sensor-configuration:1 batch:1 }  | -- on:1 joules:92.77 reward:0.9434
