==RUN 0==
STOKE: Start Bat: 0.970000
ELocation 0: Diff:0 ms Accuracy:20.40
ELocation 1: Diff:2160 ms Accuracy:29.00
ELocation 2: Diff:3000 ms Accuracy:14.00
ELocation 3: Diff:3000 ms Accuracy:12.00
ELocation 4: Diff:3000 ms Accuracy:11.00
ELocation 5: Diff:3000 ms Accuracy:12.00
ELocation 6: Diff:3000 ms Accuracy:9.00
ELocation 7: Diff:3000 ms Accuracy:8.00
ELocation 8: Diff:3000 ms Accuracy:7.00
ELocation 9: Diff:3000 ms Accuracy:6.00
ELocation 10: Diff:3000 ms Accuracy:5.00
ELocation 11: Diff:3000 ms Accuracy:4.00
ETask 7: Configuration:0 Energy:0.00 Power:0.00 Reward:13.13 Time:5005 -- SAMPLE
ELocation 12: Diff:3000 ms Accuracy:4.00
ELocation 13: Diff:3000 ms Accuracy:4.00
ETask 8: Configuration:0 Energy:0.00 Power:0.00 Reward:13.13 Time:5004 -- SAMPLE
ELocation 14: Diff:3000 ms Accuracy:5.00
ELocation 15: Diff:3000 ms Accuracy:6.00
ETask 9: Configuration:1 Energy:0.00 Power:0.00 Reward:13.13 Time:5004 -- SAMPLE
ELocation 16: Diff:699 ms Accuracy:6.00
ELocation 17: Diff:-8 ms Accuracy:6.00
ELocation 18: Diff:2309 ms Accuracy:6.00
ETask 10: Configuration:1 Energy:0.00 Power:0.00 Reward:11.36 Time:5006 -- SAMPLE
ELocation 19: Diff:3000 ms Accuracy:6.00
ELocation 20: Diff:3000 ms Accuracy:6.00
ETask 11: Configuration:2 Energy:0.00 Power:0.00 Reward:11.36 Time:5009 -- SAMPLE
ELocation 21: Diff:1774 ms Accuracy:6.00
ELocation 22: Diff:-14 ms Accuracy:6.00
ELocation 23: Diff:2240 ms Accuracy:7.00
ETask 12: Configuration:2 Energy:0.00 Power:0.00 Reward:11.36 Time:5006 -- SAMPLE
ELocation 24: Diff:3000 ms Accuracy:8.00
ELocation 25: Diff:3000 ms Accuracy:8.00
ETask 13: Configuration:3 Energy:0.00 Power:0.00 Reward:11.37 Time:5010 -- SAMPLE
ELocation 26: Diff:1844 ms Accuracy:11.00
ELocation 27: Diff:-13 ms Accuracy:11.00
ELocation 28: Diff:2169 ms Accuracy:11.00
ELocation 29: Diff:2000 ms Accuracy:11.00
ETask 14: Configuration:3 Energy:0.00 Power:0.00 Reward:11.35 Time:5004 -- SAMPLE
ELocation 30: Diff:2000 ms Accuracy:10.00
ELocation 31: Diff:2000 ms Accuracy:10.00
ETask 15: Configuration:3 Energy:0.00 Power:0.00 Reward:11.38 Time:5016
ELocation 32: Diff:2000 ms Accuracy:10.00
ELocation 33: Diff:2000 ms Accuracy:10.00
ELocation 34: Diff:2000 ms Accuracy:10.00
ETask 16: Configuration:2 Energy:0.00 Power:0.00 Reward:13.49 Time:5015
ELocation 35: Diff:950 ms Accuracy:10.00
ELocation 36: Diff:-13 ms Accuracy:10.00
ELocation 37: Diff:2063 ms Accuracy:10.00
ETask 17: Configuration:3 Energy:0.00 Power:0.00 Reward:13.48 Time:5012
ELocation 38: Diff:3004 ms Accuracy:10.00
ELocation 39: Diff:-8 ms Accuracy:10.00
ELocation 40: Diff:2004 ms Accuracy:10.00
ELocation 41: Diff:2000 ms Accuracy:10.00
ETask 18: Configuration:3 Energy:0.00 Power:0.00 Reward:13.49 Time:5013
ELocation 42: Diff:2000 ms Accuracy:10.00
ELocation 43: Diff:2000 ms Accuracy:10.00
ETask 19: Configuration:2 Energy:0.00 Power:0.00 Reward:13.49 Time:5013
ELocation 44: Diff:2087 ms Accuracy:10.00
ELocation 45: Diff:-12 ms Accuracy:10.00
ELocation 46: Diff:1925 ms Accuracy:10.00
ETask 20: Configuration:3 Energy:0.00 Power:0.00 Reward:13.48 Time:5011
ELocation 47: Diff:3142 ms Accuracy:10.00
ELocation 48: Diff:-142 ms Accuracy:11.00
ELocation 49: Diff:2000 ms Accuracy:10.00
ELocation 50: Diff:2000 ms Accuracy:10.00
ETask 21: Configuration:1 Energy:0.00 Power:0.00 Reward:13.48 Time:5012
ELocation 51: Diff:1204 ms Accuracy:10.00
ELocation 52: Diff:-11 ms Accuracy:10.00
ELocation 53: Diff:2807 ms Accuracy:10.00
ETask 22: Configuration:2 Energy:0.00 Power:0.00 Reward:6.43 Time:5013
ELocation 54: Diff:2263 ms Accuracy:10.00
ELocation 55: Diff:-263 ms Accuracy:10.00
ELocation 56: Diff:3000 ms Accuracy:10.00
ETask 23: Configuration:0 Energy:0.00 Power:0.00 Reward:6.40 Time:5008
ELocation 57: Diff:2317 ms Accuracy:10.00
ELocation 58: Diff:-11 ms Accuracy:10.00
ELocation 59: Diff:2694 ms Accuracy:9.00
ETask 24: Configuration:0 Energy:0.00 Power:0.00 Reward:6.40 Time:5013
ELocation 60: Diff:3000 ms Accuracy:9.00
ELocation 61: Diff:3000 ms Accuracy:9.00
ETask 25: Configuration:0 Energy:0.00 Power:0.00 Reward:6.40 Time:5012
ELocation 62: Diff:3000 ms Accuracy:9.00
ETask 26: Configuration:0 Energy:0.00 Power:0.00 Reward:6.41 Time:5017
ELocation 63: Diff:3000 ms Accuracy:9.00
ELocation 64: Diff:3000 ms Accuracy:9.00
ETask 27: Configuration:3 Energy:0.00 Power:0.00 Reward:6.39 Time:5006
ELocation 65: Diff:2447 ms Accuracy:9.00
ELocation 66: Diff:-8 ms Accuracy:9.00
ELocation 67: Diff:1561 ms Accuracy:9.00
ELocation 68: Diff:2000 ms Accuracy:9.00
ETask 28: Configuration:0 Energy:0.00 Power:0.00 Reward:12.88 Time:5013
ELocation 69: Diff:1502 ms Accuracy:9.00
ELocation 70: Diff:-10 ms Accuracy:9.00
ELocation 71: Diff:2508 ms Accuracy:9.00
ETask 29: Configuration:0 Energy:0.00 Power:0.00 Reward:12.76 Time:5011
ELocation 72: Diff:3000 ms Accuracy:9.00
ELocation 73: Diff:3000 ms Accuracy:9.00
ETask 30: Configuration:0 Energy:0.00 Power:0.00 Reward:12.76 Time:5011
ELocation 74: Diff:3000 ms Accuracy:9.00
ELocation 75: Diff:3000 ms Accuracy:9.00
ETask 31: Configuration:0 Energy:0.00 Power:0.00 Reward:12.75 Time:5010
ELocation 76: Diff:3000 ms Accuracy:9.00
ETask 32: Configuration:0 Energy:0.00 Power:0.00 Reward:12.76 Time:5012
ELocation 77: Diff:3000 ms Accuracy:9.00
ELocation 78: Diff:3000 ms Accuracy:9.00
ETask 33: Configuration:0 Energy:0.00 Power:0.00 Reward:12.76 Time:5011
ELocation 79: Diff:3000 ms Accuracy:9.00
ELocation 80: Diff:3000 ms Accuracy:9.00
ETask 34: Configuration:2 Energy:0.00 Power:0.00 Reward:6.85 Time:5006
ELocation 81: Diff:641 ms Accuracy:9.00
ELocation 82: Diff:-13 ms Accuracy:9.00
ELocation 83: Diff:2372 ms Accuracy:9.00
ETask 35: Configuration:2 Energy:0.00 Power:0.00 Reward:6.87 Time:5017
ELocation 84: Diff:3000 ms Accuracy:9.00
ELocation 85: Diff:3000 ms Accuracy:9.00
ETask 36: Configuration:2 Energy:0.00 Power:0.00 Reward:6.87 Time:5017
ELocation 86: Diff:3000 ms Accuracy:9.00
ELocation 87: Diff:3000 ms Accuracy:10.00
ETask 37: Configuration:2 Energy:0.00 Power:0.00 Reward:6.86 Time:5014
ELocation 88: Diff:2000 ms Accuracy:10.00
ELocation 89: Diff:3000 ms Accuracy:10.00
ETask 38: Configuration:2 Energy:0.00 Power:0.00 Reward:6.87 Time:5016
ELocation 90: Diff:2000 ms Accuracy:9.00
ELocation 91: Diff:3000 ms Accuracy:9.00
ETask 39: Configuration:2 Energy:0.00 Power:0.00 Reward:6.86 Time:5014
ELocation 92: Diff:2000 ms Accuracy:9.00
ELocation 93: Diff:2000 ms Accuracy:9.00
ETask 40: Configuration:2 Energy:0.00 Power:0.00 Reward:12.52 Time:5017
ELocation 94: Diff:3000 ms Accuracy:9.00
ELocation 95: Diff:3000 ms Accuracy:9.00
ETask 41: Configuration:2 Energy:0.00 Power:0.00 Reward:12.50 Time:5012
ELocation 96: Diff:3000 ms Accuracy:9.00
ETask 42: Configuration:2 Energy:0.00 Power:0.00 Reward:12.51 Time:5014
ELocation 97: Diff:3000 ms Accuracy:9.00
ELocation 98: Diff:3000 ms Accuracy:9.00
ETask 43: Configuration:2 Energy:0.00 Power:0.00 Reward:12.49 Time:5007
ELocation 99: Diff:3000 ms Accuracy:9.00
ELocation 100: Diff:3000 ms Accuracy:9.00
ETask 44: Configuration:2 Energy:0.00 Power:0.00 Reward:12.51 Time:5015
ELocation 101: Diff:3000 ms Accuracy:9.00
ETask 45: Configuration:2 Energy:0.00 Power:0.00 Reward:12.51 Time:5015
ELocation 102: Diff:3000 ms Accuracy:9.00
ELocation 103: Diff:3000 ms Accuracy:9.00
ETask 46: Configuration:2 Energy:0.00 Power:0.00 Reward:12.51 Time:5014
ELocation 104: Diff:2000 ms Accuracy:9.00
ELocation 105: Diff:3000 ms Accuracy:9.00
ETask 47: Configuration:2 Energy:0.00 Power:0.00 Reward:13.04 Time:5017
ELocation 106: Diff:3000 ms Accuracy:9.00
ELocation 107: Diff:3000 ms Accuracy:9.00
ETask 48: Configuration:2 Energy:0.00 Power:0.00 Reward:13.07 Time:5028
ELocation 108: Diff:2000 ms Accuracy:9.00
ELocation 109: Diff:2000 ms Accuracy:9.00
ETask 49: Configuration:2 Energy:0.00 Power:0.00 Reward:13.04 Time:5015
ELocation 110: Diff:2000 ms Accuracy:9.00
ELocation 111: Diff:3000 ms Accuracy:9.00
ETask 50: Configuration:2 Energy:0.00 Power:0.00 Reward:13.04 Time:5016
ELocation 112: Diff:3000 ms Accuracy:9.00
ELocation 113: Diff:2000 ms Accuracy:9.00
ETask 51: Configuration:0 Energy:0.00 Power:0.00 Reward:13.04 Time:5016
ELocation 114: Diff:2072 ms Accuracy:9.00
ELocation 115: Diff:-17 ms Accuracy:9.00
ELocation 116: Diff:2945 ms Accuracy:9.00
ETask 52: Configuration:2 Energy:0.00 Power:0.00 Reward:13.03 Time:5011
ELocation 117: Diff:2130 ms Accuracy:9.00
ELocation 118: Diff:-10 ms Accuracy:9.00
ELocation 119: Diff:1880 ms Accuracy:9.00
ELocation 120: Diff:2000 ms Accuracy:9.00
ETask 53: Configuration:2 Energy:0.00 Power:0.00 Reward:12.88 Time:5014
ELocation 121: Diff:3000 ms Accuracy:9.00
ETask 54: Configuration:2 Energy:0.00 Power:0.00 Reward:12.86 Time:5008
ELocation 122: Diff:3000 ms Accuracy:9.00
ELocation 123: Diff:3000 ms Accuracy:9.00
ETask 55: Configuration:0 Energy:0.00 Power:0.00 Reward:12.89 Time:5018
ELocation 124: Diff:2243 ms Accuracy:9.00
ELocation 125: Diff:-12 ms Accuracy:9.00
ELocation 126: Diff:2769 ms Accuracy:9.00
ETask 56: Configuration:1 Energy:0.00 Power:0.00 Reward:12.87 Time:5010
ELocation 127: Diff:2306 ms Accuracy:9.00
ELocation 128: Diff:-12 ms Accuracy:9.00
ELocation 129: Diff:2706 ms Accuracy:9.00
ETask 57: Configuration:0 Energy:0.00 Power:0.00 Reward:12.88 Time:5014
ELocation 130: Diff:2372 ms Accuracy:9.00
ELocation 131: Diff:-12 ms Accuracy:9.00
ELocation 132: Diff:2640 ms Accuracy:9.00
ETask 58: Configuration:2 Energy:0.00 Power:0.00 Reward:12.88 Time:5014
ELocation 133: Diff:2451 ms Accuracy:9.00
ELocation 134: Diff:-9 ms Accuracy:9.00
ELocation 135: Diff:2558 ms Accuracy:9.00
ETask 59: Configuration:2 Energy:0.00 Power:0.00 Reward:13.73 Time:5010
ELocation 136: Diff:3000 ms Accuracy:9.00
ELocation 137: Diff:2000 ms Accuracy:9.00
ETask 60: Configuration:0 Energy:0.00 Power:0.00 Reward:13.72 Time:5009
ELocation 138: Diff:2503 ms Accuracy:9.00
ELocation 139: Diff:-7 ms Accuracy:9.00
ELocation 140: Diff:2504 ms Accuracy:9.00
ETask 61: Configuration:2 Energy:0.00 Power:0.00 Reward:13.73 Time:5012
ELocation 141: Diff:2551 ms Accuracy:9.00
ELocation 142: Diff:-9 ms Accuracy:9.00
ELocation 143: Diff:2458 ms Accuracy:9.00
ETask 62: Configuration:2 Energy:0.00 Power:0.00 Reward:13.73 Time:5013
ELocation 144: Diff:3000 ms Accuracy:9.00
ELocation 145: Diff:2000 ms Accuracy:9.00
ELocation 146: Diff:2000 ms Accuracy:9.00
ETask 63: Configuration:0 Energy:0.00 Power:0.00 Reward:13.75 Time:5017
ELocation 147: Diff:634 ms Accuracy:9.00
ELocation 148: Diff:-10 ms Accuracy:9.00
ELocation 149: Diff:2376 ms Accuracy:9.00
ETask 64: Configuration:2 Energy:0.00 Power:0.00 Reward:13.74 Time:5016
ELocation 150: Diff:2705 ms Accuracy:9.00
ELocation 151: Diff:-11 ms Accuracy:9.00
ELocation 152: Diff:2306 ms Accuracy:9.00
ELocation 153: Diff:2000 ms Accuracy:9.00
ETask 65: Configuration:2 Energy:0.00 Power:0.00 Reward:13.41 Time:5011
ELocation 154: Diff:3000 ms Accuracy:9.00
ETask 66: Configuration:0 Energy:0.00 Power:0.00 Reward:13.43 Time:5017
ELocation 155: Diff:2788 ms Accuracy:9.00
ELocation 156: Diff:-12 ms Accuracy:9.00
ELocation 157: Diff:2224 ms Accuracy:9.00
ETask 67: Configuration:2 Energy:0.00 Power:0.00 Reward:13.42 Time:5015
ELocation 158: Diff:2863 ms Accuracy:9.00
ELocation 159: Diff:-12 ms Accuracy:9.00
ELocation 160: Diff:2149 ms Accuracy:9.00
ELocation 161: Diff:2000 ms Accuracy:9.00
ETask 68: Configuration:3 Energy:0.00 Power:0.00 Reward:13.42 Time:5014
ELocation 162: Diff:928 ms Accuracy:9.00
ELocation 163: Diff:-12 ms Accuracy:9.00
ELocation 164: Diff:2084 ms Accuracy:9.00
ELocation 165: Diff:2000 ms Accuracy:9.00
ETask 69: Configuration:0 Energy:0.00 Power:0.00 Reward:13.41 Time:5012
ELocation 166: Diff:994 ms Accuracy:9.00
ELocation 167: Diff:-13 ms Accuracy:9.00
ELocation 168: Diff:3019 ms Accuracy:9.00
ETask 70: Configuration:2 Energy:0.00 Power:0.00 Reward:13.42 Time:5015
ELocation 169: Diff:2057 ms Accuracy:9.00
ELocation 170: Diff:-11 ms Accuracy:9.00
ELocation 171: Diff:1954 ms Accuracy:9.00
ETask 71: Configuration:2 Energy:0.00 Power:0.00 Reward:10.06 Time:5016
ELocation 172: Diff:3000 ms Accuracy:9.00
ELocation 173: Diff:2000 ms Accuracy:9.00
ELocation 174: Diff:2000 ms Accuracy:9.00
ETask 72: Configuration:2 Energy:0.00 Power:0.00 Reward:10.07 Time:5020
ELocation 175: Diff:2000 ms Accuracy:9.00
ELocation 176: Diff:3000 ms Accuracy:9.00
ETask 73: Configuration:2 Energy:0.00 Power:0.00 Reward:10.06 Time:5015
ELocation 177: Diff:2000 ms Accuracy:9.00
ELocation 178: Diff:2000 ms Accuracy:9.00
ETask 74: Configuration:2 Energy:0.00 Power:0.00 Reward:10.06 Time:5016
ELocation 179: Diff:2000 ms Accuracy:9.00
ELocation 180: Diff:2000 ms Accuracy:9.00
ETask 75: Configuration:2 Energy:0.00 Power:0.00 Reward:10.07 Time:5019
ERun: Reward:801.06 PostConfigReward:704.88 Time:347558
==END-RUN 0==
STOKE: Config:0 | interval:0:2500 priority:0:100 sensor-configuration:0:2 | -- timeOn:19 reward:221.64 scaled:0.42 (location_accuracy,556.80,9.60)
STOKE: Config:1 | interval:1:2250 priority:0:100 sensor-configuration:0:2 | -- timeOn:4 reward:50.83 scaled:0.36 (location_accuracy,97.00,8.08)
STOKE: Config:2 | interval:2:2000 priority:0:100 sensor-configuration:0:2 | -- timeOn:38 reward:434.23 scaled:0.43 (location_accuracy,791.00,8.99)
STOKE: Config:3 | interval:3:1750 priority:0:100 sensor-configuration:0:2 | -- timeOn:8 reward:94.36 scaled:0.41 (location_accuracy,233.00,9.71)

==RUN 1==
ELocation 181: Diff:3240 ms Accuracy:9.00
ELocation 182: Diff:-9 ms Accuracy:9.00
ELocation 183: Diff:2769 ms Accuracy:9.00
ELocation 184: Diff:3000 ms Accuracy:9.00
ELocation 185: Diff:3000 ms Accuracy:9.00
ELocation 186: Diff:3000 ms Accuracy:5.00
ELocation 187: Diff:3000 ms Accuracy:5.00
ELocation 188: Diff:3000 ms Accuracy:5.00
ELocation 189: Diff:3000 ms Accuracy:4.00
ELocation 190: Diff:3000 ms Accuracy:4.00
ELocation 191: Diff:3000 ms Accuracy:4.00
ELocation 192: Diff:3000 ms Accuracy:4.00
ELocation 193: Diff:3000 ms Accuracy:4.00
ETask 7: Configuration:0 Energy:0.00 Power:0.00 Reward:13.75 Time:5008 -- SAMPLE
ELocation 194: Diff:3000 ms Accuracy:3.00
ELocation 195: Diff:3000 ms Accuracy:3.00
ETask 8: Configuration:0 Energy:0.00 Power:0.00 Reward:6.22 Time:5004 -- SAMPLE
ELocation 196: Diff:3000 ms Accuracy:4.00
ETask 9: Configuration:1 Energy:0.00 Power:0.00 Reward:6.22 Time:5008 -- SAMPLE
ELocation 197: Diff:3362 ms Accuracy:4.00
ELocation 198: Diff:-362 ms Accuracy:4.00
ELocation 199: Diff:3000 ms Accuracy:4.00
ETask 10: Configuration:1 Energy:0.00 Power:0.00 Reward:6.22 Time:5005 -- SAMPLE
ELocation 200: Diff:3000 ms Accuracy:4.00
ELocation 201: Diff:3000 ms Accuracy:3.00
ETask 11: Configuration:2 Energy:0.00 Power:0.00 Reward:6.22 Time:5004 -- SAMPLE
ELocation 202: Diff:1447 ms Accuracy:3.00
ELocation 203: Diff:-447 ms Accuracy:3.00
ELocation 204: Diff:3000 ms Accuracy:3.00
ELocation 205: Diff:2000 ms Accuracy:4.00
ETask 12: Configuration:2 Energy:0.00 Power:0.00 Reward:6.22 Time:5003 -- SAMPLE
ELocation 206: Diff:2000 ms Accuracy:4.00
ELocation 207: Diff:2000 ms Accuracy:4.00
ETask 13: Configuration:3 Energy:0.00 Power:0.00 Reward:6.22 Time:5003 -- SAMPLE
ELocation 208: Diff:1496 ms Accuracy:4.00
ELocation 209: Diff:-10 ms Accuracy:4.00
ELocation 210: Diff:1514 ms Accuracy:4.00
ELocation 211: Diff:2000 ms Accuracy:3.00
ETask 14: Configuration:3 Energy:0.00 Power:0.00 Reward:14.44 Time:5004 -- SAMPLE
ELocation 212: Diff:2000 ms Accuracy:3.00
ELocation 213: Diff:2000 ms Accuracy:3.00
ELocation 214: Diff:2000 ms Accuracy:9.00
ETask 15: Configuration:2 Energy:0.00 Power:0.00 Reward:14.46 Time:5010
ELocation 215: Diff:565 ms Accuracy:9.00
ELocation 216: Diff:-10 ms Accuracy:9.00
ELocation 217: Diff:2445 ms Accuracy:9.00
ETask 16: Configuration:1 Energy:0.00 Power:0.00 Reward:14.47 Time:5013
ELocation 218: Diff:2628 ms Accuracy:9.00
ELocation 219: Diff:-10 ms Accuracy:9.00
ELocation 220: Diff:2382 ms Accuracy:9.00
ETask 17: Configuration:2 Energy:0.00 Power:0.00 Reward:14.47 Time:5014
ELocation 221: Diff:2686 ms Accuracy:9.00
ELocation 222: Diff:-10 ms Accuracy:9.00
ELocation 223: Diff:2324 ms Accuracy:9.00
ETask 18: Configuration:1 Energy:0.00 Power:0.00 Reward:14.47 Time:5012
ELocation 224: Diff:2752 ms Accuracy:9.00
ELocation 225: Diff:-11 ms Accuracy:9.00
ELocation 226: Diff:2259 ms Accuracy:9.00
ETask 19: Configuration:0 Energy:0.00 Power:0.00 Reward:14.47 Time:5014
ELocation 227: Diff:2819 ms Accuracy:9.00
ELocation 228: Diff:-9 ms Accuracy:9.00
ELocation 229: Diff:2190 ms Accuracy:10.00
ETask 20: Configuration:3 Energy:0.00 Power:0.00 Reward:12.45 Time:5014
ELocation 230: Diff:2887 ms Accuracy:10.00
ELocation 231: Diff:-8 ms Accuracy:10.00
ELocation 232: Diff:2121 ms Accuracy:11.00
ELocation 233: Diff:2000 ms Accuracy:11.00
ETask 21: Configuration:3 Energy:0.00 Power:0.00 Reward:12.42 Time:5005
ELocation 234: Diff:2000 ms Accuracy:11.00
ELocation 235: Diff:2000 ms Accuracy:10.00
ETask 22: Configuration:2 Energy:0.00 Power:0.00 Reward:12.45 Time:5015
ELocation 236: Diff:1978 ms Accuracy:10.00
ELocation 237: Diff:-15 ms Accuracy:10.00
ELocation 238: Diff:2037 ms Accuracy:10.00
ETask 23: Configuration:1 Energy:0.00 Power:0.00 Reward:12.45 Time:5015
ELocation 239: Diff:3049 ms Accuracy:10.00
ELocation 240: Diff:-14 ms Accuracy:10.00
ELocation 241: Diff:1965 ms Accuracy:11.00
ETask 24: Configuration:2 Energy:0.00 Power:0.00 Reward:12.45 Time:5016
ELocation 242: Diff:3119 ms Accuracy:11.00
ELocation 243: Diff:-11 ms Accuracy:11.00
ELocation 244: Diff:1892 ms Accuracy:10.00
ETask 25: Configuration:1 Energy:0.00 Power:0.00 Reward:12.44 Time:5013
ELocation 245: Diff:3181 ms Accuracy:9.00
ELocation 246: Diff:-8 ms Accuracy:9.00
ELocation 247: Diff:2827 ms Accuracy:9.00
ETask 26: Configuration:2 Energy:0.00 Power:0.00 Reward:12.65 Time:5013
ELocation 248: Diff:2237 ms Accuracy:9.00
ELocation 249: Diff:-237 ms Accuracy:9.00
ELocation 250: Diff:2000 ms Accuracy:9.00
ELocation 251: Diff:2000 ms Accuracy:9.00
ETask 27: Configuration:1 Energy:0.00 Power:0.00 Reward:12.67 Time:5022
ELocation 252: Diff:1309 ms Accuracy:9.00
ELocation 253: Diff:-12 ms Accuracy:9.00
ELocation 254: Diff:2703 ms Accuracy:9.00
ETask 28: Configuration:2 Energy:0.00 Power:0.00 Reward:12.66 Time:5016
ELocation 255: Diff:2363 ms Accuracy:9.00
ELocation 256: Diff:-363 ms Accuracy:9.00
ELocation 257: Diff:3000 ms Accuracy:9.00
ETask 29: Configuration:1 Energy:0.00 Power:0.00 Reward:12.65 Time:5013
ELocation 258: Diff:2441 ms Accuracy:9.00
ELocation 259: Diff:-441 ms Accuracy:9.00
ELocation 260: Diff:3000 ms Accuracy:9.00
ETask 30: Configuration:3 Energy:0.00 Power:0.00 Reward:12.65 Time:5013
ELocation 261: Diff:2485 ms Accuracy:9.00
ELocation 262: Diff:-7 ms Accuracy:9.00
ELocation 263: Diff:1522 ms Accuracy:9.00
ELocation 264: Diff:2000 ms Accuracy:9.00
ETask 31: Configuration:2 Energy:0.00 Power:0.00 Reward:12.66 Time:5015
ELocation 265: Diff:1542 ms Accuracy:9.00
ELocation 266: Diff:-12 ms Accuracy:9.00
ELocation 267: Diff:2470 ms Accuracy:9.00
ETask 32: Configuration:1 Energy:0.00 Power:0.00 Reward:12.66 Time:5017
ELocation 268: Diff:2612 ms Accuracy:9.00
ELocation 269: Diff:-12 ms Accuracy:9.00
ELocation 270: Diff:2400 ms Accuracy:9.00
ETask 33: Configuration:2 Energy:0.00 Power:0.00 Reward:12.86 Time:5010
ELocation 271: Diff:2670 ms Accuracy:9.00
ELocation 272: Diff:-8 ms Accuracy:9.00
ELocation 273: Diff:2338 ms Accuracy:9.00
ETask 34: Configuration:0 Energy:0.00 Power:0.00 Reward:12.86 Time:5013
ELocation 274: Diff:2743 ms Accuracy:9.00
ELocation 275: Diff:-16 ms Accuracy:9.00
ELocation 276: Diff:2273 ms Accuracy:9.00
ETask 35: Configuration:1 Energy:0.00 Power:0.00 Reward:12.87 Time:5015
ELocation 277: Diff:2811 ms Accuracy:9.00
ELocation 278: Diff:-10 ms Accuracy:9.00
ELocation 279: Diff:2199 ms Accuracy:9.00
ETask 36: Configuration:3 Energy:0.00 Power:0.00 Reward:12.87 Time:5016
ELocation 280: Diff:2888 ms Accuracy:9.00
ELocation 281: Diff:-16 ms Accuracy:9.00
ELocation 282: Diff:2128 ms Accuracy:9.00
ELocation 283: Diff:2000 ms Accuracy:9.00
ETask 37: Configuration:2 Energy:0.00 Power:0.00 Reward:12.87 Time:5014
ELocation 284: Diff:955 ms Accuracy:9.00
ELocation 285: Diff:-12 ms Accuracy:9.00
ELocation 286: Diff:2057 ms Accuracy:9.00
ETask 38: Configuration:1 Energy:0.00 Power:0.00 Reward:12.87 Time:5014
ELocation 287: Diff:3026 ms Accuracy:9.00
ELocation 288: Diff:-10 ms Accuracy:9.00
ELocation 289: Diff:1984 ms Accuracy:9.00
ETask 39: Configuration:1 Energy:0.00 Power:0.00 Reward:14.37 Time:5014
ELocation 290: Diff:3000 ms Accuracy:9.00
ELocation 291: Diff:3000 ms Accuracy:9.00
ETask 40: Configuration:2 Energy:0.00 Power:0.00 Reward:14.38 Time:5015
ELocation 292: Diff:2111 ms Accuracy:9.00
ELocation 293: Diff:-15 ms Accuracy:9.00
ELocation 294: Diff:1904 ms Accuracy:9.00
ETask 41: Configuration:0 Energy:0.00 Power:0.00 Reward:14.38 Time:5018
ELocation 295: Diff:3191 ms Accuracy:9.00
ELocation 296: Diff:-19 ms Accuracy:9.00
ELocation 297: Diff:2828 ms Accuracy:9.00
ETask 42: Configuration:3 Energy:0.00 Power:0.00 Reward:14.37 Time:5014
ELocation 298: Diff:2249 ms Accuracy:9.00
ELocation 299: Diff:-249 ms Accuracy:9.00
ELocation 300: Diff:2000 ms Accuracy:9.00
ELocation 301: Diff:2000 ms Accuracy:9.00
ETask 43: Configuration:2 Energy:0.00 Power:0.00 Reward:14.37 Time:5012
ELocation 302: Diff:1301 ms Accuracy:9.00
ELocation 303: Diff:-301 ms Accuracy:9.00
ELocation 304: Diff:2000 ms Accuracy:9.00
ELocation 305: Diff:2000 ms Accuracy:9.00
ETask 44: Configuration:3 Energy:0.00 Power:0.00 Reward:14.35 Time:5005
ELocation 306: Diff:1362 ms Accuracy:9.00
ELocation 307: Diff:-362 ms Accuracy:9.00
ELocation 308: Diff:2000 ms Accuracy:9.00
ELocation 309: Diff:2000 ms Accuracy:9.00
ETask 45: Configuration:1 Energy:0.00 Power:0.00 Reward:12.41 Time:5013
ELocation 310: Diff:1446 ms Accuracy:9.00
ELocation 311: Diff:-446 ms Accuracy:9.00
ELocation 312: Diff:3000 ms Accuracy:3.00
ETask 46: Configuration:1 Energy:0.00 Power:0.00 Reward:12.41 Time:5013
ELocation 313: Diff:3000 ms Accuracy:4.00
ELocation 314: Diff:3000 ms Accuracy:4.00
ETask 47: Configuration:1 Energy:0.00 Power:0.00 Reward:12.40 Time:5009
ELocation 315: Diff:3000 ms Accuracy:4.00
ELocation 316: Diff:3000 ms Accuracy:4.00
ETask 48: Configuration:1 Energy:0.00 Power:0.00 Reward:12.42 Time:5016
ELocation 317: Diff:3000 ms Accuracy:4.00
ETask 49: Configuration:1 Energy:0.00 Power:0.00 Reward:12.43 Time:5020
ELocation 318: Diff:3000 ms Accuracy:4.00
ELocation 319: Diff:3000 ms Accuracy:4.00
ETask 50: Configuration:1 Energy:0.00 Power:0.00 Reward:12.41 Time:5013
ELocation 320: Diff:3000 ms Accuracy:5.00
ELocation 321: Diff:3000 ms Accuracy:5.00
ETask 51: Configuration:1 Energy:0.00 Power:0.00 Reward:8.42 Time:5015
ELocation 322: Diff:3000 ms Accuracy:5.00
ETask 52: Configuration:1 Energy:0.00 Power:0.00 Reward:8.41 Time:5016
ELocation 323: Diff:3000 ms Accuracy:4.00
ELocation 324: Diff:3000 ms Accuracy:4.00
ETask 53: Configuration:3 Energy:0.00 Power:0.00 Reward:8.39 Time:5006
ELocation 325: Diff:1644 ms Accuracy:4.00
ELocation 326: Diff:-13 ms Accuracy:4.00
ELocation 327: Diff:1369 ms Accuracy:3.00
ELocation 328: Diff:2000 ms Accuracy:3.00
ETask 54: Configuration:1 Energy:0.00 Power:0.00 Reward:8.40 Time:5015
ELocation 329: Diff:1708 ms Accuracy:3.00
ELocation 330: Diff:-12 ms Accuracy:3.00
ELocation 331: Diff:2304 ms Accuracy:4.00
ETask 55: Configuration:1 Energy:0.00 Power:0.00 Reward:8.40 Time:5013
ELocation 332: Diff:3000 ms Accuracy:4.00
ELocation 333: Diff:3000 ms Accuracy:3.00
ETask 56: Configuration:1 Energy:0.00 Power:0.00 Reward:8.41 Time:5018
ELocation 334: Diff:3000 ms Accuracy:3.00
ELocation 335: Diff:3000 ms Accuracy:3.00
ETask 57: Configuration:1 Energy:0.00 Power:0.00 Reward:14.61 Time:5013
ELocation 336: Diff:3000 ms Accuracy:4.00
ETask 58: Configuration:1 Energy:0.00 Power:0.00 Reward:14.62 Time:5015
ELocation 337: Diff:3000 ms Accuracy:8.00
ELocation 338: Diff:3000 ms Accuracy:10.00
ETask 59: Configuration:1 Energy:0.00 Power:0.00 Reward:14.62 Time:5016
ELocation 339: Diff:3000 ms Accuracy:13.00
ELocation 340: Diff:3000 ms Accuracy:16.00
ETask 60: Configuration:1 Energy:0.00 Power:0.00 Reward:14.60 Time:5011
ELocation 341: Diff:3000 ms Accuracy:20.00
ETask 61: Configuration:1 Energy:0.00 Power:0.00 Reward:14.62 Time:5016
ELocation 342: Diff:3000 ms Accuracy:19.00
ELocation 343: Diff:3000 ms Accuracy:21.00
ETask 62: Configuration:1 Energy:0.00 Power:0.00 Reward:14.62 Time:5016
ELocation 344: Diff:3000 ms Accuracy:17.00
ELocation 345: Diff:3000 ms Accuracy:18.00
ETask 63: Configuration:3 Energy:0.00 Power:0.00 Reward:12.50 Time:5014
ELocation 346: Diff:946 ms Accuracy:18.00
ELocation 347: Diff:-15 ms Accuracy:18.00
ELocation 348: Diff:2069 ms Accuracy:8.00
ELocation 349: Diff:2000 ms Accuracy:7.00
ETask 64: Configuration:1 Energy:0.00 Power:0.00 Reward:12.50 Time:5014
ELocation 350: Diff:1008 ms Accuracy:7.00
ELocation 351: Diff:-14 ms Accuracy:7.00
ELocation 352: Diff:2006 ms Accuracy:5.00
ETask 65: Configuration:1 Energy:0.00 Power:0.00 Reward:12.50 Time:5013
ELocation 353: Diff:3000 ms Accuracy:3.00
ELocation 354: Diff:3000 ms Accuracy:3.00
ETask 66: Configuration:1 Energy:0.00 Power:0.00 Reward:12.50 Time:5013
ELocation 355: Diff:3000 ms Accuracy:9.00
ELocation 356: Diff:3000 ms Accuracy:9.00
ETask 67: Configuration:1 Energy:0.00 Power:0.00 Reward:12.50 Time:5013
ELocation 357: Diff:3000 ms Accuracy:9.00
ETask 68: Configuration:3 Energy:0.00 Power:0.00 Reward:12.50 Time:5014
ELocation 358: Diff:3125 ms Accuracy:9.00
ELocation 359: Diff:-125 ms Accuracy:9.00
ELocation 360: Diff:2000 ms Accuracy:10.00
ELocation 361: Diff:2000 ms Accuracy:10.00
ETask 69: Configuration:1 Energy:0.00 Power:0.00 Reward:12.58 Time:5014
ELocation 362: Diff:1195 ms Accuracy:10.00
ELocation 363: Diff:-9 ms Accuracy:10.00
ELocation 364: Diff:2814 ms Accuracy:9.00
ETask 70: Configuration:1 Energy:0.00 Power:0.00 Reward:12.57 Time:5008
ELocation 365: Diff:3000 ms Accuracy:9.00
ELocation 366: Diff:3000 ms Accuracy:9.00
ETask 71: Configuration:3 Energy:0.00 Power:0.00 Reward:12.58 Time:5013
ELocation 367: Diff:1261 ms Accuracy:9.00
ELocation 368: Diff:-261 ms Accuracy:9.00
ELocation 369: Diff:2000 ms Accuracy:9.00
ELocation 370: Diff:2000 ms Accuracy:9.00
ETask 72: Configuration:1 Energy:0.00 Power:0.00 Reward:12.58 Time:5012
ELocation 371: Diff:1311 ms Accuracy:9.00
ELocation 372: Diff:-311 ms Accuracy:9.00
ELocation 373: Diff:3000 ms Accuracy:9.00
ETask 73: Configuration:1 Energy:0.00 Power:0.00 Reward:12.50 Time:5015
ELocation 374: Diff:3000 ms Accuracy:10.00
ELocation 375: Diff:3000 ms Accuracy:9.00
ETask 74: Configuration:1 Energy:0.00 Power:0.00 Reward:12.49 Time:5012
ELocation 376: Diff:3000 ms Accuracy:9.00
ETask 75: Configuration:1 Energy:0.00 Power:0.00 Reward:16.89 Time:5016
ERun: Reward:844.34 PostConfigReward:1483.72 Time:695644
==END-RUN 1==
STOKE: Config:0 | interval:0:2500 priority:0:100 sensor-configuration:0:2 | -- timeOn:5 reward:61.68 scaled:0.38 (location_accuracy,167.00,6.96)
STOKE: Config:1 | interval:1:2250 priority:0:100 sensor-configuration:0:2 | -- timeOn:39 reward:478.21 scaled:0.39 (location_accuracy,743.00,7.99)
STOKE: Config:2 | interval:2:2000 priority:0:100 sensor-configuration:0:2 | -- timeOn:13 reward:158.69 scaled:0.39 (location_accuracy,350.00,8.14)
STOKE: Config:3 | interval:3:1750 priority:0:100 sensor-configuration:0:2 | -- timeOn:12 reward:145.75 scaled:0.39 (location_accuracy,311.00,8.64)

==RUN 2==
ELocation 377: Diff:3425 ms Accuracy:9.00
ELocation 378: Diff:-425 ms Accuracy:9.00
ELocation 379: Diff:418 ms Accuracy:9.00
ELocation 380: Diff:2582 ms Accuracy:9.00
ELocation 381: Diff:3000 ms Accuracy:9.00
ELocation 382: Diff:3000 ms Accuracy:9.00
ELocation 383: Diff:3000 ms Accuracy:9.00
ELocation 384: Diff:3000 ms Accuracy:9.00
ELocation 385: Diff:3000 ms Accuracy:10.00
ELocation 386: Diff:3000 ms Accuracy:10.00
ELocation 387: Diff:3000 ms Accuracy:10.00
ELocation 388: Diff:3000 ms Accuracy:9.00
ELocation 389: Diff:3000 ms Accuracy:9.00
ELocation 390: Diff:3000 ms Accuracy:9.00
ETask 7: Configuration:0 Energy:0.00 Power:0.00 Reward:6.46 Time:5003 -- SAMPLE
ELocation 391: Diff:3000 ms Accuracy:9.00
ELocation 392: Diff:3000 ms Accuracy:9.00
ETask 8: Configuration:0 Energy:0.00 Power:0.00 Reward:6.46 Time:5005 -- SAMPLE
ELocation 393: Diff:3000 ms Accuracy:9.00
ELocation 394: Diff:3000 ms Accuracy:9.00
ETask 9: Configuration:1 Energy:0.00 Power:0.00 Reward:6.46 Time:5004 -- SAMPLE
ELocation 395: Diff:535 ms Accuracy:9.00
ELocation 396: Diff:-15 ms Accuracy:9.00
ELocation 397: Diff:2480 ms Accuracy:9.00
ETask 10: Configuration:1 Energy:0.00 Power:0.00 Reward:6.47 Time:5008 -- SAMPLE
ELocation 398: Diff:3000 ms Accuracy:9.00
ELocation 399: Diff:3000 ms Accuracy:10.00
ETask 11: Configuration:2 Energy:0.00 Power:0.00 Reward:6.46 Time:5005 -- SAMPLE
ELocation 400: Diff:1602 ms Accuracy:10.00
ELocation 401: Diff:-11 ms Accuracy:10.00
ELocation 402: Diff:2409 ms Accuracy:10.00
ETask 12: Configuration:2 Energy:0.00 Power:0.00 Reward:6.47 Time:5007 -- SAMPLE
ELocation 403: Diff:3000 ms Accuracy:10.00
ELocation 404: Diff:3000 ms Accuracy:10.00
ETask 13: Configuration:3 Energy:0.00 Power:0.00 Reward:6.98 Time:5006 -- SAMPLE
ELocation 405: Diff:1674 ms Accuracy:11.00
ELocation 406: Diff:-11 ms Accuracy:11.00
ELocation 407: Diff:2337 ms Accuracy:10.00
ELocation 408: Diff:2000 ms Accuracy:11.00
ETask 14: Configuration:3 Energy:0.00 Power:0.00 Reward:6.98 Time:5003 -- SAMPLE
ELocation 409: Diff:2000 ms Accuracy:11.00
ELocation 410: Diff:2000 ms Accuracy:10.00
ETask 15: Configuration:0 Energy:0.00 Power:0.00 Reward:6.98 Time:5005
ELocation 411: Diff:1737 ms Accuracy:10.00
ELocation 412: Diff:-12 ms Accuracy:10.00
ELocation 413: Diff:2275 ms Accuracy:9.00
ETask 16: Configuration:1 Energy:0.00 Power:0.00 Reward:6.99 Time:5011
ELocation 414: Diff:2811 ms Accuracy:9.00
ELocation 415: Diff:-12 ms Accuracy:9.00
ELocation 416: Diff:2201 ms Accuracy:9.00
ETask 17: Configuration:2 Energy:0.00 Power:0.00 Reward:6.99 Time:5014
ELocation 417: Diff:2879 ms Accuracy:9.00
ELocation 418: Diff:-10 ms Accuracy:9.00
ELocation 419: Diff:2131 ms Accuracy:9.00
ETask 18: Configuration:0 Energy:0.00 Power:0.00 Reward:6.99 Time:5012
ELocation 420: Diff:2949 ms Accuracy:9.00
ELocation 421: Diff:-14 ms Accuracy:9.00
ELocation 422: Diff:3065 ms Accuracy:10.00
ETask 19: Configuration:1 Energy:0.00 Power:0.00 Reward:14.13 Time:5015
ELocation 423: Diff:2018 ms Accuracy:10.00
ELocation 424: Diff:-12 ms Accuracy:10.00
ELocation 425: Diff:1994 ms Accuracy:10.00
ETask 20: Configuration:2 Energy:0.00 Power:0.00 Reward:14.14 Time:5016
ELocation 426: Diff:3088 ms Accuracy:10.00
ELocation 427: Diff:-11 ms Accuracy:10.00
ELocation 428: Diff:1923 ms Accuracy:10.00
ETask 21: Configuration:0 Energy:0.00 Power:0.00 Reward:14.13 Time:5013
ELocation 429: Diff:3151 ms Accuracy:10.00
ELocation 430: Diff:-12 ms Accuracy:10.00
ELocation 431: Diff:2861 ms Accuracy:11.00
ETask 22: Configuration:3 Energy:0.00 Power:0.00 Reward:14.11 Time:5007
ELocation 432: Diff:2204 ms Accuracy:11.00
ELocation 433: Diff:-204 ms Accuracy:11.00
ELocation 434: Diff:2000 ms Accuracy:11.00
ELocation 435: Diff:2000 ms Accuracy:11.00
ETask 23: Configuration:0 Energy:0.00 Power:0.00 Reward:14.12 Time:5011
ELocation 436: Diff:1270 ms Accuracy:11.00
ELocation 437: Diff:-14 ms Accuracy:11.00
ELocation 438: Diff:2744 ms Accuracy:11.00
ETask 24: Configuration:1 Energy:0.00 Power:0.00 Reward:14.13 Time:5013
ELocation 439: Diff:2324 ms Accuracy:11.00
ELocation 440: Diff:-324 ms Accuracy:11.00
ELocation 441: Diff:3000 ms Accuracy:11.00
ETask 25: Configuration:2 Energy:0.00 Power:0.00 Reward:12.38 Time:5015
ELocation 442: Diff:2382 ms Accuracy:10.00
ELocation 443: Diff:-382 ms Accuracy:10.00
ELocation 444: Diff:2000 ms Accuracy:10.00
ETask 26: Configuration:0 Energy:0.00 Power:0.00 Reward:12.39 Time:5020
ELocation 445: Diff:3448 ms Accuracy:10.00
ELocation 446: Diff:-448 ms Accuracy:10.00
ELocation 447: Diff:439 ms Accuracy:10.00
ELocation 448: Diff:2561 ms Accuracy:10.00
ETask 27: Configuration:2 Energy:0.00 Power:0.00 Reward:12.33 Time:5008
ELocation 449: Diff:2489 ms Accuracy:10.00
ELocation 450: Diff:-7 ms Accuracy:10.00
ELocation 451: Diff:2518 ms Accuracy:9.00
ETask 28: Configuration:3 Energy:0.00 Power:0.00 Reward:12.35 Time:5016
ELocation 452: Diff:2554 ms Accuracy:9.00
ELocation 453: Diff:-14 ms Accuracy:9.00
ELocation 454: Diff:1460 ms Accuracy:9.00
ELocation 455: Diff:2000 ms Accuracy:10.00
ETask 29: Configuration:1 Energy:0.00 Power:0.00 Reward:12.35 Time:5016
ELocation 456: Diff:1612 ms Accuracy:10.00
ELocation 457: Diff:-9 ms Accuracy:10.00
ELocation 458: Diff:2397 ms Accuracy:10.00
ETask 30: Configuration:1 Energy:0.00 Power:0.00 Reward:12.38 Time:5026
ELocation 459: Diff:3000 ms Accuracy:9.00
ELocation 460: Diff:3000 ms Accuracy:9.00
ETask 31: Configuration:0 Energy:0.00 Power:0.00 Reward:12.52 Time:5016
ELocation 461: Diff:1706 ms Accuracy:9.00
ELocation 462: Diff:-15 ms Accuracy:9.00
ELocation 463: Diff:2309 ms Accuracy:9.00
ETask 32: Configuration:2 Energy:0.00 Power:0.00 Reward:12.51 Time:5011
ELocation 464: Diff:2774 ms Accuracy:10.00
ELocation 465: Diff:-13 ms Accuracy:10.00
ELocation 466: Diff:2239 ms Accuracy:9.00
ETask 33: Configuration:0 Energy:0.00 Power:0.00 Reward:12.53 Time:5017
ELocation 467: Diff:2840 ms Accuracy:9.00
ELocation 468: Diff:-10 ms Accuracy:9.00
ELocation 469: Diff:2170 ms Accuracy:9.00
ETask 34: Configuration:3 Energy:0.00 Power:0.00 Reward:12.51 Time:5012
ELocation 470: Diff:2906 ms Accuracy:9.00
ELocation 471: Diff:-10 ms Accuracy:9.00
ELocation 472: Diff:2104 ms Accuracy:9.00
ELocation 473: Diff:2000 ms Accuracy:9.00
ETask 35: Configuration:2 Energy:0.00 Power:0.00 Reward:12.51 Time:5010
ELocation 474: Diff:963 ms Accuracy:9.00
ELocation 475: Diff:-13 ms Accuracy:9.00
ELocation 476: Diff:2050 ms Accuracy:9.00
ETask 36: Configuration:0 Energy:0.00 Power:0.00 Reward:12.52 Time:5015
ELocation 477: Diff:3043 ms Accuracy:9.00
ELocation 478: Diff:-17 ms Accuracy:9.00
ELocation 479: Diff:2974 ms Accuracy:9.00
ETask 37: Configuration:0 Energy:0.00 Power:0.00 Reward:12.75 Time:5005
ELocation 480: Diff:3000 ms Accuracy:9.00
ELocation 481: Diff:3000 ms Accuracy:9.00
ETask 38: Configuration:1 Energy:0.00 Power:0.00 Reward:12.77 Time:5013
ELocation 482: Diff:1121 ms Accuracy:9.00
ELocation 483: Diff:-13 ms Accuracy:9.00
ELocation 484: Diff:1892 ms Accuracy:9.00
ETask 39: Configuration:2 Energy:0.00 Power:0.00 Reward:12.77 Time:5014
ELocation 485: Diff:3204 ms Accuracy:9.00
ELocation 486: Diff:-15 ms Accuracy:9.00
ELocation 487: Diff:1811 ms Accuracy:9.00
ELocation 488: Diff:2000 ms Accuracy:10.00
ETask 40: Configuration:3 Energy:0.00 Power:0.00 Reward:12.76 Time:5011
ELocation 489: Diff:1261 ms Accuracy:10.00
ELocation 490: Diff:-261 ms Accuracy:10.00
ELocation 491: Diff:2000 ms Accuracy:10.00
ELocation 492: Diff:2000 ms Accuracy:10.00
ETask 41: Configuration:1 Energy:0.00 Power:0.00 Reward:12.77 Time:5012
ELocation 493: Diff:1328 ms Accuracy:10.00
ELocation 494: Diff:-15 ms Accuracy:10.00
ELocation 495: Diff:2687 ms Accuracy:10.00
ETask 42: Configuration:0 Energy:0.00 Power:0.00 Reward:12.77 Time:5014
ELocation 496: Diff:2390 ms Accuracy:10.00
ELocation 497: Diff:-10 ms Accuracy:10.00
ELocation 498: Diff:2620 ms Accuracy:10.00
ETask 43: Configuration:2 Energy:0.00 Power:0.00 Reward:7.19 Time:5013
ELocation 499: Diff:2448 ms Accuracy:9.00
ELocation 500: Diff:-448 ms Accuracy:9.00
ELocation 501: Diff:3000 ms Accuracy:9.00
ETask 44: Configuration:2 Energy:0.00 Power:0.00 Reward:7.19 Time:5010
ELocation 502: Diff:3000 ms Accuracy:9.00
ELocation 503: Diff:3000 ms Accuracy:9.00
ETask 45: Configuration:2 Energy:0.00 Power:0.00 Reward:7.19 Time:5010
ELocation 504: Diff:3000 ms Accuracy:9.00
ELocation 505: Diff:3000 ms Accuracy:9.00
ETask 46: Configuration:2 Energy:0.00 Power:0.00 Reward:7.19 Time:5010
ELocation 506: Diff:3000 ms Accuracy:9.00
ETask 47: Configuration:2 Energy:0.00 Power:0.00 Reward:7.19 Time:5016
ELocation 507: Diff:3000 ms Accuracy:9.00
ELocation 508: Diff:3000 ms Accuracy:9.00
ETask 48: Configuration:2 Energy:0.00 Power:0.00 Reward:7.18 Time:5008
ELocation 509: Diff:3000 ms Accuracy:9.00
ELocation 510: Diff:3000 ms Accuracy:9.00
ETask 49: Configuration:2 Energy:0.00 Power:0.00 Reward:13.53 Time:5016
ELocation 511: Diff:2000 ms Accuracy:9.00
ELocation 512: Diff:2000 ms Accuracy:10.00
ETask 50: Configuration:0 Energy:0.00 Power:0.00 Reward:13.50 Time:5005
ELocation 513: Diff:1605 ms Accuracy:9.00
ELocation 514: Diff:-14 ms Accuracy:9.00
ELocation 515: Diff:2409 ms Accuracy:9.00
ETask 51: Configuration:2 Energy:0.00 Power:0.00 Reward:13.51 Time:5012
ELocation 516: Diff:2666 ms Accuracy:9.00
ELocation 517: Diff:-8 ms Accuracy:9.00
ELocation 518: Diff:2342 ms Accuracy:9.00
ETask 52: Configuration:2 Energy:0.00 Power:0.00 Reward:13.52 Time:5014
ELocation 519: Diff:3000 ms Accuracy:9.00
ELocation 520: Diff:3000 ms Accuracy:10.00
ETask 53: Configuration:2 Energy:0.00 Power:0.00 Reward:13.54 Time:5021
ELocation 521: Diff:3000 ms Accuracy:10.00
ELocation 522: Diff:3000 ms Accuracy:9.00
ETask 54: Configuration:2 Energy:0.00 Power:0.00 Reward:13.52 Time:5015
ELocation 523: Diff:2000 ms Accuracy:9.00
ELocation 524: Diff:2000 ms Accuracy:9.00
ETask 55: Configuration:2 Energy:0.00 Power:0.00 Reward:12.79 Time:5013
ELocation 525: Diff:3000 ms Accuracy:9.00
ELocation 526: Diff:2000 ms Accuracy:9.00
ETask 56: Configuration:2 Energy:0.00 Power:0.00 Reward:12.79 Time:5013
ELocation 527: Diff:3000 ms Accuracy:9.00
ELocation 528: Diff:3000 ms Accuracy:9.00
ETask 57: Configuration:2 Energy:0.00 Power:0.00 Reward:12.79 Time:5012
ELocation 529: Diff:3000 ms Accuracy:9.00
ELocation 530: Diff:2000 ms Accuracy:9.00
ETask 58: Configuration:2 Energy:0.00 Power:0.00 Reward:12.79 Time:5015
ELocation 531: Diff:3000 ms Accuracy:9.00
ETask 59: Configuration:2 Energy:0.00 Power:0.00 Reward:12.79 Time:5014
ELocation 532: Diff:3000 ms Accuracy:10.00
ELocation 533: Diff:3000 ms Accuracy:9.00
ETask 60: Configuration:2 Energy:0.00 Power:0.00 Reward:12.81 Time:5022
ELocation 534: Diff:3000 ms Accuracy:9.00
ELocation 535: Diff:2000 ms Accuracy:9.00
ETask 61: Configuration:2 Energy:0.00 Power:0.00 Reward:12.69 Time:5017
ELocation 536: Diff:2000 ms Accuracy:9.00
ELocation 537: Diff:3000 ms Accuracy:9.00
ETask 62: Configuration:1 Energy:0.00 Power:0.00 Reward:12.69 Time:5016
ELocation 538: Diff:1967 ms Accuracy:9.00
ELocation 539: Diff:-13 ms Accuracy:9.00
ELocation 540: Diff:2046 ms Accuracy:9.00
ETask 63: Configuration:3 Energy:0.00 Power:0.00 Reward:12.70 Time:5019
ELocation 541: Diff:3035 ms Accuracy:9.00
ELocation 542: Diff:-9 ms Accuracy:9.00
ELocation 543: Diff:1974 ms Accuracy:9.00
ELocation 544: Diff:2000 ms Accuracy:9.00
ETask 64: Configuration:2 Energy:0.00 Power:0.00 Reward:12.68 Time:5012
ELocation 545: Diff:1101 ms Accuracy:9.00
ELocation 546: Diff:-15 ms Accuracy:9.00
ELocation 547: Diff:1914 ms Accuracy:9.00
ETask 65: Configuration:2 Energy:0.00 Power:0.00 Reward:12.70 Time:5020
ELocation 548: Diff:3000 ms Accuracy:9.00
ELocation 549: Diff:3000 ms Accuracy:9.00
ETask 66: Configuration:0 Energy:0.00 Power:0.00 Reward:12.68 Time:5011
ELocation 550: Diff:2194 ms Accuracy:9.00
ELocation 551: Diff:-16 ms Accuracy:9.00
ELocation 552: Diff:2822 ms Accuracy:10.00
ETask 67: Configuration:2 Energy:0.00 Power:0.00 Reward:14.81 Time:5022
ELocation 553: Diff:2258 ms Accuracy:10.00
ELocation 554: Diff:-258 ms Accuracy:10.00
ELocation 555: Diff:3000 ms Accuracy:10.00
ETask 68: Configuration:1 Energy:0.00 Power:0.00 Reward:14.78 Time:5013
ELocation 556: Diff:2326 ms Accuracy:10.00
ELocation 557: Diff:-13 ms Accuracy:10.00
ELocation 558: Diff:2687 ms Accuracy:9.00
ETask 69: Configuration:3 Energy:0.00 Power:0.00 Reward:14.78 Time:5012
ELocation 559: Diff:2386 ms Accuracy:9.00
ELocation 560: Diff:-386 ms Accuracy:9.00
ELocation 561: Diff:2000 ms Accuracy:9.00
ELocation 562: Diff:2000 ms Accuracy:9.00
ETask 70: Configuration:0 Energy:0.00 Power:0.00 Reward:14.78 Time:5013
ELocation 563: Diff:1455 ms Accuracy:9.00
ELocation 564: Diff:-11 ms Accuracy:9.00
ELocation 565: Diff:2556 ms Accuracy:9.00
ETask 71: Configuration:2 Energy:0.00 Power:0.00 Reward:14.77 Time:5007
ELocation 566: Diff:2502 ms Accuracy:9.00
ELocation 567: Diff:-7 ms Accuracy:9.00
ELocation 568: Diff:2505 ms Accuracy:9.00
ETask 72: Configuration:2 Energy:0.00 Power:0.00 Reward:14.78 Time:5013
ELocation 569: Diff:3000 ms Accuracy:9.00
ELocation 570: Diff:3000 ms Accuracy:9.00
ETask 73: Configuration:0 Energy:0.00 Power:0.00 Reward:14.78 Time:5012
ELocation 571: Diff:1582 ms Accuracy:9.00
ELocation 572: Diff:-12 ms Accuracy:9.00
ELocation 573: Diff:2430 ms Accuracy:9.00
ETask 74: Configuration:1 Energy:0.00 Power:0.00 Reward:14.95 Time:5013
ELocation 574: Diff:2653 ms Accuracy:9.00
ELocation 575: Diff:-12 ms Accuracy:9.00
ELocation 576: Diff:2359 ms Accuracy:9.00
ETask 75: Configuration:2 Energy:0.00 Power:0.00 Reward:14.95 Time:5014
ELocation 577: Diff:2706 ms Accuracy:9.00
ELocation 578: Diff:-9 ms Accuracy:9.00
ELocation 579: Diff:2303 ms Accuracy:9.00
ELocation 580: Diff:3000 ms Accuracy:10.00
ELocation 581: Diff:2000 ms Accuracy:10.00
ELocation 582: Diff:2000 ms Accuracy:10.00
ELocation 583: Diff:3000 ms Accuracy:9.00
ELocation 584: Diff:2000 ms Accuracy:9.00
ELocation 585: Diff:2000 ms Accuracy:10.00
ELocation 586: Diff:2000 ms Accuracy:10.00
STOKE: End Bat: 0.900000
STOKE: Usage Bat: 0.070000
ERun: Reward:801.89 PostConfigReward:2232.86 Time:1063893
==END-RUN 2==
STOKE: Config:0 | interval:0:2500 priority:0:100 sensor-configuration:0:2 | -- timeOn:16 reward:186.37 scaled:0.42 (location_accuracy,557.00,9.44)
STOKE: Config:1 | interval:1:2250 priority:0:100 sensor-configuration:0:2 | -- timeOn:12 reward:140.87 scaled:0.41 (location_accuracy,344.00,9.56)
STOKE: Config:2 | interval:2:2000 priority:0:100 sensor-configuration:0:2 | -- timeOn:33 reward:381.47 scaled:0.42 (location_accuracy,839.00,9.32)
STOKE: Config:3 | interval:3:1750 priority:0:100 sensor-configuration:0:2 | -- timeOn:8 reward:93.18 scaled:0.42 (location_accuracy,243.00,9.72)

