==RUN 0==
STOKE: Start Bat: 0.720000
ELocation 0: Diff:2 ms Accuracy:20.00
STOKE: Level:0.72 Watts:1.2584
STOKE: Level:0.72 Watts:1.2584
STOKE: Level:0.72 Watts:1.2584
STOKE: Level:0.72 Watts:1.8470
STOKE: Level:0.72 Watts:1.8470
STOKE: Level:0.72 Watts:1.8470
STOKE: Level:0.72 Watts:1.8470
ETask 7: Configuration:4 Energy:0.00 Power:0.00 Reward:1.85 Time:5039
ELocation 1: Diff:34889 ms Accuracy:20.00
ELocation 2: Diff:1 ms Accuracy:20.00
STOKE: Level:0.72 Watts:1.8470
ETask 8: Configuration:0 Energy:0.00 Power:0.00 Reward:1.85 Time:5012
ELocation 3: Diff:5054 ms Accuracy:20.00
ELocation 4: Diff:-38 ms Accuracy:20.00
ELocation 5: Diff:30 ms Accuracy:20.00
STOKE: Level:0.72 Watts:1.8470
ETask 9: Configuration:0 Energy:0.00 Power:0.00 Reward:1.85 Time:5008
STOKE: Level:0.72 Watts:1.1392
ETask 10: Configuration:0 Energy:0.00 Power:0.00 Reward:1.14 Time:5009
STOKE: Level:0.72 Watts:1.1392
ETask 11: Configuration:11 Energy:0.00 Power:0.00 Reward:1.14 Time:5050
ELocation 6: Diff:15124 ms Accuracy:20.00
ELocation 7: Diff:0 ms Accuracy:20.00
STOKE: Level:0.72 Watts:1.1392
ETask 12: Configuration:4 Energy:0.00 Power:0.00 Reward:1.14 Time:5024
ELocation 8: Diff:5068 ms Accuracy:20.00
ELocation 9: Diff:-53 ms Accuracy:20.00
ELocation 10: Diff:46 ms Accuracy:20.00
ELocation 11: Diff:4969 ms Accuracy:20.00
STOKE: Level:0.72 Watts:1.1392
ETask 13: Configuration:11 Energy:0.00 Power:0.00 Reward:1.14 Time:5035
ELocation 12: Diff:130 ms Accuracy:20.00
ELocation 13: Diff:-11 ms Accuracy:20.00
ELocation 14: Diff:4901 ms Accuracy:20.00
STOKE: Level:0.72 Watts:1.1392
ETask 14: Configuration:11 Energy:0.00 Power:0.00 Reward:1.14 Time:5040
ELocation 15: Diff:5020 ms Accuracy:20.00
STOKE: Level:0.72 Watts:1.1392
ETask 15: Configuration:0 Energy:0.00 Power:0.00 Reward:1.14 Time:5003
ELocation 16: Diff:184 ms Accuracy:20.00
ELocation 17: Diff:-8 ms Accuracy:20.00
STOKE: Level:0.72 Watts:1.3452
ETask 16: Configuration:13 Energy:0.00 Power:0.00 Reward:1.35 Time:5007
ELocation 18: Diff:5058 ms Accuracy:20.00
ELocation 19: Diff:-6 ms Accuracy:20.00
STOKE: Level:0.72 Watts:1.3452
ETask 17: Configuration:11 Energy:0.00 Power:0.00 Reward:1.35 Time:5046
ELocation 20: Diff:5106 ms Accuracy:13.00
ELocation 21: Diff:1 ms Accuracy:13.00
ELocation 22: Diff:5011 ms Accuracy:13.00
STOKE: Level:0.72 Watts:1.3452
ETask 18: Configuration:2 Energy:0.00 Power:0.00 Reward:1.35 Time:5050
ELocation 23: Diff:80 ms Accuracy:13.00
ELocation 24: Diff:-7 ms Accuracy:13.00
STOKE: Level:0.72 Watts:1.3452
ETask 19: Configuration:1 Energy:0.00 Power:0.00 Reward:1.35 Time:5008
ELocation 25: Diff:5059 ms Accuracy:13.00
ELocation 26: Diff:-7 ms Accuracy:13.00
STOKE: Level:0.72 Watts:1.3452
ELocation 27: Diff:5092 ms Accuracy:13.00
ELocation 28: Diff:1 ms Accuracy:13.00
STOKE: Level:0.72 Watts:1.3452
ELocation 29: Diff:5061 ms Accuracy:13.00
ELocation 30: Diff:-44 ms Accuracy:13.00
ELocation 31: Diff:35 ms Accuracy:13.00
ELocation 32: Diff:4987 ms Accuracy:13.00
STOKE: Level:0.72 Watts:1.6771
ELocation 33: Diff:64 ms Accuracy:13.00
ELocation 34: Diff:-9 ms Accuracy:13.00
STOKE: Level:0.72 Watts:1.6771
ELocation 35: Diff:5052 ms Accuracy:20.00
ELocation 36: Diff:1 ms Accuracy:20.00
ELocation 37: Diff:1592 ms Accuracy:32.00
ELocation 38: Diff:1606 ms Accuracy:39.00
ELocation 39: Diff:1000 ms Accuracy:32.00
STOKE: Level:0.72 Watts:1.6771
ELocation 40: Diff:858 ms Accuracy:32.00
ELocation 41: Diff:-15 ms Accuracy:32.00
STOKE: Level:0.72 Watts:1.6771
ELocation 42: Diff:5111 ms Accuracy:43.24
ELocation 43: Diff:0 ms Accuracy:43.24
STOKE: Level:0.72 Watts:1.6771
ELocation 44: Diff:5062 ms Accuracy:43.24
ELocation 45: Diff:-46 ms Accuracy:43.24
ELocation 46: Diff:37 ms Accuracy:43.24
ELocation 47: Diff:4983 ms Accuracy:43.24
STOKE: Level:0.72 Watts:1.6771
ELocation 48: Diff:98 ms Accuracy:43.24
ELocation 49: Diff:-16 ms Accuracy:43.24
ELocation 50: Diff:4933 ms Accuracy:43.24
STOKE: Level:0.72 Watts:1.6771
ELocation 51: Diff:153 ms Accuracy:43.24
ELocation 52: Diff:-14 ms Accuracy:43.24
STOKE: Level:0.72 Watts:3.1892
ELocation 53: Diff:5072 ms Accuracy:27.00
ELocation 54: Diff:-12 ms Accuracy:27.00
STOKE: Level:0.72 Watts:3.1892
ELocation 55: Diff:5083 ms Accuracy:27.00
ELocation 56: Diff:-18 ms Accuracy:27.00
STOKE: End Bat: 0.720000
STOKE: Usage Bat: 0.000000
ERun: Reward:17.76 PostConfigReward:17.76 Time:124044
==END-RUN 0==
STOKE: Config:5 | interval:5:1000 priority:0:104 sensor-configuration:0:2 | -- timeOn:3 reward:3.39 scaled:0.98 (location_accuracy,353.22,117.74)
STOKE: Config:6 | interval:0:60000 priority:1:102 sensor-configuration:0:2 | -- timeOn:3 reward:3.39 scaled:0.98 (location_accuracy,0.00,0.00)
STOKE: Config:10 | interval:4:2500 priority:1:102 sensor-configuration:0:2 | -- timeOn:3 reward:3.45 scaled:0.98 (location_accuracy,0.00,0.00)
STOKE: Config:11 | interval:5:1000 priority:1:102 sensor-configuration:0:2 | -- timeOn:7 reward:8.09 scaled:0.98 (location_accuracy,259.49,37.07)
STOKE: Config:7 | interval:1:30000 priority:1:102 sensor-configuration:0:2 | -- timeOn:3 reward:3.47 scaled:0.98 (location_accuracy,54.00,18.00)
STOKE: Config:8 | interval:2:10000 priority:1:102 sensor-configuration:0:2 | -- timeOn:3 reward:3.51 scaled:0.98 (location_accuracy,0.00,0.00)
STOKE: Config:2 | interval:2:10000 priority:0:104 sensor-configuration:0:2 | -- timeOn:4 reward:4.74 scaled:0.98 (location_accuracy,194.00,48.50)
STOKE: Config:1 | interval:1:30000 priority:0:104 sensor-configuration:0:2 | -- timeOn:4 reward:4.75 scaled:0.98 (location_accuracy,26.00,6.50)
STOKE: Config:3 | interval:3:5000 priority:0:104 sensor-configuration:0:2 | -- timeOn:3 reward:3.57 scaled:0.98 (location_accuracy,70.24,23.41)
STOKE: Config:14 | interval:2:10000 priority:2:100 sensor-configuration:0:2 | -- timeOn:3 reward:3.63 scaled:0.98 (location_accuracy,0.00,0.00)
STOKE: Config:9 | interval:3:5000 priority:1:102 sensor-configuration:0:2 | -- timeOn:3 reward:3.69 scaled:0.98 (location_accuracy,0.00,0.00)
STOKE: Config:17 | interval:5:1000 priority:2:100 sensor-configuration:0:2 | -- timeOn:3 reward:3.69 scaled:0.98 (location_accuracy,33.00,11.00)
STOKE: Config:4 | interval:4:2500 priority:0:104 sensor-configuration:0:2 | -- timeOn:5 reward:6.45 scaled:0.97 (location_accuracy,86.00,17.20)
STOKE: Config:0 | interval:0:60000 priority:0:104 sensor-configuration:0:2 | -- timeOn:7 reward:9.39 scaled:0.97 (location_accuracy,160.00,22.86)
STOKE: Config:13 | interval:1:30000 priority:2:100 sensor-configuration:0:2 | -- timeOn:4 reward:5.86 scaled:0.97 (location_accuracy,169.73,42.43)
STOKE: Config:12 | interval:0:60000 priority:2:100 sensor-configuration:0:2 | -- timeOn:3 reward:4.95 scaled:0.97 (location_accuracy,0.00,0.00)
STOKE: Config:16 | interval:4:2500 priority:2:100 sensor-configuration:0:2 | -- timeOn:3 reward:6.41 scaled:0.96 (location_accuracy,0.00,0.00)
STOKE: Config:15 | interval:3:5000 priority:2:100 sensor-configuration:0:2 | -- timeOn:3 reward:7.77 scaled:0.95 (location_accuracy,0.00,0.00)

