==RUN 0==
STOKE: Start Bat: 1.000000
ELocation 0: Diff:0 ms Accuracy:37.22
ELocation 1: Diff:1350 ms Accuracy:20.00
ELocation 2: Diff:3000 ms Accuracy:10.00
ELocation 3: Diff:3000 ms Accuracy:5.00
ELocation 4: Diff:3000 ms Accuracy:4.00
ELocation 5: Diff:3000 ms Accuracy:4.00
ELocation 6: Diff:3000 ms Accuracy:3.00
ELocation 7: Diff:3000 ms Accuracy:3.00
ELocation 8: Diff:3000 ms Accuracy:4.00
ELocation 9: Diff:3000 ms Accuracy:4.00
ELocation 10: Diff:3000 ms Accuracy:3.00
ELocation 11: Diff:3000 ms Accuracy:3.00
ELocation 12: Diff:3000 ms Accuracy:3.00
ELocation 13: Diff:3000 ms Accuracy:4.00
ELocation 14: Diff:3000 ms Accuracy:4.00
ELocation 15: Diff:3000 ms Accuracy:5.00
ELocation 16: Diff:3000 ms Accuracy:4.00
ELocation 17: Diff:3000 ms Accuracy:5.00
ELocation 18: Diff:3000 ms Accuracy:5.00
ELocation 19: Diff:3000 ms Accuracy:4.00
ELocation 20: Diff:3000 ms Accuracy:6.00
ELocation 21: Diff:3000 ms Accuracy:6.00
ELocation 22: Diff:3000 ms Accuracy:10.00
ELocation 23: Diff:3000 ms Accuracy:10.00
ELocation 24: Diff:3000 ms Accuracy:9.00
ELocation 25: Diff:3000 ms Accuracy:9.00
ELocation 26: Diff:3000 ms Accuracy:9.00
ELocation 27: Diff:3000 ms Accuracy:9.00
ELocation 28: Diff:3000 ms Accuracy:3.00
ELocation 29: Diff:3000 ms Accuracy:3.00
ELocation 30: Diff:3000 ms Accuracy:3.00
ELocation 31: Diff:3000 ms Accuracy:3.00
ELocation 32: Diff:3000 ms Accuracy:3.00
ELocation 33: Diff:3000 ms Accuracy:3.00
ELocation 34: Diff:3000 ms Accuracy:3.00
ELocation 35: Diff:3000 ms Accuracy:3.00
ELocation 36: Diff:3000 ms Accuracy:3.00
ELocation 37: Diff:3000 ms Accuracy:3.00
ELocation 38: Diff:3000 ms Accuracy:3.00
ELocation 39: Diff:3000 ms Accuracy:3.00
ELocation 40: Diff:3000 ms Accuracy:3.00
ELocation 41: Diff:3000 ms Accuracy:3.00
ELocation 42: Diff:3000 ms Accuracy:4.00
ELocation 43: Diff:3000 ms Accuracy:4.00
ELocation 44: Diff:3000 ms Accuracy:5.00
ELocation 45: Diff:3000 ms Accuracy:6.00
ELocation 46: Diff:3000 ms Accuracy:5.00
ELocation 47: Diff:3000 ms Accuracy:5.00
ELocation 48: Diff:3000 ms Accuracy:5.00
ELocation 49: Diff:3000 ms Accuracy:9.00
ELocation 50: Diff:3000 ms Accuracy:9.00
ELocation 51: Diff:3000 ms Accuracy:9.00
ELocation 52: Diff:3000 ms Accuracy:9.00
ELocation 53: Diff:3000 ms Accuracy:4.00
ELocation 54: Diff:3000 ms Accuracy:6.00
ELocation 55: Diff:3000 ms Accuracy:6.00
ELocation 56: Diff:3000 ms Accuracy:6.00
ELocation 57: Diff:3000 ms Accuracy:5.00
ELocation 58: Diff:3000 ms Accuracy:4.00
ELocation 59: Diff:3000 ms Accuracy:4.00
ELocation 60: Diff:3000 ms Accuracy:4.00
ELocation 61: Diff:3000 ms Accuracy:3.00
ELocation 62: Diff:3000 ms Accuracy:3.00
ELocation 63: Diff:3000 ms Accuracy:3.00
ELocation 64: Diff:3000 ms Accuracy:3.00
ELocation 65: Diff:3000 ms Accuracy:3.00
ELocation 66: Diff:3000 ms Accuracy:3.00
ELocation 67: Diff:3000 ms Accuracy:3.00
ELocation 68: Diff:3000 ms Accuracy:4.00
ELocation 69: Diff:3000 ms Accuracy:4.00
ELocation 70: Diff:3000 ms Accuracy:5.00
ELocation 71: Diff:3000 ms Accuracy:4.00
ELocation 72: Diff:3000 ms Accuracy:4.00
ELocation 73: Diff:3000 ms Accuracy:3.00
ELocation 74: Diff:3000 ms Accuracy:9.00
ELocation 75: Diff:3000 ms Accuracy:9.00
ELocation 76: Diff:3000 ms Accuracy:9.00
ELocation 77: Diff:3000 ms Accuracy:9.00
ELocation 78: Diff:3000 ms Accuracy:9.00
ELocation 79: Diff:3000 ms Accuracy:9.00
ELocation 80: Diff:3000 ms Accuracy:9.00
ELocation 81: Diff:3000 ms Accuracy:10.00
ELocation 82: Diff:3000 ms Accuracy:9.00
ELocation 83: Diff:3000 ms Accuracy:9.00
ELocation 84: Diff:3000 ms Accuracy:9.00
ELocation 85: Diff:3000 ms Accuracy:9.00
ELocation 86: Diff:3000 ms Accuracy:9.00
ELocation 87: Diff:3000 ms Accuracy:9.00
ELocation 88: Diff:3000 ms Accuracy:9.00
ELocation 89: Diff:3000 ms Accuracy:9.00
ELocation 90: Diff:3000 ms Accuracy:9.00
ELocation 91: Diff:3000 ms Accuracy:9.00
ELocation 92: Diff:3000 ms Accuracy:9.00
ELocation 93: Diff:3000 ms Accuracy:9.00
ELocation 94: Diff:3000 ms Accuracy:9.00
ELocation 95: Diff:3000 ms Accuracy:9.00
ELocation 96: Diff:3000 ms Accuracy:9.00
ELocation 97: Diff:3000 ms Accuracy:9.00
ELocation 98: Diff:3000 ms Accuracy:9.00
ELocation 99: Diff:3000 ms Accuracy:9.00
ELocation 100: Diff:3000 ms Accuracy:9.00
ELocation 101: Diff:3000 ms Accuracy:9.00
ELocation 102: Diff:3000 ms Accuracy:9.00
ELocation 103: Diff:3000 ms Accuracy:9.00
ELocation 104: Diff:3000 ms Accuracy:9.00
ELocation 105: Diff:3000 ms Accuracy:9.00
ELocation 106: Diff:3000 ms Accuracy:9.00
ELocation 107: Diff:3000 ms Accuracy:9.00
ELocation 108: Diff:3000 ms Accuracy:9.00
ELocation 109: Diff:3000 ms Accuracy:9.00
ELocation 110: Diff:3000 ms Accuracy:9.00
ETask 11: Configuration:0 Energy:0.00 Power:0.00 Reward:64.20 Time:30006 -- SAMPLE
ELocation 111: Diff:3000 ms Accuracy:9.00
ELocation 112: Diff:3000 ms Accuracy:9.00
ELocation 113: Diff:3000 ms Accuracy:9.00
ELocation 114: Diff:3000 ms Accuracy:9.00
ELocation 115: Diff:3000 ms Accuracy:9.00
ELocation 116: Diff:3000 ms Accuracy:4.00
ELocation 117: Diff:3000 ms Accuracy:4.00
ELocation 118: Diff:3000 ms Accuracy:4.00
ELocation 119: Diff:3000 ms Accuracy:4.00
ELocation 120: Diff:3000 ms Accuracy:4.00
ETask 12: Configuration:0 Energy:0.00 Power:0.00 Reward:74.54 Time:30003 -- SAMPLE
ELocation 121: Diff:3000 ms Accuracy:4.00
ELocation 122: Diff:3000 ms Accuracy:4.00
ELocation 123: Diff:3000 ms Accuracy:4.00
ELocation 124: Diff:3000 ms Accuracy:4.00
ELocation 125: Diff:3000 ms Accuracy:4.00
ELocation 126: Diff:3000 ms Accuracy:4.00
ELocation 127: Diff:3000 ms Accuracy:4.00
ELocation 128: Diff:3000 ms Accuracy:3.00
ELocation 129: Diff:3000 ms Accuracy:4.00
ELocation 130: Diff:3000 ms Accuracy:4.00
ETask 13: Configuration:1 Energy:0.00 Power:0.00 Reward:73.00 Time:30003 -- SAMPLE
ELocation 131: Diff:1619 ms Accuracy:4.00
ELocation 132: Diff:-13 ms Accuracy:4.00
ELocation 133: Diff:1394 ms Accuracy:4.00
ELocation 134: Diff:3000 ms Accuracy:3.00
ELocation 135: Diff:3000 ms Accuracy:4.00
ELocation 136: Diff:3000 ms Accuracy:4.00
ELocation 137: Diff:3000 ms Accuracy:4.00
ELocation 138: Diff:3000 ms Accuracy:4.00
ELocation 139: Diff:3000 ms Accuracy:4.00
ELocation 140: Diff:3000 ms Accuracy:4.00
ELocation 141: Diff:3000 ms Accuracy:4.00
ELocation 142: Diff:3000 ms Accuracy:4.00
ETask 14: Configuration:1 Energy:0.00 Power:0.00 Reward:47.76 Time:30006 -- SAMPLE
ELocation 143: Diff:3000 ms Accuracy:4.00
ELocation 144: Diff:3000 ms Accuracy:4.00
ELocation 145: Diff:3000 ms Accuracy:4.00
ELocation 146: Diff:3000 ms Accuracy:4.00
ELocation 147: Diff:3000 ms Accuracy:4.00
ELocation 148: Diff:3000 ms Accuracy:5.00
ELocation 149: Diff:3000 ms Accuracy:5.00
ELocation 150: Diff:3000 ms Accuracy:5.00
ELocation 151: Diff:3000 ms Accuracy:7.00
ELocation 152: Diff:3000 ms Accuracy:8.00
ETask 15: Configuration:2 Energy:0.00 Power:0.00 Reward:44.11 Time:30008 -- SAMPLE
ELocation 153: Diff:1688 ms Accuracy:8.00
ELocation 154: Diff:-10 ms Accuracy:8.00
ELocation 155: Diff:1322 ms Accuracy:8.00
ELocation 156: Diff:3000 ms Accuracy:8.00
ELocation 157: Diff:2000 ms Accuracy:6.00
ELocation 158: Diff:3000 ms Accuracy:6.00
ELocation 159: Diff:2000 ms Accuracy:6.00
ELocation 160: Diff:2000 ms Accuracy:5.00
ELocation 161: Diff:3000 ms Accuracy:5.00
ELocation 162: Diff:3000 ms Accuracy:5.00
ELocation 163: Diff:2000 ms Accuracy:5.00
ELocation 164: Diff:2000 ms Accuracy:5.00
ELocation 165: Diff:2000 ms Accuracy:5.00
ELocation 166: Diff:3000 ms Accuracy:5.00
ETask 16: Configuration:2 Energy:0.00 Power:0.00 Reward:88.53 Time:30003 -- SAMPLE
ELocation 167: Diff:3000 ms Accuracy:5.00
ELocation 168: Diff:3000 ms Accuracy:5.00
ELocation 169: Diff:3000 ms Accuracy:5.00
ELocation 170: Diff:2000 ms Accuracy:5.00
ELocation 171: Diff:3000 ms Accuracy:5.00
ELocation 172: Diff:3000 ms Accuracy:10.00
ELocation 173: Diff:3000 ms Accuracy:10.00
ELocation 174: Diff:3000 ms Accuracy:10.00
ELocation 175: Diff:3000 ms Accuracy:9.00
ELocation 176: Diff:3000 ms Accuracy:9.00
ETask 17: Configuration:3 Energy:0.00 Power:0.00 Reward:54.02 Time:30006 -- SAMPLE
ELocation 177: Diff:2761 ms Accuracy:9.00
ELocation 178: Diff:-14 ms Accuracy:9.00
ELocation 179: Diff:1253 ms Accuracy:9.00
ELocation 180: Diff:2000 ms Accuracy:9.00
ELocation 181: Diff:2000 ms Accuracy:9.00
ELocation 182: Diff:2000 ms Accuracy:4.00
ELocation 183: Diff:2000 ms Accuracy:3.00
ELocation 184: Diff:2000 ms Accuracy:3.00
ELocation 185: Diff:2000 ms Accuracy:3.00
ELocation 186: Diff:2000 ms Accuracy:3.00
ELocation 187: Diff:2000 ms Accuracy:3.00
ELocation 188: Diff:2000 ms Accuracy:3.00
ELocation 189: Diff:2000 ms Accuracy:3.00
ELocation 190: Diff:2000 ms Accuracy:3.00
ELocation 191: Diff:2000 ms Accuracy:3.00
ELocation 192: Diff:2000 ms Accuracy:3.00
ETask 18: Configuration:3 Energy:0.00 Power:0.00 Reward:76.02 Time:30004 -- SAMPLE
ELocation 193: Diff:2000 ms Accuracy:3.00
ELocation 194: Diff:2000 ms Accuracy:3.00
ELocation 195: Diff:2000 ms Accuracy:3.00
ELocation 196: Diff:2000 ms Accuracy:3.00
ELocation 197: Diff:2000 ms Accuracy:3.00
ELocation 198: Diff:2000 ms Accuracy:3.00
ELocation 199: Diff:2000 ms Accuracy:4.00
ELocation 200: Diff:2000 ms Accuracy:4.00
ELocation 201: Diff:2000 ms Accuracy:3.00
ELocation 202: Diff:2000 ms Accuracy:3.00
ELocation 203: Diff:2000 ms Accuracy:3.00
ELocation 204: Diff:2000 ms Accuracy:3.00
ELocation 205: Diff:2000 ms Accuracy:4.00
ELocation 206: Diff:2000 ms Accuracy:4.00
ELocation 207: Diff:2000 ms Accuracy:4.00
ETask 19: Configuration:1 Energy:0.00 Power:0.00 Reward:73.31 Time:30013
ELocation 208: Diff:2834 ms Accuracy:4.00
ELocation 209: Diff:-10 ms Accuracy:4.00
ELocation 210: Diff:1176 ms Accuracy:4.00
ELocation 211: Diff:3000 ms Accuracy:4.00
ELocation 212: Diff:3000 ms Accuracy:4.00
ELocation 213: Diff:3000 ms Accuracy:4.00
ELocation 214: Diff:3000 ms Accuracy:3.00
ELocation 215: Diff:3000 ms Accuracy:3.00
ELocation 216: Diff:3000 ms Accuracy:3.00
ELocation 217: Diff:3000 ms Accuracy:3.00
ELocation 218: Diff:3000 ms Accuracy:3.00
ELocation 219: Diff:3000 ms Accuracy:3.00
ETask 20: Configuration:1 Energy:0.00 Power:0.00 Reward:73.32 Time:30016
ELocation 220: Diff:3000 ms Accuracy:3.00
ELocation 221: Diff:3000 ms Accuracy:4.00
ELocation 222: Diff:3000 ms Accuracy:3.00
ELocation 223: Diff:3000 ms Accuracy:3.00
ELocation 224: Diff:3000 ms Accuracy:4.00
ELocation 225: Diff:3000 ms Accuracy:4.00
ELocation 226: Diff:3000 ms Accuracy:3.00
ELocation 227: Diff:3000 ms Accuracy:3.00
ELocation 228: Diff:3000 ms Accuracy:3.00
ELocation 229: Diff:3000 ms Accuracy:3.00
ETask 21: Configuration:3 Energy:0.00 Power:0.00 Reward:73.42 Time:30017
ELocation 230: Diff:1926 ms Accuracy:3.00
ELocation 231: Diff:-12 ms Accuracy:3.00
ELocation 232: Diff:1086 ms Accuracy:3.00
ELocation 233: Diff:2000 ms Accuracy:3.00
ELocation 234: Diff:2000 ms Accuracy:3.00
ELocation 235: Diff:2000 ms Accuracy:3.00
ELocation 236: Diff:2000 ms Accuracy:3.00
ELocation 237: Diff:2000 ms Accuracy:3.00
ELocation 238: Diff:2000 ms Accuracy:3.00
ELocation 239: Diff:2000 ms Accuracy:3.00
ELocation 240: Diff:2000 ms Accuracy:3.00
ELocation 241: Diff:2000 ms Accuracy:3.00
ELocation 242: Diff:2000 ms Accuracy:3.00
ELocation 243: Diff:2000 ms Accuracy:3.00
ELocation 244: Diff:2000 ms Accuracy:3.00
ELocation 245: Diff:2000 ms Accuracy:3.00
ETask 22: Configuration:2 Energy:0.00 Power:0.00 Reward:80.77 Time:30016
ELocation 246: Diff:2990 ms Accuracy:3.00
ELocation 247: Diff:-7 ms Accuracy:3.00
ELocation 248: Diff:1017 ms Accuracy:3.00
ELocation 249: Diff:3000 ms Accuracy:3.00
ELocation 250: Diff:2000 ms Accuracy:3.00
ELocation 251: Diff:3000 ms Accuracy:3.00
ELocation 252: Diff:3000 ms Accuracy:3.00
ELocation 253: Diff:3000 ms Accuracy:3.00
ELocation 254: Diff:3000 ms Accuracy:3.00
ELocation 255: Diff:3000 ms Accuracy:3.00
ELocation 256: Diff:2000 ms Accuracy:3.00
ELocation 257: Diff:2000 ms Accuracy:3.00
ELocation 258: Diff:2000 ms Accuracy:3.00
ETask 23: Configuration:1 Energy:0.00 Power:0.00 Reward:73.65 Time:30012
ELocation 259: Diff:3054 ms Accuracy:3.00
ELocation 260: Diff:-11 ms Accuracy:3.00
ELocation 261: Diff:957 ms Accuracy:3.00
ELocation 262: Diff:3000 ms Accuracy:4.00
ELocation 263: Diff:3000 ms Accuracy:3.00
ELocation 264: Diff:3000 ms Accuracy:3.00
ELocation 265: Diff:3000 ms Accuracy:3.00
ELocation 266: Diff:3000 ms Accuracy:3.00
ELocation 267: Diff:3000 ms Accuracy:3.00
ELocation 268: Diff:3000 ms Accuracy:3.00
ELocation 269: Diff:3000 ms Accuracy:3.00
ELocation 270: Diff:3000 ms Accuracy:4.00
ETask 24: Configuration:3 Energy:0.00 Power:0.00 Reward:72.90 Time:30009
ELocation 271: Diff:2109 ms Accuracy:4.00
ELocation 272: Diff:-1109 ms Accuracy:4.00
ELocation 273: Diff:2000 ms Accuracy:4.00
ELocation 274: Diff:2000 ms Accuracy:4.00
ELocation 275: Diff:2000 ms Accuracy:4.00
ELocation 276: Diff:2000 ms Accuracy:5.00
ELocation 277: Diff:2000 ms Accuracy:4.00
ELocation 278: Diff:2000 ms Accuracy:4.00
ELocation 279: Diff:2000 ms Accuracy:4.00
ELocation 280: Diff:2000 ms Accuracy:4.00
ELocation 281: Diff:2000 ms Accuracy:9.00
ELocation 282: Diff:2000 ms Accuracy:9.00
ELocation 283: Diff:2000 ms Accuracy:9.00
ELocation 284: Diff:2000 ms Accuracy:9.00
ELocation 285: Diff:2000 ms Accuracy:9.00
ELocation 286: Diff:2000 ms Accuracy:9.00
ETask 25: Configuration:1 Energy:0.00 Power:0.00 Reward:77.83 Time:30009
ELocation 287: Diff:3180 ms Accuracy:9.00
ELocation 288: Diff:-8 ms Accuracy:9.00
ELocation 289: Diff:1828 ms Accuracy:9.00
ELocation 290: Diff:3000 ms Accuracy:9.00
ELocation 291: Diff:3000 ms Accuracy:9.00
ELocation 292: Diff:3000 ms Accuracy:9.00
ELocation 293: Diff:3000 ms Accuracy:10.00
ELocation 294: Diff:3000 ms Accuracy:10.00
ELocation 295: Diff:3000 ms Accuracy:10.00
ELocation 296: Diff:3000 ms Accuracy:11.00
ELocation 297: Diff:3000 ms Accuracy:10.00
ETask 26: Configuration:3 Energy:0.00 Power:0.00 Reward:66.86 Time:30009
ELocation 298: Diff:4218 ms Accuracy:10.00
ELocation 299: Diff:-1218 ms Accuracy:10.00
ELocation 300: Diff:2000 ms Accuracy:10.00
ELocation 301: Diff:2000 ms Accuracy:10.00
ELocation 302: Diff:2000 ms Accuracy:10.00
ELocation 303: Diff:2000 ms Accuracy:10.00
ELocation 304: Diff:2000 ms Accuracy:10.00
ELocation 305: Diff:2000 ms Accuracy:10.00
ELocation 306: Diff:2000 ms Accuracy:10.00
ELocation 307: Diff:2000 ms Accuracy:10.00
ELocation 308: Diff:2000 ms Accuracy:4.00
ELocation 309: Diff:2000 ms Accuracy:4.00
ELocation 310: Diff:2000 ms Accuracy:4.00
ELocation 311: Diff:2000 ms Accuracy:3.00
ELocation 312: Diff:2000 ms Accuracy:3.00
ELocation 313: Diff:2000 ms Accuracy:3.00
ETask 27: Configuration:3 Energy:0.00 Power:0.00 Reward:71.93 Time:30013
ELocation 314: Diff:2000 ms Accuracy:3.00
ELocation 315: Diff:2000 ms Accuracy:3.00
ELocation 316: Diff:2000 ms Accuracy:3.00
ELocation 317: Diff:2000 ms Accuracy:3.00
ELocation 318: Diff:2000 ms Accuracy:3.00
ELocation 319: Diff:2000 ms Accuracy:3.00
ELocation 320: Diff:2000 ms Accuracy:3.00
ELocation 321: Diff:2000 ms Accuracy:3.00
ELocation 322: Diff:2000 ms Accuracy:3.00
ELocation 323: Diff:2000 ms Accuracy:3.00
ELocation 324: Diff:2000 ms Accuracy:3.00
ELocation 325: Diff:2000 ms Accuracy:3.00
ELocation 326: Diff:2000 ms Accuracy:3.00
ELocation 327: Diff:2000 ms Accuracy:3.00
ELocation 328: Diff:2000 ms Accuracy:3.00
ETask 28: Configuration:3 Energy:0.00 Power:0.00 Reward:73.46 Time:30015
ELocation 329: Diff:2000 ms Accuracy:3.00
ELocation 330: Diff:2000 ms Accuracy:3.00
ELocation 331: Diff:2000 ms Accuracy:4.00
ELocation 332: Diff:2000 ms Accuracy:4.00
ELocation 333: Diff:2000 ms Accuracy:4.00
ELocation 334: Diff:2000 ms Accuracy:4.00
ELocation 335: Diff:2000 ms Accuracy:3.00
ELocation 336: Diff:2000 ms Accuracy:3.00
ELocation 337: Diff:2000 ms Accuracy:3.00
ELocation 338: Diff:2000 ms Accuracy:3.00
ELocation 339: Diff:2000 ms Accuracy:3.00
ELocation 340: Diff:2000 ms Accuracy:3.00
ELocation 341: Diff:2000 ms Accuracy:3.00
ELocation 342: Diff:2000 ms Accuracy:3.00
ELocation 343: Diff:2000 ms Accuracy:3.00
ETask 29: Configuration:0 Energy:0.00 Power:0.00 Reward:73.94 Time:30011
ELocation 344: Diff:3321 ms Accuracy:3.00
ELocation 345: Diff:-14 ms Accuracy:3.00
ELocation 346: Diff:1693 ms Accuracy:3.00
ELocation 347: Diff:3000 ms Accuracy:3.00
ELocation 348: Diff:3000 ms Accuracy:3.00
ELocation 349: Diff:3000 ms Accuracy:3.00
ELocation 350: Diff:3000 ms Accuracy:3.00
ELocation 351: Diff:3000 ms Accuracy:3.00
ELocation 352: Diff:3000 ms Accuracy:3.00
ELocation 353: Diff:3000 ms Accuracy:3.00
ELocation 354: Diff:3000 ms Accuracy:3.00
ELocation 355: Diff:3000 ms Accuracy:3.00
ETask 30: Configuration:3 Energy:0.00 Power:0.00 Reward:70.67 Time:30015
ELocation 356: Diff:1394 ms Accuracy:3.00
ELocation 357: Diff:-13 ms Accuracy:3.00
ELocation 358: Diff:619 ms Accuracy:3.00
ELocation 359: Diff:2000 ms Accuracy:3.00
ELocation 360: Diff:2000 ms Accuracy:3.00
ELocation 361: Diff:2000 ms Accuracy:3.00
ELocation 362: Diff:2000 ms Accuracy:3.00
ELocation 363: Diff:2000 ms Accuracy:3.00
ELocation 364: Diff:2000 ms Accuracy:3.00
ELocation 365: Diff:2000 ms Accuracy:3.00
ELocation 366: Diff:2000 ms Accuracy:3.00
ELocation 367: Diff:2000 ms Accuracy:3.00
ELocation 368: Diff:2000 ms Accuracy:3.00
ELocation 369: Diff:2000 ms Accuracy:3.00
ELocation 370: Diff:2000 ms Accuracy:3.00
ELocation 371: Diff:2000 ms Accuracy:3.00
ELocation 372: Diff:2000 ms Accuracy:3.00
ETask 31: Configuration:1 Energy:0.00 Power:0.00 Reward:73.38 Time:30012
ELocation 373: Diff:1441 ms Accuracy:3.00
ELocation 374: Diff:-12 ms Accuracy:3.00
ELocation 375: Diff:1571 ms Accuracy:3.00
ELocation 376: Diff:3000 ms Accuracy:3.00
ELocation 377: Diff:3000 ms Accuracy:3.00
ELocation 378: Diff:3000 ms Accuracy:3.00
ELocation 379: Diff:3000 ms Accuracy:3.00
ELocation 380: Diff:3000 ms Accuracy:3.00
ELocation 381: Diff:3000 ms Accuracy:3.00
ELocation 382: Diff:3000 ms Accuracy:3.00
ELocation 383: Diff:3000 ms Accuracy:3.00
ELocation 384: Diff:3000 ms Accuracy:4.00
ETask 32: Configuration:3 Energy:0.00 Power:0.00 Reward:75.26 Time:30012
ELocation 385: Diff:1497 ms Accuracy:4.00
ELocation 386: Diff:-10 ms Accuracy:4.00
ELocation 387: Diff:513 ms Accuracy:9.00
ELocation 388: Diff:2000 ms Accuracy:9.00
ELocation 389: Diff:2000 ms Accuracy:9.00
ELocation 390: Diff:2000 ms Accuracy:9.00
ELocation 391: Diff:2000 ms Accuracy:9.00
ELocation 392: Diff:2000 ms Accuracy:9.00
ELocation 393: Diff:2000 ms Accuracy:9.00
ELocation 394: Diff:2000 ms Accuracy:9.00
ELocation 395: Diff:2000 ms Accuracy:9.00
ELocation 396: Diff:2000 ms Accuracy:9.00
ELocation 397: Diff:2000 ms Accuracy:9.00
ELocation 398: Diff:2000 ms Accuracy:9.00
ELocation 399: Diff:2000 ms Accuracy:9.00
ELocation 400: Diff:2000 ms Accuracy:9.00
ELocation 401: Diff:2000 ms Accuracy:9.00
ETask 33: Configuration:1 Energy:0.00 Power:0.00 Reward:78.28 Time:30012
ELocation 402: Diff:1555 ms Accuracy:9.00
ELocation 403: Diff:-10 ms Accuracy:9.00
ELocation 404: Diff:1455 ms Accuracy:9.00
ELocation 405: Diff:3000 ms Accuracy:9.00
ELocation 406: Diff:3000 ms Accuracy:9.00
ELocation 407: Diff:3000 ms Accuracy:9.00
ELocation 408: Diff:3000 ms Accuracy:9.00
ELocation 409: Diff:3000 ms Accuracy:9.00
ELocation 410: Diff:3000 ms Accuracy:9.00
ELocation 411: Diff:3000 ms Accuracy:9.00
ELocation 412: Diff:3000 ms Accuracy:9.00
ELocation 413: Diff:3000 ms Accuracy:9.00
ETask 34: Configuration:3 Energy:0.00 Power:0.00 Reward:84.02 Time:30013
ELocation 414: Diff:1611 ms Accuracy:9.00
ELocation 415: Diff:-11 ms Accuracy:9.00
ELocation 416: Diff:1400 ms Accuracy:9.00
ELocation 417: Diff:2000 ms Accuracy:9.00
ELocation 418: Diff:2000 ms Accuracy:9.00
ELocation 419: Diff:2000 ms Accuracy:9.00
ELocation 420: Diff:2000 ms Accuracy:9.00
ELocation 421: Diff:2000 ms Accuracy:9.00
ELocation 422: Diff:2000 ms Accuracy:9.00
ELocation 423: Diff:2000 ms Accuracy:9.00
ELocation 424: Diff:2000 ms Accuracy:9.00
ELocation 425: Diff:2000 ms Accuracy:9.00
ELocation 426: Diff:2000 ms Accuracy:9.00
ELocation 427: Diff:2000 ms Accuracy:9.00
ELocation 428: Diff:2000 ms Accuracy:9.00
ELocation 429: Diff:2000 ms Accuracy:9.00
ETask 35: Configuration:0 Energy:0.00 Power:0.00 Reward:75.96 Time:30010
ELocation 430: Diff:2673 ms Accuracy:9.00
ELocation 431: Diff:-12 ms Accuracy:9.00
ELocation 432: Diff:1339 ms Accuracy:9.00
ELocation 433: Diff:3000 ms Accuracy:9.00
ELocation 434: Diff:3000 ms Accuracy:9.00
ELocation 435: Diff:3000 ms Accuracy:9.00
ELocation 436: Diff:3000 ms Accuracy:9.00
ELocation 437: Diff:3000 ms Accuracy:9.00
ELocation 438: Diff:3000 ms Accuracy:9.00
ELocation 439: Diff:3000 ms Accuracy:9.00
ELocation 440: Diff:3000 ms Accuracy:9.00
ELocation 441: Diff:3000 ms Accuracy:9.00
ETask 36: Configuration:2 Energy:0.00 Power:0.00 Reward:77.89 Time:30014
ELocation 442: Diff:1733 ms Accuracy:9.00
ELocation 443: Diff:-8 ms Accuracy:9.00
ELocation 444: Diff:1275 ms Accuracy:9.00
ELocation 445: Diff:2000 ms Accuracy:9.00
ELocation 446: Diff:2000 ms Accuracy:9.00
ELocation 447: Diff:2000 ms Accuracy:9.00
ELocation 448: Diff:2000 ms Accuracy:9.00
ELocation 449: Diff:2000 ms Accuracy:9.00
ELocation 450: Diff:3000 ms Accuracy:9.00
ELocation 451: Diff:3000 ms Accuracy:9.00
ELocation 452: Diff:2000 ms Accuracy:9.00
ELocation 453: Diff:3000 ms Accuracy:9.00
ELocation 454: Diff:3000 ms Accuracy:9.00
ELocation 455: Diff:3000 ms Accuracy:9.00
ETask 37: Configuration:1 Energy:0.00 Power:0.00 Reward:90.55 Time:30011
ELocation 456: Diff:1794 ms Accuracy:9.00
ELocation 457: Diff:-13 ms Accuracy:9.00
ELocation 458: Diff:1219 ms Accuracy:9.00
ELocation 459: Diff:3000 ms Accuracy:9.00
ELocation 460: Diff:3000 ms Accuracy:9.00
ELocation 461: Diff:3000 ms Accuracy:9.00
ELocation 462: Diff:3000 ms Accuracy:9.00
ELocation 463: Diff:3000 ms Accuracy:9.00
ELocation 464: Diff:3000 ms Accuracy:9.00
ELocation 465: Diff:3000 ms Accuracy:9.00
ELocation 466: Diff:3000 ms Accuracy:9.00
ELocation 467: Diff:3000 ms Accuracy:9.00
ETask 38: Configuration:3 Energy:0.00 Power:0.00 Reward:96.50 Time:30013
ELocation 468: Diff:1856 ms Accuracy:9.00
ELocation 469: Diff:-11 ms Accuracy:9.00
ELocation 470: Diff:1155 ms Accuracy:9.00
ELocation 471: Diff:2000 ms Accuracy:9.00
ELocation 472: Diff:2000 ms Accuracy:9.00
ELocation 473: Diff:2000 ms Accuracy:9.00
ELocation 474: Diff:2000 ms Accuracy:9.00
ELocation 475: Diff:2000 ms Accuracy:9.00
ELocation 476: Diff:2000 ms Accuracy:9.00
ELocation 477: Diff:2000 ms Accuracy:9.00
ELocation 478: Diff:2000 ms Accuracy:9.00
ELocation 479: Diff:2000 ms Accuracy:9.00
ELocation 480: Diff:2000 ms Accuracy:9.00
ELocation 481: Diff:2000 ms Accuracy:9.00
ELocation 482: Diff:2000 ms Accuracy:9.00
ELocation 483: Diff:2000 ms Accuracy:9.00
ETask 39: Configuration:0 Energy:0.00 Power:0.00 Reward:84.84 Time:30013
ERun: Reward:2140.91 PostConfigReward:1618.72 Time:871333
==END-RUN 0==
STOKE: Config:0 | interval:0:2500 priority:0:100 sensor-configuration:0:2 | -- timeOn:5 reward:373.48 scaled:0.53 (location_accuracy,1165.44,6.90)
STOKE: Config:1 | interval:1:2250 priority:0:100 sensor-configuration:0:2 | -- timeOn:9 reward:661.07 scaled:0.54 (location_accuracy,642.00,5.10)
STOKE: Config:2 | interval:2:2000 priority:0:100 sensor-configuration:0:2 | -- timeOn:4 reward:291.30 scaled:0.54 (location_accuracy,291.00,5.60)
STOKE: Config:3 | interval:3:1750 priority:0:100 sensor-configuration:0:2 | -- timeOn:11 reward:815.06 scaled:0.54 (location_accuracy,779.00,5.64)

==RUN 1==
ELocation 484: Diff:2947 ms Accuracy:9.00
ELocation 485: Diff:-12 ms Accuracy:9.00
ELocation 486: Diff:2065 ms Accuracy:9.00
ELocation 487: Diff:3000 ms Accuracy:9.00
ELocation 488: Diff:3000 ms Accuracy:9.00
ELocation 489: Diff:3000 ms Accuracy:9.00
ELocation 490: Diff:3000 ms Accuracy:9.00
ELocation 491: Diff:3000 ms Accuracy:9.00
ELocation 492: Diff:3000 ms Accuracy:9.00
ELocation 493: Diff:3000 ms Accuracy:10.00
ELocation 494: Diff:3000 ms Accuracy:11.00
ELocation 495: Diff:3000 ms Accuracy:11.00
ELocation 496: Diff:3000 ms Accuracy:10.00
ELocation 497: Diff:3000 ms Accuracy:10.00
ELocation 498: Diff:3000 ms Accuracy:10.00
ELocation 499: Diff:3000 ms Accuracy:10.00
ELocation 500: Diff:3000 ms Accuracy:9.00
ELocation 501: Diff:3000 ms Accuracy:10.00
ELocation 502: Diff:3000 ms Accuracy:10.00
ELocation 503: Diff:3000 ms Accuracy:10.00
ELocation 504: Diff:3000 ms Accuracy:10.00
ELocation 505: Diff:3000 ms Accuracy:11.00
ELocation 506: Diff:3000 ms Accuracy:11.00
ELocation 507: Diff:3000 ms Accuracy:10.00
ELocation 508: Diff:3000 ms Accuracy:10.00
ELocation 509: Diff:3000 ms Accuracy:10.00
ELocation 510: Diff:3000 ms Accuracy:10.00
ELocation 511: Diff:3000 ms Accuracy:10.00
ELocation 512: Diff:3000 ms Accuracy:10.00
ELocation 513: Diff:3000 ms Accuracy:10.00
ELocation 514: Diff:3000 ms Accuracy:10.00
ELocation 515: Diff:3000 ms Accuracy:10.00
ELocation 516: Diff:3000 ms Accuracy:10.00
ELocation 517: Diff:3000 ms Accuracy:10.00
ELocation 518: Diff:3000 ms Accuracy:10.00
ELocation 519: Diff:3000 ms Accuracy:11.00
ELocation 520: Diff:3000 ms Accuracy:10.00
ELocation 521: Diff:3000 ms Accuracy:10.00
ELocation 522: Diff:3000 ms Accuracy:9.00
ELocation 523: Diff:3000 ms Accuracy:9.00
ELocation 524: Diff:3000 ms Accuracy:9.00
ELocation 525: Diff:3000 ms Accuracy:9.00
ELocation 526: Diff:3000 ms Accuracy:9.00
ELocation 527: Diff:3000 ms Accuracy:9.00
ELocation 528: Diff:3000 ms Accuracy:9.00
ELocation 529: Diff:3000 ms Accuracy:9.00
ELocation 530: Diff:3000 ms Accuracy:9.00
ELocation 531: Diff:3000 ms Accuracy:9.00
ELocation 532: Diff:3000 ms Accuracy:9.00
ELocation 533: Diff:3000 ms Accuracy:9.00
ELocation 534: Diff:3000 ms Accuracy:9.00
ELocation 535: Diff:3000 ms Accuracy:9.00
ELocation 536: Diff:3000 ms Accuracy:9.00
ELocation 537: Diff:3000 ms Accuracy:9.00
ELocation 538: Diff:3000 ms Accuracy:10.00
ELocation 539: Diff:3000 ms Accuracy:10.00
ELocation 540: Diff:3000 ms Accuracy:10.00
ELocation 541: Diff:3000 ms Accuracy:11.00
ELocation 542: Diff:3000 ms Accuracy:11.00
ELocation 543: Diff:3000 ms Accuracy:11.00
ELocation 544: Diff:3000 ms Accuracy:10.00
ELocation 545: Diff:3000 ms Accuracy:10.00
ELocation 546: Diff:3000 ms Accuracy:10.00
ELocation 547: Diff:3000 ms Accuracy:10.00
ELocation 548: Diff:3000 ms Accuracy:10.00
ELocation 549: Diff:3000 ms Accuracy:10.00
ELocation 550: Diff:3000 ms Accuracy:10.00
ELocation 551: Diff:3000 ms Accuracy:9.00
ELocation 552: Diff:3000 ms Accuracy:9.00
ELocation 553: Diff:3000 ms Accuracy:9.00
ELocation 554: Diff:3000 ms Accuracy:9.00
ELocation 555: Diff:3000 ms Accuracy:9.00
ELocation 556: Diff:3000 ms Accuracy:9.00
ELocation 557: Diff:3000 ms Accuracy:9.00
ELocation 558: Diff:3000 ms Accuracy:9.00
ELocation 559: Diff:3000 ms Accuracy:9.00
ELocation 560: Diff:3000 ms Accuracy:9.00
ELocation 561: Diff:3000 ms Accuracy:9.00
ELocation 562: Diff:3000 ms Accuracy:9.00
ELocation 563: Diff:3000 ms Accuracy:9.00
ELocation 564: Diff:3000 ms Accuracy:9.00
ELocation 565: Diff:3000 ms Accuracy:9.00
ELocation 566: Diff:3000 ms Accuracy:9.00
ELocation 567: Diff:3000 ms Accuracy:9.00
ELocation 568: Diff:3000 ms Accuracy:9.00
ELocation 569: Diff:3000 ms Accuracy:9.00
ELocation 570: Diff:3000 ms Accuracy:9.00
ELocation 571: Diff:3000 ms Accuracy:9.00
ELocation 572: Diff:3000 ms Accuracy:9.00
ELocation 573: Diff:3000 ms Accuracy:9.00
ELocation 574: Diff:3000 ms Accuracy:9.00
ELocation 575: Diff:3000 ms Accuracy:9.00
ELocation 576: Diff:3000 ms Accuracy:9.00
ELocation 577: Diff:3000 ms Accuracy:9.00
ELocation 578: Diff:3000 ms Accuracy:9.00
ELocation 579: Diff:3000 ms Accuracy:9.00
ELocation 580: Diff:3000 ms Accuracy:9.00
ELocation 581: Diff:3000 ms Accuracy:9.00
ELocation 582: Diff:3000 ms Accuracy:9.00
ELocation 583: Diff:3000 ms Accuracy:9.00
ELocation 584: Diff:3000 ms Accuracy:9.00
ELocation 585: Diff:3000 ms Accuracy:9.00
ELocation 586: Diff:3000 ms Accuracy:9.00
ELocation 587: Diff:3000 ms Accuracy:9.00
ELocation 588: Diff:3000 ms Accuracy:9.00
ELocation 589: Diff:3000 ms Accuracy:9.00
ELocation 590: Diff:3000 ms Accuracy:9.00
ELocation 591: Diff:3000 ms Accuracy:9.00
ELocation 592: Diff:3000 ms Accuracy:9.00
ELocation 593: Diff:3000 ms Accuracy:9.00
ELocation 594: Diff:3000 ms Accuracy:9.00
ETask 11: Configuration:0 Energy:0.00 Power:0.00 Reward:38.14 Time:30008 -- SAMPLE
ELocation 595: Diff:3000 ms Accuracy:9.00
ELocation 596: Diff:3000 ms Accuracy:9.00
ELocation 597: Diff:3000 ms Accuracy:9.00
ELocation 598: Diff:3000 ms Accuracy:9.00
ELocation 599: Diff:3000 ms Accuracy:9.00
ELocation 600: Diff:3000 ms Accuracy:9.00
ELocation 601: Diff:3000 ms Accuracy:9.00
ELocation 602: Diff:3000 ms Accuracy:9.00
ELocation 603: Diff:3000 ms Accuracy:9.00
ELocation 604: Diff:3000 ms Accuracy:9.00
ETask 12: Configuration:0 Energy:0.00 Power:0.00 Reward:65.77 Time:30007 -- SAMPLE
ELocation 605: Diff:3000 ms Accuracy:9.00
ELocation 606: Diff:3000 ms Accuracy:9.00
ELocation 607: Diff:3000 ms Accuracy:9.00
ELocation 608: Diff:3000 ms Accuracy:9.00
ELocation 609: Diff:3000 ms Accuracy:9.00
ELocation 610: Diff:3000 ms Accuracy:9.00
ELocation 611: Diff:3000 ms Accuracy:9.00
ELocation 612: Diff:3000 ms Accuracy:9.00
ELocation 613: Diff:3000 ms Accuracy:9.00
ELocation 614: Diff:3000 ms Accuracy:9.00
ETask 13: Configuration:1 Energy:0.00 Power:0.00 Reward:94.85 Time:30009 -- SAMPLE
ELocation 615: Diff:4146 ms Accuracy:9.00
ELocation 616: Diff:-10 ms Accuracy:9.00
ELocation 617: Diff:1864 ms Accuracy:9.00
ELocation 618: Diff:3000 ms Accuracy:9.00
ELocation 619: Diff:3000 ms Accuracy:9.00
ELocation 620: Diff:3000 ms Accuracy:9.00
ELocation 621: Diff:3000 ms Accuracy:9.00
ELocation 622: Diff:3000 ms Accuracy:9.00
ELocation 623: Diff:3000 ms Accuracy:9.00
ELocation 624: Diff:3000 ms Accuracy:9.00
ELocation 625: Diff:3000 ms Accuracy:9.00
ETask 14: Configuration:1 Energy:0.00 Power:0.00 Reward:82.62 Time:30008 -- SAMPLE
ELocation 626: Diff:3000 ms Accuracy:9.00
ELocation 627: Diff:3000 ms Accuracy:9.00
ELocation 628: Diff:3000 ms Accuracy:9.00
ELocation 629: Diff:3000 ms Accuracy:9.00
ELocation 630: Diff:3000 ms Accuracy:10.00
ELocation 631: Diff:3000 ms Accuracy:9.00
ELocation 632: Diff:3000 ms Accuracy:9.00
ELocation 633: Diff:3000 ms Accuracy:9.00
ELocation 634: Diff:3000 ms Accuracy:9.00
ELocation 635: Diff:3000 ms Accuracy:9.00
ETask 15: Configuration:2 Energy:0.00 Power:0.00 Reward:37.35 Time:30007 -- SAMPLE
ELocation 636: Diff:4215 ms Accuracy:9.00
ELocation 637: Diff:-1215 ms Accuracy:9.00
ELocation 638: Diff:3000 ms Accuracy:9.00
ELocation 639: Diff:2000 ms Accuracy:9.00
ELocation 640: Diff:2000 ms Accuracy:9.00
ELocation 641: Diff:2000 ms Accuracy:9.00
ELocation 642: Diff:2000 ms Accuracy:9.00
ELocation 643: Diff:3000 ms Accuracy:9.00
ELocation 644: Diff:3000 ms Accuracy:9.00
ELocation 645: Diff:3000 ms Accuracy:3.00
ELocation 646: Diff:3000 ms Accuracy:3.00
ELocation 647: Diff:2000 ms Accuracy:3.00
ELocation 648: Diff:3000 ms Accuracy:3.00
ETask 16: Configuration:2 Energy:0.00 Power:0.00 Reward:122.35 Time:30004 -- SAMPLE
ELocation 649: Diff:3000 ms Accuracy:3.00
ELocation 650: Diff:2000 ms Accuracy:3.00
ELocation 651: Diff:2000 ms Accuracy:3.00
ELocation 652: Diff:3000 ms Accuracy:3.00
ELocation 653: Diff:3000 ms Accuracy:3.00
ELocation 654: Diff:3000 ms Accuracy:3.00
ELocation 655: Diff:3000 ms Accuracy:3.00
ELocation 656: Diff:3000 ms Accuracy:3.00
ELocation 657: Diff:3000 ms Accuracy:3.00
ELocation 658: Diff:3000 ms Accuracy:3.00
ELocation 659: Diff:3000 ms Accuracy:3.00
ETask 17: Configuration:3 Energy:0.00 Power:0.00 Reward:74.34 Time:30008 -- SAMPLE
ELocation 660: Diff:2281 ms Accuracy:3.00
ELocation 661: Diff:-1281 ms Accuracy:3.00
ELocation 662: Diff:2000 ms Accuracy:3.00
ELocation 663: Diff:2000 ms Accuracy:3.00
ELocation 664: Diff:2000 ms Accuracy:3.00
ELocation 665: Diff:2000 ms Accuracy:3.00
ELocation 666: Diff:2000 ms Accuracy:3.00
ELocation 667: Diff:2000 ms Accuracy:3.00
ELocation 668: Diff:2000 ms Accuracy:3.00
ELocation 669: Diff:2000 ms Accuracy:3.00
ELocation 670: Diff:2000 ms Accuracy:3.00
ELocation 671: Diff:2000 ms Accuracy:3.00
ELocation 672: Diff:2000 ms Accuracy:3.00
ELocation 673: Diff:2000 ms Accuracy:3.00
ELocation 674: Diff:2000 ms Accuracy:3.00
ELocation 675: Diff:2000 ms Accuracy:3.00
ETask 18: Configuration:3 Energy:0.00 Power:0.00 Reward:74.86 Time:30005 -- SAMPLE
ELocation 676: Diff:2000 ms Accuracy:3.00
ELocation 677: Diff:2000 ms Accuracy:3.00
ELocation 678: Diff:2000 ms Accuracy:3.00
ELocation 679: Diff:2000 ms Accuracy:3.00
ELocation 680: Diff:2000 ms Accuracy:3.00
ELocation 681: Diff:2000 ms Accuracy:3.00
ELocation 682: Diff:2000 ms Accuracy:3.00
ELocation 683: Diff:2000 ms Accuracy:3.00
ELocation 684: Diff:2000 ms Accuracy:3.00
ELocation 685: Diff:2000 ms Accuracy:3.00
ELocation 686: Diff:2000 ms Accuracy:3.00
ELocation 687: Diff:2000 ms Accuracy:3.00
ELocation 688: Diff:2000 ms Accuracy:3.00
ELocation 689: Diff:2000 ms Accuracy:3.00
ELocation 690: Diff:2000 ms Accuracy:3.00
ETask 19: Configuration:0 Energy:0.00 Power:0.00 Reward:75.28 Time:30015
ELocation 691: Diff:3351 ms Accuracy:3.00
ELocation 692: Diff:-1351 ms Accuracy:3.00
ELocation 693: Diff:1346 ms Accuracy:3.00
ELocation 694: Diff:1654 ms Accuracy:3.00
ELocation 695: Diff:3000 ms Accuracy:3.00
ELocation 696: Diff:3000 ms Accuracy:3.00
ELocation 697: Diff:3000 ms Accuracy:3.00
ELocation 698: Diff:3000 ms Accuracy:3.00
ELocation 699: Diff:3000 ms Accuracy:3.00
ELocation 700: Diff:3000 ms Accuracy:3.00
ELocation 701: Diff:3000 ms Accuracy:3.00
ELocation 702: Diff:3000 ms Accuracy:3.00
ELocation 703: Diff:3000 ms Accuracy:3.00
ETask 20: Configuration:0 Energy:0.00 Power:0.00 Reward:88.36 Time:30009
ELocation 704: Diff:3000 ms Accuracy:3.00
ELocation 705: Diff:3000 ms Accuracy:3.00
ELocation 706: Diff:3000 ms Accuracy:3.00
ELocation 707: Diff:3000 ms Accuracy:3.00
ELocation 708: Diff:3000 ms Accuracy:3.00
ELocation 709: Diff:3000 ms Accuracy:3.00
ELocation 710: Diff:3000 ms Accuracy:3.00
ELocation 711: Diff:3000 ms Accuracy:3.00
ELocation 712: Diff:3000 ms Accuracy:3.00
ELocation 713: Diff:3000 ms Accuracy:3.00
ETask 21: Configuration:0 Energy:0.00 Power:0.00 Reward:75.23 Time:30011
ELocation 714: Diff:3000 ms Accuracy:3.00
ELocation 715: Diff:3000 ms Accuracy:3.00
ELocation 716: Diff:3000 ms Accuracy:3.00
ELocation 717: Diff:3000 ms Accuracy:3.00
ELocation 718: Diff:3000 ms Accuracy:4.00
ELocation 719: Diff:3000 ms Accuracy:4.00
ELocation 720: Diff:3000 ms Accuracy:3.00
ELocation 721: Diff:3000 ms Accuracy:3.00
ELocation 722: Diff:3000 ms Accuracy:3.00
ELocation 723: Diff:3000 ms Accuracy:3.00
ETask 22: Configuration:0 Energy:0.00 Power:0.00 Reward:74.10 Time:30011
ELocation 724: Diff:3000 ms Accuracy:3.00
ELocation 725: Diff:3000 ms Accuracy:9.00
ELocation 726: Diff:3000 ms Accuracy:9.00
ELocation 727: Diff:3000 ms Accuracy:9.00
ELocation 728: Diff:3000 ms Accuracy:9.00
ELocation 729: Diff:3000 ms Accuracy:9.00
ELocation 730: Diff:3000 ms Accuracy:9.00
ELocation 731: Diff:3000 ms Accuracy:9.00
ELocation 732: Diff:3000 ms Accuracy:9.00
ELocation 733: Diff:3000 ms Accuracy:9.00
ETask 23: Configuration:0 Energy:0.00 Power:0.00 Reward:37.51 Time:30019
ELocation 734: Diff:3000 ms Accuracy:9.00
ELocation 735: Diff:3000 ms Accuracy:9.00
ELocation 736: Diff:3000 ms Accuracy:9.00
ELocation 737: Diff:3000 ms Accuracy:9.00
ELocation 738: Diff:3000 ms Accuracy:9.00
ELocation 739: Diff:3000 ms Accuracy:9.00
ELocation 740: Diff:3000 ms Accuracy:9.00
ELocation 741: Diff:3000 ms Accuracy:10.00
ELocation 742: Diff:3000 ms Accuracy:10.00
ELocation 743: Diff:3000 ms Accuracy:10.00
ETask 24: Configuration:0 Energy:0.00 Power:0.00 Reward:37.50 Time:30013
ELocation 744: Diff:3000 ms Accuracy:10.00
ELocation 745: Diff:3000 ms Accuracy:9.00
ELocation 746: Diff:3000 ms Accuracy:9.00
ELocation 747: Diff:3000 ms Accuracy:9.00
ELocation 748: Diff:3000 ms Accuracy:10.00
ELocation 749: Diff:3000 ms Accuracy:10.00
ELocation 750: Diff:3000 ms Accuracy:10.00
ELocation 751: Diff:3000 ms Accuracy:10.00
ELocation 752: Diff:3000 ms Accuracy:9.00
ELocation 753: Diff:3000 ms Accuracy:9.00
ETask 25: Configuration:0 Energy:0.00 Power:0.00 Reward:86.73 Time:30011
ELocation 754: Diff:3000 ms Accuracy:9.00
ELocation 755: Diff:3000 ms Accuracy:10.00
ELocation 756: Diff:3000 ms Accuracy:10.00
ELocation 757: Diff:3000 ms Accuracy:10.00
ELocation 758: Diff:3000 ms Accuracy:10.00
ELocation 759: Diff:3000 ms Accuracy:10.00
ELocation 760: Diff:3000 ms Accuracy:10.00
ELocation 761: Diff:3000 ms Accuracy:10.00
ELocation 762: Diff:3000 ms Accuracy:10.00
ELocation 763: Diff:3000 ms Accuracy:10.00
ETask 26: Configuration:0 Energy:0.00 Power:0.00 Reward:84.17 Time:30010
ELocation 764: Diff:3000 ms Accuracy:11.00
ELocation 765: Diff:3000 ms Accuracy:11.00
ELocation 766: Diff:3000 ms Accuracy:10.00
ELocation 767: Diff:3000 ms Accuracy:9.00
ELocation 768: Diff:3000 ms Accuracy:9.00
ELocation 769: Diff:3000 ms Accuracy:10.00
ELocation 770: Diff:3000 ms Accuracy:9.00
ELocation 771: Diff:3000 ms Accuracy:9.00
ELocation 772: Diff:3000 ms Accuracy:9.00
ELocation 773: Diff:3000 ms Accuracy:10.00
ETask 27: Configuration:1 Energy:0.00 Power:0.00 Reward:81.75 Time:30004
ELocation 774: Diff:1523 ms Accuracy:10.00
ELocation 775: Diff:-8 ms Accuracy:10.00
ELocation 776: Diff:1485 ms Accuracy:9.00
ELocation 777: Diff:3000 ms Accuracy:10.00
ELocation 778: Diff:3000 ms Accuracy:9.00
ELocation 779: Diff:3000 ms Accuracy:9.00
ELocation 780: Diff:3000 ms Accuracy:10.00
ELocation 781: Diff:3000 ms Accuracy:10.00
ELocation 782: Diff:3000 ms Accuracy:10.00
ELocation 783: Diff:3000 ms Accuracy:10.00
ELocation 784: Diff:3000 ms Accuracy:10.00
ELocation 785: Diff:3000 ms Accuracy:10.00
ETask 28: Configuration:0 Energy:0.00 Power:0.00 Reward:50.24 Time:30013
ELocation 786: Diff:1581 ms Accuracy:10.00
ELocation 787: Diff:-9 ms Accuracy:10.00
ELocation 788: Diff:1428 ms Accuracy:10.00
ELocation 789: Diff:3000 ms Accuracy:10.00
ELocation 790: Diff:3000 ms Accuracy:10.00
ELocation 791: Diff:3000 ms Accuracy:10.00
ELocation 792: Diff:3000 ms Accuracy:10.00
ELocation 793: Diff:3000 ms Accuracy:10.00
ELocation 794: Diff:3000 ms Accuracy:10.00
ELocation 795: Diff:3000 ms Accuracy:10.00
ELocation 796: Diff:3000 ms Accuracy:10.00
ELocation 797: Diff:3000 ms Accuracy:11.00
ETask 29: Configuration:0 Energy:0.00 Power:0.00 Reward:74.36 Time:30011
ELocation 798: Diff:3000 ms Accuracy:11.00
ELocation 799: Diff:3000 ms Accuracy:12.00
ELocation 800: Diff:3000 ms Accuracy:11.00
ELocation 801: Diff:3000 ms Accuracy:10.00
ELocation 802: Diff:3000 ms Accuracy:10.00
ELocation 803: Diff:3000 ms Accuracy:10.00
ELocation 804: Diff:3000 ms Accuracy:11.00
ELocation 805: Diff:3000 ms Accuracy:11.00
ELocation 806: Diff:3000 ms Accuracy:10.00
ELocation 807: Diff:3000 ms Accuracy:10.00
ETask 30: Configuration:0 Energy:0.00 Power:0.00 Reward:84.18 Time:30013
ELocation 808: Diff:3000 ms Accuracy:9.00
ELocation 809: Diff:3000 ms Accuracy:9.00
ELocation 810: Diff:3000 ms Accuracy:10.00
ELocation 811: Diff:3000 ms Accuracy:10.00
ELocation 812: Diff:3000 ms Accuracy:9.00
ELocation 813: Diff:3000 ms Accuracy:9.00
ELocation 814: Diff:3000 ms Accuracy:9.00
ELocation 815: Diff:3000 ms Accuracy:9.00
ELocation 816: Diff:3000 ms Accuracy:10.00
ELocation 817: Diff:3000 ms Accuracy:10.00
ETask 31: Configuration:0 Energy:0.00 Power:0.00 Reward:74.35 Time:30015
ELocation 818: Diff:3000 ms Accuracy:10.00
ELocation 819: Diff:3000 ms Accuracy:10.00
ELocation 820: Diff:3000 ms Accuracy:10.00
ELocation 821: Diff:3000 ms Accuracy:9.00
ELocation 822: Diff:3000 ms Accuracy:9.00
ELocation 823: Diff:3000 ms Accuracy:9.00
ELocation 824: Diff:3000 ms Accuracy:9.00
ELocation 825: Diff:3000 ms Accuracy:9.00
ELocation 826: Diff:3000 ms Accuracy:10.00
ELocation 827: Diff:3000 ms Accuracy:10.00
ETask 32: Configuration:0 Energy:0.00 Power:0.00 Reward:38.31 Time:30014
ELocation 828: Diff:3000 ms Accuracy:10.00
ELocation 829: Diff:3000 ms Accuracy:9.00
ELocation 830: Diff:3000 ms Accuracy:9.00
ELocation 831: Diff:3000 ms Accuracy:9.00
ELocation 832: Diff:3000 ms Accuracy:9.00
ELocation 833: Diff:3000 ms Accuracy:9.00
ELocation 834: Diff:3000 ms Accuracy:9.00
ELocation 835: Diff:3000 ms Accuracy:9.00
ELocation 836: Diff:3000 ms Accuracy:9.00
ELocation 837: Diff:3000 ms Accuracy:9.00
ETask 33: Configuration:0 Energy:0.00 Power:0.00 Reward:73.44 Time:30017
ELocation 838: Diff:3000 ms Accuracy:9.00
ELocation 839: Diff:3000 ms Accuracy:9.00
ELocation 840: Diff:3000 ms Accuracy:9.00
ELocation 841: Diff:3000 ms Accuracy:9.00
ELocation 842: Diff:3000 ms Accuracy:9.00
ELocation 843: Diff:3000 ms Accuracy:9.00
ELocation 844: Diff:3000 ms Accuracy:9.00
ELocation 845: Diff:3000 ms Accuracy:9.00
ELocation 846: Diff:3000 ms Accuracy:9.00
ELocation 847: Diff:3000 ms Accuracy:10.00
ETask 34: Configuration:0 Energy:0.00 Power:0.00 Reward:112.91 Time:30017
ELocation 848: Diff:3000 ms Accuracy:10.00
ELocation 849: Diff:3000 ms Accuracy:10.00
ELocation 850: Diff:3000 ms Accuracy:10.00
ELocation 851: Diff:3000 ms Accuracy:10.00
ELocation 852: Diff:3000 ms Accuracy:11.00
ELocation 853: Diff:3000 ms Accuracy:11.00
ELocation 854: Diff:3000 ms Accuracy:11.00
ELocation 855: Diff:3000 ms Accuracy:11.00
ELocation 856: Diff:3000 ms Accuracy:10.00
ELocation 857: Diff:3000 ms Accuracy:10.00
ETask 35: Configuration:0 Energy:0.00 Power:0.00 Reward:75.25 Time:30016
ELocation 858: Diff:3000 ms Accuracy:10.00
ELocation 859: Diff:3000 ms Accuracy:10.00
ELocation 860: Diff:3000 ms Accuracy:10.00
ELocation 861: Diff:3000 ms Accuracy:10.00
ELocation 862: Diff:3000 ms Accuracy:10.00
ELocation 863: Diff:3000 ms Accuracy:10.00
ELocation 864: Diff:3000 ms Accuracy:10.00
ELocation 865: Diff:3000 ms Accuracy:9.00
ELocation 866: Diff:3000 ms Accuracy:10.00
ELocation 867: Diff:3000 ms Accuracy:10.00
ETask 36: Configuration:2 Energy:0.00 Power:0.00 Reward:39.18 Time:30008
ELocation 868: Diff:1799 ms Accuracy:10.00
ELocation 869: Diff:-10 ms Accuracy:10.00
ELocation 870: Diff:1211 ms Accuracy:9.00
ELocation 871: Diff:2000 ms Accuracy:10.00
ELocation 872: Diff:3000 ms Accuracy:10.00
ELocation 873: Diff:2000 ms Accuracy:10.00
ELocation 874: Diff:3000 ms Accuracy:10.00
ELocation 875: Diff:3000 ms Accuracy:10.00
ELocation 876: Diff:3000 ms Accuracy:10.00
ELocation 877: Diff:3000 ms Accuracy:9.00
ELocation 878: Diff:2000 ms Accuracy:9.00
ELocation 879: Diff:2000 ms Accuracy:9.00
ELocation 880: Diff:2000 ms Accuracy:9.00
ETask 37: Configuration:2 Energy:0.00 Power:0.00 Reward:74.28 Time:30015
ELocation 881: Diff:3000 ms Accuracy:9.00
ELocation 882: Diff:3000 ms Accuracy:9.00
ELocation 883: Diff:3000 ms Accuracy:9.00
ELocation 884: Diff:3000 ms Accuracy:9.00
ELocation 885: Diff:3000 ms Accuracy:9.00
ELocation 886: Diff:3000 ms Accuracy:9.00
ELocation 887: Diff:2000 ms Accuracy:9.00
ELocation 888: Diff:3000 ms Accuracy:9.00
ELocation 889: Diff:3000 ms Accuracy:9.00
ELocation 890: Diff:3000 ms Accuracy:9.00
ELocation 891: Diff:2000 ms Accuracy:9.00
ETask 38: Configuration:2 Energy:0.00 Power:0.00 Reward:80.04 Time:30017
ELocation 892: Diff:3000 ms Accuracy:9.00
ELocation 893: Diff:3000 ms Accuracy:9.00
ELocation 894: Diff:3000 ms Accuracy:9.00
ELocation 895: Diff:3000 ms Accuracy:9.00
ELocation 896: Diff:3000 ms Accuracy:9.00
ELocation 897: Diff:3000 ms Accuracy:9.00
ELocation 898: Diff:2000 ms Accuracy:9.00
ELocation 899: Diff:3000 ms Accuracy:10.00
ELocation 900: Diff:3000 ms Accuracy:9.00
ELocation 901: Diff:3000 ms Accuracy:9.00
ETask 39: Configuration:0 Energy:0.00 Power:0.00 Reward:57.51 Time:30019
ERun: Reward:2064.99 PostConfigReward:3093.42 Time:1742152
==END-RUN 1==
STOKE: Config:0 | interval:0:2500 priority:0:100 sensor-configuration:0:2 | -- timeOn:19 reward:1303.36 scaled:0.57 (location_accuracy,2555.00,8.46)
STOKE: Config:1 | interval:1:2250 priority:0:100 sensor-configuration:0:2 | -- timeOn:3 reward:259.22 scaled:0.46 (location_accuracy,296.00,9.25)
STOKE: Config:2 | interval:2:2000 priority:0:100 sensor-configuration:0:2 | -- timeOn:5 reward:353.20 scaled:0.56 (location_accuracy,507.00,8.89)
STOKE: Config:3 | interval:3:1750 priority:0:100 sensor-configuration:0:2 | -- timeOn:2 reward:149.21 scaled:0.53 (location_accuracy,81.00,3.00)

==RUN 2==
ELocation 902: Diff:3945 ms Accuracy:9.00
ELocation 903: Diff:-8 ms Accuracy:9.00
ELocation 904: Diff:2063 ms Accuracy:9.00
ELocation 905: Diff:3000 ms Accuracy:9.00
ELocation 906: Diff:3000 ms Accuracy:9.00
ELocation 907: Diff:3000 ms Accuracy:9.00
ELocation 908: Diff:3000 ms Accuracy:9.00
ELocation 909: Diff:3000 ms Accuracy:9.00
ELocation 910: Diff:3000 ms Accuracy:9.00
ELocation 911: Diff:3000 ms Accuracy:9.00
ELocation 912: Diff:3000 ms Accuracy:9.00
ELocation 913: Diff:3000 ms Accuracy:9.00
ELocation 914: Diff:3000 ms Accuracy:9.00
ELocation 915: Diff:3000 ms Accuracy:9.00
ELocation 916: Diff:3000 ms Accuracy:9.00
ELocation 917: Diff:3000 ms Accuracy:10.00
ELocation 918: Diff:3000 ms Accuracy:10.00
ELocation 919: Diff:3000 ms Accuracy:11.00
ELocation 920: Diff:3000 ms Accuracy:12.00
ELocation 921: Diff:3000 ms Accuracy:12.00
ELocation 922: Diff:3000 ms Accuracy:11.00
ELocation 923: Diff:3000 ms Accuracy:11.00
ELocation 924: Diff:3000 ms Accuracy:10.00
ELocation 925: Diff:3000 ms Accuracy:10.00
ELocation 926: Diff:3000 ms Accuracy:9.00
ELocation 927: Diff:3000 ms Accuracy:9.00
ELocation 928: Diff:3000 ms Accuracy:10.00
ELocation 929: Diff:3000 ms Accuracy:10.00
ELocation 930: Diff:3000 ms Accuracy:10.00
ELocation 931: Diff:3000 ms Accuracy:9.00
ELocation 932: Diff:3000 ms Accuracy:9.00
ELocation 933: Diff:3000 ms Accuracy:9.00
ELocation 934: Diff:3000 ms Accuracy:9.00
ELocation 935: Diff:3000 ms Accuracy:9.00
ELocation 936: Diff:3000 ms Accuracy:9.00
ELocation 937: Diff:3000 ms Accuracy:9.00
ELocation 938: Diff:3000 ms Accuracy:9.00
ELocation 939: Diff:3000 ms Accuracy:9.00
ELocation 940: Diff:3000 ms Accuracy:10.00
ELocation 941: Diff:3000 ms Accuracy:10.00
ELocation 942: Diff:3000 ms Accuracy:10.00
ELocation 943: Diff:3000 ms Accuracy:10.00
ELocation 944: Diff:3000 ms Accuracy:10.00
ELocation 945: Diff:3000 ms Accuracy:11.00
ELocation 946: Diff:3000 ms Accuracy:11.00
ELocation 947: Diff:3000 ms Accuracy:11.00
ELocation 948: Diff:3000 ms Accuracy:11.00
ELocation 949: Diff:3000 ms Accuracy:11.00
ELocation 950: Diff:3000 ms Accuracy:10.00
ELocation 951: Diff:3000 ms Accuracy:10.00
ELocation 952: Diff:3000 ms Accuracy:11.00
ELocation 953: Diff:3000 ms Accuracy:12.00
ELocation 954: Diff:3000 ms Accuracy:13.00
ELocation 955: Diff:3000 ms Accuracy:12.00
ELocation 956: Diff:3000 ms Accuracy:11.00
ELocation 957: Diff:3000 ms Accuracy:11.00
ELocation 958: Diff:3000 ms Accuracy:11.00
ELocation 959: Diff:3000 ms Accuracy:11.00
ELocation 960: Diff:3000 ms Accuracy:12.00
ELocation 961: Diff:3000 ms Accuracy:11.00
ELocation 962: Diff:3000 ms Accuracy:11.00
ELocation 963: Diff:3000 ms Accuracy:11.00
ELocation 964: Diff:3000 ms Accuracy:10.00
ELocation 965: Diff:3000 ms Accuracy:11.00
ELocation 966: Diff:3000 ms Accuracy:11.00
ELocation 967: Diff:3000 ms Accuracy:10.00
ELocation 968: Diff:3000 ms Accuracy:11.00
ELocation 969: Diff:3000 ms Accuracy:10.00
ELocation 970: Diff:3000 ms Accuracy:10.00
ELocation 971: Diff:3000 ms Accuracy:11.00
ELocation 972: Diff:3000 ms Accuracy:11.00
ELocation 973: Diff:3000 ms Accuracy:11.00
ELocation 974: Diff:3000 ms Accuracy:12.00
ELocation 975: Diff:3000 ms Accuracy:12.00
ELocation 976: Diff:3000 ms Accuracy:11.00
ELocation 977: Diff:3000 ms Accuracy:11.00
ELocation 978: Diff:3000 ms Accuracy:10.00
ELocation 979: Diff:3000 ms Accuracy:10.00
ELocation 980: Diff:3000 ms Accuracy:10.00
ELocation 981: Diff:3000 ms Accuracy:10.00
ELocation 982: Diff:3000 ms Accuracy:10.00
ELocation 983: Diff:3000 ms Accuracy:10.00
ELocation 984: Diff:3000 ms Accuracy:10.00
ELocation 985: Diff:3000 ms Accuracy:9.00
ELocation 986: Diff:3000 ms Accuracy:9.00
ELocation 987: Diff:3000 ms Accuracy:9.00
ELocation 988: Diff:3000 ms Accuracy:9.00
ELocation 989: Diff:3000 ms Accuracy:9.00
ELocation 990: Diff:3000 ms Accuracy:9.00
ELocation 991: Diff:3000 ms Accuracy:10.00
ELocation 992: Diff:3000 ms Accuracy:10.00
ELocation 993: Diff:3000 ms Accuracy:10.00
ELocation 994: Diff:3000 ms Accuracy:10.00
ELocation 995: Diff:3000 ms Accuracy:10.00
ELocation 996: Diff:3000 ms Accuracy:11.00
ELocation 997: Diff:3000 ms Accuracy:11.00
ELocation 998: Diff:3000 ms Accuracy:10.00
ELocation 999: Diff:3000 ms Accuracy:10.00
ELocation 1000: Diff:3000 ms Accuracy:10.00
ELocation 1001: Diff:3000 ms Accuracy:9.00
ELocation 1002: Diff:3000 ms Accuracy:9.00
ELocation 1003: Diff:3000 ms Accuracy:9.00
ELocation 1004: Diff:3000 ms Accuracy:9.00
ELocation 1005: Diff:3000 ms Accuracy:9.00
ELocation 1006: Diff:3000 ms Accuracy:9.00
ELocation 1007: Diff:3000 ms Accuracy:9.00
ELocation 1008: Diff:3000 ms Accuracy:9.00
ELocation 1009: Diff:3000 ms Accuracy:9.00
ELocation 1010: Diff:3000 ms Accuracy:9.00
ELocation 1011: Diff:3000 ms Accuracy:9.00
ELocation 1012: Diff:3000 ms Accuracy:9.00
ETask 11: Configuration:0 Energy:0.00 Power:0.00 Reward:88.65 Time:30010 -- SAMPLE
ELocation 1013: Diff:3000 ms Accuracy:9.00
ELocation 1014: Diff:3000 ms Accuracy:9.00
ELocation 1015: Diff:3000 ms Accuracy:9.00
ELocation 1016: Diff:3000 ms Accuracy:9.00
ELocation 1017: Diff:3000 ms Accuracy:9.00
ELocation 1018: Diff:3000 ms Accuracy:9.00
ELocation 1019: Diff:3000 ms Accuracy:9.00
ELocation 1020: Diff:3000 ms Accuracy:9.00
ELocation 1021: Diff:3000 ms Accuracy:9.00
ELocation 1022: Diff:3000 ms Accuracy:9.00
ETask 12: Configuration:0 Energy:0.00 Power:0.00 Reward:84.94 Time:30006 -- SAMPLE
ELocation 1023: Diff:3000 ms Accuracy:9.00
ELocation 1024: Diff:3000 ms Accuracy:9.00
ELocation 1025: Diff:3000 ms Accuracy:10.00
ELocation 1026: Diff:3000 ms Accuracy:11.00
ELocation 1027: Diff:3000 ms Accuracy:11.00
ELocation 1028: Diff:3000 ms Accuracy:11.00
ELocation 1029: Diff:3000 ms Accuracy:10.00
ELocation 1030: Diff:3000 ms Accuracy:10.00
ELocation 1031: Diff:3000 ms Accuracy:9.00
ELocation 1032: Diff:3000 ms Accuracy:10.00
ETask 13: Configuration:1 Energy:0.00 Power:0.00 Reward:72.71 Time:30009 -- SAMPLE
ELocation 1033: Diff:4159 ms Accuracy:10.00
ELocation 1034: Diff:-16 ms Accuracy:10.00
ELocation 1035: Diff:1857 ms Accuracy:10.00
ELocation 1036: Diff:3000 ms Accuracy:9.00
ELocation 1037: Diff:3000 ms Accuracy:9.00
ELocation 1038: Diff:3000 ms Accuracy:9.00
ELocation 1039: Diff:3000 ms Accuracy:10.00
ELocation 1040: Diff:3000 ms Accuracy:10.00
ELocation 1041: Diff:3000 ms Accuracy:10.00
ELocation 1042: Diff:3000 ms Accuracy:10.00
ELocation 1043: Diff:3000 ms Accuracy:10.00
ETask 14: Configuration:1 Energy:0.00 Power:0.00 Reward:39.26 Time:30008 -- SAMPLE
ELocation 1044: Diff:3000 ms Accuracy:9.00
ELocation 1045: Diff:3000 ms Accuracy:9.00
ELocation 1046: Diff:3000 ms Accuracy:9.00
ELocation 1047: Diff:3000 ms Accuracy:9.00
ELocation 1048: Diff:3000 ms Accuracy:9.00
ELocation 1049: Diff:3000 ms Accuracy:9.00
ELocation 1050: Diff:3000 ms Accuracy:9.00
ELocation 1051: Diff:3000 ms Accuracy:9.00
ELocation 1052: Diff:3000 ms Accuracy:9.00
ELocation 1053: Diff:3000 ms Accuracy:9.00
ETask 15: Configuration:2 Energy:0.00 Power:0.00 Reward:75.46 Time:30011 -- SAMPLE
ELocation 1054: Diff:4237 ms Accuracy:9.00
ELocation 1055: Diff:-1237 ms Accuracy:9.00
ELocation 1056: Diff:2000 ms Accuracy:9.00
ELocation 1057: Diff:3000 ms Accuracy:9.00
ELocation 1058: Diff:3000 ms Accuracy:9.00
ELocation 1059: Diff:2000 ms Accuracy:9.00
ELocation 1060: Diff:2000 ms Accuracy:9.00
ELocation 1061: Diff:2000 ms Accuracy:9.00
ELocation 1062: Diff:2000 ms Accuracy:9.00
ELocation 1063: Diff:2000 ms Accuracy:9.00
ELocation 1064: Diff:2000 ms Accuracy:9.00
ELocation 1065: Diff:3000 ms Accuracy:10.00
ELocation 1066: Diff:3000 ms Accuracy:10.00
ELocation 1067: Diff:3000 ms Accuracy:9.00
ETask 16: Configuration:2 Energy:0.00 Power:0.00 Reward:56.31 Time:30003 -- SAMPLE
ELocation 1068: Diff:3000 ms Accuracy:9.00
ELocation 1069: Diff:3000 ms Accuracy:9.00
ELocation 1070: Diff:2000 ms Accuracy:10.00
ELocation 1071: Diff:2000 ms Accuracy:10.00
ELocation 1072: Diff:3000 ms Accuracy:9.00
ELocation 1073: Diff:2000 ms Accuracy:9.00
ELocation 1074: Diff:2000 ms Accuracy:10.00
ELocation 1075: Diff:2000 ms Accuracy:10.00
ELocation 1076: Diff:3000 ms Accuracy:10.00
ELocation 1077: Diff:3000 ms Accuracy:10.00
ELocation 1078: Diff:3000 ms Accuracy:10.00
ETask 17: Configuration:3 Energy:0.00 Power:0.00 Reward:79.20 Time:30012 -- SAMPLE
ELocation 1079: Diff:4342 ms Accuracy:10.00
ELocation 1080: Diff:-1342 ms Accuracy:10.00
ELocation 1081: Diff:2000 ms Accuracy:10.00
ELocation 1082: Diff:2000 ms Accuracy:10.00
ELocation 1083: Diff:2000 ms Accuracy:9.00
ELocation 1084: Diff:2000 ms Accuracy:9.00
ELocation 1085: Diff:2000 ms Accuracy:9.00
ELocation 1086: Diff:2000 ms Accuracy:9.00
ELocation 1087: Diff:2000 ms Accuracy:9.00
ELocation 1088: Diff:2000 ms Accuracy:9.00
ELocation 1089: Diff:2000 ms Accuracy:9.00
ELocation 1090: Diff:2000 ms Accuracy:9.00
ELocation 1091: Diff:2000 ms Accuracy:9.00
ELocation 1092: Diff:2000 ms Accuracy:9.00
ELocation 1093: Diff:2000 ms Accuracy:9.00
ELocation 1094: Diff:2000 ms Accuracy:9.00
ELocation 1095: Diff:2000 ms Accuracy:9.00
ETask 18: Configuration:3 Energy:0.00 Power:0.00 Reward:76.31 Time:30001 -- SAMPLE
ELocation 1096: Diff:2000 ms Accuracy:9.00
ELocation 1097: Diff:2000 ms Accuracy:9.00
ELocation 1098: Diff:2000 ms Accuracy:9.00
ELocation 1099: Diff:2000 ms Accuracy:9.00
ELocation 1100: Diff:2000 ms Accuracy:9.00
ELocation 1101: Diff:2000 ms Accuracy:9.00
ELocation 1102: Diff:2000 ms Accuracy:9.00
ELocation 1103: Diff:2000 ms Accuracy:9.00
ELocation 1104: Diff:2000 ms Accuracy:9.00
ELocation 1105: Diff:2000 ms Accuracy:9.00
ELocation 1106: Diff:2000 ms Accuracy:10.00
ELocation 1107: Diff:2000 ms Accuracy:10.00
ELocation 1108: Diff:2000 ms Accuracy:11.00
ELocation 1109: Diff:2000 ms Accuracy:11.00
ELocation 1110: Diff:2000 ms Accuracy:10.00
ETask 19: Configuration:1 Energy:0.00 Power:0.00 Reward:75.69 Time:30011
ELocation 1111: Diff:1402 ms Accuracy:10.00
ELocation 1112: Diff:-14 ms Accuracy:10.00
ELocation 1113: Diff:1612 ms Accuracy:10.00
ELocation 1114: Diff:3000 ms Accuracy:10.00
ELocation 1115: Diff:3000 ms Accuracy:10.00
ELocation 1116: Diff:3000 ms Accuracy:10.00
ELocation 1117: Diff:3000 ms Accuracy:10.00
ELocation 1118: Diff:3000 ms Accuracy:10.00
ELocation 1119: Diff:3000 ms Accuracy:10.00
ELocation 1120: Diff:3000 ms Accuracy:10.00
ELocation 1121: Diff:3000 ms Accuracy:10.00
ELocation 1122: Diff:3000 ms Accuracy:10.00
ETask 20: Configuration:1 Energy:0.00 Power:0.00 Reward:95.70 Time:30010
ELocation 1123: Diff:3000 ms Accuracy:10.00
ELocation 1124: Diff:3000 ms Accuracy:10.00
ELocation 1125: Diff:3000 ms Accuracy:11.00
ELocation 1126: Diff:3000 ms Accuracy:12.00
ELocation 1127: Diff:3000 ms Accuracy:11.00
ELocation 1128: Diff:3000 ms Accuracy:11.00
ELocation 1129: Diff:3000 ms Accuracy:10.00
ELocation 1130: Diff:3000 ms Accuracy:9.00
ELocation 1131: Diff:3000 ms Accuracy:9.00
ELocation 1132: Diff:3000 ms Accuracy:9.00
ETask 21: Configuration:2 Energy:0.00 Power:0.00 Reward:76.15 Time:30017
ELocation 1133: Diff:1497 ms Accuracy:9.00
ELocation 1134: Diff:-14 ms Accuracy:9.00
ELocation 1135: Diff:1517 ms Accuracy:9.00
ELocation 1136: Diff:3000 ms Accuracy:10.00
ELocation 1137: Diff:3000 ms Accuracy:10.00
ELocation 1138: Diff:2000 ms Accuracy:10.00
ELocation 1139: Diff:3000 ms Accuracy:9.00
ELocation 1140: Diff:3000 ms Accuracy:9.00
ELocation 1141: Diff:3000 ms Accuracy:9.00
ELocation 1142: Diff:3000 ms Accuracy:9.00
ELocation 1143: Diff:3000 ms Accuracy:9.00
ELocation 1144: Diff:3000 ms Accuracy:9.00
ETask 22: Configuration:2 Energy:0.00 Power:0.00 Reward:75.39 Time:30012
ELocation 1145: Diff:3000 ms Accuracy:9.00
ELocation 1146: Diff:3000 ms Accuracy:9.00
ELocation 1147: Diff:2000 ms Accuracy:9.00
ELocation 1148: Diff:3000 ms Accuracy:9.00
ELocation 1149: Diff:3000 ms Accuracy:9.00
ELocation 1150: Diff:3000 ms Accuracy:10.00
ELocation 1151: Diff:2000 ms Accuracy:10.00
ELocation 1152: Diff:2000 ms Accuracy:10.00
ELocation 1153: Diff:3000 ms Accuracy:10.00
ELocation 1154: Diff:3000 ms Accuracy:10.00
ELocation 1155: Diff:2000 ms Accuracy:9.00
ETask 23: Configuration:2 Energy:0.00 Power:0.00 Reward:73.38 Time:30018
ELocation 1156: Diff:3000 ms Accuracy:9.00
ELocation 1157: Diff:2000 ms Accuracy:9.00
ELocation 1158: Diff:3000 ms Accuracy:9.00
ELocation 1159: Diff:2000 ms Accuracy:9.00
ELocation 1160: Diff:3000 ms Accuracy:9.00
ELocation 1161: Diff:3000 ms Accuracy:9.00
ELocation 1162: Diff:3000 ms Accuracy:9.00
ELocation 1163: Diff:3000 ms Accuracy:9.00
ELocation 1164: Diff:2000 ms Accuracy:9.00
ELocation 1165: Diff:2000 ms Accuracy:9.00
ELocation 1166: Diff:2000 ms Accuracy:9.00
ELocation 1167: Diff:2000 ms Accuracy:9.00
ELocation 1168: Diff:2000 ms Accuracy:9.00
ETask 24: Configuration:1 Energy:0.00 Power:0.00 Reward:76.42 Time:30020
ELocation 1169: Diff:1609 ms Accuracy:9.00
ELocation 1170: Diff:-10 ms Accuracy:9.00
ELocation 1171: Diff:1401 ms Accuracy:9.00
ELocation 1172: Diff:3000 ms Accuracy:9.00
ELocation 1173: Diff:3000 ms Accuracy:9.00
ELocation 1174: Diff:3000 ms Accuracy:9.00
ELocation 1175: Diff:3000 ms Accuracy:9.00
ELocation 1176: Diff:3000 ms Accuracy:9.00
ELocation 1177: Diff:3000 ms Accuracy:9.00
ELocation 1178: Diff:3000 ms Accuracy:9.00
ELocation 1179: Diff:3000 ms Accuracy:9.00
ELocation 1180: Diff:3000 ms Accuracy:9.00
ETask 25: Configuration:2 Energy:0.00 Power:0.00 Reward:59.39 Time:30010
ELocation 1181: Diff:1675 ms Accuracy:9.00
ELocation 1182: Diff:-16 ms Accuracy:9.00
ELocation 1183: Diff:1341 ms Accuracy:9.00
ELocation 1184: Diff:3000 ms Accuracy:9.00
ELocation 1185: Diff:3000 ms Accuracy:9.00
ELocation 1186: Diff:3000 ms Accuracy:9.00
ELocation 1187: Diff:3000 ms Accuracy:10.00
ELocation 1188: Diff:3000 ms Accuracy:10.00
ELocation 1189: Diff:3000 ms Accuracy:10.00
ELocation 1190: Diff:3000 ms Accuracy:9.00
ELocation 1191: Diff:2000 ms Accuracy:9.00
ELocation 1192: Diff:2000 ms Accuracy:9.00
ELocation 1193: Diff:2000 ms Accuracy:9.00
ETask 26: Configuration:1 Energy:0.00 Power:0.00 Reward:75.07 Time:30009
ELocation 1194: Diff:1729 ms Accuracy:9.00
ELocation 1195: Diff:-10 ms Accuracy:9.00
ELocation 1196: Diff:1281 ms Accuracy:9.00
ELocation 1197: Diff:3000 ms Accuracy:9.00
ELocation 1198: Diff:3000 ms Accuracy:9.00
ELocation 1199: Diff:3000 ms Accuracy:10.00
ELocation 1200: Diff:3000 ms Accuracy:10.00
ELocation 1201: Diff:3000 ms Accuracy:10.00
ELocation 1202: Diff:3000 ms Accuracy:10.00
ELocation 1203: Diff:3000 ms Accuracy:11.00
ELocation 1204: Diff:3000 ms Accuracy:11.00
ELocation 1205: Diff:3000 ms Accuracy:11.00
ETask 27: Configuration:2 Energy:0.00 Power:0.00 Reward:75.09 Time:30018
ELocation 1206: Diff:1799 ms Accuracy:11.00
ELocation 1207: Diff:-12 ms Accuracy:11.00
ELocation 1208: Diff:1213 ms Accuracy:11.00
ELocation 1209: Diff:3000 ms Accuracy:10.00
ELocation 1210: Diff:2000 ms Accuracy:10.00
ELocation 1211: Diff:3000 ms Accuracy:10.00
ELocation 1212: Diff:2000 ms Accuracy:10.00
ELocation 1213: Diff:3000 ms Accuracy:9.00
ELocation 1214: Diff:3000 ms Accuracy:9.00
ELocation 1215: Diff:3000 ms Accuracy:9.00
ELocation 1216: Diff:3000 ms Accuracy:9.00
ELocation 1217: Diff:3000 ms Accuracy:9.00
ELocation 1218: Diff:2000 ms Accuracy:9.00
ETask 28: Configuration:2 Energy:0.00 Power:0.00 Reward:89.83 Time:30013
ELocation 1219: Diff:2000 ms Accuracy:9.00
ELocation 1220: Diff:2000 ms Accuracy:9.00
ELocation 1221: Diff:2000 ms Accuracy:10.00
ELocation 1222: Diff:2000 ms Accuracy:10.00
ELocation 1223: Diff:2000 ms Accuracy:9.00
ELocation 1224: Diff:2000 ms Accuracy:9.00
ELocation 1225: Diff:3000 ms Accuracy:9.00
ELocation 1226: Diff:2000 ms Accuracy:9.00
ELocation 1227: Diff:2000 ms Accuracy:9.00
ELocation 1228: Diff:3000 ms Accuracy:9.00
ELocation 1229: Diff:3000 ms Accuracy:10.00
ELocation 1230: Diff:3000 ms Accuracy:9.00
ETask 29: Configuration:1 Energy:0.00 Power:0.00 Reward:76.67 Time:30024
ELocation 1231: Diff:3897 ms Accuracy:10.00
ELocation 1232: Diff:-10 ms Accuracy:10.00
ELocation 1233: Diff:1113 ms Accuracy:10.00
ELocation 1234: Diff:3000 ms Accuracy:10.00
ELocation 1235: Diff:3000 ms Accuracy:10.00
ELocation 1236: Diff:3000 ms Accuracy:10.00
ELocation 1237: Diff:3000 ms Accuracy:11.00
ELocation 1238: Diff:3000 ms Accuracy:11.00
ELocation 1239: Diff:3000 ms Accuracy:10.00
ELocation 1240: Diff:3000 ms Accuracy:9.00
ELocation 1241: Diff:3000 ms Accuracy:9.00
ELocation 1242: Diff:3000 ms Accuracy:9.00
ETask 30: Configuration:2 Energy:0.00 Power:0.00 Reward:93.87 Time:30012
ELocation 1243: Diff:1962 ms Accuracy:9.00
ELocation 1244: Diff:-11 ms Accuracy:9.00
ELocation 1245: Diff:1049 ms Accuracy:9.00
ELocation 1246: Diff:3000 ms Accuracy:9.00
ELocation 1247: Diff:3000 ms Accuracy:9.00
ELocation 1248: Diff:2000 ms Accuracy:9.00
ELocation 1249: Diff:3000 ms Accuracy:10.00
ELocation 1250: Diff:3000 ms Accuracy:9.00
ELocation 1251: Diff:3000 ms Accuracy:9.00
ELocation 1252: Diff:3000 ms Accuracy:3.00
ELocation 1253: Diff:3000 ms Accuracy:3.00
ELocation 1254: Diff:3000 ms Accuracy:3.00
ETask 31: Configuration:3 Energy:0.00 Power:0.00 Reward:36.66 Time:30004
ELocation 1255: Diff:3018 ms Accuracy:3.00
ELocation 1256: Diff:-13 ms Accuracy:3.00
ELocation 1257: Diff:995 ms Accuracy:4.00
ELocation 1258: Diff:2000 ms Accuracy:3.00
ELocation 1259: Diff:2000 ms Accuracy:3.00
ELocation 1260: Diff:2000 ms Accuracy:3.00
ELocation 1261: Diff:2000 ms Accuracy:3.00
ELocation 1262: Diff:2000 ms Accuracy:3.00
ELocation 1263: Diff:2000 ms Accuracy:3.00
ELocation 1264: Diff:2000 ms Accuracy:4.00
ELocation 1265: Diff:2000 ms Accuracy:4.00
ELocation 1266: Diff:2000 ms Accuracy:4.00
ELocation 1267: Diff:2000 ms Accuracy:4.00
ELocation 1268: Diff:2000 ms Accuracy:3.00
ELocation 1269: Diff:2000 ms Accuracy:3.00
ELocation 1270: Diff:2000 ms Accuracy:3.00
ETask 32: Configuration:3 Energy:0.00 Power:0.00 Reward:73.51 Time:30012
ELocation 1271: Diff:2000 ms Accuracy:3.00
ELocation 1272: Diff:2000 ms Accuracy:3.00
ELocation 1273: Diff:2000 ms Accuracy:3.00
ELocation 1274: Diff:2000 ms Accuracy:3.00
ELocation 1275: Diff:2000 ms Accuracy:3.00
ELocation 1276: Diff:2000 ms Accuracy:3.00
ELocation 1277: Diff:2000 ms Accuracy:3.00
ELocation 1278: Diff:2000 ms Accuracy:3.00
ELocation 1279: Diff:2000 ms Accuracy:3.00
ELocation 1280: Diff:2000 ms Accuracy:3.00
ELocation 1281: Diff:2000 ms Accuracy:3.00
ELocation 1282: Diff:2000 ms Accuracy:3.00
ELocation 1283: Diff:2000 ms Accuracy:3.00
ELocation 1284: Diff:2000 ms Accuracy:3.00
ELocation 1285: Diff:2000 ms Accuracy:3.00
ETask 33: Configuration:3 Energy:0.00 Power:0.00 Reward:76.52 Time:30018
ELocation 1286: Diff:2000 ms Accuracy:3.00
ELocation 1287: Diff:2000 ms Accuracy:3.00
ELocation 1288: Diff:2000 ms Accuracy:3.00
ELocation 1289: Diff:2000 ms Accuracy:3.00
ELocation 1290: Diff:2000 ms Accuracy:3.00
ELocation 1291: Diff:2000 ms Accuracy:3.00
ELocation 1292: Diff:2000 ms Accuracy:3.00
ELocation 1293: Diff:2000 ms Accuracy:3.00
ELocation 1294: Diff:2000 ms Accuracy:3.00
ELocation 1295: Diff:2000 ms Accuracy:3.00
ELocation 1296: Diff:2000 ms Accuracy:3.00
ELocation 1297: Diff:2000 ms Accuracy:3.00
ELocation 1298: Diff:2000 ms Accuracy:3.00
ELocation 1299: Diff:2000 ms Accuracy:3.00
ELocation 1300: Diff:2000 ms Accuracy:3.00
ETask 34: Configuration:3 Energy:0.00 Power:0.00 Reward:75.70 Time:30010
ELocation 1301: Diff:2000 ms Accuracy:3.00
ELocation 1302: Diff:2000 ms Accuracy:3.00
ELocation 1303: Diff:2000 ms Accuracy:3.00
ELocation 1304: Diff:2000 ms Accuracy:3.00
ELocation 1305: Diff:2000 ms Accuracy:3.00
ELocation 1306: Diff:2000 ms Accuracy:3.00
ELocation 1307: Diff:2000 ms Accuracy:3.00
ELocation 1308: Diff:2000 ms Accuracy:3.00
ELocation 1309: Diff:2000 ms Accuracy:4.00
ELocation 1310: Diff:2000 ms Accuracy:4.00
ELocation 1311: Diff:2000 ms Accuracy:4.00
ELocation 1312: Diff:2000 ms Accuracy:4.00
ELocation 1313: Diff:2000 ms Accuracy:4.00
ELocation 1314: Diff:2000 ms Accuracy:4.00
ELocation 1315: Diff:2000 ms Accuracy:4.00
ETask 35: Configuration:0 Energy:0.00 Power:0.00 Reward:84.28 Time:30005
ELocation 1316: Diff:3142 ms Accuracy:4.00
ELocation 1317: Diff:-12 ms Accuracy:4.00
ELocation 1318: Diff:1870 ms Accuracy:5.00
ELocation 1319: Diff:3000 ms Accuracy:5.00
ELocation 1320: Diff:3000 ms Accuracy:5.00
ELocation 1321: Diff:3000 ms Accuracy:4.00
ELocation 1322: Diff:3000 ms Accuracy:3.00
ELocation 1323: Diff:3000 ms Accuracy:3.00
ELocation 1324: Diff:3000 ms Accuracy:3.00
ELocation 1325: Diff:3000 ms Accuracy:3.00
ELocation 1326: Diff:3000 ms Accuracy:3.00
ETask 36: Configuration:2 Energy:0.00 Power:0.00 Reward:37.08 Time:30005
ELocation 1327: Diff:4200 ms Accuracy:3.00
ELocation 1328: Diff:-1200 ms Accuracy:3.00
ELocation 1329: Diff:3000 ms Accuracy:3.00
ELocation 1330: Diff:3000 ms Accuracy:3.00
ELocation 1331: Diff:3000 ms Accuracy:3.00
ELocation 1332: Diff:3000 ms Accuracy:4.00
ELocation 1333: Diff:3000 ms Accuracy:3.00
ELocation 1334: Diff:3000 ms Accuracy:3.00
ELocation 1335: Diff:2000 ms Accuracy:4.00
ELocation 1336: Diff:2000 ms Accuracy:4.00
ELocation 1337: Diff:3000 ms Accuracy:4.00
ELocation 1338: Diff:3000 ms Accuracy:3.00
ETask 37: Configuration:2 Energy:0.00 Power:0.00 Reward:76.18 Time:30007
ELocation 1339: Diff:2000 ms Accuracy:3.00
ELocation 1340: Diff:3000 ms Accuracy:3.00
ELocation 1341: Diff:3000 ms Accuracy:4.00
ELocation 1342: Diff:2000 ms Accuracy:4.00
ELocation 1343: Diff:2000 ms Accuracy:5.00
ELocation 1344: Diff:3000 ms Accuracy:5.00
ELocation 1345: Diff:3000 ms Accuracy:5.00
ELocation 1346: Diff:3000 ms Accuracy:4.00
ELocation 1347: Diff:3000 ms Accuracy:5.00
ELocation 1348: Diff:3000 ms Accuracy:4.00
ELocation 1349: Diff:3000 ms Accuracy:4.00
ETask 38: Configuration:3 Energy:0.00 Power:0.00 Reward:76.44 Time:30016
ELocation 1350: Diff:3274 ms Accuracy:4.00
ELocation 1351: Diff:-1274 ms Accuracy:3.00
ELocation 1352: Diff:2000 ms Accuracy:3.00
ELocation 1353: Diff:2000 ms Accuracy:3.00
ELocation 1354: Diff:2000 ms Accuracy:3.00
ELocation 1355: Diff:2000 ms Accuracy:3.00
ELocation 1356: Diff:2000 ms Accuracy:4.00
ELocation 1357: Diff:2000 ms Accuracy:3.00
ELocation 1358: Diff:2000 ms Accuracy:4.00
ELocation 1359: Diff:2000 ms Accuracy:3.00
ELocation 1360: Diff:2000 ms Accuracy:3.00
ELocation 1361: Diff:2000 ms Accuracy:3.00
ELocation 1362: Diff:2000 ms Accuracy:3.00
ELocation 1363: Diff:2000 ms Accuracy:3.00
ELocation 1364: Diff:2000 ms Accuracy:3.00
ELocation 1365: Diff:2000 ms Accuracy:4.00
ETask 39: Configuration:3 Energy:0.00 Power:0.00 Reward:109.07 Time:30013
ELocation 1366: Diff:2000 ms Accuracy:4.00
ELocation 1367: Diff:2000 ms Accuracy:4.00
ELocation 1368: Diff:2000 ms Accuracy:4.00
ELocation 1369: Diff:2000 ms Accuracy:4.00
ELocation 1370: Diff:2000 ms Accuracy:4.00
ELocation 1371: Diff:2000 ms Accuracy:4.00
ELocation 1372: Diff:2000 ms Accuracy:5.00
ELocation 1373: Diff:2000 ms Accuracy:5.00
ELocation 1374: Diff:2000 ms Accuracy:4.00
ELocation 1375: Diff:2000 ms Accuracy:4.00
ELocation 1376: Diff:2000 ms Accuracy:5.00
ELocation 1377: Diff:2000 ms Accuracy:6.00
ELocation 1378: Diff:2000 ms Accuracy:7.00
STOKE: End Bat: 0.780000
STOKE: Usage Bat: 0.220000
ERun: Reward:2160.91 PostConfigReward:4681.49 Time:2638895
==END-RUN 2==
STOKE: Config:0 | interval:0:2500 priority:0:100 sensor-configuration:0:2 | -- timeOn:3 reward:257.87 scaled:0.46 (location_accuracy,1255.00,9.16)
STOKE: Config:1 | interval:1:2250 priority:0:100 sensor-configuration:0:2 | -- timeOn:7 reward:511.51 scaled:0.54 (location_accuracy,836.00,9.50)
STOKE: Config:2 | interval:2:2000 priority:0:100 sensor-configuration:0:2 | -- timeOn:11 reward:788.13 scaled:0.55 (location_accuracy,1135.00,8.11)
STOKE: Config:3 | interval:3:1750 priority:0:100 sensor-configuration:0:2 | -- timeOn:8 reward:603.41 scaled:0.53 (location_accuracy,586.00,5.23)

