==RUN 0==
Bandit Runs:1 Tasks-in-Run:110
Self-Optimizer Rounds:0 Tasks-in-Round:0
Continuous Knob Rounds:Inf Tasks-in-Round:0
STOKE: Start Bat: 0.980000
ETask 1-1: Configuration:0 Energy:78.639468442371 Reward:-29.03611142487545 Raw:29.03611142487545 Time:32523 TotalReward:78.639468442371
ETask 2-2: Configuration:0 Energy:85.51655586075 Reward:-31.575343702430775 Raw:31.575343702430775 Time:32507 TotalReward:164.156024303121
ETask 3-3: Configuration:0 Energy:79.29561058875001 Reward:-29.278379294307694 Raw:29.278379294307694 Time:32505 TotalReward:243.451634891871
ETask 4-4: Configuration:0 Energy:78.64846914775 Reward:-29.03943476224616 Raw:29.03943476224616 Time:32503 TotalReward:322.100104039621
ETask 5-5: Configuration:0 Energy:100.6761528256 Reward:-37.17273335099077 Raw:37.17273335099077 Time:32502 TotalReward:422.776256865221
ETask 6-6: Configuration:0 Energy:80.70950982272 Reward:-29.800434396081226 Raw:29.800434396081226 Time:32504 TotalReward:503.485766687941
ETask 7-7: Configuration:0 Energy:83.0898245858 Reward:-30.67931984706462 Raw:30.67931984706462 Time:32504 TotalReward:586.575591273741
ETask 8-8: Configuration:0 Energy:111.7732808749 Reward:-41.270134476886156 Raw:41.270134476886156 Time:32503 TotalReward:698.348872148641
ETask 9-9: Configuration:0 Energy:103.84777609143599 Reward:-38.3437942491456 Raw:38.3437942491456 Time:32504 TotalReward:802.196648240077
ETask 10-10: Configuration:0 Energy:115.510344395922 Reward:-42.64997331541735 Raw:42.64997331541735 Time:32504 TotalReward:917.7069926359991
ETask 11-11: Configuration:0 Energy:105.8507056296 Reward:-39.08333746323693 Raw:39.08333746323693 Time:32501 TotalReward:1023.5576982655991
ETask 12-12: Configuration:0 Energy:87.862705069518 Reward:-32.44161417951434 Raw:32.44161417951434 Time:32503 TotalReward:1111.420403335117
ETask 13-13: Configuration:0 Energy:81.67753652290799 Reward:-30.157859639227564 Raw:30.157859639227564 Time:32502 TotalReward:1193.097939858025
ETask 14-14: Configuration:0 Energy:83.00138425176 Reward:-30.646664954496 Raw:30.646664954496 Time:32502 TotalReward:1276.0993241097851
ETask 15-15: Configuration:0 Energy:81.870522509958 Reward:-30.2291160036768 Raw:30.2291160036768 Time:32503 TotalReward:1357.969846619743
ETask 16-16: Configuration:0 Energy:77.00813304741001 Reward:-28.433772202120615 Raw:28.433772202120615 Time:32504 TotalReward:1434.977979667153
ETask 17-17: Configuration:0 Energy:84.4269361782 Reward:-31.17302258887384 Raw:31.17302258887384 Time:32503 TotalReward:1519.4049158453531
ETask 18-18: Configuration:0 Energy:88.73702796893998 Reward:-32.764441096224 Raw:32.764441096224 Time:32504 TotalReward:1608.1419438142932
ETask 19-19: Configuration:0 Energy:100.16343081141 Reward:-36.983420607289844 Raw:36.983420607289844 Time:32501 TotalReward:1708.3053746257033
ETask 20-20: Configuration:0 Energy:106.88804090244001 Reward:-39.466353563977854 Raw:39.466353563977854 Time:32503 TotalReward:1815.1934155281433
ETask 21-21: Configuration:0 Energy:96.77063555211 Reward:-35.73069620385599 Raw:35.73069620385599 Time:32504 TotalReward:1911.9640510802533
ETask 22-22: Configuration:0 Energy:97.20103251707201 Reward:-35.889612006303516 Raw:35.889612006303516 Time:32504 TotalReward:2009.1650835973253
ETask 23-23: Configuration:0 Energy:106.471297412172 Reward:-39.31247904449428 Raw:39.31247904449428 Time:32502 TotalReward:2115.636381009497
ETask 24-24: Configuration:0 Energy:111.862557704729 Reward:-41.3030982294384 Raw:41.3030982294384 Time:32507 TotalReward:2227.4989387142264
ETask 25-25: Configuration:0 Energy:94.574665782476 Reward:-34.91987659660652 Raw:34.91987659660652 Time:32503 TotalReward:2322.0736044967025
ETask 26-26: Configuration:0 Energy:94.16755498147201 Reward:-34.769558762389664 Raw:34.769558762389664 Time:32502 TotalReward:2416.2411594781747
ETask 27-27: Configuration:0 Energy:79.14273735942 Reward:-29.22193379424738 Raw:29.22193379424738 Time:32504 TotalReward:2495.383896837595
ETask 28-28: Configuration:0 Energy:77.42724476928 Reward:-28.588521145580305 Raw:28.588521145580305 Time:32503 TotalReward:2572.811141606875
ETask 29-29: Configuration:0 Energy:97.85943507186 Reward:-36.13271448807139 Raw:36.13271448807139 Time:32502 TotalReward:2670.670576678735
ETask 30-30: Configuration:0 Energy:95.26755855329999 Reward:-35.1757139273723 Raw:35.1757139273723 Time:32504 TotalReward:2765.938135232035
ETask 31-31: Configuration:0 Energy:97.66336271613599 Reward:-36.060318541342525 Raw:36.060318541342525 Time:32502 TotalReward:2863.601497948171
ETask 32-32: Configuration:0 Energy:113.11250288645998 Reward:-41.76461645038522 Raw:41.76461645038522 Time:32502 TotalReward:2976.714000834631
ETask 33-33: Configuration:0 Energy:105.18068649837 Reward:-38.83594578401354 Raw:38.83594578401354 Time:32502 TotalReward:3081.894687333001
ETask 34-34: Configuration:0 Energy:94.51976990525999 Reward:-34.89960734963445 Raw:34.89960734963445 Time:32504 TotalReward:3176.414457238261
ETask 35-35: Configuration:0 Energy:102.77408123715598 Reward:-37.94735307218067 Raw:37.94735307218067 Time:32503 TotalReward:3279.188538475417
ETask 36-36: Configuration:0 Energy:93.32503016844299 Reward:-34.458472677578946 Raw:34.458472677578946 Time:32503 TotalReward:3372.51356864386
ETask 37-37: Configuration:0 Energy:104.96699405256598 Reward:-38.75704395787051 Raw:38.75704395787051 Time:32502 TotalReward:3477.4805626964257
ETask 38-38: Configuration:0 Energy:99.25022288296698 Reward:-36.64623614140319 Raw:36.64623614140319 Time:32503 TotalReward:3576.730785579393
ETask 39-39: Configuration:0 Energy:90.96264378157998 Reward:-33.58620693473723 Raw:33.58620693473723 Time:32505 TotalReward:3667.693429360973
ETask 40-40: Configuration:0 Energy:91.09980054789399 Reward:-33.636849433068555 Raw:33.636849433068555 Time:32502 TotalReward:3758.793229908867
ETask 41-41: Configuration:0 Energy:90.824625489024 Reward:-33.53524633440887 Raw:33.53524633440887 Time:32503 TotalReward:3849.617855397891
ETask 42-42: Configuration:0 Energy:79.84171220153199 Reward:-29.48001681287335 Raw:29.48001681287335 Time:32503 TotalReward:3929.4595675994233
ETask 43-43: Configuration:0 Energy:76.411659203652 Reward:-28.21353570596381 Raw:28.21353570596381 Time:32505 TotalReward:4005.8712268030754
ETask 44-44: Configuration:0 Energy:81.972876620232 Reward:-30.2669082905472 Raw:30.2669082905472 Time:32507 TotalReward:4087.8441034233074
ETask 45-45: Configuration:0 Energy:81.042310857962 Reward:-29.923314778324425 Raw:29.923314778324425 Time:32502 TotalReward:4168.886414281269
ETask 46-46: Configuration:0 Energy:92.188085484096 Reward:-34.03867771720468 Raw:34.03867771720468 Time:32502 TotalReward:4261.074499765365
ETask 47-47: Configuration:0 Energy:81.62054779078198 Reward:-30.136817645827197 Raw:30.136817645827197 Time:32503 TotalReward:4342.695047556146
ETask 48-48: Configuration:0 Energy:87.40935353858399 Reward:-32.27422284501563 Raw:32.27422284501563 Time:32502 TotalReward:4430.10440109473
ETask 49-49: Configuration:0 Energy:80.926489526652 Reward:-29.88054997907151 Raw:29.88054997907151 Time:32503 TotalReward:4511.030890621382
ETask 50-50: Configuration:0 Energy:80.809211349504 Reward:-29.837247267509166 Raw:29.837247267509166 Time:32503 TotalReward:4591.840101970886
ETask 51-51: Configuration:0 Energy:99.200858970114 Reward:-36.62800946588825 Raw:36.62800946588825 Time:32504 TotalReward:4691.040960941
ETask 52-52: Configuration:0 Energy:96.97503779409601 Reward:-35.80616780089699 Raw:35.80616780089699 Time:32502 TotalReward:4788.015998735096
ETask 53-53: Configuration:0 Energy:98.89821130859998 Reward:-36.51626263702153 Raw:36.51626263702153 Time:32506 TotalReward:4886.914210043697
ETask 54-54: Configuration:0 Energy:85.05451529986502 Reward:-31.404744110719392 Raw:31.404744110719392 Time:32502 TotalReward:4971.968725343561
ETask 55-55: Configuration:0 Energy:82.6566617002 Reward:-30.519382781612304 Raw:30.519382781612304 Time:32504 TotalReward:5054.625387043761
ETask 56-56: Configuration:0 Energy:81.25461128067 Reward:-30.001702626708923 Raw:30.001702626708923 Time:32503 TotalReward:5135.879998324432
ETask 57-57: Configuration:0 Energy:82.611967577775 Reward:-30.502880336409227 Raw:30.502880336409227 Time:32502 TotalReward:5218.491965902207
ETask 58-58: Configuration:0 Energy:77.91254728917 Reward:-28.76770976830893 Raw:28.76770976830893 Time:32507 TotalReward:5296.404513191377
ETask 59-59: Configuration:0 Energy:78.797124459825 Reward:-29.09432287747384 Raw:29.09432287747384 Time:32503 TotalReward:5375.201637651202
ETask 60-60: Configuration:0 Energy:99.14767228366001 Reward:-36.608371304736 Raw:36.608371304736 Time:32508 TotalReward:5474.349309934862
ETask 61-61: Configuration:0 Energy:87.35411993307999 Reward:-32.253828898368 Raw:32.253828898368 Time:32503 TotalReward:5561.703429867942
ETask 62-62: Configuration:0 Energy:82.9197224856 Reward:-30.616512917760005 Raw:30.616512917760005 Time:32502 TotalReward:5644.623152353542
ETask 63-63: Configuration:0 Energy:81.889535904176 Reward:-30.236136333849597 Raw:30.236136333849597 Time:32503 TotalReward:5726.512688257718
ETask 64-64: Configuration:0 Energy:86.78675771392001 Reward:-32.04434130975508 Raw:32.04434130975508 Time:32504 TotalReward:5813.299445971638
ETask 65-65: Configuration:0 Energy:102.30876910728497 Reward:-37.775545516535985 Raw:37.775545516535985 Time:32504 TotalReward:5915.608215078923
ETask 66-66: Configuration:0 Energy:94.9695206016 Reward:-35.065669145206144 Raw:35.065669145206144 Time:32503 TotalReward:6010.577735680524
ETask 67-67: Configuration:0 Energy:83.3273028648 Reward:-30.76700413469538 Raw:30.76700413469538 Time:32503 TotalReward:6093.905038545324
ETask 68-68: Configuration:0 Energy:85.6001788155 Reward:-31.606219870338464 Raw:31.606219870338464 Time:32504 TotalReward:6179.505217360824
ETask 69-69: Configuration:0 Energy:79.33681232955 Reward:-29.293592244756923 Raw:29.293592244756923 Time:32508 TotalReward:6258.842029690374
ETask 70-70: Configuration:0 Energy:98.02606231680001 Reward:-36.19423839389538 Raw:36.19423839389538 Time:32502 TotalReward:6356.868092007174
ETask 71-71: Configuration:0 Energy:101.66486092695 Reward:-37.53779480379693 Raw:37.53779480379693 Time:32505 TotalReward:6458.532952934123
ETask 72-72: Configuration:0 Energy:96.11338135679999 Reward:-35.488017731741536 Raw:35.488017731741536 Time:32502 TotalReward:6554.646334290924
ETask 73-73: Configuration:0 Energy:96.48939628229101 Reward:-35.62685401192283 Raw:35.62685401192283 Time:32503 TotalReward:6651.1357305732145
ETask 74-74: Configuration:0 Energy:102.316157676118 Reward:-37.77827360348972 Raw:37.77827360348972 Time:32503 TotalReward:6753.451888249332
ETask 75-75: Configuration:0 Energy:93.986560027332 Reward:-34.70272985624566 Raw:34.70272985624566 Time:32502 TotalReward:6847.4384482766645
ETask 76-76: Configuration:0 Energy:81.86501086329001 Reward:-30.227080934137845 Raw:30.227080934137845 Time:32503 TotalReward:6929.303459139955
ETask 77-77: Configuration:0 Energy:91.50094215619801 Reward:-33.784963257673105 Raw:33.784963257673105 Time:32504 TotalReward:7020.804401296153
ETask 78-78: Configuration:0 Energy:80.61069187159698 Reward:-29.76394776797427 Raw:29.76394776797427 Time:32503 TotalReward:7101.41509316775
ETask 79-79: Configuration:0 Energy:84.77856596790001 Reward:-31.30285512660923 Raw:31.30285512660923 Time:32503 TotalReward:7186.19365913565
ETask 80-80: Configuration:0 Energy:86.702759014082 Reward:-32.01332640519951 Raw:32.01332640519951 Time:32503 TotalReward:7272.896418149732
ETask 81-81: Configuration:0 Energy:80.79141582615601 Reward:-29.830676612734525 Raw:29.830676612734525 Time:32502 TotalReward:7353.687833975888
ETask 82-82: Configuration:0 Energy:81.383401690235 Reward:-30.04925600870216 Raw:30.04925600870216 Time:32504 TotalReward:7435.071235666122
ETask 83-83: Configuration:0 Energy:93.83866495647 Reward:-34.648122445465845 Raw:34.648122445465845 Time:32501 TotalReward:7528.909900622592
ETask 84-84: Configuration:0 Energy:89.90640039184301 Reward:-33.19620937544972 Raw:33.19620937544972 Time:32503 TotalReward:7618.816301014435
ETask 85-85: Configuration:0 Energy:99.38751881187999 Reward:-36.69693002284799 Raw:36.69693002284799 Time:32505 TotalReward:7718.203819826315
ETask 86-86: Configuration:0 Energy:113.57814043047998 Reward:-41.936544158946454 Raw:41.936544158946454 Time:32504 TotalReward:7831.781960256795
ETask 87-87: Configuration:0 Energy:95.82545254269199 Reward:-35.38170555422474 Raw:35.38170555422474 Time:32503 TotalReward:7927.607412799487
ETask 88-88: Configuration:0 Energy:96.731584714752 Reward:-35.7162774331392 Raw:35.7162774331392 Time:32503 TotalReward:8024.338997514239
ETask 89-89: Configuration:0 Energy:99.31687519052399 Reward:-36.67084622419347 Raw:36.67084622419347 Time:32504 TotalReward:8123.655872704763
ETask 90-90: Configuration:0 Energy:95.605079419044 Reward:-35.3003370162624 Raw:35.3003370162624 Time:32502 TotalReward:8219.260952123806
ETask 91-91: Configuration:0 Energy:104.08083807616 Reward:-38.429847905043694 Raw:38.429847905043694 Time:32505 TotalReward:8323.341790199966
ETask 92-92: Configuration:0 Energy:108.88116728251998 Reward:-40.20227715046891 Raw:40.20227715046891 Time:32503 TotalReward:8432.222957482485
ETask 93-93: Configuration:0 Energy:110.629226161799 Reward:-40.84771427512579 Raw:40.84771427512579 Time:32502 TotalReward:8542.852183644283
ETask 94-94: Configuration:0 Energy:83.409929033511 Reward:-30.797512258527142 Raw:30.797512258527142 Time:32503 TotalReward:8626.262112677794
ETask 95-95: Configuration:0 Energy:84.59707743163501 Reward:-31.235843974757536 Raw:31.235843974757536 Time:32505 TotalReward:8710.85919010943
ETask 96-96: Configuration:0 Energy:88.18657113056399 Reward:-32.56119549436209 Raw:32.56119549436209 Time:32503 TotalReward:8799.045761239993
ETask 97-97: Configuration:0 Energy:94.751062146566 Reward:-34.98500756180899 Raw:34.98500756180899 Time:32503 TotalReward:8893.79682338656
ETask 98-98: Configuration:0 Energy:96.81057317349 Reward:-35.74544240251939 Raw:35.74544240251939 Time:32504 TotalReward:8990.60739656005
ETask 99-99: Configuration:0 Energy:91.63613020057599 Reward:-33.8348788432896 Raw:33.8348788432896 Time:32503 TotalReward:9082.243526760625
ETask 100-100: Configuration:0 Energy:81.985680881568 Reward:-30.271636017809723 Raw:30.271636017809723 Time:32503 TotalReward:9164.229207642193
ETask 101-101: Configuration:0 Energy:82.86405202046599 Reward:-30.59595766909514 Raw:30.59595766909514 Time:32501 TotalReward:9247.093259662659
ETask 102-102: Configuration:0 Energy:85.987190303784 Reward:-31.74911641985871 Raw:31.74911641985871 Time:32503 TotalReward:9333.080449966443
ETask 103-103: Configuration:0 Energy:101.691787885974 Reward:-37.5477370655904 Raw:37.5477370655904 Time:32503 TotalReward:9434.772237852416
ETask 104-104: Configuration:0 Energy:84.51006333791999 Reward:-31.203715694001232 Raw:31.203715694001232 Time:32502 TotalReward:9519.282301190337
ETask 105-105: Configuration:0 Energy:87.83522300104201 Reward:-32.4314669542309 Raw:32.4314669542309 Time:32503 TotalReward:9607.117524191379
ETask 106-106: Configuration:0 Energy:87.69449482622399 Reward:-32.379505781990396 Raw:32.379505781990396 Time:32504 TotalReward:9694.812019017603
ETask 107-107: Configuration:0 Energy:105.078979253358 Reward:-38.798392339701415 Raw:38.798392339701415 Time:32503 TotalReward:9799.890998270961
ETask 108-108: Configuration:0 Energy:124.943453505288 Reward:-46.13296744810634 Raw:46.13296744810634 Time:32504 TotalReward:9924.834451776249
ETask 109-109: Configuration:0 Energy:107.616240094248 Reward:-39.73522711172234 Raw:39.73522711172234 Time:32503 TotalReward:10032.450691870497
ETask 110-110: Configuration:0 Energy:100.930643341446 Reward:-37.266699079918524 Raw:37.266699079918524 Time:32503 TotalReward:10133.381335211943
ETask 111-111: Configuration:0 Energy:94.429802682432 Reward:-34.86638868274413 Raw:34.86638868274413 Time:32503 TotalReward:10227.811137894376
ERun: Time:3608718
==END-RUN 0==
==ROUND-END==
STOKE: Config: 0 - Knobs: {interval:30000 priority:100 sensor-configuration:1 batch:1 }  | -- on:0 reward:0.0000
