==RUN 0==
Bandit Runs:1 Tasks-in-Run:110
Self-Optimizer Rounds:0 Tasks-in-Round:0
Continuous Knob Rounds:Inf Tasks-in-Round:0
STOKE: Start Bat: 0.970000
ETask 1-1: Configuration:0 Energy:79.01538975508 Reward:-29.174913140337228 Raw:29.174913140337228 Time:32502 TotalReward:79.01538975508
ETask 2-2: Configuration:0 Energy:94.59702011712 Reward:-34.928130504782764 Raw:34.928130504782764 Time:32503 TotalReward:173.61240987219998
ETask 3-3: Configuration:0 Energy:101.93991339924 Reward:-37.639352639719384 Raw:37.639352639719384 Time:32502 TotalReward:275.55232327143995
ETask 4-4: Configuration:0 Energy:100.62081008640001 Reward:-37.15229910882462 Raw:37.15229910882462 Time:32503 TotalReward:376.17313335783996
ETask 5-5: Configuration:0 Energy:109.46411540599999 Reward:-40.417519534523066 Raw:40.417519534523066 Time:32505 TotalReward:485.6372487638399
ETask 6-6: Configuration:0 Energy:81.27261463299999 Reward:-30.008350018338458 Raw:30.008350018338458 Time:32505 TotalReward:566.9098633968399
ETask 7-7: Configuration:0 Energy:83.16043806888 Reward:-30.705392517740307 Raw:30.705392517740307 Time:32502 TotalReward:650.0703014657199
ETask 8-8: Configuration:0 Energy:104.10428756448 Reward:-38.438506177654155 Raw:38.438506177654155 Time:32503 TotalReward:754.1745890302
ETask 9-9: Configuration:0 Energy:82.97067043488 Reward:-30.635324468263388 Raw:30.635324468263388 Time:32501 TotalReward:837.14525946508
ETask 10-10: Configuration:0 Energy:92.47580398450799 Reward:-34.14491224043371 Raw:34.14491224043371 Time:32503 TotalReward:929.6210634495881
ETask 11-11: Configuration:0 Energy:88.648137384156 Reward:-32.731619957226826 Raw:32.731619957226826 Time:32501 TotalReward:1018.2692008337441
ETask 12-12: Configuration:0 Energy:89.744744967696 Reward:-33.136521218841594 Raw:33.136521218841594 Time:32501 TotalReward:1108.01394580144
ETask 13-13: Configuration:0 Energy:99.88820976231 Reward:-36.881800527622154 Raw:36.881800527622154 Time:32503 TotalReward:1207.90215556375
ETask 14-14: Configuration:0 Energy:82.60873091001 Reward:-30.50168525908061 Raw:30.50168525908061 Time:32503 TotalReward:1290.5108864737601
ETask 15-15: Configuration:0 Energy:81.14536806552 Reward:-29.96136667034585 Raw:29.96136667034585 Time:32505 TotalReward:1371.65625453928
ETask 16-16: Configuration:0 Energy:80.04521732832902 Reward:-29.555157167383026 Raw:29.555157167383026 Time:32503 TotalReward:1451.7014718676091
ETask 17-17: Configuration:0 Energy:80.30339908533001 Reward:-29.650485816121858 Raw:29.650485816121858 Time:32503 TotalReward:1532.0048709529392
ETask 18-18: Configuration:0 Energy:82.59524564992 Reward:-30.49670608612431 Raw:30.49670608612431 Time:32504 TotalReward:1614.600116602859
ETask 19-19: Configuration:0 Energy:98.158015131775 Reward:-36.24295943327077 Raw:36.24295943327077 Time:32503 TotalReward:1712.7581317346342
ETask 20-20: Configuration:0 Energy:89.02844065433999 Reward:-32.87203962621784 Raw:32.87203962621784 Time:32502 TotalReward:1801.786572388974
ETask 21-21: Configuration:0 Energy:103.54176949926 Reward:-38.23080719972677 Raw:38.23080719972677 Time:32505 TotalReward:1905.328341888234
ETask 22-22: Configuration:0 Energy:99.02077944748 Reward:-36.56151856522339 Raw:36.56151856522339 Time:32502 TotalReward:2004.349121335714
ETask 23-23: Configuration:0 Energy:97.461806599425 Reward:-35.985897821326155 Raw:35.985897821326155 Time:32503 TotalReward:2101.810927935139
ETask 24-24: Configuration:0 Energy:96.139216055298 Reward:-35.49755669734079 Raw:35.49755669734079 Time:32505 TotalReward:2197.950143990437
ETask 25-25: Configuration:0 Energy:87.70976522373998 Reward:-32.38514408261169 Raw:32.38514408261169 Time:32503 TotalReward:2285.659909214177
ETask 26-26: Configuration:0 Energy:95.14675113726601 Reward:-35.1311081122213 Raw:35.1311081122213 Time:32504 TotalReward:2380.806660351443
ETask 27-27: Configuration:0 Energy:94.42422316032 Reward:-34.864328551502766 Raw:34.864328551502766 Time:32504 TotalReward:2475.230883511763
ETask 28-28: Configuration:0 Energy:78.705115541325 Reward:-29.060350353719997 Raw:29.060350353719997 Time:32502 TotalReward:2553.935999053088
ETask 29-29: Configuration:0 Energy:90.65338451455999 Reward:-33.47201889768369 Raw:33.47201889768369 Time:32504 TotalReward:2644.589383567648
ETask 30-30: Configuration:0 Energy:90.27820952006998 Reward:-33.333492745872 Raw:33.333492745872 Time:32503 TotalReward:2734.867593087718
ETask 31-31: Configuration:0 Energy:86.7092175026 Reward:-32.01571107788308 Raw:32.01571107788308 Time:32505 TotalReward:2821.576810590318
ETask 32-32: Configuration:0 Energy:84.00388094739999 Reward:-31.016817580578454 Raw:31.016817580578454 Time:32503 TotalReward:2905.580691537718
ETask 33-33: Configuration:0 Energy:84.42429788468999 Reward:-31.172048449731683 Raw:31.172048449731683 Time:32503 TotalReward:2990.004989422408
ETask 34-34: Configuration:0 Energy:85.85389208149998 Reward:-31.699898614707685 Raw:31.699898614707685 Time:32502 TotalReward:3075.858881503908
ETask 35-35: Configuration:0 Energy:81.08376548919 Reward:-29.938621103700928 Raw:29.938621103700928 Time:32504 TotalReward:3156.9426469930977
ETask 36-36: Configuration:0 Energy:79.9143349389 Reward:-29.506831362055383 Raw:29.506831362055383 Time:32503 TotalReward:3236.856981931998
ETask 37-37: Configuration:0 Energy:82.07219817796998 Reward:-30.303580865711996 Raw:30.303580865711996 Time:32504 TotalReward:3318.9291801099675
ETask 38-38: Configuration:0 Energy:81.29172460694998 Reward:-30.015406008719996 Raw:30.015406008719996 Time:32503 TotalReward:3400.2209047169176
ETask 39-39: Configuration:0 Energy:98.54217853597 Reward:-36.384804382512 Raw:36.384804382512 Time:32506 TotalReward:3498.7630832528876
ETask 40-40: Configuration:0 Energy:96.15290118257998 Reward:-35.50260966741415 Raw:35.50260966741415 Time:32505 TotalReward:3594.9159844354676
ETask 41-41: Configuration:0 Energy:108.875142484992 Reward:-40.2000526098432 Raw:40.2000526098432 Time:32506 TotalReward:3703.7911269204596
ETask 42-42: Configuration:0 Energy:108.901189044648 Reward:-40.2096698011008 Raw:40.2096698011008 Time:32503 TotalReward:3812.692315965108
ETask 43-43: Configuration:0 Energy:83.51892439207201 Reward:-30.837756698611205 Raw:30.837756698611205 Time:32503 TotalReward:3896.21124035718
ETask 44-44: Configuration:0 Energy:83.03763069107998 Reward:-30.66004825516799 Raw:30.66004825516799 Time:32503 TotalReward:3979.24887104826
ETask 45-45: Configuration:0 Energy:97.38662403412802 Reward:-35.958138104908805 Raw:35.958138104908805 Time:32502 TotalReward:4076.635495082388
ETask 46-46: Configuration:0 Energy:81.203150370804 Reward:-29.98270167537378 Raw:29.98270167537378 Time:32503 TotalReward:4157.838645453192
ETask 47-47: Configuration:0 Energy:81.38343434165 Reward:-30.04926806460923 Raw:30.04926806460923 Time:32502 TotalReward:4239.222079794842
ETask 48-48: Configuration:0 Energy:86.772149536968 Reward:-32.03894752134203 Raw:32.03894752134203 Time:32504 TotalReward:4325.99422933181
ETask 49-49: Configuration:0 Energy:97.03184868481999 Reward:-35.82714412977969 Raw:35.82714412977969 Time:32503 TotalReward:4423.02607801663
ETask 50-50: Configuration:0 Energy:98.69768874291199 Reward:-36.44222353584443 Raw:36.44222353584443 Time:32507 TotalReward:4521.723766759542
ETask 51-51: Configuration:0 Energy:107.315923008021 Reward:-39.6243408029616 Raw:39.6243408029616 Time:32503 TotalReward:4629.039689767563
ETask 52-52: Configuration:0 Energy:96.62214061344001 Reward:-35.675867303424 Raw:35.675867303424 Time:32502 TotalReward:4725.661830381003
ETask 53-53: Configuration:0 Energy:99.275843331584 Reward:-36.65569599935409 Raw:36.65569599935409 Time:32504 TotalReward:4824.937673712587
ETask 54-54: Configuration:0 Energy:100.254607062642 Reward:-37.01708568466781 Raw:37.01708568466781 Time:32503 TotalReward:4925.192280775229
ETask 55-55: Configuration:0 Energy:88.45142099032 Reward:-32.658986211810465 Raw:32.658986211810465 Time:32502 TotalReward:5013.643701765549
ETask 56-56: Configuration:0 Energy:94.8688496006 Reward:-35.0284983140677 Raw:35.0284983140677 Time:32503 TotalReward:5108.512551366149
ETask 57-57: Configuration:0 Energy:107.31656211619 Reward:-39.624576781362464 Raw:39.624576781362464 Time:32504 TotalReward:5215.8291134823385
ETask 58-58: Configuration:0 Energy:104.501251378969 Reward:-38.58507743223471 Raw:38.58507743223471 Time:32502 TotalReward:5320.330364861307
ETask 59-59: Configuration:0 Energy:100.978775845194 Reward:-37.2844710813024 Raw:37.2844710813024 Time:32503 TotalReward:5421.309140706501
ETask 60-60: Configuration:0 Energy:82.14514901646002 Reward:-30.330516559923705 Raw:30.330516559923705 Time:32503 TotalReward:5503.454289722961
ETask 61-61: Configuration:0 Energy:84.734876167704 Reward:-31.286723508075323 Raw:31.286723508075323 Time:32502 TotalReward:5588.189165890665
ETask 62-62: Configuration:0 Energy:86.10729849372001 Reward:-31.793464059219694 Raw:31.793464059219694 Time:32503 TotalReward:5674.296464384385
ETask 63-63: Configuration:0 Energy:86.64874884388801 Reward:-31.993384188512504 Raw:31.993384188512504 Time:32503 TotalReward:5760.945213228273
ETask 64-64: Configuration:0 Energy:86.392343847936 Reward:-31.898711574622528 Raw:31.898711574622528 Time:32504 TotalReward:5847.337557076209
ETask 65-65: Configuration:0 Energy:86.85245523199501 Reward:-32.06859885489047 Raw:32.06859885489047 Time:32503 TotalReward:5934.190012308204
ETask 66-66: Configuration:0 Energy:89.66773559834999 Reward:-33.10808699016 Raw:33.10808699016 Time:32503 TotalReward:6023.857747906554
ETask 67-67: Configuration:0 Energy:82.13849935488 Reward:-30.328061300263382 Raw:30.328061300263382 Time:32503 TotalReward:6105.996247261434
ETask 68-68: Configuration:0 Energy:81.40933603395 Reward:-30.058831766381537 Raw:30.058831766381537 Time:32502 TotalReward:6187.4055832953845
ETask 69-69: Configuration:0 Energy:81.607558661865 Reward:-30.13202165976554 Raw:30.13202165976554 Time:32504 TotalReward:6269.01314195725
ETask 70-70: Configuration:0 Energy:82.74126746136 Reward:-30.55062183188677 Raw:30.55062183188677 Time:32503 TotalReward:6351.75440941861
ETask 71-71: Configuration:0 Energy:88.247243889072 Reward:-32.58359774365735 Raw:32.58359774365735 Time:32505 TotalReward:6440.001653307681
ETask 72-72: Configuration:0 Energy:103.069546313952 Reward:-38.0564478697669 Raw:38.0564478697669 Time:32503 TotalReward:6543.071199621633
ETask 73-73: Configuration:0 Energy:105.14989950254399 Reward:-38.82457827786239 Raw:38.82457827786239 Time:32504 TotalReward:6648.221099124177
ETask 74-74: Configuration:0 Energy:104.09327382126399 Reward:-38.434439564774394 Raw:38.434439564774394 Time:32505 TotalReward:6752.314372945441
ETask 75-75: Configuration:0 Energy:102.57721885271998 Reward:-37.87466542254277 Raw:37.87466542254277 Time:32502 TotalReward:6854.891591798161
ETask 76-76: Configuration:0 Energy:89.44367141172998 Reward:-33.02535559817722 Raw:33.02535559817722 Time:32503 TotalReward:6944.335263209891
ETask 77-77: Configuration:0 Energy:88.76254551222398 Reward:-32.773862958359615 Raw:32.773862958359615 Time:32503 TotalReward:7033.097808722116
ETask 78-78: Configuration:0 Energy:87.364496919672 Reward:-32.25766040110966 Raw:32.25766040110966 Time:32503 TotalReward:7120.462305641788
ETask 79-79: Configuration:0 Energy:83.37736002852999 Reward:-30.785486779764923 Raw:30.785486779764923 Time:32502 TotalReward:7203.839665670318
ETask 80-80: Configuration:0 Energy:85.62555331753 Reward:-31.615588917241848 Raw:31.615588917241848 Time:32503 TotalReward:7289.465218987848
ETask 81-81: Configuration:0 Energy:90.2770271275 Reward:-33.333056170153846 Raw:33.333056170153846 Time:32502 TotalReward:7379.742246115348
ETask 82-82: Configuration:0 Energy:88.59956883251199 Reward:-32.71368695354288 Raw:32.71368695354288 Time:32503 TotalReward:7468.34181494786
ETask 83-83: Configuration:0 Energy:84.417093258456 Reward:-31.169388280045293 Raw:31.169388280045293 Time:32504 TotalReward:7552.758908206316
ETask 84-84: Configuration:0 Energy:91.10280258409998 Reward:-33.63795787720615 Raw:33.63795787720615 Time:32503 TotalReward:7643.861710790416
ETask 85-85: Configuration:0 Energy:85.94865557504 Reward:-31.73488821232246 Raw:31.73488821232246 Time:32503 TotalReward:7729.810366365456
ETask 86-86: Configuration:0 Energy:92.92600012039999 Reward:-34.31113850599384 Raw:34.31113850599384 Time:32503 TotalReward:7822.736366485856
ETask 87-87: Configuration:0 Energy:100.20745649935999 Reward:-36.99967624591754 Raw:36.99967624591754 Time:32503 TotalReward:7922.943822985216
ETask 88-88: Configuration:0 Energy:88.055456843776 Reward:-32.51278406539422 Raw:32.51278406539422 Time:32503 TotalReward:8010.999279828991
ETask 89-89: Configuration:0 Energy:89.913413375856 Reward:-33.19879878493144 Raw:33.19879878493144 Time:32503 TotalReward:8100.9126932048475
ETask 90-90: Configuration:0 Energy:107.16284928191999 Reward:-39.567821273324306 Raw:39.567821273324306 Time:32502 TotalReward:8208.075542486768
ETask 91-91: Configuration:0 Energy:104.24070852096 Reward:-38.48887699235446 Raw:38.48887699235446 Time:32504 TotalReward:8312.316251007727
ETask 92-92: Configuration:0 Energy:91.85415683194398 Reward:-33.91538098410239 Raw:33.91538098410239 Time:32504 TotalReward:8404.17040783967
ETask 93-93: Configuration:0 Energy:94.54406759086599 Reward:-34.90857880278129 Raw:34.90857880278129 Time:32502 TotalReward:8498.714475430537
ETask 94-94: Configuration:0 Energy:82.074185891298 Reward:-30.304314790633107 Raw:30.304314790633107 Time:32504 TotalReward:8580.788661321836
ETask 95-95: Configuration:0 Energy:87.96014647593 Reward:-32.477592544958775 Raw:32.477592544958775 Time:32502 TotalReward:8668.748807797767
ETask 96-96: Configuration:0 Energy:134.46349628194 Reward:-49.648060165639386 Raw:49.648060165639386 Time:32501 TotalReward:8803.212304079707
ETask 97-97: Configuration:0 Energy:83.818393239924 Reward:-30.948329811664248 Raw:30.948329811664248 Time:32503 TotalReward:8887.030697319631
ETask 98-98: Configuration:0 Energy:85.707679365993 Reward:-31.645912381289726 Raw:31.645912381289726 Time:32502 TotalReward:8972.738376685624
ETask 99-99: Configuration:0 Energy:88.05394365221998 Reward:-32.512225348512 Raw:32.512225348512 Time:32504 TotalReward:9060.792320337843
ETask 100-100: Configuration:0 Energy:81.78157675038 Reward:-30.196274492448005 Raw:30.196274492448005 Time:32503 TotalReward:9142.573897088223
ETask 101-101: Configuration:0 Energy:82.761580492656 Reward:-30.558122028057596 Raw:30.558122028057596 Time:32503 TotalReward:9225.335477580878
ETask 102-102: Configuration:0 Energy:99.23236820645201 Reward:-36.6396436454592 Raw:36.6396436454592 Time:32503 TotalReward:9324.567845787331
ETask 103-103: Configuration:0 Energy:94.67887600128 Reward:-34.958354215857234 Raw:34.958354215857234 Time:32503 TotalReward:9419.246721788611
ETask 104-104: Configuration:0 Energy:95.11575773328 Reward:-35.11966439382646 Raw:35.11966439382646 Time:32504 TotalReward:9514.362479521891
ETask 105-105: Configuration:0 Energy:99.32678257403198 Reward:-36.674504335027194 Raw:36.674504335027194 Time:32501 TotalReward:9613.689262095922
ETask 106-106: Configuration:0 Energy:107.359739828224 Reward:-39.6405193211904 Raw:39.6405193211904 Time:32503 TotalReward:9721.049001924146
ETask 107-107: Configuration:0 Energy:103.98389428824798 Reward:-38.39405327566079 Raw:38.39405327566079 Time:32502 TotalReward:9825.032896212395
ETask 108-108: Configuration:0 Energy:104.225877015 Reward:-38.483400744 Raw:38.483400744 Time:32504 TotalReward:9929.258773227395
ETask 109-109: Configuration:0 Energy:96.04554054888 Reward:-35.462968818048004 Raw:35.462968818048004 Time:32505 TotalReward:10025.304313776274
ETask 110-110: Configuration:0 Energy:91.09277444274201 Reward:-33.63425517885859 Raw:33.63425517885859 Time:32503 TotalReward:10116.397088219017
ETask 111-111: Configuration:0 Energy:93.78217415002999 Reward:-34.62726430154953 Raw:34.62726430154953 Time:32505 TotalReward:10210.179262369047
ERun: Time:3608743
==END-RUN 0==
==ROUND-END==
STOKE: Config: 0 - Knobs: {interval:30000 priority:100 sensor-configuration:1 batch:1 }  | -- on:0 reward:0.0000
