==RUN-0==
Signal: Info:LTE dBM:-70 level:4
STOKE: LOC: Got location 42.634962 -74.565185 with 3400.000000 accuracy
STOKE: LOC: Got location 42.636285 -74.565534 with 142.500000 accuracy
Signal: Info:LTE dBM:-68 level:4
ETask 1: Configuration:0 Energy:3.50 Power:3.50 Reward:3.50 Time:5029
Signal: Info:LTE dBM:-73 level:4
ETask 2: Configuration:0 Energy:7.90 Power:7.90 Reward:7.90 Time:5015
Signal: Info:LTE dBM:-75 level:4
ETask 3: Configuration:0 Energy:9.20 Power:9.20 Reward:9.20 Time:5018
Signal: Info:LTE dBM:-69 level:4
ETask 4: Configuration:0 Energy:9.40 Power:9.40 Reward:9.40 Time:5018
Signal: Info:LTE dBM:-79 level:4
ETask 5: Configuration:0 Energy:10.20 Power:10.20 Reward:10.20 Time:5017
Signal: Info:LTE dBM:-85 level:4
ETask 6: Configuration:0 Energy:11.10 Power:11.10 Reward:11.10 Time:5017
Signal: Info:LTE dBM:-80 level:4
ETask 7: Configuration:0 Energy:8.80 Power:8.80 Reward:8.80 Time:5018
Signal: Info:LTE dBM:-85 level:4
ETask 8: Configuration:0 Energy:9.20 Power:9.20 Reward:9.20 Time:5023
Signal: Info:LTE dBM:-84 level:4
ETask 9: Configuration:0 Energy:8.50 Power:8.50 Reward:8.50 Time:5022
Signal: Info:LTE dBM:-79 level:4
ETask 10: Configuration:0 Energy:8.20 Power:8.20 Reward:8.20 Time:5018
Signal: Info:LTE dBM:-84 level:4
ETask 11: Configuration:0 Energy:8.80 Power:8.80 Reward:8.80 Time:5006
ERun: Reward:94.80 PostConfigReward:0.00 Time:55857
==RUN-1==
Signal: Info:LTE dBM:-90 level:4
STOKE: LOC: Got location 42.636285 -74.565534 with 58.174999 accuracy
STOKE: LOC: Got location 42.646422 -74.605089 with 2799.999023 accuracy
Signal: Info:LTE dBM:-92 level:4
ETask 1: Configuration:0 Energy:3.00 Power:3.00 Reward:3.00 Time:5036
STOKE: LOC: Got location 42.644862 -74.591545 with 2700.000000 accuracy
Signal: Info:LTE dBM:-93 level:4
ETask 2: Configuration:0 Energy:7.20 Power:7.20 Reward:7.20 Time:5020
STOKE: LOC: Got location 42.644862 -74.591545 with 2700.000000 accuracy
Signal: Info:LTE dBM:-95 level:4
ETask 3: Configuration:0 Energy:10.10 Power:10.10 Reward:10.10 Time:5015
STOKE: LOC: Got location 42.644862 -74.591545 with 2700.000000 accuracy
Signal: Info:LTE dBM:-95 level:4
ETask 4: Configuration:0 Energy:8.40 Power:8.40 Reward:8.40 Time:5017
STOKE: LOC: Got location 42.644862 -74.591545 with 2700.000000 accuracy
Signal: Info:LTE dBM:-93 level:4
ETask 5: Configuration:0 Energy:8.90 Power:8.90 Reward:8.90 Time:5022
STOKE: LOC: Got location 42.644862 -74.591545 with 2700.000000 accuracy
Signal: Info:LTE dBM:-96 level:3
ETask 6: Configuration:0 Energy:7.30 Power:7.30 Reward:7.30 Time:5023
STOKE: LOC: Got location 42.644862 -74.591545 with 2700.000000 accuracy
Signal: Info:LTE dBM:-95 level:4
ETask 7: Configuration:0 Energy:6.20 Power:6.20 Reward:6.20 Time:5020
STOKE: LOC: Got location 42.644862 -74.591545 with 2700.000000 accuracy
Signal: Info:LTE dBM:-95 level:4
ETask 8: Configuration:0 Energy:6.30 Power:6.30 Reward:6.30 Time:5020
STOKE: LOC: Got location 42.644862 -74.591545 with 2700.000000 accuracy
Signal: Info:LTE dBM:-98 level:3
ETask 9: Configuration:0 Energy:5.80 Power:5.80 Reward:5.80 Time:5017
STOKE: LOC: Got location 42.644862 -74.591545 with 2700.000000 accuracy
Signal: Info:LTE dBM:-106 level:2
ETask 10: Configuration:0 Energy:2.50 Power:2.50 Reward:2.50 Time:5021
STOKE: LOC: Got location 42.644862 -74.591545 with 2700.000000 accuracy
Signal: Info:LTE dBM:-110 level:2
ETask 11: Configuration:0 Energy:2.80 Power:2.80 Reward:2.80 Time:5018
ERun: Reward:68.50 PostConfigReward:0.00 Time:57030
==RUN-2==
STOKE: LOC: Got location 42.644862 -74.591545 with 2700.000000 accuracy
STOKE: LOC: Got location 42.646422 -74.605089 with 2799.999023 accuracy
ETask 1: Configuration:0 Energy:1.90 Power:1.90 Reward:1.90 Time:5039
STOKE: LOC: Got location 42.646422 -74.605089 with 2799.999023 accuracy
ETask 2: Configuration:0 Energy:7.00 Power:7.00 Reward:7.00 Time:5015
STOKE: LOC: Got location 42.646422 -74.605089 with 2799.999023 accuracy
ETask 3: Configuration:0 Energy:11.10 Power:11.10 Reward:11.10 Time:5053
STOKE: LOC: Got location 42.646422 -74.605089 with 2799.999023 accuracy
ETask 4: Configuration:0 Energy:10.10 Power:10.10 Reward:10.10 Time:5003
Signal: Info:WCDMA dBM:-107 level:1
ETask 5: Configuration:0 Energy:11.50 Power:11.50 Reward:11.50 Time:5006
STOKE: LOC: Got location 42.645009 -74.638396 with 3500.000000 accuracy
Signal: Info:WCDMA dBM:-105 level:1
ETask 6: Configuration:0 Energy:13.40 Power:13.40 Reward:13.40 Time:5017
STOKE: LOC: Got location 42.645009 -74.638396 with 3500.000000 accuracy
Signal: Info:WCDMA dBM:-101 level:2
ETask 7: Configuration:0 Energy:13.00 Power:13.00 Reward:13.00 Time:5019
STOKE: LOC: Got location 42.650150 -74.651937 with 2200.000000 accuracy
Signal: Info:WCDMA dBM:-103 level:2
ETask 8: Configuration:0 Energy:11.80 Power:11.80 Reward:11.80 Time:5020
STOKE: LOC: Got location 42.645009 -74.638396 with 3500.000000 accuracy
Signal: Info:WCDMA dBM:-107 level:1
ETask 9: Configuration:0 Energy:9.20 Power:9.20 Reward:9.20 Time:5022
STOKE: LOC: Got location 42.645009 -74.638396 with 3500.000000 accuracy
Signal: Info:WCDMA dBM:-101 level:2
ETask 10: Configuration:0 Energy:8.00 Power:8.00 Reward:8.00 Time:5017
STOKE: LOC: Got location 42.645009 -74.638396 with 3500.000000 accuracy
Signal: Info:WCDMA dBM:-101 level:2
ETask 11: Configuration:0 Energy:9.50 Power:9.50 Reward:9.50 Time:5019
STOKE: LOC: Got location 42.645009 -74.638396 with 3500.000000 accuracy
ERun: Reward:106.50 PostConfigReward:0.00 Time:55981
==RUN-3==
Signal: Info:WCDMA dBM:-93 level:3
STOKE: LOC: Got location 42.645009 -74.638396 with 3500.000000 accuracy
STOKE: LOC: Got location 42.650150 -74.651937 with 2200.000000 accuracy
Signal: Info:WCDMA dBM:-95 level:3
ETask 1: Configuration:0 Energy:3.60 Power:3.60 Reward:3.60 Time:5026
STOKE: LOC: Got location 42.650150 -74.651937 with 2200.000000 accuracy
Signal: Info:WCDMA dBM:-89 level:4
ETask 2: Configuration:0 Energy:8.10 Power:8.10 Reward:8.10 Time:5013
STOKE: LOC: Got location 42.650150 -74.651937 with 2200.000000 accuracy
Signal: Info:WCDMA dBM:-91 level:3
ETask 3: Configuration:0 Energy:8.10 Power:8.10 Reward:8.10 Time:5016
STOKE: LOC: Got location 42.645009 -74.638396 with 3500.000000 accuracy
Signal: Info:WCDMA dBM:-93 level:3
ETask 4: Configuration:0 Energy:7.60 Power:7.60 Reward:7.60 Time:5015
STOKE: LOC: Got location 42.645009 -74.638396 with 3500.000000 accuracy
Signal: Info:WCDMA dBM:-103 level:2
ETask 5: Configuration:0 Energy:8.70 Power:8.70 Reward:8.70 Time:5019
STOKE: LOC: Got location 42.607800 -74.687796 with 3200.000000 accuracy
Signal: Info:WCDMA dBM:-103 level:2
ETask 6: Configuration:0 Energy:8.10 Power:8.10 Reward:8.10 Time:5008
STOKE: LOC: Got location 42.607800 -74.687796 with 3200.000000 accuracy
Signal: Info:WCDMA dBM:-93 level:3
ETask 7: Configuration:0 Energy:8.40 Power:8.40 Reward:8.40 Time:5011
STOKE: LOC: Got location 42.645009 -74.638396 with 3500.000000 accuracy
Signal: Info:WCDMA dBM:-89 level:4
ETask 8: Configuration:0 Energy:8.50 Power:8.50 Reward:8.50 Time:5019
STOKE: LOC: Got location 42.645009 -74.638396 with 3500.000000 accuracy
Signal: Info:LTE dBM:-103 level:3
ETask 9: Configuration:0 Energy:7.30 Power:7.30 Reward:7.30 Time:5005
STOKE: LOC: Got location 42.631349 -74.654794 with 2099.000000 accuracy
Signal: Info:LTE dBM:-105 level:3
ETask 10: Configuration:0 Energy:8.00 Power:8.00 Reward:8.00 Time:5013
STOKE: LOC: Got location 42.640017 -74.642377 with 3403.000000 accuracy
Signal: Info:LTE dBM:-102 level:3
ETask 11: Configuration:0 Energy:6.50 Power:6.50 Reward:6.50 Time:5020
ERun: Reward:82.90 PostConfigReward:0.00 Time:55637
==RUN-4==
Signal: Info:LTE dBM:-101 level:3
STOKE: LOC: Got location 42.640017 -74.642377 with 3403.000000 accuracy
STOKE: LOC: Got location 42.639431 -74.641324 with 3700.000000 accuracy
Signal: Info:LTE dBM:-101 level:3
ETask 1: Configuration:0 Energy:2.30 Power:2.30 Reward:2.30 Time:5043
STOKE: LOC: Got location 42.640017 -74.642377 with 3403.000000 accuracy
Signal: Info:LTE dBM:-93 level:4
ETask 2: Configuration:0 Energy:4.90 Power:4.90 Reward:4.90 Time:5020
STOKE: LOC: Got location 42.639431 -74.641324 with 3700.000000 accuracy
Signal: Info:LTE dBM:-89 level:4
ETask 3: Configuration:0 Energy:5.80 Power:5.80 Reward:5.80 Time:5019
STOKE: LOC: Got location 42.640579 -74.643154 with 3400.000000 accuracy
Signal: Info:LTE dBM:-88 level:4
ETask 4: Configuration:0 Energy:5.50 Power:5.50 Reward:5.50 Time:5018
STOKE: LOC: Got location 42.639190 -74.652669 with 2400.000000 accuracy
Signal: Info:LTE dBM:-88 level:4
ETask 5: Configuration:0 Energy:4.60 Power:4.60 Reward:4.60 Time:5018
STOKE: LOC: Got location 42.640579 -74.643154 with 3400.000000 accuracy
Signal: Info:LTE dBM:-91 level:4
ETask 6: Configuration:0 Energy:1.30 Power:1.30 Reward:1.30 Time:5019
STOKE: LOC: Got location 42.640579 -74.643154 with 3400.000000 accuracy
Signal: Info:LTE dBM:-94 level:4
ETask 7: Configuration:0 Energy:0.60 Power:0.60 Reward:0.60 Time:5020
STOKE: LOC: Got location 42.640579 -74.643154 with 3400.000000 accuracy
Signal: Info:LTE dBM:-92 level:4
ETask 8: Configuration:0 Energy:2.60 Power:2.60 Reward:2.60 Time:5019
Signal: Info:LTE dBM:-90 level:4
ETask 9: Configuration:0 Energy:1.00 Power:1.00 Reward:1.00 Time:5018
STOKE: LOC: Got location 42.598523 -74.716332 with 3500.000000 accuracy
Signal: Info:LTE dBM:-94 level:4
ETask 10: Configuration:0 Energy:0.80 Power:0.80 Reward:0.80 Time:5016
STOKE: LOC: Got location 42.598523 -74.716332 with 3500.000000 accuracy
Signal: Info:LTE dBM:-92 level:4
ETask 11: Configuration:0 Energy:1.40 Power:1.40 Reward:1.40 Time:5019
ERun: Reward:30.80 PostConfigReward:0.00 Time:55730
==RUN-5==
Signal: Info:LTE dBM:-95 level:4
STOKE: LOC: Got location 42.598523 -74.716332 with 3500.000000 accuracy
STOKE: LOC: Got location 42.593575 -74.743765 with 2599.999023 accuracy
Signal: Info:LTE dBM:-95 level:4
ETask 1: Configuration:0 Energy:2.50 Power:2.50 Reward:2.50 Time:5042
STOKE: LOC: Got location 42.598523 -74.716332 with 3500.000000 accuracy
Signal: Info:LTE dBM:-98 level:3
ETask 2: Configuration:0 Energy:6.10 Power:6.10 Reward:6.10 Time:5020
STOKE: LOC: Got location 42.598523 -74.716332 with 3500.000000 accuracy
Signal: Info:LTE dBM:-100 level:3
ETask 3: Configuration:0 Energy:7.20 Power:7.20 Reward:7.20 Time:5013
STOKE: LOC: Got location 42.598523 -74.716332 with 3500.000000 accuracy
Signal: Info:LTE dBM:-96 level:3
ETask 4: Configuration:0 Energy:7.30 Power:7.30 Reward:7.30 Time:5022
STOKE: LOC: Got location 42.598523 -74.716332 with 3500.000000 accuracy
Signal: Info:LTE dBM:-97 level:3
ETask 5: Configuration:0 Energy:7.60 Power:7.60 Reward:7.60 Time:5021
STOKE: LOC: Got location 42.598523 -74.716332 with 3500.000000 accuracy
Signal: Info:LTE dBM:-95 level:4
ETask 6: Configuration:0 Energy:7.70 Power:7.70 Reward:7.70 Time:5018
STOKE: LOC: Got location 42.598523 -74.716332 with 3500.000000 accuracy
Signal: Info:LTE dBM:-93 level:4
ETask 7: Configuration:0 Energy:8.00 Power:8.00 Reward:8.00 Time:5026
STOKE: LOC: Got location 42.598523 -74.716332 with 3500.000000 accuracy
Signal: Info:LTE dBM:-92 level:4
ETask 8: Configuration:0 Energy:6.50 Power:6.50 Reward:6.50 Time:5022
STOKE: LOC: Got location 42.598523 -74.716332 with 3500.000000 accuracy
Signal: Info:LTE dBM:-92 level:4
ETask 9: Configuration:0 Energy:6.30 Power:6.30 Reward:6.30 Time:5015
STOKE: LOC: Got location 42.598523 -74.716332 with 3500.000000 accuracy
Signal: Info:LTE dBM:-90 level:4
ETask 10: Configuration:0 Energy:5.90 Power:5.90 Reward:5.90 Time:5023
STOKE: LOC: Got location 42.598523 -74.716332 with 3500.000000 accuracy
Signal: Info:LTE dBM:-90 level:4
ETask 11: Configuration:0 Energy:6.30 Power:6.30 Reward:6.30 Time:5019
ERun: Reward:71.40 PostConfigReward:0.00 Time:55851
==RUN-6==
Signal: Info:LTE dBM:-99 level:3
STOKE: LOC: Got location 42.598523 -74.716332 with 3500.000000 accuracy
STOKE: LOC: Got location 42.598523 -74.716332 with 3500.000000 accuracy
Signal: Info:LTE dBM:-101 level:3
ETask 1: Configuration:0 Energy:2.00 Power:2.00 Reward:2.00 Time:5043
STOKE: LOC: Got location 42.594475 -74.739376 with 1299.999023 accuracy
Signal: Info:LTE dBM:-99 level:3
ETask 2: Configuration:0 Energy:5.60 Power:5.60 Reward:5.60 Time:5016
STOKE: LOC: Got location 42.594475 -74.739376 with 1299.999023 accuracy
Signal: Info:LTE dBM:-87 level:4
ETask 3: Configuration:0 Energy:7.10 Power:7.10 Reward:7.10 Time:5024
STOKE: LOC: Got location 42.594475 -74.739376 with 1299.999023 accuracy
Signal: Info:LTE dBM:-87 level:4
ETask 4: Configuration:0 Energy:6.80 Power:6.80 Reward:6.80 Time:5023
STOKE: LOC: Got location 42.594475 -74.739376 with 1299.999023 accuracy
Signal: Info:LTE dBM:-88 level:4
ETask 5: Configuration:0 Energy:6.80 Power:6.80 Reward:6.80 Time:5016
STOKE: LOC: Got location 42.598523 -74.716332 with 3500.000000 accuracy
Signal: Info:LTE dBM:-85 level:4
ETask 6: Configuration:0 Energy:6.70 Power:6.70 Reward:6.70 Time:5023
STOKE: LOC: Got location 42.594475 -74.739376 with 1299.999023 accuracy
Signal: Info:LTE dBM:-85 level:4
ETask 7: Configuration:0 Energy:7.30 Power:7.30 Reward:7.30 Time:5022
STOKE: LOC: Got location 42.594475 -74.739376 with 1299.999023 accuracy
Signal: Info:LTE dBM:-88 level:4
ETask 8: Configuration:0 Energy:6.30 Power:6.30 Reward:6.30 Time:5020
STOKE: LOC: Got location 42.594475 -74.739376 with 1299.999023 accuracy
Signal: Info:LTE dBM:-91 level:4
ETask 9: Configuration:0 Energy:6.30 Power:6.30 Reward:6.30 Time:5014
STOKE: LOC: Got location 42.594475 -74.739376 with 1299.999023 accuracy
Signal: Info:LTE dBM:-91 level:4
ETask 10: Configuration:0 Energy:6.00 Power:6.00 Reward:6.00 Time:5022
STOKE: LOC: Got location 42.594475 -74.739376 with 1299.999023 accuracy
Signal: Info:LTE dBM:-93 level:4
ETask 11: Configuration:0 Energy:6.00 Power:6.00 Reward:6.00 Time:5024
ERun: Reward:66.90 PostConfigReward:0.00 Time:55800
==RUN-7==
Signal: Info:LTE dBM:-95 level:4
STOKE: LOC: Got location 42.598523 -74.716332 with 3500.000000 accuracy
STOKE: LOC: Got location 42.593575 -74.743765 with 2599.999023 accuracy
Signal: Info:LTE dBM:-98 level:3
ETask 1: Configuration:0 Energy:2.50 Power:2.50 Reward:2.50 Time:5044
STOKE: LOC: Got location 42.594475 -74.739376 with 1299.999023 accuracy
Signal: Info:LTE dBM:-94 level:4
ETask 2: Configuration:0 Energy:5.90 Power:5.90 Reward:5.90 Time:5019
STOKE: LOC: Got location 42.594475 -74.739376 with 1299.999023 accuracy
Signal: Info:LTE dBM:-90 level:4
ETask 3: Configuration:0 Energy:7.10 Power:7.10 Reward:7.10 Time:5020
STOKE: LOC: Got location 42.598523 -74.716332 with 3500.000000 accuracy
Signal: Info:LTE dBM:-90 level:4
ETask 4: Configuration:0 Energy:6.80 Power:6.80 Reward:6.80 Time:5021
STOKE: LOC: Got location 42.598523 -74.716332 with 3500.000000 accuracy
Signal: Info:LTE dBM:-95 level:4
ETask 5: Configuration:0 Energy:6.70 Power:6.70 Reward:6.70 Time:5013
STOKE: LOC: Got location 42.598523 -74.716332 with 3500.000000 accuracy
Signal: Info:LTE dBM:-94 level:4
ETask 6: Configuration:0 Energy:6.70 Power:6.70 Reward:6.70 Time:5022
STOKE: LOC: Got location 42.598523 -74.716332 with 3500.000000 accuracy
Signal: Info:LTE dBM:-93 level:4
ETask 7: Configuration:0 Energy:7.40 Power:7.40 Reward:7.40 Time:5019
STOKE: LOC: Got location 42.598523 -74.716332 with 3500.000000 accuracy
Signal: Info:LTE dBM:-93 level:4
ETask 8: Configuration:0 Energy:6.20 Power:6.20 Reward:6.20 Time:5016
STOKE: LOC: Got location 42.598523 -74.716332 with 3500.000000 accuracy
Signal: Info:LTE dBM:-89 level:4
ETask 9: Configuration:0 Energy:6.30 Power:6.30 Reward:6.30 Time:5020
STOKE: LOC: Got location 42.598523 -74.716332 with 3500.000000 accuracy
Signal: Info:LTE dBM:-93 level:4
ETask 10: Configuration:0 Energy:6.00 Power:6.00 Reward:6.00 Time:5019
STOKE: LOC: Got location 42.598523 -74.716332 with 3500.000000 accuracy
Signal: Info:LTE dBM:-101 level:3
ETask 11: Configuration:0 Energy:6.00 Power:6.00 Reward:6.00 Time:5016
ERun: Reward:67.60 PostConfigReward:0.00 Time:55847
==RUN-8==
Signal: Info:LTE dBM:-96 level:3
STOKE: LOC: Got location 42.587790 -74.740839 with 2900.000000 accuracy
STOKE: LOC: Got location 42.587341 -74.739742 with 3099.999023 accuracy
Signal: Info:LTE dBM:-97 level:3
ETask 1: Configuration:0 Energy:3.20 Power:3.20 Reward:3.20 Time:5043
STOKE: LOC: Got location 42.587790 -74.740839 with 2900.000000 accuracy
Signal: Info:LTE dBM:-98 level:3
ETask 2: Configuration:0 Energy:7.20 Power:7.20 Reward:7.20 Time:5018
STOKE: LOC: Got location 42.587790 -74.740839 with 2900.000000 accuracy
Signal: Info:LTE dBM:-100 level:3
ETask 3: Configuration:0 Energy:11.30 Power:11.30 Reward:11.30 Time:5016
STOKE: LOC: Got location 42.587790 -74.740839 with 2900.000000 accuracy
Signal: Info:LTE dBM:-107 level:2
ETask 4: Configuration:0 Energy:9.50 Power:9.50 Reward:9.50 Time:5009
STOKE: LOC: Got location 42.587790 -74.740839 with 2900.000000 accuracy
Signal: Info:LTE dBM:-112 level:2
ETask 5: Configuration:0 Energy:9.30 Power:9.30 Reward:9.30 Time:5016
STOKE: LOC: Got location 42.587790 -74.740839 with 2900.000000 accuracy
Signal: Info:LTE dBM:-112 level:2
ETask 6: Configuration:0 Energy:9.70 Power:9.70 Reward:9.70 Time:5012
STOKE: LOC: Got location 42.587790 -74.740839 with 2900.000000 accuracy
Signal: Info:LTE dBM:-108 level:2
ETask 7: Configuration:0 Energy:9.50 Power:9.50 Reward:9.50 Time:5020
STOKE: LOC: Got location 42.577461 -74.761951 with 3332.000000 accuracy
Signal: Info:LTE dBM:-106 level:2
ETask 8: Configuration:0 Energy:9.20 Power:9.20 Reward:9.20 Time:5013
STOKE: LOC: Got location 42.562437 -74.794206 with 5206.000000 accuracy
Signal: Info:LTE dBM:-108 level:2
ETask 9: Configuration:0 Energy:10.00 Power:10.00 Reward:10.00 Time:5011
STOKE: LOC: Got location 42.587790 -74.740839 with 2900.000000 accuracy
Signal: Info:LTE dBM:-102 level:3
ETask 10: Configuration:0 Energy:9.70 Power:9.70 Reward:9.70 Time:5011
STOKE: LOC: Got location 42.593023 -74.750714 with 800.000000 accuracy
Signal: Info:LTE dBM:-92 level:4
ETask 11: Configuration:0 Energy:9.40 Power:9.40 Reward:9.40 Time:5016
STOKE: LOC: Got location 42.578804 -74.763001 with 4174.000000 accuracy
ERun: Reward:98.00 PostConfigReward:0.00 Time:56852
==RUN-9==
Signal: Info:LTE dBM:-103 level:3
STOKE: LOC: Got location 42.556626 -74.807582 with 5247.000000 accuracy
STOKE: LOC: Got location 42.587341 -74.739742 with 3099.999023 accuracy
Signal: Info:LTE dBM:-102 level:3
ETask 1: Configuration:0 Energy:3.50 Power:3.50 Reward:3.50 Time:5109
STOKE: LOC: Got location 42.584785 -74.760589 with 1600.000000 accuracy
Signal: Info:LTE dBM:-103 level:3
ETask 2: Configuration:0 Energy:7.60 Power:7.60 Reward:7.60 Time:5020
STOKE: LOC: Got location 42.584785 -74.760589 with 1600.000000 accuracy
Signal: Info:LTE dBM:-113 level:2
ETask 3: Configuration:0 Energy:9.60 Power:9.60 Reward:9.60 Time:5018
STOKE: LOC: Got location 42.587790 -74.740839 with 2900.000000 accuracy
Signal: Info:LTE dBM:-125 level:1
ETask 4: Configuration:0 Energy:9.80 Power:9.80 Reward:9.80 Time:5013
STOKE: LOC: Got location 42.587790 -74.740839 with 2900.000000 accuracy
ETask 5: Configuration:0 Energy:10.30 Power:10.30 Reward:10.30 Time:5010
STOKE: LOC: Got location 42.587341 -74.739742 with 3099.999023 accuracy
ETask 6: Configuration:0 Energy:11.20 Power:11.20 Reward:11.20 Time:5012
STOKE: LOC: Got location 42.587341 -74.739742 with 3099.999023 accuracy
ETask 7: Configuration:0 Energy:11.30 Power:11.30 Reward:11.30 Time:5011
STOKE: LOC: Got location 42.587341 -74.739742 with 3099.999023 accuracy
ETask 8: Configuration:0 Energy:11.90 Power:11.90 Reward:11.90 Time:5012
STOKE: LOC: Got location 42.587341 -74.739742 with 3099.999023 accuracy
ETask 9: Configuration:0 Energy:9.80 Power:9.80 Reward:9.80 Time:5014
STOKE: LOC: Got location 42.587341 -74.739742 with 3099.999023 accuracy
ETask 10: Configuration:0 Energy:9.50 Power:9.50 Reward:9.50 Time:5015
STOKE: LOC: Got location 42.560483 -74.800144 with 5764.000000 accuracy
Signal: Info:WCDMA dBM:-97 level:3
ETask 11: Configuration:0 Energy:9.80 Power:9.80 Reward:9.80 Time:5016
STOKE: LOC: Got location 42.564309 -74.777411 with 2599.999023 accuracy
ERun: Reward:104.30 PostConfigReward:0.00 Time:56977
