==RUN-0==
Signal: Info:LTE dBM:-107 level:2
STOKE: LOC: Got location 42.167425 -75.760424 with 7.000000 accuracy
STOKE: LOC: Got location 42.165790 -75.763813 with 14.000000 accuracy
STOKE: LOC: Got location 42.165598 -75.764259 with 12.000000 accuracy
Signal: Info:LTE dBM:-102 level:3
ETask 1: Configuration:0 Energy:2.60 Power:2.60 Reward:2.60 Time:5047
STOKE: LOC: Got location 42.165508 -75.764505 with 9.000000 accuracy
STOKE: LOC: Got location 42.165384 -75.764685 with 8.000000 accuracy
STOKE: LOC: Got location 42.165295 -75.764938 with 7.000000 accuracy
STOKE: LOC: Got location 42.165218 -75.765216 with 7.000000 accuracy
STOKE: LOC: Got location 42.165154 -75.765515 with 6.000000 accuracy
Signal: Info:LTE dBM:-101 level:3
ETask 2: Configuration:0 Energy:6.20 Power:6.20 Reward:6.20 Time:5014
STOKE: LOC: Got location 42.165056 -75.765782 with 5.000000 accuracy
STOKE: LOC: Got location 42.164966 -75.766031 with 5.000000 accuracy
STOKE: LOC: Got location 42.164884 -75.766299 with 4.000000 accuracy
STOKE: LOC: Got location 42.164780 -75.766575 with 4.000000 accuracy
STOKE: LOC: Got location 42.164684 -75.766838 with 4.000000 accuracy
Signal: Info:LTE dBM:-105 level:3
ETask 3: Configuration:0 Energy:8.00 Power:8.00 Reward:8.00 Time:5011
STOKE: LOC: Got location 42.164616 -75.767131 with 4.000000 accuracy
STOKE: LOC: Got location 42.164544 -75.767422 with 5.000000 accuracy
STOKE: LOC: Got location 42.164415 -75.767688 with 5.000000 accuracy
STOKE: LOC: Got location 42.164348 -75.767974 with 5.000000 accuracy
STOKE: LOC: Got location 42.164257 -75.768259 with 5.000000 accuracy
Signal: Info:LTE dBM:-105 level:3
ETask 4: Configuration:0 Energy:9.50 Power:9.50 Reward:9.50 Time:5015
STOKE: LOC: Got location 42.164162 -75.768517 with 4.000000 accuracy
STOKE: LOC: Got location 42.164079 -75.768783 with 4.000000 accuracy
STOKE: LOC: Got location 42.163970 -75.769038 with 4.000000 accuracy
STOKE: LOC: Got location 42.163888 -75.769302 with 4.000000 accuracy
STOKE: LOC: Got location 42.163808 -75.769550 with 4.000000 accuracy
Signal: Info:LTE dBM:-96 level:3
ETask 5: Configuration:0 Energy:7.90 Power:7.90 Reward:7.90 Time:5017
STOKE: LOC: Got location 42.163721 -75.769808 with 4.000000 accuracy
STOKE: LOC: Got location 42.163642 -75.770068 with 3.000000 accuracy
STOKE: LOC: Got location 42.163555 -75.770322 with 3.000000 accuracy
STOKE: LOC: Got location 42.163470 -75.770577 with 3.000000 accuracy
STOKE: LOC: Got location 42.163379 -75.770843 with 3.000000 accuracy
Signal: Info:LTE dBM:-96 level:3
ETask 6: Configuration:0 Energy:7.80 Power:7.80 Reward:7.80 Time:5015
STOKE: LOC: Got location 42.163284 -75.771096 with 3.000000 accuracy
STOKE: LOC: Got location 42.163198 -75.771354 with 3.000000 accuracy
STOKE: LOC: Got location 42.163104 -75.771619 with 3.000000 accuracy
STOKE: LOC: Got location 42.163007 -75.771891 with 3.000000 accuracy
STOKE: LOC: Got location 42.162909 -75.772157 with 3.000000 accuracy
Signal: Info:LTE dBM:-97 level:3
ETask 7: Configuration:0 Energy:7.10 Power:7.10 Reward:7.10 Time:5011
STOKE: LOC: Got location 42.162827 -75.772438 with 3.000000 accuracy
STOKE: LOC: Got location 42.162738 -75.772721 with 3.000000 accuracy
STOKE: LOC: Got location 42.162646 -75.772991 with 4.000000 accuracy
STOKE: LOC: Got location 42.162542 -75.773255 with 4.000000 accuracy
STOKE: LOC: Got location 42.162452 -75.773543 with 4.000000 accuracy
Signal: Info:LTE dBM:-98 level:3
ETask 8: Configuration:0 Energy:7.20 Power:7.20 Reward:7.20 Time:5014
STOKE: LOC: Got location 42.162365 -75.773823 with 5.000000 accuracy
STOKE: LOC: Got location 42.162277 -75.774107 with 4.000000 accuracy
STOKE: LOC: Got location 42.162175 -75.774380 with 4.000000 accuracy
STOKE: LOC: Got location 42.162081 -75.774670 with 4.000000 accuracy
STOKE: LOC: Got location 42.161979 -75.774964 with 4.000000 accuracy
Signal: Info:LTE dBM:-104 level:3
ETask 9: Configuration:0 Energy:7.30 Power:7.30 Reward:7.30 Time:5016
STOKE: LOC: Got location 42.161883 -75.775248 with 3.000000 accuracy
STOKE: LOC: Got location 42.161790 -75.775530 with 3.000000 accuracy
STOKE: LOC: Got location 42.161693 -75.775817 with 3.000000 accuracy
STOKE: LOC: Got location 42.161608 -75.776102 with 3.000000 accuracy
STOKE: LOC: Got location 42.161522 -75.776371 with 3.000000 accuracy
Signal: Info:LTE dBM:-104 level:3
ETask 10: Configuration:0 Energy:7.00 Power:7.00 Reward:7.00 Time:5013
STOKE: LOC: Got location 42.161434 -75.776647 with 3.000000 accuracy
STOKE: LOC: Got location 42.161358 -75.776931 with 3.000000 accuracy
STOKE: LOC: Got location 42.161273 -75.777216 with 3.000000 accuracy
STOKE: LOC: Got location 42.161200 -75.777513 with 4.000000 accuracy
STOKE: LOC: Got location 42.161141 -75.777814 with 4.000000 accuracy
Signal: Info:LTE dBM:-103 level:3
ETask 11: Configuration:0 Energy:6.90 Power:6.90 Reward:6.90 Time:5014
STOKE: LOC: Got location 42.161102 -75.778114 with 4.000000 accuracy
ERun: Reward:77.50 PostConfigReward:0.00 Time:55601
==RUN-1==
Signal: Info:LTE dBM:-119 level:1
STOKE: LOC: Got location 42.160783 -75.780350 with 7.000000 accuracy
STOKE: LOC: Got location 42.160437 -75.783325 with 24.000000 accuracy
STOKE: LOC: Got location 42.160395 -75.783570 with 17.000000 accuracy
Signal: Info:LTE dBM:-114 level:2
ETask 1: Configuration:0 Energy:3.50 Power:3.50 Reward:3.50 Time:5043
STOKE: LOC: Got location 42.160326 -75.783796 with 11.000000 accuracy
STOKE: LOC: Got location 42.160292 -75.784068 with 10.000000 accuracy
STOKE: LOC: Got location 42.160253 -75.784364 with 7.000000 accuracy
STOKE: LOC: Got location 42.160209 -75.784625 with 7.000000 accuracy
STOKE: LOC: Got location 42.160164 -75.784910 with 6.000000 accuracy
Signal: Info:LTE dBM:-120 level:1
ETask 2: Configuration:0 Energy:6.90 Power:6.90 Reward:6.90 Time:5014
STOKE: LOC: Got location 42.160145 -75.785209 with 6.000000 accuracy
STOKE: LOC: Got location 42.160090 -75.785512 with 6.000000 accuracy
STOKE: LOC: Got location 42.160045 -75.785773 with 5.000000 accuracy
STOKE: LOC: Got location 42.160020 -75.786021 with 5.000000 accuracy
STOKE: LOC: Got location 42.159961 -75.786278 with 5.000000 accuracy
Signal: Info:LTE dBM:-114 level:2
ETask 3: Configuration:0 Energy:8.80 Power:8.80 Reward:8.80 Time:5013
STOKE: LOC: Got location 42.159928 -75.786555 with 5.000000 accuracy
STOKE: LOC: Got location 42.159884 -75.786780 with 6.000000 accuracy
STOKE: LOC: Got location 42.159832 -75.787062 with 6.000000 accuracy
STOKE: LOC: Got location 42.159794 -75.787284 with 6.000000 accuracy
STOKE: LOC: Got location 42.159762 -75.787553 with 6.000000 accuracy
Signal: Info:LTE dBM:-117 level:1
ETask 4: Configuration:0 Energy:8.50 Power:8.50 Reward:8.50 Time:5012
STOKE: LOC: Got location 42.159704 -75.787856 with 6.000000 accuracy
STOKE: LOC: Got location 42.159657 -75.788144 with 6.000000 accuracy
STOKE: LOC: Got location 42.159619 -75.788454 with 6.000000 accuracy
STOKE: LOC: Got location 42.159587 -75.788712 with 6.000000 accuracy
STOKE: LOC: Got location 42.159554 -75.788993 with 5.000000 accuracy
Signal: Info:LTE dBM:-115 level:2
ETask 5: Configuration:0 Energy:8.50 Power:8.50 Reward:8.50 Time:5015
STOKE: LOC: Got location 42.159506 -75.789318 with 5.000000 accuracy
STOKE: LOC: Got location 42.159474 -75.789610 with 5.000000 accuracy
STOKE: LOC: Got location 42.159432 -75.789899 with 4.000000 accuracy
STOKE: LOC: Got location 42.159384 -75.790218 with 4.000000 accuracy
STOKE: LOC: Got location 42.159333 -75.790546 with 4.000000 accuracy
Signal: Info:LTE dBM:-113 level:2
ETask 6: Configuration:0 Energy:8.50 Power:8.50 Reward:8.50 Time:5012
STOKE: LOC: Got location 42.159298 -75.790838 with 4.000000 accuracy
STOKE: LOC: Got location 42.159250 -75.791165 with 5.000000 accuracy
STOKE: LOC: Got location 42.159190 -75.791466 with 5.000000 accuracy
STOKE: LOC: Got location 42.159158 -75.791791 with 5.000000 accuracy
STOKE: LOC: Got location 42.159125 -75.792107 with 5.000000 accuracy
Signal: Info:LTE dBM:-115 level:2
ETask 7: Configuration:0 Energy:7.70 Power:7.70 Reward:7.70 Time:5011
STOKE: LOC: Got location 42.159083 -75.792427 with 5.000000 accuracy
STOKE: LOC: Got location 42.159038 -75.792723 with 6.000000 accuracy
STOKE: LOC: Got location 42.158997 -75.793033 with 6.000000 accuracy
STOKE: LOC: Got location 42.158948 -75.793350 with 6.000000 accuracy
STOKE: LOC: Got location 42.158916 -75.793666 with 5.000000 accuracy
Signal: Info:LTE dBM:-112 level:2
ETask 8: Configuration:0 Energy:7.30 Power:7.30 Reward:7.30 Time:5011
STOKE: LOC: Got location 42.158876 -75.793979 with 5.000000 accuracy
STOKE: LOC: Got location 42.158839 -75.794309 with 5.000000 accuracy
STOKE: LOC: Got location 42.158796 -75.794633 with 6.000000 accuracy
STOKE: LOC: Got location 42.158754 -75.794980 with 6.000000 accuracy
STOKE: LOC: Got location 42.158716 -75.795316 with 6.000000 accuracy
Signal: Info:LTE dBM:-110 level:2
ETask 9: Configuration:0 Energy:9.00 Power:9.00 Reward:9.00 Time:5013
STOKE: LOC: Got location 42.158690 -75.795645 with 6.000000 accuracy
STOKE: LOC: Got location 42.158658 -75.795977 with 5.000000 accuracy
STOKE: LOC: Got location 42.158598 -75.796282 with 5.000000 accuracy
STOKE: LOC: Got location 42.158555 -75.796583 with 6.000000 accuracy
STOKE: LOC: Got location 42.158522 -75.796893 with 6.000000 accuracy
Signal: Info:LTE dBM:-107 level:2
ETask 10: Configuration:0 Energy:7.00 Power:7.00 Reward:7.00 Time:5012
STOKE: LOC: Got location 42.158487 -75.797206 with 6.000000 accuracy
STOKE: LOC: Got location 42.158462 -75.797526 with 8.000000 accuracy
STOKE: LOC: Got location 42.158417 -75.797793 with 8.000000 accuracy
STOKE: LOC: Got location 42.158366 -75.798111 with 6.000000 accuracy
STOKE: LOC: Got location 42.158331 -75.798410 with 6.000000 accuracy
Signal: Info:LTE dBM:-104 level:3
ETask 11: Configuration:0 Energy:6.80 Power:6.80 Reward:6.80 Time:5017
ERun: Reward:82.50 PostConfigReward:0.00 Time:55600
==RUN-2==
Signal: Info:LTE dBM:-96 level:3
STOKE: LOC: Got location 42.157986 -75.801271 with 10.000000 accuracy
STOKE: LOC: Got location 42.157631 -75.805679 with 47.000000 accuracy
STOKE: LOC: Got location 42.157554 -75.806045 with 15.000000 accuracy
Signal: Info:LTE dBM:-98 level:3
ETask 1: Configuration:0 Energy:1.70 Power:1.70 Reward:1.70 Time:5067
STOKE: LOC: Got location 42.157446 -75.806226 with 10.000000 accuracy
STOKE: LOC: Got location 42.157494 -75.806541 with 7.000000 accuracy
STOKE: LOC: Got location 42.157538 -75.806818 with 7.000000 accuracy
STOKE: LOC: Got location 42.157587 -75.807133 with 7.000000 accuracy
STOKE: LOC: Got location 42.157683 -75.807446 with 6.000000 accuracy
Signal: Info:LTE dBM:-93 level:4
ETask 2: Configuration:0 Energy:5.00 Power:5.00 Reward:5.00 Time:5015
STOKE: LOC: Got location 42.157765 -75.807775 with 5.000000 accuracy
STOKE: LOC: Got location 42.157826 -75.808044 with 5.000000 accuracy
STOKE: LOC: Got location 42.157871 -75.808310 with 6.000000 accuracy
STOKE: LOC: Got location 42.157946 -75.808586 with 7.000000 accuracy
STOKE: LOC: Got location 42.157993 -75.808813 with 8.000000 accuracy
Signal: Info:LTE dBM:-86 level:4
ETask 3: Configuration:0 Energy:7.00 Power:7.00 Reward:7.00 Time:5010
STOKE: LOC: Got location 42.158033 -75.808994 with 9.000000 accuracy
STOKE: LOC: Got location 42.158033 -75.809222 with 10.000000 accuracy
STOKE: LOC: Got location 42.158185 -75.809471 with 12.000000 accuracy
STOKE: LOC: Got location 42.158349 -75.809751 with 12.000000 accuracy
STOKE: LOC: Got location 42.158423 -75.809966 with 12.000000 accuracy
Signal: Info:LTE dBM:-88 level:4
ETask 4: Configuration:0 Energy:7.00 Power:7.00 Reward:7.00 Time:5009
STOKE: LOC: Got location 42.158591 -75.810212 with 12.000000 accuracy
STOKE: LOC: Got location 42.158754 -75.810450 with 12.000000 accuracy
STOKE: LOC: Got location 42.158922 -75.810700 with 12.000000 accuracy
STOKE: LOC: Got location 42.159068 -75.810941 with 10.000000 accuracy
STOKE: LOC: Got location 42.159213 -75.811204 with 10.000000 accuracy
Signal: Info:LTE dBM:-88 level:4
ETask 5: Configuration:0 Energy:8.30 Power:8.30 Reward:8.30 Time:5012
STOKE: LOC: Got location 42.159364 -75.811440 with 11.000000 accuracy
STOKE: LOC: Got location 42.159478 -75.811730 with 9.000000 accuracy
STOKE: LOC: Got location 42.159611 -75.812006 with 9.000000 accuracy
STOKE: LOC: Got location 42.159734 -75.812248 with 10.000000 accuracy
STOKE: LOC: Got location 42.159844 -75.812508 with 12.000000 accuracy
Signal: Info:LTE dBM:-91 level:4
ETask 6: Configuration:0 Energy:7.40 Power:7.40 Reward:7.40 Time:5013
STOKE: LOC: Got location 42.159963 -75.812757 with 11.000000 accuracy
STOKE: LOC: Got location 42.160084 -75.813027 with 10.000000 accuracy
STOKE: LOC: Got location 42.160225 -75.813288 with 11.000000 accuracy
STOKE: LOC: Got location 42.160359 -75.813556 with 12.000000 accuracy
STOKE: LOC: Got location 42.160500 -75.813843 with 14.000000 accuracy
Signal: Info:LTE dBM:-93 level:4
ETask 7: Configuration:0 Energy:6.80 Power:6.80 Reward:6.80 Time:5013
STOKE: LOC: Got location 42.160622 -75.814106 with 15.000000 accuracy
STOKE: LOC: Got location 42.160799 -75.814408 with 14.000000 accuracy
STOKE: LOC: Got location 42.160866 -75.814637 with 11.000000 accuracy
STOKE: LOC: Got location 42.160990 -75.814901 with 10.000000 accuracy
STOKE: LOC: Got location 42.161147 -75.815199 with 12.000000 accuracy
Signal: Info:LTE dBM:-92 level:4
ETask 8: Configuration:0 Energy:6.50 Power:6.50 Reward:6.50 Time:5013
STOKE: LOC: Got location 42.161237 -75.815458 with 12.000000 accuracy
STOKE: LOC: Got location 42.161412 -75.815750 with 12.000000 accuracy
STOKE: LOC: Got location 42.161478 -75.815983 with 13.000000 accuracy
STOKE: LOC: Got location 42.161617 -75.816250 with 15.000000 accuracy
STOKE: LOC: Got location 42.161765 -75.816546 with 16.000000 accuracy
Signal: Info:LTE dBM:-90 level:4
ETask 9: Configuration:0 Energy:6.90 Power:6.90 Reward:6.90 Time:5011
STOKE: LOC: Got location 42.161977 -75.816855 with 15.000000 accuracy
STOKE: LOC: Got location 42.162049 -75.817097 with 13.000000 accuracy
STOKE: LOC: Got location 42.162146 -75.817351 with 11.000000 accuracy
STOKE: LOC: Got location 42.162222 -75.817586 with 11.000000 accuracy
STOKE: LOC: Got location 42.162317 -75.817843 with 12.000000 accuracy
Signal: Info:LTE dBM:-93 level:4
ETask 10: Configuration:0 Energy:6.50 Power:6.50 Reward:6.50 Time:5015
STOKE: LOC: Got location 42.162458 -75.818115 with 13.000000 accuracy
STOKE: LOC: Got location 42.162617 -75.818401 with 11.000000 accuracy
STOKE: LOC: Got location 42.162722 -75.818645 with 10.000000 accuracy
STOKE: LOC: Got location 42.162826 -75.818904 with 8.000000 accuracy
STOKE: LOC: Got location 42.162936 -75.819188 with 7.000000 accuracy
Signal: Info:LTE dBM:-89 level:4
ETask 11: Configuration:0 Energy:6.40 Power:6.40 Reward:6.40 Time:5014
ERun: Reward:69.50 PostConfigReward:0.00 Time:55572
==RUN-3==
Signal: Info:LTE dBM:-92 level:4
STOKE: LOC: Got location 42.164049 -75.821599 with 8.000000 accuracy
STOKE: LOC: Got location 42.165284 -75.825400 with 30.000000 accuracy
STOKE: LOC: Got location 42.165594 -75.825706 with 19.000000 accuracy
Signal: Info:LTE dBM:-98 level:3
ETask 1: Configuration:0 Energy:2.10 Power:2.10 Reward:2.10 Time:5047
STOKE: LOC: Got location 42.165672 -75.826069 with 15.000000 accuracy
STOKE: LOC: Got location 42.165743 -75.826364 with 12.000000 accuracy
STOKE: LOC: Got location 42.165798 -75.826658 with 12.000000 accuracy
STOKE: LOC: Got location 42.165881 -75.826981 with 11.000000 accuracy
STOKE: LOC: Got location 42.165886 -75.827166 with 9.000000 accuracy
Signal: Info:LTE dBM:-107 level:2
ETask 2: Configuration:0 Energy:5.40 Power:5.40 Reward:5.40 Time:5014
STOKE: LOC: Got location 42.165934 -75.827420 with 8.000000 accuracy
STOKE: LOC: Got location 42.166020 -75.827722 with 9.000000 accuracy
STOKE: LOC: Got location 42.166102 -75.828073 with 8.000000 accuracy
STOKE: LOC: Got location 42.166174 -75.828393 with 8.000000 accuracy
STOKE: LOC: Got location 42.166288 -75.828703 with 8.000000 accuracy
Signal: Info:LTE dBM:-114 level:2
ETask 3: Configuration:0 Energy:7.00 Power:7.00 Reward:7.00 Time:5014
STOKE: LOC: Got location 42.166363 -75.829014 with 8.000000 accuracy
STOKE: LOC: Got location 42.166456 -75.829344 with 8.000000 accuracy
STOKE: LOC: Got location 42.166485 -75.829616 with 8.000000 accuracy
STOKE: LOC: Got location 42.166514 -75.829906 with 8.000000 accuracy
STOKE: LOC: Got location 42.166552 -75.830187 with 7.000000 accuracy
Signal: Info:LTE dBM:-108 level:2
ETask 4: Configuration:0 Energy:7.40 Power:7.40 Reward:7.40 Time:5017
STOKE: LOC: Got location 42.166649 -75.830454 with 7.000000 accuracy
STOKE: LOC: Got location 42.166720 -75.830739 with 7.000000 accuracy
STOKE: LOC: Got location 42.166799 -75.831061 with 6.000000 accuracy
STOKE: LOC: Got location 42.166856 -75.831367 with 6.000000 accuracy
STOKE: LOC: Got location 42.166935 -75.831664 with 6.000000 accuracy
Signal: Info:LTE dBM:-101 level:3
ETask 5: Configuration:0 Energy:7.20 Power:7.20 Reward:7.20 Time:5018
STOKE: LOC: Got location 42.167041 -75.831945 with 5.000000 accuracy
STOKE: LOC: Got location 42.167135 -75.832245 with 5.000000 accuracy
STOKE: LOC: Got location 42.167205 -75.832576 with 6.000000 accuracy
STOKE: LOC: Got location 42.167236 -75.832900 with 6.000000 accuracy
STOKE: LOC: Got location 42.167255 -75.833222 with 6.000000 accuracy
Signal: Info:LTE dBM:-102 level:3
ETask 6: Configuration:0 Energy:7.40 Power:7.40 Reward:7.40 Time:5017
STOKE: LOC: Got location 42.167257 -75.833540 with 7.000000 accuracy
STOKE: LOC: Got location 42.167256 -75.833847 with 7.000000 accuracy
STOKE: LOC: Got location 42.167228 -75.834146 with 7.000000 accuracy
STOKE: LOC: Got location 42.167222 -75.834457 with 8.000000 accuracy
STOKE: LOC: Got location 42.167169 -75.834756 with 7.000000 accuracy
Signal: Info:LTE dBM:-114 level:2
ETask 7: Configuration:0 Energy:6.90 Power:6.90 Reward:6.90 Time:5016
STOKE: LOC: Got location 42.167133 -75.835048 with 7.000000 accuracy
STOKE: LOC: Got location 42.167076 -75.835353 with 8.000000 accuracy
STOKE: LOC: Got location 42.167010 -75.835659 with 9.000000 accuracy
STOKE: LOC: Got location 42.166923 -75.835941 with 9.000000 accuracy
STOKE: LOC: Got location 42.166806 -75.836219 with 9.000000 accuracy
Signal: Info:LTE dBM:-112 level:2
ETask 8: Configuration:0 Energy:6.40 Power:6.40 Reward:6.40 Time:5016
STOKE: LOC: Got location 42.166658 -75.836467 with 7.000000 accuracy
STOKE: LOC: Got location 42.166535 -75.836721 with 8.000000 accuracy
STOKE: LOC: Got location 42.166390 -75.837002 with 8.000000 accuracy
STOKE: LOC: Got location 42.166245 -75.837197 with 8.000000 accuracy
STOKE: LOC: Got location 42.166133 -75.837405 with 9.000000 accuracy
Signal: Info:LTE dBM:-109 level:2
ETask 9: Configuration:0 Energy:6.80 Power:6.80 Reward:6.80 Time:5017
STOKE: LOC: Got location 42.165953 -75.837603 with 7.000000 accuracy
STOKE: LOC: Got location 42.165778 -75.837815 with 7.000000 accuracy
STOKE: LOC: Got location 42.165593 -75.838018 with 7.000000 accuracy
STOKE: LOC: Got location 42.165411 -75.838225 with 6.000000 accuracy
STOKE: LOC: Got location 42.165224 -75.838424 with 6.000000 accuracy
Signal: Info:LTE dBM:-117 level:1
ETask 10: Configuration:0 Energy:6.50 Power:6.50 Reward:6.50 Time:5014
STOKE: LOC: Got location 42.165040 -75.838634 with 6.000000 accuracy
STOKE: LOC: Got location 42.164866 -75.838834 with 6.000000 accuracy
STOKE: LOC: Got location 42.164686 -75.839043 with 5.000000 accuracy
STOKE: LOC: Got location 42.164520 -75.839245 with 5.000000 accuracy
STOKE: LOC: Got location 42.164350 -75.839464 with 5.000000 accuracy
Signal: Info:LTE dBM:-129 level:1
ETask 11: Configuration:0 Energy:6.20 Power:6.20 Reward:6.20 Time:5016
ERun: Reward:69.30 PostConfigReward:0.00 Time:55495
==RUN-4==
Signal: Info:WCDMA dBM:-99 level:2
STOKE: LOC: Got location 42.162819 -75.841407 with 9.000000 accuracy
STOKE: LOC: Got location 42.160920 -75.844136 with 16.000000 accuracy
STOKE: LOC: Got location 42.160802 -75.844717 with 13.000000 accuracy
STOKE: LOC: Got location 42.160695 -75.845060 with 11.000000 accuracy
Signal: Info:WCDMA dBM:-85 level:4
ETask 1: Configuration:0 Energy:2.90 Power:2.90 Reward:2.90 Time:5031
STOKE: LOC: Got location 42.160624 -75.845369 with 10.000000 accuracy
STOKE: LOC: Got location 42.160545 -75.845631 with 10.000000 accuracy
STOKE: LOC: Got location 42.160467 -75.845957 with 12.000000 accuracy
STOKE: LOC: Got location 42.160437 -75.846216 with 10.000000 accuracy
STOKE: LOC: Got location 42.160400 -75.846565 with 9.000000 accuracy
Signal: Info:WCDMA dBM:-93 level:3
ETask 2: Configuration:0 Energy:7.20 Power:7.20 Reward:7.20 Time:5016
STOKE: LOC: Got location 42.160345 -75.846853 with 8.000000 accuracy
STOKE: LOC: Got location 42.160309 -75.847177 with 8.000000 accuracy
STOKE: LOC: Got location 42.160259 -75.847469 with 8.000000 accuracy
STOKE: LOC: Got location 42.160220 -75.847786 with 7.000000 accuracy
STOKE: LOC: Got location 42.160188 -75.848079 with 6.000000 accuracy
Signal: Info:WCDMA dBM:-95 level:3
ETask 3: Configuration:0 Energy:8.70 Power:8.70 Reward:8.70 Time:5014
STOKE: LOC: Got location 42.160143 -75.848368 with 7.000000 accuracy
STOKE: LOC: Got location 42.160108 -75.848625 with 7.000000 accuracy
STOKE: LOC: Got location 42.160055 -75.848942 with 9.000000 accuracy
STOKE: LOC: Got location 42.160029 -75.849246 with 11.000000 accuracy
STOKE: LOC: Got location 42.160029 -75.849576 with 11.000000 accuracy
Signal: Info:WCDMA dBM:-77 level:4
ETask 4: Configuration:0 Energy:8.80 Power:8.80 Reward:8.80 Time:5013
STOKE: LOC: Got location 42.160058 -75.849903 with 12.000000 accuracy
STOKE: LOC: Got location 42.160070 -75.850229 with 10.000000 accuracy
STOKE: LOC: Got location 42.160060 -75.850547 with 9.000000 accuracy
STOKE: LOC: Got location 42.160051 -75.850860 with 9.000000 accuracy
STOKE: LOC: Got location 42.160039 -75.851187 with 10.000000 accuracy
Signal: Info:WCDMA dBM:-75 level:4
ETask 5: Configuration:0 Energy:9.10 Power:9.10 Reward:9.10 Time:5012
STOKE: LOC: Got location 42.160078 -75.851492 with 8.000000 accuracy
STOKE: LOC: Got location 42.160192 -75.851806 with 8.000000 accuracy
STOKE: LOC: Got location 42.160197 -75.852102 with 8.000000 accuracy
STOKE: LOC: Got location 42.160221 -75.852399 with 10.000000 accuracy
STOKE: LOC: Got location 42.160243 -75.852709 with 12.000000 accuracy
Signal: Info:WCDMA dBM:-77 level:4
ETask 6: Configuration:0 Energy:10.60 Power:10.60 Reward:10.60 Time:5012
STOKE: LOC: Got location 42.160296 -75.853007 with 14.000000 accuracy
STOKE: LOC: Got location 42.160376 -75.853321 with 11.000000 accuracy
STOKE: LOC: Got location 42.160455 -75.853678 with 10.000000 accuracy
STOKE: LOC: Got location 42.160493 -75.854030 with 10.000000 accuracy
STOKE: LOC: Got location 42.160572 -75.854368 with 9.000000 accuracy
Signal: Info:LTE dBM:-105 level:3
ETask 7: Configuration:0 Energy:8.50 Power:8.50 Reward:8.50 Time:5016
STOKE: LOC: Got location 42.160649 -75.854706 with 10.000000 accuracy
STOKE: LOC: Got location 42.160688 -75.855019 with 9.000000 accuracy
STOKE: LOC: Got location 42.160718 -75.855346 with 10.000000 accuracy
STOKE: LOC: Got location 42.160763 -75.855686 with 10.000000 accuracy
STOKE: LOC: Got location 42.160825 -75.856026 with 10.000000 accuracy
Signal: Info:LTE dBM:-104 level:3
ETask 8: Configuration:0 Energy:8.10 Power:8.10 Reward:8.10 Time:5012
STOKE: LOC: Got location 42.160839 -75.856342 with 11.000000 accuracy
STOKE: LOC: Got location 42.160875 -75.856667 with 12.000000 accuracy
STOKE: LOC: Got location 42.160917 -75.857006 with 12.000000 accuracy
STOKE: LOC: Got location 42.160951 -75.857332 with 13.000000 accuracy
STOKE: LOC: Got location 42.160985 -75.857660 with 14.000000 accuracy
Signal: Info:LTE dBM:-101 level:3
ETask 9: Configuration:0 Energy:7.80 Power:7.80 Reward:7.80 Time:5017
STOKE: LOC: Got location 42.161086 -75.858008 with 14.000000 accuracy
STOKE: LOC: Got location 42.161115 -75.858335 with 12.000000 accuracy
STOKE: LOC: Got location 42.161183 -75.858675 with 11.000000 accuracy
STOKE: LOC: Got location 42.161218 -75.858992 with 11.000000 accuracy
STOKE: LOC: Got location 42.161261 -75.859311 with 12.000000 accuracy
Signal: Info:LTE dBM:-107 level:2
ETask 10: Configuration:0 Energy:7.30 Power:7.30 Reward:7.30 Time:5014
STOKE: LOC: Got location 42.161303 -75.859628 with 15.000000 accuracy
STOKE: LOC: Got location 42.161413 -75.859962 with 17.000000 accuracy
STOKE: LOC: Got location 42.161481 -75.860323 with 18.000000 accuracy
STOKE: LOC: Got location 42.161513 -75.860524 with 19.000000 accuracy
STOKE: LOC: Got location 42.161589 -75.860888 with 17.000000 accuracy
Signal: Info:LTE dBM:-94 level:4
ETask 11: Configuration:0 Energy:6.60 Power:6.60 Reward:6.60 Time:5016
ERun: Reward:85.60 PostConfigReward:0.00 Time:55577
==RUN-5==
Signal: Info:LTE dBM:-113 level:2
STOKE: LOC: Got location 42.162869 -75.863732 with 29.000000 accuracy
STOKE: LOC: Got location 42.163646 -75.868079 with 16.000000 accuracy
STOKE: LOC: Got location 42.163794 -75.868553 with 12.000000 accuracy
Signal: Info:LTE dBM:-108 level:2
ETask 1: Configuration:0 Energy:3.00 Power:3.00 Reward:3.00 Time:5044
STOKE: LOC: Got location 42.163852 -75.868881 with 11.000000 accuracy
STOKE: LOC: Got location 42.163919 -75.869204 with 9.000000 accuracy
STOKE: LOC: Got location 42.163947 -75.869522 with 8.000000 accuracy
STOKE: LOC: Got location 42.163990 -75.869834 with 8.000000 accuracy
STOKE: LOC: Got location 42.164037 -75.870171 with 8.000000 accuracy
Signal: Info:LTE dBM:-108 level:2
ETask 2: Configuration:0 Energy:5.70 Power:5.70 Reward:5.70 Time:5013
STOKE: LOC: Got location 42.164131 -75.870517 with 9.000000 accuracy
STOKE: LOC: Got location 42.164158 -75.870831 with 9.000000 accuracy
STOKE: LOC: Got location 42.164217 -75.871169 with 10.000000 accuracy
STOKE: LOC: Got location 42.164324 -75.871516 with 10.000000 accuracy
STOKE: LOC: Got location 42.164380 -75.871844 with 10.000000 accuracy
Signal: Info:LTE dBM:-111 level:2
ETask 3: Configuration:0 Energy:7.10 Power:7.10 Reward:7.10 Time:5017
STOKE: LOC: Got location 42.164392 -75.872125 with 9.000000 accuracy
STOKE: LOC: Got location 42.164347 -75.872461 with 8.000000 accuracy
STOKE: LOC: Got location 42.164357 -75.872813 with 8.000000 accuracy
STOKE: LOC: Got location 42.164361 -75.873157 with 10.000000 accuracy
STOKE: LOC: Got location 42.164299 -75.873520 with 9.000000 accuracy
Signal: Info:LTE dBM:-115 level:2
ETask 4: Configuration:0 Energy:7.80 Power:7.80 Reward:7.80 Time:5013
STOKE: LOC: Got location 42.164182 -75.873824 with 7.000000 accuracy
STOKE: LOC: Got location 42.164132 -75.874148 with 7.000000 accuracy
STOKE: LOC: Got location 42.164079 -75.874466 with 8.000000 accuracy
STOKE: LOC: Got location 42.163999 -75.874757 with 8.000000 accuracy
STOKE: LOC: Got location 42.163841 -75.875025 with 5.000000 accuracy
Signal: Info:LTE dBM:-118 level:1
ETask 5: Configuration:0 Energy:7.00 Power:7.00 Reward:7.00 Time:5015
STOKE: LOC: Got location 42.163711 -75.875330 with 5.000000 accuracy
STOKE: LOC: Got location 42.163582 -75.875635 with 4.000000 accuracy
STOKE: LOC: Got location 42.163454 -75.875904 with 4.000000 accuracy
STOKE: LOC: Got location 42.163312 -75.876192 with 4.000000 accuracy
STOKE: LOC: Got location 42.163175 -75.876461 with 5.000000 accuracy
Signal: Info:LTE dBM:-106 level:2
ETask 6: Configuration:0 Energy:6.80 Power:6.80 Reward:6.80 Time:5013
STOKE: LOC: Got location 42.163057 -75.876732 with 5.000000 accuracy
STOKE: LOC: Got location 42.162901 -75.877002 with 5.000000 accuracy
STOKE: LOC: Got location 42.162754 -75.877284 with 6.000000 accuracy
STOKE: LOC: Got location 42.162606 -75.877553 with 5.000000 accuracy
STOKE: LOC: Got location 42.162463 -75.877834 with 5.000000 accuracy
Signal: Info:LTE dBM:-99 level:3
ETask 7: Configuration:0 Energy:6.50 Power:6.50 Reward:6.50 Time:5014
STOKE: LOC: Got location 42.162313 -75.878096 with 5.000000 accuracy
STOKE: LOC: Got location 42.162166 -75.878372 with 5.000000 accuracy
STOKE: LOC: Got location 42.162022 -75.878639 with 5.000000 accuracy
STOKE: LOC: Got location 42.161870 -75.878902 with 5.000000 accuracy
STOKE: LOC: Got location 42.161721 -75.879204 with 6.000000 accuracy
Signal: Info:LTE dBM:-101 level:3
ETask 8: Configuration:0 Energy:5.70 Power:5.70 Reward:5.70 Time:5011
STOKE: LOC: Got location 42.161565 -75.879479 with 5.000000 accuracy
STOKE: LOC: Got location 42.161414 -75.879764 with 5.000000 accuracy
STOKE: LOC: Got location 42.161271 -75.880006 with 5.000000 accuracy
STOKE: LOC: Got location 42.161120 -75.880292 with 5.000000 accuracy
STOKE: LOC: Got location 42.160957 -75.880563 with 5.000000 accuracy
Signal: Info:LTE dBM:-105 level:3
ETask 9: Configuration:0 Energy:6.80 Power:6.80 Reward:6.80 Time:5017
STOKE: LOC: Got location 42.160793 -75.880814 with 6.000000 accuracy
STOKE: LOC: Got location 42.160662 -75.881086 with 5.000000 accuracy
STOKE: LOC: Got location 42.160510 -75.881356 with 5.000000 accuracy
STOKE: LOC: Got location 42.160386 -75.881631 with 5.000000 accuracy
STOKE: LOC: Got location 42.160233 -75.881901 with 6.000000 accuracy
Signal: Info:LTE dBM:-105 level:3
ETask 10: Configuration:0 Energy:2.70 Power:2.70 Reward:2.70 Time:5016
STOKE: LOC: Got location 42.160094 -75.882167 with 6.000000 accuracy
STOKE: LOC: Got location 42.159949 -75.882447 with 6.000000 accuracy
STOKE: LOC: Got location 42.159806 -75.882746 with 8.000000 accuracy
STOKE: LOC: Got location 42.159631 -75.882981 with 8.000000 accuracy
STOKE: LOC: Got location 42.159452 -75.883247 with 9.000000 accuracy
Signal: Info:LTE dBM:-100 level:3
ETask 11: Configuration:0 Energy:2.20 Power:2.20 Reward:2.20 Time:5015
STOKE: LOC: Got location 42.159283 -75.883494 with 9.000000 accuracy
ERun: Reward:61.30 PostConfigReward:0.00 Time:55566
==RUN-6==
Signal: Info:LTE dBM:-95 level:4
STOKE: LOC: Got location 42.157664 -75.885402 with 14.000000 accuracy
STOKE: LOC: Got location 42.154979 -75.887553 with 22.000000 accuracy
STOKE: LOC: Got location 42.154405 -75.887517 with 18.000000 accuracy
Signal: Info:LTE dBM:-91 level:4
ETask 1: Configuration:0 Energy:2.50 Power:2.50 Reward:2.50 Time:5046
STOKE: LOC: Got location 42.154181 -75.887677 with 15.000000 accuracy
STOKE: LOC: Got location 42.154001 -75.887909 with 13.000000 accuracy
STOKE: LOC: Got location 42.153753 -75.888003 with 11.000000 accuracy
STOKE: LOC: Got location 42.153474 -75.888102 with 11.000000 accuracy
STOKE: LOC: Got location 42.153195 -75.888248 with 12.000000 accuracy
Signal: Info:LTE dBM:-106 level:2
ETask 2: Configuration:0 Energy:5.10 Power:5.10 Reward:5.10 Time:5015
STOKE: LOC: Got location 42.152946 -75.888340 with 13.000000 accuracy
STOKE: LOC: Got location 42.152741 -75.888508 with 12.000000 accuracy
STOKE: LOC: Got location 42.152517 -75.888660 with 12.000000 accuracy
STOKE: LOC: Got location 42.152253 -75.888724 with 14.000000 accuracy
STOKE: LOC: Got location 42.152011 -75.888849 with 12.000000 accuracy
Signal: Info:LTE dBM:-110 level:2
ETask 3: Configuration:0 Energy:6.00 Power:6.00 Reward:6.00 Time:5018
STOKE: LOC: Got location 42.151798 -75.889009 with 11.000000 accuracy
STOKE: LOC: Got location 42.151575 -75.889118 with 10.000000 accuracy
STOKE: LOC: Got location 42.151384 -75.889282 with 10.000000 accuracy
STOKE: LOC: Got location 42.151172 -75.889474 with 8.000000 accuracy
STOKE: LOC: Got location 42.150953 -75.889608 with 9.000000 accuracy
Signal: Info:LTE dBM:-105 level:3
ETask 4: Configuration:0 Energy:6.70 Power:6.70 Reward:6.70 Time:5015
STOKE: LOC: Got location 42.150716 -75.889762 with 9.000000 accuracy
STOKE: LOC: Got location 42.150485 -75.889893 with 10.000000 accuracy
STOKE: LOC: Got location 42.150229 -75.889986 with 11.000000 accuracy
STOKE: LOC: Got location 42.150002 -75.890155 with 12.000000 accuracy
STOKE: LOC: Got location 42.149800 -75.890327 with 9.000000 accuracy
Signal: Info:LTE dBM:-102 level:3
ETask 5: Configuration:0 Energy:7.20 Power:7.20 Reward:7.20 Time:5011
STOKE: LOC: Got location 42.149549 -75.890425 with 9.000000 accuracy
STOKE: LOC: Got location 42.149300 -75.890525 with 9.000000 accuracy
STOKE: LOC: Got location 42.149069 -75.890672 with 10.000000 accuracy
STOKE: LOC: Got location 42.148832 -75.890772 with 9.000000 accuracy
STOKE: LOC: Got location 42.148600 -75.890941 with 10.000000 accuracy
Signal: Info:LTE dBM:-107 level:2
ETask 6: Configuration:0 Energy:5.80 Power:5.80 Reward:5.80 Time:5012
STOKE: LOC: Got location 42.148378 -75.891061 with 10.000000 accuracy
STOKE: LOC: Got location 42.148136 -75.891165 with 11.000000 accuracy
STOKE: LOC: Got location 42.147869 -75.891225 with 10.000000 accuracy
STOKE: LOC: Got location 42.147622 -75.891355 with 9.000000 accuracy
STOKE: LOC: Got location 42.147396 -75.891494 with 8.000000 accuracy
Signal: Info:LTE dBM:-104 level:3
ETask 7: Configuration:0 Energy:3.80 Power:3.80 Reward:3.80 Time:5017
STOKE: LOC: Got location 42.147172 -75.891633 with 7.000000 accuracy
STOKE: LOC: Got location 42.146939 -75.891752 with 6.000000 accuracy
STOKE: LOC: Got location 42.146718 -75.891868 with 6.000000 accuracy
STOKE: LOC: Got location 42.146498 -75.892001 with 6.000000 accuracy
STOKE: LOC: Got location 42.146258 -75.892114 with 5.000000 accuracy
Signal: Info:LTE dBM:-105 level:3
ETask 8: Configuration:0 Energy:1.30 Power:1.30 Reward:1.30 Time:5017
STOKE: LOC: Got location 42.146032 -75.892237 with 5.000000 accuracy
STOKE: LOC: Got location 42.145798 -75.892377 with 5.000000 accuracy
STOKE: LOC: Got location 42.145570 -75.892498 with 5.000000 accuracy
STOKE: LOC: Got location 42.145342 -75.892621 with 5.000000 accuracy
STOKE: LOC: Got location 42.145134 -75.892758 with 5.000000 accuracy
Signal: Info:LTE dBM:-100 level:3
ETask 9: Configuration:0 Energy:0.70 Power:0.70 Reward:0.70 Time:5016
STOKE: LOC: Got location 42.144915 -75.892915 with 5.000000 accuracy
STOKE: LOC: Got location 42.144690 -75.893072 with 5.000000 accuracy
STOKE: LOC: Got location 42.144467 -75.893238 with 5.000000 accuracy
STOKE: LOC: Got location 42.144297 -75.893508 with 5.000000 accuracy
STOKE: LOC: Got location 42.144116 -75.893735 with 5.000000 accuracy
Signal: Info:LTE dBM:-98 level:3
ETask 10: Configuration:0 Energy:2.10 Power:2.10 Reward:2.10 Time:5016
STOKE: LOC: Got location 42.143951 -75.893987 with 6.000000 accuracy
STOKE: LOC: Got location 42.143812 -75.894261 with 5.000000 accuracy
STOKE: LOC: Got location 42.143681 -75.894513 with 6.000000 accuracy
STOKE: LOC: Got location 42.143535 -75.894791 with 6.000000 accuracy
STOKE: LOC: Got location 42.143403 -75.895057 with 6.000000 accuracy
Signal: Info:LTE dBM:-113 level:2
ETask 11: Configuration:0 Energy:0.70 Power:0.70 Reward:0.70 Time:5014
STOKE: LOC: Got location 42.143287 -75.895345 with 7.000000 accuracy
ERun: Reward:41.90 PostConfigReward:0.00 Time:55522
==RUN-7==
Signal: Info:LTE dBM:-94 level:4
STOKE: LOC: Got location 42.142799 -75.898060 with 21.000000 accuracy
STOKE: LOC: Got location 42.141527 -75.902396 with 23.000000 accuracy
STOKE: LOC: Got location 42.141344 -75.902712 with 24.000000 accuracy
Signal: Info:LTE dBM:-103 level:3
ETask 1: Configuration:0 Energy:3.10 Power:3.10 Reward:3.10 Time:5044
STOKE: LOC: Got location 42.141246 -75.902788 with 21.000000 accuracy
STOKE: LOC: Got location 42.141037 -75.902827 with 21.000000 accuracy
STOKE: LOC: Got location 42.140776 -75.902796 with 16.000000 accuracy
STOKE: LOC: Got location 42.140564 -75.902853 with 13.000000 accuracy
STOKE: LOC: Got location 42.140366 -75.902925 with 10.000000 accuracy
Signal: Info:LTE dBM:-107 level:2
ETask 2: Configuration:0 Energy:5.50 Power:5.50 Reward:5.50 Time:5013
STOKE: LOC: Got location 42.140189 -75.902980 with 10.000000 accuracy
STOKE: LOC: Got location 42.139964 -75.902984 with 8.000000 accuracy
STOKE: LOC: Got location 42.139741 -75.902994 with 9.000000 accuracy
STOKE: LOC: Got location 42.139535 -75.902971 with 9.000000 accuracy
STOKE: LOC: Got location 42.139299 -75.902890 with 10.000000 accuracy
Signal: Info:LTE dBM:-100 level:3
ETask 3: Configuration:0 Energy:6.80 Power:6.80 Reward:6.80 Time:5012
STOKE: LOC: Got location 42.139000 -75.902858 with 8.000000 accuracy
STOKE: LOC: Got location 42.138754 -75.902848 with 7.000000 accuracy
STOKE: LOC: Got location 42.138517 -75.902826 with 7.000000 accuracy
STOKE: LOC: Got location 42.138293 -75.902839 with 7.000000 accuracy
STOKE: LOC: Got location 42.138059 -75.902862 with 6.000000 accuracy
Signal: Info:LTE dBM:-98 level:3
ETask 4: Configuration:0 Energy:7.20 Power:7.20 Reward:7.20 Time:5016
STOKE: LOC: Got location 42.137839 -75.902870 with 6.000000 accuracy
STOKE: LOC: Got location 42.137611 -75.902897 with 5.000000 accuracy
STOKE: LOC: Got location 42.137390 -75.902933 with 6.000000 accuracy
STOKE: LOC: Got location 42.137151 -75.902950 with 5.000000 accuracy
STOKE: LOC: Got location 42.136917 -75.902984 with 4.000000 accuracy
Signal: Info:LTE dBM:-96 level:3
ETask 5: Configuration:0 Energy:6.40 Power:6.40 Reward:6.40 Time:5013
STOKE: LOC: Got location 42.136681 -75.903030 with 4.000000 accuracy
STOKE: LOC: Got location 42.136428 -75.903064 with 4.000000 accuracy
STOKE: LOC: Got location 42.136197 -75.903100 with 4.000000 accuracy
STOKE: LOC: Got location 42.135945 -75.903124 with 4.000000 accuracy
STOKE: LOC: Got location 42.135718 -75.903152 with 4.000000 accuracy
Signal: Info:LTE dBM:-95 level:4
ETask 6: Configuration:0 Energy:5.70 Power:5.70 Reward:5.70 Time:5022
STOKE: LOC: Got location 42.135496 -75.903183 with 5.000000 accuracy
STOKE: LOC: Got location 42.135254 -75.903216 with 4.000000 accuracy
STOKE: LOC: Got location 42.135021 -75.903255 with 4.000000 accuracy
STOKE: LOC: Got location 42.134786 -75.903291 with 4.000000 accuracy
STOKE: LOC: Got location 42.134550 -75.903327 with 4.000000 accuracy
Signal: Info:LTE dBM:-85 level:4
ETask 7: Configuration:0 Energy:5.80 Power:5.80 Reward:5.80 Time:5015
STOKE: LOC: Got location 42.134327 -75.903371 with 4.000000 accuracy
STOKE: LOC: Got location 42.134101 -75.903407 with 4.000000 accuracy
STOKE: LOC: Got location 42.133879 -75.903452 with 3.000000 accuracy
STOKE: LOC: Got location 42.133657 -75.903494 with 3.000000 accuracy
STOKE: LOC: Got location 42.133436 -75.903538 with 4.000000 accuracy
Signal: Info:LTE dBM:-100 level:3
ETask 8: Configuration:0 Energy:5.30 Power:5.30 Reward:5.30 Time:5014
STOKE: LOC: Got location 42.133207 -75.903585 with 4.000000 accuracy
STOKE: LOC: Got location 42.132952 -75.903624 with 4.000000 accuracy
STOKE: LOC: Got location 42.132683 -75.903660 with 5.000000 accuracy
STOKE: LOC: Got location 42.132451 -75.903706 with 6.000000 accuracy
STOKE: LOC: Got location 42.132189 -75.903712 with 6.000000 accuracy
Signal: Info:LTE dBM:-92 level:4
ETask 9: Configuration:0 Energy:4.10 Power:4.10 Reward:4.10 Time:5017
STOKE: LOC: Got location 42.131963 -75.903763 with 4.000000 accuracy
STOKE: LOC: Got location 42.131732 -75.903804 with 4.000000 accuracy
STOKE: LOC: Got location 42.131513 -75.903850 with 4.000000 accuracy
STOKE: LOC: Got location 42.131268 -75.903896 with 4.000000 accuracy
STOKE: LOC: Got location 42.131031 -75.903958 with 5.000000 accuracy
Signal: Info:LTE dBM:-94 level:4
ETask 10: Configuration:0 Energy:2.50 Power:2.50 Reward:2.50 Time:5015
STOKE: LOC: Got location 42.130812 -75.904009 with 5.000000 accuracy
STOKE: LOC: Got location 42.130590 -75.904045 with 4.000000 accuracy
STOKE: LOC: Got location 42.130354 -75.904086 with 4.000000 accuracy
STOKE: LOC: Got location 42.130122 -75.904130 with 4.000000 accuracy
STOKE: LOC: Got location 42.129895 -75.904178 with 3.000000 accuracy
Signal: Info:LTE dBM:-90 level:4
ETask 11: Configuration:0 Energy:3.60 Power:3.60 Reward:3.60 Time:5015
STOKE: LOC: Got location 42.129663 -75.904222 with 3.000000 accuracy
ERun: Reward:56.00 PostConfigReward:0.00 Time:55564
==RUN-8==
Signal: Info:LTE dBM:-84 level:4
STOKE: LOC: Got location 42.127730 -75.904589 with 12.000000 accuracy
STOKE: LOC: Got location 42.124525 -75.905886 with 30.000000 accuracy
STOKE: LOC: Got location 42.124127 -75.906212 with 27.000000 accuracy
Signal: Info:LTE dBM:-92 level:4
ETask 1: Configuration:0 Energy:2.60 Power:2.60 Reward:2.60 Time:5043
STOKE: LOC: Got location 42.123853 -75.906326 with 27.000000 accuracy
STOKE: LOC: Got location 42.123641 -75.906490 with 13.000000 accuracy
STOKE: LOC: Got location 42.123423 -75.906626 with 12.000000 accuracy
STOKE: LOC: Got location 42.123234 -75.906794 with 11.000000 accuracy
STOKE: LOC: Got location 42.123035 -75.906946 with 8.000000 accuracy
Signal: Info:LTE dBM:-94 level:4
ETask 2: Configuration:0 Energy:5.50 Power:5.50 Reward:5.50 Time:5016
STOKE: LOC: Got location 42.122857 -75.907114 with 7.000000 accuracy
STOKE: LOC: Got location 42.122678 -75.907240 with 5.000000 accuracy
STOKE: LOC: Got location 42.122497 -75.907392 with 5.000000 accuracy
STOKE: LOC: Got location 42.122287 -75.907567 with 5.000000 accuracy
STOKE: LOC: Got location 42.122125 -75.907709 with 5.000000 accuracy
Signal: Info:LTE dBM:-94 level:4
ETask 3: Configuration:0 Energy:6.40 Power:6.40 Reward:6.40 Time:5014
STOKE: LOC: Got location 42.121940 -75.907865 with 5.000000 accuracy
STOKE: LOC: Got location 42.121745 -75.908019 with 4.000000 accuracy
STOKE: LOC: Got location 42.121549 -75.908190 with 5.000000 accuracy
STOKE: LOC: Got location 42.121346 -75.908352 with 5.000000 accuracy
STOKE: LOC: Got location 42.121140 -75.908494 with 4.000000 accuracy
Signal: Info:LTE dBM:-101 level:3
ETask 4: Configuration:0 Energy:6.70 Power:6.70 Reward:6.70 Time:5016
STOKE: LOC: Got location 42.120915 -75.908635 with 4.000000 accuracy
STOKE: LOC: Got location 42.120717 -75.908791 with 5.000000 accuracy
STOKE: LOC: Got location 42.120508 -75.908956 with 5.000000 accuracy
STOKE: LOC: Got location 42.120294 -75.909110 with 5.000000 accuracy
STOKE: LOC: Got location 42.120083 -75.909277 with 5.000000 accuracy
Signal: Info:LTE dBM:-89 level:4
ETask 5: Configuration:0 Energy:6.20 Power:6.20 Reward:6.20 Time:5019
STOKE: LOC: Got location 42.119874 -75.909429 with 5.000000 accuracy
STOKE: LOC: Got location 42.119668 -75.909599 with 5.000000 accuracy
STOKE: LOC: Got location 42.119458 -75.909749 with 4.000000 accuracy
STOKE: LOC: Got location 42.119252 -75.909903 with 4.000000 accuracy
STOKE: LOC: Got location 42.119036 -75.910059 with 4.000000 accuracy
Signal: Info:LTE dBM:-91 level:4
ETask 6: Configuration:0 Energy:3.60 Power:3.60 Reward:3.60 Time:5016
STOKE: LOC: Got location 42.118834 -75.910202 with 5.000000 accuracy
STOKE: LOC: Got location 42.118606 -75.910338 with 6.000000 accuracy
STOKE: LOC: Got location 42.118400 -75.910401 with 5.000000 accuracy
STOKE: LOC: Got location 42.118183 -75.910481 with 5.000000 accuracy
STOKE: LOC: Got location 42.117968 -75.910532 with 5.000000 accuracy
Signal: Info:LTE dBM:-95 level:4
ETask 7: Configuration:0 Energy:2.30 Power:2.30 Reward:2.30 Time:5019
STOKE: LOC: Got location 42.117749 -75.910608 with 4.000000 accuracy
STOKE: LOC: Got location 42.117521 -75.910627 with 4.000000 accuracy
STOKE: LOC: Got location 42.117310 -75.910642 with 5.000000 accuracy
STOKE: LOC: Got location 42.117093 -75.910658 with 5.000000 accuracy
STOKE: LOC: Got location 42.116868 -75.910646 with 6.000000 accuracy
Signal: Info:LTE dBM:-87 level:4
ETask 8: Configuration:0 Energy:1.00 Power:1.00 Reward:1.00 Time:5013
STOKE: LOC: Got location 42.116636 -75.910601 with 5.000000 accuracy
STOKE: LOC: Got location 42.116442 -75.910573 with 5.000000 accuracy
STOKE: LOC: Got location 42.116200 -75.910575 with 5.000000 accuracy
STOKE: LOC: Got location 42.115970 -75.910574 with 5.000000 accuracy
STOKE: LOC: Got location 42.115742 -75.910562 with 6.000000 accuracy
Signal: Info:LTE dBM:-96 level:3
ETask 9: Configuration:0 Energy:2.60 Power:2.60 Reward:2.60 Time:5016
STOKE: LOC: Got location 42.115516 -75.910535 with 6.000000 accuracy
STOKE: LOC: Got location 42.115291 -75.910496 with 8.000000 accuracy
STOKE: LOC: Got location 42.115046 -75.910442 with 8.000000 accuracy
STOKE: LOC: Got location 42.114826 -75.910501 with 6.000000 accuracy
STOKE: LOC: Got location 42.114590 -75.910524 with 5.000000 accuracy
Signal: Info:LTE dBM:-102 level:3
ETask 10: Configuration:0 Energy:4.20 Power:4.20 Reward:4.20 Time:5018
STOKE: LOC: Got location 42.114355 -75.910548 with 6.000000 accuracy
STOKE: LOC: Got location 42.114123 -75.910574 with 6.000000 accuracy
STOKE: LOC: Got location 42.113897 -75.910672 with 5.000000 accuracy
STOKE: LOC: Got location 42.113665 -75.910759 with 5.000000 accuracy
STOKE: LOC: Got location 42.113427 -75.910855 with 5.000000 accuracy
Signal: Info:LTE dBM:-102 level:3
ETask 11: Configuration:0 Energy:0.60 Power:0.60 Reward:0.60 Time:5014
ERun: Reward:41.70 PostConfigReward:0.00 Time:55449
==RUN-9==
Signal: Info:LTE dBM:-100 level:3
STOKE: LOC: Got location 42.111780 -75.912597 with 16.000000 accuracy
STOKE: LOC: Got location 42.111929 -75.917483 with 45.000000 accuracy
STOKE: LOC: Got location 42.112138 -75.917666 with 16.000000 accuracy
Signal: Info:LTE dBM:-96 level:3
ETask 1: Configuration:0 Energy:2.10 Power:2.10 Reward:2.10 Time:5045
STOKE: LOC: Got location 42.112198 -75.918008 with 12.000000 accuracy
STOKE: LOC: Got location 42.112313 -75.918300 with 10.000000 accuracy
STOKE: LOC: Got location 42.112397 -75.918635 with 9.000000 accuracy
STOKE: LOC: Got location 42.112483 -75.918947 with 8.000000 accuracy
STOKE: LOC: Got location 42.112565 -75.919257 with 9.000000 accuracy
Signal: Info:LTE dBM:-103 level:3
ETask 2: Configuration:0 Energy:5.30 Power:5.30 Reward:5.30 Time:5019
STOKE: LOC: Got location 42.112648 -75.919542 with 7.000000 accuracy
STOKE: LOC: Got location 42.112715 -75.919865 with 7.000000 accuracy
STOKE: LOC: Got location 42.112776 -75.920173 with 7.000000 accuracy
STOKE: LOC: Got location 42.112841 -75.920484 with 7.000000 accuracy
STOKE: LOC: Got location 42.112902 -75.920789 with 6.000000 accuracy
Signal: Info:LTE dBM:-102 level:3
ETask 3: Configuration:0 Energy:6.00 Power:6.00 Reward:6.00 Time:5019
STOKE: LOC: Got location 42.112967 -75.921097 with 5.000000 accuracy
STOKE: LOC: Got location 42.113009 -75.921402 with 5.000000 accuracy
STOKE: LOC: Got location 42.113071 -75.921701 with 5.000000 accuracy
STOKE: LOC: Got location 42.113123 -75.921996 with 5.000000 accuracy
STOKE: LOC: Got location 42.113180 -75.922304 with 6.000000 accuracy
Signal: Info:LTE dBM:-100 level:3
ETask 4: Configuration:0 Energy:2.20 Power:2.20 Reward:2.20 Time:5019
STOKE: LOC: Got location 42.113226 -75.922597 with 6.000000 accuracy
STOKE: LOC: Got location 42.113256 -75.922895 with 6.000000 accuracy
STOKE: LOC: Got location 42.113291 -75.923186 with 6.000000 accuracy
STOKE: LOC: Got location 42.113337 -75.923474 with 7.000000 accuracy
STOKE: LOC: Got location 42.113363 -75.923756 with 6.000000 accuracy
Signal: Info:LTE dBM:-101 level:3
ETask 5: Configuration:0 Energy:3.90 Power:3.90 Reward:3.90 Time:5015
STOKE: LOC: Got location 42.113398 -75.924051 with 7.000000 accuracy
STOKE: LOC: Got location 42.113428 -75.924331 with 8.000000 accuracy
STOKE: LOC: Got location 42.113471 -75.924632 with 8.000000 accuracy
STOKE: LOC: Got location 42.113510 -75.924914 with 9.000000 accuracy
STOKE: LOC: Got location 42.113544 -75.925199 with 9.000000 accuracy
Signal: Info:LTE dBM:-101 level:3
ETask 6: Configuration:0 Energy:3.60 Power:3.60 Reward:3.60 Time:5014
STOKE: LOC: Got location 42.113588 -75.925499 with 10.000000 accuracy
STOKE: LOC: Got location 42.113619 -75.925791 with 10.000000 accuracy
STOKE: LOC: Got location 42.113656 -75.926075 with 8.000000 accuracy
STOKE: LOC: Got location 42.113692 -75.926368 with 8.000000 accuracy
STOKE: LOC: Got location 42.113697 -75.926634 with 10.000000 accuracy
Signal: Info:LTE dBM:-101 level:3
ETask 7: Configuration:0 Energy:1.20 Power:1.20 Reward:1.20 Time:5014
STOKE: LOC: Got location 42.113703 -75.926932 with 12.000000 accuracy
STOKE: LOC: Got location 42.113738 -75.927214 with 13.000000 accuracy
STOKE: LOC: Got location 42.113789 -75.927542 with 8.000000 accuracy
STOKE: LOC: Got location 42.113831 -75.927832 with 8.000000 accuracy
STOKE: LOC: Got location 42.113883 -75.928117 with 7.000000 accuracy
Signal: Info:LTE dBM:-101 level:3
ETask 8: Configuration:0 Energy:0.60 Power:0.60 Reward:0.60 Time:5015
STOKE: LOC: Got location 42.113930 -75.928411 with 7.000000 accuracy
STOKE: LOC: Got location 42.113979 -75.928700 with 8.000000 accuracy
STOKE: LOC: Got location 42.113997 -75.928981 with 9.000000 accuracy
STOKE: LOC: Got location 42.114010 -75.929229 with 10.000000 accuracy
STOKE: LOC: Got location 42.114056 -75.929491 with 9.000000 accuracy
Signal: Info:LTE dBM:-97 level:3
ETask 9: Configuration:0 Energy:0.40 Power:0.40 Reward:0.40 Time:5013
STOKE: LOC: Got location 42.114096 -75.929739 with 10.000000 accuracy
STOKE: LOC: Got location 42.114148 -75.930015 with 10.000000 accuracy
STOKE: LOC: Got location 42.114198 -75.930276 with 10.000000 accuracy
STOKE: LOC: Got location 42.114250 -75.930543 with 9.000000 accuracy
STOKE: LOC: Got location 42.114269 -75.930805 with 8.000000 accuracy
Signal: Info:LTE dBM:-100 level:3
ETask 10: Configuration:0 Energy:0.90 Power:0.90 Reward:0.90 Time:5015
STOKE: LOC: Got location 42.114304 -75.931077 with 8.000000 accuracy
STOKE: LOC: Got location 42.114350 -75.931333 with 8.000000 accuracy
STOKE: LOC: Got location 42.114392 -75.931585 with 8.000000 accuracy
STOKE: LOC: Got location 42.114412 -75.931840 with 9.000000 accuracy
STOKE: LOC: Got location 42.114407 -75.932089 with 11.000000 accuracy
Signal: Info:LTE dBM:-100 level:3
ETask 11: Configuration:0 Energy:0.90 Power:0.90 Reward:0.90 Time:5014
ERun: Reward:27.10 PostConfigReward:0.00 Time:55481
