==RUN-0==
Signal: Info:LTE dBM:-110 level:2
STOKE: LOC: Got location 42.163474 -75.866874 with 188.000000 accuracy
Signal: Info:LTE dBM:-105 level:3
ETask 1: Configuration:0 Energy:4.50 Power:4.50 Reward:4.50 Time:5036
STOKE: LOC: Got location 42.162419 -75.864847 with 95.000000 accuracy
Signal: Info:LTE dBM:-103 level:3
ETask 2: Configuration:0 Energy:12.60 Power:12.60 Reward:12.60 Time:5016
Signal: Info:LTE dBM:-94 level:4
ETask 3: Configuration:0 Energy:13.40 Power:13.40 Reward:13.40 Time:5015
STOKE: LOC: Got location 42.161152 -75.861116 with 220.000000 accuracy
Signal: Info:LTE dBM:-104 level:3
ETask 4: Configuration:0 Energy:14.00 Power:14.00 Reward:14.00 Time:5015
Signal: Info:LTE dBM:-102 level:3
ETask 5: Configuration:0 Energy:13.90 Power:13.90 Reward:13.90 Time:5013
Signal: Info:LTE dBM:-102 level:3
ETask 6: Configuration:0 Energy:14.70 Power:14.70 Reward:14.70 Time:5008
Signal: Info:LTE dBM:-103 level:3
ETask 7: Configuration:0 Energy:15.00 Power:15.00 Reward:15.00 Time:5016
STOKE: LOC: Got location 42.160648 -75.855241 with 96.000000 accuracy
Signal: Info:LTE dBM:-96 level:3
ETask 8: Configuration:0 Energy:15.00 Power:15.00 Reward:15.00 Time:5016
Signal: Info:LTE dBM:-97 level:3
ETask 9: Configuration:0 Energy:15.10 Power:15.10 Reward:15.10 Time:5013
Signal: Info:LTE dBM:-99 level:3
ETask 10: Configuration:0 Energy:14.50 Power:14.50 Reward:14.50 Time:5017
STOKE: LOC: Got location 42.159828 -75.848557 with 270.000000 accuracy
Signal: Info:LTE dBM:-95 level:4
ETask 11: Configuration:0 Energy:16.80 Power:16.80 Reward:16.80 Time:5011
ERun: Reward:149.50 PostConfigReward:0.00 Time:56962
==RUN-1==
Signal: Info:LTE dBM:-118 level:1
STOKE: LOC: Got location 42.160594 -75.844691 with 67.000000 accuracy
Signal: Info:LTE dBM:-120 level:1
ETask 1: Configuration:0 Energy:7.10 Power:7.10 Reward:7.10 Time:5036
STOKE: LOC: Got location 42.163029 -75.841082 with 23.000000 accuracy
Signal: Info:LTE dBM:-119 level:1
ETask 2: Configuration:0 Energy:11.60 Power:11.60 Reward:11.60 Time:5013
Signal: Info:LTE dBM:-120 level:1
ETask 3: Configuration:0 Energy:13.50 Power:13.50 Reward:13.50 Time:5010
ETask 4: Configuration:0 Energy:14.90 Power:14.90 Reward:14.90 Time:5012
STOKE: LOC: Got location 42.165308 -75.837785 with 18.000000 accuracy
Signal: Info:LTE dBM:-102 level:3
ETask 5: Configuration:0 Energy:18.80 Power:18.80 Reward:18.80 Time:5018
Signal: Info:LTE dBM:-106 level:2
ETask 6: Configuration:0 Energy:15.40 Power:15.40 Reward:15.40 Time:5013
Signal: Info:LTE dBM:-111 level:2
ETask 7: Configuration:0 Energy:14.40 Power:14.40 Reward:14.40 Time:5011
Signal: Info:LTE dBM:-108 level:2
ETask 8: Configuration:0 Energy:13.60 Power:13.60 Reward:13.60 Time:5012
STOKE: LOC: Got location 42.166825 -75.832476 with 67.000000 accuracy
Signal: Info:LTE dBM:-113 level:2
ETask 9: Configuration:0 Energy:13.70 Power:13.70 Reward:13.70 Time:5017
Signal: Info:LTE dBM:-112 level:2
ETask 10: Configuration:0 Energy:13.30 Power:13.30 Reward:13.30 Time:5013
STOKE: LOC: Got location 42.165817 -75.828989 with 59.000000 accuracy
Signal: Info:LTE dBM:-115 level:2
ETask 11: Configuration:0 Energy:12.50 Power:12.50 Reward:12.50 Time:5012
ERun: Reward:148.80 PostConfigReward:0.00 Time:57077
==RUN-2==
Signal: Info:LTE dBM:-93 level:4
STOKE: LOC: Got location 42.165010 -75.824821 with 46.000000 accuracy
STOKE: LOC: Got location 42.163368 -75.820630 with 63.000000 accuracy
Signal: Info:LTE dBM:-94 level:4
ETask 1: Configuration:0 Energy:3.00 Power:3.00 Reward:3.00 Time:5040
Signal: Info:LTE dBM:-93 level:4
ETask 2: Configuration:0 Energy:7.30 Power:7.30 Reward:7.30 Time:5012
STOKE: LOC: Got location 42.161846 -75.817711 with 78.000000 accuracy
Signal: Info:LTE dBM:-92 level:4
ETask 3: Configuration:0 Energy:9.70 Power:9.70 Reward:9.70 Time:5015
Signal: Info:LTE dBM:-92 level:4
ETask 4: Configuration:0 Energy:9.90 Power:9.90 Reward:9.90 Time:5012
STOKE: LOC: Got location 42.160568 -75.814980 with 37.000000 accuracy
Signal: Info:LTE dBM:-94 level:4
ETask 5: Configuration:0 Energy:9.50 Power:9.50 Reward:9.50 Time:5023
Signal: Info:LTE dBM:-93 level:4
ETask 6: Configuration:0 Energy:11.60 Power:11.60 Reward:11.60 Time:5013
Signal: Info:LTE dBM:-90 level:4
ETask 7: Configuration:0 Energy:9.30 Power:9.30 Reward:9.30 Time:5015
Signal: Info:LTE dBM:-91 level:4
ETask 8: Configuration:0 Energy:8.70 Power:8.70 Reward:8.70 Time:5015
STOKE: LOC: Got location 42.158402 -75.809641 with 55.000000 accuracy
Signal: Info:LTE dBM:-90 level:4
ETask 9: Configuration:0 Energy:9.30 Power:9.30 Reward:9.30 Time:5014
Signal: Info:LTE dBM:-92 level:4
ETask 10: Configuration:0 Energy:9.20 Power:9.20 Reward:9.20 Time:5014
STOKE: LOC: Got location 42.157656 -75.806917 with 45.000000 accuracy
Signal: Info:LTE dBM:-93 level:4
ETask 11: Configuration:0 Energy:8.90 Power:8.90 Reward:8.90 Time:5014
ERun: Reward:96.40 PostConfigReward:0.00 Time:55624
==RUN-3==
Signal: Info:LTE dBM:-98 level:3
STOKE: LOC: Got location 42.157523 -75.803004 with 131.000000 accuracy
STOKE: LOC: Got location 42.158220 -75.798638 with 33.000000 accuracy
Signal: Info:LTE dBM:-104 level:3
ETask 1: Configuration:0 Energy:3.90 Power:3.90 Reward:3.90 Time:5041
Signal: Info:LTE dBM:-109 level:2
ETask 2: Configuration:0 Energy:7.70 Power:7.70 Reward:7.70 Time:5015
Signal: Info:LTE dBM:-109 level:2
ETask 3: Configuration:0 Energy:9.70 Power:9.70 Reward:9.70 Time:5015
Signal: Info:LTE dBM:-112 level:2
ETask 4: Configuration:0 Energy:9.60 Power:9.60 Reward:9.60 Time:5013
STOKE: LOC: Got location 42.158774 -75.792749 with 75.000000 accuracy
Signal: Info:LTE dBM:-116 level:1
ETask 5: Configuration:0 Energy:3.80 Power:3.80 Reward:3.80 Time:5017
Signal: Info:LTE dBM:-111 level:2
ETask 6: Configuration:0 Energy:1.40 Power:1.40 Reward:1.40 Time:5024
STOKE: LOC: Got location 42.159101 -75.789647 with 35.000000 accuracy
Signal: Info:LTE dBM:-117 level:1
ETask 7: Configuration:0 Energy:0.10 Power:0.10 Reward:0.10 Time:5021
Signal: Info:LTE dBM:-120 level:1
ETask 8: Configuration:0 Energy:2.40 Power:2.40 Reward:2.40 Time:5028
Signal: Info:LTE dBM:-115 level:2
ETask 9: Configuration:0 Energy:2.10 Power:2.10 Reward:2.10 Time:5014
Signal: Info:LTE dBM:-120 level:1
ETask 10: Configuration:0 Energy:3.70 Power:3.70 Reward:3.70 Time:5028
STOKE: LOC: Got location 42.160222 -75.783609 with 27.000000 accuracy
Signal: Info:LTE dBM:-114 level:2
ETask 11: Configuration:0 Energy:1.00 Power:1.00 Reward:1.00 Time:5013
ERun: Reward:45.40 PostConfigReward:0.00 Time:55600
==RUN-4==
Signal: Info:LTE dBM:-103 level:3
STOKE: LOC: Got location 42.160516 -75.780227 with 95.000000 accuracy
STOKE: LOC: Got location 42.161678 -75.775629 with 55.000000 accuracy
Signal: Info:LTE dBM:-102 level:3
ETask 1: Configuration:0 Energy:4.00 Power:4.00 Reward:4.00 Time:5040
Signal: Info:LTE dBM:-102 level:3
ETask 2: Configuration:0 Energy:8.00 Power:8.00 Reward:8.00 Time:5010
Signal: Info:LTE dBM:-98 level:3
ETask 3: Configuration:0 Energy:9.90 Power:9.90 Reward:9.90 Time:5015
Signal: Info:LTE dBM:-98 level:3
ETask 4: Configuration:0 Energy:10.60 Power:10.60 Reward:10.60 Time:5016
STOKE: LOC: Got location 42.163508 -75.770251 with 20.000000 accuracy
Signal: Info:LTE dBM:-97 level:3
ETask 5: Configuration:0 Energy:10.20 Power:10.20 Reward:10.20 Time:5014
Signal: Info:LTE dBM:-105 level:3
ETask 6: Configuration:0 Energy:9.30 Power:9.30 Reward:9.30 Time:5015
Signal: Info:LTE dBM:-106 level:2
ETask 7: Configuration:0 Energy:2.20 Power:2.20 Reward:2.20 Time:5020
Signal: Info:LTE dBM:-98 level:3
ETask 8: Configuration:0 Energy:0.60 Power:0.60 Reward:0.60 Time:5017
STOKE: LOC: Got location 42.165435 -75.764399 with 47.000000 accuracy
Signal: Info:LTE dBM:-100 level:3
ETask 9: Configuration:0 Energy:3.50 Power:3.50 Reward:3.50 Time:5018
Signal: Info:LTE dBM:-105 level:3
ETask 10: Configuration:0 Energy:6.50 Power:6.50 Reward:6.50 Time:5017
STOKE: LOC: Got location 42.166497 -75.761824 with 47.000000 accuracy
Signal: Info:LTE dBM:-112 level:2
ETask 11: Configuration:0 Energy:7.70 Power:7.70 Reward:7.70 Time:5016
ERun: Reward:72.50 PostConfigReward:0.00 Time:55608
==RUN-5==
Signal: Info:LTE dBM:-93 level:4
STOKE: LOC: Got location 42.167927 -75.758942 with 147.000000 accuracy
STOKE: LOC: Got location 42.170542 -75.756247 with 139.000000 accuracy
Signal: Info:LTE dBM:-95 level:4
ETask 1: Configuration:0 Energy:3.50 Power:3.50 Reward:3.50 Time:5037
Signal: Info:LTE dBM:-95 level:4
ETask 2: Configuration:0 Energy:9.40 Power:9.40 Reward:9.40 Time:5013
Signal: Info:LTE dBM:-97 level:3
ETask 3: Configuration:0 Energy:9.50 Power:9.50 Reward:9.50 Time:5015
Signal: Info:LTE dBM:-95 level:4
ETask 4: Configuration:0 Energy:10.50 Power:10.50 Reward:10.50 Time:5012
STOKE: LOC: Got location 42.174839 -75.753715 with 44.000000 accuracy
Signal: Info:LTE dBM:-95 level:4
ETask 5: Configuration:0 Energy:10.10 Power:10.10 Reward:10.10 Time:5012
Signal: Info:LTE dBM:-97 level:3
ETask 6: Configuration:0 Energy:10.00 Power:10.00 Reward:10.00 Time:5016
Signal: Info:LTE dBM:-95 level:4
ETask 7: Configuration:0 Energy:10.70 Power:10.70 Reward:10.70 Time:5017
Signal: Info:LTE dBM:-96 level:3
ETask 8: Configuration:0 Energy:9.80 Power:9.80 Reward:9.80 Time:5015
STOKE: LOC: Got location 42.178203 -75.749367 with 62.000000 accuracy
Signal: Info:LTE dBM:-97 level:3
ETask 9: Configuration:0 Energy:9.00 Power:9.00 Reward:9.00 Time:5013
Signal: Info:LTE dBM:-90 level:4
ETask 10: Configuration:0 Energy:11.20 Power:11.20 Reward:11.20 Time:5010
Signal: Info:LTE dBM:-92 level:4
ETask 11: Configuration:0 Energy:8.90 Power:8.90 Reward:8.90 Time:5015
ERun: Reward:102.60 PostConfigReward:0.00 Time:55495
==RUN-6==
Signal: Info:LTE dBM:-110 level:2
STOKE: LOC: Got location 42.179815 -75.743673 with 137.000000 accuracy
STOKE: LOC: Got location 42.179578 -75.739472 with 72.000000 accuracy
Signal: Info:LTE dBM:-108 level:2
ETask 1: Configuration:0 Energy:3.60 Power:3.60 Reward:3.60 Time:5045
Signal: Info:LTE dBM:-111 level:2
ETask 2: Configuration:0 Energy:7.50 Power:7.50 Reward:7.50 Time:5014
Signal: Info:LTE dBM:-110 level:2
ETask 3: Configuration:0 Energy:8.80 Power:8.80 Reward:8.80 Time:5010
Signal: Info:LTE dBM:-112 level:2
ETask 4: Configuration:0 Energy:9.20 Power:9.20 Reward:9.20 Time:5011
STOKE: LOC: Got location 42.181096 -75.733210 with 44.000000 accuracy
Signal: Info:LTE dBM:-115 level:2
ETask 5: Configuration:0 Energy:10.80 Power:10.80 Reward:10.80 Time:5015
Signal: Info:LTE dBM:-101 level:3
ETask 6: Configuration:0 Energy:8.70 Power:8.70 Reward:8.70 Time:5015
Signal: Info:LTE dBM:-106 level:2
ETask 7: Configuration:0 Energy:9.30 Power:9.30 Reward:9.30 Time:5017
Signal: Info:LTE dBM:-104 level:3
ETask 8: Configuration:0 Energy:7.70 Power:7.70 Reward:7.70 Time:5019
STOKE: LOC: Got location 42.182600 -75.726855 with 37.000000 accuracy
Signal: Info:LTE dBM:-102 level:3
ETask 9: Configuration:0 Energy:7.20 Power:7.20 Reward:7.20 Time:5015
Signal: Info:LTE dBM:-110 level:2
ETask 10: Configuration:0 Energy:8.40 Power:8.40 Reward:8.40 Time:5016
STOKE: LOC: Got location 42.183321 -75.724472 with 44.000000 accuracy
Signal: Info:LTE dBM:-103 level:3
ETask 11: Configuration:0 Energy:8.50 Power:8.50 Reward:8.50 Time:5015
ERun: Reward:89.70 PostConfigReward:0.00 Time:55532
==RUN-7==
Signal: Info:LTE dBM:-111 level:2
STOKE: LOC: Got location 42.184192 -75.721520 with 98.000000 accuracy
STOKE: LOC: Got location 42.184862 -75.717786 with 198.000000 accuracy
Signal: Info:LTE dBM:-110 level:2
ETask 1: Configuration:0 Energy:3.30 Power:3.30 Reward:3.30 Time:5046
Signal: Info:LTE dBM:-108 level:2
ETask 2: Configuration:0 Energy:9.40 Power:9.40 Reward:9.40 Time:5019
Signal: Info:LTE dBM:-117 level:1
ETask 3: Configuration:0 Energy:9.20 Power:9.20 Reward:9.20 Time:5012
Signal: Info:LTE dBM:-113 level:2
ETask 4: Configuration:0 Energy:9.90 Power:9.90 Reward:9.90 Time:5016
STOKE: LOC: Got location 42.186419 -75.713106 with 126.000000 accuracy
Signal: Info:LTE dBM:-120 level:1
ETask 5: Configuration:0 Energy:9.70 Power:9.70 Reward:9.70 Time:5015
Signal: Info:LTE dBM:-118 level:1
ETask 6: Configuration:0 Energy:9.10 Power:9.10 Reward:9.10 Time:5017
Signal: Info:LTE dBM:-111 level:2
ETask 7: Configuration:0 Energy:9.40 Power:9.40 Reward:9.40 Time:5017
Signal: Info:LTE dBM:-112 level:2
ETask 8: Configuration:0 Energy:9.30 Power:9.30 Reward:9.30 Time:5015
STOKE: LOC: Got location 42.187119 -75.707515 with 88.000000 accuracy
Signal: Info:LTE dBM:-104 level:3
ETask 9: Configuration:0 Energy:8.60 Power:8.60 Reward:8.60 Time:5017
Signal: Info:LTE dBM:-102 level:3
ETask 10: Configuration:0 Energy:10.40 Power:10.40 Reward:10.40 Time:5016
STOKE: LOC: Got location 42.186895 -75.704333 with 109.000000 accuracy
Signal: Info:LTE dBM:-101 level:3
ETask 11: Configuration:0 Energy:8.30 Power:8.30 Reward:8.30 Time:5018
ERun: Reward:96.60 PostConfigReward:0.00 Time:55579
==RUN-8==
Signal: Info:LTE dBM:-110 level:2
STOKE: LOC: Got location 42.186389 -75.701085 with 99.000000 accuracy
STOKE: LOC: Got location 42.185513 -75.696786 with 52.000000 accuracy
Signal: Info:LTE dBM:-102 level:3
ETask 1: Configuration:0 Energy:3.70 Power:3.70 Reward:3.70 Time:5044
Signal: Info:LTE dBM:-93 level:4
ETask 2: Configuration:0 Energy:7.40 Power:7.40 Reward:7.40 Time:5011
Signal: Info:LTE dBM:-94 level:4
ETask 3: Configuration:0 Energy:8.40 Power:8.40 Reward:8.40 Time:5013
Signal: Info:LTE dBM:-101 level:3
ETask 4: Configuration:0 Energy:8.80 Power:8.80 Reward:8.80 Time:5015
STOKE: LOC: Got location 42.186032 -75.690648 with 36.000000 accuracy
Signal: Info:LTE dBM:-105 level:3
ETask 5: Configuration:0 Energy:9.10 Power:9.10 Reward:9.10 Time:5013
Signal: Info:LTE dBM:-105 level:3
ETask 6: Configuration:0 Energy:10.40 Power:10.40 Reward:10.40 Time:5014
Signal: Info:LTE dBM:-105 level:3
ETask 7: Configuration:0 Energy:8.60 Power:8.60 Reward:8.60 Time:5014
Signal: Info:LTE dBM:-113 level:2
ETask 8: Configuration:0 Energy:8.50 Power:8.50 Reward:8.50 Time:5020
STOKE: LOC: Got location 42.189017 -75.684517 with 115.000000 accuracy
Signal: Info:LTE dBM:-115 level:2
ETask 9: Configuration:0 Energy:8.00 Power:8.00 Reward:8.00 Time:5016
Signal: Info:LTE dBM:-122 level:1
ETask 10: Configuration:0 Energy:8.20 Power:8.20 Reward:8.20 Time:5016
STOKE: LOC: Got location 42.191189 -75.682070 with 155.000000 accuracy
Signal: Info:LTE dBM:-116 level:1
ETask 11: Configuration:0 Energy:8.40 Power:8.40 Reward:8.40 Time:5015
ERun: Reward:89.50 PostConfigReward:0.00 Time:55479
==RUN-9==
Signal: Info:LTE dBM:-2147483647 level:1
STOKE: LOC: Got location 42.193839 -75.680172 with 52.000000 accuracy
STOKE: LOC: Got location 42.196219 -75.676384 with 29.000000 accuracy
ETask 1: Configuration:0 Energy:3.00 Power:3.00 Reward:3.00 Time:5034
ETask 2: Configuration:0 Energy:8.40 Power:8.40 Reward:8.40 Time:5010
ETask 3: Configuration:0 Energy:12.80 Power:12.80 Reward:12.80 Time:5011
ETask 4: Configuration:0 Energy:11.70 Power:11.70 Reward:11.70 Time:5004
STOKE: LOC: Got location 42.197425 -75.670059 with 25.000000 accuracy
Signal: Info:WCDMA dBM:-113 level:0
ETask 5: Configuration:0 Energy:13.40 Power:13.40 Reward:13.40 Time:5013
Signal: Info:WCDMA dBM:-113 level:0
ETask 6: Configuration:0 Energy:12.10 Power:12.10 Reward:12.10 Time:5013
Signal: Info:WCDMA dBM:-75 level:4
ETask 7: Configuration:0 Energy:11.80 Power:11.80 Reward:11.80 Time:5011
Signal: Info:WCDMA dBM:-87 level:4
ETask 8: Configuration:0 Energy:12.80 Power:12.80 Reward:12.80 Time:5006
STOKE: LOC: Got location 42.196326 -75.662778 with 32.000000 accuracy
Signal: Info:WCDMA dBM:-77 level:4
ETask 9: Configuration:0 Energy:12.00 Power:12.00 Reward:12.00 Time:5109
Signal: Info:WCDMA dBM:-81 level:4
ETask 10: Configuration:0 Energy:10.80 Power:10.80 Reward:10.80 Time:5009
STOKE: LOC: Got location 42.194829 -75.659759 with 43.000000 accuracy
Signal: Info:WCDMA dBM:-85 level:4
ETask 11: Configuration:0 Energy:11.90 Power:11.90 Reward:11.90 Time:5014
ERun: Reward:120.70 PostConfigReward:0.00 Time:55665
