==RUN-0==
Signal: Info:LTE dBM:-95 level:4
STOKE: LOC: Got location 42.332310 -75.279894 with 12.000000 accuracy
STOKE: LOC: Got location 42.333780 -75.276703 with 34.000000 accuracy
STOKE: LOC: Got location 42.334351 -75.276251 with 32.000000 accuracy
Signal: Info:LTE dBM:-108 level:2
ETask 1: Configuration:0 Energy:3.30 Power:3.30 Reward:3.30 Time:5048
STOKE: LOC: Got location 42.334595 -75.275972 with 28.000000 accuracy
STOKE: LOC: Got location 42.334879 -75.275821 with 27.000000 accuracy
STOKE: LOC: Got location 42.335659 -75.275591 with 22.000000 accuracy
STOKE: LOC: Got location 42.335857 -75.275314 with 17.000000 accuracy
Signal: Info:LTE dBM:-112 level:2
ETask 2: Configuration:0 Energy:7.00 Power:7.00 Reward:7.00 Time:5014
STOKE: LOC: Got location 42.336263 -75.274926 with 19.000000 accuracy
STOKE: LOC: Got location 42.336455 -75.274593 with 22.000000 accuracy
STOKE: LOC: Got location 42.336822 -75.274255 with 15.000000 accuracy
STOKE: LOC: Got location 42.337039 -75.274024 with 13.000000 accuracy
Signal: Info:LTE dBM:-111 level:2
ETask 3: Configuration:0 Energy:9.20 Power:9.20 Reward:9.20 Time:5011
STOKE: LOC: Got location 42.337436 -75.273638 with 11.000000 accuracy
STOKE: LOC: Got location 42.337652 -75.273430 with 11.000000 accuracy
STOKE: LOC: Got location 42.338071 -75.273032 with 10.000000 accuracy
Signal: Info:LTE dBM:-118 level:1
ETask 4: Configuration:0 Energy:9.60 Power:9.60 Reward:9.60 Time:5016
STOKE: LOC: Got location 42.338319 -75.272849 with 10.000000 accuracy
STOKE: LOC: Got location 42.338756 -75.272426 with 10.000000 accuracy
STOKE: LOC: Got location 42.338991 -75.272216 with 10.000000 accuracy
STOKE: LOC: Got location 42.339218 -75.271995 with 9.000000 accuracy
Signal: Info:LTE dBM:-97 level:3
ETask 5: Configuration:0 Energy:9.30 Power:9.30 Reward:9.30 Time:5012
STOKE: LOC: Got location 42.339459 -75.271802 with 9.000000 accuracy
STOKE: LOC: Got location 42.339923 -75.271398 with 7.000000 accuracy
STOKE: LOC: Got location 42.340382 -75.270997 with 7.000000 accuracy
Signal: Info:LTE dBM:-100 level:3
ETask 6: Configuration:0 Energy:9.80 Power:9.80 Reward:9.80 Time:5013
STOKE: LOC: Got location 42.340834 -75.270604 with 7.000000 accuracy
STOKE: LOC: Got location 42.341062 -75.270407 with 7.000000 accuracy
STOKE: LOC: Got location 42.341504 -75.270023 with 7.000000 accuracy
Signal: Info:LTE dBM:-103 level:3
ETask 7: Configuration:0 Energy:9.20 Power:9.20 Reward:9.20 Time:5012
STOKE: LOC: Got location 42.341726 -75.269811 with 8.000000 accuracy
STOKE: LOC: Got location 42.341949 -75.269630 with 7.000000 accuracy
STOKE: LOC: Got location 42.342413 -75.269249 with 7.000000 accuracy
Signal: Info:LTE dBM:-99 level:3
ETask 8: Configuration:0 Energy:10.10 Power:10.10 Reward:10.10 Time:5013
STOKE: LOC: Got location 42.342860 -75.268847 with 7.000000 accuracy
STOKE: LOC: Got location 42.343317 -75.268441 with 6.000000 accuracy
STOKE: LOC: Got location 42.343550 -75.268244 with 6.000000 accuracy
STOKE: LOC: Got location 42.343785 -75.268064 with 6.000000 accuracy
Signal: Info:LTE dBM:-113 level:2
ETask 9: Configuration:0 Energy:9.00 Power:9.00 Reward:9.00 Time:5018
STOKE: LOC: Got location 42.344252 -75.267675 with 7.000000 accuracy
STOKE: LOC: Got location 42.344483 -75.267476 with 7.000000 accuracy
STOKE: LOC: Got location 42.344704 -75.267259 with 8.000000 accuracy
STOKE: LOC: Got location 42.344928 -75.267044 with 8.000000 accuracy
Signal: Info:LTE dBM:-108 level:2
ETask 10: Configuration:0 Energy:8.30 Power:8.30 Reward:8.30 Time:5015
STOKE: LOC: Got location 42.345144 -75.266847 with 8.000000 accuracy
STOKE: LOC: Got location 42.345374 -75.266649 with 8.000000 accuracy
STOKE: LOC: Got location 42.345613 -75.266446 with 8.000000 accuracy
STOKE: LOC: Got location 42.346072 -75.266065 with 8.000000 accuracy
Signal: Info:LTE dBM:-101 level:3
ETask 11: Configuration:0 Energy:7.90 Power:7.90 Reward:7.90 Time:5017
STOKE: LOC: Got location 42.346310 -75.265891 with 8.000000 accuracy
ERun: Reward:92.70 PostConfigReward:0.00 Time:55631
==RUN-1==
Signal: Info:LTE dBM:-98 level:3
STOKE: LOC: Got location 42.348122 -75.264287 with 13.000000 accuracy
STOKE: LOC: Got location 42.350833 -75.261974 with 25.000000 accuracy
STOKE: LOC: Got location 42.351306 -75.261567 with 17.000000 accuracy
STOKE: LOC: Got location 42.351541 -75.261409 with 14.000000 accuracy
Signal: Info:LTE dBM:-101 level:3
ETask 1: Configuration:0 Energy:3.20 Power:3.20 Reward:3.20 Time:5042
STOKE: LOC: Got location 42.351969 -75.261108 with 12.000000 accuracy
STOKE: LOC: Got location 42.352233 -75.260875 with 13.000000 accuracy
STOKE: LOC: Got location 42.352473 -75.260650 with 12.000000 accuracy
Signal: Info:LTE dBM:-102 level:3
ETask 2: Configuration:0 Energy:7.00 Power:7.00 Reward:7.00 Time:5016
STOKE: LOC: Got location 42.352930 -75.260248 with 11.000000 accuracy
STOKE: LOC: Got location 42.353153 -75.260046 with 10.000000 accuracy
STOKE: LOC: Got location 42.353618 -75.259647 with 9.000000 accuracy
Signal: Info:LTE dBM:-96 level:3
ETask 3: Configuration:0 Energy:8.90 Power:8.90 Reward:8.90 Time:5015
STOKE: LOC: Got location 42.354104 -75.259236 with 10.000000 accuracy
STOKE: LOC: Got location 42.354351 -75.259043 with 10.000000 accuracy
STOKE: LOC: Got location 42.354591 -75.258830 with 10.000000 accuracy
STOKE: LOC: Got location 42.355059 -75.258450 with 10.000000 accuracy
Signal: Info:LTE dBM:-102 level:3
ETask 4: Configuration:0 Energy:11.10 Power:11.10 Reward:11.10 Time:5019
STOKE: LOC: Got location 42.355288 -75.258264 with 10.000000 accuracy
STOKE: LOC: Got location 42.355515 -75.258078 with 10.000000 accuracy
STOKE: LOC: Got location 42.355747 -75.257877 with 10.000000 accuracy
STOKE: LOC: Got location 42.355971 -75.257680 with 11.000000 accuracy
STOKE: LOC: Got location 42.356206 -75.257490 with 10.000000 accuracy
Signal: Info:LTE dBM:-98 level:3
ETask 5: Configuration:0 Energy:8.70 Power:8.70 Reward:8.70 Time:5011
STOKE: LOC: Got location 42.356676 -75.257054 with 11.000000 accuracy
STOKE: LOC: Got location 42.356891 -75.256841 with 10.000000 accuracy
STOKE: LOC: Got location 42.357301 -75.256377 with 10.000000 accuracy
Signal: Info:LTE dBM:-97 level:3
ETask 6: Configuration:0 Energy:8.80 Power:8.80 Reward:8.80 Time:5015
STOKE: LOC: Got location 42.357505 -75.256158 with 10.000000 accuracy
STOKE: LOC: Got location 42.357684 -75.255934 with 10.000000 accuracy
STOKE: LOC: Got location 42.357925 -75.255767 with 11.000000 accuracy
STOKE: LOC: Got location 42.358120 -75.255471 with 8.000000 accuracy
Signal: Info:LTE dBM:-102 level:3
ETask 7: Configuration:0 Energy:8.30 Power:8.30 Reward:8.30 Time:5012
STOKE: LOC: Got location 42.358515 -75.254917 with 7.000000 accuracy
STOKE: LOC: Got location 42.358936 -75.254385 with 8.000000 accuracy
STOKE: LOC: Got location 42.359264 -75.253801 with 7.000000 accuracy
Signal: Info:LTE dBM:-107 level:2
ETask 8: Configuration:0 Energy:8.00 Power:8.00 Reward:8.00 Time:5015
STOKE: LOC: Got location 42.359419 -75.253495 with 7.000000 accuracy
STOKE: LOC: Got location 42.359600 -75.253205 with 8.000000 accuracy
STOKE: LOC: Got location 42.359748 -75.252893 with 7.000000 accuracy
STOKE: LOC: Got location 42.359904 -75.252571 with 7.000000 accuracy
Signal: Info:LTE dBM:-105 level:3
ETask 9: Configuration:0 Energy:8.60 Power:8.60 Reward:8.60 Time:5017
STOKE: LOC: Got location 42.360205 -75.251921 with 7.000000 accuracy
STOKE: LOC: Got location 42.360348 -75.251614 with 7.000000 accuracy
STOKE: LOC: Got location 42.360485 -75.251292 with 7.000000 accuracy
STOKE: LOC: Got location 42.360618 -75.250992 with 6.000000 accuracy
Signal: Info:LTE dBM:-101 level:3
ETask 10: Configuration:0 Energy:8.80 Power:8.80 Reward:8.80 Time:5016
STOKE: LOC: Got location 42.360858 -75.250343 with 6.000000 accuracy
STOKE: LOC: Got location 42.360968 -75.250005 with 6.000000 accuracy
STOKE: LOC: Got location 42.361083 -75.249679 with 7.000000 accuracy
STOKE: LOC: Got location 42.361183 -75.249337 with 9.000000 accuracy
STOKE: LOC: Got location 42.361268 -75.249005 with 10.000000 accuracy
Signal: Info:LTE dBM:-107 level:2
ETask 11: Configuration:0 Energy:8.30 Power:8.30 Reward:8.30 Time:5011
ERun: Reward:89.70 PostConfigReward:0.00 Time:55605
==RUN-2==
Signal: Info:LTE dBM:-111 level:2
STOKE: LOC: Got location 42.362028 -75.245773 with 26.000000 accuracy
STOKE: LOC: Got location 42.362014 -75.241248 with 50.000000 accuracy
STOKE: LOC: Got location 42.361976 -75.240858 with 36.000000 accuracy
STOKE: LOC: Got location 42.361985 -75.240520 with 29.000000 accuracy
Signal: Info:LTE dBM:-110 level:2
ETask 1: Configuration:0 Energy:4.40 Power:4.40 Reward:4.40 Time:5037
STOKE: LOC: Got location 42.361958 -75.240173 with 26.000000 accuracy
STOKE: LOC: Got location 42.361962 -75.239263 with 17.000000 accuracy
STOKE: LOC: Got location 42.361973 -75.238846 with 12.000000 accuracy
STOKE: LOC: Got location 42.361962 -75.238563 with 11.000000 accuracy
Signal: Info:LTE dBM:-110 level:2
ETask 2: Configuration:0 Energy:7.30 Power:7.30 Reward:7.30 Time:5014
STOKE: LOC: Got location 42.361899 -75.237635 with 11.000000 accuracy
STOKE: LOC: Got location 42.361873 -75.237260 with 11.000000 accuracy
STOKE: LOC: Got location 42.361904 -75.236875 with 12.000000 accuracy
STOKE: LOC: Got location 42.361872 -75.236476 with 12.000000 accuracy
Signal: Info:LTE dBM:-110 level:2
ETask 3: Configuration:0 Energy:8.80 Power:8.80 Reward:8.80 Time:5014
STOKE: LOC: Got location 42.361838 -75.235836 with 12.000000 accuracy
STOKE: LOC: Got location 42.361817 -75.235473 with 12.000000 accuracy
STOKE: LOC: Got location 42.361827 -75.234792 with 12.000000 accuracy
Signal: Info:LTE dBM:-104 level:3
ETask 4: Configuration:0 Energy:9.30 Power:9.30 Reward:9.30 Time:5016
STOKE: LOC: Got location 42.361832 -75.234435 with 11.000000 accuracy
STOKE: LOC: Got location 42.361808 -75.233692 with 11.000000 accuracy
STOKE: LOC: Got location 42.361824 -75.233312 with 11.000000 accuracy
Signal: Info:LTE dBM:-101 level:3
ETask 5: Configuration:0 Energy:8.90 Power:8.90 Reward:8.90 Time:5012
STOKE: LOC: Got location 42.361795 -75.232575 with 10.000000 accuracy
STOKE: LOC: Got location 42.361808 -75.232248 with 9.000000 accuracy
STOKE: LOC: Got location 42.361806 -75.231868 with 10.000000 accuracy
STOKE: LOC: Got location 42.361777 -75.231501 with 12.000000 accuracy
Signal: Info:LTE dBM:-106 level:2
ETask 6: Configuration:0 Energy:8.80 Power:8.80 Reward:8.80 Time:5018
STOKE: LOC: Got location 42.361708 -75.230707 with 13.000000 accuracy
STOKE: LOC: Got location 42.361689 -75.230342 with 13.000000 accuracy
STOKE: LOC: Got location 42.361619 -75.229994 with 13.000000 accuracy
STOKE: LOC: Got location 42.361610 -75.229630 with 14.000000 accuracy
Signal: Info:LTE dBM:-105 level:3
ETask 7: Configuration:0 Energy:9.20 Power:9.20 Reward:9.20 Time:5017
STOKE: LOC: Got location 42.361670 -75.228909 with 14.000000 accuracy
STOKE: LOC: Got location 42.361675 -75.228245 with 14.000000 accuracy
STOKE: LOC: Got location 42.361706 -75.227537 with 11.000000 accuracy
Signal: Info:LTE dBM:-112 level:2
ETask 8: Configuration:0 Energy:8.70 Power:8.70 Reward:8.70 Time:5016
STOKE: LOC: Got location 42.361712 -75.226779 with 11.000000 accuracy
STOKE: LOC: Got location 42.361724 -75.226041 with 9.000000 accuracy
STOKE: LOC: Got location 42.361723 -75.225656 with 9.000000 accuracy
Signal: Info:LTE dBM:-110 level:2
ETask 9: Configuration:0 Energy:10.10 Power:10.10 Reward:10.10 Time:5010
STOKE: LOC: Got location 42.361737 -75.225272 with 8.000000 accuracy
STOKE: LOC: Got location 42.361767 -75.224900 with 10.000000 accuracy
STOKE: LOC: Got location 42.361781 -75.224518 with 11.000000 accuracy
STOKE: LOC: Got location 42.361798 -75.224131 with 14.000000 accuracy
Signal: Info:LTE dBM:-107 level:2
ETask 10: Configuration:0 Energy:8.40 Power:8.40 Reward:8.40 Time:5016
STOKE: LOC: Got location 42.361805 -75.223353 with 18.000000 accuracy
STOKE: LOC: Got location 42.361863 -75.222610 with 21.000000 accuracy
STOKE: LOC: Got location 42.361876 -75.222213 with 21.000000 accuracy
STOKE: LOC: Got location 42.361856 -75.221763 with 21.000000 accuracy
Signal: Info:LTE dBM:-104 level:3
ETask 11: Configuration:0 Energy:7.90 Power:7.90 Reward:7.90 Time:5014
ERun: Reward:91.80 PostConfigReward:0.00 Time:55576
==RUN-3==
Signal: Info:LTE dBM:-114 level:2
STOKE: LOC: Got location 42.362448 -75.218677 with 19.000000 accuracy
STOKE: LOC: Got location 42.363714 -75.213825 with 31.000000 accuracy
STOKE: LOC: Got location 42.363880 -75.213387 with 14.000000 accuracy
Signal: Info:LTE dBM:-110 level:2
ETask 1: Configuration:0 Energy:3.70 Power:3.70 Reward:3.70 Time:5041
STOKE: LOC: Got location 42.364053 -75.213131 with 11.000000 accuracy
STOKE: LOC: Got location 42.364200 -75.212797 with 9.000000 accuracy
STOKE: LOC: Got location 42.364433 -75.212128 with 8.000000 accuracy
STOKE: LOC: Got location 42.364564 -75.211820 with 7.000000 accuracy
Signal: Info:LTE dBM:-103 level:3
ETask 2: Configuration:0 Energy:7.90 Power:7.90 Reward:7.90 Time:5015
STOKE: LOC: Got location 42.364814 -75.211174 with 8.000000 accuracy
STOKE: LOC: Got location 42.364962 -75.210873 with 9.000000 accuracy
STOKE: LOC: Got location 42.365129 -75.210599 with 9.000000 accuracy
Signal: Info:LTE dBM:-100 level:3
ETask 3: Configuration:0 Energy:9.10 Power:9.10 Reward:9.10 Time:5014
STOKE: LOC: Got location 42.365392 -75.209988 with 11.000000 accuracy
STOKE: LOC: Got location 42.365547 -75.209677 with 12.000000 accuracy
STOKE: LOC: Got location 42.365865 -75.209056 with 9.000000 accuracy
Signal: Info:LTE dBM:-96 level:3
ETask 4: Configuration:0 Energy:9.60 Power:9.60 Reward:9.60 Time:5013
STOKE: LOC: Got location 42.366153 -75.208446 with 9.000000 accuracy
STOKE: LOC: Got location 42.366315 -75.208161 with 8.000000 accuracy
STOKE: LOC: Got location 42.366668 -75.207609 with 7.000000 accuracy
Signal: Info:LTE dBM:-99 level:3
ETask 5: Configuration:0 Energy:10.90 Power:10.90 Reward:10.90 Time:5026
STOKE: LOC: Got location 42.367004 -75.207004 with 8.000000 accuracy
STOKE: LOC: Got location 42.367360 -75.206430 with 7.000000 accuracy
STOKE: LOC: Got location 42.367538 -75.206138 with 6.000000 accuracy
Signal: Info:LTE dBM:-98 level:3
ETask 6: Configuration:0 Energy:8.80 Power:8.80 Reward:8.80 Time:5011
STOKE: LOC: Got location 42.367877 -75.205580 with 5.000000 accuracy
STOKE: LOC: Got location 42.368049 -75.205299 with 6.000000 accuracy
STOKE: LOC: Got location 42.368227 -75.205031 with 7.000000 accuracy
STOKE: LOC: Got location 42.368609 -75.204476 with 6.000000 accuracy
Signal: Info:LTE dBM:-99 level:3
ETask 7: Configuration:0 Energy:8.90 Power:8.90 Reward:8.90 Time:5015
STOKE: LOC: Got location 42.369012 -75.203969 with 7.000000 accuracy
STOKE: LOC: Got location 42.369399 -75.203427 with 8.000000 accuracy
STOKE: LOC: Got location 42.369588 -75.203145 with 8.000000 accuracy
Signal: Info:LTE dBM:-99 level:3
ETask 8: Configuration:0 Energy:8.20 Power:8.20 Reward:8.20 Time:5012
STOKE: LOC: Got location 42.369938 -75.202599 with 7.000000 accuracy
STOKE: LOC: Got location 42.370125 -75.202333 with 6.000000 accuracy
STOKE: LOC: Got location 42.370506 -75.201780 with 6.000000 accuracy
Signal: Info:LTE dBM:-102 level:3
ETask 9: Configuration:0 Energy:8.10 Power:8.10 Reward:8.10 Time:5012
STOKE: LOC: Got location 42.370689 -75.201489 with 6.000000 accuracy
STOKE: LOC: Got location 42.371075 -75.200976 with 6.000000 accuracy
STOKE: LOC: Got location 42.371287 -75.200690 with 7.000000 accuracy
Signal: Info:LTE dBM:-98 level:3
ETask 10: Configuration:0 Energy:8.40 Power:8.40 Reward:8.40 Time:5016
STOKE: LOC: Got location 42.371660 -75.200140 with 7.000000 accuracy
STOKE: LOC: Got location 42.371839 -75.199872 with 7.000000 accuracy
STOKE: LOC: Got location 42.372192 -75.199338 with 9.000000 accuracy
Signal: Info:LTE dBM:-97 level:3
ETask 11: Configuration:0 Energy:8.10 Power:8.10 Reward:8.10 Time:5019
ERun: Reward:91.70 PostConfigReward:0.00 Time:55553
==RUN-4==
Signal: Info:LTE dBM:-98 level:3
STOKE: LOC: Got location 42.374020 -75.196617 with 11.000000 accuracy
STOKE: LOC: Got location 42.376310 -75.193617 with 32.000000 accuracy
STOKE: LOC: Got location 42.376589 -75.193096 with 26.000000 accuracy
STOKE: LOC: Got location 42.376834 -75.192700 with 15.000000 accuracy
Signal: Info:LTE dBM:-97 level:3
ETask 1: Configuration:0 Energy:2.80 Power:2.80 Reward:2.80 Time:5040
STOKE: LOC: Got location 42.377160 -75.192074 with 9.000000 accuracy
STOKE: LOC: Got location 42.377356 -75.191784 with 9.000000 accuracy
STOKE: LOC: Got location 42.377551 -75.191536 with 9.000000 accuracy
STOKE: LOC: Got location 42.377739 -75.191267 with 9.000000 accuracy
Signal: Info:LTE dBM:-95 level:4
ETask 2: Configuration:0 Energy:8.50 Power:8.50 Reward:8.50 Time:5012
STOKE: LOC: Got location 42.377916 -75.191008 with 8.000000 accuracy
STOKE: LOC: Got location 42.378299 -75.190456 with 7.000000 accuracy
STOKE: LOC: Got location 42.378523 -75.190198 with 9.000000 accuracy
Signal: Info:LTE dBM:-96 level:3
ETask 3: Configuration:0 Energy:8.40 Power:8.40 Reward:8.40 Time:5014
STOKE: LOC: Got location 42.378871 -75.189666 with 8.000000 accuracy
STOKE: LOC: Got location 42.379064 -75.189403 with 8.000000 accuracy
STOKE: LOC: Got location 42.379251 -75.189135 with 9.000000 accuracy
STOKE: LOC: Got location 42.379414 -75.188843 with 9.000000 accuracy
Signal: Info:LTE dBM:-97 level:3
ETask 4: Configuration:0 Energy:9.50 Power:9.50 Reward:9.50 Time:5016
STOKE: LOC: Got location 42.379775 -75.188294 with 9.000000 accuracy
STOKE: LOC: Got location 42.380158 -75.187778 with 7.000000 accuracy
STOKE: LOC: Got location 42.380517 -75.187293 with 7.000000 accuracy
Signal: Info:LTE dBM:-100 level:3
ETask 5: Configuration:0 Energy:9.10 Power:9.10 Reward:9.10 Time:5012
STOKE: LOC: Got location 42.380890 -75.186759 with 7.000000 accuracy
STOKE: LOC: Got location 42.381047 -75.186518 with 7.000000 accuracy
STOKE: LOC: Got location 42.381361 -75.186018 with 7.000000 accuracy
Signal: Info:LTE dBM:-100 level:3
ETask 6: Configuration:0 Energy:8.80 Power:8.80 Reward:8.80 Time:5014
STOKE: LOC: Got location 42.381516 -75.185816 with 7.000000 accuracy
STOKE: LOC: Got location 42.381845 -75.185373 with 6.000000 accuracy
STOKE: LOC: Got location 42.381998 -75.185128 with 6.000000 accuracy
STOKE: LOC: Got location 42.382140 -75.184906 with 5.000000 accuracy
Signal: Info:LTE dBM:-104 level:3
ETask 7: Configuration:0 Energy:9.10 Power:9.10 Reward:9.10 Time:5014
STOKE: LOC: Got location 42.382457 -75.184431 with 5.000000 accuracy
STOKE: LOC: Got location 42.382612 -75.184205 with 5.000000 accuracy
STOKE: LOC: Got location 42.382756 -75.183969 with 5.000000 accuracy
Signal: Info:LTE dBM:-99 level:3
ETask 8: Configuration:0 Energy:8.60 Power:8.60 Reward:8.60 Time:5016
STOKE: LOC: Got location 42.383063 -75.183521 with 4.000000 accuracy
STOKE: LOC: Got location 42.383202 -75.183277 with 4.000000 accuracy
STOKE: LOC: Got location 42.383344 -75.183027 with 4.000000 accuracy
STOKE: LOC: Got location 42.383639 -75.182552 with 4.000000 accuracy
Signal: Info:LTE dBM:-101 level:3
ETask 9: Configuration:0 Energy:8.20 Power:8.20 Reward:8.20 Time:5015
STOKE: LOC: Got location 42.383929 -75.182057 with 4.000000 accuracy
STOKE: LOC: Got location 42.384210 -75.181544 with 5.000000 accuracy
Signal: Info:LTE dBM:-94 level:4
ETask 10: Configuration:0 Energy:10.60 Power:10.60 Reward:10.60 Time:5014
STOKE: LOC: Got location 42.384503 -75.181037 with 6.000000 accuracy
STOKE: LOC: Got location 42.384638 -75.180767 with 6.000000 accuracy
STOKE: LOC: Got location 42.384755 -75.180520 with 6.000000 accuracy
STOKE: LOC: Got location 42.385001 -75.180019 with 7.000000 accuracy
Signal: Info:LTE dBM:-94 level:4
ETask 11: Configuration:0 Energy:8.50 Power:8.50 Reward:8.50 Time:5013
ERun: Reward:92.10 PostConfigReward:0.00 Time:55591
==RUN-5==
Signal: Info:LTE dBM:-94 level:4
STOKE: LOC: Got location 42.386118 -75.177646 with 18.000000 accuracy
STOKE: LOC: Got location 42.387354 -75.174047 with 35.000000 accuracy
STOKE: LOC: Got location 42.387456 -75.173575 with 27.000000 accuracy
Signal: Info:LTE dBM:-97 level:3
ETask 1: Configuration:0 Energy:3.40 Power:3.40 Reward:3.40 Time:5034
STOKE: LOC: Got location 42.387549 -75.173194 with 17.000000 accuracy
STOKE: LOC: Got location 42.387704 -75.172933 with 12.000000 accuracy
STOKE: LOC: Got location 42.387797 -75.172666 with 10.000000 accuracy
STOKE: LOC: Got location 42.387874 -75.172293 with 8.000000 accuracy
STOKE: LOC: Got location 42.387976 -75.172063 with 8.000000 accuracy
Signal: Info:LTE dBM:-95 level:4
ETask 2: Configuration:0 Energy:7.20 Power:7.20 Reward:7.20 Time:5015
STOKE: LOC: Got location 42.388077 -75.171799 with 9.000000 accuracy
STOKE: LOC: Got location 42.388194 -75.171510 with 8.000000 accuracy
STOKE: LOC: Got location 42.388300 -75.171224 with 8.000000 accuracy
STOKE: LOC: Got location 42.388397 -75.170943 with 7.000000 accuracy
Signal: Info:LTE dBM:-93 level:4
ETask 3: Configuration:0 Energy:8.40 Power:8.40 Reward:8.40 Time:5017
STOKE: LOC: Got location 42.388621 -75.170410 with 8.000000 accuracy
STOKE: LOC: Got location 42.388711 -75.170103 with 8.000000 accuracy
STOKE: LOC: Got location 42.388793 -75.169775 with 7.000000 accuracy
STOKE: LOC: Got location 42.388972 -75.169149 with 6.000000 accuracy
Signal: Info:LTE dBM:-93 level:4
ETask 4: Configuration:0 Energy:9.30 Power:9.30 Reward:9.30 Time:5019
STOKE: LOC: Got location 42.389067 -75.168841 with 7.000000 accuracy
STOKE: LOC: Got location 42.389157 -75.168546 with 7.000000 accuracy
STOKE: LOC: Got location 42.389248 -75.168283 with 7.000000 accuracy
STOKE: LOC: Got location 42.389318 -75.167976 with 8.000000 accuracy
STOKE: LOC: Got location 42.389407 -75.167702 with 9.000000 accuracy
Signal: Info:LTE dBM:-104 level:3
ETask 5: Configuration:0 Energy:9.40 Power:9.40 Reward:9.40 Time:5013
STOKE: LOC: Got location 42.389554 -75.167075 with 9.000000 accuracy
STOKE: LOC: Got location 42.389635 -75.166759 with 9.000000 accuracy
STOKE: LOC: Got location 42.389697 -75.166433 with 10.000000 accuracy
STOKE: LOC: Got location 42.389761 -75.166133 with 10.000000 accuracy
Signal: Info:LTE dBM:-105 level:3
ETask 6: Configuration:0 Energy:10.80 Power:10.80 Reward:10.80 Time:5012
STOKE: LOC: Got location 42.389890 -75.165480 with 8.000000 accuracy
STOKE: LOC: Got location 42.389957 -75.165167 with 8.000000 accuracy
STOKE: LOC: Got location 42.390027 -75.164890 with 8.000000 accuracy
Signal: Info:LTE dBM:-104 level:3
ETask 7: Configuration:0 Energy:9.40 Power:9.40 Reward:9.40 Time:5013
STOKE: LOC: Got location 42.390134 -75.164305 with 8.000000 accuracy
STOKE: LOC: Got location 42.390261 -75.163721 with 11.000000 accuracy
STOKE: LOC: Got location 42.390291 -75.163400 with 12.000000 accuracy
STOKE: LOC: Got location 42.390367 -75.163101 with 11.000000 accuracy
Signal: Info:LTE dBM:-99 level:3
ETask 8: Configuration:0 Energy:9.10 Power:9.10 Reward:9.10 Time:5015
STOKE: LOC: Got location 42.390452 -75.162481 with 8.000000 accuracy
STOKE: LOC: Got location 42.390538 -75.161852 with 9.000000 accuracy
STOKE: LOC: Got location 42.390588 -75.161530 with 9.000000 accuracy
Signal: Info:LTE dBM:-101 level:3
ETask 9: Configuration:0 Energy:8.80 Power:8.80 Reward:8.80 Time:5012
STOKE: LOC: Got location 42.390693 -75.160893 with 8.000000 accuracy
STOKE: LOC: Got location 42.390745 -75.160551 with 8.000000 accuracy
STOKE: LOC: Got location 42.390764 -75.160218 with 9.000000 accuracy
STOKE: LOC: Got location 42.390786 -75.159871 with 11.000000 accuracy
Signal: Info:LTE dBM:-91 level:4
ETask 10: Configuration:0 Energy:9.20 Power:9.20 Reward:9.20 Time:5014
STOKE: LOC: Got location 42.390821 -75.159188 with 15.000000 accuracy
STOKE: LOC: Got location 42.390939 -75.159006 with 17.000000 accuracy
STOKE: LOC: Got location 42.391158 -75.158368 with 23.000000 accuracy
Signal: Info:LTE dBM:-92 level:4
ETask 11: Configuration:0 Energy:9.10 Power:9.10 Reward:9.10 Time:5014
ERun: Reward:94.10 PostConfigReward:0.00 Time:55525
==RUN-6==
Signal: Info:LTE dBM:-97 level:3
STOKE: LOC: Got location 42.391459 -75.155938 with 40.000000 accuracy
STOKE: LOC: Got location 42.391579 -75.151065 with 91.000000 accuracy
STOKE: LOC: Got location 42.391411 -75.150243 with 68.000000 accuracy
Signal: Info:LTE dBM:-91 level:4
ETask 1: Configuration:0 Energy:2.90 Power:2.90 Reward:2.90 Time:5033
STOKE: LOC: Got location 42.391657 -75.150247 with 50.000000 accuracy
STOKE: LOC: Got location 42.391734 -75.149553 with 41.000000 accuracy
STOKE: LOC: Got location 42.391824 -75.149334 with 24.000000 accuracy
Signal: Info:LTE dBM:-104 level:3
ETask 2: Configuration:0 Energy:8.70 Power:8.70 Reward:8.70 Time:5012
STOKE: LOC: Got location 42.391945 -75.148747 with 21.000000 accuracy
STOKE: LOC: Got location 42.392102 -75.148609 with 20.000000 accuracy
STOKE: LOC: Got location 42.392175 -75.148324 with 21.000000 accuracy
STOKE: LOC: Got location 42.392237 -75.148024 with 20.000000 accuracy
Signal: Info:LTE dBM:-100 level:3
ETask 3: Configuration:0 Energy:9.00 Power:9.00 Reward:9.00 Time:5017
STOKE: LOC: Got location 42.392390 -75.147560 with 23.000000 accuracy
STOKE: LOC: Got location 42.392404 -75.147254 with 25.000000 accuracy
STOKE: LOC: Got location 42.392509 -75.146626 with 24.000000 accuracy
Signal: Info:LTE dBM:-95 level:4
ETask 4: Configuration:0 Energy:10.40 Power:10.40 Reward:10.40 Time:5017
STOKE: LOC: Got location 42.392518 -75.146312 with 22.000000 accuracy
STOKE: LOC: Got location 42.392545 -75.145990 with 22.000000 accuracy
STOKE: LOC: Got location 42.392601 -75.145708 with 21.000000 accuracy
STOKE: LOC: Got location 42.392740 -75.145085 with 17.000000 accuracy
Signal: Info:LTE dBM:-101 level:3
ETask 5: Configuration:0 Energy:10.70 Power:10.70 Reward:10.70 Time:5011
STOKE: LOC: Got location 42.392806 -75.144784 with 16.000000 accuracy
STOKE: LOC: Got location 42.392941 -75.144179 with 10.000000 accuracy
STOKE: LOC: Got location 42.392998 -75.143864 with 7.000000 accuracy
STOKE: LOC: Got location 42.393085 -75.143567 with 6.000000 accuracy
Signal: Info:LTE dBM:-92 level:4
ETask 6: Configuration:0 Energy:10.30 Power:10.30 Reward:10.30 Time:5013
STOKE: LOC: Got location 42.393290 -75.142959 with 5.000000 accuracy
STOKE: LOC: Got location 42.393393 -75.142659 with 5.000000 accuracy
STOKE: LOC: Got location 42.393494 -75.142386 with 5.000000 accuracy
Signal: Info:LTE dBM:-91 level:4
ETask 7: Configuration:0 Energy:10.10 Power:10.10 Reward:10.10 Time:5012
STOKE: LOC: Got location 42.393735 -75.141806 with 6.000000 accuracy
STOKE: LOC: Got location 42.393976 -75.141220 with 7.000000 accuracy
STOKE: LOC: Got location 42.394112 -75.140963 with 7.000000 accuracy
STOKE: LOC: Got location 42.394246 -75.140705 with 8.000000 accuracy
Signal: Info:LTE dBM:-87 level:4
ETask 8: Configuration:0 Energy:10.10 Power:10.10 Reward:10.10 Time:5013
STOKE: LOC: Got location 42.394537 -75.140219 with 5.000000 accuracy
STOKE: LOC: Got location 42.394678 -75.139983 with 5.000000 accuracy
STOKE: LOC: Got location 42.394974 -75.139529 with 5.000000 accuracy
Signal: Info:LTE dBM:-95 level:4
ETask 9: Configuration:0 Energy:9.60 Power:9.60 Reward:9.60 Time:5011
STOKE: LOC: Got location 42.395135 -75.139318 with 5.000000 accuracy
STOKE: LOC: Got location 42.395298 -75.139114 with 5.000000 accuracy
STOKE: LOC: Got location 42.395453 -75.138887 with 5.000000 accuracy
STOKE: LOC: Got location 42.395606 -75.138668 with 6.000000 accuracy
Signal: Info:LTE dBM:-92 level:4
ETask 10: Configuration:0 Energy:9.80 Power:9.80 Reward:9.80 Time:5013
STOKE: LOC: Got location 42.395967 -75.138263 with 6.000000 accuracy
STOKE: LOC: Got location 42.396141 -75.138073 with 7.000000 accuracy
STOKE: LOC: Got location 42.396309 -75.137869 with 8.000000 accuracy
STOKE: LOC: Got location 42.396667 -75.137458 with 8.000000 accuracy
Signal: Info:LTE dBM:-92 level:4
ETask 11: Configuration:0 Energy:11.90 Power:11.90 Reward:11.90 Time:5011
ERun: Reward:103.50 PostConfigReward:0.00 Time:55602
==RUN-7==
Signal: Info:LTE dBM:-96 level:3
STOKE: LOC: Got location 42.398454 -75.135978 with 9.000000 accuracy
STOKE: LOC: Got location 42.401708 -75.134935 with 39.000000 accuracy
STOKE: LOC: Got location 42.402016 -75.134904 with 21.000000 accuracy
Signal: Info:LTE dBM:-87 level:4
ETask 1: Configuration:0 Energy:3.20 Power:3.20 Reward:3.20 Time:5038
STOKE: LOC: Got location 42.402557 -75.135074 with 16.000000 accuracy
STOKE: LOC: Got location 42.403035 -75.134943 with 15.000000 accuracy
STOKE: LOC: Got location 42.403281 -75.134915 with 16.000000 accuracy
STOKE: LOC: Got location 42.403508 -75.134950 with 13.000000 accuracy
Signal: Info:LTE dBM:-95 level:4
ETask 2: Configuration:0 Energy:7.60 Power:7.60 Reward:7.60 Time:5012
STOKE: LOC: Got location 42.403969 -75.134956 with 12.000000 accuracy
STOKE: LOC: Got location 42.404209 -75.134970 with 10.000000 accuracy
STOKE: LOC: Got location 42.404458 -75.135005 with 9.000000 accuracy
STOKE: LOC: Got location 42.404706 -75.135059 with 10.000000 accuracy
Signal: Info:LTE dBM:-87 level:4
ETask 3: Configuration:0 Energy:8.80 Power:8.80 Reward:8.80 Time:5011
STOKE: LOC: Got location 42.405179 -75.135165 with 8.000000 accuracy
STOKE: LOC: Got location 42.405431 -75.135233 with 8.000000 accuracy
STOKE: LOC: Got location 42.405700 -75.135275 with 8.000000 accuracy
Signal: Info:LTE dBM:-86 level:4
ETask 4: Configuration:0 Energy:9.40 Power:9.40 Reward:9.40 Time:5013
STOKE: LOC: Got location 42.406174 -75.135494 with 8.000000 accuracy
STOKE: LOC: Got location 42.406413 -75.135604 with 9.000000 accuracy
STOKE: LOC: Got location 42.406929 -75.135705 with 10.000000 accuracy
Signal: Info:LTE dBM:-92 level:4
ETask 5: Configuration:0 Energy:10.20 Power:10.20 Reward:10.20 Time:5012
STOKE: LOC: Got location 42.407424 -75.135868 with 10.000000 accuracy
STOKE: LOC: Got location 42.407688 -75.135859 with 11.000000 accuracy
STOKE: LOC: Got location 42.407933 -75.135957 with 11.000000 accuracy
STOKE: LOC: Got location 42.408371 -75.136234 with 12.000000 accuracy
Signal: Info:LTE dBM:-101 level:3
ETask 6: Configuration:0 Energy:9.50 Power:9.50 Reward:9.50 Time:5014
STOKE: LOC: Got location 42.408812 -75.136439 with 12.000000 accuracy
STOKE: LOC: Got location 42.409042 -75.136541 with 13.000000 accuracy
STOKE: LOC: Got location 42.409505 -75.136724 with 12.000000 accuracy
Signal: Info:LTE dBM:-108 level:2
ETask 7: Configuration:0 Energy:11.10 Power:11.10 Reward:11.10 Time:5016
STOKE: LOC: Got location 42.409723 -75.136819 with 12.000000 accuracy
STOKE: LOC: Got location 42.410159 -75.137068 with 10.000000 accuracy
STOKE: LOC: Got location 42.410570 -75.137273 with 13.000000 accuracy
Signal: Info:LTE dBM:-108 level:2
ETask 8: Configuration:0 Energy:9.50 Power:9.50 Reward:9.50 Time:5014
STOKE: LOC: Got location 42.410812 -75.137356 with 14.000000 accuracy
STOKE: LOC: Got location 42.411039 -75.137441 with 14.000000 accuracy
STOKE: LOC: Got location 42.411492 -75.137559 with 13.000000 accuracy
STOKE: LOC: Got location 42.411703 -75.137620 with 12.000000 accuracy
Signal: Info:LTE dBM:-110 level:2
ETask 9: Configuration:0 Energy:9.00 Power:9.00 Reward:9.00 Time:5015
STOKE: LOC: Got location 42.412131 -75.137742 with 12.000000 accuracy
STOKE: LOC: Got location 42.412356 -75.137822 with 11.000000 accuracy
STOKE: LOC: Got location 42.412570 -75.137855 with 13.000000 accuracy
STOKE: LOC: Got location 42.412814 -75.137912 with 14.000000 accuracy
Signal: Info:LTE dBM:-116 level:1
ETask 10: Configuration:0 Energy:9.00 Power:9.00 Reward:9.00 Time:5015
STOKE: LOC: Got location 42.413022 -75.137960 with 15.000000 accuracy
STOKE: LOC: Got location 42.413288 -75.137938 with 16.000000 accuracy
STOKE: LOC: Got location 42.413512 -75.137994 with 16.000000 accuracy
STOKE: LOC: Got location 42.413974 -75.138061 with 19.000000 accuracy
Signal: Info:LTE dBM:-116 level:1
ETask 11: Configuration:0 Energy:9.20 Power:9.20 Reward:9.20 Time:5013
ERun: Reward:96.50 PostConfigReward:0.00 Time:55594
==RUN-8==
STOKE: LOC: Got location 42.415663 -75.137790 with 30.000000 accuracy
STOKE: LOC: Got location 42.418993 -75.137460 with 32.000000 accuracy
ETask 1: Configuration:0 Energy:3.20 Power:3.20 Reward:3.20 Time:5029
STOKE: LOC: Got location 42.419471 -75.137191 with 16.000000 accuracy
STOKE: LOC: Got location 42.419904 -75.136929 with 8.000000 accuracy
STOKE: LOC: Got location 42.420093 -75.136791 with 7.000000 accuracy
ETask 2: Configuration:0 Energy:9.00 Power:9.00 Reward:9.00 Time:5012
STOKE: LOC: Got location 42.420335 -75.136685 with 6.000000 accuracy
STOKE: LOC: Got location 42.420568 -75.136555 with 7.000000 accuracy
STOKE: LOC: Got location 42.421008 -75.136288 with 8.000000 accuracy
STOKE: LOC: Got location 42.421274 -75.136191 with 11.000000 accuracy
ETask 3: Configuration:0 Energy:11.30 Power:11.30 Reward:11.30 Time:5007
STOKE: LOC: Got location 42.421704 -75.135924 with 12.000000 accuracy
STOKE: LOC: Got location 42.421988 -75.135770 with 13.000000 accuracy
STOKE: LOC: Got location 42.422350 -75.135409 with 10.000000 accuracy
ETask 4: Configuration:0 Energy:14.20 Power:14.20 Reward:14.20 Time:5009
STOKE: LOC: Got location 42.422560 -75.135195 with 10.000000 accuracy
STOKE: LOC: Got location 42.422772 -75.135018 with 11.000000 accuracy
STOKE: LOC: Got location 42.422973 -75.134902 with 13.000000 accuracy
STOKE: LOC: Got location 42.423140 -75.134728 with 15.000000 accuracy
Signal: Info:LTE dBM:-106 level:2
ETask 5: Configuration:0 Energy:13.50 Power:13.50 Reward:13.50 Time:5014
STOKE: LOC: Got location 42.423445 -75.134389 with 13.000000 accuracy
STOKE: LOC: Got location 42.423829 -75.134039 with 9.000000 accuracy
STOKE: LOC: Got location 42.424223 -75.133644 with 7.000000 accuracy
Signal: Info:LTE dBM:-114 level:2
ETask 6: Configuration:0 Energy:12.70 Power:12.70 Reward:12.70 Time:5014
STOKE: LOC: Got location 42.424402 -75.133460 with 6.000000 accuracy
STOKE: LOC: Got location 42.424563 -75.133258 with 7.000000 accuracy
STOKE: LOC: Got location 42.424737 -75.133033 with 7.000000 accuracy
STOKE: LOC: Got location 42.424943 -75.132828 with 7.000000 accuracy
Signal: Info:LTE dBM:-103 level:3
ETask 7: Configuration:0 Energy:11.10 Power:11.10 Reward:11.10 Time:5013
STOKE: LOC: Got location 42.425250 -75.132364 with 7.000000 accuracy
STOKE: LOC: Got location 42.425383 -75.132103 with 7.000000 accuracy
STOKE: LOC: Got location 42.425654 -75.131597 with 7.000000 accuracy
Signal: Info:LTE dBM:-98 level:3
ETask 8: Configuration:0 Energy:10.90 Power:10.90 Reward:10.90 Time:5016
STOKE: LOC: Got location 42.425961 -75.131101 with 6.000000 accuracy
STOKE: LOC: Got location 42.426084 -75.130839 with 5.000000 accuracy
STOKE: LOC: Got location 42.426222 -75.130587 with 5.000000 accuracy
STOKE: LOC: Got location 42.426370 -75.130343 with 5.000000 accuracy
STOKE: LOC: Got location 42.426513 -75.130104 with 6.000000 accuracy
Signal: Info:LTE dBM:-94 level:4
ETask 9: Configuration:0 Energy:9.70 Power:9.70 Reward:9.70 Time:5015
STOKE: LOC: Got location 42.426769 -75.129541 with 5.000000 accuracy
STOKE: LOC: Got location 42.426888 -75.129282 with 5.000000 accuracy
STOKE: LOC: Got location 42.427012 -75.129033 with 5.000000 accuracy
Signal: Info:LTE dBM:-94 level:4
ETask 10: Configuration:0 Energy:9.00 Power:9.00 Reward:9.00 Time:5016
STOKE: LOC: Got location 42.427259 -75.128487 with 8.000000 accuracy
STOKE: LOC: Got location 42.427467 -75.127875 with 11.000000 accuracy
STOKE: LOC: Got location 42.427634 -75.127672 with 13.000000 accuracy
Signal: Info:LTE dBM:-101 level:3
ETask 11: Configuration:0 Energy:9.60 Power:9.60 Reward:9.60 Time:5015
ERun: Reward:114.20 PostConfigReward:0.00 Time:55592
==RUN-9==
Signal: Info:LTE dBM:-108 level:2
STOKE: LOC: Got location 42.428254 -75.124643 with 10.000000 accuracy
STOKE: LOC: Got location 42.429479 -75.120997 with 51.000000 accuracy
STOKE: LOC: Got location 42.429303 -75.120488 with 27.000000 accuracy
STOKE: LOC: Got location 42.429277 -75.120221 with 20.000000 accuracy
Signal: Info:LTE dBM:-107 level:2
ETask 1: Configuration:0 Energy:3.70 Power:3.70 Reward:3.70 Time:5037
STOKE: LOC: Got location 42.429281 -75.119899 with 14.000000 accuracy
STOKE: LOC: Got location 42.429275 -75.119564 with 12.000000 accuracy
STOKE: LOC: Got location 42.429297 -75.119201 with 11.000000 accuracy
STOKE: LOC: Got location 42.429355 -75.118831 with 11.000000 accuracy
Signal: Info:LTE dBM:-107 level:2
ETask 2: Configuration:0 Energy:8.20 Power:8.20 Reward:8.20 Time:5013
STOKE: LOC: Got location 42.429455 -75.118224 with 10.000000 accuracy
STOKE: LOC: Got location 42.429532 -75.117655 with 10.000000 accuracy
STOKE: LOC: Got location 42.429642 -75.117091 with 9.000000 accuracy
Signal: Info:LTE dBM:-103 level:3
ETask 3: Configuration:0 Energy:9.20 Power:9.20 Reward:9.20 Time:5014
STOKE: LOC: Got location 42.429756 -75.116472 with 10.000000 accuracy
STOKE: LOC: Got location 42.429840 -75.116154 with 11.000000 accuracy
STOKE: LOC: Got location 42.429922 -75.115809 with 11.000000 accuracy
STOKE: LOC: Got location 42.430041 -75.115500 with 11.000000 accuracy
Signal: Info:LTE dBM:-123 level:1
ETask 4: Configuration:0 Energy:9.40 Power:9.40 Reward:9.40 Time:5017
STOKE: LOC: Got location 42.430204 -75.114993 with 12.000000 accuracy
STOKE: LOC: Got location 42.430288 -75.114673 with 13.000000 accuracy
STOKE: LOC: Got location 42.430422 -75.114408 with 13.000000 accuracy
Signal: Info:LTE dBM:-122 level:1
ETask 5: Configuration:0 Energy:10.00 Power:10.00 Reward:10.00 Time:5013
STOKE: LOC: Got location 42.430605 -75.113962 with 10.000000 accuracy
STOKE: LOC: Got location 42.430710 -75.113646 with 9.000000 accuracy
STOKE: LOC: Got location 42.430809 -75.113368 with 9.000000 accuracy
STOKE: LOC: Got location 42.431065 -75.112825 with 7.000000 accuracy
Signal: Info:LTE dBM:-120 level:1
ETask 6: Configuration:0 Energy:9.60 Power:9.60 Reward:9.60 Time:5021
STOKE: LOC: Got location 42.431338 -75.112305 with 6.000000 accuracy
STOKE: LOC: Got location 42.431490 -75.112050 with 6.000000 accuracy
STOKE: LOC: Got location 42.431641 -75.111807 with 6.000000 accuracy
STOKE: LOC: Got location 42.431793 -75.111560 with 6.000000 accuracy
Signal: Info:LTE dBM:-124 level:1
ETask 7: Configuration:0 Energy:9.00 Power:9.00 Reward:9.00 Time:5018
STOKE: LOC: Got location 42.432095 -75.111099 with 7.000000 accuracy
STOKE: LOC: Got location 42.432241 -75.110847 with 7.000000 accuracy
STOKE: LOC: Got location 42.432397 -75.110626 with 8.000000 accuracy
Signal: Info:LTE dBM:-112 level:2
ETask 8: Configuration:0 Energy:11.20 Power:11.20 Reward:11.20 Time:5014
STOKE: LOC: Got location 42.432743 -75.110158 with 12.000000 accuracy
STOKE: LOC: Got location 42.433058 -75.109749 with 14.000000 accuracy
STOKE: LOC: Got location 42.433223 -75.109545 with 16.000000 accuracy
STOKE: LOC: Got location 42.433454 -75.109304 with 11.000000 accuracy
Signal: Info:LTE dBM:-115 level:2
ETask 9: Configuration:0 Energy:8.90 Power:8.90 Reward:8.90 Time:5017
STOKE: LOC: Got location 42.433827 -75.109009 with 12.000000 accuracy
STOKE: LOC: Got location 42.434245 -75.108676 with 7.000000 accuracy
STOKE: LOC: Got location 42.434437 -75.108503 with 7.000000 accuracy
Signal: Info:LTE dBM:-110 level:2
ETask 10: Configuration:0 Energy:8.50 Power:8.50 Reward:8.50 Time:5018
STOKE: LOC: Got location 42.434639 -75.108325 with 7.000000 accuracy
STOKE: LOC: Got location 42.435029 -75.107977 with 7.000000 accuracy
STOKE: LOC: Got location 42.435222 -75.107802 with 7.000000 accuracy
Signal: Info:LTE dBM:-112 level:2
ETask 11: Configuration:0 Energy:9.10 Power:9.10 Reward:9.10 Time:5019
ERun: Reward:96.80 PostConfigReward:0.00 Time:55613
