==RUN-0==
Signal: Info:LTE dBM:-103 level:3
STOKE: LOC: Got location 42.682103 -74.415739 with 3099.999023 accuracy
STOKE: LOC: Got location 42.682103 -74.415739 with 3099.999023 accuracy
Signal: Info:LTE dBM:-101 level:3
ETask 1: Configuration:0 Energy:3.20 Power:3.20 Reward:3.20 Time:5050
STOKE: LOC: Got location 42.682103 -74.415739 with 3099.999023 accuracy
Signal: Info:LTE dBM:-100 level:3
ETask 2: Configuration:0 Energy:5.80 Power:5.80 Reward:5.80 Time:5021
STOKE: LOC: Got location 42.682103 -74.415739 with 3099.999023 accuracy
Signal: Info:LTE dBM:-101 level:3
ETask 3: Configuration:0 Energy:6.80 Power:6.80 Reward:6.80 Time:5015
STOKE: LOC: Got location 42.682103 -74.415739 with 3099.999023 accuracy
Signal: Info:LTE dBM:-100 level:3
ETask 4: Configuration:0 Energy:6.90 Power:6.90 Reward:6.90 Time:5022
STOKE: LOC: Got location 42.682103 -74.415739 with 3099.999023 accuracy
Signal: Info:LTE dBM:-100 level:3
ETask 5: Configuration:0 Energy:6.40 Power:6.40 Reward:6.40 Time:5023
STOKE: LOC: Got location 42.682103 -74.415739 with 3099.999023 accuracy
Signal: Info:LTE dBM:-103 level:3
ETask 6: Configuration:0 Energy:6.30 Power:6.30 Reward:6.30 Time:5020
STOKE: LOC: Got location 42.682103 -74.415739 with 3099.999023 accuracy
Signal: Info:LTE dBM:-101 level:3
ETask 7: Configuration:0 Energy:6.50 Power:6.50 Reward:6.50 Time:5021
STOKE: LOC: Got location 42.682103 -74.415739 with 3099.999023 accuracy
Signal: Info:LTE dBM:-102 level:3
ETask 8: Configuration:0 Energy:6.10 Power:6.10 Reward:6.10 Time:5023
STOKE: LOC: Got location 42.682103 -74.415739 with 3099.999023 accuracy
Signal: Info:LTE dBM:-99 level:3
ETask 9: Configuration:0 Energy:7.40 Power:7.40 Reward:7.40 Time:5021
STOKE: LOC: Got location 42.682103 -74.415739 with 3099.999023 accuracy
Signal: Info:LTE dBM:-115 level:2
ETask 10: Configuration:0 Energy:5.90 Power:5.90 Reward:5.90 Time:5022
STOKE: LOC: Got location 42.682103 -74.415739 with 3099.999023 accuracy
Signal: Info:LTE dBM:-114 level:2
ETask 11: Configuration:0 Energy:5.50 Power:5.50 Reward:5.50 Time:5023
ERun: Reward:66.80 PostConfigReward:0.00 Time:55821
==RUN-1==
Signal: Info:LTE dBM:-99 level:3
STOKE: LOC: Got location 42.682103 -74.415739 with 3099.999023 accuracy
STOKE: LOC: Got location 42.682103 -74.415739 with 3099.999023 accuracy
Signal: Info:LTE dBM:-97 level:3
ETask 1: Configuration:0 Energy:2.50 Power:2.50 Reward:2.50 Time:5058
STOKE: LOC: Got location 42.682103 -74.415739 with 3099.999023 accuracy
Signal: Info:LTE dBM:-113 level:2
ETask 2: Configuration:0 Energy:5.70 Power:5.70 Reward:5.70 Time:5016
STOKE: LOC: Got location 42.682103 -74.415739 with 3099.999023 accuracy
Signal: Info:LTE dBM:-114 level:2
ETask 3: Configuration:0 Energy:7.00 Power:7.00 Reward:7.00 Time:5022
STOKE: LOC: Got location 42.682103 -74.415739 with 3099.999023 accuracy
Signal: Info:LTE dBM:-110 level:2
ETask 4: Configuration:0 Energy:7.40 Power:7.40 Reward:7.40 Time:5023
STOKE: LOC: Got location 42.682103 -74.415739 with 3099.999023 accuracy
Signal: Info:LTE dBM:-114 level:2
ETask 5: Configuration:0 Energy:6.50 Power:6.50 Reward:6.50 Time:5023
STOKE: LOC: Got location 42.682103 -74.415739 with 3099.999023 accuracy
Signal: Info:LTE dBM:-111 level:2
ETask 6: Configuration:0 Energy:6.40 Power:6.40 Reward:6.40 Time:5022
STOKE: LOC: Got location 42.682103 -74.415739 with 3099.999023 accuracy
Signal: Info:LTE dBM:-125 level:1
ETask 7: Configuration:0 Energy:6.40 Power:6.40 Reward:6.40 Time:5022
STOKE: LOC: Got location 42.682103 -74.415739 with 3099.999023 accuracy
Signal: Info:LTE dBM:-94 level:4
ETask 8: Configuration:0 Energy:3.70 Power:3.70 Reward:3.70 Time:5017
STOKE: LOC: Got location 42.682909 -74.409152 with 3100.000000 accuracy
Signal: Info:LTE dBM:-94 level:4
ETask 9: Configuration:0 Energy:1.20 Power:1.20 Reward:1.20 Time:5022
STOKE: LOC: Got location 42.683443 -74.395080 with 3100.000000 accuracy
Signal: Info:LTE dBM:-90 level:4
ETask 10: Configuration:0 Energy:4.40 Power:4.40 Reward:4.40 Time:5022
STOKE: LOC: Got location 42.684334 -74.371626 with 3100.000000 accuracy
Signal: Info:LTE dBM:-90 level:4
ETask 11: Configuration:0 Energy:4.20 Power:4.20 Reward:4.20 Time:5018
ERun: Reward:55.40 PostConfigReward:0.00 Time:55851
==RUN-2==
Signal: Info:LTE dBM:-88 level:4
STOKE: LOC: Got location 42.684334 -74.371626 with 3100.000000 accuracy
STOKE: LOC: Got location 42.684334 -74.371626 with 3100.000000 accuracy
Signal: Info:LTE dBM:-87 level:4
ETask 1: Configuration:0 Energy:2.90 Power:2.90 Reward:2.90 Time:5038
STOKE: LOC: Got location 42.684334 -74.371626 with 3100.000000 accuracy
Signal: Info:LTE dBM:-86 level:4
ETask 2: Configuration:0 Energy:7.20 Power:7.20 Reward:7.20 Time:5014
STOKE: LOC: Got location 42.684334 -74.371626 with 3100.000000 accuracy
Signal: Info:LTE dBM:-92 level:4
ETask 3: Configuration:0 Energy:7.10 Power:7.10 Reward:7.10 Time:5018
STOKE: LOC: Got location 42.684334 -74.371626 with 3100.000000 accuracy
Signal: Info:LTE dBM:-92 level:4
ETask 4: Configuration:0 Energy:7.20 Power:7.20 Reward:7.20 Time:5012
STOKE: LOC: Got location 42.684334 -74.371626 with 3100.000000 accuracy
Signal: Info:LTE dBM:-90 level:4
ETask 5: Configuration:0 Energy:6.60 Power:6.60 Reward:6.60 Time:5021
STOKE: LOC: Got location 42.684334 -74.371626 with 3100.000000 accuracy
Signal: Info:LTE dBM:-92 level:4
ETask 6: Configuration:0 Energy:6.50 Power:6.50 Reward:6.50 Time:5024
STOKE: LOC: Got location 42.684334 -74.371626 with 3100.000000 accuracy
Signal: Info:LTE dBM:-95 level:4
ETask 7: Configuration:0 Energy:6.60 Power:6.60 Reward:6.60 Time:5022
STOKE: LOC: Got location 42.684334 -74.371626 with 3100.000000 accuracy
Signal: Info:LTE dBM:-98 level:3
ETask 8: Configuration:0 Energy:6.00 Power:6.00 Reward:6.00 Time:5018
STOKE: LOC: Got location 42.684334 -74.371626 with 3100.000000 accuracy
Signal: Info:LTE dBM:-96 level:3
ETask 9: Configuration:0 Energy:6.00 Power:6.00 Reward:6.00 Time:5020
STOKE: LOC: Got location 42.684334 -74.371626 with 3100.000000 accuracy
Signal: Info:LTE dBM:-89 level:4
ETask 10: Configuration:0 Energy:6.20 Power:6.20 Reward:6.20 Time:5024
STOKE: LOC: Got location 42.684334 -74.371626 with 3100.000000 accuracy
Signal: Info:LTE dBM:-79 level:4
ETask 11: Configuration:0 Energy:7.20 Power:7.20 Reward:7.20 Time:5022
ERun: Reward:69.50 PostConfigReward:0.00 Time:55615
==RUN-3==
Signal: Info:LTE dBM:-95 level:4
STOKE: LOC: Got location 42.680436 -74.408043 with 2700.000000 accuracy
STOKE: LOC: Got location 42.680436 -74.408043 with 2700.000000 accuracy
Signal: Info:LTE dBM:-93 level:4
ETask 1: Configuration:0 Energy:2.90 Power:2.90 Reward:2.90 Time:5037
STOKE: LOC: Got location 42.680436 -74.408043 with 2700.000000 accuracy
Signal: Info:LTE dBM:-98 level:3
ETask 2: Configuration:0 Energy:5.80 Power:5.80 Reward:5.80 Time:5024
STOKE: LOC: Got location 42.680436 -74.408043 with 2700.000000 accuracy
Signal: Info:LTE dBM:-96 level:3
ETask 3: Configuration:0 Energy:6.80 Power:6.80 Reward:6.80 Time:5017
STOKE: LOC: Got location 42.680436 -74.408043 with 2700.000000 accuracy
Signal: Info:LTE dBM:-88 level:4
ETask 4: Configuration:0 Energy:7.20 Power:7.20 Reward:7.20 Time:5020
STOKE: LOC: Got location 42.680436 -74.408043 with 2700.000000 accuracy
Signal: Info:LTE dBM:-89 level:4
ETask 5: Configuration:0 Energy:6.60 Power:6.60 Reward:6.60 Time:5014
STOKE: LOC: Got location 42.680028 -74.405111 with 3000.000000 accuracy
Signal: Info:LTE dBM:-87 level:4
ETask 6: Configuration:0 Energy:7.60 Power:7.60 Reward:7.60 Time:5019
STOKE: LOC: Got location 42.682103 -74.415739 with 3099.999023 accuracy
Signal: Info:LTE dBM:-88 level:4
ETask 7: Configuration:0 Energy:6.60 Power:6.60 Reward:6.60 Time:5023
STOKE: LOC: Got location 42.682103 -74.415739 with 3099.999023 accuracy
Signal: Info:LTE dBM:-91 level:4
ETask 8: Configuration:0 Energy:6.00 Power:6.00 Reward:6.00 Time:5024
STOKE: LOC: Got location 42.682103 -74.415739 with 3099.999023 accuracy
Signal: Info:LTE dBM:-93 level:4
ETask 9: Configuration:0 Energy:5.80 Power:5.80 Reward:5.80 Time:5017
STOKE: LOC: Got location 42.682103 -74.415739 with 3099.999023 accuracy
Signal: Info:LTE dBM:-88 level:4
ETask 10: Configuration:0 Energy:6.30 Power:6.30 Reward:6.30 Time:5024
STOKE: LOC: Got location 42.682103 -74.415739 with 3099.999023 accuracy
Signal: Info:LTE dBM:-90 level:4
ETask 11: Configuration:0 Energy:6.00 Power:6.00 Reward:6.00 Time:5023
ERun: Reward:67.60 PostConfigReward:0.00 Time:55809
==RUN-4==
Signal: Info:LTE dBM:-89 level:4
STOKE: LOC: Got location 42.682103 -74.415739 with 3099.999023 accuracy
STOKE: LOC: Got location 42.685423 -74.411708 with 3099.999023 accuracy
Signal: Info:LTE dBM:-92 level:4
ETask 1: Configuration:0 Energy:3.00 Power:3.00 Reward:3.00 Time:5045
STOKE: LOC: Got location 42.682103 -74.415739 with 3099.999023 accuracy
Signal: Info:LTE dBM:-91 level:4
ETask 2: Configuration:0 Energy:6.00 Power:6.00 Reward:6.00 Time:5025
STOKE: LOC: Got location 42.682103 -74.415739 with 3099.999023 accuracy
Signal: Info:LTE dBM:-91 level:4
ETask 3: Configuration:0 Energy:7.00 Power:7.00 Reward:7.00 Time:5025
STOKE: LOC: Got location 42.682103 -74.415739 with 3099.999023 accuracy
Signal: Info:LTE dBM:-91 level:4
ETask 4: Configuration:0 Energy:7.30 Power:7.30 Reward:7.30 Time:5024
STOKE: LOC: Got location 42.682299 -74.447250 with 1799.999023 accuracy
Signal: Info:LTE dBM:-91 level:4
ETask 5: Configuration:0 Energy:6.90 Power:6.90 Reward:6.90 Time:5024
STOKE: LOC: Got location 42.682103 -74.415739 with 3099.999023 accuracy
Signal: Info:LTE dBM:-90 level:4
ETask 6: Configuration:0 Energy:8.50 Power:8.50 Reward:8.50 Time:5017
STOKE: LOC: Got location 42.682103 -74.415739 with 3099.999023 accuracy
Signal: Info:LTE dBM:-90 level:4
ETask 7: Configuration:0 Energy:7.20 Power:7.20 Reward:7.20 Time:5024
STOKE: LOC: Got location 42.682103 -74.415739 with 3099.999023 accuracy
Signal: Info:LTE dBM:-90 level:4
ETask 8: Configuration:0 Energy:6.30 Power:6.30 Reward:6.30 Time:5022
STOKE: LOC: Got location 42.682103 -74.415739 with 3099.999023 accuracy
Signal: Info:LTE dBM:-90 level:4
ETask 9: Configuration:0 Energy:6.00 Power:6.00 Reward:6.00 Time:5028
STOKE: LOC: Got location 42.682103 -74.415739 with 3099.999023 accuracy
Signal: Info:LTE dBM:-93 level:4
ETask 10: Configuration:0 Energy:6.30 Power:6.30 Reward:6.30 Time:5022
STOKE: LOC: Got location 42.682103 -74.415739 with 3099.999023 accuracy
Signal: Info:LTE dBM:-96 level:3
ETask 11: Configuration:0 Energy:5.80 Power:5.80 Reward:5.80 Time:5021
ERun: Reward:70.30 PostConfigReward:0.00 Time:55814
==RUN-5==
Signal: Info:LTE dBM:-98 level:3
STOKE: LOC: Got location 42.682299 -74.447250 with 1799.999023 accuracy
STOKE: LOC: Got location 42.685423 -74.411708 with 3099.999023 accuracy
Signal: Info:LTE dBM:-112 level:2
ETask 1: Configuration:0 Energy:3.20 Power:3.20 Reward:3.20 Time:5048
STOKE: LOC: Got location 42.682299 -74.447250 with 1799.999023 accuracy
Signal: Info:LTE dBM:-106 level:2
ETask 2: Configuration:0 Energy:6.40 Power:6.40 Reward:6.40 Time:5015
STOKE: LOC: Got location 42.682103 -74.415739 with 3099.999023 accuracy
Signal: Info:LTE dBM:-100 level:3
ETask 3: Configuration:0 Energy:7.40 Power:7.40 Reward:7.40 Time:5024
STOKE: LOC: Got location 42.682299 -74.447250 with 1799.999023 accuracy
Signal: Info:LTE dBM:-109 level:2
ETask 4: Configuration:0 Energy:7.90 Power:7.90 Reward:7.90 Time:5022
STOKE: LOC: Got location 42.682299 -74.447250 with 1799.999023 accuracy
Signal: Info:LTE dBM:-104 level:3
ETask 5: Configuration:0 Energy:8.00 Power:8.00 Reward:8.00 Time:5023
STOKE: LOC: Got location 42.682103 -74.415739 with 3099.999023 accuracy
Signal: Info:LTE dBM:-106 level:2
ETask 6: Configuration:0 Energy:9.40 Power:9.40 Reward:9.40 Time:5027
STOKE: LOC: Got location 42.682103 -74.415739 with 3099.999023 accuracy
Signal: Info:LTE dBM:-96 level:3
ETask 7: Configuration:0 Energy:7.50 Power:7.50 Reward:7.50 Time:5024
STOKE: LOC: Got location 42.676417 -74.480221 with 3000.000000 accuracy
Signal: Info:LTE dBM:-96 level:3
ETask 8: Configuration:0 Energy:6.60 Power:6.60 Reward:6.60 Time:5019
STOKE: LOC: Got location 42.676417 -74.480221 with 3000.000000 accuracy
Signal: Info:LTE dBM:-95 level:4
ETask 9: Configuration:0 Energy:6.10 Power:6.10 Reward:6.10 Time:5025
STOKE: LOC: Got location 42.676417 -74.480221 with 3000.000000 accuracy
Signal: Info:LTE dBM:-97 level:3
ETask 10: Configuration:0 Energy:6.40 Power:6.40 Reward:6.40 Time:5021
STOKE: LOC: Got location 42.676417 -74.480221 with 3000.000000 accuracy
Signal: Info:LTE dBM:-89 level:4
ETask 11: Configuration:0 Energy:6.10 Power:6.10 Reward:6.10 Time:5023
ERun: Reward:75.00 PostConfigReward:0.00 Time:55738
==RUN-6==
Signal: Info:LTE dBM:-91 level:4
STOKE: LOC: Got location 42.676417 -74.480221 with 3000.000000 accuracy
STOKE: LOC: Got location 42.668288 -74.477478 with 142.500000 accuracy
Signal: Info:LTE dBM:-99 level:3
ETask 1: Configuration:0 Energy:3.30 Power:3.30 Reward:3.30 Time:5044
Signal: Info:LTE dBM:-98 level:3
ETask 2: Configuration:0 Energy:6.40 Power:6.40 Reward:6.40 Time:5017
Signal: Info:LTE dBM:-97 level:3
ETask 3: Configuration:0 Energy:7.00 Power:7.00 Reward:7.00 Time:5022
Signal: Info:LTE dBM:-109 level:2
ETask 4: Configuration:0 Energy:7.30 Power:7.30 Reward:7.30 Time:5019
STOKE: LOC: Got location 42.668536 -74.476551 with 68.400002 accuracy
Signal: Info:LTE dBM:-109 level:2
ETask 5: Configuration:0 Energy:6.80 Power:6.80 Reward:6.80 Time:5028
Signal: Info:LTE dBM:-112 level:2
ETask 6: Configuration:0 Energy:6.30 Power:6.30 Reward:6.30 Time:5026
STOKE: LOC: Got location 42.668536 -74.476551 with 255.259995 accuracy
Signal: Info:LTE dBM:-109 level:2
ETask 7: Configuration:0 Energy:7.70 Power:7.70 Reward:7.70 Time:5020
STOKE: LOC: Got location 42.668536 -74.476551 with 321.261993 accuracy
Signal: Info:LTE dBM:-111 level:2
ETask 8: Configuration:0 Energy:6.10 Power:6.10 Reward:6.10 Time:5021
STOKE: LOC: Got location 42.668536 -74.476551 with 399.196014 accuracy
Signal: Info:LTE dBM:-116 level:1
ETask 9: Configuration:0 Energy:5.60 Power:5.60 Reward:5.60 Time:5009
Signal: Info:LTE dBM:-106 level:2
ETask 10: Configuration:0 Energy:6.20 Power:6.20 Reward:6.20 Time:5010
STOKE: LOC: Got location 42.668536 -74.476551 with 537.893005 accuracy
Signal: Info:LTE dBM:-106 level:2
ETask 11: Configuration:0 Energy:6.50 Power:6.50 Reward:6.50 Time:5011
ERun: Reward:69.20 PostConfigReward:0.00 Time:55750
==RUN-7==
Signal: Info:LTE dBM:-90 level:4
STOKE: LOC: Got location 42.668536 -74.476551 with 603.882019 accuracy
STOKE: LOC: Got location 42.668536 -74.476551 with 803.315002 accuracy
Signal: Info:LTE dBM:-108 level:2
ETask 1: Configuration:0 Energy:3.80 Power:3.80 Reward:3.80 Time:5044
STOKE: LOC: Got location 42.668536 -74.476551 with 907.328003 accuracy
Signal: Info:LTE dBM:-113 level:2
ETask 2: Configuration:0 Energy:6.70 Power:6.70 Reward:6.70 Time:5011
STOKE: LOC: Got location 42.668536 -74.476551 with 972.627014 accuracy
Signal: Info:LTE dBM:-121 level:1
ETask 3: Configuration:0 Energy:7.20 Power:7.20 Reward:7.20 Time:5008
STOKE: LOC: Got location 42.656382 -74.512454 with 3000.000000 accuracy
Signal: Info:LTE dBM:-118 level:1
ETask 4: Configuration:0 Energy:7.60 Power:7.60 Reward:7.60 Time:5010
STOKE: LOC: Got location 42.656382 -74.512454 with 3000.000000 accuracy
Signal: Info:LTE dBM:-112 level:2
ETask 5: Configuration:0 Energy:7.20 Power:7.20 Reward:7.20 Time:5009
STOKE: LOC: Got location 42.656382 -74.512454 with 3000.000000 accuracy
Signal: Info:LTE dBM:-109 level:2
ETask 6: Configuration:0 Energy:6.80 Power:6.80 Reward:6.80 Time:5009
STOKE: LOC: Got location 42.656382 -74.512454 with 3000.000000 accuracy
Signal: Info:LTE dBM:-111 level:2
ETask 7: Configuration:0 Energy:6.60 Power:6.60 Reward:6.60 Time:5007
STOKE: LOC: Got location 42.656382 -74.512454 with 3000.000000 accuracy
Signal: Info:LTE dBM:-106 level:2
ETask 8: Configuration:0 Energy:6.30 Power:6.30 Reward:6.30 Time:5006
STOKE: LOC: Got location 42.656382 -74.512454 with 3000.000000 accuracy
Signal: Info:LTE dBM:-105 level:3
ETask 9: Configuration:0 Energy:5.80 Power:5.80 Reward:5.80 Time:5009
STOKE: LOC: Got location 42.656382 -74.512454 with 3000.000000 accuracy
Signal: Info:LTE dBM:-95 level:4
ETask 10: Configuration:0 Energy:7.30 Power:7.30 Reward:7.30 Time:5012
STOKE: LOC: Got location 42.656382 -74.512454 with 3000.000000 accuracy
Signal: Info:LTE dBM:-92 level:4
ETask 11: Configuration:0 Energy:6.00 Power:6.00 Reward:6.00 Time:5009
ERun: Reward:71.30 PostConfigReward:0.00 Time:55875
==RUN-8==
Signal: Info:LTE dBM:-96 level:3
STOKE: LOC: Got location 42.656382 -74.512454 with 3000.000000 accuracy
STOKE: LOC: Got location 42.656382 -74.512454 with 3000.000000 accuracy
Signal: Info:LTE dBM:-99 level:3
ETask 1: Configuration:0 Energy:2.60 Power:2.60 Reward:2.60 Time:5051
STOKE: LOC: Got location 42.656382 -74.512454 with 3000.000000 accuracy
Signal: Info:LTE dBM:-100 level:3
ETask 2: Configuration:0 Energy:8.10 Power:8.10 Reward:8.10 Time:5034
STOKE: LOC: Got location 42.656382 -74.512454 with 3000.000000 accuracy
Signal: Info:LTE dBM:-101 level:3
ETask 3: Configuration:0 Energy:7.30 Power:7.30 Reward:7.30 Time:5024
STOKE: LOC: Got location 42.656382 -74.512454 with 3000.000000 accuracy
Signal: Info:LTE dBM:-100 level:3
ETask 4: Configuration:0 Energy:7.30 Power:7.30 Reward:7.30 Time:5023
Signal: Info:LTE dBM:-99 level:3
ETask 5: Configuration:0 Energy:7.20 Power:7.20 Reward:7.20 Time:5017
Signal: Info:LTE dBM:-98 level:3
ETask 6: Configuration:0 Energy:6.70 Power:6.70 Reward:6.70 Time:5021
Signal: Info:LTE dBM:-94 level:4
ETask 7: Configuration:0 Energy:6.70 Power:6.70 Reward:6.70 Time:5023
STOKE: LOC: Got location 42.651344 -74.524557 with 295.045013 accuracy
Signal: Info:LTE dBM:-90 level:4
ETask 8: Configuration:0 Energy:6.60 Power:6.60 Reward:6.60 Time:5023
STOKE: LOC: Got location 42.651344 -74.524557 with 362.618988 accuracy
Signal: Info:LTE dBM:-93 level:4
ETask 9: Configuration:0 Energy:6.00 Power:6.00 Reward:6.00 Time:5023
STOKE: LOC: Got location 42.651344 -74.524557 with 438.799011 accuracy
Signal: Info:LTE dBM:-96 level:3
ETask 10: Configuration:0 Energy:7.50 Power:7.50 Reward:7.50 Time:5023
STOKE: LOC: Got location 42.651344 -74.524557 with 503.876007 accuracy
Signal: Info:LTE dBM:-95 level:4
ETask 11: Configuration:0 Energy:6.10 Power:6.10 Reward:6.10 Time:5022
ERun: Reward:72.10 PostConfigReward:0.00 Time:55760
==RUN-9==
Signal: Info:LTE dBM:-99 level:3
STOKE: LOC: Got location 42.651344 -74.524557 with 634.111023 accuracy
STOKE: LOC: Got location 42.651344 -74.524557 with 802.304993 accuracy
Signal: Info:LTE dBM:-99 level:3
ETask 1: Configuration:0 Energy:2.20 Power:2.20 Reward:2.20 Time:5041
STOKE: LOC: Got location 42.651344 -74.524557 with 906.343018 accuracy
Signal: Info:LTE dBM:-100 level:3
ETask 2: Configuration:0 Energy:6.50 Power:6.50 Reward:6.50 Time:5007
STOKE: LOC: Got location 42.651344 -74.524557 with 971.499023 accuracy
Signal: Info:LTE dBM:-99 level:3
ETask 3: Configuration:0 Energy:8.80 Power:8.80 Reward:8.80 Time:5008
STOKE: LOC: Got location 42.651344 -74.524557 with 1036.642944 accuracy
Signal: Info:LTE dBM:-100 level:3
ETask 4: Configuration:0 Energy:7.30 Power:7.30 Reward:7.30 Time:5008
STOKE: LOC: Got location 42.651344 -74.524557 with 1101.733032 accuracy
Signal: Info:LTE dBM:-106 level:2
ETask 5: Configuration:0 Energy:7.00 Power:7.00 Reward:7.00 Time:5008
STOKE: LOC: Got location 42.651344 -74.524557 with 1166.876953 accuracy
Signal: Info:LTE dBM:-99 level:3
ETask 6: Configuration:0 Energy:6.30 Power:6.30 Reward:6.30 Time:5009
STOKE: LOC: Got location 42.656382 -74.512454 with 3000.000000 accuracy
Signal: Info:LTE dBM:-98 level:3
ETask 7: Configuration:0 Energy:6.30 Power:6.30 Reward:6.30 Time:5011
STOKE: LOC: Got location 42.656382 -74.512454 with 3000.000000 accuracy
Signal: Info:LTE dBM:-97 level:3
ETask 8: Configuration:0 Energy:6.30 Power:6.30 Reward:6.30 Time:5008
STOKE: LOC: Got location 42.656382 -74.512454 with 3000.000000 accuracy
Signal: Info:LTE dBM:-99 level:3
ETask 9: Configuration:0 Energy:5.90 Power:5.90 Reward:5.90 Time:5008
STOKE: LOC: Got location 42.656382 -74.512454 with 3000.000000 accuracy
Signal: Info:LTE dBM:-102 level:3
ETask 10: Configuration:0 Energy:5.90 Power:5.90 Reward:5.90 Time:5010
STOKE: LOC: Got location 42.656382 -74.512454 with 3000.000000 accuracy
Signal: Info:LTE dBM:-107 level:2
ETask 11: Configuration:0 Energy:6.20 Power:6.20 Reward:6.20 Time:5011
ERun: Reward:68.70 PostConfigReward:0.00 Time:55745
