==RUN 0==
STOKE: Start Bat: 0.720000
ELocation 0: Diff:43808 ms Accuracy:4500.00
ELocation 1: Diff:0 ms Accuracy:4500.00
ELocation 2: Diff:4632 ms Accuracy:13.00
ELocation 3: Diff:6479 ms Accuracy:354.11
ELocation 4: Diff:12999 ms Accuracy:13.00
ELocation 5: Diff:0 ms Accuracy:13.00
ELocation 6: Diff:0 ms Accuracy:13.00
ELocation 7: Diff:4245 ms Accuracy:230.73
ELocation 8: Diff:10064 ms Accuracy:327.13
ELocation 9: Diff:0 ms Accuracy:327.13
ELocation 10: Diff:2685 ms Accuracy:13.00
ELocation 11: Diff:6504 ms Accuracy:331.58
ELocation 12: Diff:13479 ms Accuracy:9.00
ELocation 13: Diff:10007 ms Accuracy:10.00
ELocation 14: Diff:10008 ms Accuracy:14.00
ELocation 15: Diff:9976 ms Accuracy:12.00
ELocation 16: Diff:10019 ms Accuracy:16.00
ELocation 17: Diff:19997 ms Accuracy:19.00
ELocation 18: Diff:10009 ms Accuracy:17.00
ELocation 19: Diff:9971 ms Accuracy:9.00
ELocation 20: Diff:19013 ms Accuracy:137.00
ELocation 21: Diff:10999 ms Accuracy:13.00
ELocation 22: Diff:20002 ms Accuracy:8.00
ELocation 23: Diff:20001 ms Accuracy:15.00
ELocation 24: Diff:9999 ms Accuracy:17.00
ELocation 25: Diff:20016 ms Accuracy:15.00
ELocation 26: Diff:10002 ms Accuracy:11.00
ELocation 27: Diff:19997 ms Accuracy:5.00
ELocation 28: Diff:20006 ms Accuracy:11.00
ELocation 29: Diff:20001 ms Accuracy:14.00
ELocation 30: Diff:9998 ms Accuracy:14.00
ELocation 31: Diff:20004 ms Accuracy:13.00
ELocation 32: Diff:19986 ms Accuracy:17.00
ELocation 33: Diff:10020 ms Accuracy:27.00
ETask 11: Configuration:0 Energy:0.00 Power:0.00 Reward:44.72 Time:30015 -- SAMPLE
ELocation 34: Diff:19967 ms Accuracy:32.00
ELocation 35: Diff:10016 ms Accuracy:19.00
ETask 12: Configuration:0 Energy:0.00 Power:0.00 Reward:35.54 Time:30008 -- SAMPLE
ELocation 36: Diff:20001 ms Accuracy:13.00
ELocation 37: Diff:10004 ms Accuracy:16.00
ETask 13: Configuration:1 Energy:0.00 Power:0.00 Reward:35.89 Time:30007 -- SAMPLE
ELocation 38: Diff:0 ms Accuracy:16.00
ELocation 39: Diff:9999 ms Accuracy:18.00
ELocation 40: Diff:5999 ms Accuracy:11.00
ELocation 41: Diff:0 ms Accuracy:11.00
ELocation 42: Diff:3526 ms Accuracy:37.00
ELocation 43: Diff:0 ms Accuracy:37.00
ELocation 44: Diff:5000 ms Accuracy:8.00
ELocation 45: Diff:6000 ms Accuracy:5.00
ELocation 46: Diff:6000 ms Accuracy:3.00
ELocation 47: Diff:5000 ms Accuracy:3.00
ELocation 48: Diff:5000 ms Accuracy:3.00
ETask 14: Configuration:1 Energy:0.00 Power:0.00 Reward:115.49 Time:42724 -- SAMPLE
ELocation 49: Diff:6000 ms Accuracy:4.00
ELocation 50: Diff:5000 ms Accuracy:3.00
ELocation 51: Diff:5000 ms Accuracy:3.00
ELocation 52: Diff:5000 ms Accuracy:3.00
ELocation 53: Diff:6000 ms Accuracy:3.00
ELocation 54: Diff:5000 ms Accuracy:3.00
ETask 15: Configuration:2 Energy:0.00 Power:0.00 Reward:81.93 Time:30005 -- SAMPLE
ELocation 55: Diff:-496 ms Accuracy:3.00
ELocation 56: Diff:-10 ms Accuracy:3.00
ELocation 57: Diff:4506 ms Accuracy:3.00
ELocation 58: Diff:2000 ms Accuracy:3.00
ELocation 59: Diff:2000 ms Accuracy:3.00
ELocation 60: Diff:2000 ms Accuracy:3.00
ELocation 61: Diff:2000 ms Accuracy:3.00
ELocation 62: Diff:2000 ms Accuracy:3.00
ELocation 63: Diff:3000 ms Accuracy:3.00
ELocation 64: Diff:3000 ms Accuracy:3.00
ELocation 65: Diff:2000 ms Accuracy:3.00
ELocation 66: Diff:2000 ms Accuracy:3.00
ELocation 67: Diff:3000 ms Accuracy:3.00
ELocation 68: Diff:2000 ms Accuracy:3.00
ETask 16: Configuration:2 Energy:0.00 Power:0.00 Reward:77.94 Time:30003 -- SAMPLE
ELocation 69: Diff:3000 ms Accuracy:3.00
ELocation 70: Diff:3000 ms Accuracy:3.00
ELocation 71: Diff:3000 ms Accuracy:3.00
ELocation 72: Diff:2000 ms Accuracy:3.00
ELocation 73: Diff:2000 ms Accuracy:3.00
ELocation 74: Diff:2000 ms Accuracy:3.00
ELocation 75: Diff:3000 ms Accuracy:3.00
ELocation 76: Diff:2000 ms Accuracy:3.00
ELocation 77: Diff:3000 ms Accuracy:3.00
ELocation 78: Diff:2000 ms Accuracy:3.00
ELocation 79: Diff:3000 ms Accuracy:3.00
ELocation 80: Diff:2000 ms Accuracy:3.00
ETask 17: Configuration:3 Energy:0.00 Power:0.00 Reward:100.09 Time:30006 -- SAMPLE
ELocation 81: Diff:2000 ms Accuracy:3.00
ELocation 82: Diff:1000 ms Accuracy:3.00
ELocation 83: Diff:1000 ms Accuracy:3.00
ELocation 84: Diff:1000 ms Accuracy:3.00
ELocation 85: Diff:1000 ms Accuracy:3.00
ELocation 86: Diff:1000 ms Accuracy:3.00
ELocation 87: Diff:1000 ms Accuracy:3.00
ELocation 88: Diff:1000 ms Accuracy:3.00
ELocation 89: Diff:1000 ms Accuracy:3.00
ELocation 90: Diff:1000 ms Accuracy:3.00
ELocation 91: Diff:1000 ms Accuracy:3.00
ELocation 92: Diff:1000 ms Accuracy:3.00
ELocation 93: Diff:1000 ms Accuracy:3.00
ELocation 94: Diff:1000 ms Accuracy:3.00
ELocation 95: Diff:1000 ms Accuracy:3.00
ELocation 96: Diff:1000 ms Accuracy:3.00
ELocation 97: Diff:1000 ms Accuracy:3.00
ELocation 98: Diff:1000 ms Accuracy:3.00
ELocation 99: Diff:1000 ms Accuracy:3.00
ELocation 100: Diff:1000 ms Accuracy:3.00
ELocation 101: Diff:1000 ms Accuracy:3.00
ELocation 102: Diff:1000 ms Accuracy:3.00
ELocation 103: Diff:1000 ms Accuracy:3.00
ELocation 104: Diff:1000 ms Accuracy:3.00
ELocation 105: Diff:1000 ms Accuracy:3.00
ELocation 106: Diff:1000 ms Accuracy:3.00
ELocation 107: Diff:1000 ms Accuracy:3.00
ELocation 108: Diff:1000 ms Accuracy:3.00
ELocation 109: Diff:1000 ms Accuracy:3.00
ELocation 110: Diff:1000 ms Accuracy:3.00
ELocation 111: Diff:1000 ms Accuracy:3.00
ETask 18: Configuration:3 Energy:0.00 Power:0.00 Reward:78.15 Time:30006 -- SAMPLE
ELocation 112: Diff:1000 ms Accuracy:3.00
ELocation 113: Diff:1000 ms Accuracy:3.00
ELocation 114: Diff:1000 ms Accuracy:3.00
ELocation 115: Diff:1000 ms Accuracy:3.00
ELocation 116: Diff:1000 ms Accuracy:3.00
ELocation 117: Diff:1000 ms Accuracy:3.00
ELocation 118: Diff:1000 ms Accuracy:3.00
ELocation 119: Diff:1000 ms Accuracy:3.00
ELocation 120: Diff:1000 ms Accuracy:3.00
ELocation 121: Diff:1000 ms Accuracy:3.00
ELocation 122: Diff:1000 ms Accuracy:3.00
ELocation 123: Diff:1000 ms Accuracy:3.00
ELocation 124: Diff:1000 ms Accuracy:3.00
ELocation 125: Diff:1000 ms Accuracy:3.00
ELocation 126: Diff:1000 ms Accuracy:3.00
ELocation 127: Diff:1000 ms Accuracy:3.00
ELocation 128: Diff:1000 ms Accuracy:3.00
ELocation 129: Diff:1000 ms Accuracy:3.00
ELocation 130: Diff:1000 ms Accuracy:3.00
ELocation 131: Diff:1000 ms Accuracy:3.00
ELocation 132: Diff:1000 ms Accuracy:3.00
ELocation 133: Diff:1000 ms Accuracy:3.00
ELocation 134: Diff:1000 ms Accuracy:3.00
ELocation 135: Diff:1000 ms Accuracy:3.00
ELocation 136: Diff:1000 ms Accuracy:3.00
ELocation 137: Diff:1000 ms Accuracy:3.00
ELocation 138: Diff:1000 ms Accuracy:3.00
ELocation 139: Diff:1000 ms Accuracy:3.00
ELocation 140: Diff:1000 ms Accuracy:3.00
ELocation 141: Diff:1000 ms Accuracy:3.00
ETask 19: Configuration:0 Energy:0.00 Power:0.00 Reward:93.52 Time:30007
ELocation 142: Diff:0 ms Accuracy:3.00
ELocation 143: Diff:0 ms Accuracy:3.00
ELocation 144: Diff:12000 ms Accuracy:37.00
ELocation 145: Diff:11000 ms Accuracy:7.00
ETask 20: Configuration:0 Energy:0.00 Power:0.00 Reward:75.20 Time:30008
ELocation 146: Diff:20000 ms Accuracy:4.00
ETask 21: Configuration:0 Energy:0.00 Power:0.00 Reward:58.22 Time:30016
ELocation 147: Diff:20000 ms Accuracy:4.00
ELocation 148: Diff:10000 ms Accuracy:7.00
ELocation 149: Diff:10000 ms Accuracy:6.00
ETask 22: Configuration:0 Energy:0.00 Power:0.00 Reward:103.82 Time:30016
ELocation 150: Diff:10000 ms Accuracy:5.00
ELocation 151: Diff:20000 ms Accuracy:7.00
ETask 23: Configuration:0 Energy:0.00 Power:0.00 Reward:77.58 Time:30017
ELocation 152: Diff:20000 ms Accuracy:5.00
ELocation 153: Diff:10000 ms Accuracy:3.00
ETask 24: Configuration:0 Energy:0.00 Power:0.00 Reward:77.54 Time:30013
ELocation 154: Diff:10000 ms Accuracy:3.00
ELocation 155: Diff:20000 ms Accuracy:5.00
ETask 25: Configuration:0 Energy:0.00 Power:0.00 Reward:46.04 Time:30015
ELocation 156: Diff:10000 ms Accuracy:12.00
ELocation 157: Diff:10000 ms Accuracy:9.00
ETask 26: Configuration:0 Energy:0.00 Power:0.00 Reward:36.21 Time:30013
ELocation 158: Diff:20000 ms Accuracy:6.00
ELocation 159: Diff:20000 ms Accuracy:4.00
ETask 27: Configuration:0 Energy:0.00 Power:0.00 Reward:36.30 Time:30014
ELocation 160: Diff:20000 ms Accuracy:5.00
ETask 28: Configuration:0 Energy:0.00 Power:0.00 Reward:53.82 Time:30015
ELocation 161: Diff:20000 ms Accuracy:4.00
ELocation 162: Diff:10000 ms Accuracy:13.00
ETask 29: Configuration:0 Energy:0.00 Power:0.00 Reward:36.21 Time:30014
ELocation 163: Diff:20000 ms Accuracy:4.00
ELocation 164: Diff:10000 ms Accuracy:5.00
ELocation 165: Diff:10000 ms Accuracy:3.00
ETask 30: Configuration:0 Energy:0.00 Power:0.00 Reward:36.21 Time:30016
ELocation 166: Diff:20000 ms Accuracy:8.00
ETask 31: Configuration:0 Energy:0.00 Power:0.00 Reward:57.56 Time:30014
ELocation 167: Diff:20000 ms Accuracy:6.00
ELocation 168: Diff:10000 ms Accuracy:3.00
ETask 32: Configuration:3 Energy:0.00 Power:0.00 Reward:40.36 Time:30005
ELocation 169: Diff:10000 ms Accuracy:4.00
ELocation 170: Diff:10000 ms Accuracy:5.00
ELocation 171: Diff:544 ms Accuracy:4.00
ELocation 172: Diff:1456 ms Accuracy:3.00
ELocation 173: Diff:1000 ms Accuracy:3.00
ELocation 174: Diff:1000 ms Accuracy:3.00
ELocation 175: Diff:1000 ms Accuracy:3.00
ELocation 176: Diff:1000 ms Accuracy:3.00
ELocation 177: Diff:1000 ms Accuracy:3.00
ELocation 178: Diff:1000 ms Accuracy:3.00
ELocation 179: Diff:1000 ms Accuracy:3.00
ELocation 180: Diff:1000 ms Accuracy:3.00
ELocation 181: Diff:1000 ms Accuracy:3.00
ELocation 182: Diff:1000 ms Accuracy:3.00
ELocation 183: Diff:1000 ms Accuracy:3.00
ELocation 184: Diff:1000 ms Accuracy:3.00
ELocation 185: Diff:1000 ms Accuracy:3.00
ELocation 186: Diff:1000 ms Accuracy:3.00
ELocation 187: Diff:1000 ms Accuracy:3.00
ELocation 188: Diff:1000 ms Accuracy:3.00
ELocation 189: Diff:1000 ms Accuracy:3.00
ELocation 190: Diff:1000 ms Accuracy:3.00
ELocation 191: Diff:1000 ms Accuracy:3.00
ELocation 192: Diff:1000 ms Accuracy:3.00
ELocation 193: Diff:1000 ms Accuracy:3.00
ELocation 194: Diff:1000 ms Accuracy:3.00
ELocation 195: Diff:1000 ms Accuracy:3.00
ELocation 196: Diff:1000 ms Accuracy:3.00
ELocation 197: Diff:1000 ms Accuracy:3.00
ELocation 198: Diff:1000 ms Accuracy:3.00
ETask 33: Configuration:0 Energy:0.00 Power:0.00 Reward:68.57 Time:30008
ELocation 199: Diff:0 ms Accuracy:3.00
ELocation 200: Diff:0 ms Accuracy:3.00
ELocation 201: Diff:13000 ms Accuracy:3.00
ETask 34: Configuration:3 Energy:0.00 Power:0.00 Reward:73.81 Time:30006
ELocation 202: Diff:10000 ms Accuracy:4.00
ELocation 203: Diff:8044 ms Accuracy:6.00
ELocation 204: Diff:1956 ms Accuracy:4.00
ELocation 205: Diff:1000 ms Accuracy:4.00
ELocation 206: Diff:1000 ms Accuracy:3.00
ELocation 207: Diff:1000 ms Accuracy:3.00
ELocation 208: Diff:1000 ms Accuracy:3.00
ELocation 209: Diff:1000 ms Accuracy:3.00
ELocation 210: Diff:1000 ms Accuracy:3.00
ELocation 211: Diff:1000 ms Accuracy:3.00
ELocation 212: Diff:1000 ms Accuracy:3.00
ELocation 213: Diff:1000 ms Accuracy:3.00
ELocation 214: Diff:1000 ms Accuracy:3.00
ELocation 215: Diff:1000 ms Accuracy:3.00
ELocation 216: Diff:1000 ms Accuracy:3.00
ELocation 217: Diff:1000 ms Accuracy:3.00
ELocation 218: Diff:1000 ms Accuracy:3.00
ELocation 219: Diff:1000 ms Accuracy:3.00
ELocation 220: Diff:1000 ms Accuracy:3.00
ELocation 221: Diff:1000 ms Accuracy:3.00
ELocation 222: Diff:1000 ms Accuracy:3.00
ELocation 223: Diff:1000 ms Accuracy:3.00
ELocation 224: Diff:1000 ms Accuracy:3.00
ELocation 225: Diff:1000 ms Accuracy:3.00
ELocation 226: Diff:1000 ms Accuracy:3.00
ELocation 227: Diff:1000 ms Accuracy:3.00
ELocation 228: Diff:1000 ms Accuracy:3.00
ELocation 229: Diff:1000 ms Accuracy:3.00
ELocation 230: Diff:1000 ms Accuracy:3.00
ELocation 231: Diff:1000 ms Accuracy:3.00
ETask 35: Configuration:3 Energy:0.00 Power:0.00 Reward:77.91 Time:30002
ELocation 232: Diff:1000 ms Accuracy:3.00
ELocation 233: Diff:1000 ms Accuracy:3.00
ELocation 234: Diff:1000 ms Accuracy:3.00
ELocation 235: Diff:1000 ms Accuracy:3.00
ELocation 236: Diff:1000 ms Accuracy:3.00
ELocation 237: Diff:1000 ms Accuracy:3.00
ELocation 238: Diff:1000 ms Accuracy:3.00
ELocation 239: Diff:1000 ms Accuracy:3.00
ELocation 240: Diff:1000 ms Accuracy:3.00
ELocation 241: Diff:1000 ms Accuracy:3.00
ELocation 242: Diff:1000 ms Accuracy:3.00
ELocation 243: Diff:1000 ms Accuracy:3.00
ELocation 244: Diff:1000 ms Accuracy:3.00
ELocation 245: Diff:1000 ms Accuracy:3.00
ELocation 246: Diff:1000 ms Accuracy:3.00
ELocation 247: Diff:1000 ms Accuracy:3.00
ELocation 248: Diff:1000 ms Accuracy:3.00
ELocation 249: Diff:1000 ms Accuracy:3.00
ELocation 250: Diff:1000 ms Accuracy:3.00
ELocation 251: Diff:1000 ms Accuracy:3.00
ELocation 252: Diff:1000 ms Accuracy:3.00
ELocation 253: Diff:1000 ms Accuracy:3.00
ELocation 254: Diff:1000 ms Accuracy:3.00
ELocation 255: Diff:1000 ms Accuracy:3.00
ELocation 256: Diff:1000 ms Accuracy:3.00
ELocation 257: Diff:1000 ms Accuracy:3.00
ELocation 258: Diff:1000 ms Accuracy:3.00
ELocation 259: Diff:1000 ms Accuracy:3.00
ELocation 260: Diff:1000 ms Accuracy:3.00
ELocation 261: Diff:1000 ms Accuracy:3.00
ETask 36: Configuration:0 Energy:0.00 Power:0.00 Reward:81.89 Time:30007
ELocation 262: Diff:0 ms Accuracy:3.00
ELocation 263: Diff:0 ms Accuracy:3.00
ELocation 264: Diff:12000 ms Accuracy:37.00
ELocation 265: Diff:11000 ms Accuracy:7.00
ETask 37: Configuration:0 Energy:0.00 Power:0.00 Reward:35.09 Time:30011
ELocation 266: Diff:10000 ms Accuracy:9.00
ELocation 267: Diff:10000 ms Accuracy:6.00
ETask 38: Configuration:0 Energy:0.00 Power:0.00 Reward:81.30 Time:30018
ELocation 268: Diff:20000 ms Accuracy:5.00
ELocation 269: Diff:10000 ms Accuracy:6.00
ETask 39: Configuration:0 Energy:0.00 Power:0.00 Reward:71.44 Time:30019
ELocation 270: Diff:20000 ms Accuracy:5.00
ELocation 271: Diff:10000 ms Accuracy:5.00
ELocation 272: Diff:10000 ms Accuracy:5.00
ETask 40: Configuration:0 Energy:0.00 Power:0.00 Reward:40.72 Time:30014
ELocation 273: Diff:20000 ms Accuracy:6.00
ETask 41: Configuration:0 Energy:0.00 Power:0.00 Reward:36.75 Time:30015
ELocation 274: Diff:20000 ms Accuracy:9.00
ELocation 275: Diff:20000 ms Accuracy:6.00
ETask 42: Configuration:0 Energy:0.00 Power:0.00 Reward:97.60 Time:30021
ELocation 276: Diff:10000 ms Accuracy:4.00
ELocation 277: Diff:10000 ms Accuracy:4.00
ETask 43: Configuration:0 Energy:0.00 Power:0.00 Reward:50.35 Time:30018
ELocation 278: Diff:20000 ms Accuracy:4.00
ELocation 279: Diff:20000 ms Accuracy:8.00
ETask 44: Configuration:0 Energy:0.00 Power:0.00 Reward:51.25 Time:30016
ELocation 280: Diff:10000 ms Accuracy:7.00
ELocation 281: Diff:10000 ms Accuracy:7.00
ELocation 282: Diff:10000 ms Accuracy:6.00
ETask 45: Configuration:0 Energy:0.00 Power:0.00 Reward:118.28 Time:30016
ELocation 283: Diff:10000 ms Accuracy:6.00
ELocation 284: Diff:10000 ms Accuracy:4.00
ETask 46: Configuration:0 Energy:0.00 Power:0.00 Reward:41.48 Time:30018
ELocation 285: Diff:20000 ms Accuracy:4.00
ELocation 286: Diff:10000 ms Accuracy:6.00
ETask 47: Configuration:0 Energy:0.00 Power:0.00 Reward:41.50 Time:30013
ELocation 287: Diff:20000 ms Accuracy:3.00
ELocation 288: Diff:10000 ms Accuracy:4.00
ELocation 289: Diff:10000 ms Accuracy:5.00
ETask 48: Configuration:0 Energy:0.00 Power:0.00 Reward:92.88 Time:30014
ELocation 290: Diff:20000 ms Accuracy:3.00
ETask 49: Configuration:0 Energy:0.00 Power:0.00 Reward:70.27 Time:30018
ELocation 291: Diff:20000 ms Accuracy:5.00
ELocation 292: Diff:10000 ms Accuracy:8.00
ELocation 293: Diff:10000 ms Accuracy:4.00
ETask 50: Configuration:0 Energy:0.00 Power:0.00 Reward:73.71 Time:30016
ELocation 294: Diff:10000 ms Accuracy:5.00
ELocation 295: Diff:20000 ms Accuracy:5.00
ETask 51: Configuration:0 Energy:0.00 Power:0.00 Reward:48.63 Time:30018
ELocation 296: Diff:20000 ms Accuracy:4.00
ELocation 297: Diff:10000 ms Accuracy:4.00
ETask 52: Configuration:0 Energy:0.00 Power:0.00 Reward:35.79 Time:30016
ELocation 298: Diff:10000 ms Accuracy:5.00
ELocation 299: Diff:20000 ms Accuracy:5.00
ETask 53: Configuration:0 Energy:0.00 Power:0.00 Reward:35.57 Time:30015
ELocation 300: Diff:10000 ms Accuracy:4.00
ELocation 301: Diff:10000 ms Accuracy:5.00
ETask 54: Configuration:0 Energy:0.00 Power:0.00 Reward:39.76 Time:30016
ELocation 302: Diff:20000 ms Accuracy:4.00
ELocation 303: Diff:10000 ms Accuracy:5.00
ELocation 304: Diff:10000 ms Accuracy:7.00
ETask 55: Configuration:0 Energy:0.00 Power:0.00 Reward:38.12 Time:30017
ELocation 305: Diff:20000 ms Accuracy:4.00
ELocation 306: Diff:10000 ms Accuracy:4.00
ETask 56: Configuration:0 Energy:0.00 Power:0.00 Reward:36.64 Time:30015
ELocation 307: Diff:20000 ms Accuracy:7.00
ELocation 308: Diff:10000 ms Accuracy:6.00
ETask 57: Configuration:0 Energy:0.00 Power:0.00 Reward:36.46 Time:30016
ELocation 309: Diff:20000 ms Accuracy:4.00
ELocation 310: Diff:10000 ms Accuracy:6.00
ETask 58: Configuration:0 Energy:0.00 Power:0.00 Reward:40.16 Time:30015
ELocation 311: Diff:10000 ms Accuracy:4.00
ELocation 312: Diff:10000 ms Accuracy:4.00
ETask 59: Configuration:3 Energy:0.00 Power:0.00 Reward:40.92 Time:30009
ERun: Reward:2955.19 PostConfigReward:2385.44 Time:1484449
==END-RUN 0==
STOKE: Config:0 | interval:0:10000 priority:0:100 sensor-configuration:0:2 | -- timeOn:39 reward:2232.70 scaled:0.71 (location_accuracy,16342.67,81.31)
STOKE: Config:1 | interval:1:5000 priority:0:100 sensor-configuration:0:2 | -- timeOn:2 reward:151.39 scaled:0.62 (location_accuracy,181.00,13.92)
STOKE: Config:2 | interval:2:2000 priority:0:100 sensor-configuration:0:2 | -- timeOn:2 reward:159.87 scaled:0.60 (location_accuracy,61.00,3.05)
STOKE: Config:3 | interval:3:500 priority:0:100 sensor-configuration:0:2 | -- timeOn:6 reward:411.24 scaled:0.66 (location_accuracy,252.00,3.15)

==RUN 1==
ELocation 313: Diff:20000 ms Accuracy:5.00
ELocation 314: Diff:10000 ms Accuracy:3.00
ELocation 315: Diff:20000 ms Accuracy:3.00
ELocation 316: Diff:20000 ms Accuracy:5.00
ELocation 317: Diff:10000 ms Accuracy:5.00
ELocation 318: Diff:20000 ms Accuracy:6.00
ELocation 319: Diff:10000 ms Accuracy:4.00
ELocation 320: Diff:10000 ms Accuracy:4.00
ELocation 321: Diff:20000 ms Accuracy:4.00
ELocation 322: Diff:20000 ms Accuracy:5.00
ELocation 323: Diff:20000 ms Accuracy:4.00
ELocation 324: Diff:20000 ms Accuracy:5.00
ELocation 325: Diff:10000 ms Accuracy:9.00
ELocation 326: Diff:20000 ms Accuracy:3.00
ELocation 327: Diff:20000 ms Accuracy:5.00
ELocation 328: Diff:10000 ms Accuracy:6.00
ELocation 329: Diff:20000 ms Accuracy:3.00
ELocation 330: Diff:10000 ms Accuracy:4.00
ELocation 331: Diff:20000 ms Accuracy:4.00
ELocation 332: Diff:10000 ms Accuracy:4.00
ELocation 333: Diff:10000 ms Accuracy:3.00
ETask 11: Configuration:0 Energy:0.00 Power:0.00 Reward:38.80 Time:30007 -- SAMPLE
ELocation 334: Diff:20000 ms Accuracy:3.00
ELocation 335: Diff:10000 ms Accuracy:3.00
ELocation 336: Diff:10000 ms Accuracy:3.00
ETask 12: Configuration:0 Energy:0.00 Power:0.00 Reward:48.37 Time:30005 -- SAMPLE
ELocation 337: Diff:20000 ms Accuracy:3.00
ELocation 338: Diff:10000 ms Accuracy:4.00
ETask 13: Configuration:1 Energy:0.00 Power:0.00 Reward:48.37 Time:30006 -- SAMPLE
ELocation 339: Diff:0 ms Accuracy:4.00
ELocation 340: Diff:10000 ms Accuracy:5.00
ELocation 341: Diff:6000 ms Accuracy:3.00
ELocation 342: Diff:6000 ms Accuracy:3.00
ELocation 343: Diff:5000 ms Accuracy:3.00
ELocation 344: Diff:6000 ms Accuracy:3.00
ELocation 345: Diff:5000 ms Accuracy:3.00
ETask 14: Configuration:1 Energy:0.00 Power:0.00 Reward:67.93 Time:30005 -- SAMPLE
ELocation 346: Diff:6000 ms Accuracy:3.00
ELocation 347: Diff:5000 ms Accuracy:3.00
ELocation 348: Diff:6000 ms Accuracy:3.00
ELocation 349: Diff:6000 ms Accuracy:3.00
ELocation 350: Diff:5000 ms Accuracy:3.00
ETask 15: Configuration:2 Energy:0.00 Power:0.00 Reward:74.81 Time:30006 -- SAMPLE
ELocation 351: Diff:2000 ms Accuracy:3.00
ELocation 352: Diff:0 ms Accuracy:3.00
ELocation 353: Diff:2000 ms Accuracy:3.00
ELocation 354: Diff:3000 ms Accuracy:3.00
ELocation 355: Diff:3000 ms Accuracy:3.00
ELocation 356: Diff:3000 ms Accuracy:3.00
ELocation 357: Diff:3000 ms Accuracy:3.00
ELocation 358: Diff:2000 ms Accuracy:3.00
ELocation 359: Diff:3000 ms Accuracy:3.00
ELocation 360: Diff:3000 ms Accuracy:3.00
ELocation 361: Diff:2000 ms Accuracy:3.00
ELocation 362: Diff:2000 ms Accuracy:3.00
ELocation 363: Diff:2000 ms Accuracy:3.00
ELocation 364: Diff:2000 ms Accuracy:3.00
ETask 16: Configuration:2 Energy:0.00 Power:0.00 Reward:81.41 Time:30009 -- SAMPLE
ELocation 365: Diff:3000 ms Accuracy:3.00
ELocation 366: Diff:2000 ms Accuracy:3.00
ELocation 367: Diff:3000 ms Accuracy:3.00
ELocation 368: Diff:3000 ms Accuracy:3.00
ELocation 369: Diff:3000 ms Accuracy:3.00
ELocation 370: Diff:3000 ms Accuracy:3.00
ELocation 371: Diff:2000 ms Accuracy:3.00
ELocation 372: Diff:2000 ms Accuracy:3.00
ELocation 373: Diff:3000 ms Accuracy:3.00
ELocation 374: Diff:3000 ms Accuracy:3.00
ELocation 375: Diff:2000 ms Accuracy:3.00
ETask 17: Configuration:3 Energy:0.00 Power:0.00 Reward:110.25 Time:30007 -- SAMPLE
ELocation 376: Diff:1000 ms Accuracy:3.00
ELocation 377: Diff:1000 ms Accuracy:3.00
ELocation 378: Diff:1000 ms Accuracy:3.00
ELocation 379: Diff:1000 ms Accuracy:3.00
ELocation 380: Diff:1000 ms Accuracy:3.00
ELocation 381: Diff:1000 ms Accuracy:3.00
ELocation 382: Diff:1000 ms Accuracy:3.00
ELocation 383: Diff:1000 ms Accuracy:3.00
ELocation 384: Diff:1000 ms Accuracy:3.00
ELocation 385: Diff:1000 ms Accuracy:3.00
ELocation 386: Diff:1000 ms Accuracy:3.00
ELocation 387: Diff:1000 ms Accuracy:3.00
ELocation 388: Diff:1000 ms Accuracy:3.00
ELocation 389: Diff:1000 ms Accuracy:3.00
ELocation 390: Diff:1000 ms Accuracy:3.00
ELocation 391: Diff:1000 ms Accuracy:3.00
ELocation 392: Diff:1000 ms Accuracy:3.00
ELocation 393: Diff:1000 ms Accuracy:3.00
ELocation 394: Diff:1000 ms Accuracy:3.00
ELocation 395: Diff:1000 ms Accuracy:3.00
ELocation 396: Diff:1000 ms Accuracy:3.00
ELocation 397: Diff:1000 ms Accuracy:3.00
ELocation 398: Diff:1000 ms Accuracy:3.00
ELocation 399: Diff:1000 ms Accuracy:3.00
ELocation 400: Diff:1000 ms Accuracy:3.00
ELocation 401: Diff:1000 ms Accuracy:3.00
ELocation 402: Diff:1000 ms Accuracy:3.00
ELocation 403: Diff:1000 ms Accuracy:3.00
ELocation 404: Diff:1000 ms Accuracy:3.00
ELocation 405: Diff:1000 ms Accuracy:3.00
ELocation 406: Diff:1000 ms Accuracy:3.00
ETask 18: Configuration:3 Energy:0.00 Power:0.00 Reward:84.78 Time:30004 -- SAMPLE
ELocation 407: Diff:1000 ms Accuracy:3.00
ELocation 408: Diff:1000 ms Accuracy:3.00
ELocation 409: Diff:1000 ms Accuracy:3.00
ELocation 410: Diff:1000 ms Accuracy:3.00
ELocation 411: Diff:1000 ms Accuracy:3.00
ELocation 412: Diff:1000 ms Accuracy:3.00
ELocation 413: Diff:1000 ms Accuracy:3.00
ELocation 414: Diff:1000 ms Accuracy:3.00
ELocation 415: Diff:1000 ms Accuracy:3.00
ELocation 416: Diff:1000 ms Accuracy:3.00
ELocation 417: Diff:1000 ms Accuracy:3.00
ELocation 418: Diff:1000 ms Accuracy:3.00
ELocation 419: Diff:1000 ms Accuracy:3.00
ELocation 420: Diff:1000 ms Accuracy:3.00
ELocation 421: Diff:1000 ms Accuracy:3.00
ELocation 422: Diff:1000 ms Accuracy:3.00
ELocation 423: Diff:1000 ms Accuracy:3.00
ELocation 424: Diff:1000 ms Accuracy:3.00
ELocation 425: Diff:1000 ms Accuracy:3.00
ELocation 426: Diff:1000 ms Accuracy:3.00
ELocation 427: Diff:1000 ms Accuracy:3.00
ELocation 428: Diff:1000 ms Accuracy:3.00
ELocation 429: Diff:1000 ms Accuracy:3.00
ELocation 430: Diff:1000 ms Accuracy:3.00
ELocation 431: Diff:1000 ms Accuracy:3.00
ELocation 432: Diff:1000 ms Accuracy:3.00
ELocation 433: Diff:1000 ms Accuracy:3.00
ELocation 434: Diff:1000 ms Accuracy:3.00
ELocation 435: Diff:1000 ms Accuracy:3.00
ELocation 436: Diff:1000 ms Accuracy:3.00
ETask 19: Configuration:0 Energy:0.00 Power:0.00 Reward:73.48 Time:30012
ELocation 437: Diff:0 ms Accuracy:3.00
ELocation 438: Diff:0 ms Accuracy:3.00
ELocation 439: Diff:12000 ms Accuracy:37.00
ELocation 440: Diff:11000 ms Accuracy:3.00
ETask 20: Configuration:0 Energy:0.00 Power:0.00 Reward:30.76 Time:30010
ELocation 441: Diff:20000 ms Accuracy:4.00
ETask 21: Configuration:0 Energy:0.00 Power:0.00 Reward:35.46 Time:30013
ELocation 442: Diff:20000 ms Accuracy:5.00
ELocation 443: Diff:10000 ms Accuracy:7.00
ETask 22: Configuration:0 Energy:0.00 Power:0.00 Reward:35.99 Time:30018
ELocation 444: Diff:20000 ms Accuracy:8.00
ELocation 445: Diff:20000 ms Accuracy:5.00
ETask 23: Configuration:0 Energy:0.00 Power:0.00 Reward:62.94 Time:30014
ELocation 446: Diff:10000 ms Accuracy:6.00
ELocation 447: Diff:10000 ms Accuracy:15.00
ETask 24: Configuration:0 Energy:0.00 Power:0.00 Reward:55.21 Time:30016
ELocation 448: Diff:20000 ms Accuracy:6.00
ELocation 449: Diff:10000 ms Accuracy:5.00
ETask 25: Configuration:0 Energy:0.00 Power:0.00 Reward:48.35 Time:30016
ELocation 450: Diff:20000 ms Accuracy:5.00
ELocation 451: Diff:20000 ms Accuracy:9.00
ETask 26: Configuration:0 Energy:0.00 Power:0.00 Reward:48.94 Time:30019
ELocation 452: Diff:10000 ms Accuracy:6.00
ELocation 453: Diff:20000 ms Accuracy:3.00
ETask 27: Configuration:0 Energy:0.00 Power:0.00 Reward:41.39 Time:30014
ELocation 454: Diff:10000 ms Accuracy:3.00
ELocation 455: Diff:10000 ms Accuracy:4.00
ETask 28: Configuration:0 Energy:0.00 Power:0.00 Reward:39.70 Time:30019
ELocation 456: Diff:20000 ms Accuracy:7.00
ELocation 457: Diff:10000 ms Accuracy:5.00
ELocation 458: Diff:10000 ms Accuracy:4.00
ETask 29: Configuration:0 Energy:0.00 Power:0.00 Reward:51.05 Time:30015
ELocation 459: Diff:10000 ms Accuracy:8.00
ELocation 460: Diff:10000 ms Accuracy:10.00
ETask 30: Configuration:0 Energy:0.00 Power:0.00 Reward:67.30 Time:30019
ELocation 461: Diff:20000 ms Accuracy:7.00
ELocation 462: Diff:10000 ms Accuracy:10.00
ELocation 463: Diff:10000 ms Accuracy:4.00
ETask 31: Configuration:0 Energy:0.00 Power:0.00 Reward:64.87 Time:30013
ELocation 464: Diff:20000 ms Accuracy:3.00
ELocation 465: Diff:10000 ms Accuracy:4.00
ETask 32: Configuration:0 Energy:0.00 Power:0.00 Reward:66.43 Time:30016
ELocation 466: Diff:10000 ms Accuracy:6.00
ELocation 467: Diff:20000 ms Accuracy:7.00
ETask 33: Configuration:0 Energy:0.00 Power:0.00 Reward:51.53 Time:30016
ELocation 468: Diff:20000 ms Accuracy:8.00
ETask 34: Configuration:0 Energy:0.00 Power:0.00 Reward:47.99 Time:30015
ELocation 469: Diff:20000 ms Accuracy:4.00
ELocation 470: Diff:10000 ms Accuracy:8.00
ETask 35: Configuration:0 Energy:0.00 Power:0.00 Reward:34.50 Time:30016
ELocation 471: Diff:20000 ms Accuracy:8.00
ELocation 472: Diff:10000 ms Accuracy:3.00
ETask 36: Configuration:0 Energy:0.00 Power:0.00 Reward:34.78 Time:30016
ELocation 473: Diff:20000 ms Accuracy:6.00
ELocation 474: Diff:10000 ms Accuracy:5.00
ETask 37: Configuration:0 Energy:0.00 Power:0.00 Reward:35.07 Time:30008
ELocation 475: Diff:20000 ms Accuracy:6.00
ELocation 476: Diff:10000 ms Accuracy:5.00
ELocation 477: Diff:10000 ms Accuracy:4.00
ETask 38: Configuration:0 Energy:0.00 Power:0.00 Reward:34.43 Time:30014
ELocation 478: Diff:20000 ms Accuracy:5.00
ELocation 479: Diff:10000 ms Accuracy:5.00
ETask 39: Configuration:0 Energy:0.00 Power:0.00 Reward:37.48 Time:30017
ELocation 480: Diff:20000 ms Accuracy:6.00
ELocation 481: Diff:10000 ms Accuracy:5.00
ETask 40: Configuration:0 Energy:0.00 Power:0.00 Reward:51.43 Time:30018
ELocation 482: Diff:10000 ms Accuracy:5.00
ELocation 483: Diff:20000 ms Accuracy:8.00
ETask 41: Configuration:0 Energy:0.00 Power:0.00 Reward:38.52 Time:30016
ELocation 484: Diff:10000 ms Accuracy:5.00
ELocation 485: Diff:20000 ms Accuracy:5.00
ETask 42: Configuration:0 Energy:0.00 Power:0.00 Reward:66.01 Time:30019
ELocation 486: Diff:20000 ms Accuracy:4.00
ELocation 487: Diff:10000 ms Accuracy:5.00
ETask 43: Configuration:0 Energy:0.00 Power:0.00 Reward:75.71 Time:30016
ELocation 488: Diff:10000 ms Accuracy:4.00
ELocation 489: Diff:20000 ms Accuracy:6.00
ETask 44: Configuration:0 Energy:0.00 Power:0.00 Reward:79.09 Time:30016
ELocation 490: Diff:20000 ms Accuracy:5.00
ELocation 491: Diff:10000 ms Accuracy:6.00
ETask 45: Configuration:0 Energy:0.00 Power:0.00 Reward:73.38 Time:30018
ELocation 492: Diff:10000 ms Accuracy:4.00
ELocation 493: Diff:20000 ms Accuracy:6.00
ETask 46: Configuration:0 Energy:0.00 Power:0.00 Reward:62.42 Time:30015
ELocation 494: Diff:20000 ms Accuracy:3.00
ELocation 495: Diff:10000 ms Accuracy:7.00
ETask 47: Configuration:0 Energy:0.00 Power:0.00 Reward:34.51 Time:30014
ELocation 496: Diff:20000 ms Accuracy:9.00
ETask 48: Configuration:0 Energy:0.00 Power:0.00 Reward:35.13 Time:30014
ELocation 497: Diff:20000 ms Accuracy:7.00
ELocation 498: Diff:10000 ms Accuracy:7.00
ELocation 499: Diff:10000 ms Accuracy:11.00
ETask 49: Configuration:0 Energy:0.00 Power:0.00 Reward:34.40 Time:30019
ELocation 500: Diff:10000 ms Accuracy:10.00
ELocation 501: Diff:20000 ms Accuracy:6.00
ETask 50: Configuration:0 Energy:0.00 Power:0.00 Reward:34.76 Time:30014
ELocation 502: Diff:10000 ms Accuracy:5.00
ELocation 503: Diff:10000 ms Accuracy:4.00
ELocation 504: Diff:10000 ms Accuracy:5.00
ETask 51: Configuration:0 Energy:0.00 Power:0.00 Reward:34.87 Time:30018
ELocation 505: Diff:20000 ms Accuracy:4.00
ELocation 506: Diff:10000 ms Accuracy:6.00
ETask 52: Configuration:0 Energy:0.00 Power:0.00 Reward:48.03 Time:30013
ELocation 507: Diff:10000 ms Accuracy:10.00
ELocation 508: Diff:20000 ms Accuracy:6.00
ETask 53: Configuration:0 Energy:0.00 Power:0.00 Reward:48.03 Time:30015
ELocation 509: Diff:10000 ms Accuracy:8.00
ELocation 510: Diff:10000 ms Accuracy:8.00
ETask 54: Configuration:0 Energy:0.00 Power:0.00 Reward:38.26 Time:30021
ELocation 511: Diff:20000 ms Accuracy:6.00
ELocation 512: Diff:10000 ms Accuracy:11.00
ETask 55: Configuration:0 Energy:0.00 Power:0.00 Reward:51.93 Time:30015
ELocation 513: Diff:20000 ms Accuracy:13.00
ELocation 514: Diff:20000 ms Accuracy:12.00
ETask 56: Configuration:0 Energy:0.00 Power:0.00 Reward:63.76 Time:30016
ELocation 515: Diff:20000 ms Accuracy:6.00
ELocation 516: Diff:10000 ms Accuracy:6.00
ETask 57: Configuration:0 Energy:0.00 Power:0.00 Reward:34.68 Time:30020
ELocation 517: Diff:20000 ms Accuracy:8.00
ELocation 518: Diff:10000 ms Accuracy:8.00
ETask 58: Configuration:0 Energy:0.00 Power:0.00 Reward:34.53 Time:30013
ELocation 519: Diff:10000 ms Accuracy:10.00
ELocation 520: Diff:10000 ms Accuracy:4.00
ELocation 521: Diff:10000 ms Accuracy:10.00
ETask 59: Configuration:0 Energy:0.00 Power:0.00 Reward:47.91 Time:30014
ERun: Reward:2539.72 PostConfigReward:4370.43 Time:2956086
==END-RUN 1==
STOKE: Config:0 | interval:0:10000 priority:0:100 sensor-configuration:0:2 | -- timeOn:43 reward:2072.16 scaled:0.76 (location_accuracy,756.00,5.44)
STOKE: Config:1 | interval:1:5000 priority:0:100 sensor-configuration:0:2 | -- timeOn:2 reward:116.31 scaled:0.71 (location_accuracy,31.00,3.44)
STOKE: Config:2 | interval:2:2000 priority:0:100 sensor-configuration:0:2 | -- timeOn:2 reward:156.22 scaled:0.61 (location_accuracy,57.00,3.00)
STOKE: Config:3 | interval:3:500 priority:0:100 sensor-configuration:0:2 | -- timeOn:2 reward:195.03 scaled:0.51 (location_accuracy,126.00,3.00)

==RUN 2==
ELocation 522: Diff:10000 ms Accuracy:4.00
ELocation 523: Diff:10000 ms Accuracy:6.00
ELocation 524: Diff:20000 ms Accuracy:4.00
ELocation 525: Diff:10000 ms Accuracy:6.00
ELocation 526: Diff:20000 ms Accuracy:4.00
ELocation 527: Diff:10000 ms Accuracy:3.00
ELocation 528: Diff:20000 ms Accuracy:4.00
ELocation 529: Diff:10000 ms Accuracy:3.00
ELocation 530: Diff:20000 ms Accuracy:4.00
ELocation 531: Diff:10000 ms Accuracy:3.00
ELocation 532: Diff:10000 ms Accuracy:3.00
ELocation 533: Diff:20000 ms Accuracy:11.00
ELocation 534: Diff:20000 ms Accuracy:5.00
ELocation 535: Diff:20000 ms Accuracy:6.00
ELocation 536: Diff:10000 ms Accuracy:5.00
ELocation 537: Diff:20000 ms Accuracy:4.00
ELocation 538: Diff:10000 ms Accuracy:3.00
ELocation 539: Diff:20000 ms Accuracy:5.00
ELocation 540: Diff:10000 ms Accuracy:6.00
ELocation 541: Diff:20000 ms Accuracy:10.00
ELocation 542: Diff:20000 ms Accuracy:7.00
ETask 11: Configuration:0 Energy:0.00 Power:0.00 Reward:64.12 Time:30007 -- SAMPLE
ELocation 543: Diff:20000 ms Accuracy:18.00
ELocation 544: Diff:10000 ms Accuracy:8.00
ETask 12: Configuration:0 Energy:0.00 Power:0.00 Reward:64.30 Time:30004 -- SAMPLE
ELocation 545: Diff:20000 ms Accuracy:4.00
ELocation 546: Diff:20000 ms Accuracy:5.00
ETask 13: Configuration:1 Energy:0.00 Power:0.00 Reward:34.42 Time:30006 -- SAMPLE
ELocation 547: Diff:0 ms Accuracy:5.00
ELocation 548: Diff:10000 ms Accuracy:5.00
ELocation 549: Diff:5000 ms Accuracy:3.00
ELocation 550: Diff:5000 ms Accuracy:3.00
ELocation 551: Diff:6000 ms Accuracy:3.00
ELocation 552: Diff:5000 ms Accuracy:3.00
ELocation 553: Diff:6000 ms Accuracy:3.00
ETask 14: Configuration:1 Energy:0.00 Power:0.00 Reward:41.39 Time:30005 -- SAMPLE
ELocation 554: Diff:5000 ms Accuracy:3.00
ELocation 555: Diff:5000 ms Accuracy:3.00
ELocation 556: Diff:5000 ms Accuracy:3.00
ELocation 557: Diff:5000 ms Accuracy:3.00
ELocation 558: Diff:6000 ms Accuracy:3.00
ELocation 559: Diff:5000 ms Accuracy:3.00
ETask 15: Configuration:2 Energy:0.00 Power:0.00 Reward:56.70 Time:30008 -- SAMPLE
ELocation 560: Diff:1000 ms Accuracy:3.00
ELocation 561: Diff:0 ms Accuracy:3.00
ELocation 562: Diff:2000 ms Accuracy:3.00
ELocation 563: Diff:2000 ms Accuracy:3.00
ELocation 564: Diff:3000 ms Accuracy:3.00
ELocation 565: Diff:3000 ms Accuracy:3.00
ELocation 566: Diff:3000 ms Accuracy:3.00
ELocation 567: Diff:3000 ms Accuracy:3.00
ELocation 568: Diff:2000 ms Accuracy:3.00
ELocation 569: Diff:3000 ms Accuracy:3.00
ELocation 570: Diff:3000 ms Accuracy:3.00
ELocation 571: Diff:3000 ms Accuracy:3.00
ELocation 572: Diff:3000 ms Accuracy:3.00
ETask 16: Configuration:2 Energy:0.00 Power:0.00 Reward:67.55 Time:30007 -- SAMPLE
ELocation 573: Diff:2000 ms Accuracy:3.00
ELocation 574: Diff:2000 ms Accuracy:3.00
ELocation 575: Diff:3000 ms Accuracy:3.00
ELocation 576: Diff:3000 ms Accuracy:3.00
ELocation 577: Diff:3000 ms Accuracy:3.00
ELocation 578: Diff:3000 ms Accuracy:3.00
ELocation 579: Diff:3000 ms Accuracy:3.00
ELocation 580: Diff:2000 ms Accuracy:3.00
ELocation 581: Diff:3000 ms Accuracy:3.00
ELocation 582: Diff:2000 ms Accuracy:3.00
ELocation 583: Diff:3000 ms Accuracy:3.00
ETask 17: Configuration:3 Energy:0.00 Power:0.00 Reward:81.27 Time:30004 -- SAMPLE
ELocation 584: Diff:1000 ms Accuracy:3.00
ELocation 585: Diff:1000 ms Accuracy:3.00
ELocation 586: Diff:1000 ms Accuracy:3.00
ELocation 587: Diff:1000 ms Accuracy:3.00
ELocation 588: Diff:1000 ms Accuracy:3.00
ELocation 589: Diff:1000 ms Accuracy:3.00
ELocation 590: Diff:1000 ms Accuracy:3.00
ELocation 591: Diff:1000 ms Accuracy:3.00
ELocation 592: Diff:1000 ms Accuracy:3.00
ELocation 593: Diff:1000 ms Accuracy:3.00
ELocation 594: Diff:1000 ms Accuracy:3.00
ELocation 595: Diff:1000 ms Accuracy:3.00
ELocation 596: Diff:1000 ms Accuracy:3.00
ELocation 597: Diff:1000 ms Accuracy:3.00
ELocation 598: Diff:1000 ms Accuracy:3.00
ELocation 599: Diff:1000 ms Accuracy:3.00
ELocation 600: Diff:1000 ms Accuracy:3.00
ELocation 601: Diff:1000 ms Accuracy:3.00
ELocation 602: Diff:1000 ms Accuracy:3.00
ELocation 603: Diff:1000 ms Accuracy:3.00
ELocation 604: Diff:1000 ms Accuracy:3.00
ELocation 605: Diff:1000 ms Accuracy:3.00
ELocation 606: Diff:1000 ms Accuracy:3.00
ELocation 607: Diff:1000 ms Accuracy:3.00
ELocation 608: Diff:1000 ms Accuracy:3.00
ELocation 609: Diff:1000 ms Accuracy:3.00
ELocation 610: Diff:1000 ms Accuracy:3.00
ELocation 611: Diff:1000 ms Accuracy:3.00
ELocation 612: Diff:1000 ms Accuracy:3.00
ELocation 613: Diff:1000 ms Accuracy:3.00
ELocation 614: Diff:1000 ms Accuracy:3.00
ETask 18: Configuration:3 Energy:0.00 Power:0.00 Reward:68.87 Time:30004 -- SAMPLE
ELocation 615: Diff:1000 ms Accuracy:3.00
ELocation 616: Diff:1000 ms Accuracy:3.00
ELocation 617: Diff:1000 ms Accuracy:3.00
ELocation 618: Diff:1000 ms Accuracy:3.00
ELocation 619: Diff:1000 ms Accuracy:3.00
ELocation 620: Diff:1000 ms Accuracy:3.00
ELocation 621: Diff:1000 ms Accuracy:3.00
ELocation 622: Diff:1000 ms Accuracy:3.00
ELocation 623: Diff:1000 ms Accuracy:3.00
ELocation 624: Diff:1000 ms Accuracy:3.00
ELocation 625: Diff:1000 ms Accuracy:3.00
ELocation 626: Diff:1000 ms Accuracy:3.00
ELocation 627: Diff:1000 ms Accuracy:3.00
ELocation 628: Diff:1000 ms Accuracy:3.00
ELocation 629: Diff:1000 ms Accuracy:3.00
ELocation 630: Diff:1000 ms Accuracy:3.00
ELocation 631: Diff:1000 ms Accuracy:3.00
ELocation 632: Diff:1000 ms Accuracy:3.00
ELocation 633: Diff:1000 ms Accuracy:3.00
ELocation 634: Diff:1000 ms Accuracy:3.00
ELocation 635: Diff:1000 ms Accuracy:3.00
ELocation 636: Diff:1000 ms Accuracy:3.00
ELocation 637: Diff:1000 ms Accuracy:3.00
ELocation 638: Diff:1000 ms Accuracy:3.00
ELocation 639: Diff:1000 ms Accuracy:3.00
ELocation 640: Diff:1000 ms Accuracy:3.00
ELocation 641: Diff:1000 ms Accuracy:3.00
ELocation 642: Diff:1000 ms Accuracy:3.00
ELocation 643: Diff:1000 ms Accuracy:3.00
ELocation 644: Diff:1000 ms Accuracy:3.00
ETask 19: Configuration:1 Energy:0.00 Power:0.00 Reward:88.10 Time:30014
ELocation 645: Diff:0 ms Accuracy:3.00
ELocation 646: Diff:0 ms Accuracy:3.00
ELocation 647: Diff:6000 ms Accuracy:3.00
ELocation 648: Diff:5000 ms Accuracy:3.00
ELocation 649: Diff:6000 ms Accuracy:3.00
ELocation 650: Diff:5000 ms Accuracy:3.00
ELocation 651: Diff:5000 ms Accuracy:3.00
ETask 20: Configuration:1 Energy:0.00 Power:0.00 Reward:37.62 Time:30012
ELocation 652: Diff:6000 ms Accuracy:3.00
ELocation 653: Diff:6000 ms Accuracy:3.00
ELocation 654: Diff:5000 ms Accuracy:3.00
ELocation 655: Diff:6000 ms Accuracy:3.00
ELocation 656: Diff:6000 ms Accuracy:3.00
ETask 21: Configuration:1 Energy:0.00 Power:0.00 Reward:87.34 Time:30016
ELocation 657: Diff:5000 ms Accuracy:3.00
ELocation 658: Diff:6000 ms Accuracy:3.00
ELocation 659: Diff:5000 ms Accuracy:3.00
ELocation 660: Diff:6000 ms Accuracy:3.00
ELocation 661: Diff:6000 ms Accuracy:3.00
ELocation 662: Diff:6000 ms Accuracy:3.00
ETask 22: Configuration:1 Energy:0.00 Power:0.00 Reward:37.47 Time:30016
ELocation 663: Diff:5000 ms Accuracy:3.00
ELocation 664: Diff:6000 ms Accuracy:3.00
ELocation 665: Diff:5000 ms Accuracy:3.00
ELocation 666: Diff:5000 ms Accuracy:3.00
ELocation 667: Diff:6000 ms Accuracy:3.00
ETask 23: Configuration:1 Energy:0.00 Power:0.00 Reward:65.71 Time:30013
ELocation 668: Diff:5000 ms Accuracy:3.00
ELocation 669: Diff:6000 ms Accuracy:3.00
ELocation 670: Diff:5000 ms Accuracy:3.00
ELocation 671: Diff:5000 ms Accuracy:3.00
ELocation 672: Diff:5000 ms Accuracy:3.00
ELocation 673: Diff:6000 ms Accuracy:3.00
ETask 24: Configuration:1 Energy:0.00 Power:0.00 Reward:81.09 Time:30015
ELocation 674: Diff:5000 ms Accuracy:3.00
ELocation 675: Diff:6000 ms Accuracy:3.00
ELocation 676: Diff:6000 ms Accuracy:3.00
ELocation 677: Diff:5000 ms Accuracy:3.00
ELocation 678: Diff:6000 ms Accuracy:3.00
ETask 25: Configuration:1 Energy:0.00 Power:0.00 Reward:53.77 Time:30015
ELocation 679: Diff:6000 ms Accuracy:3.00
ELocation 680: Diff:5000 ms Accuracy:3.00
ELocation 681: Diff:5000 ms Accuracy:3.00
ELocation 682: Diff:6000 ms Accuracy:3.00
ELocation 683: Diff:5000 ms Accuracy:3.00
ELocation 684: Diff:6000 ms Accuracy:3.00
ETask 26: Configuration:1 Energy:0.00 Power:0.00 Reward:79.13 Time:30014
ELocation 685: Diff:5000 ms Accuracy:3.00
ELocation 686: Diff:5000 ms Accuracy:3.00
ELocation 687: Diff:5000 ms Accuracy:3.00
ELocation 688: Diff:6000 ms Accuracy:3.00
ELocation 689: Diff:5000 ms Accuracy:3.00
ETask 27: Configuration:1 Energy:0.00 Power:0.00 Reward:49.68 Time:30016
ELocation 690: Diff:6000 ms Accuracy:3.00
ELocation 691: Diff:5000 ms Accuracy:3.00
ELocation 692: Diff:5000 ms Accuracy:3.00
ELocation 693: Diff:6000 ms Accuracy:3.00
ELocation 694: Diff:6000 ms Accuracy:3.00
ELocation 695: Diff:5000 ms Accuracy:3.00
ETask 28: Configuration:1 Energy:0.00 Power:0.00 Reward:65.96 Time:30018
ELocation 696: Diff:5000 ms Accuracy:3.00
ELocation 697: Diff:5000 ms Accuracy:3.00
ELocation 698: Diff:6000 ms Accuracy:3.00
ELocation 699: Diff:5000 ms Accuracy:3.00
ELocation 700: Diff:6000 ms Accuracy:3.00
ETask 29: Configuration:1 Energy:0.00 Power:0.00 Reward:66.42 Time:30024
ELocation 701: Diff:5000 ms Accuracy:3.00
ELocation 702: Diff:6000 ms Accuracy:3.00
ELocation 703: Diff:5000 ms Accuracy:3.00
ELocation 704: Diff:6000 ms Accuracy:3.00
ELocation 705: Diff:6000 ms Accuracy:3.00
ELocation 706: Diff:6000 ms Accuracy:3.00
ETask 30: Configuration:1 Energy:0.00 Power:0.00 Reward:43.73 Time:30017
ELocation 707: Diff:6000 ms Accuracy:3.00
ELocation 708: Diff:5000 ms Accuracy:3.00
ELocation 709: Diff:5000 ms Accuracy:3.00
ELocation 710: Diff:6000 ms Accuracy:3.00
ELocation 711: Diff:6000 ms Accuracy:3.00
ETask 31: Configuration:1 Energy:0.00 Power:0.00 Reward:65.04 Time:30009
ELocation 712: Diff:6000 ms Accuracy:3.00
ELocation 713: Diff:5000 ms Accuracy:3.00
ELocation 714: Diff:6000 ms Accuracy:3.00
ELocation 715: Diff:5000 ms Accuracy:3.00
ELocation 716: Diff:6000 ms Accuracy:3.00
ETask 32: Configuration:1 Energy:0.00 Power:0.00 Reward:35.43 Time:30016
ELocation 717: Diff:5000 ms Accuracy:3.00
ELocation 718: Diff:5000 ms Accuracy:3.00
ELocation 719: Diff:5000 ms Accuracy:3.00
ELocation 720: Diff:6000 ms Accuracy:3.00
ELocation 721: Diff:5000 ms Accuracy:3.00
ELocation 722: Diff:6000 ms Accuracy:3.00
ETask 33: Configuration:1 Energy:0.00 Power:0.00 Reward:64.33 Time:30015
ELocation 723: Diff:6000 ms Accuracy:3.00
ELocation 724: Diff:6000 ms Accuracy:3.00
ELocation 725: Diff:5000 ms Accuracy:3.00
ELocation 726: Diff:5000 ms Accuracy:3.00
ELocation 727: Diff:5000 ms Accuracy:3.00
ELocation 728: Diff:5000 ms Accuracy:3.00
ETask 34: Configuration:1 Energy:0.00 Power:0.00 Reward:64.33 Time:30013
ELocation 729: Diff:5000 ms Accuracy:3.00
ELocation 730: Diff:6000 ms Accuracy:3.00
ELocation 731: Diff:6000 ms Accuracy:3.00
ELocation 732: Diff:5000 ms Accuracy:3.00
ELocation 733: Diff:6000 ms Accuracy:3.00
ETask 35: Configuration:1 Energy:0.00 Power:0.00 Reward:65.19 Time:30012
ELocation 734: Diff:6000 ms Accuracy:3.00
ELocation 735: Diff:6000 ms Accuracy:3.00
ELocation 736: Diff:5000 ms Accuracy:3.00
ELocation 737: Diff:6000 ms Accuracy:3.00
ELocation 738: Diff:5000 ms Accuracy:3.00
ETask 36: Configuration:1 Energy:0.00 Power:0.00 Reward:40.31 Time:30016
ELocation 739: Diff:5000 ms Accuracy:3.00
ELocation 740: Diff:5000 ms Accuracy:3.00
ELocation 741: Diff:5000 ms Accuracy:3.00
ELocation 742: Diff:6000 ms Accuracy:3.00
ELocation 743: Diff:5000 ms Accuracy:3.00
ELocation 744: Diff:6000 ms Accuracy:3.00
ETask 37: Configuration:1 Energy:0.00 Power:0.00 Reward:67.84 Time:30023
ELocation 745: Diff:6000 ms Accuracy:3.00
ELocation 746: Diff:5000 ms Accuracy:3.00
ELocation 747: Diff:6000 ms Accuracy:3.00
ELocation 748: Diff:5000 ms Accuracy:3.00
ELocation 749: Diff:6000 ms Accuracy:3.00
ETask 38: Configuration:1 Energy:0.00 Power:0.00 Reward:36.50 Time:30019
ELocation 750: Diff:5000 ms Accuracy:3.00
ELocation 751: Diff:5000 ms Accuracy:3.00
ELocation 752: Diff:6000 ms Accuracy:3.00
ELocation 753: Diff:5000 ms Accuracy:3.00
ELocation 754: Diff:5000 ms Accuracy:3.00
ELocation 755: Diff:6000 ms Accuracy:3.00
ETask 39: Configuration:1 Energy:0.00 Power:0.00 Reward:37.00 Time:30019
ELocation 756: Diff:6000 ms Accuracy:3.00
ELocation 757: Diff:5000 ms Accuracy:3.00
ELocation 758: Diff:6000 ms Accuracy:3.00
ELocation 759: Diff:5000 ms Accuracy:3.00
ELocation 760: Diff:6000 ms Accuracy:3.00
ETask 40: Configuration:1 Energy:0.00 Power:0.00 Reward:64.95 Time:30022
ELocation 761: Diff:6000 ms Accuracy:3.00
ELocation 762: Diff:6000 ms Accuracy:3.00
ELocation 763: Diff:6000 ms Accuracy:3.00
ELocation 764: Diff:5000 ms Accuracy:3.00
ELocation 765: Diff:5000 ms Accuracy:3.00
ELocation 766: Diff:5000 ms Accuracy:3.00
ETask 41: Configuration:1 Energy:0.00 Power:0.00 Reward:36.72 Time:30022
ELocation 767: Diff:6000 ms Accuracy:3.00
ELocation 768: Diff:5000 ms Accuracy:3.00
ELocation 769: Diff:5000 ms Accuracy:3.00
ELocation 770: Diff:5000 ms Accuracy:3.00
ELocation 771: Diff:6000 ms Accuracy:3.00
ETask 42: Configuration:1 Energy:0.00 Power:0.00 Reward:65.99 Time:30017
ELocation 772: Diff:5000 ms Accuracy:3.00
ELocation 773: Diff:6000 ms Accuracy:3.00
ELocation 774: Diff:5000 ms Accuracy:3.00
ELocation 775: Diff:6000 ms Accuracy:3.00
ELocation 776: Diff:6000 ms Accuracy:3.00
ELocation 777: Diff:5000 ms Accuracy:3.00
ETask 43: Configuration:1 Energy:0.00 Power:0.00 Reward:67.45 Time:30014
ELocation 778: Diff:6000 ms Accuracy:3.00
ELocation 779: Diff:5000 ms Accuracy:3.00
ELocation 780: Diff:5000 ms Accuracy:5.00
ELocation 781: Diff:5000 ms Accuracy:4.00
ELocation 782: Diff:6000 ms Accuracy:3.00
ETask 44: Configuration:1 Energy:0.00 Power:0.00 Reward:46.58 Time:30022
ELocation 783: Diff:5000 ms Accuracy:3.00
ELocation 784: Diff:5000 ms Accuracy:3.00
ELocation 785: Diff:5000 ms Accuracy:3.00
ELocation 786: Diff:6000 ms Accuracy:3.00
ELocation 787: Diff:6000 ms Accuracy:3.00
ELocation 788: Diff:6000 ms Accuracy:3.00
ETask 45: Configuration:1 Energy:0.00 Power:0.00 Reward:48.93 Time:30016
ELocation 789: Diff:5000 ms Accuracy:3.00
ELocation 790: Diff:5000 ms Accuracy:3.00
ELocation 791: Diff:6000 ms Accuracy:3.00
ELocation 792: Diff:5000 ms Accuracy:3.00
ELocation 793: Diff:6000 ms Accuracy:3.00
ETask 46: Configuration:1 Energy:0.00 Power:0.00 Reward:91.45 Time:30010
ELocation 794: Diff:6000 ms Accuracy:3.00
ELocation 795: Diff:5000 ms Accuracy:3.00
ELocation 796: Diff:5000 ms Accuracy:3.00
ELocation 797: Diff:5000 ms Accuracy:3.00
ELocation 798: Diff:6000 ms Accuracy:3.00
ELocation 799: Diff:6000 ms Accuracy:3.00
ETask 47: Configuration:1 Energy:0.00 Power:0.00 Reward:51.72 Time:30016
ELocation 800: Diff:5000 ms Accuracy:3.00
ELocation 801: Diff:6000 ms Accuracy:3.00
ELocation 802: Diff:5000 ms Accuracy:3.00
ELocation 803: Diff:6000 ms Accuracy:3.00
ELocation 804: Diff:6000 ms Accuracy:3.00
ETask 48: Configuration:1 Energy:0.00 Power:0.00 Reward:69.16 Time:30010
ELocation 805: Diff:5000 ms Accuracy:3.00
ELocation 806: Diff:6000 ms Accuracy:3.00
ELocation 807: Diff:5000 ms Accuracy:3.00
ELocation 808: Diff:6000 ms Accuracy:3.00
ELocation 809: Diff:5000 ms Accuracy:3.00
ELocation 810: Diff:5000 ms Accuracy:3.00
ETask 49: Configuration:1 Energy:0.00 Power:0.00 Reward:38.48 Time:30015
ELocation 811: Diff:6000 ms Accuracy:3.00
ELocation 812: Diff:5000 ms Accuracy:3.00
ELocation 813: Diff:6000 ms Accuracy:3.00
ELocation 814: Diff:5000 ms Accuracy:3.00
ELocation 815: Diff:6000 ms Accuracy:3.00
ETask 50: Configuration:1 Energy:0.00 Power:0.00 Reward:35.97 Time:30015
ELocation 816: Diff:6000 ms Accuracy:3.00
ELocation 817: Diff:6000 ms Accuracy:3.00
ELocation 818: Diff:6000 ms Accuracy:3.00
ELocation 819: Diff:5000 ms Accuracy:3.00
ELocation 820: Diff:5000 ms Accuracy:3.00
ELocation 821: Diff:6000 ms Accuracy:3.00
ETask 51: Configuration:1 Energy:0.00 Power:0.00 Reward:49.59 Time:30017
ELocation 822: Diff:5000 ms Accuracy:3.00
ELocation 823: Diff:5000 ms Accuracy:3.00
ELocation 824: Diff:6000 ms Accuracy:3.00
ELocation 825: Diff:5000 ms Accuracy:3.00
ELocation 826: Diff:6000 ms Accuracy:3.00
ETask 52: Configuration:1 Energy:0.00 Power:0.00 Reward:39.73 Time:30011
ELocation 827: Diff:5000 ms Accuracy:3.00
ELocation 828: Diff:5000 ms Accuracy:3.00
ELocation 829: Diff:5000 ms Accuracy:3.00
ELocation 830: Diff:5000 ms Accuracy:3.00
ELocation 831: Diff:5000 ms Accuracy:3.00
ELocation 832: Diff:6000 ms Accuracy:3.00
ETask 53: Configuration:1 Energy:0.00 Power:0.00 Reward:54.38 Time:30016
ELocation 833: Diff:6000 ms Accuracy:3.00
ELocation 834: Diff:6000 ms Accuracy:3.00
ELocation 835: Diff:6000 ms Accuracy:3.00
ELocation 836: Diff:5000 ms Accuracy:3.00
ELocation 837: Diff:6000 ms Accuracy:3.00
ETask 54: Configuration:1 Energy:0.00 Power:0.00 Reward:35.59 Time:30018
ELocation 838: Diff:5000 ms Accuracy:3.00
ELocation 839: Diff:6000 ms Accuracy:3.00
ELocation 840: Diff:5000 ms Accuracy:3.00
ELocation 841: Diff:6000 ms Accuracy:3.00
ELocation 842: Diff:5000 ms Accuracy:3.00
ELocation 843: Diff:6000 ms Accuracy:3.00
ETask 55: Configuration:1 Energy:0.00 Power:0.00 Reward:36.70 Time:30012
ELocation 844: Diff:5000 ms Accuracy:3.00
ELocation 845: Diff:5000 ms Accuracy:3.00
ELocation 846: Diff:6000 ms Accuracy:3.00
ELocation 847: Diff:6000 ms Accuracy:3.00
ELocation 848: Diff:6000 ms Accuracy:3.00
ETask 56: Configuration:1 Energy:0.00 Power:0.00 Reward:65.66 Time:30014
ELocation 849: Diff:5000 ms Accuracy:3.00
ELocation 850: Diff:5000 ms Accuracy:3.00
ELocation 851: Diff:5000 ms Accuracy:3.00
ELocation 852: Diff:5000 ms Accuracy:3.00
ELocation 853: Diff:6000 ms Accuracy:3.00
ELocation 854: Diff:5000 ms Accuracy:3.00
ETask 57: Configuration:1 Energy:0.00 Power:0.00 Reward:42.52 Time:30016
ELocation 855: Diff:6000 ms Accuracy:3.00
ELocation 856: Diff:5000 ms Accuracy:3.00
ELocation 857: Diff:6000 ms Accuracy:3.00
ELocation 858: Diff:6000 ms Accuracy:3.00
ELocation 859: Diff:6000 ms Accuracy:3.00
ETask 58: Configuration:1 Energy:0.00 Power:0.00 Reward:48.98 Time:30013
ELocation 860: Diff:5000 ms Accuracy:3.00
ELocation 861: Diff:6000 ms Accuracy:3.00
ELocation 862: Diff:5000 ms Accuracy:3.00
ELocation 863: Diff:6000 ms Accuracy:3.00
ETask 59: Configuration:1 Energy:0.00 Power:0.00 Reward:0.0 Time:30013
STOKE: End Bat: 0.450000
STOKE: Usage Bat: 0.270000
ERROR: We got 'done' signal before finishing experiment!
ERun: Reward:2701.17 PostConfigReward:6592.98 Time:4420262
==END-RUN 2==
STOKE: Config:0 | interval:0:10000 priority:0:100 sensor-configuration:0:2 | -- timeOn:2 reward:128.42 scaled:0.68 (location_accuracy,132.00,5.74)
STOKE: Config:1 | interval:1:5000 priority:0:100 sensor-configuration:0:2 | -- timeOn:42 reward:2298.36 scaled:0.73 (location_accuracy,784.00,3.04)
STOKE: Config:2 | interval:2:2000 priority:0:100 sensor-configuration:0:2 | -- timeOn:2 reward:124.25 scaled:0.69 (location_accuracy,57.00,3.00)
STOKE: Config:3 | interval:3:500 priority:0:100 sensor-configuration:0:2 | -- timeOn:2 reward:150.14 scaled:0.62 (location_accuracy,126.00,3.00)

