==RUN 0==
STOKE: Start Bat: 0.790000
ELocation 0: Diff:499026 ms Accuracy:6496.16
ELocation 1: Diff:0 ms Accuracy:6496.16
ELocation 2: Diff:10003 ms Accuracy:107.16
ELocation 3: Diff:0 ms Accuracy:107.16
ELocation 4: Diff:0 ms Accuracy:107.16
ELocation 5: Diff:4971 ms Accuracy:21.00
ELocation 6: Diff:6240 ms Accuracy:108.14
ELocation 7: Diff:11760 ms Accuracy:16.00
ELocation 8: Diff:10000 ms Accuracy:4.00
ELocation 9: Diff:20000 ms Accuracy:7.00
ELocation 10: Diff:20000 ms Accuracy:9.00
ELocation 11: Diff:20000 ms Accuracy:11.00
ELocation 12: Diff:20000 ms Accuracy:7.00
ELocation 13: Diff:10000 ms Accuracy:5.00
ELocation 14: Diff:20000 ms Accuracy:5.00
ELocation 15: Diff:10000 ms Accuracy:6.00
ELocation 16: Diff:20000 ms Accuracy:6.00
ELocation 17: Diff:10000 ms Accuracy:6.00
ELocation 18: Diff:20000 ms Accuracy:10.00
ELocation 19: Diff:10000 ms Accuracy:6.00
ELocation 20: Diff:10000 ms Accuracy:5.00
ELocation 21: Diff:20000 ms Accuracy:5.00
ELocation 22: Diff:10000 ms Accuracy:9.00
ELocation 23: Diff:20000 ms Accuracy:14.00
ELocation 24: Diff:10000 ms Accuracy:12.00
ELocation 25: Diff:20000 ms Accuracy:6.00
ELocation 26: Diff:20000 ms Accuracy:6.00
ETask 11: Configuration:0 Energy:0.00 Power:0.00 Reward:35.44 Time:30007 -- SAMPLE
ELocation 27: Diff:20000 ms Accuracy:7.00
ELocation 28: Diff:20000 ms Accuracy:6.00
ETask 12: Configuration:0 Energy:0.00 Power:0.00 Reward:35.07 Time:30005 -- SAMPLE
ELocation 29: Diff:10000 ms Accuracy:18.00
ELocation 30: Diff:20000 ms Accuracy:9.00
ETask 13: Configuration:1 Energy:0.00 Power:0.00 Reward:37.88 Time:30006 -- SAMPLE
ELocation 31: Diff:0 ms Accuracy:9.00
ELocation 32: Diff:10000 ms Accuracy:9.00
ELocation 33: Diff:5000 ms Accuracy:3.00
ELocation 34: Diff:6000 ms Accuracy:3.00
ELocation 35: Diff:5000 ms Accuracy:3.00
ELocation 36: Diff:6000 ms Accuracy:3.00
ELocation 37: Diff:5000 ms Accuracy:3.00
ETask 14: Configuration:1 Energy:0.00 Power:0.00 Reward:48.54 Time:30005 -- SAMPLE
ELocation 38: Diff:6000 ms Accuracy:3.00
ELocation 39: Diff:5000 ms Accuracy:3.00
ELocation 40: Diff:6000 ms Accuracy:3.00
ELocation 41: Diff:5000 ms Accuracy:3.00
ELocation 42: Diff:6000 ms Accuracy:3.00
ETask 15: Configuration:2 Energy:0.00 Power:0.00 Reward:78.29 Time:30008 -- SAMPLE
ELocation 43: Diff:3000 ms Accuracy:3.00
ELocation 44: Diff:1000 ms Accuracy:3.00
ELocation 45: Diff:2000 ms Accuracy:3.00
ELocation 46: Diff:3000 ms Accuracy:3.00
ELocation 47: Diff:3000 ms Accuracy:3.00
ELocation 48: Diff:3000 ms Accuracy:3.00
ELocation 49: Diff:2000 ms Accuracy:3.00
ELocation 50: Diff:3000 ms Accuracy:3.00
ELocation 51: Diff:2000 ms Accuracy:3.00
ELocation 52: Diff:2000 ms Accuracy:3.00
ELocation 53: Diff:2000 ms Accuracy:3.00
ELocation 54: Diff:2000 ms Accuracy:3.00
ELocation 55: Diff:3000 ms Accuracy:3.00
ELocation 56: Diff:3000 ms Accuracy:3.00
ETask 16: Configuration:2 Energy:0.00 Power:0.00 Reward:78.59 Time:30081 -- SAMPLE
ELocation 57: Diff:2000 ms Accuracy:3.00
ELocation 58: Diff:3000 ms Accuracy:3.00
ELocation 59: Diff:3000 ms Accuracy:3.00
ELocation 60: Diff:2000 ms Accuracy:3.00
ELocation 61: Diff:3000 ms Accuracy:3.00
ELocation 62: Diff:3000 ms Accuracy:3.00
ELocation 63: Diff:3000 ms Accuracy:3.00
ELocation 64: Diff:3000 ms Accuracy:3.00
ELocation 65: Diff:2000 ms Accuracy:3.00
ELocation 66: Diff:2000 ms Accuracy:3.00
ELocation 67: Diff:3000 ms Accuracy:3.00
ETask 17: Configuration:3 Energy:0.00 Power:0.00 Reward:82.35 Time:30006 -- SAMPLE
ELocation 68: Diff:1000 ms Accuracy:3.00
ELocation 69: Diff:0 ms Accuracy:3.00
ELocation 70: Diff:1000 ms Accuracy:3.00
ELocation 71: Diff:1000 ms Accuracy:3.00
ELocation 72: Diff:1000 ms Accuracy:3.00
ELocation 73: Diff:1000 ms Accuracy:3.00
ELocation 74: Diff:1000 ms Accuracy:3.00
ELocation 75: Diff:1000 ms Accuracy:3.00
ELocation 76: Diff:1000 ms Accuracy:3.00
ELocation 77: Diff:1000 ms Accuracy:3.00
ELocation 78: Diff:1000 ms Accuracy:3.00
ELocation 79: Diff:1000 ms Accuracy:3.00
ELocation 80: Diff:1000 ms Accuracy:3.00
ELocation 81: Diff:1000 ms Accuracy:3.00
ELocation 82: Diff:1000 ms Accuracy:3.00
ELocation 83: Diff:1000 ms Accuracy:4.00
ELocation 84: Diff:1000 ms Accuracy:3.00
ELocation 85: Diff:1000 ms Accuracy:3.00
ELocation 86: Diff:1000 ms Accuracy:3.00
ELocation 87: Diff:1000 ms Accuracy:3.00
ELocation 88: Diff:1000 ms Accuracy:3.00
ELocation 89: Diff:1000 ms Accuracy:3.00
ELocation 90: Diff:1000 ms Accuracy:3.00
ELocation 91: Diff:1000 ms Accuracy:3.00
ELocation 92: Diff:1000 ms Accuracy:3.00
ELocation 93: Diff:1000 ms Accuracy:3.00
ELocation 94: Diff:1000 ms Accuracy:3.00
ELocation 95: Diff:1000 ms Accuracy:3.00
ELocation 96: Diff:1000 ms Accuracy:3.00
ELocation 97: Diff:1000 ms Accuracy:3.00
ELocation 98: Diff:1000 ms Accuracy:3.00
ELocation 99: Diff:1000 ms Accuracy:3.00
ETask 18: Configuration:3 Energy:0.00 Power:0.00 Reward:70.31 Time:30004 -- SAMPLE
ELocation 100: Diff:1000 ms Accuracy:3.00
ELocation 101: Diff:1000 ms Accuracy:3.00
ELocation 102: Diff:1000 ms Accuracy:3.00
ELocation 103: Diff:1000 ms Accuracy:3.00
ELocation 104: Diff:1000 ms Accuracy:3.00
ELocation 105: Diff:1000 ms Accuracy:3.00
ELocation 106: Diff:1000 ms Accuracy:3.00
ELocation 107: Diff:1000 ms Accuracy:3.00
ELocation 108: Diff:1000 ms Accuracy:3.00
ELocation 109: Diff:1000 ms Accuracy:3.00
ELocation 110: Diff:1000 ms Accuracy:3.00
ELocation 111: Diff:1000 ms Accuracy:3.00
ELocation 112: Diff:1000 ms Accuracy:3.00
ELocation 113: Diff:1000 ms Accuracy:3.00
ELocation 114: Diff:1000 ms Accuracy:3.00
ELocation 115: Diff:1000 ms Accuracy:3.00
ELocation 116: Diff:1000 ms Accuracy:3.00
ELocation 117: Diff:1000 ms Accuracy:3.00
ELocation 118: Diff:1000 ms Accuracy:3.00
ELocation 119: Diff:1000 ms Accuracy:3.00
ELocation 120: Diff:1000 ms Accuracy:3.00
ELocation 121: Diff:1000 ms Accuracy:3.00
ELocation 122: Diff:1000 ms Accuracy:3.00
ELocation 123: Diff:1000 ms Accuracy:3.00
ELocation 124: Diff:1000 ms Accuracy:3.00
ELocation 125: Diff:1000 ms Accuracy:3.00
ELocation 126: Diff:1000 ms Accuracy:3.00
ELocation 127: Diff:1000 ms Accuracy:3.00
ELocation 128: Diff:1000 ms Accuracy:3.00
ELocation 129: Diff:1000 ms Accuracy:3.00
ETask 19: Configuration:0 Energy:0.00 Power:0.00 Reward:70.32 Time:30012
ELocation 130: Diff:0 ms Accuracy:3.00
ELocation 131: Diff:0 ms Accuracy:3.00
ELocation 132: Diff:13000 ms Accuracy:4.00
ELocation 133: Diff:10000 ms Accuracy:8.00
ETask 20: Configuration:1 Energy:0.00 Power:0.00 Reward:70.93 Time:30014
ELocation 134: Diff:0 ms Accuracy:8.00
ELocation 135: Diff:7977 ms Accuracy:9.00
ELocation 136: Diff:6023 ms Accuracy:3.00
ELocation 137: Diff:5000 ms Accuracy:3.00
ELocation 138: Diff:6000 ms Accuracy:3.00
ELocation 139: Diff:6000 ms Accuracy:3.00
ELocation 140: Diff:6000 ms Accuracy:3.00
ETask 21: Configuration:0 Energy:0.00 Power:0.00 Reward:68.81 Time:30010
ELocation 141: Diff:0 ms Accuracy:3.00
ELocation 142: Diff:0 ms Accuracy:3.00
ELocation 143: Diff:13000 ms Accuracy:4.00
ELocation 144: Diff:10000 ms Accuracy:5.00
ETask 22: Configuration:0 Energy:0.00 Power:0.00 Reward:62.88 Time:30011
ELocation 145: Diff:10000 ms Accuracy:4.00
ELocation 146: Diff:10000 ms Accuracy:6.00
ETask 23: Configuration:1 Energy:0.00 Power:0.00 Reward:38.83 Time:30015
ELocation 147: Diff:10000 ms Accuracy:11.00
ELocation 148: Diff:8117 ms Accuracy:14.00
ELocation 149: Diff:5883 ms Accuracy:3.00
ELocation 150: Diff:5000 ms Accuracy:3.00
ELocation 151: Diff:6000 ms Accuracy:3.00
ELocation 152: Diff:6000 ms Accuracy:3.00
ELocation 153: Diff:5000 ms Accuracy:3.00
ETask 24: Configuration:1 Energy:0.00 Power:0.00 Reward:64.60 Time:30016
ELocation 154: Diff:5000 ms Accuracy:3.00
ELocation 155: Diff:6000 ms Accuracy:3.00
ELocation 156: Diff:6000 ms Accuracy:3.00
ELocation 157: Diff:5000 ms Accuracy:3.00
ELocation 158: Diff:5000 ms Accuracy:3.00
ETask 25: Configuration:1 Energy:0.00 Power:0.00 Reward:65.70 Time:30020
ELocation 159: Diff:5000 ms Accuracy:3.00
ELocation 160: Diff:6000 ms Accuracy:3.00
ELocation 161: Diff:5000 ms Accuracy:3.00
ELocation 162: Diff:5000 ms Accuracy:3.00
ELocation 163: Diff:6000 ms Accuracy:3.00
ELocation 164: Diff:6000 ms Accuracy:3.00
ETask 26: Configuration:1 Energy:0.00 Power:0.00 Reward:49.46 Time:30014
ELocation 165: Diff:5000 ms Accuracy:3.00
ELocation 166: Diff:5000 ms Accuracy:3.00
ELocation 167: Diff:6000 ms Accuracy:3.00
ELocation 168: Diff:5000 ms Accuracy:3.00
ELocation 169: Diff:6000 ms Accuracy:3.00
ETask 27: Configuration:1 Energy:0.00 Power:0.00 Reward:63.69 Time:30016
ELocation 170: Diff:5000 ms Accuracy:3.00
ELocation 171: Diff:6000 ms Accuracy:3.00
ELocation 172: Diff:5000 ms Accuracy:3.00
ELocation 173: Diff:5000 ms Accuracy:4.00
ELocation 174: Diff:5000 ms Accuracy:6.00
ELocation 175: Diff:6000 ms Accuracy:4.00
ETask 28: Configuration:0 Energy:0.00 Power:0.00 Reward:36.46 Time:30015
ELocation 176: Diff:2000 ms Accuracy:4.00
ELocation 177: Diff:0 ms Accuracy:4.00
ELocation 178: Diff:13000 ms Accuracy:6.00
ETask 29: Configuration:0 Energy:0.00 Power:0.00 Reward:34.01 Time:30013
ELocation 179: Diff:20000 ms Accuracy:5.00
ELocation 180: Diff:20000 ms Accuracy:7.00
ETask 30: Configuration:0 Energy:0.00 Power:0.00 Reward:37.59 Time:30014
ELocation 181: Diff:10000 ms Accuracy:6.00
ELocation 182: Diff:20000 ms Accuracy:6.00
ETask 31: Configuration:0 Energy:0.00 Power:0.00 Reward:35.46 Time:30014
ELocation 183: Diff:20000 ms Accuracy:10.00
ELocation 184: Diff:10000 ms Accuracy:6.00
ETask 32: Configuration:0 Energy:0.00 Power:0.00 Reward:34.85 Time:30017
ELocation 185: Diff:20000 ms Accuracy:15.00
ETask 33: Configuration:0 Energy:0.00 Power:0.00 Reward:35.14 Time:30014
ELocation 186: Diff:20000 ms Accuracy:8.00
ELocation 187: Diff:20000 ms Accuracy:8.00
ETask 34: Configuration:0 Energy:0.00 Power:0.00 Reward:35.34 Time:30019
ELocation 188: Diff:20000 ms Accuracy:5.00
ELocation 189: Diff:10000 ms Accuracy:6.00
ETask 35: Configuration:0 Energy:0.00 Power:0.00 Reward:37.76 Time:30019
ELocation 190: Diff:10000 ms Accuracy:5.00
ELocation 191: Diff:10000 ms Accuracy:9.00
ETask 36: Configuration:0 Energy:0.00 Power:0.00 Reward:38.97 Time:30015
ELocation 192: Diff:20000 ms Accuracy:6.00
ELocation 193: Diff:10000 ms Accuracy:7.00
ELocation 194: Diff:10000 ms Accuracy:6.00
ETask 37: Configuration:0 Energy:0.00 Power:0.00 Reward:41.08 Time:30015
ELocation 195: Diff:10000 ms Accuracy:3.00
ELocation 196: Diff:20000 ms Accuracy:15.00
ETask 38: Configuration:0 Energy:0.00 Power:0.00 Reward:49.76 Time:30016
ELocation 197: Diff:10000 ms Accuracy:8.00
ELocation 198: Diff:20000 ms Accuracy:11.00
ETask 39: Configuration:0 Energy:0.00 Power:0.00 Reward:48.83 Time:30014
ERun: Reward:1486.92 PostConfigReward:1020.48 Time:871266
==END-RUN 0==
STOKE: Config:0 | interval:0:10000 priority:0:100 sensor-configuration:0:2 | -- timeOn:17 reward:737.77 scaled:0.57 (location_accuracy,13934.95,139.35)
STOKE: Config:1 | interval:1:5000 priority:0:100 sensor-configuration:0:2 | -- timeOn:8 reward:439.62 scaled:0.45 (location_accuracy,181.00,4.76)
STOKE: Config:2 | interval:2:2000 priority:0:100 sensor-configuration:0:2 | -- timeOn:2 reward:156.88 scaled:0.22 (location_accuracy,57.00,3.00)
STOKE: Config:3 | interval:3:500 priority:0:100 sensor-configuration:0:2 | -- timeOn:2 reward:152.65 scaled:0.24 (location_accuracy,130.00,3.02)

==RUN 1==
ELocation 199: Diff:10000 ms Accuracy:9.00
ELocation 200: Diff:20000 ms Accuracy:7.00
ELocation 201: Diff:20000 ms Accuracy:9.00
ELocation 202: Diff:10000 ms Accuracy:6.00
ELocation 203: Diff:20000 ms Accuracy:6.00
ELocation 204: Diff:10000 ms Accuracy:8.00
ELocation 205: Diff:20000 ms Accuracy:7.00
ELocation 206: Diff:10000 ms Accuracy:5.00
ELocation 207: Diff:20000 ms Accuracy:11.00
ELocation 208: Diff:20000 ms Accuracy:5.00
ELocation 209: Diff:10000 ms Accuracy:6.00
ELocation 210: Diff:10000 ms Accuracy:10.00
ELocation 211: Diff:20000 ms Accuracy:4.00
ELocation 212: Diff:10000 ms Accuracy:4.00
ELocation 213: Diff:20000 ms Accuracy:6.00
ELocation 214: Diff:10000 ms Accuracy:5.00
ELocation 215: Diff:20000 ms Accuracy:8.00
ELocation 216: Diff:20000 ms Accuracy:6.00
ELocation 217: Diff:10000 ms Accuracy:5.00
ELocation 218: Diff:20000 ms Accuracy:4.00
ELocation 219: Diff:10000 ms Accuracy:10.00
ELocation 220: Diff:10000 ms Accuracy:8.00
ETask 11: Configuration:0 Energy:0.00 Power:0.00 Reward:38.66 Time:30007 -- SAMPLE
ELocation 221: Diff:20000 ms Accuracy:8.00
ETask 12: Configuration:0 Energy:0.00 Power:0.00 Reward:39.20 Time:30005 -- SAMPLE
ELocation 222: Diff:20000 ms Accuracy:6.00
ELocation 223: Diff:20000 ms Accuracy:4.00
ETask 13: Configuration:1 Energy:0.00 Power:0.00 Reward:41.08 Time:30006 -- SAMPLE
ELocation 224: Diff:0 ms Accuracy:4.00
ELocation 225: Diff:10000 ms Accuracy:11.00
ELocation 226: Diff:6000 ms Accuracy:3.00
ELocation 227: Diff:5000 ms Accuracy:3.00
ELocation 228: Diff:6000 ms Accuracy:3.00
ELocation 229: Diff:6000 ms Accuracy:3.00
ELocation 230: Diff:5000 ms Accuracy:3.00
ETask 14: Configuration:1 Energy:0.00 Power:0.00 Reward:46.66 Time:30004 -- SAMPLE
ELocation 231: Diff:6000 ms Accuracy:3.00
ELocation 232: Diff:5000 ms Accuracy:3.00
ELocation 233: Diff:6000 ms Accuracy:3.00
ELocation 234: Diff:5000 ms Accuracy:3.00
ELocation 235: Diff:6000 ms Accuracy:3.00
ETask 15: Configuration:2 Energy:0.00 Power:0.00 Reward:65.91 Time:30009 -- SAMPLE
ELocation 236: Diff:2000 ms Accuracy:4.00
ELocation 237: Diff:0 ms Accuracy:4.00
ELocation 238: Diff:2000 ms Accuracy:4.00
ELocation 239: Diff:3000 ms Accuracy:3.00
ELocation 240: Diff:3000 ms Accuracy:3.00
ELocation 241: Diff:2000 ms Accuracy:4.00
ELocation 242: Diff:3000 ms Accuracy:3.00
ELocation 243: Diff:2000 ms Accuracy:3.00
ELocation 244: Diff:3000 ms Accuracy:4.00
ELocation 245: Diff:3000 ms Accuracy:3.00
ELocation 246: Diff:3000 ms Accuracy:3.00
ELocation 247: Diff:3000 ms Accuracy:3.00
ELocation 248: Diff:3000 ms Accuracy:3.00
ETask 16: Configuration:2 Energy:0.00 Power:0.00 Reward:61.44 Time:30003 -- SAMPLE
ELocation 249: Diff:2000 ms Accuracy:3.00
ELocation 250: Diff:3000 ms Accuracy:3.00
ELocation 251: Diff:3000 ms Accuracy:3.00
ELocation 252: Diff:2000 ms Accuracy:3.00
ELocation 253: Diff:2000 ms Accuracy:3.00
ELocation 254: Diff:3000 ms Accuracy:3.00
ELocation 255: Diff:2000 ms Accuracy:3.00
ELocation 256: Diff:3000 ms Accuracy:3.00
ELocation 257: Diff:3000 ms Accuracy:3.00
ELocation 258: Diff:2000 ms Accuracy:3.00
ELocation 259: Diff:3000 ms Accuracy:3.00
ETask 17: Configuration:3 Energy:0.00 Power:0.00 Reward:64.69 Time:30006 -- SAMPLE
ELocation 260: Diff:2000 ms Accuracy:3.00
ELocation 261: Diff:1000 ms Accuracy:3.00
ELocation 262: Diff:1000 ms Accuracy:3.00
ELocation 263: Diff:1000 ms Accuracy:3.00
ELocation 264: Diff:1000 ms Accuracy:3.00
ELocation 265: Diff:1000 ms Accuracy:3.00
ELocation 266: Diff:1000 ms Accuracy:3.00
ELocation 267: Diff:1000 ms Accuracy:3.00
ELocation 268: Diff:1000 ms Accuracy:3.00
ELocation 269: Diff:1000 ms Accuracy:3.00
ELocation 270: Diff:1000 ms Accuracy:3.00
ELocation 271: Diff:1000 ms Accuracy:3.00
ELocation 272: Diff:1000 ms Accuracy:3.00
ELocation 273: Diff:1000 ms Accuracy:3.00
ELocation 274: Diff:1000 ms Accuracy:3.00
ELocation 275: Diff:1000 ms Accuracy:3.00
ELocation 276: Diff:1000 ms Accuracy:3.00
ELocation 277: Diff:1000 ms Accuracy:3.00
ELocation 278: Diff:1000 ms Accuracy:3.00
ELocation 279: Diff:1000 ms Accuracy:3.00
ELocation 280: Diff:1000 ms Accuracy:3.00
ELocation 281: Diff:1000 ms Accuracy:3.00
ELocation 282: Diff:1000 ms Accuracy:3.00
ELocation 283: Diff:1000 ms Accuracy:3.00
ELocation 284: Diff:1000 ms Accuracy:3.00
ELocation 285: Diff:1000 ms Accuracy:3.00
ELocation 286: Diff:1000 ms Accuracy:3.00
ELocation 287: Diff:1000 ms Accuracy:3.00
ELocation 288: Diff:1000 ms Accuracy:3.00
ELocation 289: Diff:1000 ms Accuracy:3.00
ELocation 290: Diff:1000 ms Accuracy:3.00
ETask 18: Configuration:3 Energy:0.00 Power:0.00 Reward:66.82 Time:30004 -- SAMPLE
ELocation 291: Diff:1000 ms Accuracy:3.00
ELocation 292: Diff:1000 ms Accuracy:3.00
ELocation 293: Diff:1000 ms Accuracy:3.00
ELocation 294: Diff:1000 ms Accuracy:3.00
ELocation 295: Diff:1000 ms Accuracy:3.00
ELocation 296: Diff:1000 ms Accuracy:3.00
ELocation 297: Diff:1000 ms Accuracy:3.00
ELocation 298: Diff:1000 ms Accuracy:3.00
ELocation 299: Diff:1000 ms Accuracy:3.00
ELocation 300: Diff:1000 ms Accuracy:3.00
ELocation 301: Diff:1000 ms Accuracy:3.00
ELocation 302: Diff:1000 ms Accuracy:3.00
ELocation 303: Diff:1000 ms Accuracy:3.00
ELocation 304: Diff:1000 ms Accuracy:3.00
ELocation 305: Diff:1000 ms Accuracy:3.00
ELocation 306: Diff:1000 ms Accuracy:3.00
ELocation 307: Diff:1000 ms Accuracy:3.00
ELocation 308: Diff:1000 ms Accuracy:3.00
ELocation 309: Diff:1000 ms Accuracy:3.00
ELocation 310: Diff:1000 ms Accuracy:3.00
ELocation 311: Diff:1000 ms Accuracy:3.00
ELocation 312: Diff:1000 ms Accuracy:3.00
ELocation 313: Diff:1000 ms Accuracy:3.00
ELocation 314: Diff:1000 ms Accuracy:3.00
ELocation 315: Diff:1000 ms Accuracy:3.00
ELocation 316: Diff:1000 ms Accuracy:3.00
ELocation 317: Diff:1000 ms Accuracy:3.00
ELocation 318: Diff:1000 ms Accuracy:3.00
ELocation 319: Diff:1000 ms Accuracy:3.00
ELocation 320: Diff:1000 ms Accuracy:3.00
ETask 19: Configuration:0 Energy:0.00 Power:0.00 Reward:69.94 Time:30011
ELocation 321: Diff:0 ms Accuracy:3.00
ELocation 322: Diff:0 ms Accuracy:3.00
ELocation 323: Diff:13000 ms Accuracy:11.00
ELocation 324: Diff:10000 ms Accuracy:10.00
ETask 20: Configuration:1 Energy:0.00 Power:0.00 Reward:35.15 Time:30007
ELocation 325: Diff:0 ms Accuracy:10.00
ELocation 326: Diff:7957 ms Accuracy:12.00
ELocation 327: Diff:6043 ms Accuracy:4.00
ELocation 328: Diff:5000 ms Accuracy:3.00
ELocation 329: Diff:5000 ms Accuracy:3.00
ELocation 330: Diff:6000 ms Accuracy:3.00
ELocation 331: Diff:6000 ms Accuracy:3.00
ETask 21: Configuration:1 Energy:0.00 Power:0.00 Reward:49.18 Time:30012
ELocation 332: Diff:6000 ms Accuracy:3.00
ELocation 333: Diff:6000 ms Accuracy:3.00
ELocation 334: Diff:6000 ms Accuracy:3.00
ELocation 335: Diff:5000 ms Accuracy:3.00
ELocation 336: Diff:6000 ms Accuracy:3.00
ETask 22: Configuration:1 Energy:0.00 Power:0.00 Reward:79.66 Time:30017
ELocation 337: Diff:5000 ms Accuracy:3.00
ELocation 338: Diff:6000 ms Accuracy:3.00
ELocation 339: Diff:6000 ms Accuracy:3.00
ELocation 340: Diff:6000 ms Accuracy:3.00
ELocation 341: Diff:5000 ms Accuracy:3.00
ETask 23: Configuration:0 Energy:0.00 Power:0.00 Reward:65.75 Time:30018
ELocation 342: Diff:4000 ms Accuracy:3.00
ELocation 343: Diff:0 ms Accuracy:3.00
ELocation 344: Diff:13000 ms Accuracy:6.00
ELocation 345: Diff:10000 ms Accuracy:6.00
ETask 24: Configuration:1 Energy:0.00 Power:0.00 Reward:49.45 Time:30008
ELocation 346: Diff:0 ms Accuracy:6.00
ELocation 347: Diff:8117 ms Accuracy:11.00
ELocation 348: Diff:5883 ms Accuracy:4.00
ELocation 349: Diff:6000 ms Accuracy:3.00
ELocation 350: Diff:6000 ms Accuracy:3.00
ELocation 351: Diff:6000 ms Accuracy:3.00
ETask 25: Configuration:3 Energy:0.00 Power:0.00 Reward:49.45 Time:30008
ELocation 352: Diff:5000 ms Accuracy:3.00
ELocation 353: Diff:1000 ms Accuracy:3.00
ELocation 354: Diff:1000 ms Accuracy:3.00
ELocation 355: Diff:1000 ms Accuracy:3.00
ELocation 356: Diff:1000 ms Accuracy:3.00
ELocation 357: Diff:1000 ms Accuracy:3.00
ELocation 358: Diff:1000 ms Accuracy:3.00
ELocation 359: Diff:1000 ms Accuracy:3.00
ELocation 360: Diff:1000 ms Accuracy:3.00
ELocation 361: Diff:1000 ms Accuracy:3.00
ELocation 362: Diff:1000 ms Accuracy:3.00
ELocation 363: Diff:1000 ms Accuracy:3.00
ELocation 364: Diff:1000 ms Accuracy:3.00
ELocation 365: Diff:1000 ms Accuracy:3.00
ELocation 366: Diff:1000 ms Accuracy:3.00
ELocation 367: Diff:1000 ms Accuracy:3.00
ELocation 368: Diff:1000 ms Accuracy:3.00
ELocation 369: Diff:1000 ms Accuracy:3.00
ELocation 370: Diff:1000 ms Accuracy:3.00
ELocation 371: Diff:1000 ms Accuracy:3.00
ELocation 372: Diff:1000 ms Accuracy:3.00
ELocation 373: Diff:1000 ms Accuracy:3.00
ELocation 374: Diff:1000 ms Accuracy:3.00
ELocation 375: Diff:1000 ms Accuracy:3.00
ELocation 376: Diff:1000 ms Accuracy:3.00
ELocation 377: Diff:1000 ms Accuracy:3.00
ELocation 378: Diff:1000 ms Accuracy:3.00
ELocation 379: Diff:1000 ms Accuracy:3.00
ELocation 380: Diff:1000 ms Accuracy:3.00
ELocation 381: Diff:1000 ms Accuracy:3.00
ELocation 382: Diff:1000 ms Accuracy:3.00
ETask 26: Configuration:1 Energy:0.00 Power:0.00 Reward:36.37 Time:30013
ELocation 383: Diff:0 ms Accuracy:3.00
ELocation 384: Diff:0 ms Accuracy:3.00
ELocation 385: Diff:5000 ms Accuracy:3.00
ELocation 386: Diff:5000 ms Accuracy:3.00
ELocation 387: Diff:5000 ms Accuracy:3.00
ELocation 388: Diff:6000 ms Accuracy:3.00
ELocation 389: Diff:5000 ms Accuracy:3.00
ETask 27: Configuration:1 Energy:0.00 Power:0.00 Reward:76.10 Time:30012
ELocation 390: Diff:5000 ms Accuracy:3.00
ELocation 391: Diff:6000 ms Accuracy:3.00
ELocation 392: Diff:6000 ms Accuracy:3.00
ELocation 393: Diff:5000 ms Accuracy:3.00
ELocation 394: Diff:5000 ms Accuracy:3.00
ELocation 395: Diff:5000 ms Accuracy:3.00
ETask 28: Configuration:1 Energy:0.00 Power:0.00 Reward:64.12 Time:30020
ELocation 396: Diff:5000 ms Accuracy:3.00
ELocation 397: Diff:6000 ms Accuracy:3.00
ELocation 398: Diff:5000 ms Accuracy:3.00
ELocation 399: Diff:6000 ms Accuracy:3.00
ELocation 400: Diff:6000 ms Accuracy:3.00
ETask 29: Configuration:1 Energy:0.00 Power:0.00 Reward:36.12 Time:30017
ELocation 401: Diff:6000 ms Accuracy:3.00
ELocation 402: Diff:6000 ms Accuracy:3.00
ELocation 403: Diff:5000 ms Accuracy:3.00
ELocation 404: Diff:6000 ms Accuracy:3.00
ELocation 405: Diff:6000 ms Accuracy:3.00
ELocation 406: Diff:5000 ms Accuracy:3.00
ETask 30: Configuration:1 Energy:0.00 Power:0.00 Reward:64.37 Time:30018
ELocation 407: Diff:5000 ms Accuracy:3.00
ELocation 408: Diff:6000 ms Accuracy:3.00
ELocation 409: Diff:5000 ms Accuracy:3.00
ELocation 410: Diff:6000 ms Accuracy:3.00
ELocation 411: Diff:5000 ms Accuracy:3.00
ETask 31: Configuration:1 Energy:0.00 Power:0.00 Reward:48.10 Time:30016
ELocation 412: Diff:5000 ms Accuracy:3.00
ELocation 413: Diff:6000 ms Accuracy:3.00
ELocation 414: Diff:5000 ms Accuracy:3.00
ELocation 415: Diff:6000 ms Accuracy:3.00
ELocation 416: Diff:5000 ms Accuracy:3.00
ELocation 417: Diff:6000 ms Accuracy:3.00
ETask 32: Configuration:1 Energy:0.00 Power:0.00 Reward:83.38 Time:30016
ELocation 418: Diff:5000 ms Accuracy:3.00
ELocation 419: Diff:5000 ms Accuracy:3.00
ELocation 420: Diff:6000 ms Accuracy:3.00
ELocation 421: Diff:5000 ms Accuracy:3.00
ELocation 422: Diff:6000 ms Accuracy:3.00
ETask 33: Configuration:0 Energy:0.00 Power:0.00 Reward:83.61 Time:30016
ELocation 423: Diff:3000 ms Accuracy:3.00
ELocation 424: Diff:0 ms Accuracy:3.00
ELocation 425: Diff:13000 ms Accuracy:4.00
ETask 34: Configuration:1 Energy:0.00 Power:0.00 Reward:35.12 Time:30014
ELocation 426: Diff:10000 ms Accuracy:5.00
ELocation 427: Diff:8497 ms Accuracy:8.00
ELocation 428: Diff:5503 ms Accuracy:3.00
ELocation 429: Diff:5000 ms Accuracy:3.00
ELocation 430: Diff:6000 ms Accuracy:3.00
ELocation 431: Diff:5000 ms Accuracy:3.00
ELocation 432: Diff:5000 ms Accuracy:3.00
ETask 35: Configuration:1 Energy:0.00 Power:0.00 Reward:37.25 Time:30016
ELocation 433: Diff:6000 ms Accuracy:3.00
ELocation 434: Diff:5000 ms Accuracy:3.00
ELocation 435: Diff:5000 ms Accuracy:3.00
ELocation 436: Diff:6000 ms Accuracy:3.00
ELocation 437: Diff:5000 ms Accuracy:3.00
ELocation 438: Diff:5000 ms Accuracy:3.00
ETask 36: Configuration:1 Energy:0.00 Power:0.00 Reward:37.28 Time:30011
ELocation 439: Diff:6000 ms Accuracy:3.00
ELocation 440: Diff:5000 ms Accuracy:3.00
ELocation 441: Diff:5000 ms Accuracy:3.00
ELocation 442: Diff:5000 ms Accuracy:3.00
ELocation 443: Diff:6000 ms Accuracy:3.00
ETask 37: Configuration:1 Energy:0.00 Power:0.00 Reward:64.90 Time:30016
ELocation 444: Diff:5000 ms Accuracy:3.00
ELocation 445: Diff:6000 ms Accuracy:3.00
ELocation 446: Diff:5000 ms Accuracy:3.00
ELocation 447: Diff:6000 ms Accuracy:3.00
ELocation 448: Diff:6000 ms Accuracy:3.00
ELocation 449: Diff:6000 ms Accuracy:3.00
ETask 38: Configuration:1 Energy:0.00 Power:0.00 Reward:70.43 Time:30022
ELocation 450: Diff:5000 ms Accuracy:3.00
ELocation 451: Diff:6000 ms Accuracy:3.00
ELocation 452: Diff:5000 ms Accuracy:3.00
ELocation 453: Diff:5000 ms Accuracy:3.00
ELocation 454: Diff:6000 ms Accuracy:3.00
ETask 39: Configuration:1 Energy:0.00 Power:0.00 Reward:37.05 Time:30012
ERun: Reward:1597.23 PostConfigReward:2193.24 Time:1742235
==END-RUN 1==
STOKE: Config:0 | interval:0:10000 priority:0:100 sensor-configuration:0:2 | -- timeOn:5 reward:297.17 scaled:0.41 (location_accuracy,286.00,4.33)
STOKE: Config:1 | interval:1:5000 priority:0:100 sensor-configuration:0:2 | -- timeOn:19 reward:991.75 scaled:0.48 (location_accuracy,434.00,3.50)
STOKE: Config:2 | interval:2:2000 priority:0:100 sensor-configuration:0:2 | -- timeOn:2 reward:127.35 scaled:0.36 (location_accuracy,59.00,3.28)
STOKE: Config:3 | interval:3:500 priority:0:100 sensor-configuration:0:2 | -- timeOn:3 reward:180.97 scaled:0.40 (location_accuracy,153.00,3.19)

==RUN 2==
ELocation 455: Diff:3000 ms Accuracy:3.00
ELocation 456: Diff:0 ms Accuracy:3.00
ELocation 457: Diff:13000 ms Accuracy:5.00
ELocation 458: Diff:10000 ms Accuracy:6.00
ELocation 459: Diff:10000 ms Accuracy:3.00
ELocation 460: Diff:20000 ms Accuracy:7.00
ELocation 461: Diff:20000 ms Accuracy:12.00
ELocation 462: Diff:20000 ms Accuracy:4.00
ELocation 463: Diff:20000 ms Accuracy:3.00
ELocation 464: Diff:10000 ms Accuracy:7.00
ELocation 465: Diff:20000 ms Accuracy:5.00
ELocation 466: Diff:10000 ms Accuracy:4.00
ELocation 467: Diff:20000 ms Accuracy:3.00
ELocation 468: Diff:10000 ms Accuracy:3.00
ELocation 469: Diff:20000 ms Accuracy:3.00
ELocation 470: Diff:10000 ms Accuracy:3.00
ELocation 471: Diff:10000 ms Accuracy:3.00
ELocation 472: Diff:20000 ms Accuracy:3.00
ELocation 473: Diff:20000 ms Accuracy:8.00
ELocation 474: Diff:10000 ms Accuracy:11.00
ELocation 475: Diff:10000 ms Accuracy:4.00
ELocation 476: Diff:20000 ms Accuracy:4.00
ELocation 477: Diff:20000 ms Accuracy:4.00
ETask 11: Configuration:0 Energy:0.00 Power:0.00 Reward:36.55 Time:30007 -- SAMPLE
ELocation 478: Diff:10000 ms Accuracy:6.00
ELocation 479: Diff:20000 ms Accuracy:5.00
ETask 12: Configuration:0 Energy:0.00 Power:0.00 Reward:35.89 Time:30008 -- SAMPLE
ELocation 480: Diff:20000 ms Accuracy:4.00
ELocation 481: Diff:10000 ms Accuracy:3.00
ETask 13: Configuration:1 Energy:0.00 Power:0.00 Reward:40.46 Time:30007 -- SAMPLE
ELocation 482: Diff:0 ms Accuracy:3.00
ELocation 483: Diff:7797 ms Accuracy:4.00
ELocation 484: Diff:6203 ms Accuracy:3.00
ELocation 485: Diff:5000 ms Accuracy:3.00
ELocation 486: Diff:5000 ms Accuracy:3.00
ELocation 487: Diff:6000 ms Accuracy:3.00
ELocation 488: Diff:5000 ms Accuracy:3.00
ETask 14: Configuration:1 Energy:0.00 Power:0.00 Reward:64.35 Time:30006 -- SAMPLE
ELocation 489: Diff:6000 ms Accuracy:3.00
ELocation 490: Diff:5000 ms Accuracy:3.00
ELocation 491: Diff:6000 ms Accuracy:3.00
ELocation 492: Diff:5000 ms Accuracy:3.00
ELocation 493: Diff:6000 ms Accuracy:3.00
ETask 15: Configuration:2 Energy:0.00 Power:0.00 Reward:37.90 Time:30010 -- SAMPLE
ELocation 494: Diff:4000 ms Accuracy:3.00
ELocation 495: Diff:0 ms Accuracy:3.00
ELocation 496: Diff:3000 ms Accuracy:3.00
ELocation 497: Diff:2000 ms Accuracy:3.00
ELocation 498: Diff:2000 ms Accuracy:3.00
ELocation 499: Diff:3000 ms Accuracy:3.00
ELocation 500: Diff:2000 ms Accuracy:3.00
ELocation 501: Diff:3000 ms Accuracy:3.00
ELocation 502: Diff:3000 ms Accuracy:3.00
ELocation 503: Diff:3000 ms Accuracy:3.00
ELocation 504: Diff:3000 ms Accuracy:3.00
ELocation 505: Diff:2000 ms Accuracy:3.00
ELocation 506: Diff:2000 ms Accuracy:3.00
ELocation 507: Diff:2000 ms Accuracy:3.00
ETask 16: Configuration:2 Energy:0.00 Power:0.00 Reward:81.24 Time:30002 -- SAMPLE
ELocation 508: Diff:2000 ms Accuracy:3.00
ELocation 509: Diff:3000 ms Accuracy:3.00
ELocation 510: Diff:3000 ms Accuracy:3.00
ELocation 511: Diff:2000 ms Accuracy:3.00
ELocation 512: Diff:3000 ms Accuracy:3.00
ELocation 513: Diff:2000 ms Accuracy:3.00
ELocation 514: Diff:3000 ms Accuracy:3.00
ELocation 515: Diff:3000 ms Accuracy:3.00
ELocation 516: Diff:3000 ms Accuracy:3.00
ELocation 517: Diff:3000 ms Accuracy:3.00
ELocation 518: Diff:3000 ms Accuracy:3.00
ETask 17: Configuration:3 Energy:0.00 Power:0.00 Reward:68.22 Time:30007 -- SAMPLE
ELocation 519: Diff:0 ms Accuracy:3.00
ELocation 520: Diff:1000 ms Accuracy:3.00
ELocation 521: Diff:1000 ms Accuracy:3.00
ELocation 522: Diff:1000 ms Accuracy:3.00
ELocation 523: Diff:1000 ms Accuracy:3.00
ELocation 524: Diff:1000 ms Accuracy:3.00
ELocation 525: Diff:1000 ms Accuracy:3.00
ELocation 526: Diff:1000 ms Accuracy:3.00
ELocation 527: Diff:1000 ms Accuracy:3.00
ELocation 528: Diff:1000 ms Accuracy:3.00
ELocation 529: Diff:1000 ms Accuracy:3.00
ELocation 530: Diff:1000 ms Accuracy:3.00
ELocation 531: Diff:1000 ms Accuracy:3.00
ELocation 532: Diff:1000 ms Accuracy:3.00
ELocation 533: Diff:1000 ms Accuracy:3.00
ELocation 534: Diff:1000 ms Accuracy:3.00
ELocation 535: Diff:1000 ms Accuracy:3.00
ELocation 536: Diff:1000 ms Accuracy:3.00
ELocation 537: Diff:1000 ms Accuracy:3.00
ELocation 538: Diff:1000 ms Accuracy:3.00
ELocation 539: Diff:1000 ms Accuracy:3.00
ELocation 540: Diff:1000 ms Accuracy:3.00
ELocation 541: Diff:1000 ms Accuracy:3.00
ELocation 542: Diff:1000 ms Accuracy:3.00
ELocation 543: Diff:1000 ms Accuracy:3.00
ELocation 544: Diff:1000 ms Accuracy:3.00
ELocation 545: Diff:1000 ms Accuracy:3.00
ELocation 546: Diff:1000 ms Accuracy:3.00
ELocation 547: Diff:1000 ms Accuracy:3.00
ELocation 548: Diff:1000 ms Accuracy:3.00
ELocation 549: Diff:1000 ms Accuracy:3.00
ETask 18: Configuration:3 Energy:0.00 Power:0.00 Reward:69.08 Time:30004 -- SAMPLE
ELocation 550: Diff:1000 ms Accuracy:3.00
ELocation 551: Diff:1000 ms Accuracy:3.00
ELocation 552: Diff:1000 ms Accuracy:3.00
ELocation 553: Diff:1000 ms Accuracy:3.00
ELocation 554: Diff:1000 ms Accuracy:3.00
ELocation 555: Diff:1000 ms Accuracy:3.00
ELocation 556: Diff:1000 ms Accuracy:3.00
ELocation 557: Diff:1000 ms Accuracy:3.00
ELocation 558: Diff:1000 ms Accuracy:3.00
ELocation 559: Diff:1000 ms Accuracy:3.00
ELocation 560: Diff:1000 ms Accuracy:3.00
ELocation 561: Diff:1000 ms Accuracy:3.00
ELocation 562: Diff:1000 ms Accuracy:3.00
ELocation 563: Diff:1000 ms Accuracy:3.00
ELocation 564: Diff:1000 ms Accuracy:3.00
ELocation 565: Diff:1000 ms Accuracy:3.00
ELocation 566: Diff:1000 ms Accuracy:3.00
ELocation 567: Diff:1000 ms Accuracy:3.00
ELocation 568: Diff:1000 ms Accuracy:3.00
ELocation 569: Diff:1000 ms Accuracy:3.00
ELocation 570: Diff:1000 ms Accuracy:3.00
ELocation 571: Diff:1000 ms Accuracy:3.00
ELocation 572: Diff:1000 ms Accuracy:3.00
ELocation 573: Diff:1000 ms Accuracy:3.00
ELocation 574: Diff:1000 ms Accuracy:3.00
ELocation 575: Diff:1000 ms Accuracy:3.00
ELocation 576: Diff:1000 ms Accuracy:3.00
ELocation 577: Diff:1000 ms Accuracy:3.00
ELocation 578: Diff:1000 ms Accuracy:3.00
ELocation 579: Diff:1000 ms Accuracy:3.00
ETask 19: Configuration:0 Energy:0.00 Power:0.00 Reward:77.54 Time:30015
ELocation 580: Diff:0 ms Accuracy:3.00
ELocation 581: Diff:0 ms Accuracy:3.00
ELocation 582: Diff:13000 ms Accuracy:4.00
ELocation 583: Diff:10000 ms Accuracy:6.00
ETask 20: Configuration:0 Energy:0.00 Power:0.00 Reward:39.95 Time:30007
ELocation 584: Diff:10000 ms Accuracy:8.00
ELocation 585: Diff:20000 ms Accuracy:7.00
ETask 21: Configuration:0 Energy:0.00 Power:0.00 Reward:66.27 Time:30015
ELocation 586: Diff:10000 ms Accuracy:4.00
ELocation 587: Diff:20000 ms Accuracy:3.00
ETask 22: Configuration:0 Energy:0.00 Power:0.00 Reward:79.46 Time:30016
ELocation 588: Diff:10000 ms Accuracy:4.00
ELocation 589: Diff:20000 ms Accuracy:3.00
ETask 23: Configuration:1 Energy:0.00 Power:0.00 Reward:64.85 Time:30019
ELocation 590: Diff:0 ms Accuracy:3.00
ELocation 591: Diff:8117 ms Accuracy:6.00
ELocation 592: Diff:5883 ms Accuracy:3.00
ELocation 593: Diff:5000 ms Accuracy:3.00
ELocation 594: Diff:5000 ms Accuracy:3.00
ELocation 595: Diff:5000 ms Accuracy:3.00
ELocation 596: Diff:6000 ms Accuracy:3.00
ETask 24: Configuration:0 Energy:0.00 Power:0.00 Reward:36.90 Time:30014
ELocation 597: Diff:2000 ms Accuracy:3.00
ELocation 598: Diff:0 ms Accuracy:3.00
ELocation 599: Diff:13000 ms Accuracy:3.00
ELocation 600: Diff:10000 ms Accuracy:3.00
ETask 25: Configuration:0 Energy:0.00 Power:0.00 Reward:41.36 Time:30012
ELocation 601: Diff:10000 ms Accuracy:5.00
ELocation 602: Diff:20000 ms Accuracy:6.00
ETask 26: Configuration:0 Energy:0.00 Power:0.00 Reward:35.90 Time:30017
ELocation 603: Diff:20000 ms Accuracy:6.00
ETask 27: Configuration:0 Energy:0.00 Power:0.00 Reward:49.12 Time:30017
ELocation 604: Diff:20000 ms Accuracy:5.00
ELocation 605: Diff:20000 ms Accuracy:6.00
ETask 28: Configuration:0 Energy:0.00 Power:0.00 Reward:50.66 Time:30017
ELocation 606: Diff:20000 ms Accuracy:4.00
ELocation 607: Diff:10000 ms Accuracy:4.00
ETask 29: Configuration:0 Energy:0.00 Power:0.00 Reward:50.01 Time:30020
ELocation 608: Diff:20000 ms Accuracy:3.00
ETask 30: Configuration:0 Energy:0.00 Power:0.00 Reward:49.86 Time:30015
ELocation 609: Diff:20000 ms Accuracy:6.00
ELocation 610: Diff:10000 ms Accuracy:6.00
ELocation 611: Diff:10000 ms Accuracy:6.00
ETask 31: Configuration:0 Energy:0.00 Power:0.00 Reward:47.49 Time:30019
ELocation 612: Diff:20000 ms Accuracy:12.00
ELocation 613: Diff:10000 ms Accuracy:5.00
ETask 32: Configuration:0 Energy:0.00 Power:0.00 Reward:47.48 Time:30014
ELocation 614: Diff:10000 ms Accuracy:3.00
ELocation 615: Diff:20000 ms Accuracy:4.00
ETask 33: Configuration:0 Energy:0.00 Power:0.00 Reward:48.23 Time:30017
ELocation 616: Diff:10000 ms Accuracy:5.00
ELocation 617: Diff:20000 ms Accuracy:3.00
ETask 34: Configuration:0 Energy:0.00 Power:0.00 Reward:45.71 Time:30015
ELocation 618: Diff:20000 ms Accuracy:6.00
ETask 35: Configuration:0 Energy:0.00 Power:0.00 Reward:39.60 Time:30016
ELocation 619: Diff:20000 ms Accuracy:8.00
ELocation 620: Diff:20000 ms Accuracy:3.00
ETask 36: Configuration:0 Energy:0.00 Power:0.00 Reward:82.82 Time:30016
ELocation 621: Diff:20000 ms Accuracy:5.00
ETask 37: Configuration:0 Energy:0.00 Power:0.00 Reward:36.06 Time:30015
ELocation 622: Diff:20000 ms Accuracy:10.00
ELocation 623: Diff:20000 ms Accuracy:5.00
ETask 38: Configuration:0 Energy:0.00 Power:0.00 Reward:66.66 Time:30015
ELocation 624: Diff:10000 ms Accuracy:4.00
ELocation 625: Diff:20000 ms Accuracy:7.00
ETask 39: Configuration:0 Energy:0.00 Power:0.00 Reward:93.99 Time:30014
ELocation 626: Diff:10000 ms Accuracy:3.00
ELocation 627: Diff:10000 ms Accuracy:3.00
ELocation 628: Diff:20000 ms Accuracy:6.00
STOKE: End Bat: 0.620000
STOKE: Usage Bat: 0.170000
ERun: Reward:1583.59 PostConfigReward:3343.15 Time:2647428
==END-RUN 2==
STOKE: Config:0 | interval:0:10000 priority:0:100 sensor-configuration:0:2 | -- timeOn:22 reward:1157.49 scaled:0.47 (location_accuracy,432.00,4.28)
STOKE: Config:1 | interval:1:5000 priority:0:100 sensor-configuration:0:2 | -- timeOn:3 reward:169.66 scaled:0.43 (location_accuracy,39.00,3.25)
STOKE: Config:2 | interval:2:2000 priority:0:100 sensor-configuration:0:2 | -- timeOn:2 reward:119.13 scaled:0.40 (location_accuracy,57.00,3.00)
STOKE: Config:3 | interval:3:500 priority:0:100 sensor-configuration:0:2 | -- timeOn:2 reward:137.30 scaled:0.31 (location_accuracy,126.00,3.00)

