==RUN 0==
Bandit Runs:1 Tasks-in-Run:60
Self-Optimizer Rounds:0 Tasks-in-Round:0
Continuous Knob Rounds:Inf Tasks-in-Round:0
STOKE: Start Bat: 0.930000
ETask 1-1: Configuration:0 Energy:82.29308185496001 Reward:-10.385137915677543 Raw:30.385137915677543 Time:32521 TotalReward:82.29308185496001
ETask 2-2: Configuration:0 Energy:37.991929688999996 Reward:5.972210576369232 Raw:14.027789423630768 Time:32517 TotalReward:120.28501154396
ETask 3-3: Configuration:0 Energy:37.94269898848001 Reward:5.990388065791995 Raw:14.009611934208005 Time:32524 TotalReward:158.22771053244
ETask 4-4: Configuration:1 Energy:106.81916949088 Reward:-19.440924119709543 Raw:39.44092411970954 Time:32543 TotalReward:265.04688002332
ETask 5-5: Configuration:1 Energy:39.323460116735994 Reward:5.480568572282094 Raw:14.519431427717906 Time:32507 TotalReward:304.370340140056
ETask 6-6: Configuration:1 Energy:36.176344231272 Reward:6.64258059153034 Raw:13.35741940846966 Time:32528 TotalReward:340.54668437132796
ETask 7-7: Configuration:2 Energy:39.68200468673601 Reward:5.348182884897474 Raw:14.651817115102526 Time:32531 TotalReward:380.228689058064
ETask 8-8: Configuration:2 Energy:36.01219646034401 Reward:6.7031889992576 Raw:13.2968110007424 Time:32508 TotalReward:416.240885518408
ETask 9-9: Configuration:2 Energy:49.750491905880004 Reward:1.6305876039827645 Raw:18.369412396017236 Time:32507 TotalReward:465.991377424288
ETask 10-10: Configuration:3 Energy:79.221400578693 Reward:-9.25097867520972 Raw:29.25097867520972 Time:32526 TotalReward:545.2127780029809
ETask 11-11: Configuration:3 Energy:53.752791340512005 Reward:0.15281550504171904 Raw:19.84718449495828 Time:32511 TotalReward:598.9655693434929
ETask 12-12: Configuration:3 Energy:60.316608640122 Reward:-2.270747805583504 Raw:22.270747805583504 Time:32510 TotalReward:659.2821779836149
ETask 13-13: Configuration:4 Energy:67.725815029044 Reward:-5.006454779954712 Raw:25.006454779954712 Time:32522 TotalReward:727.007993012659
ETask 14-14: Configuration:4 Energy:102.44557434179401 Reward:-17.826058218508564 Raw:37.826058218508564 Time:32504 TotalReward:829.453567354453
ETask 15-15: Configuration:4 Energy:43.804886944332 Reward:3.8258878974774184 Raw:16.17411210252258 Time:32508 TotalReward:873.258454298785
ETask 16-16: Configuration:5 Energy:37.49765208936001 Reward:6.154713074697845 Raw:13.845286925302155 Time:32586 TotalReward:910.756106388145
ETask 17-17: Configuration:5 Energy:36.299616241056 Reward:6.5970647725331695 Raw:13.40293522746683 Time:32525 TotalReward:947.055722629201
ETask 18-18: Configuration:5 Energy:47.062856297879996 Reward:2.6229453669366194 Raw:17.37705463306338 Time:32522 TotalReward:994.118578927081
ETask 19-19: Configuration:6 Energy:37.551933433512 Reward:6.134670732241723 Raw:13.865329267758277 Time:32553 TotalReward:1031.670512360593
ETask 20-20: Configuration:6 Energy:39.890919586569 Reward:5.27104507572837 Raw:14.72895492427163 Time:32505 TotalReward:1071.561431947162
ETask 21-21: Configuration:6 Energy:51.059677541535 Reward:1.1471959846639983 Raw:18.852804015336 Time:32528 TotalReward:1122.621109488697
ETask 22-22: Configuration:7 Energy:42.54110972829301 Reward:4.292513331091811 Raw:15.707486668908189 Time:32528 TotalReward:1165.1622192169898
ETask 23-23: Configuration:7 Energy:56.77643615238 Reward:-0.9636071947249221 Raw:20.963607194724922 Time:32506 TotalReward:1221.9386553693698
ETask 24-24: Configuration:7 Energy:62.305869806207994 Reward:-3.005244236138335 Raw:23.005244236138335 Time:32501 TotalReward:1284.2445251755778
ETask 25-25: Configuration:8 Energy:55.65379592487 Reward:-0.5490938799520002 Raw:20.549093879952 Time:32551 TotalReward:1339.898321100448
ETask 26-26: Configuration:8 Energy:53.65287112437 Reward:0.18970912330954093 Raw:19.81029087669046 Time:32521 TotalReward:1393.551192224818
ETask 27-27: Configuration:8 Energy:37.753954140832 Reward:6.060078471077414 Raw:13.939921528922586 Time:32511 TotalReward:1431.30514636565
ETask 28-28: Configuration:9 Energy:79.806123382272 Reward:-9.466876325761973 Raw:29.466876325761973 Time:32541 TotalReward:1511.111269747922
ETask 29-29: Configuration:9 Energy:95.30819655524999 Reward:-15.190718728092307 Raw:35.19071872809231 Time:32508 TotalReward:1606.4194663031722
ETask 30-30: Configuration:9 Energy:94.16935981961201 Reward:-14.770225164164437 Raw:34.77022516416444 Time:32507 TotalReward:1700.5888261227842
ETask 31-31: Configuration:10 Energy:51.18521282434001 Reward:1.100844495628305 Raw:18.899155504371695 Time:32547 TotalReward:1751.7740389471242
ETask 32-32: Configuration:10 Energy:65.5507507074 Reward:-4.2033541073476925 Raw:24.203354107347693 Time:32507 TotalReward:1817.3247896545242
ETask 33-33: Configuration:10 Energy:37.834578754896 Reward:6.030309382807632 Raw:13.969690617192368 Time:32508 TotalReward:1855.1593684094203
ETask 34-34: Configuration:11 Energy:38.48910326368801 Reward:5.788638794945969 Raw:14.21136120505403 Time:32542 TotalReward:1893.6484716731084
ETask 35-35: Configuration:11 Energy:36.720434839968 Reward:6.441685597550277 Raw:13.558314402449723 Time:32504 TotalReward:1930.3689065130764
ETask 36-36: Configuration:11 Energy:52.076941773120005 Reward:0.7715907299249238 Raw:19.228409270075076 Time:32505 TotalReward:1982.4458482861965
ETask 37-37: Configuration:12 Energy:36.89664456852 Reward:6.3766235439310766 Raw:13.623376456068923 Time:32526 TotalReward:2019.3424928547165
ETask 38-38: Configuration:12 Energy:36.779170196736 Reward:6.419998696589785 Raw:13.580001303410215 Time:32504 TotalReward:2056.1216630514523
ETask 39-39: Configuration:12 Energy:37.03768829560801 Reward:6.324545860083198 Raw:13.675454139916802 Time:32504 TotalReward:2093.1593513470602
ETask 40-40: Configuration:13 Energy:70.573176192816 Reward:-6.057788132732064 Raw:26.057788132732064 Time:32532 TotalReward:2163.732527539876
ETask 41-41: Configuration:13 Energy:42.527105534496 Reward:4.297684110339938 Raw:15.702315889660062 Time:32502 TotalReward:2206.2596330743722
ETask 42-42: Configuration:13 Energy:99.53563124188801 Reward:-16.751617689312504 Raw:36.7516176893125 Time:32505 TotalReward:2305.7952643162603
ETask 43-43: Configuration:14 Energy:86.729635926 Reward:-12.023250188061539 Raw:32.02325018806154 Time:32532 TotalReward:2392.52490024226
ETask 44-44: Configuration:14 Energy:83.15634661012798 Reward:-10.703881825278028 Raw:30.703881825278028 Time:32505 TotalReward:2475.681246852388
ETask 45-45: Configuration:14 Energy:84.43682553121201 Reward:-11.176674042293662 Raw:31.176674042293662 Time:32503 TotalReward:2560.1180723836
ETask 46-46: Configuration:15 Energy:47.78853525269999 Reward:2.3550023682338477 Raw:17.644997631766152 Time:32541 TotalReward:2607.9066076363
ETask 47-47: Configuration:15 Energy:54.607567135499984 Reward:-0.1627940192615327 Raw:20.162794019261533 Time:32507 TotalReward:2662.5141747718003
ETask 48-48: Configuration:15 Energy:52.6276541979 Reward:0.5682507576984648 Raw:19.431749242301535 Time:32516 TotalReward:2715.1418289697003
ETask 49-49: Configuration:16 Energy:51.6598761042 Reward:0.9255842076799965 Raw:19.074415792320004 Time:32541 TotalReward:2766.8017050739004
ETask 50-50: Configuration:16 Energy:38.366275645247995 Reward:5.833990530985355 Raw:14.166009469014645 Time:32501 TotalReward:2805.1679807191485
ETask 51-51: Configuration:16 Energy:36.994776814464004 Reward:6.340390099274829 Raw:13.65960990072517 Time:32512 TotalReward:2842.1627575336124
ETask 52-52: Configuration:17 Energy:50.704008189952 Reward:1.2785200529408023 Raw:18.721479947059198 Time:32538 TotalReward:2892.8667657235646
ETask 53-53: Configuration:17 Energy:46.346811560192 Reward:2.887331116236801 Raw:17.1126688837632 Time:32511 TotalReward:2939.2135772837564
ETask 54-54: Configuration:17 Energy:38.715424167167996 Reward:5.705074153661048 Raw:14.294925846338952 Time:32510 TotalReward:2977.9290014509243
ETask 55-55: Configuration:18 Energy:80.518367336832 Reward:-9.729858708984121 Raw:29.72985870898412 Time:32529 TotalReward:3058.447368787756
ETask 56-56: Configuration:18 Energy:45.63056133712 Reward:3.1517927370633885 Raw:16.84820726293661 Time:32505 TotalReward:3104.0779301248763
ETask 57-57: Configuration:18 Energy:86.984287137504 Reward:-12.117275250770703 Raw:32.1172752507707 Time:32504 TotalReward:3191.0622172623803
ETask 58-58: Configuration:19 Energy:88.521057895808 Reward:-12.68469829999065 Raw:32.68469829999065 Time:32537 TotalReward:3279.5832751581884
ETask 59-59: Configuration:19 Energy:81.35923849696499 Reward:-10.040334214264 Raw:30.040334214264 Time:32503 TotalReward:3360.9425136551536
ETask 60-60: Configuration:19 Energy:82.63375414248499 Reward:-10.510924606455994 Raw:30.510924606455994 Time:32502 TotalReward:3443.5762677976386
ETask 61-61: Configuration:7 Energy:40.89503463623999 Reward:4.900294903542157 Raw:15.099705096457843 Time:32567 TotalReward:3484.4713024338785
ETask 62-62: Configuration:7 Energy:39.194411383855005 Reward:5.528217335191998 Raw:14.471782664808002 Time:32504 TotalReward:3523.6657138177334
ETask 63-63: Configuration:7 Energy:65.49407392901999 Reward:-4.182427296868923 Raw:24.182427296868923 Time:32504 TotalReward:3589.1597877467534
ETask 64-64: Configuration:7 Energy:51.42972976227 Reward:1.0105613185464613 Raw:18.98943868145354 Time:32503 TotalReward:3640.5895175090236
ETask 65-65: Configuration:7 Energy:103.57241367585 Reward:-18.24212197262154 Raw:38.24212197262154 Time:32526 TotalReward:3744.1619311848735
ETask 66-66: Configuration:7 Energy:44.22751982594999 Reward:3.669838833495387 Raw:16.330161166504613 Time:32518 TotalReward:3788.3894510108234
ETask 67-67: Configuration:7 Energy:36.39008441655 Reward:6.563661138504614 Raw:13.436338861495386 Time:32517 TotalReward:3824.7795354273735
ETask 68-68: Configuration:7 Energy:41.577231975000004 Reward:4.648406655384612 Raw:15.351593344615388 Time:32507 TotalReward:3866.3567674023734
ETask 69-69: Configuration:7 Energy:36.04998513375 Reward:6.6892362583076945 Raw:13.310763741692305 Time:32512 TotalReward:3902.4067525361233
ETask 70-70: Configuration:7 Energy:40.95578420208 Reward:4.877864294616616 Raw:15.122135705383384 Time:32511 TotalReward:3943.3625367382033
ETask 71-71: Configuration:7 Energy:37.776363236051 Reward:6.0518043436119395 Raw:13.94819565638806 Time:32515 TotalReward:3981.1388999742544
ETask 72-72: Configuration:7 Energy:48.334526309355 Reward:2.1534056703919973 Raw:17.846594329608003 Time:32513 TotalReward:4029.4734262836096
ETask 73-73: Configuration:7 Energy:40.241196987838 Reward:5.141711881413663 Raw:14.858288118586337 Time:32529 TotalReward:4069.7146232714476
ETask 74-74: Configuration:7 Energy:36.837428430395995 Reward:6.398487964161481 Raw:13.60151203583852 Time:32522 TotalReward:4106.552051701844
ETask 75-75: Configuration:7 Energy:42.009141721271995 Reward:4.488932287530341 Raw:15.511067712469659 Time:32527 TotalReward:4148.561193423116
ETask 76-76: Configuration:7 Energy:42.39986044096 Reward:4.344666914107078 Raw:15.655333085892922 Time:32521 TotalReward:4190.961053864075
ETask 77-77: Configuration:7 Energy:37.69852025184299 Reward:6.080546368550278 Raw:13.919453631449722 Time:32523 TotalReward:4228.659574115918
ETask 78-78: Configuration:7 Energy:40.88818140747999 Reward:4.902825326468925 Raw:15.097174673531075 Time:32530 TotalReward:4269.547755523398
ETask 79-79: Configuration:7 Energy:50.903350008059995 Reward:1.2049169201009242 Raw:18.795083079899076 Time:32504 TotalReward:4320.451105531459
ETask 80-80: Configuration:7 Energy:52.17640892729099 Reward:0.734864396077171 Raw:19.26513560392283 Time:32513 TotalReward:4372.62751445875
ETask 81-81: Configuration:7 Energy:61.129846313909994 Reward:-2.571020177443689 Raw:22.57102017744369 Time:32502 TotalReward:4433.75736077266
ETask 82-82: Configuration:7 Energy:51.629121011468 Reward:0.936939934227194 Raw:19.063060065772806 Time:32502 TotalReward:4485.386481784128
ETask 83-83: Configuration:7 Energy:42.66285347907301 Reward:4.247561792342276 Raw:15.752438207657724 Time:32501 TotalReward:4528.049335263201
ETask 84-84: Configuration:7 Energy:41.948244772902 Reward:4.5114173146208 Raw:15.4885826853792 Time:32511 TotalReward:4569.9975800361035
ETask 85-85: Configuration:7 Energy:38.614635382346 Reward:5.742288474210708 Raw:14.257711525789292 Time:32510 TotalReward:4608.6122154184495
ETask 86-86: Configuration:7 Energy:38.790111766052 Reward:5.677497194073105 Raw:14.322502805926895 Time:32532 TotalReward:4647.402327184502
ETask 87-87: Configuration:7 Energy:82.021696405934 Reward:-10.284934057575626 Raw:30.284934057575626 Time:32526 TotalReward:4729.424023590435
ETask 88-88: Configuration:7 Energy:40.82103924221 Reward:4.927616279799388 Raw:15.072383720200612 Time:32533 TotalReward:4770.245062832645
ETask 89-89: Configuration:7 Energy:51.782592024405 Reward:0.8802737140658472 Raw:19.119726285934153 Time:32520 TotalReward:4822.02765485705
ETask 90-90: Configuration:7 Energy:40.126890103798 Reward:5.1839175001361255 Raw:14.816082499863874 Time:32519 TotalReward:4862.154544960848
ETask 91-91: Configuration:7 Energy:36.829294751489996 Reward:6.401491168680616 Raw:13.598508831319384 Time:32535 TotalReward:4898.9838397123385
ETask 92-92: Configuration:7 Energy:49.52829857324999 Reward:1.712628219107696 Raw:18.287371780892304 Time:32508 TotalReward:4948.512138285589
ETask 93-93: Configuration:7 Energy:38.020270559649994 Reward:5.961746254898465 Raw:14.038253745101535 Time:32506 TotalReward:4986.532408845239
ETask 94-94: Configuration:7 Energy:39.80689613537999 Reward:5.302069119244308 Raw:14.697930880755692 Time:32505 TotalReward:5026.339304980619
ETask 95-95: Configuration:7 Energy:41.84911716479999 Reward:4.548018277612311 Raw:15.45198172238769 Time:32508 TotalReward:5068.188422145419
ETask 96-96: Configuration:7 Energy:58.143244092669995 Reward:-1.468274741908921 Raw:21.46827474190892 Time:32519 TotalReward:5126.331666238089
ETask 97-97: Configuration:7 Energy:56.455529788845 Reward:-0.8451186912658457 Raw:20.845118691265846 Time:32521 TotalReward:5182.787196026934
ETask 98-98: Configuration:7 Energy:95.60808461159999 Reward:-15.301446625821534 Raw:35.301446625821534 Time:32521 TotalReward:5278.395280638534
ETask 99-99: Configuration:7 Energy:60.375270047399994 Reward:-2.2924074021169183 Raw:22.29240740211692 Time:32525 TotalReward:5338.770550685934
ETask 100-100: Configuration:7 Energy:41.4082916049 Reward:4.71078463819077 Raw:15.28921536180923 Time:32528 TotalReward:5380.178842290834
ETask 101-101: Configuration:7 Energy:37.35184330647 Reward:6.208550163764922 Raw:13.791449836235078 Time:32531 TotalReward:5417.530685597304
ETask 102-102: Configuration:7 Energy:39.779095319964 Reward:5.312334035705598 Raw:14.687665964294402 Time:32524 TotalReward:5457.309780917268
ETask 103-103: Configuration:7 Energy:45.51496535986401 Reward:3.194474328665599 Raw:16.8055256713344 Time:32507 TotalReward:5502.824746277131
ETask 104-104: Configuration:7 Energy:40.297834456880004 Reward:5.120799585151998 Raw:14.879200414848002 Time:32508 TotalReward:5543.1225807340115
ETask 105-105: Configuration:7 Energy:42.505402826932 Reward:4.305697417748181 Raw:15.694302582251819 Time:32503 TotalReward:5585.627983560944
ETask 106-106: Configuration:7 Energy:36.855980155236 Reward:6.391638096528247 Raw:13.608361903471753 Time:32518 TotalReward:5622.4839637161795
ETask 107-107: Configuration:7 Energy:37.27479265674 Reward:6.236999634434465 Raw:13.763000365565535 Time:32515 TotalReward:5659.758756372919
ETask 108-108: Configuration:7 Energy:40.318644172512 Reward:5.113115997841723 Raw:14.886884002158277 Time:32527 TotalReward:5700.077400545431
ETask 109-109: Configuration:7 Energy:46.618387485826005 Reward:2.7870569283103954 Raw:17.212943071689605 Time:32521 TotalReward:5746.6957880312575
ETask 110-110: Configuration:7 Energy:35.36281899763199 Reward:6.94295913933588 Raw:13.05704086066412 Time:32514 TotalReward:5782.058607028889
ETask 111-111: Configuration:7 Energy:50.210510067536 Reward:1.460734744294399 Raw:18.5392652557056 Time:32515 TotalReward:5832.269117096425
ETask 112-112: Configuration:7 Energy:42.14021539898 Reward:4.4405358526843095 Raw:15.55946414731569 Time:32517 TotalReward:5874.409332495406
ETask 113-113: Configuration:7 Energy:95.735621351232 Reward:-15.348537114301045 Raw:35.348537114301045 Time:32515 TotalReward:5970.144953846638
ETask 114-114: Configuration:7 Energy:100.77564745897601 Reward:-17.209469831006523 Raw:37.20946983100652 Time:32506 TotalReward:6070.920601305614
ETask 115-115: Configuration:7 Energy:56.089554589032 Reward:-0.7099893867195064 Raw:20.709989386719506 Time:32515 TotalReward:6127.010155894645
ETask 116-116: Configuration:7 Energy:37.17115772666399 Reward:6.275264839385601 Raw:13.724735160614399 Time:32511 TotalReward:6164.1813136213095
ETask 117-117: Configuration:7 Energy:53.021313001328 Reward:0.4228998148942793 Raw:19.57710018510572 Time:32502 TotalReward:6217.202626622638
ETask 118-118: Configuration:7 Energy:37.271664292104 Reward:6.238154722915445 Raw:13.761845277084555 Time:32506 TotalReward:6254.474290914742
ETask 119-119: Configuration:7 Energy:53.52138565725599 Reward:0.23825760347471103 Raw:19.76174239652529 Time:32505 TotalReward:6307.995676571998
ETask 120-120: Configuration:7 Energy:40.713690828800004 Reward:4.967252617058458 Raw:15.032747382941542 Time:32522 TotalReward:6348.709367400798
ETask 121-121: Configuration:7 Energy:35.52644193416 Reward:6.8825445166178465 Raw:13.117455483382154 Time:32522 TotalReward:6384.2358093349585
ERun: Time:3939037
==END-RUN 0==
==ROUND-END==
STOKE: Config: 0 - Knobs: {interval:10000 priority:104 sensor-configuration:1 batch:5 }  | -- on:3 reward:0.5258
STOKE: Config: 1 - Knobs: {interval:7750 priority:104 sensor-configuration:1 batch:5 }  | -- on:3 reward:-2.4393
STOKE: Config: 2 - Knobs: {interval:5500 priority:104 sensor-configuration:1 batch:5 }  | -- on:3 reward:4.5607
STOKE: Config: 3 - Knobs: {interval:3500 priority:104 sensor-configuration:1 batch:5 }  | -- on:3 reward:-3.7896
STOKE: Config: 4 - Knobs: {interval:1000 priority:104 sensor-configuration:1 batch:5 }  | -- on:3 reward:-6.3355
STOKE: Config: 5 - Knobs: {interval:10000 priority:100 sensor-configuration:1 batch:5 }  | -- on:3 reward:5.1249
STOKE: Config: 6 - Knobs: {interval:7750 priority:100 sensor-configuration:1 batch:5 }  | -- on:3 reward:4.1843
STOKE: Config: 7 - Knobs: {interval:5500 priority:100 sensor-configuration:1 batch:5 }  | -- on:3 reward:0.1079
STOKE: Config: 8 - Knobs: {interval:3500 priority:100 sensor-configuration:1 batch:5 }  | -- on:3 reward:1.9002
STOKE: Config: 9 - Knobs: {interval:1000 priority:100 sensor-configuration:1 batch:5 }  | -- on:3 reward:-13.1426
STOKE: Config: 10 - Knobs: {interval:10000 priority:104 sensor-configuration:1 batch:1 }  | -- on:3 reward:0.9759
STOKE: Config: 11 - Knobs: {interval:7750 priority:104 sensor-configuration:1 batch:1 }  | -- on:3 reward:4.3340
STOKE: Config: 12 - Knobs: {interval:5500 priority:104 sensor-configuration:1 batch:1 }  | -- on:3 reward:6.3737
STOKE: Config: 13 - Knobs: {interval:3500 priority:104 sensor-configuration:1 batch:1 }  | -- on:3 reward:-6.1706
STOKE: Config: 14 - Knobs: {interval:1000 priority:104 sensor-configuration:1 batch:1 }  | -- on:3 reward:-11.3013
STOKE: Config: 15 - Knobs: {interval:10000 priority:100 sensor-configuration:1 batch:1 }  | -- on:3 reward:0.9202
STOKE: Config: 16 - Knobs: {interval:7750 priority:100 sensor-configuration:1 batch:1 }  | -- on:3 reward:4.3667
STOKE: Config: 17 - Knobs: {interval:5500 priority:100 sensor-configuration:1 batch:1 }  | -- on:3 reward:3.2903
STOKE: Config: 18 - Knobs: {interval:3500 priority:100 sensor-configuration:1 batch:1 }  | -- on:3 reward:-6.2318
STOKE: Config: 19 - Knobs: {interval:1000 priority:100 sensor-configuration:1 batch:1 }  | -- on:3 reward:-11.0787
