==RUN 0==
Bandit Runs:1 Tasks-in-Run:100
Self-Optimizer Rounds:0 Tasks-in-Round:0
Continuous Knob Rounds:Inf Tasks-in-Round:0
STOKE: Start Bat: 0.530000
ETask 1-1: Configuration:0 Energy:31.380107180421998 Reward:18.413498887228798 Raw:11.5865011127712 Time:32539 TotalReward:31.380107180421998
ETask 2-2: Configuration:1 Energy:31.625673080724003 Reward:18.322828400963445 Raw:11.677171599036555 Time:32540 TotalReward:63.005780261146
ETask 3-3: Configuration:2 Energy:49.66119656050499 Reward:11.66355819304431 Raw:18.33644180695569 Time:32565 TotalReward:112.66697682165099
ETask 4-4: Configuration:3 Energy:33.528148122114 Reward:17.620376077988677 Raw:12.379623922011323 Time:32569 TotalReward:146.195124943765
ETask 5-5: Configuration:4 Energy:32.72561667738 Reward:17.91669538065969 Raw:12.08330461934031 Time:32554 TotalReward:178.920741621145
ETask 6-6: Configuration:5 Energy:36.835547323256996 Reward:16.399182526797418 Raw:13.600817473202584 Time:32569 TotalReward:215.756288944402
ETask 7-7: Configuration:6 Energy:48.255934552343994 Reward:12.18242416528837 Raw:17.81757583471163 Time:32546 TotalReward:264.012223496746
ETask 8-8: Configuration:7 Energy:43.64789899212 Reward:13.883852679832614 Raw:16.116147320167386 Time:32552 TotalReward:307.660122488866
ETask 9-9: Configuration:8 Energy:39.593737176804005 Reward:15.380773965487752 Raw:14.619226034512248 Time:32542 TotalReward:347.25385966567
ETask 10-10: Configuration:9 Energy:38.45857540896001 Reward:15.79991061823015 Raw:14.20008938176985 Time:32530 TotalReward:385.71243507463004
ETask 11-11: Configuration:10 Energy:31.90650473088 Reward:18.219136714751997 Raw:11.780863285248001 Time:32571 TotalReward:417.61893980551
ETask 12-12: Configuration:11 Energy:54.794383827119994 Reward:9.768227509986463 Raw:20.231772490013537 Time:32554 TotalReward:472.41332363263
ETask 13-13: Configuration:12 Energy:49.332579046335 Reward:11.784893890584001 Raw:18.215106109416 Time:32557 TotalReward:521.745902678965
ETask 14-14: Configuration:13 Energy:73.36114136729998 Reward:2.912809341304623 Raw:27.087190658695377 Time:32536 TotalReward:595.107044046265
ETask 15-15: Configuration:14 Energy:35.85756136072499 Reward:16.760285036040003 Raw:13.239714963959997 Time:32538 TotalReward:630.9646054069899
ETask 16-16: Configuration:15 Energy:36.781034713649994 Reward:16.41931025957539 Raw:13.580689740424612 Time:32551 TotalReward:667.7456401206399
ETask 17-17: Configuration:16 Energy:47.88231047685 Reward:12.320377670086152 Raw:17.679622329913848 Time:32544 TotalReward:715.6279505974899
ETask 18-18: Configuration:17 Energy:40.17687301881 Reward:15.165462269977846 Raw:14.834537730022154 Time:32542 TotalReward:755.8048236162999
ETask 19-19: Configuration:18 Energy:38.246886752669994 Reward:15.878072583629542 Raw:14.121927416370458 Time:32532 TotalReward:794.0517103689699
ETask 20-20: Configuration:19 Energy:84.56449043644 Reward:-1.2238118534547695 Raw:31.22381185345477 Time:32533 TotalReward:878.6162008054099
ETask 21-21: Configuration:19 Energy:88.398122932514 Reward:-2.6393069289282494 Raw:32.63930692892825 Time:32503 TotalReward:967.0143237379239
ETask 22-22: Configuration:19 Energy:91.02179730507999 Reward:-3.6080482357218386 Raw:33.60804823572184 Time:32502 TotalReward:1058.0361210430037
ETask 23-23: Configuration:19 Energy:105.77935443743799 Reward:-9.056992407669412 Raw:39.05699240766941 Time:32505 TotalReward:1163.8154754804418
ETask 24-24: Configuration:19 Energy:97.016670352862 Reward:-5.821539822595199 Raw:35.8215398225952 Time:32505 TotalReward:1260.832145833304
ETask 25-25: Configuration:19 Energy:84.300288786336 Reward:-1.126260474954826 Raw:31.126260474954826 Time:32503 TotalReward:1345.13243461964
ETask 26-26: Configuration:19 Energy:82.316397793812 Reward:-0.39374687771519845 Raw:30.3937468777152 Time:32505 TotalReward:1427.448832413452
ETask 27-27: Configuration:19 Energy:92.87261477578001 Reward:-4.291426994134156 Raw:34.291426994134156 Time:32503 TotalReward:1520.321447189232
ETask 28-28: Configuration:19 Energy:90.9427173368 Reward:-3.5788494782030824 Raw:33.57884947820308 Time:32501 TotalReward:1611.264164526032
ETask 29-29: Configuration:19 Energy:81.749093923224 Reward:-0.18428083319040311 Raw:30.184280833190403 Time:32503 TotalReward:1693.0132584492558
ETask 30-30: Configuration:19 Energy:81.05756856229199 Reward:0.07105160776911035 Raw:29.92894839223089 Time:32504 TotalReward:1774.0708270115479
ETask 31-31: Configuration:19 Energy:99.41564968243199 Reward:-6.707316805821044 Raw:36.707316805821044 Time:32503 TotalReward:1873.48647669398
ETask 32-32: Configuration:19 Energy:104.22432877931999 Reward:-8.482829087748918 Raw:38.48282908774892 Time:32502 TotalReward:1977.7108054732998
ETask 33-33: Configuration:19 Energy:115.63145788035202 Reward:-12.694692140437667 Raw:42.69469214043767 Time:32505 TotalReward:2093.342263353652
ETask 34-34: Configuration:19 Energy:87.93940282649599 Reward:-2.4699333513216004 Raw:32.4699333513216 Time:32502 TotalReward:2181.281666180148
ETask 35-35: Configuration:19 Energy:82.81782502193599 Reward:-0.5788892388686762 Raw:30.578889238868676 Time:32503 TotalReward:2264.099491202084
ETask 36-36: Configuration:19 Energy:83.47683939072 Reward:-0.8222176211889263 Raw:30.822217621188926 Time:32505 TotalReward:2347.5763305928044
ETask 37-37: Configuration:19 Energy:89.827265699787 Reward:-3.1669904122290475 Raw:33.16699041222905 Time:32502 TotalReward:2437.4035962925914
ETask 38-38: Configuration:19 Energy:79.96014441137801 Reward:0.4762543711835079 Raw:29.523745628816492 Time:32505 TotalReward:2517.3637407039696
ETask 39-39: Configuration:19 Energy:76.60780642062899 Reward:1.7140407062292944 Raw:28.285959293770706 Time:32502 TotalReward:2593.9715471245986
ETask 40-40: Configuration:19 Energy:81.55073116740002 Reward:-0.11103920027077763 Raw:30.111039200270778 Time:32507 TotalReward:2675.5222782919986
ETask 41-41: Configuration:19 Energy:108.11308154160801 Reward:-9.918676261516808 Raw:39.91867626151681 Time:32503 TotalReward:2783.635359833607
ETask 42-42: Configuration:19 Energy:84.588333273774 Reward:-1.232615362624248 Raw:31.232615362624248 Time:32505 TotalReward:2868.2236931073808
ETask 43-43: Configuration:19 Energy:78.153200342592 Reward:1.14343371965834 Raw:28.85656628034166 Time:32503 TotalReward:2946.3768934499726
ETask 44-44: Configuration:19 Energy:83.92650435897599 Reward:-0.9882477633142095 Raw:30.98824776331421 Time:32502 TotalReward:3030.303397808949
ETask 45-45: Configuration:19 Energy:96.32590577377799 Reward:-5.56648828570264 Raw:35.56648828570264 Time:32503 TotalReward:3126.6293035827266
ETask 46-46: Configuration:19 Energy:81.410534590572 Reward:-0.05927431036504416 Raw:30.059274310365044 Time:32505 TotalReward:3208.0398381732984
ETask 47-47: Configuration:19 Energy:80.796936175296 Reward:0.16728510450609235 Raw:29.832714895493908 Time:32504 TotalReward:3288.8367743485946
ETask 48-48: Configuration:19 Energy:98.195883053752 Reward:-6.256941435231511 Raw:36.25694143523151 Time:32502 TotalReward:3387.0326574023466
ETask 49-49: Configuration:19 Energy:106.23119609361599 Reward:-9.22382624995052 Raw:39.22382624995052 Time:32502 TotalReward:3493.2638534959624
ETask 50-50: Configuration:19 Energy:79.72190505879598 Reward:0.5642196705984084 Raw:29.43578032940159 Time:32504 TotalReward:3572.9857585547584
ETask 51-51: Configuration:19 Energy:81.5299578674 Reward:-0.10336905873230862 Raw:30.10336905873231 Time:32503 TotalReward:3654.515716422158
ETask 52-52: Configuration:19 Energy:83.952797036416 Reward:-0.997955828830527 Raw:30.997955828830527 Time:32505 TotalReward:3738.4685134585743
ETask 53-53: Configuration:19 Energy:80.52627526481999 Reward:0.2672214406818476 Raw:29.732778559318152 Time:32504 TotalReward:3818.9947887233943
ETask 54-54: Configuration:19 Energy:82.63920225014998 Reward:-0.5129362154399892 Raw:30.51293621543999 Time:32504 TotalReward:3901.6339909735443
ETask 55-55: Configuration:19 Energy:86.17822844223599 Reward:-1.8196535786717476 Raw:31.819653578671748 Time:32502 TotalReward:3987.8122194157804
ETask 56-56: Configuration:19 Energy:96.422916503304 Reward:-5.602307631989163 Raw:35.60230763198916 Time:32502 TotalReward:4084.2351359190843
ETask 57-57: Configuration:19 Energy:85.31401502829 Reward:-1.5005593950609288 Raw:31.50055939506093 Time:32502 TotalReward:4169.549150947374
ETask 58-58: Configuration:19 Energy:87.51109510049999 Reward:-2.3117889601846073 Raw:32.31178896018461 Time:32503 TotalReward:4257.060246047874
ETask 59-59: Configuration:19 Energy:91.306888540503 Reward:-3.7133126918780306 Raw:33.71331269187803 Time:32505 TotalReward:4348.367134588377
ETask 60-60: Configuration:19 Energy:87.46369828911 Reward:-2.294288599056003 Raw:32.294288599056 Time:32503 TotalReward:4435.8308328774865
ETask 61-61: Configuration:19 Energy:82.171459280192 Reward:-0.3402311188401228 Raw:30.340231118840123 Time:32504 TotalReward:4518.002292157678
ETask 62-62: Configuration:19 Energy:78.1629679052 Reward:1.1398272350030716 Raw:28.86017276499693 Time:32503 TotalReward:4596.165260062879
ETask 63-63: Configuration:19 Energy:94.83869038771 Reward:-5.01736260469292 Raw:35.01736260469292 Time:32506 TotalReward:4691.0039504505885
ETask 64-64: Configuration:19 Energy:94.427392934244 Reward:-4.865498929567011 Raw:34.86549892956701 Time:32502 TotalReward:4785.431343384833
ETask 65-65: Configuration:19 Energy:95.542462061088 Reward:-5.277216761017108 Raw:35.27721676101711 Time:32503 TotalReward:4880.973805445921
ETask 66-66: Configuration:19 Energy:123.23306341327998 Reward:-15.501438798749518 Raw:45.50143879874952 Time:32503 TotalReward:5004.206868859201
ETask 67-67: Configuration:19 Energy:85.96335555180798 Reward:-1.74031589605217 Raw:31.74031589605217 Time:32502 TotalReward:5090.170224411008
ETask 68-68: Configuration:19 Energy:82.29444915619199 Reward:-0.3856427653631975 Raw:30.385642765363198 Time:32504 TotalReward:5172.4646735672
ETask 69-69: Configuration:19 Energy:99.34014729086 Reward:-6.67943899970215 Raw:36.67943899970215 Time:32505 TotalReward:5271.80482085806
ETask 70-70: Configuration:19 Energy:80.95595328744001 Reward:0.10857109386830288 Raw:29.891428906131697 Time:32502 TotalReward:5352.7607741455
ETask 71-71: Configuration:19 Energy:84.759577428092 Reward:-1.295843973449358 Raw:31.295843973449358 Time:32502 TotalReward:5437.520351573592
ETask 72-72: Configuration:19 Energy:84.68376525428398 Reward:-1.2678517861971628 Raw:31.267851786197163 Time:32506 TotalReward:5522.204116827876
ETask 73-73: Configuration:19 Energy:77.66860603127999 Reward:1.3223608499889288 Raw:28.67763915001107 Time:32503 TotalReward:5599.872722859156
ETask 74-74: Configuration:19 Energy:92.72467512165 Reward:-4.236803121840005 Raw:34.236803121840005 Time:32504 TotalReward:5692.597397980806
ETask 75-75: Configuration:19 Energy:74.86546109657999 Reward:2.3573682104935436 Raw:27.642631789506456 Time:32506 TotalReward:5767.4628590773855
ETask 76-76: Configuration:19 Energy:77.56833187488 Reward:1.3593851538904609 Raw:28.64061484610954 Time:32505 TotalReward:5845.031190952265
ETask 77-77: Configuration:19 Energy:77.145248612025 Reward:1.5156005124830791 Raw:28.48439948751692 Time:32505 TotalReward:5922.17643956429
ETask 78-78: Configuration:19 Energy:68.0897256138 Reward:4.859178234904618 Raw:25.14082176509538 Time:32503 TotalReward:5990.26616517809
ETask 79-79: Configuration:19 Energy:67.23787260245001 Reward:5.173708577556923 Raw:24.826291422443077 Time:32503 TotalReward:6057.50403778054
ETask 80-80: Configuration:19 Energy:86.36584179577198 Reward:-1.8889262015158081 Raw:31.888926201515808 Time:32505 TotalReward:6143.869879576312
ETask 81-81: Configuration:19 Energy:86.76417350303998 Reward:-2.0360025241993753 Raw:32.036002524199375 Time:32503 TotalReward:6230.634053079352
ETask 82-82: Configuration:19 Energy:92.28785284444 Reward:-4.075514896408613 Raw:34.07551489640861 Time:32502 TotalReward:6322.921905923792
ETask 83-83: Configuration:19 Energy:79.994918163336 Reward:0.463414831999021 Raw:29.53658516800098 Time:32506 TotalReward:6402.916824087128
ETask 84-84: Configuration:19 Energy:80.295305643 Reward:0.3525025318153894 Raw:29.64749746818461 Time:32502 TotalReward:6483.212129730127
ETask 85-85: Configuration:19 Energy:77.829895143 Reward:1.262807947199999 Raw:28.7371920528 Time:32503 TotalReward:6561.042024873127
ETask 86-86: Configuration:19 Energy:77.871149432475 Reward:1.2475755941630773 Raw:28.752424405836923 Time:32503 TotalReward:6638.913174305602
ETask 87-87: Configuration:19 Energy:78.71390780085 Reward:0.93640327353231 Raw:29.06359672646769 Time:32503 TotalReward:6717.627082106453
ETask 88-88: Configuration:19 Energy:82.83173093527502 Reward:-0.5840237299476954 Raw:30.584023729947695 Time:32503 TotalReward:6800.458813041728
ETask 89-89: Configuration:19 Energy:98.4184756506 Reward:-6.33912947099077 Raw:36.33912947099077 Time:32501 TotalReward:6898.877288692328
ETask 90-90: Configuration:19 Energy:74.5823097558 Reward:2.4619163978584666 Raw:27.538083602141533 Time:32503 TotalReward:6973.4595984481275
ETask 91-91: Configuration:19 Energy:84.55944250792501 Reward:-1.2219480029261582 Raw:31.22194800292616 Time:32503 TotalReward:7058.019040956053
ETask 92-92: Configuration:19 Energy:74.86159321190398 Reward:2.3587963525277615 Raw:27.64120364747224 Time:32502 TotalReward:7132.8806341679565
ETask 93-93: Configuration:19 Energy:72.56728088542401 Reward:3.205927057689596 Raw:26.794072942310404 Time:32504 TotalReward:7205.447915053381
ETask 94-94: Configuration:19 Energy:67.376422326528 Reward:5.122551756358895 Raw:24.877448243641105 Time:32504 TotalReward:7272.824337379909
ETask 95-95: Configuration:19 Energy:68.111743253792 Reward:4.851048644753725 Raw:25.148951355246275 Time:32503 TotalReward:7340.936080633701
ETask 96-96: Configuration:19 Energy:88.71071912784 Reward:-2.7547270625870794 Raw:32.75472706258708 Time:32503 TotalReward:7429.646799761541
ETask 97-97: Configuration:19 Energy:85.075456077696 Reward:-1.412476090226214 Raw:31.412476090226214 Time:32503 TotalReward:7514.722255839237
ETask 98-98: Configuration:19 Energy:82.44364297752 Reward:-0.4407297147766158 Raw:30.440729714776616 Time:32504 TotalReward:7597.165898816756
ETask 99-99: Configuration:19 Energy:67.956012977985 Reward:4.90854905428246 Raw:25.09145094571754 Time:32503 TotalReward:7665.121911794741
ETask 100-100: Configuration:19 Energy:66.99429813384 Reward:5.263643765966769 Raw:24.73635623403323 Time:32502 TotalReward:7732.116209928581
ETask 101-101: Configuration:19 Energy:70.87794547363201 Reward:3.82968167127434 Raw:26.17031832872566 Time:32502 TotalReward:7802.994155402213
ETask 102-102: Configuration:19 Energy:72.25324532828999 Reward:3.3218786480160034 Raw:26.678121351983997 Time:32503 TotalReward:7875.247400730504
ETask 103-103: Configuration:19 Energy:76.01552864535002 Reward:1.932727884793838 Raw:28.067272115206162 Time:32504 TotalReward:7951.262929375854
ETask 104-104: Configuration:19 Energy:72.22547322143998 Reward:3.3321329643913877 Raw:26.667867035608612 Time:32504 TotalReward:8023.488402597293
ETask 105-105: Configuration:19 Energy:67.90670616889601 Reward:4.926754645330707 Raw:25.073245354669293 Time:32503 TotalReward:8091.395108766189
ETask 106-106: Configuration:19 Energy:68.919492929784 Reward:4.552802610541292 Raw:25.447197389458708 Time:32506 TotalReward:8160.314601695973
ETask 107-107: Configuration:19 Energy:67.78185695635199 Reward:4.972852816116188 Raw:25.027147183883812 Time:32504 TotalReward:8228.096458652324
ETask 108-108: Configuration:19 Energy:71.977059252924 Reward:3.423855045074216 Raw:26.576144954925784 Time:32506 TotalReward:8300.073517905248
ETask 109-109: Configuration:19 Energy:103.349782108496 Reward:-8.159919547752366 Raw:38.15991954775237 Time:32503 TotalReward:8403.423300013745
ETask 110-110: Configuration:19 Energy:67.29427358976 Reward:5.152883597627078 Raw:24.847116402372922 Time:32504 TotalReward:8470.717573603504
ETask 111-111: Configuration:19 Energy:70.80380958486 Reward:3.8570549225132282 Raw:26.14294507748677 Time:32504 TotalReward:8541.521383188365
ETask 112-112: Configuration:19 Energy:86.356851754592 Reward:-1.885606801695502 Raw:31.885606801695502 Time:32504 TotalReward:8627.878234942957
ETask 113-113: Configuration:19 Energy:93.20316240456 Reward:-4.413475349376007 Raw:34.41347534937601 Time:32502 TotalReward:8721.081397347516
ETask 114-114: Configuration:19 Energy:88.662319766208 Reward:-2.736856529061413 Raw:32.73685652906141 Time:32504 TotalReward:8809.743717113724
ETask 115-115: Configuration:19 Energy:70.255537130107 Reward:4.05949398272972 Raw:25.94050601727028 Time:32501 TotalReward:8879.999254243832
ETask 116-116: Configuration:19 Energy:84.120592907813 Reward:-1.0599112275001872 Raw:31.059911227500187 Time:32504 TotalReward:8964.119847151645
ETask 117-117: Configuration:19 Energy:66.501254180025 Reward:5.445690764298462 Raw:24.55430923570154 Time:32503 TotalReward:9030.62110133167
ETask 118-118: Configuration:19 Energy:67.395987126944 Reward:5.115327830051449 Raw:24.88467216994855 Time:32504 TotalReward:9098.017088458613
ETask 119-119: Configuration:19 Energy:66.50738615367 Reward:5.443426650952613 Raw:24.556573349047387 Time:32503 TotalReward:9164.524474612283
ETask 120-120: Configuration:19 Energy:66.909333706488 Reward:5.295015246835202 Raw:24.704984753164798 Time:32502 TotalReward:9231.43380831877
ETask 121-121: Configuration:19 Energy:66.98542430800799 Reward:5.26692025550474 Raw:24.73307974449526 Time:32502 TotalReward:9298.419232626778
ERun: Time:3937894
==END-RUN 0==
==ROUND-END==
STOKE: Config: 0 - Knobs: {interval:10000 priority:104 sensor-configuration:1 batch:5 }  | -- on:1 reward:18.4135
STOKE: Config: 1 - Knobs: {interval:7750 priority:104 sensor-configuration:1 batch:5 }  | -- on:1 reward:18.3228
STOKE: Config: 2 - Knobs: {interval:5500 priority:104 sensor-configuration:1 batch:5 }  | -- on:1 reward:11.6636
STOKE: Config: 3 - Knobs: {interval:3500 priority:104 sensor-configuration:1 batch:5 }  | -- on:1 reward:17.6204
STOKE: Config: 4 - Knobs: {interval:1000 priority:104 sensor-configuration:1 batch:5 }  | -- on:1 reward:17.9167
STOKE: Config: 5 - Knobs: {interval:10000 priority:100 sensor-configuration:1 batch:5 }  | -- on:1 reward:16.3992
STOKE: Config: 6 - Knobs: {interval:7750 priority:100 sensor-configuration:1 batch:5 }  | -- on:1 reward:12.1824
STOKE: Config: 7 - Knobs: {interval:5500 priority:100 sensor-configuration:1 batch:5 }  | -- on:1 reward:13.8839
STOKE: Config: 8 - Knobs: {interval:3500 priority:100 sensor-configuration:1 batch:5 }  | -- on:1 reward:15.3808
STOKE: Config: 9 - Knobs: {interval:1000 priority:100 sensor-configuration:1 batch:5 }  | -- on:1 reward:15.7999
STOKE: Config: 10 - Knobs: {interval:10000 priority:104 sensor-configuration:1 batch:1 }  | -- on:1 reward:18.2191
STOKE: Config: 11 - Knobs: {interval:7750 priority:104 sensor-configuration:1 batch:1 }  | -- on:1 reward:9.7682
STOKE: Config: 12 - Knobs: {interval:5500 priority:104 sensor-configuration:1 batch:1 }  | -- on:1 reward:11.7849
STOKE: Config: 13 - Knobs: {interval:3500 priority:104 sensor-configuration:1 batch:1 }  | -- on:1 reward:2.9128
STOKE: Config: 14 - Knobs: {interval:1000 priority:104 sensor-configuration:1 batch:1 }  | -- on:1 reward:16.7603
STOKE: Config: 15 - Knobs: {interval:10000 priority:100 sensor-configuration:1 batch:1 }  | -- on:1 reward:16.4193
STOKE: Config: 16 - Knobs: {interval:7750 priority:100 sensor-configuration:1 batch:1 }  | -- on:1 reward:12.3204
STOKE: Config: 17 - Knobs: {interval:5500 priority:100 sensor-configuration:1 batch:1 }  | -- on:1 reward:15.1655
STOKE: Config: 18 - Knobs: {interval:3500 priority:100 sensor-configuration:1 batch:1 }  | -- on:1 reward:15.8781
STOKE: Config: 19 - Knobs: {interval:1000 priority:100 sensor-configuration:1 batch:1 }  | -- on:1 reward:-1.2238
