==RUN 0==
Bandit Runs:1 Tasks-in-Run:100
Self-Optimizer Rounds:0 Tasks-in-Round:0
Continuous Knob Rounds:Inf Tasks-in-Round:0
STOKE: Start Bat: 0.940000
ETask 1-1: Configuration:0 Energy:87.686257924152 Reward:-2.3764644643022734 Raw:32.37646446430227 Time:32511 TotalReward:87.686257924152
ETask 2-2: Configuration:1 Energy:40.40259255849599 Reward:15.082119670709172 Raw:14.917880329290828 Time:32553 TotalReward:128.08885048264798
ETask 3-3: Configuration:2 Energy:38.78385962219999 Reward:15.679805677956926 Raw:14.320194322043074 Time:32532 TotalReward:166.87271010484798
ETask 4-4: Configuration:3 Energy:38.94895652300799 Reward:15.618846822273971 Raw:14.381153177726029 Time:32546 TotalReward:205.82166662785596
ETask 5-5: Configuration:4 Energy:38.628545931078 Reward:15.737152271601966 Raw:14.262847728398034 Time:32548 TotalReward:244.45021255893397
ETask 6-6: Configuration:5 Energy:35.2682533911 Reward:16.977875670978463 Raw:13.022124329021537 Time:32564 TotalReward:279.718465950034
ETask 7-7: Configuration:6 Energy:42.168551699560005 Reward:14.430073218623997 Raw:15.569926781376003 Time:32546 TotalReward:321.887017649594
ETask 8-8: Configuration:7 Energy:113.713785353597 Reward:-11.986628438251195 Raw:41.986628438251195 Time:32543 TotalReward:435.600803003191
ETask 9-9: Configuration:8 Energy:39.8578151829 Reward:15.28326824016 Raw:14.71673175984 Time:32544 TotalReward:475.45861818609103
ETask 10-10: Configuration:9 Energy:83.384216890403 Reward:-0.7880185441487981 Raw:30.788018544148798 Time:32521 TotalReward:558.842835076494
ETask 11-11: Configuration:10 Energy:31.664018704318003 Reward:18.308670016867197 Raw:11.691329983132801 Time:32532 TotalReward:590.506853780812
ETask 12-12: Configuration:11 Energy:31.648467587022 Reward:18.3144119678688 Raw:11.685588032131202 Time:32540 TotalReward:622.155321367834
ETask 13-13: Configuration:12 Energy:77.24978817894899 Reward:1.47700128777268 Raw:28.52299871222732 Time:32542 TotalReward:699.4051095467829
ETask 14-14: Configuration:13 Energy:49.166450521032004 Reward:11.8462336537728 Raw:18.1537663462272 Time:32533 TotalReward:748.571560067815
ETask 15-15: Configuration:14 Energy:95.207778192495 Reward:-5.153641178767394 Raw:35.153641178767394 Time:32526 TotalReward:843.7793382603099
ETask 16-16: Configuration:15 Energy:53.09658377609999 Reward:10.395107528824617 Raw:19.604892471175383 Time:32535 TotalReward:896.87592203641
ETask 17-17: Configuration:16 Energy:56.83726422023999 Reward:9.013933210988313 Raw:20.986066789011687 Time:32552 TotalReward:953.7131862566499
ETask 18-18: Configuration:17 Energy:68.092057162902 Reward:4.858317355236185 Raw:25.141682644763815 Time:32527 TotalReward:1021.805243419552
ETask 19-19: Configuration:18 Energy:54.986821507331996 Reward:9.6971735972928 Raw:20.3028264027072 Time:32557 TotalReward:1076.792064926884
ETask 20-20: Configuration:19 Energy:85.59737262455998 Reward:-1.605183738299072 Raw:31.605183738299072 Time:32537 TotalReward:1162.389437551444
ETask 21-21: Configuration:11 Energy:34.64753406920399 Reward:17.207064343678525 Raw:12.792935656321474 Time:32567 TotalReward:1197.036971620648
ETask 22-22: Configuration:14 Energy:31.294873857672 Reward:18.444969652551876 Raw:11.555030347448122 Time:32533 TotalReward:1228.33184547832
ETask 23-23: Configuration:10 Energy:31.138509279834 Reward:18.502704265907447 Raw:11.497295734092553 Time:32548 TotalReward:1259.470354758154
ETask 24-24: Configuration:2 Energy:59.420825261744994 Reward:8.060002980278771 Raw:21.93999701972123 Time:32537 TotalReward:1318.891180019899
ETask 25-25: Configuration:4 Energy:79.39177162112 Reward:0.6861150937403053 Raw:29.313884906259695 Time:32536 TotalReward:1398.2829516410188
ETask 26-26: Configuration:15 Energy:37.147635161463 Reward:16.28395009422905 Raw:13.716049905770953 Time:32528 TotalReward:1435.430586802482
ETask 27-27: Configuration:13 Energy:31.325368694580003 Reward:18.43371002046277 Raw:11.566289979537233 Time:32553 TotalReward:1466.755955497062
ETask 28-28: Configuration:18 Energy:53.90559525644801 Reward:10.096395597619196 Raw:19.903604402380804 Time:32535 TotalReward:1520.6615507535098
ETask 29-29: Configuration:14 Energy:30.999787653528006 Reward:18.553924558697354 Raw:11.446075441302648 Time:32542 TotalReward:1551.6613384070379
ETask 30-30: Configuration:15 Energy:36.187607298833 Reward:16.638421920430893 Raw:13.361578079569107 Time:32541 TotalReward:1587.8489457058708
ETask 31-31: Configuration:17 Energy:81.92826457581599 Reward:-0.25043615107052375 Raw:30.250436151070524 Time:32536 TotalReward:1669.7772102816868
ETask 32-32: Configuration:9 Energy:38.909457720725 Reward:15.633430995424616 Raw:14.366569004575384 Time:32531 TotalReward:1708.6866680024118
ETask 33-33: Configuration:13 Energy:32.8804892196 Reward:17.859511672763077 Raw:12.140488327236923 Time:32527 TotalReward:1741.5671572220117
ETask 34-34: Configuration:15 Energy:38.1334975308 Reward:15.919939373243077 Raw:14.080060626756923 Time:32542 TotalReward:1779.7006547528117
ETask 35-35: Configuration:6 Energy:42.376275425016 Reward:14.353375227686403 Raw:15.646624772313597 Time:32581 TotalReward:1822.0769301778278
ETask 36-36: Configuration:12 Energy:32.355373168176 Reward:18.053400676365783 Raw:11.946599323634215 Time:32548 TotalReward:1854.4323033460037
ETask 37-37: Configuration:6 Energy:50.88643246248 Reward:11.21116339846892 Raw:18.78883660153108 Time:32542 TotalReward:1905.3187358084838
ETask 38-38: Configuration:19 Energy:86.315421383072 Reward:-1.8703094337496644 Raw:31.870309433749664 Time:32536 TotalReward:1991.6341571915557
ETask 39-39: Configuration:10 Energy:31.423992129160002 Reward:18.397295213848615 Raw:11.602704786151387 Time:32551 TotalReward:2023.0581493207158
ETask 40-40: Configuration:19 Energy:87.32244548624 Reward:-2.2421337179963103 Raw:32.24213371799631 Time:32521 TotalReward:2110.3805948069557
ETask 41-41: Configuration:16 Energy:42.21370973455199 Reward:14.413399482626957 Raw:15.586600517373043 Time:32566 TotalReward:2152.594304541508
ETask 42-42: Configuration:19 Energy:87.35293617431999 Reward:-2.253391818210453 Raw:32.25339181821045 Time:32535 TotalReward:2239.947240715828
ETask 43-43: Configuration:4 Energy:31.578312903248 Reward:18.340315235723814 Raw:11.659684764276186 Time:32606 TotalReward:2271.5255536190757
ETask 44-44: Configuration:2 Energy:45.33755648839999 Reward:13.25997914274462 Raw:16.74002085725538 Time:32557 TotalReward:2316.8631101074757
ETask 45-45: Configuration:10 Energy:49.56749091982999 Reward:11.698157198832003 Raw:18.301842801167997 Time:32574 TotalReward:2366.430601027306
ETask 46-46: Configuration:12 Energy:51.92957306826 Reward:10.826003790180927 Raw:19.173996209819073 Time:32560 TotalReward:2418.360174095566
ETask 47-47: Configuration:19 Energy:109.796353846515 Reward:-10.540192189482468 Raw:40.54019218948247 Time:32543 TotalReward:2528.156527942081
ETask 48-48: Configuration:17 Energy:68.831106048432 Reward:4.585437766732799 Raw:25.4145622332672 Time:32539 TotalReward:2596.987633990513
ETask 49-49: Configuration:0 Energy:48.66445525158 Reward:12.031585753262767 Raw:17.968414246737233 Time:32579 TotalReward:2645.652089242093
ETask 50-50: Configuration:17 Energy:42.81045890436 Reward:14.193061327620924 Raw:15.806938672379076 Time:32541 TotalReward:2688.462548146453
ETask 51-51: Configuration:16 Energy:35.629653693816 Reward:16.844435559206396 Raw:13.155564440793603 Time:32547 TotalReward:2724.0922018402694
ETask 52-52: Configuration:3 Energy:48.167330413248 Reward:12.215139539723811 Raw:17.78486046027619 Time:32534 TotalReward:2772.259532253517
ETask 53-53: Configuration:19 Energy:86.18111523373501 Reward:-1.820719470917549 Raw:31.82071947091755 Time:32547 TotalReward:2858.440647487252
ETask 54-54: Configuration:4 Energy:38.02023100220801 Reward:15.961760860723194 Raw:14.038239139276806 Time:32535 TotalReward:2896.4608784894604
ETask 55-55: Configuration:17 Energy:41.402925582344 Reward:14.712765938826832 Raw:15.287234061173168 Time:32535 TotalReward:2937.863804071804
ETask 56-56: Configuration:7 Energy:38.619536504098 Reward:15.740478829256123 Raw:14.259521170743877 Time:32559 TotalReward:2976.4833405759023
ETask 57-57: Configuration:14 Energy:77.77657929612798 Reward:1.2824937983527462 Raw:28.717506201647254 Time:32563 TotalReward:3054.2599198720304
ETask 58-58: Configuration:14 Energy:49.42652516771199 Reward:11.750206091921726 Raw:18.249793908078274 Time:32508 TotalReward:3103.6864450397425
ETask 59-59: Configuration:7 Energy:74.25000300528801 Reward:2.5846142749705834 Raw:27.415385725029417 Time:32542 TotalReward:3177.9364480450304
ETask 60-60: Configuration:3 Energy:49.773017328011996 Reward:11.622270525041724 Raw:18.377729474958276 Time:32532 TotalReward:3227.7094653730423
ETask 61-61: Configuration:13 Energy:31.867478116361998 Reward:18.233546541650952 Raw:11.766453458349048 Time:32525 TotalReward:3259.576943489404
ETask 62-62: Configuration:7 Energy:36.05132223808501 Reward:16.688742558245536 Raw:13.311257441754462 Time:32569 TotalReward:3295.628265727489
ETask 63-63: Configuration:19 Energy:78.664156951176 Reward:0.954772818027326 Raw:29.045227181972674 Time:32529 TotalReward:3374.2924226786654
ETask 64-64: Configuration:1 Energy:56.144453932764 Reward:9.26974008636406 Raw:20.73025991363594 Time:32574 TotalReward:3430.4368766114294
ETask 65-65: Configuration:8 Energy:37.39401582111 Reward:16.192978773744 Raw:13.807021226256001 Time:32542 TotalReward:3467.8308924325393
ETask 66-66: Configuration:8 Energy:41.449005284328 Reward:14.695751895017356 Raw:15.304248104982644 Time:32523 TotalReward:3509.2798977168673
ETask 67-67: Configuration:19 Energy:78.87974519529 Reward:0.8751710048159929 Raw:29.124828995184007 Time:32532 TotalReward:3588.1596429121573
ETask 68-68: Configuration:19 Energy:78.95147120585999 Reward:0.848687554759394 Raw:29.151312445240606 Time:32503 TotalReward:3667.111114118017
ETask 69-69: Configuration:19 Energy:77.19423155640001 Reward:1.4975145022523044 Raw:28.502485497747696 Time:32505 TotalReward:3744.3053456744174
ETask 70-70: Configuration:19 Energy:86.455591074432 Reward:-1.922064396713349 Raw:31.92206439671335 Time:32505 TotalReward:3830.7609367488494
ETask 71-71: Configuration:19 Energy:78.6410996672 Reward:0.9632862767261585 Raw:29.03671372327384 Time:32504 TotalReward:3909.402036416049
ETask 72-72: Configuration:19 Energy:79.5735605024 Reward:0.6189930452676933 Raw:29.381006954732307 Time:32504 TotalReward:3988.9755969184494
ETask 73-73: Configuration:19 Energy:85.59212164915199 Reward:-1.6032449166099703 Raw:31.60324491660997 Time:32505 TotalReward:4074.5677185676013
ETask 74-74: Configuration:19 Energy:91.19874071519999 Reward:-3.673381187150767 Raw:33.67338118715077 Time:32503 TotalReward:4165.766459282801
ETask 75-75: Configuration:19 Energy:116.14735961999997 Reward:-12.885178936615368 Raw:42.88517893661537 Time:32504 TotalReward:4281.913818902802
ETask 76-76: Configuration:19 Energy:112.416204948125 Reward:-11.507521826999998 Raw:41.507521827 Time:32504 TotalReward:4394.330023850926
ETask 77-77: Configuration:19 Energy:90.92605062474999 Reward:-3.5726956152923037 Raw:33.572695615292304 Time:32502 TotalReward:4485.2560744756765
ETask 78-78: Configuration:19 Energy:93.528833746875 Reward:-4.533723229615383 Raw:34.53372322961538 Time:32504 TotalReward:4578.784908222551
ETask 79-79: Configuration:19 Energy:78.1723063 Reward:1.1363792123076948 Raw:28.863620787692305 Time:32505 TotalReward:4656.957214522551
ETask 80-80: Configuration:19 Energy:83.47622452375 Reward:-0.8219905933846228 Raw:30.821990593384623 Time:32506 TotalReward:4740.433439046301
ETask 81-81: Configuration:19 Energy:78.66639357029999 Reward:0.9539469894276991 Raw:29.0460530105723 Time:32504 TotalReward:4819.099832616601
ETask 82-82: Configuration:19 Energy:83.54783876495999 Reward:-0.8484327747544604 Raw:30.84843277475446 Time:32504 TotalReward:4902.647671381561
ETask 83-83: Configuration:13 Energy:31.596894788639993 Reward:18.33345423188677 Raw:11.66654576811323 Time:32564 TotalReward:4934.244566170201
ETask 84-84: Configuration:19 Energy:82.17840686773201 Reward:-0.34279638193182294 Raw:30.342796381931823 Time:32535 TotalReward:5016.422973037933
ETask 85-85: Configuration:19 Energy:77.29532934605999 Reward:1.4601860876086228 Raw:28.539813912391377 Time:32503 TotalReward:5093.7183023839925
ETask 86-86: Configuration:19 Energy:83.17821481574401 Reward:-0.7119562396593295 Raw:30.71195623965933 Time:32504 TotalReward:5176.896517199737
ETask 87-87: Configuration:19 Energy:88.85938127424 Reward:-2.8096177012578494 Raw:32.80961770125785 Time:32502 TotalReward:5265.755898473977
ETask 88-88: Configuration:19 Energy:81.22072454195 Reward:0.010809399895386207 Raw:29.989190600104614 Time:32502 TotalReward:5346.9766230159275
ETask 89-89: Configuration:19 Energy:80.71901927051199 Reward:0.19605442319557298 Raw:29.803945576804427 Time:32504 TotalReward:5427.69564228644
ETask 90-90: Configuration:19 Energy:81.32335956707999 Reward:-0.0270866093833817 Raw:30.02708660938338 Time:32503 TotalReward:5509.0190018535195
ETask 91-91: Configuration:19 Energy:76.09081001402998 Reward:1.904931687127391 Raw:28.09506831287261 Time:32504 TotalReward:5585.109811867549
ETask 92-92: Configuration:19 Energy:83.495780291154 Reward:-0.8292111844260965 Raw:30.829211184426097 Time:32504 TotalReward:5668.605592158703
ETask 93-93: Configuration:19 Energy:81.347908533192 Reward:-0.03615084302473903 Raw:30.03615084302474 Time:32505 TotalReward:5749.953500691895
ETask 94-94: Configuration:19 Energy:134.49226006783002 Reward:-19.658680640429544 Raw:49.658680640429544 Time:32503 TotalReward:5884.445760759725
ETask 95-95: Configuration:19 Energy:94.28520663597001 Reward:-4.8129993732812295 Raw:34.81299937328123 Time:32503 TotalReward:5978.730967395695
ETask 96-96: Configuration:19 Energy:104.99016704127 Reward:-8.765600138315072 Raw:38.76560013831507 Time:32503 TotalReward:6083.721134436965
ETask 97-97: Configuration:19 Energy:117.30960170962199 Reward:-13.31431447739888 Raw:43.31431447739888 Time:32503 TotalReward:6201.0307361465875
ETask 98-98: Configuration:19 Energy:91.67481524457901 Reward:-3.8491625518445574 Raw:33.84916255184456 Time:32502 TotalReward:6292.705551391166
ETask 99-99: Configuration:19 Energy:83.918083807944 Reward:-0.9851386367793289 Raw:30.98513863677933 Time:32502 TotalReward:6376.62363519911
ETask 100-100: Configuration:19 Energy:81.314241811325 Reward:-0.023720053412304765 Raw:30.023720053412305 Time:32503 TotalReward:6457.937877010435
ETask 101-101: Configuration:19 Energy:92.15435495095201 Reward:-4.026223366505363 Raw:34.02622336650536 Time:32505 TotalReward:6550.092231961387
ETask 102-102: Configuration:19 Energy:82.061176613265 Reward:-0.299511364897846 Raw:30.299511364897846 Time:32505 TotalReward:6632.1534085746525
ETask 103-103: Configuration:19 Energy:96.99182694471 Reward:-5.812366871892927 Raw:35.81236687189293 Time:32503 TotalReward:6729.145235519362
ETask 104-104: Configuration:19 Energy:97.65742958201697 Reward:-6.058127845667812 Raw:36.05812784566781 Time:32503 TotalReward:6826.80266510138
ETask 105-105: Configuration:0 Energy:48.76605985118999 Reward:11.994070208791388 Raw:18.00592979120861 Time:32585 TotalReward:6875.56872495257
ETask 106-106: Configuration:19 Energy:95.196744700275 Reward:-5.149567273947696 Raw:35.149567273947696 Time:32531 TotalReward:6970.765469652845
ETask 107-107: Configuration:19 Energy:94.57531591658399 Reward:-4.920116646123319 Raw:34.92011664612332 Time:32503 TotalReward:7065.3407855694295
ETask 108-108: Configuration:19 Energy:79.589070302688 Reward:0.6132663497767403 Raw:29.38673365022326 Time:32505 TotalReward:7144.9298558721175
ETask 109-109: Configuration:19 Energy:88.52065492851 Reward:-2.6845495120652316 Raw:32.68454951206523 Time:32504 TotalReward:7233.450510800628
ETask 110-110: Configuration:19 Energy:77.105376074016 Reward:1.530322680363323 Raw:28.469677319636677 Time:32503 TotalReward:7310.555886874644
ETask 111-111: Configuration:19 Energy:80.630234460477 Reward:0.22883650690079804 Raw:29.771163493099202 Time:32506 TotalReward:7391.186121335121
ETask 112-112: Configuration:19 Energy:77.245869991536 Reward:1.478448003125166 Raw:28.521551996874834 Time:32503 TotalReward:7468.431991326657
ETask 113-113: Configuration:19 Energy:81.19394002751399 Reward:0.020699066764070295 Raw:29.97930093323593 Time:32503 TotalReward:7549.625931354171
ETask 114-114: Configuration:19 Energy:82.340455196916 Reward:-0.4026296111689831 Raw:30.402629611168983 Time:32504 TotalReward:7631.966386551087
ETask 115-115: Configuration:19 Energy:86.70263582177999 Reward:-2.01328091881107 Raw:32.01328091881107 Time:32504 TotalReward:7718.669022372867
ETask 116-116: Configuration:19 Energy:96.13559625138 Reward:-5.496220154355683 Raw:35.49622015435568 Time:32505 TotalReward:7814.804618624247
ETask 117-117: Configuration:19 Energy:94.45556880957601 Reward:-4.875902329689602 Raw:34.8759023296896 Time:32504 TotalReward:7909.260187433823
ETask 118-118: Configuration:19 Energy:94.38865027289599 Reward:-4.851193946915437 Raw:34.85119394691544 Time:32505 TotalReward:8003.648837706719
ETask 119-119: Configuration:19 Energy:88.4261520128 Reward:-2.649656127803077 Raw:32.64965612780308 Time:32502 TotalReward:8092.074989719519
ETask 120-120: Configuration:19 Energy:126.485955284928 Reward:-16.702506566742642 Raw:46.70250656674264 Time:32507 TotalReward:8218.560945004447
ETask 121-121: Configuration:19 Energy:78.85375268992001 Reward:0.884768237567993 Raw:29.115231762432007 Time:32504 TotalReward:8297.414697694367
ERun: Time:3940448
==END-RUN 0==
==ROUND-END==
STOKE: Config: 0 - Knobs: {interval:10000 priority:104 sensor-configuration:1 batch:5 }  | -- on:3 reward:7.2164
STOKE: Config: 1 - Knobs: {interval:7750 priority:104 sensor-configuration:1 batch:5 }  | -- on:2 reward:12.1759
STOKE: Config: 2 - Knobs: {interval:5500 priority:104 sensor-configuration:1 batch:5 }  | -- on:3 reward:12.3333
STOKE: Config: 3 - Knobs: {interval:3500 priority:104 sensor-configuration:1 batch:5 }  | -- on:3 reward:13.1521
STOKE: Config: 4 - Knobs: {interval:1000 priority:104 sensor-configuration:1 batch:5 }  | -- on:4 reward:12.6813
STOKE: Config: 5 - Knobs: {interval:10000 priority:100 sensor-configuration:1 batch:5 }  | -- on:1 reward:16.9779
STOKE: Config: 6 - Knobs: {interval:7750 priority:100 sensor-configuration:1 batch:5 }  | -- on:3 reward:13.3315
STOKE: Config: 7 - Knobs: {interval:5500 priority:100 sensor-configuration:1 batch:5 }  | -- on:4 reward:5.7568
STOKE: Config: 8 - Knobs: {interval:3500 priority:100 sensor-configuration:1 batch:5 }  | -- on:3 reward:15.3907
STOKE: Config: 9 - Knobs: {interval:1000 priority:100 sensor-configuration:1 batch:5 }  | -- on:2 reward:7.4227
STOKE: Config: 10 - Knobs: {interval:10000 priority:104 sensor-configuration:1 batch:1 }  | -- on:4 reward:16.7267
STOKE: Config: 11 - Knobs: {interval:7750 priority:104 sensor-configuration:1 batch:1 }  | -- on:2 reward:17.7607
STOKE: Config: 12 - Knobs: {interval:5500 priority:104 sensor-configuration:1 batch:1 }  | -- on:3 reward:10.1188
STOKE: Config: 13 - Knobs: {interval:3500 priority:104 sensor-configuration:1 batch:1 }  | -- on:5 reward:16.9413
STOKE: Config: 14 - Knobs: {interval:1000 priority:104 sensor-configuration:1 batch:1 }  | -- on:5 reward:8.9756
STOKE: Config: 15 - Knobs: {interval:10000 priority:100 sensor-configuration:1 batch:1 }  | -- on:4 reward:14.8094
STOKE: Config: 16 - Knobs: {interval:7750 priority:100 sensor-configuration:1 batch:1 }  | -- on:3 reward:13.4239
STOKE: Config: 17 - Knobs: {interval:5500 priority:100 sensor-configuration:1 batch:1 }  | -- on:5 reward:7.6198
STOKE: Config: 18 - Knobs: {interval:3500 priority:100 sensor-configuration:1 batch:1 }  | -- on:2 reward:9.8968
STOKE: Config: 19 - Knobs: {interval:1000 priority:100 sensor-configuration:1 batch:1 }  | -- on:60 reward:-2.7939
