==RUN 0==
Bandit Runs:1 Tasks-in-Run:50
Self-Optimizer Rounds:0 Tasks-in-Round:0
Continuous Knob Rounds:Inf Tasks-in-Round:0
STOKE: Start Bat: 1.000000
MAPSME_GPS_RATE: 10000
MAPSME_GPS_PRIORITY: High Accuracy
MAPSME_GPS_BATCH: 1x

MAPSME_GPS_RATE: 10000
MAPSME_GPS_PRIORITY: High Accuracy
MAPSME_GPS_BATCH: 1x

MAPSME_GPS_RATE: 10000
MAPSME_GPS_PRIORITY: High Accuracy
MAPSME_GPS_BATCH: 1x

MAPSME_GPS_RATE: 10000
MAPSME_GPS_PRIORITY: High Accuracy
MAPSME_GPS_BATCH: 1x

ETask 1: Configuration:0 Energy:0.0 Power:0.0 Reward:36.50272575120001 Time:32517 TotalReward:36.50272575120001
ETask 2: Configuration:1 Energy:0.0 Power:0.0 Reward:45.05000594976 Time:32622 TotalReward:81.55273170096001
ETask 3: Configuration:2 Energy:0.0 Power:0.0 Reward:43.923669984 Time:32600 TotalReward:125.47640168496001
ETask 4: Configuration:3 Energy:0.0 Power:0.0 Reward:39.38511147264 Time:32632 TotalReward:164.8615131576
ETask 5: Configuration:4 Energy:0.0 Power:0.0 Reward:37.720758780000004 Time:32625 TotalReward:202.5822719376
ETask 6: Configuration:5 Energy:0.0 Power:0.0 Reward:71.7960928608 Time:32620 TotalReward:274.3783647984
ETask 7: Configuration:6 Energy:0.0 Power:0.0 Reward:79.803736423125 Time:32593 TotalReward:354.18210122152504
ETask 8: Configuration:1 Energy:0.0 Power:0.0 Reward:38.58448971845 Time:32563 TotalReward:392.76659093997506
ETask 9: Configuration:2 Energy:0.0 Power:0.0 Reward:40.71177672412499 Time:32535 TotalReward:433.47836766410006
ETask 10: Configuration:2 Energy:0.0 Power:0.0 Reward:40.07393152035 Time:32511 TotalReward:473.5522991844501
ETask 11: Configuration:1 Energy:0.0 Power:0.0 Reward:34.97759205914999 Time:32547 TotalReward:508.52989124360005
ETask 12: Configuration:2 Energy:0.0 Power:0.0 Reward:39.728352956174994 Time:32537 TotalReward:548.258244199775
ETask 13: Configuration:2 Energy:0.0 Power:0.0 Reward:70.72712212279998 Time:32516 TotalReward:618.985366322575
ETask 14: Configuration:2 Energy:0.0 Power:0.0 Reward:39.41526652524 Time:32504 TotalReward:658.400632847815
ETask 15: Configuration:2 Energy:0.0 Power:0.0 Reward:68.20536882624499 Time:32515 TotalReward:726.60600167406
ETask 16: Configuration:2 Energy:0.0 Power:0.0 Reward:70.103844670667 Time:32507 TotalReward:796.7098463447271
ETask 17: Configuration:2 Energy:0.0 Power:0.0 Reward:35.21411259509401 Time:32511 TotalReward:831.9239589398211
ETask 18: Configuration:2 Energy:0.0 Power:0.0 Reward:36.78935060656801 Time:32508 TotalReward:868.7133095463892
ETask 19: Configuration:2 Energy:0.0 Power:0.0 Reward:39.369216948479995 Time:32512 TotalReward:908.0825264948692
ETask 20: Configuration:2 Energy:0.0 Power:0.0 Reward:38.500325587958 Time:32506 TotalReward:946.5828520828272
ETask 21: Configuration:2 Energy:0.0 Power:0.0 Reward:71.143863388298 Time:32509 TotalReward:1017.7267154711252
ETask 22: Configuration:2 Energy:0.0 Power:0.0 Reward:75.347432026192 Time:32509 TotalReward:1093.0741474973172
ETask 23: Configuration:2 Energy:0.0 Power:0.0 Reward:44.308776357632 Time:32512 TotalReward:1137.3829238549492
ETask 24: Configuration:2 Energy:0.0 Power:0.0 Reward:51.573531473232 Time:32507 TotalReward:1188.9564553281812
ETask 25: Configuration:2 Energy:0.0 Power:0.0 Reward:55.442800510299 Time:32533 TotalReward:1244.3992558384803
ETask 26: Configuration:2 Energy:0.0 Power:0.0 Reward:61.19104431924 Time:32514 TotalReward:1305.5903001577203
ETask 27: Configuration:2 Energy:0.0 Power:0.0 Reward:54.196228698201004 Time:32517 TotalReward:1359.7865288559212
ETask 28: Configuration:2 Energy:0.0 Power:0.0 Reward:52.996235993932 Time:32516 TotalReward:1412.7827648498533
ETask 29: Configuration:3 Energy:0.0 Power:0.0 Reward:51.69538644076799 Time:32544 TotalReward:1464.4781512906213
ETask 30: Configuration:2 Energy:0.0 Power:0.0 Reward:83.1024982221 Time:32550 TotalReward:1547.5806495127213
ETask 31: Configuration:2 Energy:0.0 Power:0.0 Reward:50.680781938566 Time:32514 TotalReward:1598.2614314512873
ETask 32: Configuration:2 Energy:0.0 Power:0.0 Reward:49.00020711786001 Time:32514 TotalReward:1647.2616385691474
ETask 33: Configuration:2 Energy:0.0 Power:0.0 Reward:55.68306662112 Time:32510 TotalReward:1702.9447051902673
ETask 34: Configuration:2 Energy:0.0 Power:0.0 Reward:54.458511237117 Time:32513 TotalReward:1757.4032164273842
ETask 35: Configuration:2 Energy:0.0 Power:0.0 Reward:60.286777783106004 Time:32509 TotalReward:1817.68999421049
ETask 36: Configuration:2 Energy:0.0 Power:0.0 Reward:53.83666351798 Time:32515 TotalReward:1871.5266577284701
ETask 37: Configuration:1 Energy:0.0 Power:0.0 Reward:50.382361335855 Time:32559 TotalReward:1921.909019064325
ETask 38: Configuration:2 Energy:0.0 Power:0.0 Reward:55.10355479455801 Time:32537 TotalReward:1977.0125738588831
ETask 39: Configuration:2 Energy:0.0 Power:0.0 Reward:55.12377061990401 Time:32512 TotalReward:2032.1363444787871
ETask 40: Configuration:2 Energy:0.0 Power:0.0 Reward:54.78868649636101 Time:32511 TotalReward:2086.9250309751483
ETask 41: Configuration:2 Energy:0.0 Power:0.0 Reward:50.788902158848 Time:32512 TotalReward:2137.7139331339963
ETask 42: Configuration:2 Energy:0.0 Power:0.0 Reward:45.928731487009 Time:32509 TotalReward:2183.642664621005
ETask 43: Configuration:2 Energy:0.0 Power:0.0 Reward:37.639583903636 Time:32513 TotalReward:2221.282248524641
ETask 44: Configuration:2 Energy:0.0 Power:0.0 Reward:41.936798812272 Time:32509 TotalReward:2263.2190473369133
ETask 45: Configuration:2 Energy:0.0 Power:0.0 Reward:41.067209963208 Time:32514 TotalReward:2304.286257300121
ETask 46: Configuration:4 Energy:0.0 Power:0.0 Reward:69.02903552679999 Time:32540 TotalReward:2373.315292826921
ETask 47: Configuration:4 Energy:0.0 Power:0.0 Reward:70.16266316251199 Time:32514 TotalReward:2443.477955989433
ETask 48: Configuration:1 Energy:0.0 Power:0.0 Reward:62.34193295491199 Time:32547 TotalReward:2505.819888944345
ETask 49: Configuration:4 Energy:0.0 Power:0.0 Reward:36.77588886418399 Time:32537 TotalReward:2542.595777808529
ETask 50: Configuration:4 Energy:0.0 Power:0.0 Reward:73.1266863082 Time:32515 TotalReward:2615.722464116729
ETask 51: Configuration:4 Energy:0.0 Power:0.0 Reward:40.83036083966399 Time:32516 TotalReward:2656.552824956393
ETask 52: Configuration:2 Energy:0.0 Power:0.0 Reward:36.596612128596 Time:32539 TotalReward:2693.149437084989
ETask 53: Configuration:4 Energy:0.0 Power:0.0 Reward:71.59434907464 Time:32540 TotalReward:2764.743786159629
ETask 54: Configuration:1 Energy:0.0 Power:0.0 Reward:38.55046088030399 Time:32556 TotalReward:2803.294247039933
ETask 55: Configuration:4 Energy:0.0 Power:0.0 Reward:74.84002382421 Time:32537 TotalReward:2878.134270864143
ETask 56: Configuration:4 Energy:0.0 Power:0.0 Reward:39.380672610405 Time:32509 TotalReward:2917.514943474548
ETask 57: Configuration:3 Energy:0.0 Power:0.0 Reward:41.681888428635006 Time:32539 TotalReward:2959.196831903183
ETask 58: Configuration:0 Energy:0.0 Power:0.0 Reward:45.89926836372 Time:32568 TotalReward:3005.096100266903
ERun: Time:1887796
==END-RUN 0==
STOKE: Config: 0 - Knobs: {interval:10000 priority:100 sensor-configuration:1 batch:1 }  | -- on:2 joules:41.20 reward:0.8254
STOKE: Config: 1 - Knobs: {interval:8000 priority:100 sensor-configuration:1 batch:1 }  | -- on:6 joules:44.98 reward:0.8605
STOKE: Config: 2 - Knobs: {interval:5000 priority:100 sensor-configuration:1 batch:1 }  | -- on:36 joules:51.53 reward:0.9213
STOKE: Config: 3 - Knobs: {interval:4000 priority:100 sensor-configuration:1 batch:1 }  | -- on:3 joules:44.25 reward:0.8538
STOKE: Config: 4 - Knobs: {interval:3000 priority:100 sensor-configuration:1 batch:1 }  | -- on:9 joules:57.05 reward:0.9726
STOKE: Config: 5 - Knobs: {interval:2000 priority:100 sensor-configuration:1 batch:1 }  | -- on:1 joules:71.80 reward:0.4452
STOKE: Config: 6 - Knobs: {interval:1000 priority:100 sensor-configuration:1 batch:1 }  | -- on:1 joules:79.80 reward:0.4081
ERROR: We got 'done' signal before finishing experiment!
STOKE: Config: 0 - Knobs: {interval:10000 priority:100 sensor-configuration:1 batch:1 }  | -- on:2 joules:41.20 reward:0.8254
STOKE: Config: 1 - Knobs: {interval:8000 priority:100 sensor-configuration:1 batch:1 }  | -- on:6 joules:44.98 reward:0.8605
STOKE: Config: 2 - Knobs: {interval:5000 priority:100 sensor-configuration:1 batch:1 }  | -- on:36 joules:51.53 reward:0.9213
STOKE: Config: 3 - Knobs: {interval:4000 priority:100 sensor-configuration:1 batch:1 }  | -- on:3 joules:44.25 reward:0.8538
STOKE: Config: 4 - Knobs: {interval:3000 priority:100 sensor-configuration:1 batch:1 }  | -- on:9 joules:57.05 reward:0.9726
STOKE: Config: 5 - Knobs: {interval:2000 priority:100 sensor-configuration:1 batch:1 }  | -- on:1 joules:71.80 reward:0.4452
STOKE: Config: 6 - Knobs: {interval:1000 priority:100 sensor-configuration:1 batch:1 }  | -- on:1 joules:79.80 reward:0.4081
