STOKE: Range:9000 Partition:2250 Middle:5500
==RUN 0==
==ROUND-START==
Bandit Runs:1 Tasks-in-Run:10
Self-Optimizer Rounds:0 Tasks-in-Round:0
Continuous Knob Rounds:Inf Tasks-in-Round:0
STOKE: Start Bat: 0.740000
MAPSME_GPS_RATE: 10000
MAPSME_GPS_PRIORITY: High Accuracy
MAPSME_GPS_BATCH: 1x

MAPSME_GPS_RATE: 10000
MAPSME_GPS_PRIORITY: High Accuracy
MAPSME_GPS_BATCH: 1x

MAPSME_GPS_RATE: 10000
MAPSME_GPS_PRIORITY: High Accuracy
MAPSME_GPS_BATCH: 1x

ETask 1: Configuration:0 Energy:0.0 Power:0.0 Reward:34.675738864898996 Time:32507 TotalReward:34.675738864898996
ETask 2: Configuration:1 Energy:0.0 Power:0.0 Reward:37.515242813076 Time:32614 TotalReward:72.190981677975
ETask 3: Configuration:2 Energy:0.0 Power:0.0 Reward:93.699657622125 Time:32625 TotalReward:165.89063930010002
ETask 4: Configuration:3 Energy:0.0 Power:0.0 Reward:72.844119450876 Time:32631 TotalReward:238.73475875097603
ETask 5: Configuration:4 Energy:0.0 Power:0.0 Reward:73.473679497812 Time:32546 TotalReward:312.208438248788
ETask 6: Configuration:3 Energy:0.0 Power:0.0 Reward:43.08183719488 Time:32560 TotalReward:355.290275443668
ETask 7: Configuration:3 Energy:0.0 Power:0.0 Reward:69.95001001665601 Time:32508 TotalReward:425.240285460324
ETask 8: Configuration:3 Energy:0.0 Power:0.0 Reward:83.30675108316 Time:32514 TotalReward:508.547036543484
ETask 9: Configuration:3 Energy:0.0 Power:0.0 Reward:92.03715358637798 Time:32513 TotalReward:600.584190129862
ETask 10: Configuration:3 Energy:0.0 Power:0.0 Reward:69.105713843056 Time:32506 TotalReward:669.689903972918
ETask 11: Configuration:3 Energy:0.0 Power:0.0 Reward:36.88744786188 Time:32515 TotalReward:706.577351834798
STOKE: jouleRange: 6.74
STOKE: Tightening intervals
STOKE: Config: 0 - Knobs: {interval:10000 priority:100 sensor-configuration:1 batch:1 }  | -- on:1 joules:34.68 reward:0.8198
STOKE: Config: 1 - Knobs: {interval:7750 priority:100 sensor-configuration:1 batch:1 }  | -- on:1 joules:37.52 reward:0.8400
STOKE: Config: 2 - Knobs: {interval:5500 priority:100 sensor-configuration:1 batch:1 }  | -- on:1 joules:93.70 reward:0.7602
STOKE: Config: 3 - Knobs: {interval:3250 priority:100 sensor-configuration:1 batch:1 }  | -- on:7 joules:66.74 reward:0.9520
STOKE: Config: 4 - Knobs: {interval:1000 priority:100 sensor-configuration:1 batch:1 }  | -- on:1 joules:73.47 reward:0.9041
==ROUND-END==
STOKE: Range:4500 Partition:1125 Middle:3250
STOKE: Config: 0 - Knobs: {interval:5500 priority:100 sensor-configuration:1 batch:1 }  | -- on:0 joules:NaN reward:NaN
STOKE: Config: 1 - Knobs: {interval:4375 priority:100 sensor-configuration:1 batch:1 }  | -- on:0 joules:NaN reward:NaN
STOKE: Config: 2 - Knobs: {interval:3250 priority:100 sensor-configuration:1 batch:1 }  | -- on:0 joules:NaN reward:NaN
STOKE: Config: 3 - Knobs: {interval:2125 priority:100 sensor-configuration:1 batch:1 }  | -- on:0 joules:NaN reward:NaN
STOKE: Config: 4 - Knobs: {interval:1000 priority:100 sensor-configuration:1 batch:1 }  | -- on:0 joules:NaN reward:NaN
==ROUND-START==
ETask 1: Configuration:0 Energy:0.0 Power:0.0 Reward:58.509815601380005 Time:32566 TotalReward:58.509815601380005
ETask 2: Configuration:1 Energy:0.0 Power:0.0 Reward:74.27320475025 Time:32545 TotalReward:132.78302035163
ETask 3: Configuration:2 Energy:0.0 Power:0.0 Reward:35.582632132104 Time:32537 TotalReward:168.365652483734
ETask 4: Configuration:3 Energy:0.0 Power:0.0 Reward:70.00139007099 Time:32543 TotalReward:238.367042554724
ETask 5: Configuration:4 Energy:0.0 Power:0.0 Reward:83.722914999648 Time:32546 TotalReward:322.089957554372
ETask 6: Configuration:0 Energy:0.0 Power:0.0 Reward:38.43213112737 Time:32558 TotalReward:360.522088681742
ETask 7: Configuration:3 Energy:0.0 Power:0.0 Reward:70.914829615578 Time:32539 TotalReward:431.43691829732
ETask 8: Configuration:3 Energy:0.0 Power:0.0 Reward:40.64398160679 Time:32506 TotalReward:472.08089990411
ETask 9: Configuration:3 Energy:0.0 Power:0.0 Reward:72.45429897031201 Time:32508 TotalReward:544.535198874422
ETask 10: Configuration:3 Energy:0.0 Power:0.0 Reward:70.492278095235 Time:32507 TotalReward:615.027476969657
ETask 11: Configuration:3 Energy:0.0 Power:0.0 Reward:72.75427505740801 Time:32508 TotalReward:687.781752027065
STOKE: jouleRange: 6.21
STOKE: Tightening intervals
STOKE: Config: 0 - Knobs: {interval:5500 priority:100 sensor-configuration:1 batch:1 }  | -- on:2 joules:48.47 reward:0.9180
STOKE: Config: 1 - Knobs: {interval:4375 priority:100 sensor-configuration:1 batch:1 }  | -- on:1 joules:74.27 reward:0.8984
STOKE: Config: 2 - Knobs: {interval:3250 priority:100 sensor-configuration:1 batch:1 }  | -- on:1 joules:35.58 reward:0.8263
STOKE: Config: 3 - Knobs: {interval:2125 priority:100 sensor-configuration:1 batch:1 }  | -- on:6 joules:66.21 reward:0.9558
STOKE: Config: 4 - Knobs: {interval:1000 priority:100 sensor-configuration:1 batch:1 }  | -- on:1 joules:83.72 reward:0.8312
==ROUND-END==
STOKE: Range:2250 Partition:562 Middle:2125
STOKE: Config: 0 - Knobs: {interval:3249 priority:100 sensor-configuration:1 batch:1 }  | -- on:0 joules:NaN reward:NaN
STOKE: Config: 1 - Knobs: {interval:2687 priority:100 sensor-configuration:1 batch:1 }  | -- on:0 joules:NaN reward:NaN
STOKE: Config: 2 - Knobs: {interval:2125 priority:100 sensor-configuration:1 batch:1 }  | -- on:0 joules:NaN reward:NaN
STOKE: Config: 3 - Knobs: {interval:1563 priority:100 sensor-configuration:1 batch:1 }  | -- on:0 joules:NaN reward:NaN
STOKE: Config: 4 - Knobs: {interval:1001 priority:100 sensor-configuration:1 batch:1 }  | -- on:0 joules:NaN reward:NaN
==ROUND-START==
ETask 1: Configuration:0 Energy:0.0 Power:0.0 Reward:50.343356689984 Time:32567 TotalReward:50.343356689984
ETask 2: Configuration:1 Energy:0.0 Power:0.0 Reward:69.25893917183998 Time:32549 TotalReward:119.60229586182399
ETask 3: Configuration:2 Energy:0.0 Power:0.0 Reward:102.810347274368 Time:32533 TotalReward:222.412643136192
ETask 4: Configuration:3 Energy:0.0 Power:0.0 Reward:85.93036546624 Time:32533 TotalReward:308.343008602432
ETask 5: Configuration:4 Energy:0.0 Power:0.0 Reward:86.15594838528 Time:32545 TotalReward:394.498956987712
ETask 6: Configuration:1 Energy:0.0 Power:0.0 Reward:91.091439751488 Time:32549 TotalReward:485.5903967392
ETask 7: Configuration:0 Energy:0.0 Power:0.0 Reward:39.536144524799994 Time:32550 TotalReward:525.126541264
ETask 8: Configuration:0 Energy:0.0 Power:0.0 Reward:35.149351481125 Time:32515 TotalReward:560.275892745125
ETask 9: Configuration:0 Energy:0.0 Power:0.0 Reward:82.68289703909998 Time:32507 TotalReward:642.958789784225
ETask 10: Configuration:1 Energy:0.0 Power:0.0 Reward:67.40179337385 Time:32542 TotalReward:710.360583158075
ETask 11: Configuration:0 Energy:0.0 Power:0.0 Reward:41.147432802 Time:32550 TotalReward:751.508015960075
ETask 12: Configuration:0 Energy:0.0 Power:0.0 Reward:35.53882604074 Time:32516 TotalReward:787.046842000815
ETask 13: Configuration:0 Energy:0.0 Power:0.0 Reward:67.792963779655 Time:32507 TotalReward:854.83980578047
STOKE: jouleRange: 9.69
STOKE: Widening intervals
STOKE: Config: 0 - Knobs: {interval:3249 priority:100 sensor-configuration:1 batch:1 }  | -- on:7 joules:50.31 reward:0.9311
STOKE: Config: 1 - Knobs: {interval:2687 priority:100 sensor-configuration:1 batch:1 }  | -- on:3 joules:75.92 reward:0.8867
STOKE: Config: 2 - Knobs: {interval:2125 priority:100 sensor-configuration:1 batch:1 }  | -- on:1 joules:102.81 reward:0.6954
STOKE: Config: 3 - Knobs: {interval:1563 priority:100 sensor-configuration:1 batch:1 }  | -- on:1 joules:85.93 reward:0.8155
STOKE: Config: 4 - Knobs: {interval:1001 priority:100 sensor-configuration:1 batch:1 }  | -- on:1 joules:86.16 reward:0.8139
==ROUND-END==
STOKE: Config: 0 - Knobs: {interval:5500 priority:100 sensor-configuration:1 batch:1 }  | -- on:0 joules:NaN reward:NaN
STOKE: Config: 1 - Knobs: {interval:4375 priority:100 sensor-configuration:1 batch:1 }  | -- on:0 joules:NaN reward:NaN
STOKE: Config: 2 - Knobs: {interval:3250 priority:100 sensor-configuration:1 batch:1 }  | -- on:0 joules:NaN reward:NaN
STOKE: Config: 3 - Knobs: {interval:2125 priority:100 sensor-configuration:1 batch:1 }  | -- on:0 joules:NaN reward:NaN
STOKE: Config: 4 - Knobs: {interval:1000 priority:100 sensor-configuration:1 batch:1 }  | -- on:0 joules:NaN reward:NaN
==ROUND-START==
ETask 1: Configuration:0 Energy:0.0 Power:0.0 Reward:33.68836280672999 Time:32558 TotalReward:33.68836280672999
ETask 2: Configuration:1 Energy:0.0 Power:0.0 Reward:79.03053309799999 Time:32560 TotalReward:112.71889590472998
ETask 3: Configuration:2 Energy:0.0 Power:0.0 Reward:36.0485828726 Time:32540 TotalReward:148.76747877732998
ETask 4: Configuration:3 Energy:0.0 Power:0.0 Reward:66.7912755552 Time:32545 TotalReward:215.55875433253
ETask 5: Configuration:4 Energy:0.0 Power:0.0 Reward:68.60898210190499 Time:32547 TotalReward:284.16773643443497
ETask 6: Configuration:3 Energy:0.0 Power:0.0 Reward:68.1345780192 Time:32560 TotalReward:352.30231445363495
ETask 7: Configuration:3 Energy:0.0 Power:0.0 Reward:35.844609839115 Time:32509 TotalReward:388.14692429274993
ETask 8: Configuration:3 Energy:0.0 Power:0.0 Reward:103.58349740707501 Time:32509 TotalReward:491.73042169982494
ETask 9: Configuration:3 Energy:0.0 Power:0.0 Reward:85.01897230029002 Time:32514 TotalReward:576.749394000115
ETask 10: Configuration:4 Energy:0.0 Power:0.0 Reward:83.85493788157498 Time:32541 TotalReward:660.60433188169
ETask 11: Configuration:3 Energy:0.0 Power:0.0 Reward:36.02708599308 Time:32552 TotalReward:696.63141787477
STOKE: jouleRange: 5.90
STOKE: Tightening intervals
STOKE: Config: 0 - Knobs: {interval:5500 priority:100 sensor-configuration:1 batch:1 }  | -- on:1 joules:33.69 reward:0.8128
STOKE: Config: 1 - Knobs: {interval:4375 priority:100 sensor-configuration:1 batch:1 }  | -- on:1 joules:79.03 reward:0.8646
STOKE: Config: 2 - Knobs: {interval:3250 priority:100 sensor-configuration:1 batch:1 }  | -- on:1 joules:36.05 reward:0.8296
STOKE: Config: 3 - Knobs: {interval:2125 priority:100 sensor-configuration:1 batch:1 }  | -- on:6 joules:65.90 reward:0.9580
STOKE: Config: 4 - Knobs: {interval:1000 priority:100 sensor-configuration:1 batch:1 }  | -- on:2 joules:76.23 reward:0.8845
==ROUND-END==
STOKE: Range:2250 Partition:562 Middle:2125
STOKE: Config: 0 - Knobs: {interval:3249 priority:100 sensor-configuration:1 batch:1 }  | -- on:0 joules:NaN reward:NaN
STOKE: Config: 1 - Knobs: {interval:2687 priority:100 sensor-configuration:1 batch:1 }  | -- on:0 joules:NaN reward:NaN
STOKE: Config: 2 - Knobs: {interval:2125 priority:100 sensor-configuration:1 batch:1 }  | -- on:0 joules:NaN reward:NaN
STOKE: Config: 3 - Knobs: {interval:1563 priority:100 sensor-configuration:1 batch:1 }  | -- on:0 joules:NaN reward:NaN
STOKE: Config: 4 - Knobs: {interval:1001 priority:100 sensor-configuration:1 batch:1 }  | -- on:0 joules:NaN reward:NaN
==ROUND-START==
ETask 1: Configuration:0 Energy:0.0 Power:0.0 Reward:35.429614997251996 Time:32543 TotalReward:35.429614997251996
ETask 2: Configuration:1 Energy:0.0 Power:0.0 Reward:49.316518754819995 Time:32555 TotalReward:84.74613375207198
ETask 3: Configuration:2 Energy:0.0 Power:0.0 Reward:69.791371478784 Time:32537 TotalReward:154.53750523085597
ETask 4: Configuration:3 Energy:0.0 Power:0.0 Reward:68.81502975190001 Time:32545 TotalReward:223.35253498275597
ETask 5: Configuration:4 Energy:0.0 Power:0.0 Reward:71.17100542115999 Time:32553 TotalReward:294.52354040391594
ETask 6: Configuration:3 Energy:0.0 Power:0.0 Reward:68.19322678703998 Time:32541 TotalReward:362.7167671909559
ETask 7: Configuration:3 Energy:0.0 Power:0.0 Reward:68.00716459277999 Time:32507 TotalReward:430.7239317837359
ETask 8: Configuration:3 Energy:0.0 Power:0.0 Reward:79.082004569848 Time:32506 TotalReward:509.8059363535839
ETask 9: Configuration:2 Energy:0.0 Power:0.0 Reward:69.735528145616 Time:32563 TotalReward:579.5414644992
ETask 10: Configuration:2 Energy:0.0 Power:0.0 Reward:34.979232408663 Time:32507 TotalReward:614.520696907863
ETask 11: Configuration:2 Energy:0.0 Power:0.0 Reward:68.36247267025801 Time:32509 TotalReward:682.883169578121
ETask 12: Configuration:0 Energy:0.0 Power:0.0 Reward:36.465243677854 Time:32558 TotalReward:719.3484132559751
ETask 13: Configuration:2 Energy:0.0 Power:0.0 Reward:37.98991221142 Time:32540 TotalReward:757.3383254673951
ETask 14: Configuration:0 Energy:0.0 Power:0.0 Reward:52.36634883737399 Time:32538 TotalReward:809.704674304769
ETask 15: Configuration:2 Energy:0.0 Power:0.0 Reward:50.284159630092 Time:32548 TotalReward:859.988833934861
ETask 16: Configuration:2 Energy:0.0 Power:0.0 Reward:117.630150928416 Time:32508 TotalReward:977.618984863277
ETask 17: Configuration:2 Energy:0.0 Power:0.0 Reward:70.11625042422 Time:32506 TotalReward:1047.735235287497
ETask 18: Configuration:2 Energy:0.0 Power:0.0 Reward:68.46819298109999 Time:32510 TotalReward:1116.203428268597
ETask 19: Configuration:2 Energy:0.0 Power:0.0 Reward:36.29322062982 Time:32508 TotalReward:1152.496648898417
STOKE: jouleRange: 2.37
STOKE: Tightening intervals
STOKE: Config: 0 - Knobs: {interval:3249 priority:100 sensor-configuration:1 batch:1 }  | -- on:3 joules:41.42 reward:0.8678
STOKE: Config: 1 - Knobs: {interval:2687 priority:100 sensor-configuration:1 batch:1 }  | -- on:1 joules:49.32 reward:0.9240
STOKE: Config: 2 - Knobs: {interval:2125 priority:100 sensor-configuration:1 batch:1 }  | -- on:10 joules:62.37 reward:0.9832
STOKE: Config: 3 - Knobs: {interval:1563 priority:100 sensor-configuration:1 batch:1 }  | -- on:4 joules:71.02 reward:0.9216
STOKE: Config: 4 - Knobs: {interval:1001 priority:100 sensor-configuration:1 batch:1 }  | -- on:1 joules:71.17 reward:0.9205
==ROUND-END==
STOKE: Range:1124 Partition:281 Middle:2125
STOKE: Config: 0 - Knobs: {interval:2687 priority:100 sensor-configuration:1 batch:1 }  | -- on:0 joules:NaN reward:NaN
STOKE: Config: 1 - Knobs: {interval:2406 priority:100 sensor-configuration:1 batch:1 }  | -- on:0 joules:NaN reward:NaN
STOKE: Config: 2 - Knobs: {interval:2125 priority:100 sensor-configuration:1 batch:1 }  | -- on:0 joules:NaN reward:NaN
STOKE: Config: 3 - Knobs: {interval:1844 priority:100 sensor-configuration:1 batch:1 }  | -- on:0 joules:NaN reward:NaN
STOKE: Config: 4 - Knobs: {interval:1563 priority:100 sensor-configuration:1 batch:1 }  | -- on:0 joules:NaN reward:NaN
==ROUND-START==
ETask 1: Configuration:0 Energy:0.0 Power:0.0 Reward:49.419634446764995 Time:32549 TotalReward:49.419634446764995
ETask 2: Configuration:1 Energy:0.0 Power:0.0 Reward:65.72918231879999 Time:32552 TotalReward:115.14881676556499
ETask 3: Configuration:2 Energy:0.0 Power:0.0 Reward:68.41769608608 Time:32546 TotalReward:183.56651285164497
ETask 4: Configuration:3 Energy:0.0 Power:0.0 Reward:70.158475204488 Time:32551 TotalReward:253.724988056133
ETask 5: Configuration:4 Energy:0.0 Power:0.0 Reward:67.91992132062401 Time:32551 TotalReward:321.644909376757
ETask 6: Configuration:1 Energy:0.0 Power:0.0 Reward:75.9750377408 Time:32560 TotalReward:397.61994711755705
ETask 7: Configuration:4 Energy:0.0 Power:0.0 Reward:67.35007466075201 Time:32551 TotalReward:464.97002177830905
ETask 8: Configuration:4 Energy:0.0 Power:0.0 Reward:68.87129466302399 Time:32507 TotalReward:533.841316441333
ETask 9: Configuration:4 Energy:0.0 Power:0.0 Reward:79.04040371136001 Time:32508 TotalReward:612.881720152693
ETask 10: Configuration:2 Energy:0.0 Power:0.0 Reward:68.491758208064 Time:32561 TotalReward:681.373478360757
ETask 11: Configuration:2 Energy:0.0 Power:0.0 Reward:66.841738061888 Time:32507 TotalReward:748.215216422645
ETask 12: Configuration:2 Energy:0.0 Power:0.0 Reward:43.324568491328 Time:32509 TotalReward:791.539784913973
ETask 13: Configuration:2 Energy:0.0 Power:0.0 Reward:83.28393763452 Time:32510 TotalReward:874.823722548493
ETask 14: Configuration:2 Energy:0.0 Power:0.0 Reward:96.94246987089001 Time:32511 TotalReward:971.7661924193831
ETask 15: Configuration:3 Energy:0.0 Power:0.0 Reward:56.48295321756 Time:32530 TotalReward:1028.249145636943
ETask 16: Configuration:3 Energy:0.0 Power:0.0 Reward:72.053929768608 Time:32506 TotalReward:1100.303075405551
ETask 17: Configuration:3 Energy:0.0 Power:0.0 Reward:68.22948983994002 Time:32505 TotalReward:1168.532565245491
ETask 18: Configuration:3 Energy:0.0 Power:0.0 Reward:68.269600427148 Time:32506 TotalReward:1236.802165672639
ETask 19: Configuration:3 Energy:0.0 Power:0.0 Reward:88.564772459464 Time:32509 TotalReward:1325.3669381321029
ETask 20: Configuration:2 Energy:0.0 Power:0.0 Reward:64.72238912412 Time:32545 TotalReward:1390.0893272562228
ETask 21: Configuration:2 Energy:0.0 Power:0.0 Reward:82.828951177392 Time:32508 TotalReward:1472.9182784336147
ETask 22: Configuration:0 Energy:0.0 Power:0.0 Reward:71.65668319488 Time:32556 TotalReward:1544.5749616284947
ETask 23: Configuration:0 Energy:0.0 Power:0.0 Reward:91.561526017392 Time:32507 TotalReward:1636.1364876458867
ETask 24: Configuration:3 Energy:0.0 Power:0.0 Reward:88.7413806324 Time:32535 TotalReward:1724.8778682782868
ETask 25: Configuration:4 Energy:0.0 Power:0.0 Reward:72.08352988683001 Time:32530 TotalReward:1796.9613981651169
ETask 26: Configuration:1 Energy:0.0 Power:0.0 Reward:81.46629589868 Time:32545 TotalReward:1878.427694063797
ETask 27: Configuration:0 Energy:0.0 Power:0.0 Reward:144.817166712218 Time:32533 TotalReward:2023.244860776015
ETask 28: Configuration:0 Energy:0.0 Power:0.0 Reward:80.95810665003602 Time:32514 TotalReward:2104.202967426051
ETask 29: Configuration:4 Energy:0.0 Power:0.0 Reward:149.480535710044 Time:32537 TotalReward:2253.683503136095
ETask 30: Configuration:2 Energy:0.0 Power:0.0 Reward:92.13302920436999 Time:32547 TotalReward:2345.816532340465
ETask 31: Configuration:3 Energy:0.0 Power:0.0 Reward:93.28125898453601 Time:32548 TotalReward:2439.0977913250013
ETask 32: Configuration:2 Energy:0.0 Power:0.0 Reward:91.55477207817599 Time:32538 TotalReward:2530.6525634031773
ETask 33: Configuration:1 Energy:0.0 Power:0.0 Reward:55.55840029811999 Time:32535 TotalReward:2586.2109637012973
ETask 34: Configuration:1 Energy:0.0 Power:0.0 Reward:72.34270380013999 Time:32507 TotalReward:2658.5536675014373
ETask 35: Configuration:1 Energy:0.0 Power:0.0 Reward:71.766966332376 Time:32508 TotalReward:2730.320633833813
ETask 36: Configuration:1 Energy:0.0 Power:0.0 Reward:127.965067486754 Time:32507 TotalReward:2858.285701320567
ETask 37: Configuration:3 Energy:0.0 Power:0.0 Reward:35.744254970831996 Time:32534 TotalReward:2894.0299562913992
ETask 38: Configuration:3 Energy:0.0 Power:0.0 Reward:72.84948559047899 Time:32513 TotalReward:2966.8794418818784
ETask 39: Configuration:3 Energy:0.0 Power:0.0 Reward:77.15213194045499 Time:32505 TotalReward:3044.0315738223335
ETask 40: Configuration:2 Energy:0.0 Power:0.0 Reward:74.94245307407999 Time:32546 TotalReward:3118.9740268964133
ETask 41: Configuration:3 Energy:0.0 Power:0.0 Reward:76.946610607536 Time:32531 TotalReward:3195.9206375039494
ETask 42: Configuration:3 Energy:0.0 Power:0.0 Reward:74.47394642750399 Time:32513 TotalReward:3270.3945839314533
ETask 43: Configuration:3 Energy:0.0 Power:0.0 Reward:96.99417784584003 Time:32505 TotalReward:3367.3887617772934
ETask 44: Configuration:3 Energy:0.0 Power:0.0 Reward:69.54910337971201 Time:32509 TotalReward:3436.9378651570055
ETask 45: Configuration:3 Energy:0.0 Power:0.0 Reward:73.39425640511999 Time:32515 TotalReward:3510.3321215621254
ETask 46: Configuration:3 Energy:0.0 Power:0.0 Reward:91.91790819306 Time:32509 TotalReward:3602.2500297551856
ETask 47: Configuration:3 Energy:0.0 Power:0.0 Reward:35.065426183119996 Time:32510 TotalReward:3637.3154559383056
ETask 48: Configuration:3 Energy:0.0 Power:0.0 Reward:105.320609883216 Time:32508 TotalReward:3742.6360658215217
ETask 49: Configuration:3 Energy:0.0 Power:0.0 Reward:89.43190461979201 Time:32508 TotalReward:3832.0679704413137
ETask 50: Configuration:3 Energy:0.0 Power:0.0 Reward:88.05033659520002 Time:32508 TotalReward:3920.1183070365137
ETask 51: Configuration:2 Energy:0.0 Power:0.0 Reward:44.466398590464 Time:32544 TotalReward:3964.5847056269777
ETask 52: Configuration:2 Energy:0.0 Power:0.0 Reward:32.968077550208 Time:32504 TotalReward:3997.5527831771856
Hit safety!
ERROR: We got 'done' signal before finishing experiment!
ERun: Time:3858172
==END-RUN 0==
STOKE: Config: 0 - Knobs: {interval:2687 priority:100 sensor-configuration:1 batch:1 }  | -- on:5 joules:87.68 reward:0.8726
STOKE: Config: 1 - Knobs: {interval:2406 priority:100 sensor-configuration:1 batch:1 }  | -- on:7 joules:78.69 reward:0.9140
STOKE: Config: 2 - Knobs: {interval:2125 priority:100 sensor-configuration:1 batch:1 }  | -- on:13 joules:70.07 reward:0.9536
STOKE: Config: 3 - Knobs: {interval:1844 priority:100 sensor-configuration:1 batch:1 }  | -- on:21 joules:75.84 reward:0.9271
STOKE: Config: 4 - Knobs: {interval:1563 priority:100 sensor-configuration:1 batch:1 }  | -- on:6 joules:84.12 reward:0.8889
